15:46:25.103 [main                     ] DEBUG Logger               - Configured Logger
15:46:25.107 [main                     ] DEBUG GameApplication      - Logging settings
Title: BOMBERMAN
Version: 1.0
Width: 624
Height: 624
Fullscreen: true
Intro: false
Profiling: false
Single step:false
App Mode: DEVELOPER
Menu Key: ESCAPE
Stage Style: DECORATED
Scene Factory: class com.almasb.fxgl.app.scene.SceneFactory

15:46:25.574 [JavaFX Application Thread] DEBUG FXGLApplication      - Initializing FXGL
15:46:25.576 [JavaFX Application Thread] INFO  Engine               - FXGL-11.17 (16.07.2021 15.46) on WINDOWS (J:11.0.16.1 FX:16)
15:46:25.577 [JavaFX Application Thread] DEBUG Engine               - JRE Vendor Name: Oracle Corporation
15:46:25.577 [JavaFX Application Thread] DEBUG Engine               - Running on OS: Windows 11 version 10.0
15:46:25.577 [JavaFX Application Thread] DEBUG Engine               - Architecture: amd64
15:46:25.578 [JavaFX Application Thread] INFO  Engine               - Source code and latest versions at: https://github.com/AlmasB/FXGL
15:46:25.578 [JavaFX Application Thread] INFO  Engine               -              Join the FXGL chat at: https://gitter.im/AlmasB/FXGL
15:46:25.703 [JavaFX Application Thread] DEBUG PrimaryStageWindow   - Creating a JavaFX scene
15:46:25.775 [JavaFX Application Thread] DEBUG PrimaryStageWindow   - Target settings size: 624.0 x 624.0
15:46:25.775 [JavaFX Application Thread] DEBUG PrimaryStageWindow   - Scaled scene size:    624.0 x 624.0
15:46:25.775 [JavaFX Application Thread] DEBUG PrimaryStageWindow   - Scaled ratio: (1.0, 1.0)
15:46:25.776 [JavaFX Application Thread] DEBUG PrimaryStageWindow   - Set initial scene to FXGLStartupScene
15:46:25.787 [JavaFX Application Thread] DEBUG PrimaryStageWindow   - Opening main window
15:46:25.884 [JavaFX Application Thread] DEBUG PrimaryStageWindow   - Window border size: (13.0, 35.5)
15:46:25.884 [JavaFX Application Thread] DEBUG PrimaryStageWindow   - Scaled size: 624.0 x 624.0
15:46:25.885 [JavaFX Application Thread] DEBUG PrimaryStageWindow   - Scaled ratio: (1.0, 1.0)
15:46:25.885 [JavaFX Application Thread] DEBUG PrimaryStageWindow   - Scene size: 624.0 x 624.0
15:46:25.885 [JavaFX Application Thread] DEBUG PrimaryStageWindow   - Stage size: 637.0 x 659.5
15:46:25.899 [FXGL Background Thread 1 ] DEBUG Engine               - Initializing environment variables
15:46:25.990 [FXGL Background Thread 1 ] DEBUG FXGLAssetLoaderServi - User app class for loading assets: class Bomberman.BombermanGame
15:46:25.990 [FXGL Background Thread 1 ] DEBUG GameApplicationServi - Applying CSS: fxgl_dark.css
15:46:25.991 [FXGL Background Thread 1 ] DEBUG FXGLAssetLoaderServi - Loading from file system: jar:file:/C:/Users/Admin/.m2/repository/com/github/almasb/fxgl/11.17/fxgl-11.17.jar!/fxglassets/ui/css/fxgl_dark.css
15:46:26.046 [FXGL Background Thread 1 ] DEBUG GameApplicationServi - Initializing application scenes
15:46:26.096 [FXGL Background Thread 1 ] DEBUG GameWorld            - Game world initialized
15:46:26.158 [FXGL Background Thread 1 ] DEBUG PhysicsWorld         - Physics world initialized: appHeight=624, physics.ppm=50.0
15:46:26.159 [FXGL Background Thread 1 ] DEBUG PhysicsWorld         - Using strategy: BRUTE_FORCE
15:46:26.161 [FXGL Background Thread 1 ] DEBUG GameScene            - Game scene initialized: 624x624
15:46:26.174 [FXGL Background Thread 1 ] WARN  FXGL.DefaultMenu     - FXGLDefaultMenu is not designed for resolutions < 800x600
15:46:26.174 [FXGL Background Thread 1 ] DEBUG FXGL.DefaultMenu     - createMenuBodyGameMenu()
15:46:26.191 [FXGL Background Thread 1 ] DEBUG FXGL.DefaultMenu     - createOptionsMenu()
15:46:26.200 [FXGL Background Thread 1 ] DEBUG FXGLAssetLoaderServi - Loading from file system: jar:file:/C:/Users/Admin/.m2/repository/com/github/almasb/fxgl/11.17/fxgl-11.17.jar!/fxglassets/textures/particles/smoke.png
15:46:26.299 [FXGL Background Thread 1 ] DEBUG FXGLAssetLoaderServi - Loading from file system: jar:file:/C:/Users/Admin/.m2/repository/com/github/almasb/fxgl/11.17/fxgl-11.17.jar!/fxglassets/textures/particles/trace_horizontal.png
15:46:26.334 [FXGL Background Thread 1 ] DEBUG GameApplicationServi - Application scenes initialized
15:46:26.347 [FXGL Background Thread 1 ] DEBUG SystemBundleService  - Loading FXGL system data
15:46:26.352 [FXGL Background Thread 1 ] DEBUG FileSystemAccess     - Reading from: C:\Users\Admin\Desktop\Bomberman\system\fxgl.bundle
15:46:26.359 [FXGL Background Thread 1 ] DEBUG SystemBundleService  - Bundle FXGL: {}
15:46:26.359 [FXGL Background Thread 1 ] DEBUG UpdaterService       - Checking for updates
15:46:26.363 [FXGL Background Thread 4 ] DEBUG FXGLApplication      - Loading fonts
15:46:26.364 [FXGL Background Thread 4 ] DEBUG FXGLAssetLoaderServi - Loading from file system: jar:file:/C:/Users/Admin/.m2/repository/com/github/almasb/fxgl/11.17/fxgl-11.17.jar!/fxglassets/ui/fonts/VarelaRound-Regular.ttf
15:46:26.364 [FXGL Background Thread 1 ] DEBUG FXGLApplication      - Loading default localization
15:46:26.365 [FXGL Background Thread 1 ] DEBUG FXGLAssetLoaderServi - Loading from file system: jar:file:/C:/Users/Admin/.m2/repository/com/github/almasb/fxgl/11.17/fxgl-11.17.jar!/fxglassets/languages/english.lang
15:46:26.382 [FXGL Background Thread 1 ] INFO  FXGLApplication      - FXGL initialization took: 0.483 sec
15:46:26.396 [JavaFX Application Thread] DEBUG Input                - Registered new binding: Move Left - A
15:46:26.396 [JavaFX Application Thread] DEBUG Input                - Registered new binding: Move Right - D
15:46:26.396 [JavaFX Application Thread] DEBUG Input                - Registered new binding: Move Up - W
15:46:26.397 [JavaFX Application Thread] DEBUG Input                - Registered new binding: Move Down - S
15:46:26.397 [JavaFX Application Thread] DEBUG Input                - Registered new binding: Place Bomb - Space
15:46:26.397 [JavaFX Application Thread] DEBUG Input                - Registered new binding: Switch to classic bomb - 1
15:46:26.397 [JavaFX Application Thread] DEBUG Input                - Registered new binding: Switch to lazer bomb - 2
15:46:26.397 [JavaFX Application Thread] DEBUG Input                - Registered new binding: Switch to light bomb - 3
15:46:26.398 [JavaFX Application Thread] DEBUG Input                - Registered new binding: Exit game - Esc
15:46:26.655 [FXGL Background Thread 4 ] DEBUG FXGLAssetLoaderServi - Loading from file system: jar:file:/C:/Users/Admin/.m2/repository/com/github/almasb/fxgl/11.17/fxgl-11.17.jar!/fxglassets/ui/fonts/Abel-Regular.ttf
15:46:26.660 [FXGL Background Thread 4 ] DEBUG FXGLAssetLoaderServi - Loading from file system: jar:file:/C:/Users/Admin/.m2/repository/com/github/almasb/fxgl/11.17/fxgl-11.17.jar!/fxglassets/ui/fonts/lucida_console.ttf
15:46:26.664 [FXGL Background Thread 4 ] DEBUG FXGLAssetLoaderServi - Loading from file system: jar:file:/C:/Users/Admin/.m2/repository/com/github/almasb/fxgl/11.17/fxgl-11.17.jar!/fxglassets/ui/fonts/Courier-Prime.ttf
15:46:27.080 [FXGL Background Thread 2 ] INFO  UpdaterService       - Your current version:  11.17
15:46:27.080 [FXGL Background Thread 2 ] INFO  UpdaterService       - Latest stable version: 17.2
15:46:27.566 [JavaFX Application Thread] DEBUG LoopRunner           - Stopping loop
15:46:27.566 [JavaFX Application Thread] DEBUG LoopRunner           - Initializing JavaFX AnimationTimerLoop
15:46:27.568 [JavaFX Application Thread] FATAL FXGLApplication      - Uncaught Exception:
java.lang.RuntimeException: java.net.BindException: Address already in use: Cannot bind
	at Bomberman.net.GameServer.<init>(GameServer.java:28)
	at Bomberman.BombermanGame.onPreInit(BombermanGame.java:82)
	at com.almasb.fxgl.app.FXGLApplication$GameApplicationService.onMainLoopStarting(FXGLApplication.kt:530)
	at com.almasb.fxgl.app.Engine.startLoop(Engine.kt:149)
	at com.almasb.fxgl.app.FXGLApplication.startImpl$lambda-3(FXGLApplication.kt:145)
	at com.almasb.fxgl.core.concurrent.IOTask.succeed(IOTask.java:164)
	at com.almasb.fxgl.core.concurrent.IOTask$1.succeeded(IOTask.java:153)
	at javafx.concurrent.Task.setState(Task.java:726)
	at javafx.concurrent.Task$TaskCallable.lambda$call$1(Task.java:1436)
	at com.sun.javafx.application.PlatformImpl.lambda$runLater$10(PlatformImpl.java:447)
	at java.base/java.security.AccessController.doPrivileged(Native Method)
	at com.sun.javafx.application.PlatformImpl.lambda$runLater$11(PlatformImpl.java:446)
	at com.sun.glass.ui.InvokeLaterDispatcher$Future.run(InvokeLaterDispatcher.java:96)
	at com.sun.glass.ui.win.WinApplication._runLoop(Native Method)
	at com.sun.glass.ui.win.WinApplication.lambda$runLoop$3(WinApplication.java:174)
	at java.base/java.lang.Thread.run(Thread.java:834)
Caused by: java.net.BindException: Address already in use: Cannot bind
	at java.base/java.net.DualStackPlainDatagramSocketImpl.socketBind(Native Method)
	at java.base/java.net.DualStackPlainDatagramSocketImpl.bind0(DualStackPlainDatagramSocketImpl.java:84)
	at java.base/java.net.AbstractPlainDatagramSocketImpl.bind(AbstractPlainDatagramSocketImpl.java:135)
	at java.base/java.net.DatagramSocket.bind(DatagramSocket.java:394)
	at java.base/java.net.DatagramSocket.<init>(DatagramSocket.java:244)
	at java.base/java.net.DatagramSocket.<init>(DatagramSocket.java:301)
	at java.base/java.net.DatagramSocket.<init>(DatagramSocket.java:273)
	at Bomberman.net.GameServer.<init>(GameServer.java:26)
	... 15 more

15:46:27.569 [JavaFX Application Thread] FATAL FXGLApplication      - Application will now exit
15:46:27.582 [JavaFX Application Thread] DEBUG PrimaryStageWindow   - Push state: ErrorSubScene
15:46:27.583 [JavaFX Application Thread] DEBUG Input                - Clearing active input actions
15:46:27.589 [JavaFX Application Thread] DEBUG GameApplicationServi - Removing overlay from FXGLStartupScene and adding to ErrorSubScene
15:46:27.589 [JavaFX Application Thread] DEBUG PrimaryStageWindow   - FXGLStartupScene -> ErrorSubScene
15:46:27.589 [JavaFX Application Thread] DEBUG FXGLApplication      - Registering font factories with UI factory
15:46:29.306 [JavaFX Application Thread] DEBUG FXGLApplication      - Exiting FXGL
15:46:29.306 [JavaFX Application Thread] DEBUG Async                - Shutting down background threads
15:46:29.306 [JavaFX Application Thread] DEBUG PrimaryStageWindow   - Closing main window
15:46:29.316 [JavaFX Application Thread] DEBUG Logger               - Closing Logger
