10:33:53.293 [main                     ] DEBUG Logger               - Configured Logger
10:33:53.315 [main                     ] DEBUG GameApplication      - Logging settings
Title: BOMBER
 MAN
Version: 1.0
Width: 1280
Height: 720
Fullscreen: true
Intro: false
Profiling: false
Single step:false
App Mode: DEVELOPER
Menu Key: ESCAPE
Stage Style: DECORATED
Scene Factory: class Bomberman.BombermanGame$1

10:33:53.758 [JavaFX Application Thread] DEBUG FXGLApplication      - Initializing FXGL
10:33:53.762 [JavaFX Application Thread] INFO  Engine               - FXGL-11.17 (16.07.2021 15.46) on WINDOWS (J:11.0.16.1 FX:16)
10:33:53.762 [JavaFX Application Thread] DEBUG Engine               - JRE Vendor Name: Oracle Corporation
10:33:53.763 [JavaFX Application Thread] DEBUG Engine               - Running on OS: Windows 11 version 10.0
10:33:53.763 [JavaFX Application Thread] DEBUG Engine               - Architecture: amd64
10:33:53.763 [JavaFX Application Thread] INFO  Engine               - Source code and latest versions at: https://github.com/AlmasB/FXGL
10:33:53.763 [JavaFX Application Thread] INFO  Engine               -              Join the FXGL chat at: https://gitter.im/AlmasB/FXGL
10:33:53.890 [JavaFX Application Thread] DEBUG PrimaryStageWindow   - Creating a JavaFX scene
10:33:53.952 [JavaFX Application Thread] DEBUG PrimaryStageWindow   - Target settings size: 1280.0 x 720.0
10:33:53.952 [JavaFX Application Thread] DEBUG PrimaryStageWindow   - Scaled scene size:    1280.0 x 720.0
10:33:53.952 [JavaFX Application Thread] DEBUG PrimaryStageWindow   - Scaled ratio: (1.0, 1.0)
10:33:53.953 [JavaFX Application Thread] DEBUG PrimaryStageWindow   - Set initial scene to FXGLStartupScene
10:33:53.963 [JavaFX Application Thread] DEBUG PrimaryStageWindow   - Opening main window
10:33:54.079 [JavaFX Application Thread] DEBUG PrimaryStageWindow   - Window border size: (13.0, 35.5)
10:33:54.080 [JavaFX Application Thread] DEBUG PrimaryStageWindow   - Scaled size: 1280.0 x 720.0
10:33:54.080 [JavaFX Application Thread] DEBUG PrimaryStageWindow   - Scaled ratio: (1.0, 1.0)
10:33:54.080 [JavaFX Application Thread] DEBUG PrimaryStageWindow   - Scene size: 1280.0 x 720.0
10:33:54.081 [JavaFX Application Thread] DEBUG PrimaryStageWindow   - Stage size: 1293.0 x 755.5
10:33:54.092 [FXGL Background Thread 1 ] DEBUG Engine               - Initializing environment variables
10:33:54.184 [FXGL Background Thread 1 ] DEBUG FXGLAssetLoaderServi - User app class for loading assets: class Bomberman.BombermanGame
10:33:54.185 [FXGL Background Thread 1 ] DEBUG GameApplicationServi - Applying CSS: fxgl_dark.css
10:33:54.186 [FXGL Background Thread 1 ] DEBUG FXGLAssetLoaderServi - Loading from file system: jar:file:/C:/Users/Admin/.m2/repository/com/github/almasb/fxgl/11.17/fxgl-11.17.jar!/fxglassets/ui/css/fxgl_dark.css
10:33:54.244 [FXGL Background Thread 1 ] DEBUG GameApplicationServi - Initializing application scenes
10:33:54.301 [FXGL Background Thread 1 ] DEBUG GameWorld            - Game world initialized
10:33:54.375 [FXGL Background Thread 1 ] DEBUG PhysicsWorld         - Physics world initialized: appHeight=720, physics.ppm=50.0
10:33:54.376 [FXGL Background Thread 1 ] DEBUG PhysicsWorld         - Using strategy: BRUTE_FORCE
10:33:54.380 [FXGL Background Thread 1 ] DEBUG GameScene            - Game scene initialized: 1280x720
10:33:54.510 [FXGL Background Thread 1 ] DEBUG GameApplicationServi - Application scenes initialized
10:33:54.521 [FXGL Background Thread 1 ] DEBUG SystemBundleService  - Loading FXGL system data
10:33:54.526 [FXGL Background Thread 1 ] DEBUG FileSystemAccess     - Reading from: C:\Users\Admin\Desktop\Bomberman\system\fxgl.bundle
10:33:54.532 [FXGL Background Thread 1 ] DEBUG SystemBundleService  - Bundle FXGL: {}
10:33:54.532 [FXGL Background Thread 1 ] DEBUG UpdaterService       - Checking for updates
10:33:54.538 [FXGL Background Thread 4 ] DEBUG FXGLApplication      - Loading fonts
10:33:54.538 [FXGL Background Thread 4 ] DEBUG FXGLAssetLoaderServi - Loading from file system: file:/C:/Users/Admin/Desktop/Bomberman/target/classes/assets/ui/fonts/game_font.ttf
10:33:54.538 [FXGL Background Thread 1 ] DEBUG FXGLApplication      - Loading default localization
10:33:54.539 [FXGL Background Thread 1 ] DEBUG FXGLAssetLoaderServi - Loading from file system: jar:file:/C:/Users/Admin/.m2/repository/com/github/almasb/fxgl/11.17/fxgl-11.17.jar!/fxglassets/languages/english.lang
10:33:54.555 [FXGL Background Thread 1 ] INFO  FXGLApplication      - FXGL initialization took: 0.463 sec
10:33:54.571 [JavaFX Application Thread] DEBUG Input                - Registered new binding: Move Left - A
10:33:54.572 [JavaFX Application Thread] DEBUG Input                - Registered new binding: Move Right - D
10:33:54.572 [JavaFX Application Thread] DEBUG Input                - Registered new binding: Move Up - W
10:33:54.572 [JavaFX Application Thread] DEBUG Input                - Registered new binding: Move Down - S
10:33:54.572 [JavaFX Application Thread] DEBUG Input                - Registered new binding: Place Bomb - Space
10:33:54.572 [JavaFX Application Thread] DEBUG Input                - Registered new binding: Switch to classic bomb - 1
10:33:54.573 [JavaFX Application Thread] DEBUG Input                - Registered new binding: Switch to lazer bomb - 2
10:33:54.573 [JavaFX Application Thread] DEBUG Input                - Registered new binding: Switch to light bomb - 3
10:33:54.574 [JavaFX Application Thread] DEBUG FXGLAssetLoaderServi - Loading from file system: file:/C:/Users/Admin/Desktop/Bomberman/target/classes/assets/music/stage_theme.mp3
10:33:54.824 [JavaFX Application Thread] DEBUG AudioPlayer          - Playing music com.almasb.fxgl.audio.Music@2008b8a9
10:33:54.826 [JavaFX Application Thread] DEBUG FXGLAssetLoaderServi - Loading from file system: jar:file:/C:/Users/Admin/.m2/repository/com/github/almasb/fxgl/11.17/fxgl-11.17.jar!/fxglassets/textures/fxgl_icon.png
10:33:54.868 [JavaFX Application Thread] DEBUG FXGLAssetLoaderServi - Loading from file system: jar:file:/C:/Users/Admin/.m2/repository/com/github/almasb/fxgl/11.17/fxgl-11.17.jar!/fxglassets/textures/fxgl_default_cursor.png
10:33:54.874 [JavaFX Application Thread] DEBUG Input                - Registered new binding: Screenshot - CTRL+8
10:33:54.875 [JavaFX Application Thread] DEBUG Input                - Registered new binding: System info dump - CTRL+9
10:33:54.875 [JavaFX Application Thread] DEBUG Input                - Registered new binding: Restart - CTRL+R
10:33:54.877 [JavaFX Application Thread] DEBUG Input                - Registered new binding: Toggle Debug Camera - CTRL+C
10:33:54.881 [JavaFX Application Thread] DEBUG LoopRunner           - Starting loop
10:33:54.881 [JavaFX Application Thread] DEBUG LoopRunner           - Initializing JavaFX AnimationTimerLoop
10:33:54.887 [JavaFX Application Thread] DEBUG Input                - Clearing active input actions
10:33:54.903 [JavaFX Application Thread] DEBUG GameApplicationServi - Removing overlay from FXGLStartupScene and adding to FXGLMainMenuDummyScene
10:33:54.903 [JavaFX Application Thread] DEBUG PrimaryStageWindow   - FXGLStartupScene -> FXGLMainMenuDummyScene
10:33:54.904 [JavaFX Application Thread] DEBUG PrimaryStageWindow   - Push state: MainMenu
10:33:54.904 [JavaFX Application Thread] DEBUG Input                - Clearing active input actions
10:33:54.914 [JavaFX Application Thread] DEBUG GameApplicationServi - Removing overlay from FXGLMainMenuDummyScene and adding to MainMenu
10:33:54.915 [JavaFX Application Thread] DEBUG PrimaryStageWindow   - FXGLMainMenuDummyScene -> MainMenu
10:33:55.051 [FXGL Background Thread 4 ] DEBUG FXGLAssetLoaderServi - Loading from file system: jar:file:/C:/Users/Admin/.m2/repository/com/github/almasb/fxgl/11.17/fxgl-11.17.jar!/fxglassets/ui/fonts/Abel-Regular.ttf
10:33:55.059 [FXGL Background Thread 4 ] DEBUG FXGLAssetLoaderServi - Loading from file system: jar:file:/C:/Users/Admin/.m2/repository/com/github/almasb/fxgl/11.17/fxgl-11.17.jar!/fxglassets/ui/fonts/lucida_console.ttf
10:33:55.069 [FXGL Background Thread 4 ] DEBUG FXGLAssetLoaderServi - Loading from file system: jar:file:/C:/Users/Admin/.m2/repository/com/github/almasb/fxgl/11.17/fxgl-11.17.jar!/fxglassets/ui/fonts/Courier-Prime.ttf
10:33:55.080 [JavaFX Application Thread] DEBUG FXGLApplication      - Registering font factories with UI factory
10:33:55.767 [FXGL Background Thread 2 ] INFO  UpdaterService       - Your current version:  11.17
10:33:55.768 [FXGL Background Thread 2 ] INFO  UpdaterService       - Latest stable version: 17.2
10:33:56.490 [JavaFX Application Thread] DEBUG Menu                 - fireNewGame()
10:33:56.490 [JavaFX Application Thread] DEBUG GameApplicationServi - Starting new game
10:33:56.490 [JavaFX Application Thread] DEBUG PrimaryStageWindow   - Pop state: MainMenu
10:33:56.490 [JavaFX Application Thread] DEBUG Input                - Clearing active input actions
10:33:56.491 [JavaFX Application Thread] DEBUG GameApplicationServi - Removing overlay from MainMenu and adding to FXGLMainMenuDummyScene
10:33:56.491 [JavaFX Application Thread] DEBUG PrimaryStageWindow   - FXGLMainMenuDummyScene <- MainMenu
10:33:56.491 [JavaFX Application Thread] DEBUG Input                - Clearing active input actions
10:33:56.496 [JavaFX Application Thread] DEBUG GameApplicationServi - Removing overlay from FXGLMainMenuDummyScene and adding to FXGLLoadingScene
10:33:56.497 [JavaFX Application Thread] DEBUG PrimaryStageWindow   - FXGLMainMenuDummyScene -> FXGLLoadingScene
10:33:56.497 [JavaFX Application Thread] DEBUG GameApplicationServi - Clearing previous game
10:33:56.497 [JavaFX Application Thread] DEBUG GameScene            - Clearing game scene
10:33:56.497 [JavaFX Application Thread] DEBUG GameWorld            - Clearing game world
10:33:56.497 [JavaFX Application Thread] DEBUG PhysicsWorld         - Clearing physics world
10:33:56.498 [FXGL Background Thread 2 ] DEBUG FXGLApplication      - Initializing game
10:33:56.514 [FXGL Background Thread 2 ] DEBUG FXGLAssetLoaderServi - Loading from file system: file:/C:/Users/Admin/Desktop/Bomberman/target/classes/assets/textures/wall.png
10:33:56.577 [FXGL Background Thread 2 ] DEBUG FXGLAssetLoaderServi - Loading from file system: file:/C:/Users/Admin/Desktop/Bomberman/target/classes/assets/textures/player_die.png
10:33:56.580 [FXGL Background Thread 2 ] DEBUG FXGLAssetLoaderServi - Loading from file system: file:/C:/Users/Admin/Desktop/Bomberman/target/classes/assets/textures/player_down.png
10:33:56.582 [FXGL Background Thread 2 ] DEBUG FXGLAssetLoaderServi - Loading from file system: file:/C:/Users/Admin/Desktop/Bomberman/target/classes/assets/textures/player_right.png
10:33:56.583 [FXGL Background Thread 2 ] DEBUG FXGLAssetLoaderServi - Loading from file system: file:/C:/Users/Admin/Desktop/Bomberman/target/classes/assets/textures/player_up.png
10:33:56.584 [FXGL Background Thread 2 ] DEBUG FXGLAssetLoaderServi - Loading from file system: file:/C:/Users/Admin/Desktop/Bomberman/target/classes/assets/textures/player_left.png
10:33:56.592 [FXGL Background Thread 2 ] DEBUG FXGLAssetLoaderServi - Loading from file system: file:/C:/Users/Admin/Desktop/Bomberman/target/classes/assets/textures/powerup_bombs.png
10:33:56.595 [FXGL Background Thread 2 ] DEBUG FXGLAssetLoaderServi - Loading from file system: file:/C:/Users/Admin/Desktop/Bomberman/target/classes/assets/textures/brick.png
10:33:56.596 [FXGL Background Thread 2 ] DEBUG FXGLAssetLoaderServi - Loading from file system: file:/C:/Users/Admin/Desktop/Bomberman/target/classes/assets/textures/brick_break.png
10:33:56.601 [FXGL Background Thread 2 ] DEBUG FXGLAssetLoaderServi - Loading from file system: file:/C:/Users/Admin/Desktop/Bomberman/target/classes/assets/textures/enemy1.png
10:33:56.613 [FXGL Background Thread 2 ] DEBUG FXGLAssetLoaderServi - Loading from file system: file:/C:/Users/Admin/Desktop/Bomberman/target/classes/assets/textures/enemy2.png
10:33:56.643 [FXGL Background Thread 2 ] DEBUG FXGLAssetLoaderServi - Loading from file system: file:/C:/Users/Admin/Desktop/Bomberman/target/classes/assets/textures/portal.png
10:33:56.695 [FXGL Background Thread 2 ] DEBUG FXGLAssetLoaderServi - Loading from file system: file:/C:/Users/Admin/Desktop/Bomberman/target/classes/assets/textures/powerup_flames.png
10:33:56.749 [FXGL Background Thread 2 ] DEBUG FXGLAssetLoaderServi - Loading from file system: file:/C:/Users/Admin/Desktop/Bomberman/target/classes/assets/textures/powerup_speed.png
10:33:56.777 [FXGL Background Thread 2 ] INFO  FXGLApplication      - Game initialization took: 0.279 sec
10:33:56.777 [JavaFX Application Thread] DEBUG Input                - Clearing active input actions
10:33:56.796 [JavaFX Application Thread] DEBUG GameApplicationServi - Removing overlay from FXGLLoadingScene and adding to GameScene
10:33:56.796 [JavaFX Application Thread] DEBUG PrimaryStageWindow   - FXGLLoadingScene -> GameScene
10:33:56.802 [JavaFX Application Thread] DEBUG FXGLAssetLoaderServi - Loading from file system: file:/C:/Users/Admin/Desktop/Bomberman/target/classes/assets/sounds/stage_start.wav
10:33:56.818 [JavaFX Application Thread] DEBUG PrimaryStageWindow   - Push state: StageStartScene
10:33:56.819 [JavaFX Application Thread] DEBUG Input                - Clearing active input actions
10:33:56.819 [JavaFX Application Thread] DEBUG GameApplicationServi - Removing overlay from GameScene and adding to StageStartScene
10:33:56.819 [JavaFX Application Thread] DEBUG PrimaryStageWindow   - GameScene -> StageStartScene
10:33:57.537 [FXGL Background Thread 3 ] DEBUG Engine               - Logging environment variables
10:33:57.537 [FXGL Background Thread 3 ] DEBUG Engine               - achievements: []
10:33:57.537 [FXGL Background Thread 3 ] DEBUG Engine               - actualHeight: 720.0
10:33:57.538 [FXGL Background Thread 3 ] DEBUG Engine               - actualHeightProperty: ReadOnlyDoubleProperty [value: 720.0]
10:33:57.538 [FXGL Background Thread 3 ] DEBUG Engine               - actualWidth: 1280.0
10:33:57.538 [FXGL Background Thread 3 ] DEBUG Engine               - actualWidthProperty: ReadOnlyDoubleProperty [value: 1280.0]
10:33:57.538 [FXGL Background Thread 3 ] DEBUG Engine               - appIcon: fxgl_icon.png
10:33:57.538 [FXGL Background Thread 3 ] DEBUG Engine               - applicationMode: DEVELOPER
10:33:57.538 [FXGL Background Thread 3 ] DEBUG Engine               - cSSList: [fxgl_dark.css]
10:33:57.538 [FXGL Background Thread 3 ] DEBUG Engine               - collisionDetectionStrategy: BRUTE_FORCE
10:33:57.538 [FXGL Background Thread 3 ] DEBUG Engine               - configClass: Optional.empty
10:33:57.538 [FXGL Background Thread 3 ] DEBUG Engine               - credits: []
10:33:57.538 [FXGL Background Thread 3 ] DEBUG Engine               - defaultCursor: CursorInfo(imageName=fxgl_default_cursor.png, hotspotX=7.0, hotspotY=6.0)
10:33:57.538 [FXGL Background Thread 3 ] DEBUG Engine               - devBBoxColorProperty: ObjectProperty [value: 0xff0000ff]
10:33:57.538 [FXGL Background Thread 3 ] DEBUG Engine               - devEnableDebugCameraProperty: BooleanProperty [value: false]
10:33:57.538 [FXGL Background Thread 3 ] DEBUG Engine               - devSensorColorProperty: ObjectProperty [value: 0xffff00ff]
10:33:57.538 [FXGL Background Thread 3 ] DEBUG Engine               - devShowBBoxProperty: BooleanProperty [value: false]
10:33:57.538 [FXGL Background Thread 3 ] DEBUG Engine               - devShowPositionProperty: BooleanProperty [value: false]
10:33:57.539 [FXGL Background Thread 3 ] DEBUG Engine               - enabledMenuItems: []
10:33:57.539 [FXGL Background Thread 3 ] DEBUG Engine               - engineServices: [class com.almasb.fxgl.app.services.FXGLAssetLoaderService, class com.almasb.fxgl.app.FXGLApplication$GameApplicationService, class com.almasb.fxgl.app.services.FXGLDialogService, class com.almasb.fxgl.app.services.IOTaskExecutorService, class com.almasb.fxgl.io.FileSystemService, class com.almasb.fxgl.localization.LocalizationService, class com.almasb.fxgl.app.services.SystemBundleService, class com.almasb.fxgl.profile.SaveLoadService, class com.almasb.fxgl.ui.FXGLUIFactoryServiceProvider, class com.almasb.fxgl.ui.FXGLDialogFactoryServiceProvider, class com.almasb.fxgl.audio.AudioPlayer, class com.almasb.fxgl.notification.impl.NotificationServiceProvider, class com.almasb.fxgl.achievement.AchievementService, class com.almasb.fxgl.cutscene.CutsceneService, class com.almasb.fxgl.minigames.MiniGameService, class com.almasb.fxgl.net.NetService, class com.almasb.fxgl.app.services.UpdaterService, class com.almasb.fxgl.dev.DevService]
10:33:57.539 [FXGL Background Thread 3 ] DEBUG Engine               - fontGame: Abel-Regular.ttf
10:33:57.539 [FXGL Background Thread 3 ] DEBUG Engine               - fontMono: lucida_console.ttf
10:33:57.539 [FXGL Background Thread 3 ] DEBUG Engine               - fontText: Courier-Prime.ttf
10:33:57.539 [FXGL Background Thread 3 ] DEBUG Engine               - fontUI: game_font.ttf
10:33:57.539 [FXGL Background Thread 3 ] DEBUG Engine               - fullScreen: BooleanProperty [value: false]
10:33:57.539 [FXGL Background Thread 3 ] DEBUG Engine               - gameDifficulty: MEDIUM
10:33:57.539 [FXGL Background Thread 3 ] DEBUG Engine               - gameDifficultyProperty: ObjectProperty [value: MEDIUM]
10:33:57.539 [FXGL Background Thread 3 ] DEBUG Engine               - globalMusicVolume: 0.5
10:33:57.539 [FXGL Background Thread 3 ] DEBUG Engine               - globalMusicVolumeProperty: DoubleProperty [value: 0.0]
10:33:57.539 [FXGL Background Thread 3 ] DEBUG Engine               - globalSoundVolume: 0.5
10:33:57.539 [FXGL Background Thread 3 ] DEBUG Engine               - globalSoundVolumeProperty: DoubleProperty [value: 0.5]
10:33:57.539 [FXGL Background Thread 3 ] DEBUG Engine               - height: 720
10:33:57.539 [FXGL Background Thread 3 ] DEBUG Engine               - is3D: false
10:33:57.539 [FXGL Background Thread 3 ] DEBUG Engine               - isAndroid: false
10:33:57.539 [FXGL Background Thread 3 ] DEBUG Engine               - isBrowser: false
10:33:57.539 [FXGL Background Thread 3 ] DEBUG Engine               - isClickFeedbackEnabled: false
10:33:57.539 [FXGL Background Thread 3 ] DEBUG Engine               - isCloseConfirmation: false
10:33:57.539 [FXGL Background Thread 3 ] DEBUG Engine               - isDesktop: true
10:33:57.539 [FXGL Background Thread 3 ] DEBUG Engine               - isDeveloperMenuEnabled: false
10:33:57.539 [FXGL Background Thread 3 ] DEBUG Engine               - isEntityPreloadEnabled: true
10:33:57.539 [FXGL Background Thread 3 ] DEBUG Engine               - isExperimentalTiledLargeMap: false
10:33:57.539 [FXGL Background Thread 3 ] DEBUG Engine               - isFileSystemWriteAllowed: true
10:33:57.539 [FXGL Background Thread 3 ] DEBUG Engine               - isFullScreenAllowed: true
10:33:57.539 [FXGL Background Thread 3 ] DEBUG Engine               - isFullScreenFromStart: false
10:33:57.539 [FXGL Background Thread 3 ] DEBUG Engine               - isGameMenuEnabled: true
10:33:57.539 [FXGL Background Thread 3 ] DEBUG Engine               - isIOS: false
10:33:57.539 [FXGL Background Thread 3 ] DEBUG Engine               - isIntroEnabled: false
10:33:57.539 [FXGL Background Thread 3 ] DEBUG Engine               - isLinux: false
10:33:57.539 [FXGL Background Thread 3 ] DEBUG Engine               - isMac: false
10:33:57.539 [FXGL Background Thread 3 ] DEBUG Engine               - isMainMenuEnabled: true
10:33:57.540 [FXGL Background Thread 3 ] DEBUG Engine               - isManualResizeEnabled: false
10:33:57.540 [FXGL Background Thread 3 ] DEBUG Engine               - isMobile: false
10:33:57.540 [FXGL Background Thread 3 ] DEBUG Engine               - isNative: false
10:33:57.540 [FXGL Background Thread 3 ] DEBUG Engine               - isPauseMusicWhenMinimized: true
10:33:57.540 [FXGL Background Thread 3 ] DEBUG Engine               - isPreserveResizeRatio: false
10:33:57.540 [FXGL Background Thread 3 ] DEBUG Engine               - isProfilingEnabled: false
10:33:57.540 [FXGL Background Thread 3 ] DEBUG Engine               - isScaleAffectedOnResize: true
10:33:57.540 [FXGL Background Thread 3 ] DEBUG Engine               - isSingleStep: false
10:33:57.540 [FXGL Background Thread 3 ] DEBUG Engine               - isUserProfileEnabled: false
10:33:57.540 [FXGL Background Thread 3 ] DEBUG Engine               - isWindows: true
10:33:57.540 [FXGL Background Thread 3 ] DEBUG Engine               - language: ObjectProperty [value: ENGLISH]
10:33:57.540 [FXGL Background Thread 3 ] DEBUG Engine               - menuKey: ESCAPE
10:33:57.540 [FXGL Background Thread 3 ] DEBUG Engine               - mouseSensitivity: 0.2
10:33:57.540 [FXGL Background Thread 3 ] DEBUG Engine               - notificationViewClass: class com.almasb.fxgl.notification.view.XboxNotificationView
10:33:57.540 [FXGL Background Thread 3 ] DEBUG Engine               - pixelsPerMeter: 50.0
10:33:57.540 [FXGL Background Thread 3 ] DEBUG Engine               - platform: WINDOWS
10:33:57.540 [FXGL Background Thread 3 ] DEBUG Engine               - prefHeightProperty: ReadOnlyDoubleProperty [value: 720.0]
10:33:57.540 [FXGL Background Thread 3 ] DEBUG Engine               - prefWidthProperty: ReadOnlyDoubleProperty [value: 1280.0]
10:33:57.540 [FXGL Background Thread 3 ] DEBUG Engine               - profileDir: profiles/
10:33:57.540 [FXGL Background Thread 3 ] DEBUG Engine               - profileName: StringProperty [value: DEFAULT]
10:33:57.540 [FXGL Background Thread 3 ] DEBUG Engine               - randomSeed: -1
10:33:57.540 [FXGL Background Thread 3 ] DEBUG Engine               - runtimeInfo: RuntimeInfo(platform=WINDOWS, version=11.17, build=16.07.2021 15.46)
10:33:57.540 [FXGL Background Thread 3 ] DEBUG Engine               - saveFileExt: sav
10:33:57.540 [FXGL Background Thread 3 ] DEBUG Engine               - scaledHeightProp$fxgl: DoubleProperty [bound, value: 720.0]
10:33:57.540 [FXGL Background Thread 3 ] DEBUG Engine               - scaledWidthProp$fxgl: DoubleProperty [bound, value: 1280.0]
10:33:57.540 [FXGL Background Thread 3 ] DEBUG Engine               - sceneFactory: Bomberman.BombermanGame$1@393de799
10:33:57.540 [FXGL Background Thread 3 ] DEBUG Engine               - secondsIn24h: 60
10:33:57.540 [FXGL Background Thread 3 ] DEBUG Engine               - soundMenuBack: menu/back.wav
10:33:57.540 [FXGL Background Thread 3 ] DEBUG Engine               - soundMenuPress: menu/press.wav
10:33:57.540 [FXGL Background Thread 3 ] DEBUG Engine               - soundMenuSelect: menu/select.wav
10:33:57.540 [FXGL Background Thread 3 ] DEBUG Engine               - soundNotification: core/notification.wav
10:33:57.540 [FXGL Background Thread 3 ] DEBUG Engine               - stageStyle: DECORATED
10:33:57.540 [FXGL Background Thread 3 ] DEBUG Engine               - supportedLanguages: [ENGLISH, FRENCH, GERMAN, HUNGARIAN, RUSSIAN]
10:33:57.540 [FXGL Background Thread 3 ] DEBUG Engine               - ticksPerSecond: -1
10:33:57.540 [FXGL Background Thread 3 ] DEBUG Engine               - title: BOMBER
 MAN
10:33:57.540 [FXGL Background Thread 3 ] DEBUG Engine               - urlGithub: https://github.com/AlmasB/FXGL
10:33:57.540 [FXGL Background Thread 3 ] DEBUG Engine               - urlLeaderboard: http://fxgl-top.herokuapp.com/
10:33:57.541 [FXGL Background Thread 3 ] DEBUG Engine               - urlPOM: https://raw.githubusercontent.com/AlmasB/FXGL/release/README.md
10:33:57.541 [FXGL Background Thread 3 ] DEBUG Engine               - userAppClass: class Bomberman.BombermanGame
10:33:57.541 [FXGL Background Thread 3 ] DEBUG Engine               - version: 1.0
10:33:57.541 [FXGL Background Thread 3 ] DEBUG Engine               - versionCheckDays: 7
10:33:57.541 [FXGL Background Thread 3 ] DEBUG Engine               - width: 1280
10:33:57.541 [FXGL Background Thread 3 ] DEBUG Engine               - Logging services
10:33:57.541 [FXGL Background Thread 3 ] DEBUG Engine               - class com.almasb.fxgl.app.services.FXGLAssetLoaderService
10:33:57.541 [FXGL Background Thread 3 ] DEBUG Engine               - class com.almasb.fxgl.app.FXGLApplication$GameApplicationService
10:33:57.541 [FXGL Background Thread 3 ] DEBUG Engine               - class com.almasb.fxgl.app.services.FXGLDialogService
10:33:57.541 [FXGL Background Thread 3 ] DEBUG Engine               - class com.almasb.fxgl.app.services.IOTaskExecutorService
10:33:57.541 [FXGL Background Thread 3 ] DEBUG Engine               - class com.almasb.fxgl.io.FileSystemService
10:33:57.541 [FXGL Background Thread 3 ] DEBUG Engine               - class com.almasb.fxgl.localization.LocalizationService
10:33:57.541 [FXGL Background Thread 3 ] DEBUG Engine               - class com.almasb.fxgl.app.services.SystemBundleService
10:33:57.541 [FXGL Background Thread 3 ] DEBUG Engine               - class com.almasb.fxgl.profile.SaveLoadService
10:33:57.541 [FXGL Background Thread 3 ] DEBUG Engine               - class com.almasb.fxgl.ui.FXGLUIFactoryServiceProvider
10:33:57.541 [FXGL Background Thread 3 ] DEBUG Engine               - class com.almasb.fxgl.ui.FXGLDialogFactoryServiceProvider
10:33:57.541 [FXGL Background Thread 3 ] DEBUG Engine               - class com.almasb.fxgl.audio.AudioPlayer
10:33:57.541 [FXGL Background Thread 3 ] DEBUG Engine               - class com.almasb.fxgl.notification.impl.NotificationServiceProvider
10:33:57.541 [FXGL Background Thread 3 ] DEBUG Engine               - class com.almasb.fxgl.achievement.AchievementService
10:33:57.541 [FXGL Background Thread 3 ] DEBUG Engine               - class com.almasb.fxgl.cutscene.CutsceneService
10:33:57.541 [FXGL Background Thread 3 ] DEBUG Engine               - class com.almasb.fxgl.minigames.MiniGameService
10:33:57.541 [FXGL Background Thread 3 ] DEBUG Engine               - class com.almasb.fxgl.net.NetService
10:33:57.541 [FXGL Background Thread 3 ] DEBUG Engine               - class com.almasb.fxgl.app.services.UpdaterService
10:33:57.541 [FXGL Background Thread 3 ] DEBUG Engine               - class com.almasb.fxgl.dev.DevService
10:34:00.522 [JavaFX Application Thread] DEBUG PrimaryStageWindow   - Pop state: StageStartScene
10:34:00.522 [JavaFX Application Thread] DEBUG Input                - Clearing active input actions
10:34:00.523 [JavaFX Application Thread] DEBUG GameApplicationServi - Removing overlay from StageStartScene and adding to GameScene
10:34:00.523 [JavaFX Application Thread] DEBUG PrimaryStageWindow   - GameScene <- StageStartScene
10:34:05.489 [JavaFX Application Thread] DEBUG FXGLAssetLoaderServi - Loading from file system: file:/C:/Users/Admin/Desktop/Bomberman/target/classes/assets/sounds/place_bomb.wav
10:34:05.494 [JavaFX Application Thread] DEBUG FXGLAssetLoaderServi - Loading from file system: file:/C:/Users/Admin/Desktop/Bomberman/target/classes/assets/textures/bomb.png
10:34:07.498 [JavaFX Application Thread] DEBUG FXGLAssetLoaderServi - Loading from file system: file:/C:/Users/Admin/Desktop/Bomberman/target/classes/assets/sounds/explosion.wav
10:34:07.503 [JavaFX Application Thread] DEBUG FXGLAssetLoaderServi - Loading from file system: file:/C:/Users/Admin/Desktop/Bomberman/target/classes/assets/textures/central_flame.png
10:34:07.505 [JavaFX Application Thread] DEBUG FXGLAssetLoaderServi - Loading from file system: file:/C:/Users/Admin/Desktop/Bomberman/target/classes/assets/textures/top_up_flame.png
10:34:07.506 [JavaFX Application Thread] DEBUG FXGLAssetLoaderServi - Loading from file system: file:/C:/Users/Admin/Desktop/Bomberman/target/classes/assets/textures/top_down_flame.png
10:34:07.507 [JavaFX Application Thread] DEBUG FXGLAssetLoaderServi - Loading from file system: file:/C:/Users/Admin/Desktop/Bomberman/target/classes/assets/textures/top_right_flame.png
10:34:07.508 [JavaFX Application Thread] DEBUG FXGLAssetLoaderServi - Loading from file system: file:/C:/Users/Admin/Desktop/Bomberman/target/classes/assets/textures/top_left_flame.png
10:34:07.511 [JavaFX Application Thread] DEBUG FXGLAssetLoaderServi - Loading from file system: file:/C:/Users/Admin/Desktop/Bomberman/target/classes/assets/sounds/player_die.wav
10:34:23.120 [JavaFX Application Thread] DEBUG PrimaryStageWindow   - Push state: GameMenu
10:34:23.120 [JavaFX Application Thread] DEBUG Input                - Clearing active input actions
10:34:23.120 [JavaFX Application Thread] DEBUG GameApplicationServi - Removing overlay from GameScene and adding to GameMenu
10:34:23.120 [JavaFX Application Thread] DEBUG PrimaryStageWindow   - GameScene -> GameMenu
10:34:25.112 [JavaFX Application Thread] DEBUG Menu                 - fireExitToMainMenu()
10:34:25.118 [JavaFX Application Thread] DEBUG PrimaryStageWindow   - Push state: DialogSubScene
10:34:25.118 [JavaFX Application Thread] DEBUG Input                - Clearing active input actions
10:34:25.118 [JavaFX Application Thread] DEBUG GameApplicationServi - Removing overlay from GameMenu and adding to DialogSubScene
10:34:25.118 [JavaFX Application Thread] DEBUG PrimaryStageWindow   - GameMenu -> DialogSubScene
10:34:25.705 [JavaFX Application Thread] DEBUG PrimaryStageWindow   - Pop state: DialogSubScene
10:34:25.706 [JavaFX Application Thread] DEBUG Input                - Clearing active input actions
10:34:25.706 [JavaFX Application Thread] DEBUG GameApplicationServi - Removing overlay from DialogSubScene and adding to GameMenu
10:34:25.706 [JavaFX Application Thread] DEBUG PrimaryStageWindow   - GameMenu <- DialogSubScene
10:34:25.706 [JavaFX Application Thread] DEBUG PrimaryStageWindow   - Pop state: GameMenu
10:34:25.706 [JavaFX Application Thread] DEBUG Input                - Clearing active input actions
10:34:25.707 [JavaFX Application Thread] DEBUG GameApplicationServi - Removing overlay from GameMenu and adding to GameScene
10:34:25.707 [JavaFX Application Thread] DEBUG PrimaryStageWindow   - GameScene <- GameMenu
10:34:25.707 [JavaFX Application Thread] DEBUG Input                - Clearing active input actions
10:34:25.710 [JavaFX Application Thread] DEBUG GameApplicationServi - Removing overlay from GameScene and adding to FXGLMainMenuDummyScene
10:34:25.710 [JavaFX Application Thread] DEBUG PrimaryStageWindow   - GameScene -> FXGLMainMenuDummyScene
10:34:25.711 [JavaFX Application Thread] DEBUG PrimaryStageWindow   - Push state: MainMenu
10:34:25.711 [JavaFX Application Thread] DEBUG Input                - Clearing active input actions
10:34:25.711 [JavaFX Application Thread] DEBUG GameApplicationServi - Removing overlay from FXGLMainMenuDummyScene and adding to MainMenu
10:34:25.711 [JavaFX Application Thread] DEBUG PrimaryStageWindow   - FXGLMainMenuDummyScene -> MainMenu
10:34:27.484 [JavaFX Application Thread] DEBUG Menu                 - fireNewGame()
10:34:27.484 [JavaFX Application Thread] DEBUG GameApplicationServi - Starting new game
10:34:27.484 [JavaFX Application Thread] DEBUG PrimaryStageWindow   - Pop state: MainMenu
10:34:27.484 [JavaFX Application Thread] DEBUG Input                - Clearing active input actions
10:34:27.485 [JavaFX Application Thread] DEBUG GameApplicationServi - Removing overlay from MainMenu and adding to FXGLMainMenuDummyScene
10:34:27.485 [JavaFX Application Thread] DEBUG PrimaryStageWindow   - FXGLMainMenuDummyScene <- MainMenu
10:34:27.485 [JavaFX Application Thread] DEBUG Input                - Clearing active input actions
10:34:27.489 [JavaFX Application Thread] DEBUG GameApplicationServi - Removing overlay from FXGLMainMenuDummyScene and adding to FXGLLoadingScene
10:34:27.489 [JavaFX Application Thread] DEBUG PrimaryStageWindow   - FXGLMainMenuDummyScene -> FXGLLoadingScene
10:34:27.489 [JavaFX Application Thread] DEBUG GameApplicationServi - Clearing previous game
10:34:27.489 [JavaFX Application Thread] DEBUG GameScene            - Clearing game scene
10:34:27.489 [JavaFX Application Thread] DEBUG GameWorld            - Clearing game world
10:34:27.496 [JavaFX Application Thread] DEBUG PhysicsWorld         - Clearing physics world
10:34:27.497 [FXGL Background Thread 2 ] DEBUG FXGLApplication      - Initializing game
10:34:28.484 [FXGL Background Thread 2 ] INFO  FXGLApplication      - Game initialization took: 0.986 sec
10:34:28.489 [JavaFX Application Thread] DEBUG Input                - Clearing active input actions
10:34:28.496 [JavaFX Application Thread] DEBUG GameApplicationServi - Removing overlay from FXGLLoadingScene and adding to GameScene
10:34:28.496 [JavaFX Application Thread] DEBUG PrimaryStageWindow   - FXGLLoadingScene -> GameScene
10:34:32.567 [JavaFX Application Thread] DEBUG PrimaryStageWindow   - Push state: GameMenu
10:34:32.567 [JavaFX Application Thread] DEBUG Input                - Clearing active input actions
10:34:32.568 [JavaFX Application Thread] DEBUG GameApplicationServi - Removing overlay from GameScene and adding to GameMenu
10:34:32.568 [JavaFX Application Thread] DEBUG PrimaryStageWindow   - GameScene -> GameMenu
10:34:34.049 [JavaFX Application Thread] DEBUG Menu                 - fireExit()
10:34:34.050 [JavaFX Application Thread] DEBUG PrimaryStageWindow   - Push state: DialogSubScene
10:34:34.050 [JavaFX Application Thread] DEBUG Input                - Clearing active input actions
10:34:34.050 [JavaFX Application Thread] DEBUG GameApplicationServi - Removing overlay from GameMenu and adding to DialogSubScene
10:34:34.050 [JavaFX Application Thread] DEBUG PrimaryStageWindow   - GameMenu -> DialogSubScene
10:34:34.824 [JavaFX Application Thread] DEBUG PrimaryStageWindow   - Pop state: DialogSubScene
10:34:34.825 [JavaFX Application Thread] DEBUG Input                - Clearing active input actions
10:34:34.825 [JavaFX Application Thread] DEBUG GameApplicationServi - Removing overlay from DialogSubScene and adding to GameMenu
10:34:34.825 [JavaFX Application Thread] DEBUG PrimaryStageWindow   - GameMenu <- DialogSubScene
10:34:34.825 [JavaFX Application Thread] DEBUG FXGLApplication      - Exiting FXGL
10:34:34.825 [JavaFX Application Thread] DEBUG LoopRunner           - Stopping loop
10:34:34.825 [JavaFX Application Thread] DEBUG SystemBundleService  - Saving FXGL system data
10:34:34.827 [JavaFX Application Thread] DEBUG FileSystemAccess     - Writing to: C:\Users\Admin\Desktop\Bomberman\system\fxgl.bundle
10:34:34.828 [JavaFX Application Thread] DEBUG Async                - Shutting down background threads
10:34:34.828 [JavaFX Application Thread] DEBUG PrimaryStageWindow   - Closing main window
10:34:34.842 [JavaFX Application Thread] DEBUG Logger               - Closing Logger
