14:17:23.060 [main                     ] DEBUG Logger               - Configured Logger
14:17:23.065 [main                     ] DEBUG GameApplication      - Logging settings
Title: BOMBERMAN
Version: 1.0
Width: 640
Height: 624
Fullscreen: true
Intro: false
Profiling: false
Single step:false
App Mode: DEVELOPER
Menu Key: ESCAPE
Stage Style: DECORATED
Scene Factory: class com.almasb.fxgl.app.scene.SceneFactory

14:17:23.514 [JavaFX Application Thread] DEBUG FXGLApplication      - Initializing FXGL
14:17:23.517 [JavaFX Application Thread] INFO  Engine               - FXGL-11.17 (16.07.2021 15.46) on WINDOWS (J:11.0.16.1 FX:16)
14:17:23.517 [JavaFX Application Thread] DEBUG Engine               - JRE Vendor Name: Oracle Corporation
14:17:23.517 [JavaFX Application Thread] DEBUG Engine               - Running on OS: Windows 11 version 10.0
14:17:23.518 [JavaFX Application Thread] DEBUG Engine               - Architecture: amd64
14:17:23.518 [JavaFX Application Thread] INFO  Engine               - Source code and latest versions at: https://github.com/AlmasB/FXGL
14:17:23.518 [JavaFX Application Thread] INFO  Engine               -              Join the FXGL chat at: https://gitter.im/AlmasB/FXGL
14:17:23.645 [JavaFX Application Thread] DEBUG PrimaryStageWindow   - Creating a JavaFX scene
14:17:23.711 [JavaFX Application Thread] DEBUG PrimaryStageWindow   - Target settings size: 640.0 x 624.0
14:17:23.711 [JavaFX Application Thread] DEBUG PrimaryStageWindow   - Scaled scene size:    640.0 x 624.0
14:17:23.712 [JavaFX Application Thread] DEBUG PrimaryStageWindow   - Scaled ratio: (1.0, 1.0)
14:17:23.714 [JavaFX Application Thread] DEBUG PrimaryStageWindow   - Set initial scene to FXGLStartupScene
14:17:23.728 [JavaFX Application Thread] DEBUG PrimaryStageWindow   - Opening main window
14:17:23.840 [JavaFX Application Thread] DEBUG PrimaryStageWindow   - Window border size: (13.0, 35.5)
14:17:23.840 [JavaFX Application Thread] DEBUG PrimaryStageWindow   - Scaled size: 640.0 x 624.0
14:17:23.840 [JavaFX Application Thread] DEBUG PrimaryStageWindow   - Scaled ratio: (1.0, 1.0)
14:17:23.841 [JavaFX Application Thread] DEBUG PrimaryStageWindow   - Scene size: 640.0 x 624.0
14:17:23.841 [JavaFX Application Thread] DEBUG PrimaryStageWindow   - Stage size: 653.0 x 659.5
14:17:23.855 [FXGL Background Thread 1 ] DEBUG Engine               - Initializing environment variables
14:17:23.948 [FXGL Background Thread 1 ] DEBUG FXGLAssetLoaderServi - User app class for loading assets: class Bomberman.BombermanGame
14:17:23.948 [FXGL Background Thread 1 ] DEBUG GameApplicationServi - Applying CSS: fxgl_dark.css
14:17:23.949 [FXGL Background Thread 1 ] DEBUG FXGLAssetLoaderServi - Loading from file system: jar:file:/C:/Users/Admin/.m2/repository/com/github/almasb/fxgl/11.17/fxgl-11.17.jar!/fxglassets/ui/css/fxgl_dark.css
14:17:24.007 [FXGL Background Thread 1 ] DEBUG GameApplicationServi - Initializing application scenes
14:17:24.058 [FXGL Background Thread 1 ] DEBUG GameWorld            - Game world initialized
14:17:24.123 [FXGL Background Thread 1 ] DEBUG PhysicsWorld         - Physics world initialized: appHeight=624, physics.ppm=50.0
14:17:24.123 [FXGL Background Thread 1 ] DEBUG PhysicsWorld         - Using strategy: BRUTE_FORCE
14:17:24.126 [FXGL Background Thread 1 ] DEBUG GameScene            - Game scene initialized: 640x624
14:17:24.142 [FXGL Background Thread 1 ] WARN  FXGL.DefaultMenu     - FXGLDefaultMenu is not designed for resolutions < 800x600
14:17:24.142 [FXGL Background Thread 1 ] DEBUG FXGL.DefaultMenu     - createMenuBodyGameMenu()
14:17:24.164 [FXGL Background Thread 1 ] DEBUG FXGL.DefaultMenu     - createOptionsMenu()
14:17:24.178 [FXGL Background Thread 1 ] DEBUG FXGLAssetLoaderServi - Loading from file system: jar:file:/C:/Users/Admin/.m2/repository/com/github/almasb/fxgl/11.17/fxgl-11.17.jar!/fxglassets/textures/particles/smoke.png
14:17:24.282 [FXGL Background Thread 1 ] DEBUG FXGLAssetLoaderServi - Loading from file system: jar:file:/C:/Users/Admin/.m2/repository/com/github/almasb/fxgl/11.17/fxgl-11.17.jar!/fxglassets/textures/particles/trace_horizontal.png
14:17:24.314 [FXGL Background Thread 1 ] DEBUG GameApplicationServi - Application scenes initialized
14:17:24.326 [FXGL Background Thread 1 ] DEBUG SystemBundleService  - Loading FXGL system data
14:17:24.331 [FXGL Background Thread 1 ] DEBUG FileSystemAccess     - Reading from: C:\Users\Admin\Desktop\Bomberman\system\fxgl.bundle
14:17:24.338 [FXGL Background Thread 1 ] DEBUG SystemBundleService  - Bundle FXGL: {}
14:17:24.338 [FXGL Background Thread 1 ] DEBUG UpdaterService       - Checking for updates
14:17:24.342 [FXGL Background Thread 4 ] DEBUG FXGLApplication      - Loading fonts
14:17:24.343 [FXGL Background Thread 4 ] DEBUG FXGLAssetLoaderServi - Loading from file system: jar:file:/C:/Users/Admin/.m2/repository/com/github/almasb/fxgl/11.17/fxgl-11.17.jar!/fxglassets/ui/fonts/VarelaRound-Regular.ttf
14:17:24.343 [FXGL Background Thread 1 ] DEBUG FXGLApplication      - Loading default localization
14:17:24.344 [FXGL Background Thread 1 ] DEBUG FXGLAssetLoaderServi - Loading from file system: jar:file:/C:/Users/Admin/.m2/repository/com/github/almasb/fxgl/11.17/fxgl-11.17.jar!/fxglassets/languages/english.lang
14:17:24.361 [FXGL Background Thread 1 ] INFO  FXGLApplication      - FXGL initialization took: 0.506 sec
14:17:24.378 [JavaFX Application Thread] DEBUG Input                - Registered new binding: Move Left - A
14:17:24.379 [JavaFX Application Thread] DEBUG Input                - Registered new binding: Move Right - D
14:17:24.379 [JavaFX Application Thread] DEBUG Input                - Registered new binding: Move Up - W
14:17:24.379 [JavaFX Application Thread] DEBUG Input                - Registered new binding: Move Down - S
14:17:24.380 [JavaFX Application Thread] DEBUG Input                - Registered new binding: Place Bomb - Space
14:17:24.380 [JavaFX Application Thread] DEBUG Input                - Registered new binding: Switch to classic bomb - 1
14:17:24.380 [JavaFX Application Thread] DEBUG Input                - Registered new binding: Switch to lazer bomb - 2
14:17:24.381 [JavaFX Application Thread] DEBUG Input                - Registered new binding: Switch to light bomb - 3
14:17:24.381 [JavaFX Application Thread] DEBUG Input                - Registered new binding: Exit game - Esc
14:17:24.903 [FXGL Background Thread 4 ] DEBUG FXGLAssetLoaderServi - Loading from file system: jar:file:/C:/Users/Admin/.m2/repository/com/github/almasb/fxgl/11.17/fxgl-11.17.jar!/fxglassets/ui/fonts/Abel-Regular.ttf
14:17:24.912 [FXGL Background Thread 4 ] DEBUG FXGLAssetLoaderServi - Loading from file system: jar:file:/C:/Users/Admin/.m2/repository/com/github/almasb/fxgl/11.17/fxgl-11.17.jar!/fxglassets/ui/fonts/lucida_console.ttf
14:17:24.922 [FXGL Background Thread 4 ] DEBUG FXGLAssetLoaderServi - Loading from file system: jar:file:/C:/Users/Admin/.m2/repository/com/github/almasb/fxgl/11.17/fxgl-11.17.jar!/fxglassets/ui/fonts/Courier-Prime.ttf
14:17:25.537 [FXGL Background Thread 2 ] INFO  UpdaterService       - Your current version:  11.17
14:17:25.537 [FXGL Background Thread 2 ] INFO  UpdaterService       - Latest stable version: 17.2
14:17:26.347 [JavaFX Application Thread] DEBUG FXGLAssetLoaderServi - Loading from file system: file:/C:/Users/Admin/Desktop/Bomberman/target/classes/assets/textures/player_die.png
14:17:26.352 [JavaFX Application Thread] DEBUG FXGLAssetLoaderServi - Loading from file system: file:/C:/Users/Admin/Desktop/Bomberman/target/classes/assets/textures/player_down.png
14:17:26.354 [JavaFX Application Thread] DEBUG FXGLAssetLoaderServi - Loading from file system: file:/C:/Users/Admin/Desktop/Bomberman/target/classes/assets/textures/player_right.png
14:17:26.356 [JavaFX Application Thread] DEBUG FXGLAssetLoaderServi - Loading from file system: file:/C:/Users/Admin/Desktop/Bomberman/target/classes/assets/textures/player_up.png
14:17:26.358 [JavaFX Application Thread] DEBUG FXGLAssetLoaderServi - Loading from file system: file:/C:/Users/Admin/Desktop/Bomberman/target/classes/assets/textures/player_left.png
14:17:26.368 [JavaFX Application Thread] DEBUG FXGLAssetLoaderServi - Loading from file system: jar:file:/C:/Users/Admin/.m2/repository/com/github/almasb/fxgl/11.17/fxgl-11.17.jar!/fxglassets/textures/fxgl_icon.png
14:17:26.384 [JavaFX Application Thread] DEBUG FXGLAssetLoaderServi - Loading from file system: jar:file:/C:/Users/Admin/.m2/repository/com/github/almasb/fxgl/11.17/fxgl-11.17.jar!/fxglassets/textures/fxgl_default_cursor.png
14:17:26.386 [JavaFX Application Thread] DEBUG Input                - Registered new binding: Screenshot - CTRL+8
14:17:26.387 [JavaFX Application Thread] DEBUG Input                - Registered new binding: System info dump - CTRL+9
14:17:26.387 [JavaFX Application Thread] DEBUG Input                - Registered new binding: Restart - CTRL+R
14:17:26.387 [JavaFX Application Thread] DEBUG Input                - Registered new binding: Toggle Debug Camera - CTRL+C
14:17:26.389 [JavaFX Application Thread] DEBUG LoopRunner           - Starting loop
14:17:26.390 [JavaFX Application Thread] DEBUG LoopRunner           - Initializing JavaFX AnimationTimerLoop
14:17:26.390 [JavaFX Application Thread] DEBUG GameApplicationServi - Starting new game
14:17:26.391 [JavaFX Application Thread] DEBUG Input                - Clearing active input actions
14:17:26.405 [JavaFX Application Thread] DEBUG GameApplicationServi - Removing overlay from FXGLStartupScene and adding to FXGLLoadingScene
14:17:26.406 [JavaFX Application Thread] DEBUG PrimaryStageWindow   - FXGLStartupScene -> FXGLLoadingScene
14:17:26.406 [JavaFX Application Thread] DEBUG GameApplicationServi - Clearing previous game
14:17:26.406 [JavaFX Application Thread] DEBUG GameScene            - Clearing game scene
14:17:26.406 [JavaFX Application Thread] DEBUG GameWorld            - Clearing game world
14:17:26.406 [JavaFX Application Thread] DEBUG PhysicsWorld         - Clearing physics world
14:17:26.407 [FXGL Background Thread 2 ] DEBUG FXGLApplication      - Initializing game
14:17:26.408 [JavaFX Application Thread] DEBUG FXGLApplication      - Registering font factories with UI factory
14:17:26.419 [FXGL Background Thread 2 ] DEBUG FXGLAssetLoaderServi - Loading from file system: file:/C:/Users/Admin/Desktop/Bomberman/target/classes/assets/textures/wall.png
14:17:26.457 [FXGL Background Thread 2 ] DEBUG FXGLAssetLoaderServi - Loading from file system: file:/C:/Users/Admin/Desktop/Bomberman/target/classes/assets/textures/brick.png
14:17:26.458 [FXGL Background Thread 2 ] DEBUG FXGLAssetLoaderServi - Loading from file system: file:/C:/Users/Admin/Desktop/Bomberman/target/classes/assets/textures/brick_break.png
14:17:26.487 [FXGL Background Thread 2 ] DEBUG FXGLAssetLoaderServi - Loading from file system: file:/C:/Users/Admin/Desktop/Bomberman/target/classes/assets/textures/portal.png
14:17:26.507 [FXGL Background Thread 2 ] DEBUG FXGLAssetLoaderServi - Loading from file system: file:/C:/Users/Admin/Desktop/Bomberman/target/classes/assets/textures/powerup_flames.png
14:17:26.571 [FXGL Background Thread 2 ] INFO  FXGLApplication      - Game initialization took: 0.163 sec
14:17:26.580 [JavaFX Application Thread] DEBUG Input                - Clearing active input actions
14:17:26.597 [JavaFX Application Thread] DEBUG GameApplicationServi - Removing overlay from FXGLLoadingScene and adding to GameScene
14:17:26.599 [JavaFX Application Thread] DEBUG PrimaryStageWindow   - FXGLLoadingScene -> GameScene
14:17:27.342 [FXGL Background Thread 3 ] DEBUG Engine               - Logging environment variables
14:17:27.342 [FXGL Background Thread 3 ] DEBUG Engine               - achievements: []
14:17:27.343 [FXGL Background Thread 3 ] DEBUG Engine               - actualHeight: 624.0
14:17:27.343 [FXGL Background Thread 3 ] DEBUG Engine               - actualHeightProperty: ReadOnlyDoubleProperty [value: 624.0]
14:17:27.343 [FXGL Background Thread 3 ] DEBUG Engine               - actualWidth: 640.0
14:17:27.343 [FXGL Background Thread 3 ] DEBUG Engine               - actualWidthProperty: ReadOnlyDoubleProperty [value: 640.0]
14:17:27.343 [FXGL Background Thread 3 ] DEBUG Engine               - appIcon: fxgl_icon.png
14:17:27.343 [FXGL Background Thread 3 ] DEBUG Engine               - applicationMode: DEVELOPER
14:17:27.343 [FXGL Background Thread 3 ] DEBUG Engine               - cSSList: [fxgl_dark.css]
14:17:27.343 [FXGL Background Thread 3 ] DEBUG Engine               - collisionDetectionStrategy: BRUTE_FORCE
14:17:27.343 [FXGL Background Thread 3 ] DEBUG Engine               - configClass: Optional.empty
14:17:27.343 [FXGL Background Thread 3 ] DEBUG Engine               - credits: []
14:17:27.343 [FXGL Background Thread 3 ] DEBUG Engine               - defaultCursor: CursorInfo(imageName=fxgl_default_cursor.png, hotspotX=7.0, hotspotY=6.0)
14:17:27.343 [FXGL Background Thread 3 ] DEBUG Engine               - devBBoxColorProperty: ObjectProperty [value: 0xff0000ff]
14:17:27.343 [FXGL Background Thread 3 ] DEBUG Engine               - devEnableDebugCameraProperty: BooleanProperty [value: false]
14:17:27.343 [FXGL Background Thread 3 ] DEBUG Engine               - devSensorColorProperty: ObjectProperty [value: 0xffff00ff]
14:17:27.343 [FXGL Background Thread 3 ] DEBUG Engine               - devShowBBoxProperty: BooleanProperty [value: false]
14:17:27.343 [FXGL Background Thread 3 ] DEBUG Engine               - devShowPositionProperty: BooleanProperty [value: false]
14:17:27.343 [FXGL Background Thread 3 ] DEBUG Engine               - enabledMenuItems: []
14:17:27.343 [FXGL Background Thread 3 ] DEBUG Engine               - engineServices: [class com.almasb.fxgl.app.services.FXGLAssetLoaderService, class com.almasb.fxgl.app.FXGLApplication$GameApplicationService, class com.almasb.fxgl.app.services.FXGLDialogService, class com.almasb.fxgl.app.services.IOTaskExecutorService, class com.almasb.fxgl.io.FileSystemService, class com.almasb.fxgl.localization.LocalizationService, class com.almasb.fxgl.app.services.SystemBundleService, class com.almasb.fxgl.profile.SaveLoadService, class com.almasb.fxgl.ui.FXGLUIFactoryServiceProvider, class com.almasb.fxgl.ui.FXGLDialogFactoryServiceProvider, class com.almasb.fxgl.audio.AudioPlayer, class com.almasb.fxgl.notification.impl.NotificationServiceProvider, class com.almasb.fxgl.achievement.AchievementService, class com.almasb.fxgl.cutscene.CutsceneService, class com.almasb.fxgl.minigames.MiniGameService, class com.almasb.fxgl.net.NetService, class com.almasb.fxgl.app.services.UpdaterService, class com.almasb.fxgl.dev.DevService]
14:17:27.343 [FXGL Background Thread 3 ] DEBUG Engine               - fontGame: Abel-Regular.ttf
14:17:27.344 [FXGL Background Thread 3 ] DEBUG Engine               - fontMono: lucida_console.ttf
14:17:27.344 [FXGL Background Thread 3 ] DEBUG Engine               - fontText: Courier-Prime.ttf
14:17:27.344 [FXGL Background Thread 3 ] DEBUG Engine               - fontUI: VarelaRound-Regular.ttf
14:17:27.344 [FXGL Background Thread 3 ] DEBUG Engine               - fullScreen: BooleanProperty [value: false]
14:17:27.344 [FXGL Background Thread 3 ] DEBUG Engine               - gameDifficulty: MEDIUM
14:17:27.344 [FXGL Background Thread 3 ] DEBUG Engine               - gameDifficultyProperty: ObjectProperty [value: MEDIUM]
14:17:27.344 [FXGL Background Thread 3 ] DEBUG Engine               - globalMusicVolume: 0.5
14:17:27.344 [FXGL Background Thread 3 ] DEBUG Engine               - globalMusicVolumeProperty: DoubleProperty [value: 0.5]
14:17:27.344 [FXGL Background Thread 3 ] DEBUG Engine               - globalSoundVolume: 0.5
14:17:27.344 [FXGL Background Thread 3 ] DEBUG Engine               - globalSoundVolumeProperty: DoubleProperty [value: 0.5]
14:17:27.344 [FXGL Background Thread 3 ] DEBUG Engine               - height: 624
14:17:27.344 [FXGL Background Thread 3 ] DEBUG Engine               - is3D: false
14:17:27.344 [FXGL Background Thread 3 ] DEBUG Engine               - isAndroid: false
14:17:27.344 [FXGL Background Thread 3 ] DEBUG Engine               - isBrowser: false
14:17:27.344 [FXGL Background Thread 3 ] DEBUG Engine               - isClickFeedbackEnabled: false
14:17:27.344 [FXGL Background Thread 3 ] DEBUG Engine               - isCloseConfirmation: false
14:17:27.344 [FXGL Background Thread 3 ] DEBUG Engine               - isDesktop: true
14:17:27.344 [FXGL Background Thread 3 ] DEBUG Engine               - isDeveloperMenuEnabled: false
14:17:27.344 [FXGL Background Thread 3 ] DEBUG Engine               - isEntityPreloadEnabled: true
14:17:27.344 [FXGL Background Thread 3 ] DEBUG Engine               - isExperimentalTiledLargeMap: false
14:17:27.344 [FXGL Background Thread 3 ] DEBUG Engine               - isFileSystemWriteAllowed: true
14:17:27.344 [FXGL Background Thread 3 ] DEBUG Engine               - isFullScreenAllowed: true
14:17:27.344 [FXGL Background Thread 3 ] DEBUG Engine               - isFullScreenFromStart: false
14:17:27.344 [FXGL Background Thread 3 ] DEBUG Engine               - isGameMenuEnabled: true
14:17:27.345 [FXGL Background Thread 3 ] DEBUG Engine               - isIOS: false
14:17:27.345 [FXGL Background Thread 3 ] DEBUG Engine               - isIntroEnabled: false
14:17:27.345 [FXGL Background Thread 3 ] DEBUG Engine               - isLinux: false
14:17:27.345 [FXGL Background Thread 3 ] DEBUG Engine               - isMac: false
14:17:27.345 [FXGL Background Thread 3 ] DEBUG Engine               - isMainMenuEnabled: false
14:17:27.345 [FXGL Background Thread 3 ] DEBUG Engine               - isManualResizeEnabled: false
14:17:27.345 [FXGL Background Thread 3 ] DEBUG Engine               - isMobile: false
14:17:27.345 [FXGL Background Thread 3 ] DEBUG Engine               - isNative: false
14:17:27.345 [FXGL Background Thread 3 ] DEBUG Engine               - isPauseMusicWhenMinimized: true
14:17:27.345 [FXGL Background Thread 3 ] DEBUG Engine               - isPreserveResizeRatio: false
14:17:27.345 [FXGL Background Thread 3 ] DEBUG Engine               - isProfilingEnabled: false
14:17:27.345 [FXGL Background Thread 3 ] DEBUG Engine               - isScaleAffectedOnResize: true
14:17:27.345 [FXGL Background Thread 3 ] DEBUG Engine               - isSingleStep: false
14:17:27.345 [FXGL Background Thread 3 ] DEBUG Engine               - isUserProfileEnabled: false
14:17:27.345 [FXGL Background Thread 3 ] DEBUG Engine               - isWindows: true
14:17:27.345 [FXGL Background Thread 3 ] DEBUG Engine               - language: ObjectProperty [value: ENGLISH]
14:17:27.345 [FXGL Background Thread 3 ] DEBUG Engine               - menuKey: ESCAPE
14:17:27.345 [FXGL Background Thread 3 ] DEBUG Engine               - mouseSensitivity: 0.2
14:17:27.345 [FXGL Background Thread 3 ] DEBUG Engine               - notificationViewClass: class com.almasb.fxgl.notification.view.XboxNotificationView
14:17:27.345 [FXGL Background Thread 3 ] DEBUG Engine               - pixelsPerMeter: 50.0
14:17:27.345 [FXGL Background Thread 3 ] DEBUG Engine               - platform: WINDOWS
14:17:27.345 [FXGL Background Thread 3 ] DEBUG Engine               - prefHeightProperty: ReadOnlyDoubleProperty [value: 624.0]
14:17:27.345 [FXGL Background Thread 3 ] DEBUG Engine               - prefWidthProperty: ReadOnlyDoubleProperty [value: 640.0]
14:17:27.345 [FXGL Background Thread 3 ] DEBUG Engine               - profileDir: profiles/
14:17:27.345 [FXGL Background Thread 3 ] DEBUG Engine               - profileName: StringProperty [value: DEFAULT]
14:17:27.345 [FXGL Background Thread 3 ] DEBUG Engine               - randomSeed: -1
14:17:27.345 [FXGL Background Thread 3 ] DEBUG Engine               - runtimeInfo: RuntimeInfo(platform=WINDOWS, version=11.17, build=16.07.2021 15.46)
14:17:27.345 [FXGL Background Thread 3 ] DEBUG Engine               - saveFileExt: sav
14:17:27.346 [FXGL Background Thread 3 ] DEBUG Engine               - scaledHeightProp$fxgl: DoubleProperty [bound, value: 624.0]
14:17:27.346 [FXGL Background Thread 3 ] DEBUG Engine               - scaledWidthProp$fxgl: DoubleProperty [bound, value: 640.0]
14:17:27.346 [FXGL Background Thread 3 ] DEBUG Engine               - sceneFactory: com.almasb.fxgl.app.scene.SceneFactory@5d6ff50e
14:17:27.346 [FXGL Background Thread 3 ] DEBUG Engine               - secondsIn24h: 60
14:17:27.346 [FXGL Background Thread 3 ] DEBUG Engine               - soundMenuBack: menu/back.wav
14:17:27.346 [FXGL Background Thread 3 ] DEBUG Engine               - soundMenuPress: menu/press.wav
14:17:27.346 [FXGL Background Thread 3 ] DEBUG Engine               - soundMenuSelect: menu/select.wav
14:17:27.346 [FXGL Background Thread 3 ] DEBUG Engine               - soundNotification: core/notification.wav
14:17:27.346 [FXGL Background Thread 3 ] DEBUG Engine               - stageStyle: DECORATED
14:17:27.346 [FXGL Background Thread 3 ] DEBUG Engine               - supportedLanguages: [ENGLISH, FRENCH, GERMAN, HUNGARIAN, RUSSIAN]
14:17:27.346 [FXGL Background Thread 3 ] DEBUG Engine               - ticksPerSecond: -1
14:17:27.346 [FXGL Background Thread 3 ] DEBUG Engine               - title: BOMBERMAN
14:17:27.346 [FXGL Background Thread 3 ] DEBUG Engine               - urlGithub: https://github.com/AlmasB/FXGL
14:17:27.346 [FXGL Background Thread 3 ] DEBUG Engine               - urlLeaderboard: http://fxgl-top.herokuapp.com/
14:17:27.346 [FXGL Background Thread 3 ] DEBUG Engine               - urlPOM: https://raw.githubusercontent.com/AlmasB/FXGL/release/README.md
14:17:27.346 [FXGL Background Thread 3 ] DEBUG Engine               - userAppClass: class Bomberman.BombermanGame
14:17:27.346 [FXGL Background Thread 3 ] DEBUG Engine               - version: 1.0
14:17:27.346 [FXGL Background Thread 3 ] DEBUG Engine               - versionCheckDays: 7
14:17:27.346 [FXGL Background Thread 3 ] DEBUG Engine               - width: 640
14:17:27.346 [FXGL Background Thread 3 ] DEBUG Engine               - Logging services
14:17:27.346 [FXGL Background Thread 3 ] DEBUG Engine               - class com.almasb.fxgl.app.services.FXGLAssetLoaderService
14:17:27.346 [FXGL Background Thread 3 ] DEBUG Engine               - class com.almasb.fxgl.app.FXGLApplication$GameApplicationService
14:17:27.346 [FXGL Background Thread 3 ] DEBUG Engine               - class com.almasb.fxgl.app.services.FXGLDialogService
14:17:27.346 [FXGL Background Thread 3 ] DEBUG Engine               - class com.almasb.fxgl.app.services.IOTaskExecutorService
14:17:27.347 [FXGL Background Thread 3 ] DEBUG Engine               - class com.almasb.fxgl.io.FileSystemService
14:17:27.347 [FXGL Background Thread 3 ] DEBUG Engine               - class com.almasb.fxgl.localization.LocalizationService
14:17:27.347 [FXGL Background Thread 3 ] DEBUG Engine               - class com.almasb.fxgl.app.services.SystemBundleService
14:17:27.347 [FXGL Background Thread 3 ] DEBUG Engine               - class com.almasb.fxgl.profile.SaveLoadService
14:17:27.347 [FXGL Background Thread 3 ] DEBUG Engine               - class com.almasb.fxgl.ui.FXGLUIFactoryServiceProvider
14:17:27.347 [FXGL Background Thread 3 ] DEBUG Engine               - class com.almasb.fxgl.ui.FXGLDialogFactoryServiceProvider
14:17:27.347 [FXGL Background Thread 3 ] DEBUG Engine               - class com.almasb.fxgl.audio.AudioPlayer
14:17:27.347 [FXGL Background Thread 3 ] DEBUG Engine               - class com.almasb.fxgl.notification.impl.NotificationServiceProvider
14:17:27.347 [FXGL Background Thread 3 ] DEBUG Engine               - class com.almasb.fxgl.achievement.AchievementService
14:17:27.347 [FXGL Background Thread 3 ] DEBUG Engine               - class com.almasb.fxgl.cutscene.CutsceneService
14:17:27.347 [FXGL Background Thread 3 ] DEBUG Engine               - class com.almasb.fxgl.minigames.MiniGameService
14:17:27.347 [FXGL Background Thread 3 ] DEBUG Engine               - class com.almasb.fxgl.net.NetService
14:17:27.347 [FXGL Background Thread 3 ] DEBUG Engine               - class com.almasb.fxgl.app.services.UpdaterService
14:17:27.347 [FXGL Background Thread 3 ] DEBUG Engine               - class com.almasb.fxgl.dev.DevService
14:17:49.693 [JavaFX Application Thread] DEBUG FXGLAssetLoaderServi - Loading from file system: file:/C:/Users/Admin/Desktop/Bomberman/target/classes/assets/sounds/place_bomb.wav
14:17:49.782 [JavaFX Application Thread] DEBUG FXGLAssetLoaderServi - Loading from file system: file:/C:/Users/Admin/Desktop/Bomberman/target/classes/assets/textures/bomb.png
14:17:51.766 [JavaFX Application Thread] DEBUG FXGLAssetLoaderServi - Loading from file system: file:/C:/Users/Admin/Desktop/Bomberman/target/classes/assets/sounds/explosion.wav
14:17:51.770 [JavaFX Application Thread] DEBUG FXGLAssetLoaderServi - Loading from file system: file:/C:/Users/Admin/Desktop/Bomberman/target/classes/assets/textures/central_flame.png
14:17:51.771 [JavaFX Application Thread] DEBUG FXGLAssetLoaderServi - Loading from file system: file:/C:/Users/Admin/Desktop/Bomberman/target/classes/assets/textures/top_up_flame.png
14:17:51.771 [JavaFX Application Thread] DEBUG FXGLAssetLoaderServi - Loading from file system: file:/C:/Users/Admin/Desktop/Bomberman/target/classes/assets/textures/top_down_flame.png
14:17:51.772 [JavaFX Application Thread] DEBUG FXGLAssetLoaderServi - Loading from file system: file:/C:/Users/Admin/Desktop/Bomberman/target/classes/assets/textures/top_right_flame.png
14:17:51.773 [JavaFX Application Thread] DEBUG FXGLAssetLoaderServi - Loading from file system: file:/C:/Users/Admin/Desktop/Bomberman/target/classes/assets/textures/top_left_flame.png
14:18:09.882 [JavaFX Application Thread] DEBUG FXGLAssetLoaderServi - Loading from file system: file:/C:/Users/Admin/Desktop/Bomberman/target/classes/assets/sounds/powerup.wav
14:18:14.598 [JavaFX Application Thread] DEBUG FXGLAssetLoaderServi - Loading from file system: file:/C:/Users/Admin/Desktop/Bomberman/target/classes/assets/textures/right_flame.png
14:18:14.599 [JavaFX Application Thread] DEBUG FXGLAssetLoaderServi - Loading from file system: file:/C:/Users/Admin/Desktop/Bomberman/target/classes/assets/textures/left_flame.png
14:18:14.601 [JavaFX Application Thread] DEBUG FXGLAssetLoaderServi - Loading from file system: file:/C:/Users/Admin/Desktop/Bomberman/target/classes/assets/textures/down_flame.png
14:18:14.601 [JavaFX Application Thread] DEBUG FXGLAssetLoaderServi - Loading from file system: file:/C:/Users/Admin/Desktop/Bomberman/target/classes/assets/textures/up_flame.png
14:18:19.862 [JavaFX Application Thread] DEBUG FXGLApplication      - Exiting FXGL
14:18:19.862 [JavaFX Application Thread] DEBUG LoopRunner           - Stopping loop
14:18:19.862 [JavaFX Application Thread] DEBUG SystemBundleService  - Saving FXGL system data
14:18:19.864 [JavaFX Application Thread] DEBUG FileSystemAccess     - Writing to: C:\Users\Admin\Desktop\Bomberman\system\fxgl.bundle
14:18:19.865 [JavaFX Application Thread] DEBUG Async                - Shutting down background threads
14:18:19.865 [JavaFX Application Thread] DEBUG PrimaryStageWindow   - Closing main window
14:18:19.877 [JavaFX Application Thread] DEBUG Logger               - Closing Logger
