19:00:16.064 [main                     ] DEBUG Logger               - Configured Logger
19:00:16.067 [main                     ] DEBUG GameApplication      - Logging settings
Title: BOMBERMAN
Version: 1.0
Width: 640
Height: 624
Fullscreen: true
Intro: false
Profiling: false
Single step:false
App Mode: DEVELOPER
Menu Key: ESCAPE
Stage Style: DECORATED
Scene Factory: class com.almasb.fxgl.app.scene.SceneFactory

19:00:16.486 [JavaFX Application Thread] DEBUG FXGLApplication      - Initializing FXGL
19:00:16.489 [JavaFX Application Thread] INFO  Engine               - FXGL-11.17 (16.07.2021 15.46) on WINDOWS (J:11.0.16.1 FX:16)
19:00:16.490 [JavaFX Application Thread] DEBUG Engine               - JRE Vendor Name: Oracle Corporation
19:00:16.490 [JavaFX Application Thread] DEBUG Engine               - Running on OS: Windows 11 version 10.0
19:00:16.490 [JavaFX Application Thread] DEBUG Engine               - Architecture: amd64
19:00:16.490 [JavaFX Application Thread] INFO  Engine               - Source code and latest versions at: https://github.com/AlmasB/FXGL
19:00:16.490 [JavaFX Application Thread] INFO  Engine               -              Join the FXGL chat at: https://gitter.im/AlmasB/FXGL
19:00:16.615 [JavaFX Application Thread] DEBUG PrimaryStageWindow   - Creating a JavaFX scene
19:00:16.678 [JavaFX Application Thread] DEBUG PrimaryStageWindow   - Target settings size: 640.0 x 624.0
19:00:16.679 [JavaFX Application Thread] DEBUG PrimaryStageWindow   - Scaled scene size:    640.0 x 624.0
19:00:16.679 [JavaFX Application Thread] DEBUG PrimaryStageWindow   - Scaled ratio: (1.0, 1.0)
19:00:16.680 [JavaFX Application Thread] DEBUG PrimaryStageWindow   - Set initial scene to FXGLStartupScene
19:00:16.692 [JavaFX Application Thread] DEBUG PrimaryStageWindow   - Opening main window
19:00:16.804 [JavaFX Application Thread] DEBUG PrimaryStageWindow   - Window border size: (13.0, 35.5)
19:00:16.804 [JavaFX Application Thread] DEBUG PrimaryStageWindow   - Scaled size: 640.0 x 624.0
19:00:16.804 [JavaFX Application Thread] DEBUG PrimaryStageWindow   - Scaled ratio: (1.0, 1.0)
19:00:16.805 [JavaFX Application Thread] DEBUG PrimaryStageWindow   - Scene size: 640.0 x 624.0
19:00:16.805 [JavaFX Application Thread] DEBUG PrimaryStageWindow   - Stage size: 653.0 x 659.5
19:00:16.814 [FXGL Background Thread 1 ] DEBUG Engine               - Initializing environment variables
19:00:16.903 [FXGL Background Thread 1 ] DEBUG FXGLAssetLoaderServi - User app class for loading assets: class Bomberman.BombermanGame
19:00:16.903 [FXGL Background Thread 1 ] DEBUG GameApplicationServi - Applying CSS: fxgl_dark.css
19:00:16.904 [FXGL Background Thread 1 ] DEBUG FXGLAssetLoaderServi - Loading from file system: jar:file:/C:/Users/Admin/.m2/repository/com/github/almasb/fxgl/11.17/fxgl-11.17.jar!/fxglassets/ui/css/fxgl_dark.css
19:00:16.962 [FXGL Background Thread 1 ] DEBUG GameApplicationServi - Initializing application scenes
19:00:17.014 [FXGL Background Thread 1 ] DEBUG GameWorld            - Game world initialized
19:00:17.084 [FXGL Background Thread 1 ] DEBUG PhysicsWorld         - Physics world initialized: appHeight=624, physics.ppm=50.0
19:00:17.084 [FXGL Background Thread 1 ] DEBUG PhysicsWorld         - Using strategy: BRUTE_FORCE
19:00:17.087 [FXGL Background Thread 1 ] DEBUG GameScene            - Game scene initialized: 640x624
19:00:17.100 [FXGL Background Thread 1 ] WARN  FXGL.DefaultMenu     - FXGLDefaultMenu is not designed for resolutions < 800x600
19:00:17.100 [FXGL Background Thread 1 ] DEBUG FXGL.DefaultMenu     - createMenuBodyGameMenu()
19:00:17.118 [FXGL Background Thread 1 ] DEBUG FXGL.DefaultMenu     - createOptionsMenu()
19:00:17.130 [FXGL Background Thread 1 ] DEBUG FXGLAssetLoaderServi - Loading from file system: jar:file:/C:/Users/Admin/.m2/repository/com/github/almasb/fxgl/11.17/fxgl-11.17.jar!/fxglassets/textures/particles/smoke.png
19:00:17.221 [FXGL Background Thread 1 ] DEBUG FXGLAssetLoaderServi - Loading from file system: jar:file:/C:/Users/Admin/.m2/repository/com/github/almasb/fxgl/11.17/fxgl-11.17.jar!/fxglassets/textures/particles/trace_horizontal.png
19:00:17.255 [FXGL Background Thread 1 ] DEBUG GameApplicationServi - Application scenes initialized
19:00:17.270 [FXGL Background Thread 1 ] DEBUG SystemBundleService  - Loading FXGL system data
19:00:17.275 [FXGL Background Thread 1 ] DEBUG FileSystemAccess     - Reading from: C:\Users\Admin\Desktop\Bomberman\system\fxgl.bundle
19:00:17.283 [FXGL Background Thread 1 ] DEBUG SystemBundleService  - Bundle FXGL: {}
19:00:17.283 [FXGL Background Thread 1 ] DEBUG UpdaterService       - Checking for updates
19:00:17.288 [FXGL Background Thread 4 ] DEBUG FXGLApplication      - Loading fonts
19:00:17.289 [FXGL Background Thread 1 ] DEBUG FXGLApplication      - Loading default localization
19:00:17.289 [FXGL Background Thread 4 ] DEBUG FXGLAssetLoaderServi - Loading from file system: jar:file:/C:/Users/Admin/.m2/repository/com/github/almasb/fxgl/11.17/fxgl-11.17.jar!/fxglassets/ui/fonts/VarelaRound-Regular.ttf
19:00:17.290 [FXGL Background Thread 1 ] DEBUG FXGLAssetLoaderServi - Loading from file system: jar:file:/C:/Users/Admin/.m2/repository/com/github/almasb/fxgl/11.17/fxgl-11.17.jar!/fxglassets/languages/english.lang
19:00:17.311 [FXGL Background Thread 1 ] INFO  FXGLApplication      - FXGL initialization took: 0.496 sec
19:00:17.325 [JavaFX Application Thread] DEBUG Input                - Registered new binding: Move Left - A
19:00:17.325 [JavaFX Application Thread] DEBUG Input                - Registered new binding: Move Right - D
19:00:17.325 [JavaFX Application Thread] DEBUG Input                - Registered new binding: Move Up - W
19:00:17.325 [JavaFX Application Thread] DEBUG Input                - Registered new binding: Move Down - S
19:00:17.325 [JavaFX Application Thread] DEBUG Input                - Registered new binding: Place Bomb - Space
19:00:17.326 [JavaFX Application Thread] DEBUG Input                - Registered new binding: Switch to classic bomb - 1
19:00:17.326 [JavaFX Application Thread] DEBUG Input                - Registered new binding: Switch to lazer bomb - 2
19:00:17.326 [JavaFX Application Thread] DEBUG Input                - Registered new binding: Switch to light bomb - 3
19:00:17.326 [JavaFX Application Thread] DEBUG Input                - Registered new binding: Exit game - Esc
19:00:17.327 [JavaFX Application Thread] DEBUG FXGLAssetLoaderServi - Loading from file system: jar:file:/C:/Users/Admin/.m2/repository/com/github/almasb/fxgl/11.17/fxgl-11.17.jar!/fxglassets/textures/fxgl_icon.png
19:00:17.353 [JavaFX Application Thread] DEBUG FXGLAssetLoaderServi - Loading from file system: jar:file:/C:/Users/Admin/.m2/repository/com/github/almasb/fxgl/11.17/fxgl-11.17.jar!/fxglassets/textures/fxgl_default_cursor.png
19:00:17.357 [JavaFX Application Thread] DEBUG Input                - Registered new binding: Screenshot - CTRL+8
19:00:17.358 [JavaFX Application Thread] DEBUG Input                - Registered new binding: System info dump - CTRL+9
19:00:17.359 [JavaFX Application Thread] DEBUG Input                - Registered new binding: Restart - CTRL+R
19:00:17.360 [JavaFX Application Thread] DEBUG Input                - Registered new binding: Toggle Debug Camera - CTRL+C
19:00:17.363 [JavaFX Application Thread] DEBUG LoopRunner           - Starting loop
19:00:17.363 [JavaFX Application Thread] DEBUG LoopRunner           - Initializing JavaFX AnimationTimerLoop
19:00:17.367 [JavaFX Application Thread] DEBUG GameApplicationServi - Starting new game
19:00:17.368 [JavaFX Application Thread] DEBUG Input                - Clearing active input actions
19:00:17.392 [JavaFX Application Thread] DEBUG GameApplicationServi - Removing overlay from FXGLStartupScene and adding to FXGLLoadingScene
19:00:17.392 [JavaFX Application Thread] DEBUG PrimaryStageWindow   - FXGLStartupScene -> FXGLLoadingScene
19:00:17.392 [JavaFX Application Thread] DEBUG GameApplicationServi - Clearing previous game
19:00:17.393 [JavaFX Application Thread] DEBUG GameScene            - Clearing game scene
19:00:17.393 [JavaFX Application Thread] DEBUG GameWorld            - Clearing game world
19:00:17.393 [JavaFX Application Thread] DEBUG PhysicsWorld         - Clearing physics world
19:00:17.395 [FXGL Background Thread 1 ] DEBUG FXGLApplication      - Initializing game
19:00:17.423 [FXGL Background Thread 1 ] DEBUG FXGLAssetLoaderServi - Loading from file system: file:/C:/Users/Admin/Desktop/Bomberman/target/classes/assets/textures/wall.png
19:00:17.500 [FXGL Background Thread 1 ] DEBUG FXGLAssetLoaderServi - Loading from file system: file:/C:/Users/Admin/Desktop/Bomberman/target/classes/assets/textures/brick.png
19:00:17.503 [FXGL Background Thread 1 ] DEBUG FXGLAssetLoaderServi - Loading from file system: file:/C:/Users/Admin/Desktop/Bomberman/target/classes/assets/textures/brick_break.png
19:00:17.542 [FXGL Background Thread 1 ] DEBUG FXGLAssetLoaderServi - Loading from file system: file:/C:/Users/Admin/Desktop/Bomberman/target/classes/assets/textures/portal.png
19:00:17.570 [FXGL Background Thread 1 ] DEBUG FXGLAssetLoaderServi - Loading from file system: file:/C:/Users/Admin/Desktop/Bomberman/target/classes/assets/textures/powerup_flames.png
19:00:17.643 [FXGL Background Thread 1 ] DEBUG FXGLAssetLoaderServi - Loading from file system: file:/C:/Users/Admin/Desktop/Bomberman/target/classes/assets/textures/enemy4.png
19:00:17.656 [FXGL Background Thread 4 ] DEBUG FXGLAssetLoaderServi - Loading from file system: jar:file:/C:/Users/Admin/.m2/repository/com/github/almasb/fxgl/11.17/fxgl-11.17.jar!/fxglassets/ui/fonts/Abel-Regular.ttf
19:00:17.663 [FXGL Background Thread 4 ] DEBUG FXGLAssetLoaderServi - Loading from file system: jar:file:/C:/Users/Admin/.m2/repository/com/github/almasb/fxgl/11.17/fxgl-11.17.jar!/fxglassets/ui/fonts/lucida_console.ttf
19:00:17.664 [FXGL Background Thread 1 ] DEBUG FXGLAssetLoaderServi - Loading from file system: file:/C:/Users/Admin/Desktop/Bomberman/target/classes/assets/textures/enemy3.png
19:00:17.671 [FXGL Background Thread 4 ] DEBUG FXGLAssetLoaderServi - Loading from file system: jar:file:/C:/Users/Admin/.m2/repository/com/github/almasb/fxgl/11.17/fxgl-11.17.jar!/fxglassets/ui/fonts/Courier-Prime.ttf
19:00:17.681 [JavaFX Application Thread] DEBUG FXGLApplication      - Registering font factories with UI factory
19:00:19.756 [FXGL Background Thread 1 ] DEBUG FXGLAssetLoaderServi - Loading from file system: file:/C:/Users/Admin/Desktop/Bomberman/target/classes/assets/textures/player_die.png
19:00:19.757 [FXGL Background Thread 1 ] DEBUG FXGLAssetLoaderServi - Loading from file system: file:/C:/Users/Admin/Desktop/Bomberman/target/classes/assets/textures/player_down.png
19:00:19.758 [FXGL Background Thread 1 ] DEBUG FXGLAssetLoaderServi - Loading from file system: file:/C:/Users/Admin/Desktop/Bomberman/target/classes/assets/textures/player_right.png
19:00:19.759 [FXGL Background Thread 1 ] DEBUG FXGLAssetLoaderServi - Loading from file system: file:/C:/Users/Admin/Desktop/Bomberman/target/classes/assets/textures/player_up.png
19:00:19.760 [FXGL Background Thread 1 ] DEBUG FXGLAssetLoaderServi - Loading from file system: file:/C:/Users/Admin/Desktop/Bomberman/target/classes/assets/textures/player_left.png
19:00:19.772 [FXGL Background Thread 1 ] INFO  FXGLApplication      - Game initialization took: 2.377 sec
19:00:19.772 [JavaFX Application Thread] DEBUG Input                - Clearing active input actions
19:00:19.788 [JavaFX Application Thread] DEBUG GameApplicationServi - Removing overlay from FXGLLoadingScene and adding to GameScene
19:00:19.789 [JavaFX Application Thread] DEBUG PrimaryStageWindow   - FXGLLoadingScene -> GameScene
19:00:20.287 [FXGL Background Thread 3 ] DEBUG Engine               - Logging environment variables
19:00:20.288 [FXGL Background Thread 3 ] DEBUG Engine               - achievements: []
19:00:20.288 [FXGL Background Thread 3 ] DEBUG Engine               - actualHeight: 624.0
19:00:20.288 [FXGL Background Thread 3 ] DEBUG Engine               - actualHeightProperty: ReadOnlyDoubleProperty [value: 624.0]
19:00:20.288 [FXGL Background Thread 3 ] DEBUG Engine               - actualWidth: 640.0
19:00:20.288 [FXGL Background Thread 3 ] DEBUG Engine               - actualWidthProperty: ReadOnlyDoubleProperty [value: 640.0]
19:00:20.288 [FXGL Background Thread 3 ] DEBUG Engine               - appIcon: fxgl_icon.png
19:00:20.288 [FXGL Background Thread 3 ] DEBUG Engine               - applicationMode: DEVELOPER
19:00:20.288 [FXGL Background Thread 3 ] DEBUG Engine               - cSSList: [fxgl_dark.css]
19:00:20.288 [FXGL Background Thread 3 ] DEBUG Engine               - collisionDetectionStrategy: BRUTE_FORCE
19:00:20.288 [FXGL Background Thread 3 ] DEBUG Engine               - configClass: Optional.empty
19:00:20.288 [FXGL Background Thread 3 ] DEBUG Engine               - credits: []
19:00:20.288 [FXGL Background Thread 3 ] DEBUG Engine               - defaultCursor: CursorInfo(imageName=fxgl_default_cursor.png, hotspotX=7.0, hotspotY=6.0)
19:00:20.288 [FXGL Background Thread 3 ] DEBUG Engine               - devBBoxColorProperty: ObjectProperty [value: 0xff0000ff]
19:00:20.288 [FXGL Background Thread 3 ] DEBUG Engine               - devEnableDebugCameraProperty: BooleanProperty [value: false]
19:00:20.288 [FXGL Background Thread 3 ] DEBUG Engine               - devSensorColorProperty: ObjectProperty [value: 0xffff00ff]
19:00:20.289 [FXGL Background Thread 3 ] DEBUG Engine               - devShowBBoxProperty: BooleanProperty [value: false]
19:00:20.289 [FXGL Background Thread 3 ] DEBUG Engine               - devShowPositionProperty: BooleanProperty [value: false]
19:00:20.289 [FXGL Background Thread 3 ] DEBUG Engine               - enabledMenuItems: []
19:00:20.289 [FXGL Background Thread 3 ] DEBUG Engine               - engineServices: [class com.almasb.fxgl.app.services.FXGLAssetLoaderService, class com.almasb.fxgl.app.FXGLApplication$GameApplicationService, class com.almasb.fxgl.app.services.FXGLDialogService, class com.almasb.fxgl.app.services.IOTaskExecutorService, class com.almasb.fxgl.io.FileSystemService, class com.almasb.fxgl.localization.LocalizationService, class com.almasb.fxgl.app.services.SystemBundleService, class com.almasb.fxgl.profile.SaveLoadService, class com.almasb.fxgl.ui.FXGLUIFactoryServiceProvider, class com.almasb.fxgl.ui.FXGLDialogFactoryServiceProvider, class com.almasb.fxgl.audio.AudioPlayer, class com.almasb.fxgl.notification.impl.NotificationServiceProvider, class com.almasb.fxgl.achievement.AchievementService, class com.almasb.fxgl.cutscene.CutsceneService, class com.almasb.fxgl.minigames.MiniGameService, class com.almasb.fxgl.net.NetService, class com.almasb.fxgl.app.services.UpdaterService, class com.almasb.fxgl.dev.DevService]
19:00:20.289 [FXGL Background Thread 3 ] DEBUG Engine               - fontGame: Abel-Regular.ttf
19:00:20.289 [FXGL Background Thread 3 ] DEBUG Engine               - fontMono: lucida_console.ttf
19:00:20.289 [FXGL Background Thread 3 ] DEBUG Engine               - fontText: Courier-Prime.ttf
19:00:20.289 [FXGL Background Thread 3 ] DEBUG Engine               - fontUI: VarelaRound-Regular.ttf
19:00:20.289 [FXGL Background Thread 3 ] DEBUG Engine               - fullScreen: BooleanProperty [value: false]
19:00:20.289 [FXGL Background Thread 3 ] DEBUG Engine               - gameDifficulty: MEDIUM
19:00:20.289 [FXGL Background Thread 3 ] DEBUG Engine               - gameDifficultyProperty: ObjectProperty [value: MEDIUM]
19:00:20.289 [FXGL Background Thread 3 ] DEBUG Engine               - globalMusicVolume: 0.5
19:00:20.289 [FXGL Background Thread 3 ] DEBUG Engine               - globalMusicVolumeProperty: DoubleProperty [value: 0.5]
19:00:20.289 [FXGL Background Thread 3 ] DEBUG Engine               - globalSoundVolume: 0.5
19:00:20.289 [FXGL Background Thread 3 ] DEBUG Engine               - globalSoundVolumeProperty: DoubleProperty [value: 0.5]
19:00:20.289 [FXGL Background Thread 3 ] DEBUG Engine               - height: 624
19:00:20.289 [FXGL Background Thread 3 ] DEBUG Engine               - is3D: false
19:00:20.289 [FXGL Background Thread 3 ] DEBUG Engine               - isAndroid: false
19:00:20.289 [FXGL Background Thread 3 ] DEBUG Engine               - isBrowser: false
19:00:20.290 [FXGL Background Thread 3 ] DEBUG Engine               - isClickFeedbackEnabled: false
19:00:20.290 [FXGL Background Thread 3 ] DEBUG Engine               - isCloseConfirmation: false
19:00:20.290 [FXGL Background Thread 3 ] DEBUG Engine               - isDesktop: true
19:00:20.290 [FXGL Background Thread 3 ] DEBUG Engine               - isDeveloperMenuEnabled: false
19:00:20.290 [FXGL Background Thread 3 ] DEBUG Engine               - isEntityPreloadEnabled: true
19:00:20.290 [FXGL Background Thread 3 ] DEBUG Engine               - isExperimentalTiledLargeMap: false
19:00:20.290 [FXGL Background Thread 3 ] DEBUG Engine               - isFileSystemWriteAllowed: true
19:00:20.290 [FXGL Background Thread 3 ] DEBUG Engine               - isFullScreenAllowed: true
19:00:20.290 [FXGL Background Thread 3 ] DEBUG Engine               - isFullScreenFromStart: false
19:00:20.290 [FXGL Background Thread 3 ] DEBUG Engine               - isGameMenuEnabled: true
19:00:20.290 [FXGL Background Thread 3 ] DEBUG Engine               - isIOS: false
19:00:20.290 [FXGL Background Thread 3 ] DEBUG Engine               - isIntroEnabled: false
19:00:20.290 [FXGL Background Thread 3 ] DEBUG Engine               - isLinux: false
19:00:20.290 [FXGL Background Thread 3 ] DEBUG Engine               - isMac: false
19:00:20.290 [FXGL Background Thread 3 ] DEBUG Engine               - isMainMenuEnabled: false
19:00:20.290 [FXGL Background Thread 3 ] DEBUG Engine               - isManualResizeEnabled: false
19:00:20.290 [FXGL Background Thread 3 ] DEBUG Engine               - isMobile: false
19:00:20.290 [FXGL Background Thread 3 ] DEBUG Engine               - isNative: false
19:00:20.290 [FXGL Background Thread 3 ] DEBUG Engine               - isPauseMusicWhenMinimized: true
19:00:20.290 [FXGL Background Thread 3 ] DEBUG Engine               - isPreserveResizeRatio: false
19:00:20.291 [FXGL Background Thread 3 ] DEBUG Engine               - isProfilingEnabled: false
19:00:20.291 [FXGL Background Thread 3 ] DEBUG Engine               - isScaleAffectedOnResize: true
19:00:20.291 [FXGL Background Thread 3 ] DEBUG Engine               - isSingleStep: false
19:00:20.291 [FXGL Background Thread 3 ] DEBUG Engine               - isUserProfileEnabled: false
19:00:20.291 [FXGL Background Thread 3 ] DEBUG Engine               - isWindows: true
19:00:20.291 [FXGL Background Thread 3 ] DEBUG Engine               - language: ObjectProperty [value: ENGLISH]
19:00:20.291 [FXGL Background Thread 3 ] DEBUG Engine               - menuKey: ESCAPE
19:00:20.291 [FXGL Background Thread 3 ] DEBUG Engine               - mouseSensitivity: 0.2
19:00:20.291 [FXGL Background Thread 3 ] DEBUG Engine               - notificationViewClass: class com.almasb.fxgl.notification.view.XboxNotificationView
19:00:20.291 [FXGL Background Thread 3 ] DEBUG Engine               - pixelsPerMeter: 50.0
19:00:20.291 [FXGL Background Thread 3 ] DEBUG Engine               - platform: WINDOWS
19:00:20.291 [FXGL Background Thread 3 ] DEBUG Engine               - prefHeightProperty: ReadOnlyDoubleProperty [value: 624.0]
19:00:20.291 [FXGL Background Thread 3 ] DEBUG Engine               - prefWidthProperty: ReadOnlyDoubleProperty [value: 640.0]
19:00:20.291 [FXGL Background Thread 3 ] DEBUG Engine               - profileDir: profiles/
19:00:20.291 [FXGL Background Thread 3 ] DEBUG Engine               - profileName: StringProperty [value: DEFAULT]
19:00:20.291 [FXGL Background Thread 3 ] DEBUG Engine               - randomSeed: -1
19:00:20.291 [FXGL Background Thread 3 ] DEBUG Engine               - runtimeInfo: RuntimeInfo(platform=WINDOWS, version=11.17, build=16.07.2021 15.46)
19:00:20.291 [FXGL Background Thread 3 ] DEBUG Engine               - saveFileExt: sav
19:00:20.291 [FXGL Background Thread 3 ] DEBUG Engine               - scaledHeightProp$fxgl: DoubleProperty [bound, value: 624.0]
19:00:20.291 [FXGL Background Thread 3 ] DEBUG Engine               - scaledWidthProp$fxgl: DoubleProperty [bound, value: 640.0]
19:00:20.291 [FXGL Background Thread 3 ] DEBUG Engine               - sceneFactory: com.almasb.fxgl.app.scene.SceneFactory@499a928d
19:00:20.291 [FXGL Background Thread 3 ] DEBUG Engine               - secondsIn24h: 60
19:00:20.291 [FXGL Background Thread 3 ] DEBUG Engine               - soundMenuBack: menu/back.wav
19:00:20.292 [FXGL Background Thread 3 ] DEBUG Engine               - soundMenuPress: menu/press.wav
19:00:20.292 [FXGL Background Thread 3 ] DEBUG Engine               - soundMenuSelect: menu/select.wav
19:00:20.292 [FXGL Background Thread 3 ] DEBUG Engine               - soundNotification: core/notification.wav
19:00:20.292 [FXGL Background Thread 3 ] DEBUG Engine               - stageStyle: DECORATED
19:00:20.292 [FXGL Background Thread 3 ] DEBUG Engine               - supportedLanguages: [ENGLISH, FRENCH, GERMAN, HUNGARIAN, RUSSIAN]
19:00:20.292 [FXGL Background Thread 3 ] DEBUG Engine               - ticksPerSecond: -1
19:00:20.292 [FXGL Background Thread 3 ] DEBUG Engine               - title: BOMBERMAN
19:00:20.292 [FXGL Background Thread 3 ] DEBUG Engine               - urlGithub: https://github.com/AlmasB/FXGL
19:00:20.292 [FXGL Background Thread 3 ] DEBUG Engine               - urlLeaderboard: http://fxgl-top.herokuapp.com/
19:00:20.292 [FXGL Background Thread 3 ] DEBUG Engine               - urlPOM: https://raw.githubusercontent.com/AlmasB/FXGL/release/README.md
19:00:20.292 [FXGL Background Thread 3 ] DEBUG Engine               - userAppClass: class Bomberman.BombermanGame
19:00:20.292 [FXGL Background Thread 3 ] DEBUG Engine               - version: 1.0
19:00:20.292 [FXGL Background Thread 3 ] DEBUG Engine               - versionCheckDays: 7
19:00:20.292 [FXGL Background Thread 3 ] DEBUG Engine               - width: 640
19:00:20.292 [FXGL Background Thread 3 ] DEBUG Engine               - Logging services
19:00:20.292 [FXGL Background Thread 3 ] DEBUG Engine               - class com.almasb.fxgl.app.services.FXGLAssetLoaderService
19:00:20.292 [FXGL Background Thread 3 ] DEBUG Engine               - class com.almasb.fxgl.app.FXGLApplication$GameApplicationService
19:00:20.292 [FXGL Background Thread 3 ] DEBUG Engine               - class com.almasb.fxgl.app.services.FXGLDialogService
19:00:20.292 [FXGL Background Thread 3 ] DEBUG Engine               - class com.almasb.fxgl.app.services.IOTaskExecutorService
19:00:20.292 [FXGL Background Thread 3 ] DEBUG Engine               - class com.almasb.fxgl.io.FileSystemService
19:00:20.292 [FXGL Background Thread 3 ] DEBUG Engine               - class com.almasb.fxgl.localization.LocalizationService
19:00:20.292 [FXGL Background Thread 3 ] DEBUG Engine               - class com.almasb.fxgl.app.services.SystemBundleService
19:00:20.292 [FXGL Background Thread 3 ] DEBUG Engine               - class com.almasb.fxgl.profile.SaveLoadService
19:00:20.292 [FXGL Background Thread 3 ] DEBUG Engine               - class com.almasb.fxgl.ui.FXGLUIFactoryServiceProvider
19:00:20.292 [FXGL Background Thread 3 ] DEBUG Engine               - class com.almasb.fxgl.ui.FXGLDialogFactoryServiceProvider
19:00:20.292 [FXGL Background Thread 3 ] DEBUG Engine               - class com.almasb.fxgl.audio.AudioPlayer
19:00:20.292 [FXGL Background Thread 3 ] DEBUG Engine               - class com.almasb.fxgl.notification.impl.NotificationServiceProvider
19:00:20.292 [FXGL Background Thread 3 ] DEBUG Engine               - class com.almasb.fxgl.achievement.AchievementService
19:00:20.292 [FXGL Background Thread 3 ] DEBUG Engine               - class com.almasb.fxgl.cutscene.CutsceneService
19:00:20.293 [FXGL Background Thread 3 ] DEBUG Engine               - class com.almasb.fxgl.minigames.MiniGameService
19:00:20.293 [FXGL Background Thread 3 ] DEBUG Engine               - class com.almasb.fxgl.net.NetService
19:00:20.293 [FXGL Background Thread 3 ] DEBUG Engine               - class com.almasb.fxgl.app.services.UpdaterService
19:00:20.293 [FXGL Background Thread 3 ] DEBUG Engine               - class com.almasb.fxgl.dev.DevService
19:00:28.000 [FXGL Background Thread 2 ] INFO  UpdaterService       - Your current version:  11.17
19:00:28.000 [FXGL Background Thread 2 ] INFO  UpdaterService       - Latest stable version: 17.2
19:00:35.069 [JavaFX Application Thread] DEBUG FXGLAssetLoaderServi - Loading from file system: file:/C:/Users/Admin/Desktop/Bomberman/target/classes/assets/sounds/place_bomb.wav
19:00:35.172 [JavaFX Application Thread] DEBUG FXGLAssetLoaderServi - Loading from file system: file:/C:/Users/Admin/Desktop/Bomberman/target/classes/assets/textures/bomb.png
19:00:37.059 [JavaFX Application Thread] DEBUG FXGLAssetLoaderServi - Loading from file system: file:/C:/Users/Admin/Desktop/Bomberman/target/classes/assets/sounds/explosion.wav
19:00:37.063 [JavaFX Application Thread] DEBUG FXGLAssetLoaderServi - Loading from file system: file:/C:/Users/Admin/Desktop/Bomberman/target/classes/assets/textures/central_flame.png
19:00:37.064 [JavaFX Application Thread] DEBUG FXGLAssetLoaderServi - Loading from file system: file:/C:/Users/Admin/Desktop/Bomberman/target/classes/assets/textures/top_up_flame.png
19:00:37.065 [JavaFX Application Thread] DEBUG FXGLAssetLoaderServi - Loading from file system: file:/C:/Users/Admin/Desktop/Bomberman/target/classes/assets/textures/top_down_flame.png
19:00:37.066 [JavaFX Application Thread] DEBUG FXGLAssetLoaderServi - Loading from file system: file:/C:/Users/Admin/Desktop/Bomberman/target/classes/assets/textures/top_right_flame.png
19:00:37.067 [JavaFX Application Thread] DEBUG FXGLAssetLoaderServi - Loading from file system: file:/C:/Users/Admin/Desktop/Bomberman/target/classes/assets/textures/top_left_flame.png
19:01:13.424 [JavaFX Application Thread] DEBUG FXGLApplication      - Exiting FXGL
19:01:13.424 [JavaFX Application Thread] DEBUG LoopRunner           - Stopping loop
19:01:13.424 [JavaFX Application Thread] DEBUG SystemBundleService  - Saving FXGL system data
19:01:13.426 [JavaFX Application Thread] DEBUG FileSystemAccess     - Writing to: C:\Users\Admin\Desktop\Bomberman\system\fxgl.bundle
19:01:13.427 [JavaFX Application Thread] DEBUG Async                - Shutting down background threads
19:01:13.427 [JavaFX Application Thread] DEBUG PrimaryStageWindow   - Closing main window
19:01:13.445 [JavaFX Application Thread] DEBUG Logger               - Closing Logger
