15:45:52.034 [main                     ] DEBUG Logger               - Configured Logger
15:45:52.053 [main                     ] DEBUG GameApplication      - Logging settings
Title: BOMBER
 MAN
Version: 1.0
Width: 1280
Height: 720
Fullscreen: true
Intro: false
Profiling: false
Single step:false
App Mode: DEVELOPER
Menu Key: ESCAPE
Stage Style: DECORATED
Scene Factory: class Bomberman.BombermanGame$1

15:45:52.502 [JavaFX Application Thread] DEBUG FXGLApplication      - Initializing FXGL
15:45:52.505 [JavaFX Application Thread] INFO  Engine               - FXGL-11.17 (16.07.2021 15.46) on WINDOWS (J:11.0.16.1 FX:16)
15:45:52.505 [JavaFX Application Thread] DEBUG Engine               - JRE Vendor Name: Oracle Corporation
15:45:52.506 [JavaFX Application Thread] DEBUG Engine               - Running on OS: Windows 11 version 10.0
15:45:52.506 [JavaFX Application Thread] DEBUG Engine               - Architecture: amd64
15:45:52.506 [JavaFX Application Thread] INFO  Engine               - Source code and latest versions at: https://github.com/AlmasB/FXGL
15:45:52.506 [JavaFX Application Thread] INFO  Engine               -              Join the FXGL chat at: https://gitter.im/AlmasB/FXGL
15:45:52.631 [JavaFX Application Thread] DEBUG PrimaryStageWindow   - Creating a JavaFX scene
15:45:52.696 [JavaFX Application Thread] DEBUG PrimaryStageWindow   - Target settings size: 1280.0 x 720.0
15:45:52.697 [JavaFX Application Thread] DEBUG PrimaryStageWindow   - Scaled scene size:    1280.0 x 720.0
15:45:52.697 [JavaFX Application Thread] DEBUG PrimaryStageWindow   - Scaled ratio: (1.0, 1.0)
15:45:52.699 [JavaFX Application Thread] DEBUG PrimaryStageWindow   - Set initial scene to FXGLStartupScene
15:45:52.709 [JavaFX Application Thread] DEBUG PrimaryStageWindow   - Opening main window
15:45:52.829 [JavaFX Application Thread] DEBUG PrimaryStageWindow   - Window border size: (13.0, 35.5)
15:45:52.830 [JavaFX Application Thread] DEBUG PrimaryStageWindow   - Scaled size: 1280.0 x 720.0
15:45:52.830 [JavaFX Application Thread] DEBUG PrimaryStageWindow   - Scaled ratio: (1.0, 1.0)
15:45:52.830 [JavaFX Application Thread] DEBUG PrimaryStageWindow   - Scene size: 1280.0 x 720.0
15:45:52.831 [JavaFX Application Thread] DEBUG PrimaryStageWindow   - Stage size: 1293.0 x 755.5
15:45:52.844 [FXGL Background Thread 1 ] DEBUG Engine               - Initializing environment variables
15:45:52.931 [FXGL Background Thread 1 ] DEBUG FXGLAssetLoaderServi - User app class for loading assets: class Bomberman.BombermanGame
15:45:52.931 [FXGL Background Thread 1 ] DEBUG GameApplicationServi - Applying CSS: fxgl_dark.css
15:45:52.932 [FXGL Background Thread 1 ] DEBUG FXGLAssetLoaderServi - Loading from file system: jar:file:/C:/Users/Admin/.m2/repository/com/github/almasb/fxgl/11.17/fxgl-11.17.jar!/fxglassets/ui/css/fxgl_dark.css
15:45:52.992 [FXGL Background Thread 1 ] DEBUG GameApplicationServi - Initializing application scenes
15:45:53.047 [FXGL Background Thread 1 ] DEBUG GameWorld            - Game world initialized
15:45:53.121 [FXGL Background Thread 1 ] DEBUG PhysicsWorld         - Physics world initialized: appHeight=720, physics.ppm=50.0
15:45:53.122 [FXGL Background Thread 1 ] DEBUG PhysicsWorld         - Using strategy: BRUTE_FORCE
15:45:53.125 [FXGL Background Thread 1 ] DEBUG GameScene            - Game scene initialized: 1280x720
15:45:53.263 [FXGL Background Thread 1 ] DEBUG GameApplicationServi - Application scenes initialized
15:45:53.275 [FXGL Background Thread 1 ] DEBUG SystemBundleService  - Loading FXGL system data
15:45:53.280 [FXGL Background Thread 1 ] DEBUG FileSystemAccess     - Reading from: C:\Users\Admin\Desktop\Bomberman\system\fxgl.bundle
15:45:53.286 [FXGL Background Thread 1 ] DEBUG SystemBundleService  - Bundle FXGL: {}
15:45:53.286 [FXGL Background Thread 1 ] DEBUG UpdaterService       - Checking for updates
15:45:53.291 [FXGL Background Thread 4 ] DEBUG FXGLApplication      - Loading fonts
15:45:53.292 [FXGL Background Thread 4 ] DEBUG FXGLAssetLoaderServi - Loading from file system: file:/C:/Users/Admin/Desktop/Bomberman/target/classes/assets/ui/fonts/game_font.ttf
15:45:53.292 [FXGL Background Thread 1 ] DEBUG FXGLApplication      - Loading default localization
15:45:53.293 [FXGL Background Thread 1 ] DEBUG FXGLAssetLoaderServi - Loading from file system: jar:file:/C:/Users/Admin/.m2/repository/com/github/almasb/fxgl/11.17/fxgl-11.17.jar!/fxglassets/languages/english.lang
15:45:53.310 [FXGL Background Thread 1 ] INFO  FXGLApplication      - FXGL initialization took: 0.465 sec
15:45:53.324 [JavaFX Application Thread] DEBUG Input                - Registered new binding: Move Left - A
15:45:53.324 [JavaFX Application Thread] DEBUG Input                - Registered new binding: Move Right - D
15:45:53.325 [JavaFX Application Thread] DEBUG Input                - Registered new binding: Move Up - W
15:45:53.325 [JavaFX Application Thread] DEBUG Input                - Registered new binding: Move Down - S
15:45:53.325 [JavaFX Application Thread] DEBUG Input                - Registered new binding: Place Bomb - Space
15:45:53.325 [JavaFX Application Thread] DEBUG Input                - Registered new binding: Switch to classic bomb - 1
15:45:53.325 [JavaFX Application Thread] DEBUG Input                - Registered new binding: Switch to lazer bomb - 2
15:45:53.326 [JavaFX Application Thread] DEBUG Input                - Registered new binding: Switch to light bomb - 3
15:45:53.326 [JavaFX Application Thread] DEBUG Input                - Registered new binding: Next level - P
15:45:53.326 [JavaFX Application Thread] DEBUG Input                - Registered new binding: Developer Mode - O
15:45:53.328 [JavaFX Application Thread] DEBUG FXGLAssetLoaderServi - Loading from file system: file:/C:/Users/Admin/Desktop/Bomberman/target/classes/assets/music/stage_theme.mp3
15:45:53.559 [JavaFX Application Thread] DEBUG AudioPlayer          - Playing music com.almasb.fxgl.audio.Music@5100ebea
15:45:53.561 [JavaFX Application Thread] DEBUG FXGLAssetLoaderServi - Loading from file system: jar:file:/C:/Users/Admin/.m2/repository/com/github/almasb/fxgl/11.17/fxgl-11.17.jar!/fxglassets/textures/fxgl_icon.png
15:45:53.598 [JavaFX Application Thread] DEBUG FXGLAssetLoaderServi - Loading from file system: jar:file:/C:/Users/Admin/.m2/repository/com/github/almasb/fxgl/11.17/fxgl-11.17.jar!/fxglassets/textures/fxgl_default_cursor.png
15:45:53.602 [JavaFX Application Thread] DEBUG Input                - Registered new binding: Screenshot - CTRL+8
15:45:53.602 [JavaFX Application Thread] DEBUG Input                - Registered new binding: System info dump - CTRL+9
15:45:53.603 [JavaFX Application Thread] DEBUG Input                - Registered new binding: Restart - CTRL+R
15:45:53.603 [JavaFX Application Thread] DEBUG Input                - Registered new binding: Toggle Debug Camera - CTRL+C
15:45:53.607 [JavaFX Application Thread] DEBUG LoopRunner           - Starting loop
15:45:53.607 [JavaFX Application Thread] DEBUG LoopRunner           - Initializing JavaFX AnimationTimerLoop
15:45:53.610 [JavaFX Application Thread] DEBUG Input                - Clearing active input actions
15:45:53.623 [JavaFX Application Thread] DEBUG GameApplicationServi - Removing overlay from FXGLStartupScene and adding to FXGLMainMenuDummyScene
15:45:53.624 [JavaFX Application Thread] DEBUG PrimaryStageWindow   - FXGLStartupScene -> FXGLMainMenuDummyScene
15:45:53.624 [JavaFX Application Thread] DEBUG PrimaryStageWindow   - Push state: MainMenu
15:45:53.624 [JavaFX Application Thread] DEBUG Input                - Clearing active input actions
15:45:53.632 [JavaFX Application Thread] DEBUG GameApplicationServi - Removing overlay from FXGLMainMenuDummyScene and adding to MainMenu
15:45:53.632 [JavaFX Application Thread] DEBUG PrimaryStageWindow   - FXGLMainMenuDummyScene -> MainMenu
15:45:53.677 [FXGL Background Thread 4 ] DEBUG FXGLAssetLoaderServi - Loading from file system: jar:file:/C:/Users/Admin/.m2/repository/com/github/almasb/fxgl/11.17/fxgl-11.17.jar!/fxglassets/ui/fonts/Abel-Regular.ttf
15:45:53.684 [FXGL Background Thread 4 ] DEBUG FXGLAssetLoaderServi - Loading from file system: jar:file:/C:/Users/Admin/.m2/repository/com/github/almasb/fxgl/11.17/fxgl-11.17.jar!/fxglassets/ui/fonts/lucida_console.ttf
15:45:53.694 [FXGL Background Thread 4 ] DEBUG FXGLAssetLoaderServi - Loading from file system: jar:file:/C:/Users/Admin/.m2/repository/com/github/almasb/fxgl/11.17/fxgl-11.17.jar!/fxglassets/ui/fonts/Courier-Prime.ttf
15:45:53.720 [JavaFX Application Thread] DEBUG FXGLApplication      - Registering font factories with UI factory
15:45:54.079 [FXGL Background Thread 2 ] INFO  UpdaterService       - Your current version:  11.17
15:45:54.079 [FXGL Background Thread 2 ] INFO  UpdaterService       - Latest stable version: 17.2
15:45:55.855 [JavaFX Application Thread] DEBUG Menu                 - fireNewGame()
15:45:55.855 [JavaFX Application Thread] DEBUG GameApplicationServi - Starting new game
15:45:55.855 [JavaFX Application Thread] DEBUG PrimaryStageWindow   - Pop state: MainMenu
15:45:55.855 [JavaFX Application Thread] DEBUG Input                - Clearing active input actions
15:45:55.856 [JavaFX Application Thread] DEBUG GameApplicationServi - Removing overlay from MainMenu and adding to FXGLMainMenuDummyScene
15:45:55.856 [JavaFX Application Thread] DEBUG PrimaryStageWindow   - FXGLMainMenuDummyScene <- MainMenu
15:45:55.857 [JavaFX Application Thread] DEBUG Input                - Clearing active input actions
15:45:55.862 [JavaFX Application Thread] DEBUG GameApplicationServi - Removing overlay from FXGLMainMenuDummyScene and adding to FXGLLoadingScene
15:45:55.862 [JavaFX Application Thread] DEBUG PrimaryStageWindow   - FXGLMainMenuDummyScene -> FXGLLoadingScene
15:45:55.862 [JavaFX Application Thread] DEBUG GameApplicationServi - Clearing previous game
15:45:55.862 [JavaFX Application Thread] DEBUG GameScene            - Clearing game scene
15:45:55.862 [JavaFX Application Thread] DEBUG GameWorld            - Clearing game world
15:45:55.862 [JavaFX Application Thread] DEBUG PhysicsWorld         - Clearing physics world
15:45:55.863 [FXGL Background Thread 2 ] DEBUG FXGLApplication      - Initializing game
15:45:55.881 [FXGL Background Thread 2 ] DEBUG FXGLAssetLoaderServi - Loading from file system: file:/C:/Users/Admin/Desktop/Bomberman/target/classes/assets/textures/wall.png
15:45:55.948 [FXGL Background Thread 2 ] DEBUG FXGLAssetLoaderServi - Loading from file system: file:/C:/Users/Admin/Desktop/Bomberman/target/classes/assets/textures/player_die.png
15:45:55.950 [FXGL Background Thread 2 ] DEBUG FXGLAssetLoaderServi - Loading from file system: file:/C:/Users/Admin/Desktop/Bomberman/target/classes/assets/textures/player_down.png
15:45:55.952 [FXGL Background Thread 2 ] DEBUG FXGLAssetLoaderServi - Loading from file system: file:/C:/Users/Admin/Desktop/Bomberman/target/classes/assets/textures/player_right.png
15:45:55.953 [FXGL Background Thread 2 ] DEBUG FXGLAssetLoaderServi - Loading from file system: file:/C:/Users/Admin/Desktop/Bomberman/target/classes/assets/textures/player_up.png
15:45:55.955 [FXGL Background Thread 2 ] DEBUG FXGLAssetLoaderServi - Loading from file system: file:/C:/Users/Admin/Desktop/Bomberman/target/classes/assets/textures/player_left.png
15:45:55.963 [FXGL Background Thread 2 ] DEBUG FXGLAssetLoaderServi - Loading from file system: file:/C:/Users/Admin/Desktop/Bomberman/target/classes/assets/textures/powerup_bombs.png
15:45:55.967 [FXGL Background Thread 2 ] DEBUG FXGLAssetLoaderServi - Loading from file system: file:/C:/Users/Admin/Desktop/Bomberman/target/classes/assets/textures/brick.png
15:45:55.968 [FXGL Background Thread 2 ] DEBUG FXGLAssetLoaderServi - Loading from file system: file:/C:/Users/Admin/Desktop/Bomberman/target/classes/assets/textures/brick_break.png
15:45:55.973 [FXGL Background Thread 2 ] DEBUG FXGLAssetLoaderServi - Loading from file system: file:/C:/Users/Admin/Desktop/Bomberman/target/classes/assets/textures/enemy1.png
15:45:55.985 [FXGL Background Thread 2 ] DEBUG FXGLAssetLoaderServi - Loading from file system: file:/C:/Users/Admin/Desktop/Bomberman/target/classes/assets/textures/enemy2.png
15:45:56.014 [FXGL Background Thread 2 ] DEBUG FXGLAssetLoaderServi - Loading from file system: file:/C:/Users/Admin/Desktop/Bomberman/target/classes/assets/textures/portal.png
15:45:56.038 [FXGL Background Thread 2 ] DEBUG FXGLAssetLoaderServi - Loading from file system: file:/C:/Users/Admin/Desktop/Bomberman/target/classes/assets/textures/powerup_flames.png
15:45:56.086 [FXGL Background Thread 2 ] DEBUG FXGLAssetLoaderServi - Loading from file system: file:/C:/Users/Admin/Desktop/Bomberman/target/classes/assets/textures/enemy4.png
15:45:56.093 [FXGL Background Thread 2 ] DEBUG FXGLAssetLoaderServi - Loading from file system: file:/C:/Users/Admin/Desktop/Bomberman/target/classes/assets/textures/powerup_speed.png
15:45:56.099 [FXGL Background Thread 2 ] DEBUG FXGLAssetLoaderServi - Loading from file system: file:/C:/Users/Admin/Desktop/Bomberman/target/classes/assets/textures/enemy3.png
15:45:56.126 [FXGL Background Thread 2 ] INFO  FXGLApplication      - Game initialization took: 0.262 sec
15:45:56.128 [JavaFX Application Thread] DEBUG Input                - Clearing active input actions
15:45:56.147 [JavaFX Application Thread] DEBUG GameApplicationServi - Removing overlay from FXGLLoadingScene and adding to GameScene
15:45:56.147 [JavaFX Application Thread] DEBUG PrimaryStageWindow   - FXGLLoadingScene -> GameScene
15:45:56.154 [JavaFX Application Thread] DEBUG FXGLAssetLoaderServi - Loading from file system: file:/C:/Users/Admin/Desktop/Bomberman/target/classes/assets/sounds/stage_start.wav
15:45:56.186 [JavaFX Application Thread] DEBUG PrimaryStageWindow   - Push state: StageStartScene
15:45:56.186 [JavaFX Application Thread] DEBUG Input                - Clearing active input actions
15:45:56.187 [JavaFX Application Thread] DEBUG GameApplicationServi - Removing overlay from GameScene and adding to StageStartScene
15:45:56.187 [JavaFX Application Thread] DEBUG PrimaryStageWindow   - GameScene -> StageStartScene
15:45:56.292 [FXGL Background Thread 3 ] DEBUG Engine               - Logging environment variables
15:45:56.292 [FXGL Background Thread 3 ] DEBUG Engine               - achievements: []
15:45:56.292 [FXGL Background Thread 3 ] DEBUG Engine               - actualHeight: 720.0
15:45:56.293 [FXGL Background Thread 3 ] DEBUG Engine               - actualHeightProperty: ReadOnlyDoubleProperty [value: 720.0]
15:45:56.293 [FXGL Background Thread 3 ] DEBUG Engine               - actualWidth: 1280.0
15:45:56.293 [FXGL Background Thread 3 ] DEBUG Engine               - actualWidthProperty: ReadOnlyDoubleProperty [value: 1280.0]
15:45:56.293 [FXGL Background Thread 3 ] DEBUG Engine               - appIcon: fxgl_icon.png
15:45:56.293 [FXGL Background Thread 3 ] DEBUG Engine               - applicationMode: DEVELOPER
15:45:56.293 [FXGL Background Thread 3 ] DEBUG Engine               - cSSList: [fxgl_dark.css]
15:45:56.293 [FXGL Background Thread 3 ] DEBUG Engine               - collisionDetectionStrategy: BRUTE_FORCE
15:45:56.293 [FXGL Background Thread 3 ] DEBUG Engine               - configClass: Optional.empty
15:45:56.293 [FXGL Background Thread 3 ] DEBUG Engine               - credits: []
15:45:56.293 [FXGL Background Thread 3 ] DEBUG Engine               - defaultCursor: CursorInfo(imageName=fxgl_default_cursor.png, hotspotX=7.0, hotspotY=6.0)
15:45:56.293 [FXGL Background Thread 3 ] DEBUG Engine               - devBBoxColorProperty: ObjectProperty [value: 0xff0000ff]
15:45:56.294 [FXGL Background Thread 3 ] DEBUG Engine               - devEnableDebugCameraProperty: BooleanProperty [value: false]
15:45:56.294 [FXGL Background Thread 3 ] DEBUG Engine               - devSensorColorProperty: ObjectProperty [value: 0xffff00ff]
15:45:56.294 [FXGL Background Thread 3 ] DEBUG Engine               - devShowBBoxProperty: BooleanProperty [value: false]
15:45:56.294 [FXGL Background Thread 3 ] DEBUG Engine               - devShowPositionProperty: BooleanProperty [value: false]
15:45:56.294 [FXGL Background Thread 3 ] DEBUG Engine               - enabledMenuItems: []
15:45:56.294 [FXGL Background Thread 3 ] DEBUG Engine               - engineServices: [class com.almasb.fxgl.app.services.FXGLAssetLoaderService, class com.almasb.fxgl.app.FXGLApplication$GameApplicationService, class com.almasb.fxgl.app.services.FXGLDialogService, class com.almasb.fxgl.app.services.IOTaskExecutorService, class com.almasb.fxgl.io.FileSystemService, class com.almasb.fxgl.localization.LocalizationService, class com.almasb.fxgl.app.services.SystemBundleService, class com.almasb.fxgl.profile.SaveLoadService, class com.almasb.fxgl.ui.FXGLUIFactoryServiceProvider, class com.almasb.fxgl.ui.FXGLDialogFactoryServiceProvider, class com.almasb.fxgl.audio.AudioPlayer, class com.almasb.fxgl.notification.impl.NotificationServiceProvider, class com.almasb.fxgl.achievement.AchievementService, class com.almasb.fxgl.cutscene.CutsceneService, class com.almasb.fxgl.minigames.MiniGameService, class com.almasb.fxgl.net.NetService, class com.almasb.fxgl.app.services.UpdaterService, class com.almasb.fxgl.dev.DevService]
15:45:56.294 [FXGL Background Thread 3 ] DEBUG Engine               - fontGame: Abel-Regular.ttf
15:45:56.294 [FXGL Background Thread 3 ] DEBUG Engine               - fontMono: lucida_console.ttf
15:45:56.294 [FXGL Background Thread 3 ] DEBUG Engine               - fontText: Courier-Prime.ttf
15:45:56.294 [FXGL Background Thread 3 ] DEBUG Engine               - fontUI: game_font.ttf
15:45:56.294 [FXGL Background Thread 3 ] DEBUG Engine               - fullScreen: BooleanProperty [value: false]
15:45:56.294 [FXGL Background Thread 3 ] DEBUG Engine               - gameDifficulty: MEDIUM
15:45:56.295 [FXGL Background Thread 3 ] DEBUG Engine               - gameDifficultyProperty: ObjectProperty [value: MEDIUM]
15:45:56.295 [FXGL Background Thread 3 ] DEBUG Engine               - globalMusicVolume: 0.5
15:45:56.295 [FXGL Background Thread 3 ] DEBUG Engine               - globalMusicVolumeProperty: DoubleProperty [value: 0.0]
15:45:56.295 [FXGL Background Thread 3 ] DEBUG Engine               - globalSoundVolume: 0.5
15:45:56.295 [FXGL Background Thread 3 ] DEBUG Engine               - globalSoundVolumeProperty: DoubleProperty [value: 0.5]
15:45:56.295 [FXGL Background Thread 3 ] DEBUG Engine               - height: 720
15:45:56.295 [FXGL Background Thread 3 ] DEBUG Engine               - is3D: false
15:45:56.295 [FXGL Background Thread 3 ] DEBUG Engine               - isAndroid: false
15:45:56.295 [FXGL Background Thread 3 ] DEBUG Engine               - isBrowser: false
15:45:56.295 [FXGL Background Thread 3 ] DEBUG Engine               - isClickFeedbackEnabled: false
15:45:56.295 [FXGL Background Thread 3 ] DEBUG Engine               - isCloseConfirmation: false
15:45:56.295 [FXGL Background Thread 3 ] DEBUG Engine               - isDesktop: true
15:45:56.295 [FXGL Background Thread 3 ] DEBUG Engine               - isDeveloperMenuEnabled: false
15:45:56.295 [FXGL Background Thread 3 ] DEBUG Engine               - isEntityPreloadEnabled: true
15:45:56.295 [FXGL Background Thread 3 ] DEBUG Engine               - isExperimentalTiledLargeMap: false
15:45:56.295 [FXGL Background Thread 3 ] DEBUG Engine               - isFileSystemWriteAllowed: true
15:45:56.295 [FXGL Background Thread 3 ] DEBUG Engine               - isFullScreenAllowed: true
15:45:56.295 [FXGL Background Thread 3 ] DEBUG Engine               - isFullScreenFromStart: false
15:45:56.295 [FXGL Background Thread 3 ] DEBUG Engine               - isGameMenuEnabled: true
15:45:56.295 [FXGL Background Thread 3 ] DEBUG Engine               - isIOS: false
15:45:56.296 [FXGL Background Thread 3 ] DEBUG Engine               - isIntroEnabled: false
15:45:56.296 [FXGL Background Thread 3 ] DEBUG Engine               - isLinux: false
15:45:56.296 [FXGL Background Thread 3 ] DEBUG Engine               - isMac: false
15:45:56.296 [FXGL Background Thread 3 ] DEBUG Engine               - isMainMenuEnabled: true
15:45:56.296 [FXGL Background Thread 3 ] DEBUG Engine               - isManualResizeEnabled: false
15:45:56.296 [FXGL Background Thread 3 ] DEBUG Engine               - isMobile: false
15:45:56.296 [FXGL Background Thread 3 ] DEBUG Engine               - isNative: false
15:45:56.296 [FXGL Background Thread 3 ] DEBUG Engine               - isPauseMusicWhenMinimized: true
15:45:56.296 [FXGL Background Thread 3 ] DEBUG Engine               - isPreserveResizeRatio: false
15:45:56.296 [FXGL Background Thread 3 ] DEBUG Engine               - isProfilingEnabled: false
15:45:56.296 [FXGL Background Thread 3 ] DEBUG Engine               - isScaleAffectedOnResize: true
15:45:56.296 [FXGL Background Thread 3 ] DEBUG Engine               - isSingleStep: false
15:45:56.296 [FXGL Background Thread 3 ] DEBUG Engine               - isUserProfileEnabled: false
15:45:56.296 [FXGL Background Thread 3 ] DEBUG Engine               - isWindows: true
15:45:56.296 [FXGL Background Thread 3 ] DEBUG Engine               - language: ObjectProperty [value: ENGLISH]
15:45:56.296 [FXGL Background Thread 3 ] DEBUG Engine               - menuKey: ESCAPE
15:45:56.296 [FXGL Background Thread 3 ] DEBUG Engine               - mouseSensitivity: 0.2
15:45:56.296 [FXGL Background Thread 3 ] DEBUG Engine               - notificationViewClass: class com.almasb.fxgl.notification.view.XboxNotificationView
15:45:56.296 [FXGL Background Thread 3 ] DEBUG Engine               - pixelsPerMeter: 50.0
15:45:56.296 [FXGL Background Thread 3 ] DEBUG Engine               - platform: WINDOWS
15:45:56.296 [FXGL Background Thread 3 ] DEBUG Engine               - prefHeightProperty: ReadOnlyDoubleProperty [value: 720.0]
15:45:56.296 [FXGL Background Thread 3 ] DEBUG Engine               - prefWidthProperty: ReadOnlyDoubleProperty [value: 1280.0]
15:45:56.296 [FXGL Background Thread 3 ] DEBUG Engine               - profileDir: profiles/
15:45:56.297 [FXGL Background Thread 3 ] DEBUG Engine               - profileName: StringProperty [value: DEFAULT]
15:45:56.297 [FXGL Background Thread 3 ] DEBUG Engine               - randomSeed: -1
15:45:56.297 [FXGL Background Thread 3 ] DEBUG Engine               - runtimeInfo: RuntimeInfo(platform=WINDOWS, version=11.17, build=16.07.2021 15.46)
15:45:56.297 [FXGL Background Thread 3 ] DEBUG Engine               - saveFileExt: sav
15:45:56.297 [FXGL Background Thread 3 ] DEBUG Engine               - scaledHeightProp$fxgl: DoubleProperty [bound, value: 720.0]
15:45:56.297 [FXGL Background Thread 3 ] DEBUG Engine               - scaledWidthProp$fxgl: DoubleProperty [bound, value: 1280.0]
15:45:56.297 [FXGL Background Thread 3 ] DEBUG Engine               - sceneFactory: Bomberman.BombermanGame$1@4bc079d2
15:45:56.297 [FXGL Background Thread 3 ] DEBUG Engine               - secondsIn24h: 60
15:45:56.297 [FXGL Background Thread 3 ] DEBUG Engine               - soundMenuBack: menu/back.wav
15:45:56.297 [FXGL Background Thread 3 ] DEBUG Engine               - soundMenuPress: menu/press.wav
15:45:56.297 [FXGL Background Thread 3 ] DEBUG Engine               - soundMenuSelect: menu/select.wav
15:45:56.297 [FXGL Background Thread 3 ] DEBUG Engine               - soundNotification: core/notification.wav
15:45:56.297 [FXGL Background Thread 3 ] DEBUG Engine               - stageStyle: DECORATED
15:45:56.297 [FXGL Background Thread 3 ] DEBUG Engine               - supportedLanguages: [ENGLISH, FRENCH, GERMAN, HUNGARIAN, RUSSIAN]
15:45:56.297 [FXGL Background Thread 3 ] DEBUG Engine               - ticksPerSecond: -1
15:45:56.297 [FXGL Background Thread 3 ] DEBUG Engine               - title: BOMBER
 MAN
15:45:56.297 [FXGL Background Thread 3 ] DEBUG Engine               - urlGithub: https://github.com/AlmasB/FXGL
15:45:56.297 [FXGL Background Thread 3 ] DEBUG Engine               - urlLeaderboard: http://fxgl-top.herokuapp.com/
15:45:56.298 [FXGL Background Thread 3 ] DEBUG Engine               - urlPOM: https://raw.githubusercontent.com/AlmasB/FXGL/release/README.md
15:45:56.298 [FXGL Background Thread 3 ] DEBUG Engine               - userAppClass: class Bomberman.BombermanGame
15:45:56.298 [FXGL Background Thread 3 ] DEBUG Engine               - version: 1.0
15:45:56.298 [FXGL Background Thread 3 ] DEBUG Engine               - versionCheckDays: 7
15:45:56.298 [FXGL Background Thread 3 ] DEBUG Engine               - width: 1280
15:45:56.298 [FXGL Background Thread 3 ] DEBUG Engine               - Logging services
15:45:56.298 [FXGL Background Thread 3 ] DEBUG Engine               - class com.almasb.fxgl.app.services.FXGLAssetLoaderService
15:45:56.298 [FXGL Background Thread 3 ] DEBUG Engine               - class com.almasb.fxgl.app.FXGLApplication$GameApplicationService
15:45:56.298 [FXGL Background Thread 3 ] DEBUG Engine               - class com.almasb.fxgl.app.services.FXGLDialogService
15:45:56.298 [FXGL Background Thread 3 ] DEBUG Engine               - class com.almasb.fxgl.app.services.IOTaskExecutorService
15:45:56.298 [FXGL Background Thread 3 ] DEBUG Engine               - class com.almasb.fxgl.io.FileSystemService
15:45:56.298 [FXGL Background Thread 3 ] DEBUG Engine               - class com.almasb.fxgl.localization.LocalizationService
15:45:56.298 [FXGL Background Thread 3 ] DEBUG Engine               - class com.almasb.fxgl.app.services.SystemBundleService
15:45:56.298 [FXGL Background Thread 3 ] DEBUG Engine               - class com.almasb.fxgl.profile.SaveLoadService
15:45:56.298 [FXGL Background Thread 3 ] DEBUG Engine               - class com.almasb.fxgl.ui.FXGLUIFactoryServiceProvider
15:45:56.298 [FXGL Background Thread 3 ] DEBUG Engine               - class com.almasb.fxgl.ui.FXGLDialogFactoryServiceProvider
15:45:56.298 [FXGL Background Thread 3 ] DEBUG Engine               - class com.almasb.fxgl.audio.AudioPlayer
15:45:56.298 [FXGL Background Thread 3 ] DEBUG Engine               - class com.almasb.fxgl.notification.impl.NotificationServiceProvider
15:45:56.298 [FXGL Background Thread 3 ] DEBUG Engine               - class com.almasb.fxgl.achievement.AchievementService
15:45:56.298 [FXGL Background Thread 3 ] DEBUG Engine               - class com.almasb.fxgl.cutscene.CutsceneService
15:45:56.298 [FXGL Background Thread 3 ] DEBUG Engine               - class com.almasb.fxgl.minigames.MiniGameService
15:45:56.298 [FXGL Background Thread 3 ] DEBUG Engine               - class com.almasb.fxgl.net.NetService
15:45:56.298 [FXGL Background Thread 3 ] DEBUG Engine               - class com.almasb.fxgl.app.services.UpdaterService
15:45:56.298 [FXGL Background Thread 3 ] DEBUG Engine               - class com.almasb.fxgl.dev.DevService
15:46:00.051 [JavaFX Application Thread] DEBUG PrimaryStageWindow   - Pop state: StageStartScene
15:46:00.051 [JavaFX Application Thread] DEBUG Input                - Clearing active input actions
15:46:00.051 [JavaFX Application Thread] DEBUG GameApplicationServi - Removing overlay from StageStartScene and adding to GameScene
15:46:00.052 [JavaFX Application Thread] DEBUG PrimaryStageWindow   - GameScene <- StageStartScene
15:46:01.419 [JavaFX Application Thread] DEBUG FXGLAssetLoaderServi - Loading from file system: file:/C:/Users/Admin/Desktop/Bomberman/target/classes/assets/sounds/place_bomb.wav
15:46:01.423 [JavaFX Application Thread] DEBUG FXGLAssetLoaderServi - Loading from file system: file:/C:/Users/Admin/Desktop/Bomberman/target/classes/assets/textures/bomb.png
15:46:03.428 [JavaFX Application Thread] DEBUG FXGLAssetLoaderServi - Loading from file system: file:/C:/Users/Admin/Desktop/Bomberman/target/classes/assets/sounds/explosion.wav
15:46:03.433 [JavaFX Application Thread] DEBUG FXGLAssetLoaderServi - Loading from file system: file:/C:/Users/Admin/Desktop/Bomberman/target/classes/assets/textures/central_flame.png
15:46:03.434 [JavaFX Application Thread] DEBUG FXGLAssetLoaderServi - Loading from file system: file:/C:/Users/Admin/Desktop/Bomberman/target/classes/assets/textures/top_up_flame.png
15:46:03.435 [JavaFX Application Thread] DEBUG FXGLAssetLoaderServi - Loading from file system: file:/C:/Users/Admin/Desktop/Bomberman/target/classes/assets/textures/top_down_flame.png
15:46:03.436 [JavaFX Application Thread] DEBUG FXGLAssetLoaderServi - Loading from file system: file:/C:/Users/Admin/Desktop/Bomberman/target/classes/assets/textures/top_right_flame.png
15:46:03.437 [JavaFX Application Thread] DEBUG FXGLAssetLoaderServi - Loading from file system: file:/C:/Users/Admin/Desktop/Bomberman/target/classes/assets/textures/top_left_flame.png
15:46:04.436 [JavaFX Application Thread] DEBUG FXGLAssetLoaderServi - Loading from file system: file:/C:/Users/Admin/Desktop/Bomberman/target/classes/assets/sounds/powerup.wav
15:46:08.036 [JavaFX Application Thread] DEBUG FXGLAssetLoaderServi - Loading from file system: file:/C:/Users/Admin/Desktop/Bomberman/target/classes/assets/textures/right_flame.png
15:46:08.038 [JavaFX Application Thread] DEBUG FXGLAssetLoaderServi - Loading from file system: file:/C:/Users/Admin/Desktop/Bomberman/target/classes/assets/textures/left_flame.png
15:46:08.039 [JavaFX Application Thread] DEBUG FXGLAssetLoaderServi - Loading from file system: file:/C:/Users/Admin/Desktop/Bomberman/target/classes/assets/textures/down_flame.png
15:46:08.039 [JavaFX Application Thread] DEBUG FXGLAssetLoaderServi - Loading from file system: file:/C:/Users/Admin/Desktop/Bomberman/target/classes/assets/textures/up_flame.png
15:46:15.968 [JavaFX Application Thread] DEBUG PrimaryStageWindow   - Push state: GameMenu
15:46:15.968 [JavaFX Application Thread] DEBUG Input                - Clearing active input actions
15:46:15.969 [JavaFX Application Thread] DEBUG GameApplicationServi - Removing overlay from GameScene and adding to GameMenu
15:46:15.969 [JavaFX Application Thread] DEBUG PrimaryStageWindow   - GameScene -> GameMenu
15:46:16.887 [JavaFX Application Thread] DEBUG Menu                 - fireExit()
15:46:16.892 [JavaFX Application Thread] DEBUG PrimaryStageWindow   - Push state: DialogSubScene
15:46:16.892 [JavaFX Application Thread] DEBUG Input                - Clearing active input actions
15:46:16.893 [JavaFX Application Thread] DEBUG GameApplicationServi - Removing overlay from GameMenu and adding to DialogSubScene
15:46:16.893 [JavaFX Application Thread] DEBUG PrimaryStageWindow   - GameMenu -> DialogSubScene
15:46:17.663 [JavaFX Application Thread] DEBUG PrimaryStageWindow   - Pop state: DialogSubScene
15:46:17.664 [JavaFX Application Thread] DEBUG Input                - Clearing active input actions
15:46:17.664 [JavaFX Application Thread] DEBUG GameApplicationServi - Removing overlay from DialogSubScene and adding to GameMenu
15:46:17.664 [JavaFX Application Thread] DEBUG PrimaryStageWindow   - GameMenu <- DialogSubScene
15:46:17.664 [JavaFX Application Thread] DEBUG FXGLApplication      - Exiting FXGL
15:46:17.665 [JavaFX Application Thread] DEBUG LoopRunner           - Stopping loop
15:46:17.665 [JavaFX Application Thread] DEBUG SystemBundleService  - Saving FXGL system data
15:46:17.666 [JavaFX Application Thread] DEBUG FileSystemAccess     - Writing to: C:\Users\Admin\Desktop\Bomberman\system\fxgl.bundle
15:46:17.668 [JavaFX Application Thread] DEBUG Async                - Shutting down background threads
15:46:17.668 [JavaFX Application Thread] DEBUG PrimaryStageWindow   - Closing main window
15:46:17.682 [JavaFX Application Thread] DEBUG Logger               - Closing Logger
