07:51:41.461 [main                     ] DEBUG Logger               - Configured Logger
07:51:41.465 [main                     ] DEBUG GameApplication      - Logging settings
Title: BOMBERMAN
Version: 1.0
Width: 1488
Height: 624
Fullscreen: true
Intro: false
Profiling: false
Single step:false
App Mode: DEVELOPER
Menu Key: ESCAPE
Stage Style: DECORATED
Scene Factory: class com.almasb.fxgl.app.scene.SceneFactory

07:51:41.793 [JavaFX Application Thread] DEBUG FXGLApplication      - Initializing FXGL
07:51:41.795 [JavaFX Application Thread] INFO  Engine               - FXGL-11.17 (16.07.2021 15.46) on WINDOWS (J:11.0.16.1 FX:16)
07:51:41.795 [JavaFX Application Thread] DEBUG Engine               - JRE Vendor Name: Oracle Corporation
07:51:41.796 [JavaFX Application Thread] DEBUG Engine               - Running on OS: Windows 11 version 10.0
07:51:41.796 [JavaFX Application Thread] DEBUG Engine               - Architecture: amd64
07:51:41.796 [JavaFX Application Thread] INFO  Engine               - Source code and latest versions at: https://github.com/AlmasB/FXGL
07:51:41.796 [JavaFX Application Thread] INFO  Engine               -              Join the FXGL chat at: https://gitter.im/AlmasB/FXGL
07:51:41.891 [JavaFX Application Thread] DEBUG PrimaryStageWindow   - Creating a JavaFX scene
07:51:41.891 [JavaFX Application Thread] DEBUG PrimaryStageWindow   - Target size > screen size
07:51:41.937 [JavaFX Application Thread] DEBUG PrimaryStageWindow   - Target settings size: 1488.0 x 624.0
07:51:41.937 [JavaFX Application Thread] DEBUG PrimaryStageWindow   - Scaled scene size:    1415.0 x 603.0
07:51:41.937 [JavaFX Application Thread] DEBUG PrimaryStageWindow   - Scaled ratio: (0.9509408602150538, 0.9663461538461539)
07:51:41.938 [JavaFX Application Thread] DEBUG PrimaryStageWindow   - Set initial scene to FXGLStartupScene
07:51:41.945 [JavaFX Application Thread] DEBUG PrimaryStageWindow   - Opening main window
07:51:42.029 [JavaFX Application Thread] DEBUG PrimaryStageWindow   - Window border size: (13.0, 35.5)
07:51:42.030 [JavaFX Application Thread] DEBUG PrimaryStageWindow   - Scaled size: 1415.0 x 603.0
07:51:42.030 [JavaFX Application Thread] DEBUG PrimaryStageWindow   - Scaled ratio: (0.9509408602150538, 0.9663461538461539)
07:51:42.030 [JavaFX Application Thread] DEBUG PrimaryStageWindow   - Scene size: 1415.0 x 603.0
07:51:42.030 [JavaFX Application Thread] DEBUG PrimaryStageWindow   - Stage size: 1428.0 x 638.5
07:51:42.038 [FXGL Background Thread 1 ] DEBUG Engine               - Initializing environment variables
07:51:42.099 [FXGL Background Thread 1 ] DEBUG FXGLAssetLoaderServi - User app class for loading assets: class Bomberman.BombermanGame
07:51:42.099 [FXGL Background Thread 1 ] DEBUG GameApplicationServi - Applying CSS: fxgl_dark.css
07:51:42.100 [FXGL Background Thread 1 ] DEBUG FXGLAssetLoaderServi - Loading from file system: jar:file:/C:/Users/Admin/.m2/repository/com/github/almasb/fxgl/11.17/fxgl-11.17.jar!/fxglassets/ui/css/fxgl_dark.css
07:51:42.134 [FXGL Background Thread 1 ] DEBUG GameApplicationServi - Initializing application scenes
07:51:42.167 [FXGL Background Thread 1 ] DEBUG GameWorld            - Game world initialized
07:51:42.221 [FXGL Background Thread 1 ] DEBUG PhysicsWorld         - Physics world initialized: appHeight=624, physics.ppm=50.0
07:51:42.222 [FXGL Background Thread 1 ] DEBUG PhysicsWorld         - Using strategy: BRUTE_FORCE
07:51:42.224 [FXGL Background Thread 1 ] DEBUG GameScene            - Game scene initialized: 1488x624
07:51:42.235 [FXGL Background Thread 1 ] DEBUG FXGL.DefaultMenu     - createMenuBodyGameMenu()
07:51:42.249 [FXGL Background Thread 1 ] DEBUG FXGL.DefaultMenu     - createOptionsMenu()
07:51:42.258 [FXGL Background Thread 1 ] DEBUG FXGLAssetLoaderServi - Loading from file system: jar:file:/C:/Users/Admin/.m2/repository/com/github/almasb/fxgl/11.17/fxgl-11.17.jar!/fxglassets/textures/particles/smoke.png
07:51:42.333 [FXGL Background Thread 1 ] DEBUG FXGLAssetLoaderServi - Loading from file system: jar:file:/C:/Users/Admin/.m2/repository/com/github/almasb/fxgl/11.17/fxgl-11.17.jar!/fxglassets/textures/particles/trace_horizontal.png
07:51:42.358 [FXGL Background Thread 1 ] DEBUG GameApplicationServi - Application scenes initialized
07:51:42.371 [FXGL Background Thread 1 ] DEBUG SystemBundleService  - Loading FXGL system data
07:51:42.375 [FXGL Background Thread 1 ] DEBUG FileSystemAccess     - Reading from: C:\Users\Admin\Desktop\Bomberman\system\fxgl.bundle
07:51:42.381 [FXGL Background Thread 1 ] DEBUG SystemBundleService  - Bundle FXGL: {}
07:51:42.381 [FXGL Background Thread 1 ] DEBUG UpdaterService       - Checking for updates
07:51:42.384 [FXGL Background Thread 4 ] DEBUG FXGLApplication      - Loading fonts
07:51:42.385 [FXGL Background Thread 1 ] DEBUG FXGLApplication      - Loading default localization
07:51:42.385 [FXGL Background Thread 4 ] DEBUG FXGLAssetLoaderServi - Loading from file system: jar:file:/C:/Users/Admin/.m2/repository/com/github/almasb/fxgl/11.17/fxgl-11.17.jar!/fxglassets/ui/fonts/VarelaRound-Regular.ttf
07:51:42.386 [FXGL Background Thread 1 ] DEBUG FXGLAssetLoaderServi - Loading from file system: jar:file:/C:/Users/Admin/.m2/repository/com/github/almasb/fxgl/11.17/fxgl-11.17.jar!/fxglassets/languages/english.lang
07:51:42.398 [FXGL Background Thread 1 ] INFO  FXGLApplication      - FXGL initialization took: 0.359 sec
07:51:42.407 [JavaFX Application Thread] DEBUG Input                - Registered new binding: Move Left - A
07:51:42.407 [JavaFX Application Thread] DEBUG Input                - Registered new binding: Move Right - D
07:51:42.407 [JavaFX Application Thread] DEBUG Input                - Registered new binding: Move Up - W
07:51:42.407 [JavaFX Application Thread] DEBUG Input                - Registered new binding: Move Down - S
07:51:42.408 [JavaFX Application Thread] DEBUG Input                - Registered new binding: Place Bomb - Space
07:51:42.408 [JavaFX Application Thread] DEBUG FXGLAssetLoaderServi - Loading from file system: jar:file:/C:/Users/Admin/.m2/repository/com/github/almasb/fxgl/11.17/fxgl-11.17.jar!/fxglassets/textures/fxgl_icon.png
07:51:42.425 [JavaFX Application Thread] DEBUG FXGLAssetLoaderServi - Loading from file system: jar:file:/C:/Users/Admin/.m2/repository/com/github/almasb/fxgl/11.17/fxgl-11.17.jar!/fxglassets/textures/fxgl_default_cursor.png
07:51:42.428 [JavaFX Application Thread] DEBUG Input                - Registered new binding: Screenshot - CTRL+8
07:51:42.428 [JavaFX Application Thread] DEBUG Input                - Registered new binding: System info dump - CTRL+9
07:51:42.429 [JavaFX Application Thread] DEBUG Input                - Registered new binding: Restart - CTRL+R
07:51:42.429 [JavaFX Application Thread] DEBUG Input                - Registered new binding: Toggle Debug Camera - CTRL+C
07:51:42.432 [JavaFX Application Thread] DEBUG LoopRunner           - Starting loop
07:51:42.432 [JavaFX Application Thread] DEBUG LoopRunner           - Initializing JavaFX AnimationTimerLoop
07:51:42.434 [JavaFX Application Thread] DEBUG GameApplicationServi - Starting new game
07:51:42.435 [JavaFX Application Thread] DEBUG Input                - Clearing active input actions
07:51:42.448 [JavaFX Application Thread] DEBUG GameApplicationServi - Removing overlay from FXGLStartupScene and adding to FXGLLoadingScene
07:51:42.448 [JavaFX Application Thread] DEBUG PrimaryStageWindow   - FXGLStartupScene -> FXGLLoadingScene
07:51:42.448 [JavaFX Application Thread] DEBUG GameApplicationServi - Clearing previous game
07:51:42.448 [JavaFX Application Thread] DEBUG GameScene            - Clearing game scene
07:51:42.449 [JavaFX Application Thread] DEBUG GameWorld            - Clearing game world
07:51:42.449 [JavaFX Application Thread] DEBUG PhysicsWorld         - Clearing physics world
07:51:42.450 [FXGL Background Thread 1 ] DEBUG FXGLApplication      - Initializing game
07:51:42.464 [FXGL Background Thread 1 ] DEBUG FXGLAssetLoaderServi - Loading from file system: file:/C:/Users/Admin/Desktop/Bomberman/target/classes/assets/textures/wall.png
07:51:42.505 [FXGL Background Thread 1 ] DEBUG FXGLAssetLoaderServi - Loading from file system: file:/C:/Users/Admin/Desktop/Bomberman/target/classes/assets/textures/player_die.png
07:51:42.507 [FXGL Background Thread 1 ] DEBUG FXGLAssetLoaderServi - Loading from file system: file:/C:/Users/Admin/Desktop/Bomberman/target/classes/assets/textures/player_down.png
07:51:42.508 [FXGL Background Thread 1 ] DEBUG FXGLAssetLoaderServi - Loading from file system: file:/C:/Users/Admin/Desktop/Bomberman/target/classes/assets/textures/player_right.png
07:51:42.509 [FXGL Background Thread 1 ] DEBUG FXGLAssetLoaderServi - Loading from file system: file:/C:/Users/Admin/Desktop/Bomberman/target/classes/assets/textures/player_up.png
07:51:42.509 [FXGL Background Thread 1 ] DEBUG FXGLAssetLoaderServi - Loading from file system: file:/C:/Users/Admin/Desktop/Bomberman/target/classes/assets/textures/player_left.png
07:51:42.514 [FXGL Background Thread 1 ] DEBUG FXGLAssetLoaderServi - Loading from file system: file:/C:/Users/Admin/Desktop/Bomberman/target/classes/assets/textures/brick.png
07:51:42.515 [FXGL Background Thread 1 ] DEBUG FXGLAssetLoaderServi - Loading from file system: file:/C:/Users/Admin/Desktop/Bomberman/target/classes/assets/textures/brick_break.png
07:51:42.540 [FXGL Background Thread 1 ] DEBUG FXGLAssetLoaderServi - Loading from file system: file:/C:/Users/Admin/Desktop/Bomberman/target/classes/assets/textures/portal.png
07:51:42.561 [FXGL Background Thread 1 ] DEBUG FXGLAssetLoaderServi - Loading from file system: file:/C:/Users/Admin/Desktop/Bomberman/target/classes/assets/textures/powerup_bombs.png
07:51:42.563 [FXGL Background Thread 1 ] DEBUG FXGLAssetLoaderServi - Loading from file system: file:/C:/Users/Admin/Desktop/Bomberman/target/classes/assets/textures/powerup_flames.png
07:51:42.565 [FXGL Background Thread 1 ] DEBUG FXGLAssetLoaderServi - Loading from file system: file:/C:/Users/Admin/Desktop/Bomberman/target/classes/assets/textures/powerup_speed.png
07:51:42.609 [FXGL Background Thread 4 ] DEBUG FXGLAssetLoaderServi - Loading from file system: jar:file:/C:/Users/Admin/.m2/repository/com/github/almasb/fxgl/11.17/fxgl-11.17.jar!/fxglassets/ui/fonts/Abel-Regular.ttf
07:51:42.614 [FXGL Background Thread 4 ] DEBUG FXGLAssetLoaderServi - Loading from file system: jar:file:/C:/Users/Admin/.m2/repository/com/github/almasb/fxgl/11.17/fxgl-11.17.jar!/fxglassets/ui/fonts/lucida_console.ttf
07:51:42.623 [FXGL Background Thread 4 ] DEBUG FXGLAssetLoaderServi - Loading from file system: jar:file:/C:/Users/Admin/.m2/repository/com/github/almasb/fxgl/11.17/fxgl-11.17.jar!/fxglassets/ui/fonts/Courier-Prime.ttf
07:51:42.635 [FXGL Background Thread 1 ] INFO  FXGLApplication      - Game initialization took: 0.185 sec
07:51:42.640 [JavaFX Application Thread] DEBUG FXGLApplication      - Registering font factories with UI factory
07:51:42.643 [JavaFX Application Thread] DEBUG Input                - Clearing active input actions
07:51:42.661 [JavaFX Application Thread] DEBUG GameApplicationServi - Removing overlay from FXGLLoadingScene and adding to GameScene
07:51:42.662 [JavaFX Application Thread] DEBUG PrimaryStageWindow   - FXGLLoadingScene -> GameScene
07:51:43.009 [FXGL Background Thread 2 ] INFO  UpdaterService       - Your current version:  11.17
07:51:43.009 [FXGL Background Thread 2 ] INFO  UpdaterService       - Latest stable version: 17.2
07:51:44.033 [JavaFX Application Thread] DEBUG FXGLAssetLoaderServi - Loading from file system: file:/C:/Users/Admin/Desktop/Bomberman/target/classes/assets/textures/bomb.png
07:51:44.036 [JavaFX Application Thread] DEBUG FXGLAssetLoaderServi - Loading from file system: file:/C:/Users/Admin/Desktop/Bomberman/target/classes/assets/sounds/place_bomb.wav
07:51:45.384 [FXGL Background Thread 3 ] DEBUG Engine               - Logging environment variables
07:51:45.385 [FXGL Background Thread 3 ] DEBUG Engine               - achievements: []
07:51:45.385 [FXGL Background Thread 3 ] DEBUG Engine               - actualHeight: 603.0
07:51:45.385 [FXGL Background Thread 3 ] DEBUG Engine               - actualHeightProperty: ReadOnlyDoubleProperty [value: 603.0]
07:51:45.385 [FXGL Background Thread 3 ] DEBUG Engine               - actualWidth: 1415.0
07:51:45.385 [FXGL Background Thread 3 ] DEBUG Engine               - actualWidthProperty: ReadOnlyDoubleProperty [value: 1415.0]
07:51:45.385 [FXGL Background Thread 3 ] DEBUG Engine               - appIcon: fxgl_icon.png
07:51:45.385 [FXGL Background Thread 3 ] DEBUG Engine               - applicationMode: DEVELOPER
07:51:45.385 [FXGL Background Thread 3 ] DEBUG Engine               - cSSList: [fxgl_dark.css]
07:51:45.385 [FXGL Background Thread 3 ] DEBUG Engine               - collisionDetectionStrategy: BRUTE_FORCE
07:51:45.385 [FXGL Background Thread 3 ] DEBUG Engine               - configClass: Optional.empty
07:51:45.385 [FXGL Background Thread 3 ] DEBUG Engine               - credits: []
07:51:45.385 [FXGL Background Thread 3 ] DEBUG Engine               - defaultCursor: CursorInfo(imageName=fxgl_default_cursor.png, hotspotX=7.0, hotspotY=6.0)
07:51:45.385 [FXGL Background Thread 3 ] DEBUG Engine               - devBBoxColorProperty: ObjectProperty [value: 0xff0000ff]
07:51:45.385 [FXGL Background Thread 3 ] DEBUG Engine               - devEnableDebugCameraProperty: BooleanProperty [value: false]
07:51:45.385 [FXGL Background Thread 3 ] DEBUG Engine               - devSensorColorProperty: ObjectProperty [value: 0xffff00ff]
07:51:45.385 [FXGL Background Thread 3 ] DEBUG Engine               - devShowBBoxProperty: BooleanProperty [value: false]
07:51:45.385 [FXGL Background Thread 3 ] DEBUG Engine               - devShowPositionProperty: BooleanProperty [value: false]
07:51:45.385 [FXGL Background Thread 3 ] DEBUG Engine               - enabledMenuItems: []
07:51:45.385 [FXGL Background Thread 3 ] DEBUG Engine               - engineServices: [class com.almasb.fxgl.app.services.FXGLAssetLoaderService, class com.almasb.fxgl.app.FXGLApplication$GameApplicationService, class com.almasb.fxgl.app.services.FXGLDialogService, class com.almasb.fxgl.app.services.IOTaskExecutorService, class com.almasb.fxgl.io.FileSystemService, class com.almasb.fxgl.localization.LocalizationService, class com.almasb.fxgl.app.services.SystemBundleService, class com.almasb.fxgl.profile.SaveLoadService, class com.almasb.fxgl.ui.FXGLUIFactoryServiceProvider, class com.almasb.fxgl.ui.FXGLDialogFactoryServiceProvider, class com.almasb.fxgl.audio.AudioPlayer, class com.almasb.fxgl.notification.impl.NotificationServiceProvider, class com.almasb.fxgl.achievement.AchievementService, class com.almasb.fxgl.cutscene.CutsceneService, class com.almasb.fxgl.minigames.MiniGameService, class com.almasb.fxgl.net.NetService, class com.almasb.fxgl.app.services.UpdaterService, class com.almasb.fxgl.dev.DevService]
07:51:45.385 [FXGL Background Thread 3 ] DEBUG Engine               - fontGame: Abel-Regular.ttf
07:51:45.385 [FXGL Background Thread 3 ] DEBUG Engine               - fontMono: lucida_console.ttf
07:51:45.386 [FXGL Background Thread 3 ] DEBUG Engine               - fontText: Courier-Prime.ttf
07:51:45.386 [FXGL Background Thread 3 ] DEBUG Engine               - fontUI: VarelaRound-Regular.ttf
07:51:45.386 [FXGL Background Thread 3 ] DEBUG Engine               - fullScreen: BooleanProperty [value: false]
07:51:45.386 [FXGL Background Thread 3 ] DEBUG Engine               - gameDifficulty: MEDIUM
07:51:45.386 [FXGL Background Thread 3 ] DEBUG Engine               - gameDifficultyProperty: ObjectProperty [value: MEDIUM]
07:51:45.386 [FXGL Background Thread 3 ] DEBUG Engine               - globalMusicVolume: 0.5
07:51:45.386 [FXGL Background Thread 3 ] DEBUG Engine               - globalMusicVolumeProperty: DoubleProperty [value: 0.5]
07:51:45.386 [FXGL Background Thread 3 ] DEBUG Engine               - globalSoundVolume: 0.5
07:51:45.386 [FXGL Background Thread 3 ] DEBUG Engine               - globalSoundVolumeProperty: DoubleProperty [value: 0.5]
07:51:45.386 [FXGL Background Thread 3 ] DEBUG Engine               - height: 624
07:51:45.386 [FXGL Background Thread 3 ] DEBUG Engine               - is3D: false
07:51:45.386 [FXGL Background Thread 3 ] DEBUG Engine               - isAndroid: false
07:51:45.386 [FXGL Background Thread 3 ] DEBUG Engine               - isBrowser: false
07:51:45.386 [FXGL Background Thread 3 ] DEBUG Engine               - isClickFeedbackEnabled: false
07:51:45.386 [FXGL Background Thread 3 ] DEBUG Engine               - isCloseConfirmation: false
07:51:45.386 [FXGL Background Thread 3 ] DEBUG Engine               - isDesktop: true
07:51:45.386 [FXGL Background Thread 3 ] DEBUG Engine               - isDeveloperMenuEnabled: false
07:51:45.386 [FXGL Background Thread 3 ] DEBUG Engine               - isEntityPreloadEnabled: true
07:51:45.386 [FXGL Background Thread 3 ] DEBUG Engine               - isExperimentalTiledLargeMap: false
07:51:45.386 [FXGL Background Thread 3 ] DEBUG Engine               - isFileSystemWriteAllowed: true
07:51:45.386 [FXGL Background Thread 3 ] DEBUG Engine               - isFullScreenAllowed: true
07:51:45.386 [FXGL Background Thread 3 ] DEBUG Engine               - isFullScreenFromStart: false
07:51:45.386 [FXGL Background Thread 3 ] DEBUG Engine               - isGameMenuEnabled: true
07:51:45.387 [FXGL Background Thread 3 ] DEBUG Engine               - isIOS: false
07:51:45.387 [FXGL Background Thread 3 ] DEBUG Engine               - isIntroEnabled: false
07:51:45.387 [FXGL Background Thread 3 ] DEBUG Engine               - isLinux: false
07:51:45.387 [FXGL Background Thread 3 ] DEBUG Engine               - isMac: false
07:51:45.387 [FXGL Background Thread 3 ] DEBUG Engine               - isMainMenuEnabled: false
07:51:45.387 [FXGL Background Thread 3 ] DEBUG Engine               - isManualResizeEnabled: false
07:51:45.387 [FXGL Background Thread 3 ] DEBUG Engine               - isMobile: false
07:51:45.387 [FXGL Background Thread 3 ] DEBUG Engine               - isNative: false
07:51:45.387 [FXGL Background Thread 3 ] DEBUG Engine               - isPauseMusicWhenMinimized: true
07:51:45.387 [FXGL Background Thread 3 ] DEBUG Engine               - isPreserveResizeRatio: false
07:51:45.387 [FXGL Background Thread 3 ] DEBUG Engine               - isProfilingEnabled: false
07:51:45.387 [FXGL Background Thread 3 ] DEBUG Engine               - isScaleAffectedOnResize: true
07:51:45.387 [FXGL Background Thread 3 ] DEBUG Engine               - isSingleStep: false
07:51:45.387 [FXGL Background Thread 3 ] DEBUG Engine               - isUserProfileEnabled: false
07:51:45.387 [FXGL Background Thread 3 ] DEBUG Engine               - isWindows: true
07:51:45.387 [FXGL Background Thread 3 ] DEBUG Engine               - language: ObjectProperty [value: ENGLISH]
07:51:45.387 [FXGL Background Thread 3 ] DEBUG Engine               - menuKey: ESCAPE
07:51:45.387 [FXGL Background Thread 3 ] DEBUG Engine               - mouseSensitivity: 0.2
07:51:45.387 [FXGL Background Thread 3 ] DEBUG Engine               - notificationViewClass: class com.almasb.fxgl.notification.view.XboxNotificationView
07:51:45.387 [FXGL Background Thread 3 ] DEBUG Engine               - pixelsPerMeter: 50.0
07:51:45.387 [FXGL Background Thread 3 ] DEBUG Engine               - platform: WINDOWS
07:51:45.387 [FXGL Background Thread 3 ] DEBUG Engine               - prefHeightProperty: ReadOnlyDoubleProperty [value: 624.0]
07:51:45.387 [FXGL Background Thread 3 ] DEBUG Engine               - prefWidthProperty: ReadOnlyDoubleProperty [value: 1488.0]
07:51:45.387 [FXGL Background Thread 3 ] DEBUG Engine               - profileDir: profiles/
07:51:45.387 [FXGL Background Thread 3 ] DEBUG Engine               - profileName: StringProperty [value: DEFAULT]
07:51:45.387 [FXGL Background Thread 3 ] DEBUG Engine               - randomSeed: -1
07:51:45.387 [FXGL Background Thread 3 ] DEBUG Engine               - runtimeInfo: RuntimeInfo(platform=WINDOWS, version=11.17, build=16.07.2021 15.46)
07:51:45.387 [FXGL Background Thread 3 ] DEBUG Engine               - saveFileExt: sav
07:51:45.387 [FXGL Background Thread 3 ] DEBUG Engine               - scaledHeightProp$fxgl: DoubleProperty [bound, value: 603.0]
07:51:45.387 [FXGL Background Thread 3 ] DEBUG Engine               - scaledWidthProp$fxgl: DoubleProperty [bound, value: 1415.0]
07:51:45.387 [FXGL Background Thread 3 ] DEBUG Engine               - sceneFactory: com.almasb.fxgl.app.scene.SceneFactory@5344a603
07:51:45.387 [FXGL Background Thread 3 ] DEBUG Engine               - secondsIn24h: 60
07:51:45.387 [FXGL Background Thread 3 ] DEBUG Engine               - soundMenuBack: menu/back.wav
07:51:45.387 [FXGL Background Thread 3 ] DEBUG Engine               - soundMenuPress: menu/press.wav
07:51:45.387 [FXGL Background Thread 3 ] DEBUG Engine               - soundMenuSelect: menu/select.wav
07:51:45.387 [FXGL Background Thread 3 ] DEBUG Engine               - soundNotification: core/notification.wav
07:51:45.388 [FXGL Background Thread 3 ] DEBUG Engine               - stageStyle: DECORATED
07:51:45.388 [FXGL Background Thread 3 ] DEBUG Engine               - supportedLanguages: [ENGLISH, FRENCH, GERMAN, HUNGARIAN, RUSSIAN]
07:51:45.388 [FXGL Background Thread 3 ] DEBUG Engine               - ticksPerSecond: -1
07:51:45.388 [FXGL Background Thread 3 ] DEBUG Engine               - title: BOMBERMAN
07:51:45.388 [FXGL Background Thread 3 ] DEBUG Engine               - urlGithub: https://github.com/AlmasB/FXGL
07:51:45.388 [FXGL Background Thread 3 ] DEBUG Engine               - urlLeaderboard: http://fxgl-top.herokuapp.com/
07:51:45.388 [FXGL Background Thread 3 ] DEBUG Engine               - urlPOM: https://raw.githubusercontent.com/AlmasB/FXGL/release/README.md
07:51:45.388 [FXGL Background Thread 3 ] DEBUG Engine               - userAppClass: class Bomberman.BombermanGame
07:51:45.388 [FXGL Background Thread 3 ] DEBUG Engine               - version: 1.0
07:51:45.388 [FXGL Background Thread 3 ] DEBUG Engine               - versionCheckDays: 7
07:51:45.388 [FXGL Background Thread 3 ] DEBUG Engine               - width: 1488
07:51:45.388 [FXGL Background Thread 3 ] DEBUG Engine               - Logging services
07:51:45.388 [FXGL Background Thread 3 ] DEBUG Engine               - class com.almasb.fxgl.app.services.FXGLAssetLoaderService
07:51:45.388 [FXGL Background Thread 3 ] DEBUG Engine               - class com.almasb.fxgl.app.FXGLApplication$GameApplicationService
07:51:45.388 [FXGL Background Thread 3 ] DEBUG Engine               - class com.almasb.fxgl.app.services.FXGLDialogService
07:51:45.388 [FXGL Background Thread 3 ] DEBUG Engine               - class com.almasb.fxgl.app.services.IOTaskExecutorService
07:51:45.388 [FXGL Background Thread 3 ] DEBUG Engine               - class com.almasb.fxgl.io.FileSystemService
07:51:45.388 [FXGL Background Thread 3 ] DEBUG Engine               - class com.almasb.fxgl.localization.LocalizationService
07:51:45.388 [FXGL Background Thread 3 ] DEBUG Engine               - class com.almasb.fxgl.app.services.SystemBundleService
07:51:45.388 [FXGL Background Thread 3 ] DEBUG Engine               - class com.almasb.fxgl.profile.SaveLoadService
07:51:45.388 [FXGL Background Thread 3 ] DEBUG Engine               - class com.almasb.fxgl.ui.FXGLUIFactoryServiceProvider
07:51:45.388 [FXGL Background Thread 3 ] DEBUG Engine               - class com.almasb.fxgl.ui.FXGLDialogFactoryServiceProvider
07:51:45.388 [FXGL Background Thread 3 ] DEBUG Engine               - class com.almasb.fxgl.audio.AudioPlayer
07:51:45.388 [FXGL Background Thread 3 ] DEBUG Engine               - class com.almasb.fxgl.notification.impl.NotificationServiceProvider
07:51:45.388 [FXGL Background Thread 3 ] DEBUG Engine               - class com.almasb.fxgl.achievement.AchievementService
07:51:45.388 [FXGL Background Thread 3 ] DEBUG Engine               - class com.almasb.fxgl.cutscene.CutsceneService
07:51:45.388 [FXGL Background Thread 3 ] DEBUG Engine               - class com.almasb.fxgl.minigames.MiniGameService
07:51:45.388 [FXGL Background Thread 3 ] DEBUG Engine               - class com.almasb.fxgl.net.NetService
07:51:45.388 [FXGL Background Thread 3 ] DEBUG Engine               - class com.almasb.fxgl.app.services.UpdaterService
07:51:45.388 [FXGL Background Thread 3 ] DEBUG Engine               - class com.almasb.fxgl.dev.DevService
07:51:45.779 [JavaFX Application Thread] DEBUG FXGLAssetLoaderServi - Loading from file system: file:/C:/Users/Admin/Desktop/Bomberman/target/classes/assets/textures/top_right_flame.png
07:51:45.780 [JavaFX Application Thread] DEBUG FXGLAssetLoaderServi - Loading from file system: file:/C:/Users/Admin/Desktop/Bomberman/target/classes/assets/textures/top_left_flame.png
07:51:45.782 [JavaFX Application Thread] DEBUG FXGLAssetLoaderServi - Loading from file system: file:/C:/Users/Admin/Desktop/Bomberman/target/classes/assets/textures/top_down_flame.png
07:51:45.782 [JavaFX Application Thread] DEBUG FXGLAssetLoaderServi - Loading from file system: file:/C:/Users/Admin/Desktop/Bomberman/target/classes/assets/textures/top_up_flame.png
07:51:45.783 [JavaFX Application Thread] DEBUG FXGLAssetLoaderServi - Loading from file system: file:/C:/Users/Admin/Desktop/Bomberman/target/classes/assets/textures/central_flame.png
07:51:45.785 [JavaFX Application Thread] DEBUG FXGLAssetLoaderServi - Loading from file system: file:/C:/Users/Admin/Desktop/Bomberman/target/classes/assets/sounds/explosion.wav
07:51:46.867 [JavaFX Application Thread] DEBUG FXGLAssetLoaderServi - Loading from file system: file:/C:/Users/Admin/Desktop/Bomberman/target/classes/assets/sounds/powerup.wav
07:51:52.594 [JavaFX Application Thread] DEBUG FXGLAssetLoaderServi - Loading from file system: file:/C:/Users/Admin/Desktop/Bomberman/target/classes/assets/textures/right_flame.png
07:51:52.596 [JavaFX Application Thread] DEBUG FXGLAssetLoaderServi - Loading from file system: file:/C:/Users/Admin/Desktop/Bomberman/target/classes/assets/textures/left_flame.png
07:51:52.597 [JavaFX Application Thread] DEBUG FXGLAssetLoaderServi - Loading from file system: file:/C:/Users/Admin/Desktop/Bomberman/target/classes/assets/textures/down_flame.png
07:51:52.599 [JavaFX Application Thread] DEBUG FXGLAssetLoaderServi - Loading from file system: file:/C:/Users/Admin/Desktop/Bomberman/target/classes/assets/textures/up_flame.png
07:51:52.914 [JavaFX Application Thread] WARN  GameWorld            - Attempted to remove entity which is not active
07:51:53.570 [JavaFX Application Thread] WARN  GameWorld            - Attempted to remove entity which is not active
07:51:57.602 [JavaFX Application Thread] WARN  GameWorld            - Attempted to remove entity which is not active
07:52:02.370 [JavaFX Application Thread] WARN  GameWorld            - Attempted to remove entity which is not active
07:52:08.434 [JavaFX Application Thread] WARN  GameWorld            - Attempted to remove entity which is not active
07:52:08.434 [JavaFX Application Thread] WARN  GameWorld            - Attempted to remove entity which is not active
07:52:14.578 [JavaFX Application Thread] WARN  GameWorld            - Attempted to remove entity which is not active
07:52:55.593 [JavaFX Application Thread] DEBUG FXGLApplication      - Exiting FXGL
07:52:55.593 [JavaFX Application Thread] DEBUG LoopRunner           - Stopping loop
07:52:55.593 [JavaFX Application Thread] DEBUG SystemBundleService  - Saving FXGL system data
07:52:55.595 [JavaFX Application Thread] DEBUG FileSystemAccess     - Writing to: C:\Users\Admin\Desktop\Bomberman\system\fxgl.bundle
07:52:55.596 [JavaFX Application Thread] DEBUG Async                - Shutting down background threads
07:52:55.597 [JavaFX Application Thread] DEBUG PrimaryStageWindow   - Closing main window
07:52:55.609 [JavaFX Application Thread] DEBUG Logger               - Closing Logger
