20:10:00.848 [main                     ] DEBUG Logger               - Configured Logger
20:10:00.852 [main                     ] DEBUG GameApplication      - Logging settings
Title: BOMBERMAN
Version: 1.0
Width: 1488
Height: 624
Fullscreen: true
Intro: false
Profiling: false
Single step:false
App Mode: DEVELOPER
Menu Key: ESCAPE
Stage Style: DECORATED
Scene Factory: class com.almasb.fxgl.app.scene.SceneFactory

20:10:01.296 [JavaFX Application Thread] DEBUG FXGLApplication      - Initializing FXGL
20:10:01.297 [JavaFX Application Thread] INFO  Engine               - FXGL-11.17 (16.07.2021 15.46) on WINDOWS (J:11.0.16.1 FX:16)
20:10:01.298 [JavaFX Application Thread] DEBUG Engine               - JRE Vendor Name: Oracle Corporation
20:10:01.298 [JavaFX Application Thread] DEBUG Engine               - Running on OS: Windows 11 version 10.0
20:10:01.298 [JavaFX Application Thread] DEBUG Engine               - Architecture: amd64
20:10:01.298 [JavaFX Application Thread] INFO  Engine               - Source code and latest versions at: https://github.com/AlmasB/FXGL
20:10:01.298 [JavaFX Application Thread] INFO  Engine               -              Join the FXGL chat at: https://gitter.im/AlmasB/FXGL
20:10:01.423 [JavaFX Application Thread] DEBUG PrimaryStageWindow   - Creating a JavaFX scene
20:10:01.424 [JavaFX Application Thread] DEBUG PrimaryStageWindow   - Target size > screen size
20:10:01.484 [JavaFX Application Thread] DEBUG PrimaryStageWindow   - Target settings size: 1488.0 x 624.0
20:10:01.484 [JavaFX Application Thread] DEBUG PrimaryStageWindow   - Scaled scene size:    1415.0 x 603.0
20:10:01.484 [JavaFX Application Thread] DEBUG PrimaryStageWindow   - Scaled ratio: (0.9509408602150538, 0.9663461538461539)
20:10:01.486 [JavaFX Application Thread] DEBUG PrimaryStageWindow   - Set initial scene to FXGLStartupScene
20:10:01.498 [JavaFX Application Thread] DEBUG PrimaryStageWindow   - Opening main window
20:10:01.606 [JavaFX Application Thread] DEBUG PrimaryStageWindow   - Window border size: (13.0, 35.5)
20:10:01.606 [JavaFX Application Thread] DEBUG PrimaryStageWindow   - Scaled size: 1415.0 x 603.0
20:10:01.608 [JavaFX Application Thread] DEBUG PrimaryStageWindow   - Scaled ratio: (0.9509408602150538, 0.9663461538461539)
20:10:01.608 [JavaFX Application Thread] DEBUG PrimaryStageWindow   - Scene size: 1415.0 x 603.0
20:10:01.608 [JavaFX Application Thread] DEBUG PrimaryStageWindow   - Stage size: 1428.0 x 638.5
20:10:01.620 [FXGL Background Thread 1 ] DEBUG Engine               - Initializing environment variables
20:10:01.709 [FXGL Background Thread 1 ] DEBUG FXGLAssetLoaderServi - User app class for loading assets: class Bomberman.BombermanGame
20:10:01.710 [FXGL Background Thread 1 ] DEBUG GameApplicationServi - Applying CSS: fxgl_dark.css
20:10:01.710 [FXGL Background Thread 1 ] DEBUG FXGLAssetLoaderServi - Loading from file system: jar:file:/C:/Users/Admin/.m2/repository/com/github/almasb/fxgl/11.17/fxgl-11.17.jar!/fxglassets/ui/css/fxgl_dark.css
20:10:01.766 [FXGL Background Thread 1 ] DEBUG GameApplicationServi - Initializing application scenes
20:10:01.816 [FXGL Background Thread 1 ] DEBUG GameWorld            - Game world initialized
20:10:01.883 [FXGL Background Thread 1 ] DEBUG PhysicsWorld         - Physics world initialized: appHeight=624, physics.ppm=50.0
20:10:01.885 [FXGL Background Thread 1 ] DEBUG PhysicsWorld         - Using strategy: BRUTE_FORCE
20:10:01.888 [FXGL Background Thread 1 ] DEBUG GameScene            - Game scene initialized: 1488x624
20:10:01.902 [FXGL Background Thread 1 ] DEBUG FXGL.DefaultMenu     - createMenuBodyGameMenu()
20:10:01.925 [FXGL Background Thread 1 ] DEBUG FXGL.DefaultMenu     - createOptionsMenu()
20:10:01.939 [FXGL Background Thread 1 ] DEBUG FXGLAssetLoaderServi - Loading from file system: jar:file:/C:/Users/Admin/.m2/repository/com/github/almasb/fxgl/11.17/fxgl-11.17.jar!/fxglassets/textures/particles/smoke.png
20:10:02.045 [FXGL Background Thread 1 ] DEBUG FXGLAssetLoaderServi - Loading from file system: jar:file:/C:/Users/Admin/.m2/repository/com/github/almasb/fxgl/11.17/fxgl-11.17.jar!/fxglassets/textures/particles/trace_horizontal.png
20:10:02.094 [FXGL Background Thread 1 ] DEBUG GameApplicationServi - Application scenes initialized
20:10:02.106 [FXGL Background Thread 1 ] DEBUG SystemBundleService  - Loading FXGL system data
20:10:02.110 [FXGL Background Thread 1 ] DEBUG FileSystemAccess     - Reading from: C:\Users\Admin\Desktop\Bomberman\system\fxgl.bundle
20:10:02.116 [FXGL Background Thread 1 ] DEBUG SystemBundleService  - Bundle FXGL: {}
20:10:02.117 [FXGL Background Thread 1 ] DEBUG UpdaterService       - Checking for updates
20:10:02.120 [FXGL Background Thread 4 ] DEBUG FXGLApplication      - Loading fonts
20:10:02.121 [FXGL Background Thread 1 ] DEBUG FXGLApplication      - Loading default localization
20:10:02.121 [FXGL Background Thread 4 ] DEBUG FXGLAssetLoaderServi - Loading from file system: jar:file:/C:/Users/Admin/.m2/repository/com/github/almasb/fxgl/11.17/fxgl-11.17.jar!/fxglassets/ui/fonts/VarelaRound-Regular.ttf
20:10:02.122 [FXGL Background Thread 1 ] DEBUG FXGLAssetLoaderServi - Loading from file system: jar:file:/C:/Users/Admin/.m2/repository/com/github/almasb/fxgl/11.17/fxgl-11.17.jar!/fxglassets/languages/english.lang
20:10:02.139 [FXGL Background Thread 1 ] INFO  FXGLApplication      - FXGL initialization took: 0.519 sec
20:10:02.155 [JavaFX Application Thread] DEBUG Input                - Registered new binding: Move Left - A
20:10:02.156 [JavaFX Application Thread] DEBUG Input                - Registered new binding: Move Right - D
20:10:02.156 [JavaFX Application Thread] DEBUG Input                - Registered new binding: Move Up - W
20:10:02.156 [JavaFX Application Thread] DEBUG Input                - Registered new binding: Move Down - S
20:10:02.156 [JavaFX Application Thread] DEBUG Input                - Registered new binding: Place Bomb - Space
20:10:02.156 [JavaFX Application Thread] DEBUG Input                - Registered new binding: Switch to classic bomb - 1
20:10:02.156 [JavaFX Application Thread] DEBUG Input                - Registered new binding: Switch to lazer bomb - 2
20:10:02.156 [JavaFX Application Thread] DEBUG Input                - Registered new binding: Switch to light bomb - 3
20:10:02.157 [JavaFX Application Thread] DEBUG FXGLAssetLoaderServi - Loading from file system: jar:file:/C:/Users/Admin/.m2/repository/com/github/almasb/fxgl/11.17/fxgl-11.17.jar!/fxglassets/textures/fxgl_icon.png
20:10:02.186 [JavaFX Application Thread] DEBUG FXGLAssetLoaderServi - Loading from file system: jar:file:/C:/Users/Admin/.m2/repository/com/github/almasb/fxgl/11.17/fxgl-11.17.jar!/fxglassets/textures/fxgl_default_cursor.png
20:10:02.190 [JavaFX Application Thread] DEBUG Input                - Registered new binding: Screenshot - CTRL+8
20:10:02.191 [JavaFX Application Thread] DEBUG Input                - Registered new binding: System info dump - CTRL+9
20:10:02.192 [JavaFX Application Thread] DEBUG Input                - Registered new binding: Restart - CTRL+R
20:10:02.193 [JavaFX Application Thread] DEBUG Input                - Registered new binding: Toggle Debug Camera - CTRL+C
20:10:02.198 [JavaFX Application Thread] DEBUG LoopRunner           - Starting loop
20:10:02.198 [JavaFX Application Thread] DEBUG LoopRunner           - Initializing JavaFX AnimationTimerLoop
20:10:02.201 [JavaFX Application Thread] DEBUG GameApplicationServi - Starting new game
20:10:02.202 [JavaFX Application Thread] DEBUG Input                - Clearing active input actions
20:10:02.228 [JavaFX Application Thread] DEBUG GameApplicationServi - Removing overlay from FXGLStartupScene and adding to FXGLLoadingScene
20:10:02.229 [JavaFX Application Thread] DEBUG PrimaryStageWindow   - FXGLStartupScene -> FXGLLoadingScene
20:10:02.229 [JavaFX Application Thread] DEBUG GameApplicationServi - Clearing previous game
20:10:02.229 [JavaFX Application Thread] DEBUG GameScene            - Clearing game scene
20:10:02.229 [JavaFX Application Thread] DEBUG GameWorld            - Clearing game world
20:10:02.230 [JavaFX Application Thread] DEBUG PhysicsWorld         - Clearing physics world
20:10:02.233 [FXGL Background Thread 1 ] DEBUG FXGLApplication      - Initializing game
20:10:02.265 [FXGL Background Thread 1 ] DEBUG FXGLAssetLoaderServi - Loading from file system: file:/C:/Users/Admin/Desktop/Bomberman/target/classes/assets/textures/wall.png
20:10:02.364 [FXGL Background Thread 1 ] DEBUG FXGLAssetLoaderServi - Loading from file system: file:/C:/Users/Admin/Desktop/Bomberman/target/classes/assets/textures/player_die.png
20:10:02.367 [FXGL Background Thread 1 ] DEBUG FXGLAssetLoaderServi - Loading from file system: file:/C:/Users/Admin/Desktop/Bomberman/target/classes/assets/textures/player_down.png
20:10:02.368 [FXGL Background Thread 1 ] DEBUG FXGLAssetLoaderServi - Loading from file system: file:/C:/Users/Admin/Desktop/Bomberman/target/classes/assets/textures/player_right.png
20:10:02.370 [FXGL Background Thread 1 ] DEBUG FXGLAssetLoaderServi - Loading from file system: file:/C:/Users/Admin/Desktop/Bomberman/target/classes/assets/textures/player_up.png
20:10:02.372 [FXGL Background Thread 1 ] DEBUG FXGLAssetLoaderServi - Loading from file system: file:/C:/Users/Admin/Desktop/Bomberman/target/classes/assets/textures/player_left.png
20:10:02.384 [FXGL Background Thread 1 ] DEBUG FXGLAssetLoaderServi - Loading from file system: file:/C:/Users/Admin/Desktop/Bomberman/target/classes/assets/textures/brick.png
20:10:02.386 [FXGL Background Thread 1 ] DEBUG FXGLAssetLoaderServi - Loading from file system: file:/C:/Users/Admin/Desktop/Bomberman/target/classes/assets/textures/brick_break.png
20:10:02.394 [FXGL Background Thread 1 ] DEBUG FXGLAssetLoaderServi - Loading from file system: file:/C:/Users/Admin/Desktop/Bomberman/target/classes/assets/textures/enemy1.png
20:10:02.410 [FXGL Background Thread 1 ] DEBUG FXGLAssetLoaderServi - Loading from file system: file:/C:/Users/Admin/Desktop/Bomberman/target/classes/assets/textures/enemy2.png
20:10:02.468 [FXGL Background Thread 1 ] DEBUG FXGLAssetLoaderServi - Loading from file system: file:/C:/Users/Admin/Desktop/Bomberman/target/classes/assets/textures/portal.png
20:10:02.518 [FXGL Background Thread 1 ] DEBUG FXGLAssetLoaderServi - Loading from file system: file:/C:/Users/Admin/Desktop/Bomberman/target/classes/assets/textures/powerup_flames.png
20:10:02.561 [FXGL Background Thread 4 ] DEBUG FXGLAssetLoaderServi - Loading from file system: jar:file:/C:/Users/Admin/.m2/repository/com/github/almasb/fxgl/11.17/fxgl-11.17.jar!/fxglassets/ui/fonts/Abel-Regular.ttf
20:10:02.565 [FXGL Background Thread 4 ] DEBUG FXGLAssetLoaderServi - Loading from file system: jar:file:/C:/Users/Admin/.m2/repository/com/github/almasb/fxgl/11.17/fxgl-11.17.jar!/fxglassets/ui/fonts/lucida_console.ttf
20:10:02.575 [FXGL Background Thread 4 ] DEBUG FXGLAssetLoaderServi - Loading from file system: jar:file:/C:/Users/Admin/.m2/repository/com/github/almasb/fxgl/11.17/fxgl-11.17.jar!/fxglassets/ui/fonts/Courier-Prime.ttf
20:10:02.575 [FXGL Background Thread 1 ] DEBUG FXGLAssetLoaderServi - Loading from file system: file:/C:/Users/Admin/Desktop/Bomberman/target/classes/assets/textures/enemy3.png
20:10:02.582 [JavaFX Application Thread] DEBUG FXGLApplication      - Registering font factories with UI factory
20:10:02.603 [FXGL Background Thread 1 ] INFO  FXGLApplication      - Game initialization took: 0.371 sec
20:10:02.606 [JavaFX Application Thread] DEBUG Input                - Clearing active input actions
20:10:02.626 [JavaFX Application Thread] DEBUG GameApplicationServi - Removing overlay from FXGLLoadingScene and adding to GameScene
20:10:02.627 [JavaFX Application Thread] DEBUG PrimaryStageWindow   - FXGLLoadingScene -> GameScene
20:10:02.643 [JavaFX Application Thread] DEBUG LoopRunner           - Stopping loop
20:10:02.644 [JavaFX Application Thread] FATAL FXGLApplication      - Uncaught Exception:
java.lang.ArrayIndexOutOfBoundsException: Index 36 out of bounds for length 31
	at Bomberman.Components.Enemy.AStarPathFinder.Map.getVal(Map.java:22)
	at Bomberman.Components.Enemy.AStarPathFinder.AStarPathFinder.findPath(AStarPathFinder.java:54)
	at Bomberman.Components.Enemy.Enemy3.onUpdate(Enemy3.java:88)
	at com.almasb.fxgl.entity.Entity$ComponentMap.update(Entity.java:60)
	at com.almasb.fxgl.entity.Entity.update(Entity.java:251)
	at com.almasb.fxgl.entity.GameWorld.onUpdate(GameWorld.kt:177)
	at com.almasb.fxgl.app.scene.GameScene.step(GameScene.kt:223)
	at com.almasb.fxgl.app.scene.GameScene.onUpdate(GameScene.kt:219)
	at com.almasb.fxgl.scene.Scene.update(Scene.kt:105)
	at com.almasb.fxgl.app.MainWindow$update$1.invoke(MainWindow.kt:110)
	at com.almasb.fxgl.app.MainWindow$update$1.invoke(MainWindow.kt:110)
	at com.almasb.fxgl.core.fsm.StateMachine.runOnActiveStates(StateMachine.kt:69)
	at com.almasb.fxgl.app.MainWindow.update(MainWindow.kt:110)
	at com.almasb.fxgl.app.FXGLApplication$GameApplicationService.onUpdate(FXGLApplication.kt:426)
	at com.almasb.fxgl.app.Engine.loop(Engine.kt:133)
	at com.almasb.fxgl.app.Engine.access$loop(Engine.kt:24)
	at com.almasb.fxgl.app.Engine$loop$1.invoke(Engine.kt:28)
	at com.almasb.fxgl.app.Engine$loop$1.invoke(Engine.kt:28)
	at com.almasb.fxgl.app.LoopRunner.frame(LoopRunner.kt:103)
	at com.almasb.fxgl.app.LoopRunner.access$frame(LoopRunner.kt:23)
	at com.almasb.fxgl.app.LoopRunner$impl$2$1.onTick(LoopRunner.kt:57)
	at com.almasb.fxgl.app.AnimationTimerLoop$timer$1.handle(LoopRunner.kt:137)
	at javafx.animation.AnimationTimer$AnimationTimerReceiver.lambda$handle$0(AnimationTimer.java:57)
	at java.base/java.security.AccessController.doPrivileged(Native Method)
	at javafx.animation.AnimationTimer$AnimationTimerReceiver.handle(AnimationTimer.java:56)
	at com.sun.scenario.animation.AbstractPrimaryTimer.timePulseImpl(AbstractPrimaryTimer.java:356)
	at com.sun.scenario.animation.AbstractPrimaryTimer$MainLoop.run(AbstractPrimaryTimer.java:266)
	at com.sun.javafx.tk.quantum.QuantumToolkit.pulse(QuantumToolkit.java:559)
	at com.sun.javafx.tk.quantum.QuantumToolkit.pulse(QuantumToolkit.java:543)
	at com.sun.javafx.tk.quantum.QuantumToolkit.pulseFromQueue(QuantumToolkit.java:536)
	at com.sun.javafx.tk.quantum.QuantumToolkit.lambda$runToolkit$11(QuantumToolkit.java:342)
	at com.sun.glass.ui.InvokeLaterDispatcher$Future.run(InvokeLaterDispatcher.java:96)
	at com.sun.glass.ui.win.WinApplication._runLoop(Native Method)
	at com.sun.glass.ui.win.WinApplication.lambda$runLoop$3(WinApplication.java:174)
	at java.base/java.lang.Thread.run(Thread.java:834)

20:10:02.645 [JavaFX Application Thread] FATAL FXGLApplication      - Application will now exit
20:10:02.662 [JavaFX Application Thread] DEBUG PrimaryStageWindow   - Push state: ErrorSubScene
20:10:02.662 [JavaFX Application Thread] DEBUG Input                - Clearing active input actions
20:10:02.670 [JavaFX Application Thread] DEBUG GameApplicationServi - Removing overlay from GameScene and adding to ErrorSubScene
20:10:02.670 [JavaFX Application Thread] DEBUG PrimaryStageWindow   - GameScene -> ErrorSubScene
20:10:03.293 [FXGL Background Thread 2 ] INFO  UpdaterService       - Your current version:  11.17
20:10:03.294 [FXGL Background Thread 2 ] INFO  UpdaterService       - Latest stable version: 17.2
20:10:05.120 [FXGL Background Thread 3 ] DEBUG Engine               - Logging environment variables
20:10:05.120 [FXGL Background Thread 3 ] DEBUG Engine               - achievements: []
20:10:05.120 [FXGL Background Thread 3 ] DEBUG Engine               - actualHeight: 603.0
20:10:05.120 [FXGL Background Thread 3 ] DEBUG Engine               - actualHeightProperty: ReadOnlyDoubleProperty [value: 603.0]
20:10:05.120 [FXGL Background Thread 3 ] DEBUG Engine               - actualWidth: 1415.0
20:10:05.120 [FXGL Background Thread 3 ] DEBUG Engine               - actualWidthProperty: ReadOnlyDoubleProperty [value: 1415.0]
20:10:05.121 [FXGL Background Thread 3 ] DEBUG Engine               - appIcon: fxgl_icon.png
20:10:05.121 [FXGL Background Thread 3 ] DEBUG Engine               - applicationMode: DEVELOPER
20:10:05.121 [FXGL Background Thread 3 ] DEBUG Engine               - cSSList: [fxgl_dark.css]
20:10:05.121 [FXGL Background Thread 3 ] DEBUG Engine               - collisionDetectionStrategy: BRUTE_FORCE
20:10:05.121 [FXGL Background Thread 3 ] DEBUG Engine               - configClass: Optional.empty
20:10:05.121 [FXGL Background Thread 3 ] DEBUG Engine               - credits: []
20:10:05.121 [FXGL Background Thread 3 ] DEBUG Engine               - defaultCursor: CursorInfo(imageName=fxgl_default_cursor.png, hotspotX=7.0, hotspotY=6.0)
20:10:05.121 [FXGL Background Thread 3 ] DEBUG Engine               - devBBoxColorProperty: ObjectProperty [value: 0xff0000ff]
20:10:05.121 [FXGL Background Thread 3 ] DEBUG Engine               - devEnableDebugCameraProperty: BooleanProperty [value: false]
20:10:05.121 [FXGL Background Thread 3 ] DEBUG Engine               - devSensorColorProperty: ObjectProperty [value: 0xffff00ff]
20:10:05.121 [FXGL Background Thread 3 ] DEBUG Engine               - devShowBBoxProperty: BooleanProperty [value: false]
20:10:05.121 [FXGL Background Thread 3 ] DEBUG Engine               - devShowPositionProperty: BooleanProperty [value: false]
20:10:05.121 [FXGL Background Thread 3 ] DEBUG Engine               - enabledMenuItems: []
20:10:05.121 [FXGL Background Thread 3 ] DEBUG Engine               - engineServices: [class com.almasb.fxgl.app.services.FXGLAssetLoaderService, class com.almasb.fxgl.app.FXGLApplication$GameApplicationService, class com.almasb.fxgl.app.services.FXGLDialogService, class com.almasb.fxgl.app.services.IOTaskExecutorService, class com.almasb.fxgl.io.FileSystemService, class com.almasb.fxgl.localization.LocalizationService, class com.almasb.fxgl.app.services.SystemBundleService, class com.almasb.fxgl.profile.SaveLoadService, class com.almasb.fxgl.ui.FXGLUIFactoryServiceProvider, class com.almasb.fxgl.ui.FXGLDialogFactoryServiceProvider, class com.almasb.fxgl.audio.AudioPlayer, class com.almasb.fxgl.notification.impl.NotificationServiceProvider, class com.almasb.fxgl.achievement.AchievementService, class com.almasb.fxgl.cutscene.CutsceneService, class com.almasb.fxgl.minigames.MiniGameService, class com.almasb.fxgl.net.NetService, class com.almasb.fxgl.app.services.UpdaterService, class com.almasb.fxgl.dev.DevService]
20:10:05.121 [FXGL Background Thread 3 ] DEBUG Engine               - fontGame: Abel-Regular.ttf
20:10:05.121 [FXGL Background Thread 3 ] DEBUG Engine               - fontMono: lucida_console.ttf
20:10:05.121 [FXGL Background Thread 3 ] DEBUG Engine               - fontText: Courier-Prime.ttf
20:10:05.121 [FXGL Background Thread 3 ] DEBUG Engine               - fontUI: VarelaRound-Regular.ttf
20:10:05.121 [FXGL Background Thread 3 ] DEBUG Engine               - fullScreen: BooleanProperty [value: false]
20:10:05.121 [FXGL Background Thread 3 ] DEBUG Engine               - gameDifficulty: MEDIUM
20:10:05.121 [FXGL Background Thread 3 ] DEBUG Engine               - gameDifficultyProperty: ObjectProperty [value: MEDIUM]
20:10:05.121 [FXGL Background Thread 3 ] DEBUG Engine               - globalMusicVolume: 0.5
20:10:05.122 [FXGL Background Thread 3 ] DEBUG Engine               - globalMusicVolumeProperty: DoubleProperty [value: 0.5]
20:10:05.122 [FXGL Background Thread 3 ] DEBUG Engine               - globalSoundVolume: 0.5
20:10:05.122 [FXGL Background Thread 3 ] DEBUG Engine               - globalSoundVolumeProperty: DoubleProperty [value: 0.5]
20:10:05.122 [FXGL Background Thread 3 ] DEBUG Engine               - height: 624
20:10:05.122 [FXGL Background Thread 3 ] DEBUG Engine               - is3D: false
20:10:05.122 [FXGL Background Thread 3 ] DEBUG Engine               - isAndroid: false
20:10:05.122 [FXGL Background Thread 3 ] DEBUG Engine               - isBrowser: false
20:10:05.122 [FXGL Background Thread 3 ] DEBUG Engine               - isClickFeedbackEnabled: false
20:10:05.122 [FXGL Background Thread 3 ] DEBUG Engine               - isCloseConfirmation: false
20:10:05.122 [FXGL Background Thread 3 ] DEBUG Engine               - isDesktop: true
20:10:05.122 [FXGL Background Thread 3 ] DEBUG Engine               - isDeveloperMenuEnabled: false
20:10:05.122 [FXGL Background Thread 3 ] DEBUG Engine               - isEntityPreloadEnabled: true
20:10:05.122 [FXGL Background Thread 3 ] DEBUG Engine               - isExperimentalTiledLargeMap: false
20:10:05.122 [FXGL Background Thread 3 ] DEBUG Engine               - isFileSystemWriteAllowed: true
20:10:05.122 [FXGL Background Thread 3 ] DEBUG Engine               - isFullScreenAllowed: true
20:10:05.122 [FXGL Background Thread 3 ] DEBUG Engine               - isFullScreenFromStart: false
20:10:05.122 [FXGL Background Thread 3 ] DEBUG Engine               - isGameMenuEnabled: true
20:10:05.122 [FXGL Background Thread 3 ] DEBUG Engine               - isIOS: false
20:10:05.122 [FXGL Background Thread 3 ] DEBUG Engine               - isIntroEnabled: false
20:10:05.122 [FXGL Background Thread 3 ] DEBUG Engine               - isLinux: false
20:10:05.122 [FXGL Background Thread 3 ] DEBUG Engine               - isMac: false
20:10:05.122 [FXGL Background Thread 3 ] DEBUG Engine               - isMainMenuEnabled: false
20:10:05.122 [FXGL Background Thread 3 ] DEBUG Engine               - isManualResizeEnabled: false
20:10:05.122 [FXGL Background Thread 3 ] DEBUG Engine               - isMobile: false
20:10:05.122 [FXGL Background Thread 3 ] DEBUG Engine               - isNative: false
20:10:05.122 [FXGL Background Thread 3 ] DEBUG Engine               - isPauseMusicWhenMinimized: true
20:10:05.122 [FXGL Background Thread 3 ] DEBUG Engine               - isPreserveResizeRatio: false
20:10:05.122 [FXGL Background Thread 3 ] DEBUG Engine               - isProfilingEnabled: false
20:10:05.122 [FXGL Background Thread 3 ] DEBUG Engine               - isScaleAffectedOnResize: true
20:10:05.122 [FXGL Background Thread 3 ] DEBUG Engine               - isSingleStep: false
20:10:05.123 [FXGL Background Thread 3 ] DEBUG Engine               - isUserProfileEnabled: false
20:10:05.123 [FXGL Background Thread 3 ] DEBUG Engine               - isWindows: true
20:10:05.123 [FXGL Background Thread 3 ] DEBUG Engine               - language: ObjectProperty [value: ENGLISH]
20:10:05.123 [FXGL Background Thread 3 ] DEBUG Engine               - menuKey: ESCAPE
20:10:05.123 [FXGL Background Thread 3 ] DEBUG Engine               - mouseSensitivity: 0.2
20:10:05.123 [FXGL Background Thread 3 ] DEBUG Engine               - notificationViewClass: class com.almasb.fxgl.notification.view.XboxNotificationView
20:10:05.123 [FXGL Background Thread 3 ] DEBUG Engine               - pixelsPerMeter: 50.0
20:10:05.123 [FXGL Background Thread 3 ] DEBUG Engine               - platform: WINDOWS
20:10:05.123 [FXGL Background Thread 3 ] DEBUG Engine               - prefHeightProperty: ReadOnlyDoubleProperty [value: 624.0]
20:10:05.123 [FXGL Background Thread 3 ] DEBUG Engine               - prefWidthProperty: ReadOnlyDoubleProperty [value: 1488.0]
20:10:05.123 [FXGL Background Thread 3 ] DEBUG Engine               - profileDir: profiles/
20:10:05.123 [FXGL Background Thread 3 ] DEBUG Engine               - profileName: StringProperty [value: DEFAULT]
20:10:05.123 [FXGL Background Thread 3 ] DEBUG Engine               - randomSeed: -1
20:10:05.123 [FXGL Background Thread 3 ] DEBUG Engine               - runtimeInfo: RuntimeInfo(platform=WINDOWS, version=11.17, build=16.07.2021 15.46)
20:10:05.123 [FXGL Background Thread 3 ] DEBUG Engine               - saveFileExt: sav
20:10:05.123 [FXGL Background Thread 3 ] DEBUG Engine               - scaledHeightProp$fxgl: DoubleProperty [bound, value: 603.0]
20:10:05.123 [FXGL Background Thread 3 ] DEBUG Engine               - scaledWidthProp$fxgl: DoubleProperty [bound, value: 1415.0]
20:10:05.123 [FXGL Background Thread 3 ] DEBUG Engine               - sceneFactory: com.almasb.fxgl.app.scene.SceneFactory@3fa2a744
20:10:05.123 [FXGL Background Thread 3 ] DEBUG Engine               - secondsIn24h: 60
20:10:05.123 [FXGL Background Thread 3 ] DEBUG Engine               - soundMenuBack: menu/back.wav
20:10:05.123 [FXGL Background Thread 3 ] DEBUG Engine               - soundMenuPress: menu/press.wav
20:10:05.123 [FXGL Background Thread 3 ] DEBUG Engine               - soundMenuSelect: menu/select.wav
20:10:05.123 [FXGL Background Thread 3 ] DEBUG Engine               - soundNotification: core/notification.wav
20:10:05.123 [FXGL Background Thread 3 ] DEBUG Engine               - stageStyle: DECORATED
20:10:05.123 [FXGL Background Thread 3 ] DEBUG Engine               - supportedLanguages: [ENGLISH, FRENCH, GERMAN, HUNGARIAN, RUSSIAN]
20:10:05.123 [FXGL Background Thread 3 ] DEBUG Engine               - ticksPerSecond: -1
20:10:05.123 [FXGL Background Thread 3 ] DEBUG Engine               - title: BOMBERMAN
20:10:05.123 [FXGL Background Thread 3 ] DEBUG Engine               - urlGithub: https://github.com/AlmasB/FXGL
20:10:05.123 [FXGL Background Thread 3 ] DEBUG Engine               - urlLeaderboard: http://fxgl-top.herokuapp.com/
20:10:05.123 [FXGL Background Thread 3 ] DEBUG Engine               - urlPOM: https://raw.githubusercontent.com/AlmasB/FXGL/release/README.md
20:10:05.123 [FXGL Background Thread 3 ] DEBUG Engine               - userAppClass: class Bomberman.BombermanGame
20:10:05.123 [FXGL Background Thread 3 ] DEBUG Engine               - version: 1.0
20:10:05.123 [FXGL Background Thread 3 ] DEBUG Engine               - versionCheckDays: 7
20:10:05.123 [FXGL Background Thread 3 ] DEBUG Engine               - width: 1488
20:10:05.123 [FXGL Background Thread 3 ] DEBUG Engine               - Logging services
20:10:05.123 [FXGL Background Thread 3 ] DEBUG Engine               - class com.almasb.fxgl.app.services.FXGLAssetLoaderService
20:10:05.124 [FXGL Background Thread 3 ] DEBUG Engine               - class com.almasb.fxgl.app.FXGLApplication$GameApplicationService
20:10:05.124 [FXGL Background Thread 3 ] DEBUG Engine               - class com.almasb.fxgl.app.services.FXGLDialogService
20:10:05.124 [FXGL Background Thread 3 ] DEBUG Engine               - class com.almasb.fxgl.app.services.IOTaskExecutorService
20:10:05.124 [FXGL Background Thread 3 ] DEBUG Engine               - class com.almasb.fxgl.io.FileSystemService
20:10:05.124 [FXGL Background Thread 3 ] DEBUG Engine               - class com.almasb.fxgl.localization.LocalizationService
20:10:05.124 [FXGL Background Thread 3 ] DEBUG Engine               - class com.almasb.fxgl.app.services.SystemBundleService
20:10:05.124 [FXGL Background Thread 3 ] DEBUG Engine               - class com.almasb.fxgl.profile.SaveLoadService
20:10:05.124 [FXGL Background Thread 3 ] DEBUG Engine               - class com.almasb.fxgl.ui.FXGLUIFactoryServiceProvider
20:10:05.124 [FXGL Background Thread 3 ] DEBUG Engine               - class com.almasb.fxgl.ui.FXGLDialogFactoryServiceProvider
20:10:05.124 [FXGL Background Thread 3 ] DEBUG Engine               - class com.almasb.fxgl.audio.AudioPlayer
20:10:05.124 [FXGL Background Thread 3 ] DEBUG Engine               - class com.almasb.fxgl.notification.impl.NotificationServiceProvider
20:10:05.124 [FXGL Background Thread 3 ] DEBUG Engine               - class com.almasb.fxgl.achievement.AchievementService
20:10:05.124 [FXGL Background Thread 3 ] DEBUG Engine               - class com.almasb.fxgl.cutscene.CutsceneService
20:10:05.124 [FXGL Background Thread 3 ] DEBUG Engine               - class com.almasb.fxgl.minigames.MiniGameService
20:10:05.124 [FXGL Background Thread 3 ] DEBUG Engine               - class com.almasb.fxgl.net.NetService
20:10:05.124 [FXGL Background Thread 3 ] DEBUG Engine               - class com.almasb.fxgl.app.services.UpdaterService
20:10:05.124 [FXGL Background Thread 3 ] DEBUG Engine               - class com.almasb.fxgl.dev.DevService
20:10:07.944 [JavaFX Application Thread] DEBUG FXGLApplication      - Exiting FXGL
20:10:07.944 [JavaFX Application Thread] DEBUG Async                - Shutting down background threads
20:10:07.945 [JavaFX Application Thread] DEBUG PrimaryStageWindow   - Closing main window
20:10:07.957 [JavaFX Application Thread] DEBUG Logger               - Closing Logger
