09:15:46.436 [main                     ] DEBUG Logger               - Configured Logger
09:15:46.440 [main                     ] DEBUG GameApplication      - Logging settings
Title: BOMBERMAN
Version: 1.0
Width: 1488
Height: 624
Fullscreen: true
Intro: false
Profiling: false
Single step:false
App Mode: DEVELOPER
Menu Key: ESCAPE
Stage Style: DECORATED
Scene Factory: class com.almasb.fxgl.app.scene.SceneFactory

09:15:46.854 [JavaFX Application Thread] DEBUG FXGLApplication      - Initializing FXGL
09:15:46.858 [JavaFX Application Thread] INFO  Engine               - FXGL-11.17 (16.07.2021 15.46) on WINDOWS (J:11.0.16.1 FX:16)
09:15:46.858 [JavaFX Application Thread] DEBUG Engine               - JRE Vendor Name: Oracle Corporation
09:15:46.858 [JavaFX Application Thread] DEBUG Engine               - Running on OS: Windows 11 version 10.0
09:15:46.858 [JavaFX Application Thread] DEBUG Engine               - Architecture: amd64
09:15:46.859 [JavaFX Application Thread] INFO  Engine               - Source code and latest versions at: https://github.com/AlmasB/FXGL
09:15:46.859 [JavaFX Application Thread] INFO  Engine               -              Join the FXGL chat at: https://gitter.im/AlmasB/FXGL
09:15:46.985 [JavaFX Application Thread] DEBUG PrimaryStageWindow   - Creating a JavaFX scene
09:15:46.985 [JavaFX Application Thread] DEBUG PrimaryStageWindow   - Target size > screen size
09:15:47.048 [JavaFX Application Thread] DEBUG PrimaryStageWindow   - Target settings size: 1488.0 x 624.0
09:15:47.048 [JavaFX Application Thread] DEBUG PrimaryStageWindow   - Scaled scene size:    1415.0 x 603.0
09:15:47.048 [JavaFX Application Thread] DEBUG PrimaryStageWindow   - Scaled ratio: (0.9509408602150538, 0.9663461538461539)
09:15:47.049 [JavaFX Application Thread] DEBUG PrimaryStageWindow   - Set initial scene to FXGLStartupScene
09:15:47.059 [JavaFX Application Thread] DEBUG PrimaryStageWindow   - Opening main window
09:15:47.167 [JavaFX Application Thread] DEBUG PrimaryStageWindow   - Window border size: (13.0, 35.5)
09:15:47.167 [JavaFX Application Thread] DEBUG PrimaryStageWindow   - Scaled size: 1415.0 x 603.0
09:15:47.167 [JavaFX Application Thread] DEBUG PrimaryStageWindow   - Scaled ratio: (0.9509408602150538, 0.9663461538461539)
09:15:47.168 [JavaFX Application Thread] DEBUG PrimaryStageWindow   - Scene size: 1415.0 x 603.0
09:15:47.168 [JavaFX Application Thread] DEBUG PrimaryStageWindow   - Stage size: 1428.0 x 638.5
09:15:47.178 [FXGL Background Thread 1 ] DEBUG Engine               - Initializing environment variables
09:15:47.284 [FXGL Background Thread 1 ] DEBUG FXGLAssetLoaderServi - User app class for loading assets: class Bomberman.BombermanGame
09:15:47.284 [FXGL Background Thread 1 ] DEBUG GameApplicationServi - Applying CSS: fxgl_dark.css
09:15:47.285 [FXGL Background Thread 1 ] DEBUG FXGLAssetLoaderServi - Loading from file system: jar:file:/C:/Users/Admin/.m2/repository/com/github/almasb/fxgl/11.17/fxgl-11.17.jar!/fxglassets/ui/css/fxgl_dark.css
09:15:47.339 [FXGL Background Thread 1 ] DEBUG GameApplicationServi - Initializing application scenes
09:15:47.384 [FXGL Background Thread 1 ] DEBUG GameWorld            - Game world initialized
09:15:47.448 [FXGL Background Thread 1 ] DEBUG PhysicsWorld         - Physics world initialized: appHeight=624, physics.ppm=50.0
09:15:47.449 [FXGL Background Thread 1 ] DEBUG PhysicsWorld         - Using strategy: BRUTE_FORCE
09:15:47.451 [FXGL Background Thread 1 ] DEBUG GameScene            - Game scene initialized: 1488x624
09:15:47.465 [FXGL Background Thread 1 ] DEBUG FXGL.DefaultMenu     - createMenuBodyGameMenu()
09:15:47.486 [FXGL Background Thread 1 ] DEBUG FXGL.DefaultMenu     - createOptionsMenu()
09:15:47.501 [FXGL Background Thread 1 ] DEBUG FXGLAssetLoaderServi - Loading from file system: jar:file:/C:/Users/Admin/.m2/repository/com/github/almasb/fxgl/11.17/fxgl-11.17.jar!/fxglassets/textures/particles/smoke.png
09:15:47.612 [FXGL Background Thread 1 ] DEBUG FXGLAssetLoaderServi - Loading from file system: jar:file:/C:/Users/Admin/.m2/repository/com/github/almasb/fxgl/11.17/fxgl-11.17.jar!/fxglassets/textures/particles/trace_horizontal.png
09:15:47.641 [FXGL Background Thread 1 ] DEBUG GameApplicationServi - Application scenes initialized
09:15:47.654 [FXGL Background Thread 1 ] DEBUG SystemBundleService  - Loading FXGL system data
09:15:47.659 [FXGL Background Thread 1 ] DEBUG FileSystemAccess     - Reading from: C:\Users\Admin\Desktop\Bomberman\system\fxgl.bundle
09:15:47.666 [FXGL Background Thread 1 ] DEBUG SystemBundleService  - Bundle FXGL: {}
09:15:47.666 [FXGL Background Thread 1 ] DEBUG UpdaterService       - Checking for updates
09:15:47.670 [FXGL Background Thread 4 ] DEBUG FXGLApplication      - Loading fonts
09:15:47.671 [FXGL Background Thread 1 ] DEBUG FXGLApplication      - Loading default localization
09:15:47.671 [FXGL Background Thread 4 ] DEBUG FXGLAssetLoaderServi - Loading from file system: jar:file:/C:/Users/Admin/.m2/repository/com/github/almasb/fxgl/11.17/fxgl-11.17.jar!/fxglassets/ui/fonts/VarelaRound-Regular.ttf
09:15:47.672 [FXGL Background Thread 1 ] DEBUG FXGLAssetLoaderServi - Loading from file system: jar:file:/C:/Users/Admin/.m2/repository/com/github/almasb/fxgl/11.17/fxgl-11.17.jar!/fxglassets/languages/english.lang
09:15:47.690 [FXGL Background Thread 1 ] INFO  FXGLApplication      - FXGL initialization took: 0.512 sec
09:15:47.710 [JavaFX Application Thread] DEBUG Input                - Registered new binding: Move Left - A
09:15:47.710 [JavaFX Application Thread] DEBUG Input                - Registered new binding: Move Right - D
09:15:47.711 [JavaFX Application Thread] DEBUG Input                - Registered new binding: Move Up - W
09:15:47.711 [JavaFX Application Thread] DEBUG Input                - Registered new binding: Move Down - S
09:15:47.711 [JavaFX Application Thread] DEBUG Input                - Registered new binding: Place Bomb - Space
09:15:47.711 [JavaFX Application Thread] DEBUG Input                - Registered new binding: Switch to classic bomb - 1
09:15:47.711 [JavaFX Application Thread] DEBUG Input                - Registered new binding: Switch to lazer bomb - 2
09:15:47.712 [JavaFX Application Thread] DEBUG Input                - Registered new binding: Switch to light bomb - 3
09:15:47.712 [JavaFX Application Thread] DEBUG FXGLAssetLoaderServi - Loading from file system: jar:file:/C:/Users/Admin/.m2/repository/com/github/almasb/fxgl/11.17/fxgl-11.17.jar!/fxglassets/textures/fxgl_icon.png
09:15:47.743 [JavaFX Application Thread] DEBUG FXGLAssetLoaderServi - Loading from file system: jar:file:/C:/Users/Admin/.m2/repository/com/github/almasb/fxgl/11.17/fxgl-11.17.jar!/fxglassets/textures/fxgl_default_cursor.png
09:15:47.748 [JavaFX Application Thread] DEBUG Input                - Registered new binding: Screenshot - CTRL+8
09:15:47.749 [JavaFX Application Thread] DEBUG Input                - Registered new binding: System info dump - CTRL+9
09:15:47.750 [JavaFX Application Thread] DEBUG Input                - Registered new binding: Restart - CTRL+R
09:15:47.751 [JavaFX Application Thread] DEBUG Input                - Registered new binding: Toggle Debug Camera - CTRL+C
09:15:47.755 [JavaFX Application Thread] DEBUG LoopRunner           - Starting loop
09:15:47.756 [JavaFX Application Thread] DEBUG LoopRunner           - Initializing JavaFX AnimationTimerLoop
09:15:47.758 [JavaFX Application Thread] DEBUG GameApplicationServi - Starting new game
09:15:47.759 [JavaFX Application Thread] DEBUG Input                - Clearing active input actions
09:15:47.785 [JavaFX Application Thread] DEBUG GameApplicationServi - Removing overlay from FXGLStartupScene and adding to FXGLLoadingScene
09:15:47.787 [JavaFX Application Thread] DEBUG PrimaryStageWindow   - FXGLStartupScene -> FXGLLoadingScene
09:15:47.787 [JavaFX Application Thread] DEBUG GameApplicationServi - Clearing previous game
09:15:47.787 [JavaFX Application Thread] DEBUG GameScene            - Clearing game scene
09:15:47.787 [JavaFX Application Thread] DEBUG GameWorld            - Clearing game world
09:15:47.787 [JavaFX Application Thread] DEBUG PhysicsWorld         - Clearing physics world
09:15:47.789 [FXGL Background Thread 1 ] DEBUG FXGLApplication      - Initializing game
09:15:47.817 [FXGL Background Thread 1 ] DEBUG FXGLAssetLoaderServi - Loading from file system: file:/C:/Users/Admin/Desktop/Bomberman/target/classes/assets/textures/wall.png
09:15:47.920 [FXGL Background Thread 1 ] DEBUG FXGLAssetLoaderServi - Loading from file system: file:/C:/Users/Admin/Desktop/Bomberman/target/classes/assets/textures/player_die.png
09:15:47.925 [FXGL Background Thread 1 ] DEBUG FXGLAssetLoaderServi - Loading from file system: file:/C:/Users/Admin/Desktop/Bomberman/target/classes/assets/textures/player_down.png
09:15:47.928 [FXGL Background Thread 1 ] DEBUG FXGLAssetLoaderServi - Loading from file system: file:/C:/Users/Admin/Desktop/Bomberman/target/classes/assets/textures/player_right.png
09:15:47.931 [FXGL Background Thread 1 ] DEBUG FXGLAssetLoaderServi - Loading from file system: file:/C:/Users/Admin/Desktop/Bomberman/target/classes/assets/textures/player_up.png
09:15:47.933 [FXGL Background Thread 1 ] DEBUG FXGLAssetLoaderServi - Loading from file system: file:/C:/Users/Admin/Desktop/Bomberman/target/classes/assets/textures/player_left.png
09:15:47.945 [FXGL Background Thread 1 ] DEBUG FXGLAssetLoaderServi - Loading from file system: file:/C:/Users/Admin/Desktop/Bomberman/target/classes/assets/textures/powerup_bombs.png
09:15:47.953 [FXGL Background Thread 1 ] DEBUG FXGLAssetLoaderServi - Loading from file system: file:/C:/Users/Admin/Desktop/Bomberman/target/classes/assets/textures/brick.png
09:15:47.955 [FXGL Background Thread 1 ] DEBUG FXGLAssetLoaderServi - Loading from file system: file:/C:/Users/Admin/Desktop/Bomberman/target/classes/assets/textures/brick_break.png
09:15:47.961 [FXGL Background Thread 1 ] DEBUG FXGLAssetLoaderServi - Loading from file system: file:/C:/Users/Admin/Desktop/Bomberman/target/classes/assets/textures/powerup_speed.png
09:15:47.970 [FXGL Background Thread 1 ] DEBUG FXGLAssetLoaderServi - Loading from file system: file:/C:/Users/Admin/Desktop/Bomberman/target/classes/assets/textures/enemy1.png
09:15:47.993 [FXGL Background Thread 1 ] DEBUG FXGLAssetLoaderServi - Loading from file system: file:/C:/Users/Admin/Desktop/Bomberman/target/classes/assets/textures/enemy2.png
09:15:48.059 [FXGL Background Thread 1 ] DEBUG FXGLAssetLoaderServi - Loading from file system: file:/C:/Users/Admin/Desktop/Bomberman/target/classes/assets/textures/portal.png
09:15:48.119 [FXGL Background Thread 1 ] DEBUG FXGLAssetLoaderServi - Loading from file system: file:/C:/Users/Admin/Desktop/Bomberman/target/classes/assets/textures/powerup_flames.png
09:15:48.273 [FXGL Background Thread 1 ] INFO  FXGLApplication      - Game initialization took: 0.484 sec
09:15:48.274 [JavaFX Application Thread] DEBUG Input                - Clearing active input actions
09:15:48.304 [FXGL Background Thread 4 ] DEBUG FXGLAssetLoaderServi - Loading from file system: jar:file:/C:/Users/Admin/.m2/repository/com/github/almasb/fxgl/11.17/fxgl-11.17.jar!/fxglassets/ui/fonts/Abel-Regular.ttf
09:15:48.311 [FXGL Background Thread 4 ] DEBUG FXGLAssetLoaderServi - Loading from file system: jar:file:/C:/Users/Admin/.m2/repository/com/github/almasb/fxgl/11.17/fxgl-11.17.jar!/fxglassets/ui/fonts/lucida_console.ttf
09:15:48.322 [FXGL Background Thread 4 ] DEBUG FXGLAssetLoaderServi - Loading from file system: jar:file:/C:/Users/Admin/.m2/repository/com/github/almasb/fxgl/11.17/fxgl-11.17.jar!/fxglassets/ui/fonts/Courier-Prime.ttf
09:15:48.341 [JavaFX Application Thread] DEBUG GameApplicationServi - Removing overlay from FXGLLoadingScene and adding to GameScene
09:15:48.341 [JavaFX Application Thread] DEBUG PrimaryStageWindow   - FXGLLoadingScene -> GameScene
09:15:48.448 [JavaFX Application Thread] DEBUG FXGLApplication      - Registering font factories with UI factory
09:15:48.906 [FXGL Background Thread 2 ] INFO  UpdaterService       - Your current version:  11.17
09:15:48.906 [FXGL Background Thread 2 ] INFO  UpdaterService       - Latest stable version: 17.2
09:15:50.670 [FXGL Background Thread 3 ] DEBUG Engine               - Logging environment variables
09:15:50.670 [FXGL Background Thread 3 ] DEBUG Engine               - achievements: []
09:15:50.670 [FXGL Background Thread 3 ] DEBUG Engine               - actualHeight: 603.0
09:15:50.670 [FXGL Background Thread 3 ] DEBUG Engine               - actualHeightProperty: ReadOnlyDoubleProperty [value: 603.0]
09:15:50.670 [FXGL Background Thread 3 ] DEBUG Engine               - actualWidth: 1415.0
09:15:50.670 [FXGL Background Thread 3 ] DEBUG Engine               - actualWidthProperty: ReadOnlyDoubleProperty [value: 1415.0]
09:15:50.670 [FXGL Background Thread 3 ] DEBUG Engine               - appIcon: fxgl_icon.png
09:15:50.670 [FXGL Background Thread 3 ] DEBUG Engine               - applicationMode: DEVELOPER
09:15:50.670 [FXGL Background Thread 3 ] DEBUG Engine               - cSSList: [fxgl_dark.css]
09:15:50.671 [FXGL Background Thread 3 ] DEBUG Engine               - collisionDetectionStrategy: BRUTE_FORCE
09:15:50.671 [FXGL Background Thread 3 ] DEBUG Engine               - configClass: Optional.empty
09:15:50.671 [FXGL Background Thread 3 ] DEBUG Engine               - credits: []
09:15:50.671 [FXGL Background Thread 3 ] DEBUG Engine               - defaultCursor: CursorInfo(imageName=fxgl_default_cursor.png, hotspotX=7.0, hotspotY=6.0)
09:15:50.671 [FXGL Background Thread 3 ] DEBUG Engine               - devBBoxColorProperty: ObjectProperty [value: 0xff0000ff]
09:15:50.671 [FXGL Background Thread 3 ] DEBUG Engine               - devEnableDebugCameraProperty: BooleanProperty [value: false]
09:15:50.671 [FXGL Background Thread 3 ] DEBUG Engine               - devSensorColorProperty: ObjectProperty [value: 0xffff00ff]
09:15:50.671 [FXGL Background Thread 3 ] DEBUG Engine               - devShowBBoxProperty: BooleanProperty [value: false]
09:15:50.671 [FXGL Background Thread 3 ] DEBUG Engine               - devShowPositionProperty: BooleanProperty [value: false]
09:15:50.671 [FXGL Background Thread 3 ] DEBUG Engine               - enabledMenuItems: []
09:15:50.671 [FXGL Background Thread 3 ] DEBUG Engine               - engineServices: [class com.almasb.fxgl.app.services.FXGLAssetLoaderService, class com.almasb.fxgl.app.FXGLApplication$GameApplicationService, class com.almasb.fxgl.app.services.FXGLDialogService, class com.almasb.fxgl.app.services.IOTaskExecutorService, class com.almasb.fxgl.io.FileSystemService, class com.almasb.fxgl.localization.LocalizationService, class com.almasb.fxgl.app.services.SystemBundleService, class com.almasb.fxgl.profile.SaveLoadService, class com.almasb.fxgl.ui.FXGLUIFactoryServiceProvider, class com.almasb.fxgl.ui.FXGLDialogFactoryServiceProvider, class com.almasb.fxgl.audio.AudioPlayer, class com.almasb.fxgl.notification.impl.NotificationServiceProvider, class com.almasb.fxgl.achievement.AchievementService, class com.almasb.fxgl.cutscene.CutsceneService, class com.almasb.fxgl.minigames.MiniGameService, class com.almasb.fxgl.net.NetService, class com.almasb.fxgl.app.services.UpdaterService, class com.almasb.fxgl.dev.DevService]
09:15:50.671 [FXGL Background Thread 3 ] DEBUG Engine               - fontGame: Abel-Regular.ttf
09:15:50.671 [FXGL Background Thread 3 ] DEBUG Engine               - fontMono: lucida_console.ttf
09:15:50.671 [FXGL Background Thread 3 ] DEBUG Engine               - fontText: Courier-Prime.ttf
09:15:50.671 [FXGL Background Thread 3 ] DEBUG Engine               - fontUI: VarelaRound-Regular.ttf
09:15:50.671 [FXGL Background Thread 3 ] DEBUG Engine               - fullScreen: BooleanProperty [value: false]
09:15:50.672 [FXGL Background Thread 3 ] DEBUG Engine               - gameDifficulty: MEDIUM
09:15:50.672 [FXGL Background Thread 3 ] DEBUG Engine               - gameDifficultyProperty: ObjectProperty [value: MEDIUM]
09:15:50.672 [FXGL Background Thread 3 ] DEBUG Engine               - globalMusicVolume: 0.5
09:15:50.672 [FXGL Background Thread 3 ] DEBUG Engine               - globalMusicVolumeProperty: DoubleProperty [value: 0.5]
09:15:50.672 [FXGL Background Thread 3 ] DEBUG Engine               - globalSoundVolume: 0.5
09:15:50.672 [FXGL Background Thread 3 ] DEBUG Engine               - globalSoundVolumeProperty: DoubleProperty [value: 0.5]
09:15:50.672 [FXGL Background Thread 3 ] DEBUG Engine               - height: 624
09:15:50.672 [FXGL Background Thread 3 ] DEBUG Engine               - is3D: false
09:15:50.672 [FXGL Background Thread 3 ] DEBUG Engine               - isAndroid: false
09:15:50.672 [FXGL Background Thread 3 ] DEBUG Engine               - isBrowser: false
09:15:50.672 [FXGL Background Thread 3 ] DEBUG Engine               - isClickFeedbackEnabled: false
09:15:50.672 [FXGL Background Thread 3 ] DEBUG Engine               - isCloseConfirmation: false
09:15:50.672 [FXGL Background Thread 3 ] DEBUG Engine               - isDesktop: true
09:15:50.672 [FXGL Background Thread 3 ] DEBUG Engine               - isDeveloperMenuEnabled: false
09:15:50.672 [FXGL Background Thread 3 ] DEBUG Engine               - isEntityPreloadEnabled: true
09:15:50.672 [FXGL Background Thread 3 ] DEBUG Engine               - isExperimentalTiledLargeMap: false
09:15:50.672 [FXGL Background Thread 3 ] DEBUG Engine               - isFileSystemWriteAllowed: true
09:15:50.672 [FXGL Background Thread 3 ] DEBUG Engine               - isFullScreenAllowed: true
09:15:50.672 [FXGL Background Thread 3 ] DEBUG Engine               - isFullScreenFromStart: false
09:15:50.672 [FXGL Background Thread 3 ] DEBUG Engine               - isGameMenuEnabled: true
09:15:50.672 [FXGL Background Thread 3 ] DEBUG Engine               - isIOS: false
09:15:50.672 [FXGL Background Thread 3 ] DEBUG Engine               - isIntroEnabled: false
09:15:50.672 [FXGL Background Thread 3 ] DEBUG Engine               - isLinux: false
09:15:50.673 [FXGL Background Thread 3 ] DEBUG Engine               - isMac: false
09:15:50.673 [FXGL Background Thread 3 ] DEBUG Engine               - isMainMenuEnabled: false
09:15:50.673 [FXGL Background Thread 3 ] DEBUG Engine               - isManualResizeEnabled: false
09:15:50.673 [FXGL Background Thread 3 ] DEBUG Engine               - isMobile: false
09:15:50.673 [FXGL Background Thread 3 ] DEBUG Engine               - isNative: false
09:15:50.673 [FXGL Background Thread 3 ] DEBUG Engine               - isPauseMusicWhenMinimized: true
09:15:50.673 [FXGL Background Thread 3 ] DEBUG Engine               - isPreserveResizeRatio: false
09:15:50.673 [FXGL Background Thread 3 ] DEBUG Engine               - isProfilingEnabled: false
09:15:50.673 [FXGL Background Thread 3 ] DEBUG Engine               - isScaleAffectedOnResize: true
09:15:50.673 [FXGL Background Thread 3 ] DEBUG Engine               - isSingleStep: false
09:15:50.673 [FXGL Background Thread 3 ] DEBUG Engine               - isUserProfileEnabled: false
09:15:50.673 [FXGL Background Thread 3 ] DEBUG Engine               - isWindows: true
09:15:50.673 [FXGL Background Thread 3 ] DEBUG Engine               - language: ObjectProperty [value: ENGLISH]
09:15:50.673 [FXGL Background Thread 3 ] DEBUG Engine               - menuKey: ESCAPE
09:15:50.673 [FXGL Background Thread 3 ] DEBUG Engine               - mouseSensitivity: 0.2
09:15:50.673 [FXGL Background Thread 3 ] DEBUG Engine               - notificationViewClass: class com.almasb.fxgl.notification.view.XboxNotificationView
09:15:50.673 [FXGL Background Thread 3 ] DEBUG Engine               - pixelsPerMeter: 50.0
09:15:50.673 [FXGL Background Thread 3 ] DEBUG Engine               - platform: WINDOWS
09:15:50.673 [FXGL Background Thread 3 ] DEBUG Engine               - prefHeightProperty: ReadOnlyDoubleProperty [value: 624.0]
09:15:50.673 [FXGL Background Thread 3 ] DEBUG Engine               - prefWidthProperty: ReadOnlyDoubleProperty [value: 1488.0]
09:15:50.673 [FXGL Background Thread 3 ] DEBUG Engine               - profileDir: profiles/
09:15:50.673 [FXGL Background Thread 3 ] DEBUG Engine               - profileName: StringProperty [value: DEFAULT]
09:15:50.673 [FXGL Background Thread 3 ] DEBUG Engine               - randomSeed: -1
09:15:50.673 [FXGL Background Thread 3 ] DEBUG Engine               - runtimeInfo: RuntimeInfo(platform=WINDOWS, version=11.17, build=16.07.2021 15.46)
09:15:50.673 [FXGL Background Thread 3 ] DEBUG Engine               - saveFileExt: sav
09:15:50.673 [FXGL Background Thread 3 ] DEBUG Engine               - scaledHeightProp$fxgl: DoubleProperty [bound, value: 603.0]
09:15:50.673 [FXGL Background Thread 3 ] DEBUG Engine               - scaledWidthProp$fxgl: DoubleProperty [bound, value: 1415.0]
09:15:50.673 [FXGL Background Thread 3 ] DEBUG Engine               - sceneFactory: com.almasb.fxgl.app.scene.SceneFactory@be885ad
09:15:50.673 [FXGL Background Thread 3 ] DEBUG Engine               - secondsIn24h: 60
09:15:50.673 [FXGL Background Thread 3 ] DEBUG Engine               - soundMenuBack: menu/back.wav
09:15:50.673 [FXGL Background Thread 3 ] DEBUG Engine               - soundMenuPress: menu/press.wav
09:15:50.673 [FXGL Background Thread 3 ] DEBUG Engine               - soundMenuSelect: menu/select.wav
09:15:50.674 [FXGL Background Thread 3 ] DEBUG Engine               - soundNotification: core/notification.wav
09:15:50.674 [FXGL Background Thread 3 ] DEBUG Engine               - stageStyle: DECORATED
09:15:50.674 [FXGL Background Thread 3 ] DEBUG Engine               - supportedLanguages: [ENGLISH, FRENCH, GERMAN, HUNGARIAN, RUSSIAN]
09:15:50.674 [FXGL Background Thread 3 ] DEBUG Engine               - ticksPerSecond: -1
09:15:50.674 [FXGL Background Thread 3 ] DEBUG Engine               - title: BOMBERMAN
09:15:50.674 [FXGL Background Thread 3 ] DEBUG Engine               - urlGithub: https://github.com/AlmasB/FXGL
09:15:50.674 [FXGL Background Thread 3 ] DEBUG Engine               - urlLeaderboard: http://fxgl-top.herokuapp.com/
09:15:50.674 [FXGL Background Thread 3 ] DEBUG Engine               - urlPOM: https://raw.githubusercontent.com/AlmasB/FXGL/release/README.md
09:15:50.674 [FXGL Background Thread 3 ] DEBUG Engine               - userAppClass: class Bomberman.BombermanGame
09:15:50.674 [FXGL Background Thread 3 ] DEBUG Engine               - version: 1.0
09:15:50.674 [FXGL Background Thread 3 ] DEBUG Engine               - versionCheckDays: 7
09:15:50.674 [FXGL Background Thread 3 ] DEBUG Engine               - width: 1488
09:15:50.674 [FXGL Background Thread 3 ] DEBUG Engine               - Logging services
09:15:50.674 [FXGL Background Thread 3 ] DEBUG Engine               - class com.almasb.fxgl.app.services.FXGLAssetLoaderService
09:15:50.674 [FXGL Background Thread 3 ] DEBUG Engine               - class com.almasb.fxgl.app.FXGLApplication$GameApplicationService
09:15:50.674 [FXGL Background Thread 3 ] DEBUG Engine               - class com.almasb.fxgl.app.services.FXGLDialogService
09:15:50.674 [FXGL Background Thread 3 ] DEBUG Engine               - class com.almasb.fxgl.app.services.IOTaskExecutorService
09:15:50.674 [FXGL Background Thread 3 ] DEBUG Engine               - class com.almasb.fxgl.io.FileSystemService
09:15:50.674 [FXGL Background Thread 3 ] DEBUG Engine               - class com.almasb.fxgl.localization.LocalizationService
09:15:50.674 [FXGL Background Thread 3 ] DEBUG Engine               - class com.almasb.fxgl.app.services.SystemBundleService
09:15:50.674 [FXGL Background Thread 3 ] DEBUG Engine               - class com.almasb.fxgl.profile.SaveLoadService
09:15:50.674 [FXGL Background Thread 3 ] DEBUG Engine               - class com.almasb.fxgl.ui.FXGLUIFactoryServiceProvider
09:15:50.674 [FXGL Background Thread 3 ] DEBUG Engine               - class com.almasb.fxgl.ui.FXGLDialogFactoryServiceProvider
09:15:50.674 [FXGL Background Thread 3 ] DEBUG Engine               - class com.almasb.fxgl.audio.AudioPlayer
09:15:50.674 [FXGL Background Thread 3 ] DEBUG Engine               - class com.almasb.fxgl.notification.impl.NotificationServiceProvider
09:15:50.674 [FXGL Background Thread 3 ] DEBUG Engine               - class com.almasb.fxgl.achievement.AchievementService
09:15:50.674 [FXGL Background Thread 3 ] DEBUG Engine               - class com.almasb.fxgl.cutscene.CutsceneService
09:15:50.674 [FXGL Background Thread 3 ] DEBUG Engine               - class com.almasb.fxgl.minigames.MiniGameService
09:15:50.674 [FXGL Background Thread 3 ] DEBUG Engine               - class com.almasb.fxgl.net.NetService
09:15:50.674 [FXGL Background Thread 3 ] DEBUG Engine               - class com.almasb.fxgl.app.services.UpdaterService
09:15:50.674 [FXGL Background Thread 3 ] DEBUG Engine               - class com.almasb.fxgl.dev.DevService
09:16:04.906 [JavaFX Application Thread] DEBUG FXGLApplication      - Exiting FXGL
09:16:04.906 [JavaFX Application Thread] DEBUG LoopRunner           - Stopping loop
09:16:04.906 [JavaFX Application Thread] DEBUG SystemBundleService  - Saving FXGL system data
09:16:04.908 [JavaFX Application Thread] DEBUG FileSystemAccess     - Writing to: C:\Users\Admin\Desktop\Bomberman\system\fxgl.bundle
09:16:04.909 [JavaFX Application Thread] DEBUG Async                - Shutting down background threads
09:16:04.909 [JavaFX Application Thread] DEBUG PrimaryStageWindow   - Closing main window
09:16:04.925 [JavaFX Application Thread] DEBUG Logger               - Closing Logger
