20:04:36.267 [main                     ] DEBUG Logger               - Configured Logger
20:04:36.271 [main                     ] DEBUG GameApplication      - Logging settings
Title: BOMBERMAN
Version: 1.0
Width: 1488
Height: 624
Fullscreen: true
Intro: false
Profiling: false
Single step:false
App Mode: DEVELOPER
Menu Key: ESCAPE
Stage Style: DECORATED
Scene Factory: class com.almasb.fxgl.app.scene.SceneFactory

20:04:36.701 [JavaFX Application Thread] DEBUG FXGLApplication      - Initializing FXGL
20:04:36.704 [JavaFX Application Thread] INFO  Engine               - FXGL-11.17 (16.07.2021 15.46) on WINDOWS (J:11.0.16.1 FX:16)
20:04:36.704 [JavaFX Application Thread] DEBUG Engine               - JRE Vendor Name: Oracle Corporation
20:04:36.704 [JavaFX Application Thread] DEBUG Engine               - Running on OS: Windows 11 version 10.0
20:04:36.704 [JavaFX Application Thread] DEBUG Engine               - Architecture: amd64
20:04:36.704 [JavaFX Application Thread] INFO  Engine               - Source code and latest versions at: https://github.com/AlmasB/FXGL
20:04:36.705 [JavaFX Application Thread] INFO  Engine               -              Join the FXGL chat at: https://gitter.im/AlmasB/FXGL
20:04:36.832 [JavaFX Application Thread] DEBUG PrimaryStageWindow   - Creating a JavaFX scene
20:04:36.833 [JavaFX Application Thread] DEBUG PrimaryStageWindow   - Target size > screen size
20:04:36.897 [JavaFX Application Thread] DEBUG PrimaryStageWindow   - Target settings size: 1488.0 x 624.0
20:04:36.897 [JavaFX Application Thread] DEBUG PrimaryStageWindow   - Scaled scene size:    1415.0 x 603.0
20:04:36.897 [JavaFX Application Thread] DEBUG PrimaryStageWindow   - Scaled ratio: (0.9509408602150538, 0.9663461538461539)
20:04:36.898 [JavaFX Application Thread] DEBUG PrimaryStageWindow   - Set initial scene to FXGLStartupScene
20:04:36.910 [JavaFX Application Thread] DEBUG PrimaryStageWindow   - Opening main window
20:04:37.016 [JavaFX Application Thread] DEBUG PrimaryStageWindow   - Window border size: (13.0, 35.5)
20:04:37.016 [JavaFX Application Thread] DEBUG PrimaryStageWindow   - Scaled size: 1415.0 x 603.0
20:04:37.017 [JavaFX Application Thread] DEBUG PrimaryStageWindow   - Scaled ratio: (0.9509408602150538, 0.9663461538461539)
20:04:37.017 [JavaFX Application Thread] DEBUG PrimaryStageWindow   - Scene size: 1415.0 x 603.0
20:04:37.017 [JavaFX Application Thread] DEBUG PrimaryStageWindow   - Stage size: 1428.0 x 638.5
20:04:37.027 [FXGL Background Thread 1 ] DEBUG Engine               - Initializing environment variables
20:04:37.116 [FXGL Background Thread 1 ] DEBUG FXGLAssetLoaderServi - User app class for loading assets: class Bomberman.BombermanGame
20:04:37.117 [FXGL Background Thread 1 ] DEBUG GameApplicationServi - Applying CSS: fxgl_dark.css
20:04:37.118 [FXGL Background Thread 1 ] DEBUG FXGLAssetLoaderServi - Loading from file system: jar:file:/C:/Users/Admin/.m2/repository/com/github/almasb/fxgl/11.17/fxgl-11.17.jar!/fxglassets/ui/css/fxgl_dark.css
20:04:37.174 [FXGL Background Thread 1 ] DEBUG GameApplicationServi - Initializing application scenes
20:04:37.223 [FXGL Background Thread 1 ] DEBUG GameWorld            - Game world initialized
20:04:37.292 [FXGL Background Thread 1 ] DEBUG PhysicsWorld         - Physics world initialized: appHeight=624, physics.ppm=50.0
20:04:37.292 [FXGL Background Thread 1 ] DEBUG PhysicsWorld         - Using strategy: BRUTE_FORCE
20:04:37.295 [FXGL Background Thread 1 ] DEBUG GameScene            - Game scene initialized: 1488x624
20:04:37.308 [FXGL Background Thread 1 ] DEBUG FXGL.DefaultMenu     - createMenuBodyGameMenu()
20:04:37.331 [FXGL Background Thread 1 ] DEBUG FXGL.DefaultMenu     - createOptionsMenu()
20:04:37.347 [FXGL Background Thread 1 ] DEBUG FXGLAssetLoaderServi - Loading from file system: jar:file:/C:/Users/Admin/.m2/repository/com/github/almasb/fxgl/11.17/fxgl-11.17.jar!/fxglassets/textures/particles/smoke.png
20:04:37.450 [FXGL Background Thread 1 ] DEBUG FXGLAssetLoaderServi - Loading from file system: jar:file:/C:/Users/Admin/.m2/repository/com/github/almasb/fxgl/11.17/fxgl-11.17.jar!/fxglassets/textures/particles/trace_horizontal.png
20:04:37.481 [FXGL Background Thread 1 ] DEBUG GameApplicationServi - Application scenes initialized
20:04:37.494 [FXGL Background Thread 1 ] DEBUG SystemBundleService  - Loading FXGL system data
20:04:37.499 [FXGL Background Thread 1 ] DEBUG FileSystemAccess     - Reading from: C:\Users\Admin\Desktop\Bomberman\system\fxgl.bundle
20:04:37.505 [FXGL Background Thread 1 ] DEBUG SystemBundleService  - Bundle FXGL: {}
20:04:37.505 [FXGL Background Thread 1 ] DEBUG UpdaterService       - Checking for updates
20:04:37.509 [FXGL Background Thread 4 ] DEBUG FXGLApplication      - Loading fonts
20:04:37.510 [FXGL Background Thread 1 ] DEBUG FXGLApplication      - Loading default localization
20:04:37.510 [FXGL Background Thread 4 ] DEBUG FXGLAssetLoaderServi - Loading from file system: jar:file:/C:/Users/Admin/.m2/repository/com/github/almasb/fxgl/11.17/fxgl-11.17.jar!/fxglassets/ui/fonts/VarelaRound-Regular.ttf
20:04:37.511 [FXGL Background Thread 1 ] DEBUG FXGLAssetLoaderServi - Loading from file system: jar:file:/C:/Users/Admin/.m2/repository/com/github/almasb/fxgl/11.17/fxgl-11.17.jar!/fxglassets/languages/english.lang
20:04:37.527 [FXGL Background Thread 1 ] INFO  FXGLApplication      - FXGL initialization took: 0.500 sec
20:04:37.544 [JavaFX Application Thread] DEBUG Input                - Registered new binding: Move Left - A
20:04:37.545 [JavaFX Application Thread] DEBUG Input                - Registered new binding: Move Right - D
20:04:37.545 [JavaFX Application Thread] DEBUG Input                - Registered new binding: Move Up - W
20:04:37.545 [JavaFX Application Thread] DEBUG Input                - Registered new binding: Move Down - S
20:04:37.545 [JavaFX Application Thread] DEBUG Input                - Registered new binding: Place Bomb - Space
20:04:37.545 [JavaFX Application Thread] DEBUG Input                - Registered new binding: Switch to classic bomb - 1
20:04:37.546 [JavaFX Application Thread] DEBUG Input                - Registered new binding: Switch to lazer bomb - 2
20:04:37.546 [JavaFX Application Thread] DEBUG Input                - Registered new binding: Switch to light bomb - 3
20:04:37.546 [JavaFX Application Thread] DEBUG FXGLAssetLoaderServi - Loading from file system: jar:file:/C:/Users/Admin/.m2/repository/com/github/almasb/fxgl/11.17/fxgl-11.17.jar!/fxglassets/textures/fxgl_icon.png
20:04:37.572 [JavaFX Application Thread] DEBUG FXGLAssetLoaderServi - Loading from file system: jar:file:/C:/Users/Admin/.m2/repository/com/github/almasb/fxgl/11.17/fxgl-11.17.jar!/fxglassets/textures/fxgl_default_cursor.png
20:04:37.576 [JavaFX Application Thread] DEBUG Input                - Registered new binding: Screenshot - CTRL+8
20:04:37.577 [JavaFX Application Thread] DEBUG Input                - Registered new binding: System info dump - CTRL+9
20:04:37.577 [JavaFX Application Thread] DEBUG Input                - Registered new binding: Restart - CTRL+R
20:04:37.579 [JavaFX Application Thread] DEBUG Input                - Registered new binding: Toggle Debug Camera - CTRL+C
20:04:37.582 [JavaFX Application Thread] DEBUG LoopRunner           - Starting loop
20:04:37.582 [JavaFX Application Thread] DEBUG LoopRunner           - Initializing JavaFX AnimationTimerLoop
20:04:37.585 [JavaFX Application Thread] DEBUG GameApplicationServi - Starting new game
20:04:37.586 [JavaFX Application Thread] DEBUG Input                - Clearing active input actions
20:04:37.608 [JavaFX Application Thread] DEBUG GameApplicationServi - Removing overlay from FXGLStartupScene and adding to FXGLLoadingScene
20:04:37.609 [JavaFX Application Thread] DEBUG PrimaryStageWindow   - FXGLStartupScene -> FXGLLoadingScene
20:04:37.609 [JavaFX Application Thread] DEBUG GameApplicationServi - Clearing previous game
20:04:37.609 [JavaFX Application Thread] DEBUG GameScene            - Clearing game scene
20:04:37.609 [JavaFX Application Thread] DEBUG GameWorld            - Clearing game world
20:04:37.610 [JavaFX Application Thread] DEBUG PhysicsWorld         - Clearing physics world
20:04:37.612 [FXGL Background Thread 1 ] DEBUG FXGLApplication      - Initializing game
20:04:37.640 [FXGL Background Thread 1 ] DEBUG FXGLAssetLoaderServi - Loading from file system: file:/C:/Users/Admin/Desktop/Bomberman/target/classes/assets/textures/wall.png
20:04:37.749 [FXGL Background Thread 1 ] DEBUG FXGLAssetLoaderServi - Loading from file system: file:/C:/Users/Admin/Desktop/Bomberman/target/classes/assets/textures/player_die.png
20:04:37.759 [FXGL Background Thread 1 ] DEBUG FXGLAssetLoaderServi - Loading from file system: file:/C:/Users/Admin/Desktop/Bomberman/target/classes/assets/textures/player_down.png
20:04:37.760 [FXGL Background Thread 1 ] DEBUG FXGLAssetLoaderServi - Loading from file system: file:/C:/Users/Admin/Desktop/Bomberman/target/classes/assets/textures/player_right.png
20:04:37.762 [FXGL Background Thread 1 ] DEBUG FXGLAssetLoaderServi - Loading from file system: file:/C:/Users/Admin/Desktop/Bomberman/target/classes/assets/textures/player_up.png
20:04:37.764 [FXGL Background Thread 1 ] DEBUG FXGLAssetLoaderServi - Loading from file system: file:/C:/Users/Admin/Desktop/Bomberman/target/classes/assets/textures/player_left.png
20:04:37.779 [FXGL Background Thread 1 ] DEBUG FXGLAssetLoaderServi - Loading from file system: file:/C:/Users/Admin/Desktop/Bomberman/target/classes/assets/textures/brick.png
20:04:37.781 [FXGL Background Thread 1 ] DEBUG FXGLAssetLoaderServi - Loading from file system: file:/C:/Users/Admin/Desktop/Bomberman/target/classes/assets/textures/brick_break.png
20:04:37.793 [FXGL Background Thread 1 ] DEBUG FXGLAssetLoaderServi - Loading from file system: file:/C:/Users/Admin/Desktop/Bomberman/target/classes/assets/textures/enemy1.png
20:04:37.813 [FXGL Background Thread 1 ] DEBUG FXGLAssetLoaderServi - Loading from file system: file:/C:/Users/Admin/Desktop/Bomberman/target/classes/assets/textures/enemy2.png
20:04:37.863 [FXGL Background Thread 1 ] DEBUG FXGLAssetLoaderServi - Loading from file system: file:/C:/Users/Admin/Desktop/Bomberman/target/classes/assets/textures/portal.png
20:04:37.908 [FXGL Background Thread 1 ] DEBUG FXGLAssetLoaderServi - Loading from file system: file:/C:/Users/Admin/Desktop/Bomberman/target/classes/assets/textures/powerup_flames.png
20:04:37.967 [FXGL Background Thread 4 ] DEBUG FXGLAssetLoaderServi - Loading from file system: jar:file:/C:/Users/Admin/.m2/repository/com/github/almasb/fxgl/11.17/fxgl-11.17.jar!/fxglassets/ui/fonts/Abel-Regular.ttf
20:04:37.969 [FXGL Background Thread 1 ] DEBUG FXGLAssetLoaderServi - Loading from file system: file:/C:/Users/Admin/Desktop/Bomberman/target/classes/assets/textures/enemy3.png
20:04:37.972 [FXGL Background Thread 4 ] DEBUG FXGLAssetLoaderServi - Loading from file system: jar:file:/C:/Users/Admin/.m2/repository/com/github/almasb/fxgl/11.17/fxgl-11.17.jar!/fxglassets/ui/fonts/lucida_console.ttf
20:04:37.980 [FXGL Background Thread 4 ] DEBUG FXGLAssetLoaderServi - Loading from file system: jar:file:/C:/Users/Admin/.m2/repository/com/github/almasb/fxgl/11.17/fxgl-11.17.jar!/fxglassets/ui/fonts/Courier-Prime.ttf
20:04:37.994 [JavaFX Application Thread] DEBUG FXGLApplication      - Registering font factories with UI factory
20:04:37.996 [FXGL Background Thread 1 ] INFO  FXGLApplication      - Game initialization took: 0.384 sec
20:04:38.010 [JavaFX Application Thread] DEBUG Input                - Clearing active input actions
20:04:38.032 [JavaFX Application Thread] DEBUG GameApplicationServi - Removing overlay from FXGLLoadingScene and adding to GameScene
20:04:38.032 [JavaFX Application Thread] DEBUG PrimaryStageWindow   - FXGLLoadingScene -> GameScene
20:04:38.425 [FXGL Background Thread 2 ] INFO  UpdaterService       - Your current version:  11.17
20:04:38.425 [FXGL Background Thread 2 ] INFO  UpdaterService       - Latest stable version: 17.2
20:04:40.510 [FXGL Background Thread 3 ] DEBUG Engine               - Logging environment variables
20:04:40.510 [FXGL Background Thread 3 ] DEBUG Engine               - achievements: []
20:04:40.510 [FXGL Background Thread 3 ] DEBUG Engine               - actualHeight: 603.0
20:04:40.510 [FXGL Background Thread 3 ] DEBUG Engine               - actualHeightProperty: ReadOnlyDoubleProperty [value: 603.0]
20:04:40.510 [FXGL Background Thread 3 ] DEBUG Engine               - actualWidth: 1415.0
20:04:40.510 [FXGL Background Thread 3 ] DEBUG Engine               - actualWidthProperty: ReadOnlyDoubleProperty [value: 1415.0]
20:04:40.510 [FXGL Background Thread 3 ] DEBUG Engine               - appIcon: fxgl_icon.png
20:04:40.511 [FXGL Background Thread 3 ] DEBUG Engine               - applicationMode: DEVELOPER
20:04:40.511 [FXGL Background Thread 3 ] DEBUG Engine               - cSSList: [fxgl_dark.css]
20:04:40.511 [FXGL Background Thread 3 ] DEBUG Engine               - collisionDetectionStrategy: BRUTE_FORCE
20:04:40.511 [FXGL Background Thread 3 ] DEBUG Engine               - configClass: Optional.empty
20:04:40.511 [FXGL Background Thread 3 ] DEBUG Engine               - credits: []
20:04:40.511 [FXGL Background Thread 3 ] DEBUG Engine               - defaultCursor: CursorInfo(imageName=fxgl_default_cursor.png, hotspotX=7.0, hotspotY=6.0)
20:04:40.511 [FXGL Background Thread 3 ] DEBUG Engine               - devBBoxColorProperty: ObjectProperty [value: 0xff0000ff]
20:04:40.511 [FXGL Background Thread 3 ] DEBUG Engine               - devEnableDebugCameraProperty: BooleanProperty [value: false]
20:04:40.511 [FXGL Background Thread 3 ] DEBUG Engine               - devSensorColorProperty: ObjectProperty [value: 0xffff00ff]
20:04:40.511 [FXGL Background Thread 3 ] DEBUG Engine               - devShowBBoxProperty: BooleanProperty [value: false]
20:04:40.511 [FXGL Background Thread 3 ] DEBUG Engine               - devShowPositionProperty: BooleanProperty [value: false]
20:04:40.511 [FXGL Background Thread 3 ] DEBUG Engine               - enabledMenuItems: []
20:04:40.511 [FXGL Background Thread 3 ] DEBUG Engine               - engineServices: [class com.almasb.fxgl.app.services.FXGLAssetLoaderService, class com.almasb.fxgl.app.FXGLApplication$GameApplicationService, class com.almasb.fxgl.app.services.FXGLDialogService, class com.almasb.fxgl.app.services.IOTaskExecutorService, class com.almasb.fxgl.io.FileSystemService, class com.almasb.fxgl.localization.LocalizationService, class com.almasb.fxgl.app.services.SystemBundleService, class com.almasb.fxgl.profile.SaveLoadService, class com.almasb.fxgl.ui.FXGLUIFactoryServiceProvider, class com.almasb.fxgl.ui.FXGLDialogFactoryServiceProvider, class com.almasb.fxgl.audio.AudioPlayer, class com.almasb.fxgl.notification.impl.NotificationServiceProvider, class com.almasb.fxgl.achievement.AchievementService, class com.almasb.fxgl.cutscene.CutsceneService, class com.almasb.fxgl.minigames.MiniGameService, class com.almasb.fxgl.net.NetService, class com.almasb.fxgl.app.services.UpdaterService, class com.almasb.fxgl.dev.DevService]
20:04:40.511 [FXGL Background Thread 3 ] DEBUG Engine               - fontGame: Abel-Regular.ttf
20:04:40.511 [FXGL Background Thread 3 ] DEBUG Engine               - fontMono: lucida_console.ttf
20:04:40.511 [FXGL Background Thread 3 ] DEBUG Engine               - fontText: Courier-Prime.ttf
20:04:40.511 [FXGL Background Thread 3 ] DEBUG Engine               - fontUI: VarelaRound-Regular.ttf
20:04:40.511 [FXGL Background Thread 3 ] DEBUG Engine               - fullScreen: BooleanProperty [value: false]
20:04:40.511 [FXGL Background Thread 3 ] DEBUG Engine               - gameDifficulty: MEDIUM
20:04:40.512 [FXGL Background Thread 3 ] DEBUG Engine               - gameDifficultyProperty: ObjectProperty [value: MEDIUM]
20:04:40.512 [FXGL Background Thread 3 ] DEBUG Engine               - globalMusicVolume: 0.5
20:04:40.512 [FXGL Background Thread 3 ] DEBUG Engine               - globalMusicVolumeProperty: DoubleProperty [value: 0.5]
20:04:40.512 [FXGL Background Thread 3 ] DEBUG Engine               - globalSoundVolume: 0.5
20:04:40.512 [FXGL Background Thread 3 ] DEBUG Engine               - globalSoundVolumeProperty: DoubleProperty [value: 0.5]
20:04:40.512 [FXGL Background Thread 3 ] DEBUG Engine               - height: 624
20:04:40.512 [FXGL Background Thread 3 ] DEBUG Engine               - is3D: false
20:04:40.512 [FXGL Background Thread 3 ] DEBUG Engine               - isAndroid: false
20:04:40.512 [FXGL Background Thread 3 ] DEBUG Engine               - isBrowser: false
20:04:40.512 [FXGL Background Thread 3 ] DEBUG Engine               - isClickFeedbackEnabled: false
20:04:40.512 [FXGL Background Thread 3 ] DEBUG Engine               - isCloseConfirmation: false
20:04:40.512 [FXGL Background Thread 3 ] DEBUG Engine               - isDesktop: true
20:04:40.512 [FXGL Background Thread 3 ] DEBUG Engine               - isDeveloperMenuEnabled: false
20:04:40.512 [FXGL Background Thread 3 ] DEBUG Engine               - isEntityPreloadEnabled: true
20:04:40.512 [FXGL Background Thread 3 ] DEBUG Engine               - isExperimentalTiledLargeMap: false
20:04:40.512 [FXGL Background Thread 3 ] DEBUG Engine               - isFileSystemWriteAllowed: true
20:04:40.512 [FXGL Background Thread 3 ] DEBUG Engine               - isFullScreenAllowed: true
20:04:40.513 [FXGL Background Thread 3 ] DEBUG Engine               - isFullScreenFromStart: false
20:04:40.513 [FXGL Background Thread 3 ] DEBUG Engine               - isGameMenuEnabled: true
20:04:40.513 [FXGL Background Thread 3 ] DEBUG Engine               - isIOS: false
20:04:40.513 [FXGL Background Thread 3 ] DEBUG Engine               - isIntroEnabled: false
20:04:40.513 [FXGL Background Thread 3 ] DEBUG Engine               - isLinux: false
20:04:40.513 [FXGL Background Thread 3 ] DEBUG Engine               - isMac: false
20:04:40.513 [FXGL Background Thread 3 ] DEBUG Engine               - isMainMenuEnabled: false
20:04:40.513 [FXGL Background Thread 3 ] DEBUG Engine               - isManualResizeEnabled: false
20:04:40.513 [FXGL Background Thread 3 ] DEBUG Engine               - isMobile: false
20:04:40.513 [FXGL Background Thread 3 ] DEBUG Engine               - isNative: false
20:04:40.513 [FXGL Background Thread 3 ] DEBUG Engine               - isPauseMusicWhenMinimized: true
20:04:40.513 [FXGL Background Thread 3 ] DEBUG Engine               - isPreserveResizeRatio: false
20:04:40.513 [FXGL Background Thread 3 ] DEBUG Engine               - isProfilingEnabled: false
20:04:40.513 [FXGL Background Thread 3 ] DEBUG Engine               - isScaleAffectedOnResize: true
20:04:40.513 [FXGL Background Thread 3 ] DEBUG Engine               - isSingleStep: false
20:04:40.513 [FXGL Background Thread 3 ] DEBUG Engine               - isUserProfileEnabled: false
20:04:40.513 [FXGL Background Thread 3 ] DEBUG Engine               - isWindows: true
20:04:40.513 [FXGL Background Thread 3 ] DEBUG Engine               - language: ObjectProperty [value: ENGLISH]
20:04:40.513 [FXGL Background Thread 3 ] DEBUG Engine               - menuKey: ESCAPE
20:04:40.513 [FXGL Background Thread 3 ] DEBUG Engine               - mouseSensitivity: 0.2
20:04:40.513 [FXGL Background Thread 3 ] DEBUG Engine               - notificationViewClass: class com.almasb.fxgl.notification.view.XboxNotificationView
20:04:40.513 [FXGL Background Thread 3 ] DEBUG Engine               - pixelsPerMeter: 50.0
20:04:40.513 [FXGL Background Thread 3 ] DEBUG Engine               - platform: WINDOWS
20:04:40.513 [FXGL Background Thread 3 ] DEBUG Engine               - prefHeightProperty: ReadOnlyDoubleProperty [value: 624.0]
20:04:40.513 [FXGL Background Thread 3 ] DEBUG Engine               - prefWidthProperty: ReadOnlyDoubleProperty [value: 1488.0]
20:04:40.513 [FXGL Background Thread 3 ] DEBUG Engine               - profileDir: profiles/
20:04:40.513 [FXGL Background Thread 3 ] DEBUG Engine               - profileName: StringProperty [value: DEFAULT]
20:04:40.514 [FXGL Background Thread 3 ] DEBUG Engine               - randomSeed: -1
20:04:40.514 [FXGL Background Thread 3 ] DEBUG Engine               - runtimeInfo: RuntimeInfo(platform=WINDOWS, version=11.17, build=16.07.2021 15.46)
20:04:40.514 [FXGL Background Thread 3 ] DEBUG Engine               - saveFileExt: sav
20:04:40.514 [FXGL Background Thread 3 ] DEBUG Engine               - scaledHeightProp$fxgl: DoubleProperty [bound, value: 603.0]
20:04:40.514 [FXGL Background Thread 3 ] DEBUG Engine               - scaledWidthProp$fxgl: DoubleProperty [bound, value: 1415.0]
20:04:40.514 [FXGL Background Thread 3 ] DEBUG Engine               - sceneFactory: com.almasb.fxgl.app.scene.SceneFactory@8fc0a61
20:04:40.514 [FXGL Background Thread 3 ] DEBUG Engine               - secondsIn24h: 60
20:04:40.514 [FXGL Background Thread 3 ] DEBUG Engine               - soundMenuBack: menu/back.wav
20:04:40.514 [FXGL Background Thread 3 ] DEBUG Engine               - soundMenuPress: menu/press.wav
20:04:40.514 [FXGL Background Thread 3 ] DEBUG Engine               - soundMenuSelect: menu/select.wav
20:04:40.514 [FXGL Background Thread 3 ] DEBUG Engine               - soundNotification: core/notification.wav
20:04:40.514 [FXGL Background Thread 3 ] DEBUG Engine               - stageStyle: DECORATED
20:04:40.514 [FXGL Background Thread 3 ] DEBUG Engine               - supportedLanguages: [ENGLISH, FRENCH, GERMAN, HUNGARIAN, RUSSIAN]
20:04:40.514 [FXGL Background Thread 3 ] DEBUG Engine               - ticksPerSecond: -1
20:04:40.514 [FXGL Background Thread 3 ] DEBUG Engine               - title: BOMBERMAN
20:04:40.514 [FXGL Background Thread 3 ] DEBUG Engine               - urlGithub: https://github.com/AlmasB/FXGL
20:04:40.514 [FXGL Background Thread 3 ] DEBUG Engine               - urlLeaderboard: http://fxgl-top.herokuapp.com/
20:04:40.514 [FXGL Background Thread 3 ] DEBUG Engine               - urlPOM: https://raw.githubusercontent.com/AlmasB/FXGL/release/README.md
20:04:40.514 [FXGL Background Thread 3 ] DEBUG Engine               - userAppClass: class Bomberman.BombermanGame
20:04:40.514 [FXGL Background Thread 3 ] DEBUG Engine               - version: 1.0
20:04:40.514 [FXGL Background Thread 3 ] DEBUG Engine               - versionCheckDays: 7
20:04:40.514 [FXGL Background Thread 3 ] DEBUG Engine               - width: 1488
20:04:40.514 [FXGL Background Thread 3 ] DEBUG Engine               - Logging services
20:04:40.514 [FXGL Background Thread 3 ] DEBUG Engine               - class com.almasb.fxgl.app.services.FXGLAssetLoaderService
20:04:40.514 [FXGL Background Thread 3 ] DEBUG Engine               - class com.almasb.fxgl.app.FXGLApplication$GameApplicationService
20:04:40.514 [FXGL Background Thread 3 ] DEBUG Engine               - class com.almasb.fxgl.app.services.FXGLDialogService
20:04:40.514 [FXGL Background Thread 3 ] DEBUG Engine               - class com.almasb.fxgl.app.services.IOTaskExecutorService
20:04:40.514 [FXGL Background Thread 3 ] DEBUG Engine               - class com.almasb.fxgl.io.FileSystemService
20:04:40.514 [FXGL Background Thread 3 ] DEBUG Engine               - class com.almasb.fxgl.localization.LocalizationService
20:04:40.514 [FXGL Background Thread 3 ] DEBUG Engine               - class com.almasb.fxgl.app.services.SystemBundleService
20:04:40.514 [FXGL Background Thread 3 ] DEBUG Engine               - class com.almasb.fxgl.profile.SaveLoadService
20:04:40.514 [FXGL Background Thread 3 ] DEBUG Engine               - class com.almasb.fxgl.ui.FXGLUIFactoryServiceProvider
20:04:40.515 [FXGL Background Thread 3 ] DEBUG Engine               - class com.almasb.fxgl.ui.FXGLDialogFactoryServiceProvider
20:04:40.515 [FXGL Background Thread 3 ] DEBUG Engine               - class com.almasb.fxgl.audio.AudioPlayer
20:04:40.515 [FXGL Background Thread 3 ] DEBUG Engine               - class com.almasb.fxgl.notification.impl.NotificationServiceProvider
20:04:40.515 [FXGL Background Thread 3 ] DEBUG Engine               - class com.almasb.fxgl.achievement.AchievementService
20:04:40.515 [FXGL Background Thread 3 ] DEBUG Engine               - class com.almasb.fxgl.cutscene.CutsceneService
20:04:40.515 [FXGL Background Thread 3 ] DEBUG Engine               - class com.almasb.fxgl.minigames.MiniGameService
20:04:40.515 [FXGL Background Thread 3 ] DEBUG Engine               - class com.almasb.fxgl.net.NetService
20:04:40.515 [FXGL Background Thread 3 ] DEBUG Engine               - class com.almasb.fxgl.app.services.UpdaterService
20:04:40.515 [FXGL Background Thread 3 ] DEBUG Engine               - class com.almasb.fxgl.dev.DevService
20:04:45.811 [JavaFX Application Thread] DEBUG FXGLAssetLoaderServi - Loading from file system: file:/C:/Users/Admin/Desktop/Bomberman/target/classes/assets/sounds/place_bomb.wav
20:04:45.887 [JavaFX Application Thread] DEBUG FXGLAssetLoaderServi - Loading from file system: file:/C:/Users/Admin/Desktop/Bomberman/target/classes/assets/textures/bomb.png
20:04:47.835 [JavaFX Application Thread] DEBUG FXGLAssetLoaderServi - Loading from file system: file:/C:/Users/Admin/Desktop/Bomberman/target/classes/assets/sounds/explosion.wav
20:04:47.839 [JavaFX Application Thread] DEBUG FXGLAssetLoaderServi - Loading from file system: file:/C:/Users/Admin/Desktop/Bomberman/target/classes/assets/textures/central_flame.png
20:04:47.840 [JavaFX Application Thread] DEBUG FXGLAssetLoaderServi - Loading from file system: file:/C:/Users/Admin/Desktop/Bomberman/target/classes/assets/textures/top_up_flame.png
20:04:47.842 [JavaFX Application Thread] DEBUG FXGLAssetLoaderServi - Loading from file system: file:/C:/Users/Admin/Desktop/Bomberman/target/classes/assets/textures/top_down_flame.png
20:04:47.842 [JavaFX Application Thread] DEBUG FXGLAssetLoaderServi - Loading from file system: file:/C:/Users/Admin/Desktop/Bomberman/target/classes/assets/textures/top_right_flame.png
20:04:47.844 [JavaFX Application Thread] DEBUG FXGLAssetLoaderServi - Loading from file system: file:/C:/Users/Admin/Desktop/Bomberman/target/classes/assets/textures/top_left_flame.png
20:04:54.792 [JavaFX Application Thread] DEBUG FXGLApplication      - Exiting FXGL
20:04:54.792 [JavaFX Application Thread] DEBUG LoopRunner           - Stopping loop
20:04:54.793 [JavaFX Application Thread] DEBUG SystemBundleService  - Saving FXGL system data
20:04:54.795 [JavaFX Application Thread] DEBUG FileSystemAccess     - Writing to: C:\Users\Admin\Desktop\Bomberman\system\fxgl.bundle
20:04:54.797 [JavaFX Application Thread] DEBUG Async                - Shutting down background threads
20:04:54.797 [JavaFX Application Thread] DEBUG PrimaryStageWindow   - Closing main window
20:04:54.821 [JavaFX Application Thread] DEBUG Logger               - Closing Logger
