12:37:04.765 [main                     ] DEBUG Logger               - Configured Logger
12:37:04.772 [main                     ] DEBUG GameApplication      - Logging settings
Title: BOMBERMAN
Version: 1.0
Width: 1488
Height: 624
Fullscreen: true
Intro: false
Profiling: false
Single step:false
App Mode: DEVELOPER
Menu Key: ESCAPE
Stage Style: DECORATED
Scene Factory: class com.almasb.fxgl.app.scene.SceneFactory

12:37:05.483 [JavaFX Application Thread] DEBUG FXGLApplication      - Initializing FXGL
12:37:05.487 [JavaFX Application Thread] INFO  Engine               - FXGL-11.17 (16.07.2021 15.46) on WINDOWS (J:11.0.16.1 FX:16)
12:37:05.488 [JavaFX Application Thread] DEBUG Engine               - JRE Vendor Name: Oracle Corporation
12:37:05.488 [JavaFX Application Thread] DEBUG Engine               - Running on OS: Windows 11 version 10.0
12:37:05.488 [JavaFX Application Thread] DEBUG Engine               - Architecture: amd64
12:37:05.488 [JavaFX Application Thread] INFO  Engine               - Source code and latest versions at: https://github.com/AlmasB/FXGL
12:37:05.489 [JavaFX Application Thread] INFO  Engine               -              Join the FXGL chat at: https://gitter.im/AlmasB/FXGL
12:37:05.726 [JavaFX Application Thread] DEBUG PrimaryStageWindow   - Creating a JavaFX scene
12:37:05.727 [JavaFX Application Thread] DEBUG PrimaryStageWindow   - Target size > screen size
12:37:05.832 [JavaFX Application Thread] DEBUG PrimaryStageWindow   - Target settings size: 1488.0 x 624.0
12:37:05.833 [JavaFX Application Thread] DEBUG PrimaryStageWindow   - Scaled scene size:    1415.0 x 603.0
12:37:05.833 [JavaFX Application Thread] DEBUG PrimaryStageWindow   - Scaled ratio: (0.9509408602150538, 0.9663461538461539)
12:37:05.835 [JavaFX Application Thread] DEBUG PrimaryStageWindow   - Set initial scene to FXGLStartupScene
12:37:05.856 [JavaFX Application Thread] DEBUG PrimaryStageWindow   - Opening main window
12:37:06.030 [JavaFX Application Thread] DEBUG PrimaryStageWindow   - Window border size: (13.0, 35.5)
12:37:06.030 [JavaFX Application Thread] DEBUG PrimaryStageWindow   - Scaled size: 1415.0 x 603.0
12:37:06.030 [JavaFX Application Thread] DEBUG PrimaryStageWindow   - Scaled ratio: (0.9509408602150538, 0.9663461538461539)
12:37:06.031 [JavaFX Application Thread] DEBUG PrimaryStageWindow   - Scene size: 1415.0 x 603.0
12:37:06.031 [JavaFX Application Thread] DEBUG PrimaryStageWindow   - Stage size: 1428.0 x 638.5
12:37:06.047 [FXGL Background Thread 1 ] DEBUG Engine               - Initializing environment variables
12:37:06.157 [FXGL Background Thread 1 ] DEBUG FXGLAssetLoaderServi - User app class for loading assets: class Bomberman.BombermanGame
12:37:06.157 [FXGL Background Thread 1 ] DEBUG GameApplicationServi - Applying CSS: fxgl_dark.css
12:37:06.158 [FXGL Background Thread 1 ] DEBUG FXGLAssetLoaderServi - Loading from file system: jar:file:/C:/Users/Admin/.m2/repository/com/github/almasb/fxgl/11.17/fxgl-11.17.jar!/fxglassets/ui/css/fxgl_dark.css
12:37:06.233 [FXGL Background Thread 1 ] DEBUG GameApplicationServi - Initializing application scenes
12:37:06.299 [FXGL Background Thread 1 ] DEBUG GameWorld            - Game world initialized
12:37:06.393 [FXGL Background Thread 1 ] DEBUG PhysicsWorld         - Physics world initialized: appHeight=624, physics.ppm=50.0
12:37:06.394 [FXGL Background Thread 1 ] DEBUG PhysicsWorld         - Using strategy: BRUTE_FORCE
12:37:06.399 [FXGL Background Thread 1 ] DEBUG GameScene            - Game scene initialized: 1488x624
12:37:06.420 [FXGL Background Thread 1 ] DEBUG FXGL.DefaultMenu     - createMenuBodyGameMenu()
12:37:06.452 [FXGL Background Thread 1 ] DEBUG FXGL.DefaultMenu     - createOptionsMenu()
12:37:06.469 [FXGL Background Thread 1 ] DEBUG FXGLAssetLoaderServi - Loading from file system: jar:file:/C:/Users/Admin/.m2/repository/com/github/almasb/fxgl/11.17/fxgl-11.17.jar!/fxglassets/textures/particles/smoke.png
12:37:06.655 [FXGL Background Thread 1 ] DEBUG FXGLAssetLoaderServi - Loading from file system: jar:file:/C:/Users/Admin/.m2/repository/com/github/almasb/fxgl/11.17/fxgl-11.17.jar!/fxglassets/textures/particles/trace_horizontal.png
12:37:06.724 [FXGL Background Thread 1 ] DEBUG GameApplicationServi - Application scenes initialized
12:37:06.751 [FXGL Background Thread 1 ] DEBUG SystemBundleService  - Loading FXGL system data
12:37:06.760 [FXGL Background Thread 1 ] DEBUG FileSystemAccess     - Reading from: C:\Users\Admin\Desktop\Bomberman\system\fxgl.bundle
12:37:06.773 [FXGL Background Thread 1 ] DEBUG SystemBundleService  - Bundle FXGL: {}
12:37:06.774 [FXGL Background Thread 1 ] DEBUG UpdaterService       - Checking for updates
12:37:06.782 [FXGL Background Thread 4 ] DEBUG FXGLApplication      - Loading fonts
12:37:06.783 [FXGL Background Thread 4 ] DEBUG FXGLAssetLoaderServi - Loading from file system: jar:file:/C:/Users/Admin/.m2/repository/com/github/almasb/fxgl/11.17/fxgl-11.17.jar!/fxglassets/ui/fonts/VarelaRound-Regular.ttf
12:37:06.783 [FXGL Background Thread 1 ] DEBUG FXGLApplication      - Loading default localization
12:37:06.785 [FXGL Background Thread 1 ] DEBUG FXGLAssetLoaderServi - Loading from file system: jar:file:/C:/Users/Admin/.m2/repository/com/github/almasb/fxgl/11.17/fxgl-11.17.jar!/fxglassets/languages/english.lang
12:37:06.814 [FXGL Background Thread 1 ] INFO  FXGLApplication      - FXGL initialization took: 0.767 sec
12:37:06.845 [JavaFX Application Thread] DEBUG Input                - Registered new binding: Move Left - A
12:37:06.845 [JavaFX Application Thread] DEBUG Input                - Registered new binding: Move Right - D
12:37:06.846 [JavaFX Application Thread] DEBUG Input                - Registered new binding: Move Up - W
12:37:06.846 [JavaFX Application Thread] DEBUG Input                - Registered new binding: Move Down - S
12:37:06.846 [JavaFX Application Thread] DEBUG Input                - Registered new binding: Place Bomb - Space
12:37:06.847 [JavaFX Application Thread] DEBUG FXGLAssetLoaderServi - Loading from file system: jar:file:/C:/Users/Admin/.m2/repository/com/github/almasb/fxgl/11.17/fxgl-11.17.jar!/fxglassets/textures/fxgl_icon.png
12:37:06.911 [JavaFX Application Thread] DEBUG FXGLAssetLoaderServi - Loading from file system: jar:file:/C:/Users/Admin/.m2/repository/com/github/almasb/fxgl/11.17/fxgl-11.17.jar!/fxglassets/textures/fxgl_default_cursor.png
12:37:06.917 [JavaFX Application Thread] DEBUG Input                - Registered new binding: Screenshot - CTRL+8
12:37:06.918 [JavaFX Application Thread] DEBUG Input                - Registered new binding: System info dump - CTRL+9
12:37:06.919 [JavaFX Application Thread] DEBUG Input                - Registered new binding: Restart - CTRL+R
12:37:06.920 [JavaFX Application Thread] DEBUG Input                - Registered new binding: Toggle Debug Camera - CTRL+C
12:37:06.925 [JavaFX Application Thread] DEBUG LoopRunner           - Starting loop
12:37:06.926 [JavaFX Application Thread] DEBUG LoopRunner           - Initializing JavaFX AnimationTimerLoop
12:37:06.930 [JavaFX Application Thread] DEBUG GameApplicationServi - Starting new game
12:37:06.931 [JavaFX Application Thread] DEBUG Input                - Clearing active input actions
12:37:06.959 [JavaFX Application Thread] DEBUG GameApplicationServi - Removing overlay from FXGLStartupScene and adding to FXGLLoadingScene
12:37:06.960 [JavaFX Application Thread] DEBUG PrimaryStageWindow   - FXGLStartupScene -> FXGLLoadingScene
12:37:06.961 [JavaFX Application Thread] DEBUG GameApplicationServi - Clearing previous game
12:37:06.962 [JavaFX Application Thread] DEBUG GameScene            - Clearing game scene
12:37:06.962 [JavaFX Application Thread] DEBUG GameWorld            - Clearing game world
12:37:06.962 [JavaFX Application Thread] DEBUG PhysicsWorld         - Clearing physics world
12:37:06.964 [FXGL Background Thread 1 ] DEBUG FXGLApplication      - Initializing game
12:37:07.001 [FXGL Background Thread 1 ] DEBUG FXGLAssetLoaderServi - Loading from file system: file:/C:/Users/Admin/Desktop/Bomberman/target/classes/assets/textures/wall.png
12:37:07.124 [FXGL Background Thread 1 ] DEBUG FXGLAssetLoaderServi - Loading from file system: file:/C:/Users/Admin/Desktop/Bomberman/target/classes/assets/textures/player_die.png
12:37:07.128 [FXGL Background Thread 1 ] DEBUG FXGLAssetLoaderServi - Loading from file system: file:/C:/Users/Admin/Desktop/Bomberman/target/classes/assets/textures/player_down.png
12:37:07.146 [FXGL Background Thread 1 ] DEBUG FXGLAssetLoaderServi - Loading from file system: file:/C:/Users/Admin/Desktop/Bomberman/target/classes/assets/textures/player_right.png
12:37:07.149 [FXGL Background Thread 1 ] DEBUG FXGLAssetLoaderServi - Loading from file system: file:/C:/Users/Admin/Desktop/Bomberman/target/classes/assets/textures/player_up.png
12:37:07.151 [FXGL Background Thread 1 ] DEBUG FXGLAssetLoaderServi - Loading from file system: file:/C:/Users/Admin/Desktop/Bomberman/target/classes/assets/textures/player_left.png
12:37:07.160 [FXGL Background Thread 1 ] DEBUG FXGLAssetLoaderServi - Loading from file system: file:/C:/Users/Admin/Desktop/Bomberman/target/classes/assets/textures/brick.png
12:37:07.219 [FXGL Background Thread 1 ] DEBUG FXGLAssetLoaderServi - Loading from file system: file:/C:/Users/Admin/Desktop/Bomberman/target/classes/assets/textures/portal.png
12:37:07.276 [FXGL Background Thread 1 ] DEBUG FXGLAssetLoaderServi - Loading from file system: file:/C:/Users/Admin/Desktop/Bomberman/target/classes/assets/textures/powerup_bombs.png
12:37:07.281 [FXGL Background Thread 1 ] DEBUG FXGLAssetLoaderServi - Loading from file system: file:/C:/Users/Admin/Desktop/Bomberman/target/classes/assets/textures/powerup_flames.png
12:37:07.286 [FXGL Background Thread 1 ] DEBUG FXGLAssetLoaderServi - Loading from file system: file:/C:/Users/Admin/Desktop/Bomberman/target/classes/assets/textures/powerup_speed.png
12:37:07.371 [FXGL Background Thread 4 ] DEBUG FXGLAssetLoaderServi - Loading from file system: jar:file:/C:/Users/Admin/.m2/repository/com/github/almasb/fxgl/11.17/fxgl-11.17.jar!/fxglassets/ui/fonts/Abel-Regular.ttf
12:37:07.378 [FXGL Background Thread 4 ] DEBUG FXGLAssetLoaderServi - Loading from file system: jar:file:/C:/Users/Admin/.m2/repository/com/github/almasb/fxgl/11.17/fxgl-11.17.jar!/fxglassets/ui/fonts/lucida_console.ttf
12:37:07.386 [FXGL Background Thread 4 ] DEBUG FXGLAssetLoaderServi - Loading from file system: jar:file:/C:/Users/Admin/.m2/repository/com/github/almasb/fxgl/11.17/fxgl-11.17.jar!/fxglassets/ui/fonts/Courier-Prime.ttf
12:37:07.390 [FXGL Background Thread 1 ] INFO  FXGLApplication      - Game initialization took: 0.426 sec
12:37:07.391 [JavaFX Application Thread] DEBUG Input                - Clearing active input actions
12:37:07.419 [JavaFX Application Thread] DEBUG GameApplicationServi - Removing overlay from FXGLLoadingScene and adding to GameScene
12:37:07.419 [JavaFX Application Thread] DEBUG PrimaryStageWindow   - FXGLLoadingScene -> GameScene
12:37:07.488 [JavaFX Application Thread] DEBUG FXGLApplication      - Registering font factories with UI factory
12:37:09.780 [FXGL Background Thread 3 ] DEBUG Engine               - Logging environment variables
12:37:09.781 [FXGL Background Thread 3 ] DEBUG Engine               - achievements: []
12:37:09.781 [FXGL Background Thread 3 ] DEBUG Engine               - actualHeight: 603.0
12:37:09.781 [FXGL Background Thread 3 ] DEBUG Engine               - actualHeightProperty: ReadOnlyDoubleProperty [value: 603.0]
12:37:09.782 [FXGL Background Thread 3 ] DEBUG Engine               - actualWidth: 1415.0
12:37:09.782 [FXGL Background Thread 3 ] DEBUG Engine               - actualWidthProperty: ReadOnlyDoubleProperty [value: 1415.0]
12:37:09.782 [FXGL Background Thread 3 ] DEBUG Engine               - appIcon: fxgl_icon.png
12:37:09.782 [FXGL Background Thread 3 ] DEBUG Engine               - applicationMode: DEVELOPER
12:37:09.782 [FXGL Background Thread 3 ] DEBUG Engine               - cSSList: [fxgl_dark.css]
12:37:09.782 [FXGL Background Thread 3 ] DEBUG Engine               - collisionDetectionStrategy: BRUTE_FORCE
12:37:09.782 [FXGL Background Thread 3 ] DEBUG Engine               - configClass: Optional.empty
12:37:09.782 [FXGL Background Thread 3 ] DEBUG Engine               - credits: []
12:37:09.782 [FXGL Background Thread 3 ] DEBUG Engine               - defaultCursor: CursorInfo(imageName=fxgl_default_cursor.png, hotspotX=7.0, hotspotY=6.0)
12:37:09.783 [FXGL Background Thread 3 ] DEBUG Engine               - devBBoxColorProperty: ObjectProperty [value: 0xff0000ff]
12:37:09.783 [FXGL Background Thread 3 ] DEBUG Engine               - devEnableDebugCameraProperty: BooleanProperty [value: false]
12:37:09.783 [FXGL Background Thread 3 ] DEBUG Engine               - devSensorColorProperty: ObjectProperty [value: 0xffff00ff]
12:37:09.783 [FXGL Background Thread 3 ] DEBUG Engine               - devShowBBoxProperty: BooleanProperty [value: false]
12:37:09.783 [FXGL Background Thread 3 ] DEBUG Engine               - devShowPositionProperty: BooleanProperty [value: false]
12:37:09.783 [FXGL Background Thread 3 ] DEBUG Engine               - enabledMenuItems: []
12:37:09.783 [FXGL Background Thread 3 ] DEBUG Engine               - engineServices: [class com.almasb.fxgl.app.services.FXGLAssetLoaderService, class com.almasb.fxgl.app.FXGLApplication$GameApplicationService, class com.almasb.fxgl.app.services.FXGLDialogService, class com.almasb.fxgl.app.services.IOTaskExecutorService, class com.almasb.fxgl.io.FileSystemService, class com.almasb.fxgl.localization.LocalizationService, class com.almasb.fxgl.app.services.SystemBundleService, class com.almasb.fxgl.profile.SaveLoadService, class com.almasb.fxgl.ui.FXGLUIFactoryServiceProvider, class com.almasb.fxgl.ui.FXGLDialogFactoryServiceProvider, class com.almasb.fxgl.audio.AudioPlayer, class com.almasb.fxgl.notification.impl.NotificationServiceProvider, class com.almasb.fxgl.achievement.AchievementService, class com.almasb.fxgl.cutscene.CutsceneService, class com.almasb.fxgl.minigames.MiniGameService, class com.almasb.fxgl.net.NetService, class com.almasb.fxgl.app.services.UpdaterService, class com.almasb.fxgl.dev.DevService]
12:37:09.784 [FXGL Background Thread 3 ] DEBUG Engine               - fontGame: Abel-Regular.ttf
12:37:09.784 [FXGL Background Thread 3 ] DEBUG Engine               - fontMono: lucida_console.ttf
12:37:09.784 [FXGL Background Thread 3 ] DEBUG Engine               - fontText: Courier-Prime.ttf
12:37:09.784 [FXGL Background Thread 3 ] DEBUG Engine               - fontUI: VarelaRound-Regular.ttf
12:37:09.784 [FXGL Background Thread 3 ] DEBUG Engine               - fullScreen: BooleanProperty [value: false]
12:37:09.784 [FXGL Background Thread 3 ] DEBUG Engine               - gameDifficulty: MEDIUM
12:37:09.784 [FXGL Background Thread 3 ] DEBUG Engine               - gameDifficultyProperty: ObjectProperty [value: MEDIUM]
12:37:09.784 [FXGL Background Thread 3 ] DEBUG Engine               - globalMusicVolume: 0.5
12:37:09.784 [FXGL Background Thread 3 ] DEBUG Engine               - globalMusicVolumeProperty: DoubleProperty [value: 0.5]
12:37:09.785 [FXGL Background Thread 3 ] DEBUG Engine               - globalSoundVolume: 0.5
12:37:09.785 [FXGL Background Thread 3 ] DEBUG Engine               - globalSoundVolumeProperty: DoubleProperty [value: 0.5]
12:37:09.785 [FXGL Background Thread 3 ] DEBUG Engine               - height: 624
12:37:09.785 [FXGL Background Thread 3 ] DEBUG Engine               - is3D: false
12:37:09.785 [FXGL Background Thread 3 ] DEBUG Engine               - isAndroid: false
12:37:09.785 [FXGL Background Thread 3 ] DEBUG Engine               - isBrowser: false
12:37:09.785 [FXGL Background Thread 3 ] DEBUG Engine               - isClickFeedbackEnabled: false
12:37:09.785 [FXGL Background Thread 3 ] DEBUG Engine               - isCloseConfirmation: false
12:37:09.785 [FXGL Background Thread 3 ] DEBUG Engine               - isDesktop: true
12:37:09.785 [FXGL Background Thread 3 ] DEBUG Engine               - isDeveloperMenuEnabled: false
12:37:09.785 [FXGL Background Thread 3 ] DEBUG Engine               - isEntityPreloadEnabled: true
12:37:09.786 [FXGL Background Thread 3 ] DEBUG Engine               - isExperimentalTiledLargeMap: false
12:37:09.786 [FXGL Background Thread 3 ] DEBUG Engine               - isFileSystemWriteAllowed: true
12:37:09.786 [FXGL Background Thread 3 ] DEBUG Engine               - isFullScreenAllowed: true
12:37:09.786 [FXGL Background Thread 3 ] DEBUG Engine               - isFullScreenFromStart: false
12:37:09.786 [FXGL Background Thread 3 ] DEBUG Engine               - isGameMenuEnabled: true
12:37:09.786 [FXGL Background Thread 3 ] DEBUG Engine               - isIOS: false
12:37:09.787 [FXGL Background Thread 3 ] DEBUG Engine               - isIntroEnabled: false
12:37:09.787 [FXGL Background Thread 3 ] DEBUG Engine               - isLinux: false
12:37:09.787 [FXGL Background Thread 3 ] DEBUG Engine               - isMac: false
12:37:09.787 [FXGL Background Thread 3 ] DEBUG Engine               - isMainMenuEnabled: false
12:37:09.787 [FXGL Background Thread 3 ] DEBUG Engine               - isManualResizeEnabled: false
12:37:09.787 [FXGL Background Thread 3 ] DEBUG Engine               - isMobile: false
12:37:09.787 [FXGL Background Thread 3 ] DEBUG Engine               - isNative: false
12:37:09.787 [FXGL Background Thread 3 ] DEBUG Engine               - isPauseMusicWhenMinimized: true
12:37:09.787 [FXGL Background Thread 3 ] DEBUG Engine               - isPreserveResizeRatio: false
12:37:09.787 [FXGL Background Thread 3 ] DEBUG Engine               - isProfilingEnabled: false
12:37:09.787 [FXGL Background Thread 3 ] DEBUG Engine               - isScaleAffectedOnResize: true
12:37:09.787 [FXGL Background Thread 3 ] DEBUG Engine               - isSingleStep: false
12:37:09.787 [FXGL Background Thread 3 ] DEBUG Engine               - isUserProfileEnabled: false
12:37:09.787 [FXGL Background Thread 3 ] DEBUG Engine               - isWindows: true
12:37:09.787 [FXGL Background Thread 3 ] DEBUG Engine               - language: ObjectProperty [value: ENGLISH]
12:37:09.788 [FXGL Background Thread 3 ] DEBUG Engine               - menuKey: ESCAPE
12:37:09.788 [FXGL Background Thread 3 ] DEBUG Engine               - mouseSensitivity: 0.2
12:37:09.788 [FXGL Background Thread 3 ] DEBUG Engine               - notificationViewClass: class com.almasb.fxgl.notification.view.XboxNotificationView
12:37:09.788 [FXGL Background Thread 3 ] DEBUG Engine               - pixelsPerMeter: 50.0
12:37:09.788 [FXGL Background Thread 3 ] DEBUG Engine               - platform: WINDOWS
12:37:09.788 [FXGL Background Thread 3 ] DEBUG Engine               - prefHeightProperty: ReadOnlyDoubleProperty [value: 624.0]
12:37:09.788 [FXGL Background Thread 3 ] DEBUG Engine               - prefWidthProperty: ReadOnlyDoubleProperty [value: 1488.0]
12:37:09.788 [FXGL Background Thread 3 ] DEBUG Engine               - profileDir: profiles/
12:37:09.788 [FXGL Background Thread 3 ] DEBUG Engine               - profileName: StringProperty [value: DEFAULT]
12:37:09.788 [FXGL Background Thread 3 ] DEBUG Engine               - randomSeed: -1
12:37:09.788 [FXGL Background Thread 3 ] DEBUG Engine               - runtimeInfo: RuntimeInfo(platform=WINDOWS, version=11.17, build=16.07.2021 15.46)
12:37:09.788 [FXGL Background Thread 3 ] DEBUG Engine               - saveFileExt: sav
12:37:09.788 [FXGL Background Thread 3 ] DEBUG Engine               - scaledHeightProp$fxgl: DoubleProperty [bound, value: 603.0]
12:37:09.788 [FXGL Background Thread 3 ] DEBUG Engine               - scaledWidthProp$fxgl: DoubleProperty [bound, value: 1415.0]
12:37:09.789 [FXGL Background Thread 3 ] DEBUG Engine               - sceneFactory: com.almasb.fxgl.app.scene.SceneFactory@3dea17c9
12:37:09.789 [FXGL Background Thread 3 ] DEBUG Engine               - secondsIn24h: 60
12:37:09.789 [FXGL Background Thread 3 ] DEBUG Engine               - soundMenuBack: menu/back.wav
12:37:09.789 [FXGL Background Thread 3 ] DEBUG Engine               - soundMenuPress: menu/press.wav
12:37:09.789 [FXGL Background Thread 3 ] DEBUG Engine               - soundMenuSelect: menu/select.wav
12:37:09.789 [FXGL Background Thread 3 ] DEBUG Engine               - soundNotification: core/notification.wav
12:37:09.789 [FXGL Background Thread 3 ] DEBUG Engine               - stageStyle: DECORATED
12:37:09.789 [FXGL Background Thread 3 ] DEBUG Engine               - supportedLanguages: [ENGLISH, FRENCH, GERMAN, HUNGARIAN, RUSSIAN]
12:37:09.789 [FXGL Background Thread 3 ] DEBUG Engine               - ticksPerSecond: -1
12:37:09.789 [FXGL Background Thread 3 ] DEBUG Engine               - title: BOMBERMAN
12:37:09.789 [FXGL Background Thread 3 ] DEBUG Engine               - urlGithub: https://github.com/AlmasB/FXGL
12:37:09.789 [FXGL Background Thread 3 ] DEBUG Engine               - urlLeaderboard: http://fxgl-top.herokuapp.com/
12:37:09.789 [FXGL Background Thread 3 ] DEBUG Engine               - urlPOM: https://raw.githubusercontent.com/AlmasB/FXGL/release/README.md
12:37:09.789 [FXGL Background Thread 3 ] DEBUG Engine               - userAppClass: class Bomberman.BombermanGame
12:37:09.789 [FXGL Background Thread 3 ] DEBUG Engine               - version: 1.0
12:37:09.789 [FXGL Background Thread 3 ] DEBUG Engine               - versionCheckDays: 7
12:37:09.789 [FXGL Background Thread 3 ] DEBUG Engine               - width: 1488
12:37:09.789 [FXGL Background Thread 3 ] DEBUG Engine               - Logging services
12:37:09.790 [FXGL Background Thread 3 ] DEBUG Engine               - class com.almasb.fxgl.app.services.FXGLAssetLoaderService
12:37:09.790 [FXGL Background Thread 3 ] DEBUG Engine               - class com.almasb.fxgl.app.FXGLApplication$GameApplicationService
12:37:09.790 [FXGL Background Thread 3 ] DEBUG Engine               - class com.almasb.fxgl.app.services.FXGLDialogService
12:37:09.790 [FXGL Background Thread 3 ] DEBUG Engine               - class com.almasb.fxgl.app.services.IOTaskExecutorService
12:37:09.790 [FXGL Background Thread 3 ] DEBUG Engine               - class com.almasb.fxgl.io.FileSystemService
12:37:09.790 [FXGL Background Thread 3 ] DEBUG Engine               - class com.almasb.fxgl.localization.LocalizationService
12:37:09.790 [FXGL Background Thread 3 ] DEBUG Engine               - class com.almasb.fxgl.app.services.SystemBundleService
12:37:09.790 [FXGL Background Thread 3 ] DEBUG Engine               - class com.almasb.fxgl.profile.SaveLoadService
12:37:09.790 [FXGL Background Thread 3 ] DEBUG Engine               - class com.almasb.fxgl.ui.FXGLUIFactoryServiceProvider
12:37:09.790 [FXGL Background Thread 3 ] DEBUG Engine               - class com.almasb.fxgl.ui.FXGLDialogFactoryServiceProvider
12:37:09.790 [FXGL Background Thread 3 ] DEBUG Engine               - class com.almasb.fxgl.audio.AudioPlayer
12:37:09.791 [FXGL Background Thread 3 ] DEBUG Engine               - class com.almasb.fxgl.notification.impl.NotificationServiceProvider
12:37:09.791 [FXGL Background Thread 3 ] DEBUG Engine               - class com.almasb.fxgl.achievement.AchievementService
12:37:09.791 [FXGL Background Thread 3 ] DEBUG Engine               - class com.almasb.fxgl.cutscene.CutsceneService
12:37:09.791 [FXGL Background Thread 3 ] DEBUG Engine               - class com.almasb.fxgl.minigames.MiniGameService
12:37:09.791 [FXGL Background Thread 3 ] DEBUG Engine               - class com.almasb.fxgl.net.NetService
12:37:09.791 [FXGL Background Thread 3 ] DEBUG Engine               - class com.almasb.fxgl.app.services.UpdaterService
12:37:09.791 [FXGL Background Thread 3 ] DEBUG Engine               - class com.almasb.fxgl.dev.DevService
12:37:10.947 [JavaFX Application Thread] DEBUG FXGLAssetLoaderServi - Loading from file system: file:/C:/Users/Admin/Desktop/Bomberman/target/classes/assets/textures/bomb.png
12:37:10.950 [JavaFX Application Thread] DEBUG FXGLAssetLoaderServi - Loading from file system: file:/C:/Users/Admin/Desktop/Bomberman/target/classes/assets/sounds/place_bomb.wav
12:37:12.936 [JavaFX Application Thread] DEBUG FXGLAssetLoaderServi - Loading from file system: file:/C:/Users/Admin/Desktop/Bomberman/target/classes/assets/textures/central_flame.png
12:37:12.939 [JavaFX Application Thread] DEBUG FXGLAssetLoaderServi - Loading from file system: file:/C:/Users/Admin/Desktop/Bomberman/target/classes/assets/textures/top_right_flame.png
12:37:12.942 [JavaFX Application Thread] DEBUG FXGLAssetLoaderServi - Loading from file system: file:/C:/Users/Admin/Desktop/Bomberman/target/classes/assets/textures/top_left_flame.png
12:37:12.944 [JavaFX Application Thread] DEBUG FXGLAssetLoaderServi - Loading from file system: file:/C:/Users/Admin/Desktop/Bomberman/target/classes/assets/textures/top_down_flame.png
12:37:12.947 [JavaFX Application Thread] DEBUG FXGLAssetLoaderServi - Loading from file system: file:/C:/Users/Admin/Desktop/Bomberman/target/classes/assets/textures/top_up_flame.png
12:37:12.951 [JavaFX Application Thread] DEBUG FXGLAssetLoaderServi - Loading from file system: file:/C:/Users/Admin/Desktop/Bomberman/target/classes/assets/sounds/explosion.wav
12:37:12.962 [JavaFX Application Thread] DEBUG FXGLAssetLoaderServi - Loading from file system: file:/C:/Users/Admin/Desktop/Bomberman/target/classes/assets/textures/brick_break.png
12:37:13.285 [FXGL Background Thread 2 ] INFO  UpdaterService       - Your current version:  11.17
12:37:13.286 [FXGL Background Thread 2 ] INFO  UpdaterService       - Latest stable version: 17.2
12:37:13.954 [JavaFX Application Thread] DEBUG FXGLAssetLoaderServi - Loading from file system: file:/C:/Users/Admin/Desktop/Bomberman/target/classes/assets/sounds/powerup.wav
12:37:20.162 [JavaFX Application Thread] DEBUG FXGLAssetLoaderServi - Loading from file system: file:/C:/Users/Admin/Desktop/Bomberman/target/classes/assets/textures/right_flame.png
12:37:20.164 [JavaFX Application Thread] DEBUG FXGLAssetLoaderServi - Loading from file system: file:/C:/Users/Admin/Desktop/Bomberman/target/classes/assets/textures/left_flame.png
12:37:20.166 [JavaFX Application Thread] DEBUG FXGLAssetLoaderServi - Loading from file system: file:/C:/Users/Admin/Desktop/Bomberman/target/classes/assets/textures/down_flame.png
12:37:20.168 [JavaFX Application Thread] DEBUG FXGLAssetLoaderServi - Loading from file system: file:/C:/Users/Admin/Desktop/Bomberman/target/classes/assets/textures/up_flame.png
12:37:37.356 [JavaFX Application Thread] DEBUG FXGLApplication      - Exiting FXGL
12:37:37.356 [JavaFX Application Thread] DEBUG LoopRunner           - Stopping loop
12:37:37.357 [JavaFX Application Thread] DEBUG SystemBundleService  - Saving FXGL system data
12:37:37.360 [JavaFX Application Thread] DEBUG FileSystemAccess     - Writing to: C:\Users\Admin\Desktop\Bomberman\system\fxgl.bundle
12:37:37.363 [JavaFX Application Thread] DEBUG Async                - Shutting down background threads
12:37:37.364 [JavaFX Application Thread] DEBUG PrimaryStageWindow   - Closing main window
12:37:37.411 [JavaFX Application Thread] DEBUG Logger               - Closing Logger
