12:43:08.329 [main                     ] DEBUG Logger               - Configured Logger
12:43:08.335 [main                     ] DEBUG GameApplication      - Logging settings
Title: BOMBERMAN
Version: 1.0
Width: 31
Height: 13
Fullscreen: true
Intro: false
Profiling: false
Single step:false
App Mode: DEVELOPER
Menu Key: ESCAPE
Stage Style: DECORATED
Scene Factory: class com.almasb.fxgl.app.scene.SceneFactory

12:43:08.841 [JavaFX Application Thread] DEBUG FXGLApplication      - Initializing FXGL
12:43:08.844 [JavaFX Application Thread] INFO  Engine               - FXGL-11.17 (16.07.2021 15.46) on WINDOWS (J:11.0.16.1 FX:16)
12:43:08.844 [JavaFX Application Thread] DEBUG Engine               - JRE Vendor Name: Oracle Corporation
12:43:08.844 [JavaFX Application Thread] DEBUG Engine               - Running on OS: Windows 11 version 10.0
12:43:08.845 [JavaFX Application Thread] DEBUG Engine               - Architecture: amd64
12:43:08.845 [JavaFX Application Thread] INFO  Engine               - Source code and latest versions at: https://github.com/AlmasB/FXGL
12:43:08.845 [JavaFX Application Thread] INFO  Engine               -              Join the FXGL chat at: https://gitter.im/AlmasB/FXGL
12:43:09.006 [JavaFX Application Thread] DEBUG PrimaryStageWindow   - Creating a JavaFX scene
12:43:09.084 [JavaFX Application Thread] DEBUG PrimaryStageWindow   - Target settings size: 31.0 x 13.0
12:43:09.084 [JavaFX Application Thread] DEBUG PrimaryStageWindow   - Scaled scene size:    31.0 x 13.0
12:43:09.084 [JavaFX Application Thread] DEBUG PrimaryStageWindow   - Scaled ratio: (1.0, 1.0)
12:43:09.087 [JavaFX Application Thread] DEBUG PrimaryStageWindow   - Set initial scene to FXGLStartupScene
12:43:09.100 [JavaFX Application Thread] DEBUG PrimaryStageWindow   - Opening main window
12:43:09.224 [JavaFX Application Thread] DEBUG PrimaryStageWindow   - Window border size: (13.0, 35.5)
12:43:09.224 [JavaFX Application Thread] DEBUG PrimaryStageWindow   - Scaled size: 31.0 x 13.0
12:43:09.225 [JavaFX Application Thread] DEBUG PrimaryStageWindow   - Scaled ratio: (1.0, 1.0)
12:43:09.225 [JavaFX Application Thread] DEBUG PrimaryStageWindow   - Scene size: 31.0 x 13.0
12:43:09.225 [JavaFX Application Thread] DEBUG PrimaryStageWindow   - Stage size: 44.0 x 48.5
12:43:09.234 [FXGL Background Thread 1 ] DEBUG Engine               - Initializing environment variables
12:43:09.328 [FXGL Background Thread 1 ] DEBUG FXGLAssetLoaderServi - User app class for loading assets: class Bomberman.BombermanGame
12:43:09.328 [FXGL Background Thread 1 ] DEBUG GameApplicationServi - Applying CSS: fxgl_dark.css
12:43:09.329 [FXGL Background Thread 1 ] DEBUG FXGLAssetLoaderServi - Loading from file system: jar:file:/C:/Users/Admin/.m2/repository/com/github/almasb/fxgl/11.17/fxgl-11.17.jar!/fxglassets/ui/css/fxgl_dark.css
12:43:09.400 [FXGL Background Thread 1 ] DEBUG GameApplicationServi - Initializing application scenes
12:43:09.455 [FXGL Background Thread 1 ] DEBUG GameWorld            - Game world initialized
12:43:09.533 [FXGL Background Thread 1 ] DEBUG PhysicsWorld         - Physics world initialized: appHeight=13, physics.ppm=50.0
12:43:09.534 [FXGL Background Thread 1 ] DEBUG PhysicsWorld         - Using strategy: BRUTE_FORCE
12:43:09.537 [FXGL Background Thread 1 ] DEBUG GameScene            - Game scene initialized: 31x13
12:43:09.555 [FXGL Background Thread 1 ] WARN  FXGL.DefaultMenu     - FXGLDefaultMenu is not designed for resolutions < 800x600
12:43:09.556 [FXGL Background Thread 1 ] DEBUG FXGL.DefaultMenu     - createMenuBodyGameMenu()
12:43:09.584 [FXGL Background Thread 1 ] DEBUG FXGL.DefaultMenu     - createOptionsMenu()
12:43:09.602 [FXGL Background Thread 1 ] DEBUG FXGLAssetLoaderServi - Loading from file system: jar:file:/C:/Users/Admin/.m2/repository/com/github/almasb/fxgl/11.17/fxgl-11.17.jar!/fxglassets/textures/particles/smoke.png
12:43:09.730 [FXGL Background Thread 1 ] DEBUG FXGLAssetLoaderServi - Loading from file system: jar:file:/C:/Users/Admin/.m2/repository/com/github/almasb/fxgl/11.17/fxgl-11.17.jar!/fxglassets/textures/particles/trace_horizontal.png
12:43:09.764 [FXGL Background Thread 1 ] DEBUG GameApplicationServi - Application scenes initialized
12:43:09.781 [FXGL Background Thread 1 ] DEBUG SystemBundleService  - Loading FXGL system data
12:43:09.786 [FXGL Background Thread 1 ] DEBUG FileSystemAccess     - Reading from: C:\Users\Admin\Desktop\Bomberman\system\fxgl.bundle
12:43:09.794 [FXGL Background Thread 1 ] DEBUG SystemBundleService  - Bundle FXGL: {}
12:43:09.794 [FXGL Background Thread 1 ] DEBUG UpdaterService       - Checking for updates
12:43:09.801 [FXGL Background Thread 1 ] DEBUG FXGLApplication      - Loading default localization
12:43:09.802 [FXGL Background Thread 1 ] DEBUG FXGLAssetLoaderServi - Loading from file system: jar:file:/C:/Users/Admin/.m2/repository/com/github/almasb/fxgl/11.17/fxgl-11.17.jar!/fxglassets/languages/english.lang
12:43:09.822 [FXGL Background Thread 4 ] DEBUG FXGLApplication      - Loading fonts
12:43:09.823 [FXGL Background Thread 4 ] DEBUG FXGLAssetLoaderServi - Loading from file system: jar:file:/C:/Users/Admin/.m2/repository/com/github/almasb/fxgl/11.17/fxgl-11.17.jar!/fxglassets/ui/fonts/VarelaRound-Regular.ttf
12:43:09.836 [FXGL Background Thread 1 ] INFO  FXGLApplication      - FXGL initialization took: 0.601 sec
12:43:09.861 [JavaFX Application Thread] DEBUG Input                - Registered new binding: Move Left - A
12:43:09.861 [JavaFX Application Thread] DEBUG Input                - Registered new binding: Move Right - D
12:43:09.861 [JavaFX Application Thread] DEBUG Input                - Registered new binding: Move Up - W
12:43:09.862 [JavaFX Application Thread] DEBUG Input                - Registered new binding: Move Down - S
12:43:09.862 [JavaFX Application Thread] DEBUG Input                - Registered new binding: Place Bomb - Space
12:43:09.862 [JavaFX Application Thread] DEBUG Input                - Registered new binding: Switch to classic bomb - 1
12:43:09.862 [JavaFX Application Thread] DEBUG Input                - Registered new binding: Switch to lazer bomb - 2
12:43:09.863 [JavaFX Application Thread] DEBUG Input                - Registered new binding: Switch to light bomb - 3
12:43:09.863 [JavaFX Application Thread] DEBUG FXGLAssetLoaderServi - Loading from file system: jar:file:/C:/Users/Admin/.m2/repository/com/github/almasb/fxgl/11.17/fxgl-11.17.jar!/fxglassets/textures/fxgl_icon.png
12:43:09.907 [JavaFX Application Thread] DEBUG FXGLAssetLoaderServi - Loading from file system: jar:file:/C:/Users/Admin/.m2/repository/com/github/almasb/fxgl/11.17/fxgl-11.17.jar!/fxglassets/textures/fxgl_default_cursor.png
12:43:09.912 [JavaFX Application Thread] DEBUG Input                - Registered new binding: Screenshot - CTRL+8
12:43:09.912 [JavaFX Application Thread] DEBUG Input                - Registered new binding: System info dump - CTRL+9
12:43:09.913 [JavaFX Application Thread] DEBUG Input                - Registered new binding: Restart - CTRL+R
12:43:09.915 [JavaFX Application Thread] DEBUG Input                - Registered new binding: Toggle Debug Camera - CTRL+C
12:43:09.919 [JavaFX Application Thread] DEBUG LoopRunner           - Starting loop
12:43:09.919 [JavaFX Application Thread] DEBUG LoopRunner           - Initializing JavaFX AnimationTimerLoop
12:43:09.922 [JavaFX Application Thread] DEBUG GameApplicationServi - Starting new game
12:43:09.923 [JavaFX Application Thread] DEBUG Input                - Clearing active input actions
12:43:09.951 [JavaFX Application Thread] DEBUG GameApplicationServi - Removing overlay from FXGLStartupScene and adding to FXGLLoadingScene
12:43:09.952 [JavaFX Application Thread] DEBUG PrimaryStageWindow   - FXGLStartupScene -> FXGLLoadingScene
12:43:09.952 [JavaFX Application Thread] DEBUG GameApplicationServi - Clearing previous game
12:43:09.952 [JavaFX Application Thread] DEBUG GameScene            - Clearing game scene
12:43:09.953 [JavaFX Application Thread] DEBUG GameWorld            - Clearing game world
12:43:09.953 [JavaFX Application Thread] DEBUG PhysicsWorld         - Clearing physics world
12:43:09.971 [FXGL Background Thread 1 ] DEBUG FXGLApplication      - Initializing game
12:43:10.016 [FXGL Background Thread 1 ] DEBUG FXGLAssetLoaderServi - Loading from file system: file:/C:/Users/Admin/Desktop/Bomberman/target/classes/assets/textures/wall.png
12:43:10.119 [FXGL Background Thread 1 ] DEBUG FXGLAssetLoaderServi - Loading from file system: file:/C:/Users/Admin/Desktop/Bomberman/target/classes/assets/textures/player_die.png
12:43:10.123 [FXGL Background Thread 1 ] DEBUG FXGLAssetLoaderServi - Loading from file system: file:/C:/Users/Admin/Desktop/Bomberman/target/classes/assets/textures/player_down.png
12:43:10.125 [FXGL Background Thread 1 ] DEBUG FXGLAssetLoaderServi - Loading from file system: file:/C:/Users/Admin/Desktop/Bomberman/target/classes/assets/textures/player_right.png
12:43:10.127 [FXGL Background Thread 1 ] DEBUG FXGLAssetLoaderServi - Loading from file system: file:/C:/Users/Admin/Desktop/Bomberman/target/classes/assets/textures/player_up.png
12:43:10.128 [FXGL Background Thread 1 ] DEBUG FXGLAssetLoaderServi - Loading from file system: file:/C:/Users/Admin/Desktop/Bomberman/target/classes/assets/textures/player_left.png
12:43:10.143 [FXGL Background Thread 1 ] DEBUG FXGLAssetLoaderServi - Loading from file system: file:/C:/Users/Admin/Desktop/Bomberman/target/classes/assets/textures/brick.png
12:43:10.144 [FXGL Background Thread 1 ] DEBUG FXGLAssetLoaderServi - Loading from file system: file:/C:/Users/Admin/Desktop/Bomberman/target/classes/assets/textures/brick_break.png
12:43:10.156 [FXGL Background Thread 1 ] DEBUG FXGLAssetLoaderServi - Loading from file system: file:/C:/Users/Admin/Desktop/Bomberman/target/classes/assets/textures/enemy1.png
12:43:10.175 [FXGL Background Thread 1 ] DEBUG FXGLAssetLoaderServi - Loading from file system: file:/C:/Users/Admin/Desktop/Bomberman/target/classes/assets/textures/enemy2.png
12:43:10.237 [FXGL Background Thread 1 ] DEBUG FXGLAssetLoaderServi - Loading from file system: file:/C:/Users/Admin/Desktop/Bomberman/target/classes/assets/textures/portal.png
12:43:10.283 [FXGL Background Thread 1 ] DEBUG FXGLAssetLoaderServi - Loading from file system: file:/C:/Users/Admin/Desktop/Bomberman/target/classes/assets/textures/powerup_flames.png
12:43:10.384 [FXGL Background Thread 1 ] DEBUG FXGLAssetLoaderServi - Loading from file system: file:/C:/Users/Admin/Desktop/Bomberman/target/classes/assets/textures/enemy4.png
12:43:10.404 [FXGL Background Thread 1 ] DEBUG FXGLAssetLoaderServi - Loading from file system: file:/C:/Users/Admin/Desktop/Bomberman/target/classes/assets/textures/enemy3.png
12:43:10.439 [FXGL Background Thread 4 ] DEBUG FXGLAssetLoaderServi - Loading from file system: jar:file:/C:/Users/Admin/.m2/repository/com/github/almasb/fxgl/11.17/fxgl-11.17.jar!/fxglassets/ui/fonts/Abel-Regular.ttf
12:43:10.443 [FXGL Background Thread 1 ] INFO  FXGLApplication      - Game initialization took: 0.485 sec
12:43:10.448 [FXGL Background Thread 4 ] DEBUG FXGLAssetLoaderServi - Loading from file system: jar:file:/C:/Users/Admin/.m2/repository/com/github/almasb/fxgl/11.17/fxgl-11.17.jar!/fxglassets/ui/fonts/lucida_console.ttf
12:43:10.448 [JavaFX Application Thread] DEBUG Input                - Clearing active input actions
12:43:10.460 [FXGL Background Thread 4 ] DEBUG FXGLAssetLoaderServi - Loading from file system: jar:file:/C:/Users/Admin/.m2/repository/com/github/almasb/fxgl/11.17/fxgl-11.17.jar!/fxglassets/ui/fonts/Courier-Prime.ttf
12:43:10.480 [JavaFX Application Thread] DEBUG GameApplicationServi - Removing overlay from FXGLLoadingScene and adding to GameScene
12:43:10.481 [JavaFX Application Thread] DEBUG PrimaryStageWindow   - FXGLLoadingScene -> GameScene
12:43:10.561 [JavaFX Application Thread] DEBUG FXGLApplication      - Registering font factories with UI factory
12:43:10.930 [FXGL Background Thread 2 ] INFO  UpdaterService       - Your current version:  11.17
12:43:10.931 [FXGL Background Thread 2 ] INFO  UpdaterService       - Latest stable version: 17.2
12:43:12.799 [FXGL Background Thread 3 ] DEBUG Engine               - Logging environment variables
12:43:12.800 [FXGL Background Thread 3 ] DEBUG Engine               - achievements: []
12:43:12.800 [FXGL Background Thread 3 ] DEBUG Engine               - actualHeight: 13.0
12:43:12.800 [FXGL Background Thread 3 ] DEBUG Engine               - actualHeightProperty: ReadOnlyDoubleProperty [value: 13.0]
12:43:12.800 [FXGL Background Thread 3 ] DEBUG Engine               - actualWidth: 31.0
12:43:12.800 [FXGL Background Thread 3 ] DEBUG Engine               - actualWidthProperty: ReadOnlyDoubleProperty [value: 116.0]
12:43:12.800 [FXGL Background Thread 3 ] DEBUG Engine               - appIcon: fxgl_icon.png
12:43:12.800 [FXGL Background Thread 3 ] DEBUG Engine               - applicationMode: DEVELOPER
12:43:12.801 [FXGL Background Thread 3 ] DEBUG Engine               - cSSList: [fxgl_dark.css]
12:43:12.801 [FXGL Background Thread 3 ] DEBUG Engine               - collisionDetectionStrategy: BRUTE_FORCE
12:43:12.801 [FXGL Background Thread 3 ] DEBUG Engine               - configClass: Optional.empty
12:43:12.801 [FXGL Background Thread 3 ] DEBUG Engine               - credits: []
12:43:12.801 [FXGL Background Thread 3 ] DEBUG Engine               - defaultCursor: CursorInfo(imageName=fxgl_default_cursor.png, hotspotX=7.0, hotspotY=6.0)
12:43:12.801 [FXGL Background Thread 3 ] DEBUG Engine               - devBBoxColorProperty: ObjectProperty [value: 0xff0000ff]
12:43:12.801 [FXGL Background Thread 3 ] DEBUG Engine               - devEnableDebugCameraProperty: BooleanProperty [value: false]
12:43:12.801 [FXGL Background Thread 3 ] DEBUG Engine               - devSensorColorProperty: ObjectProperty [value: 0xffff00ff]
12:43:12.802 [FXGL Background Thread 3 ] DEBUG Engine               - devShowBBoxProperty: BooleanProperty [value: false]
12:43:12.802 [FXGL Background Thread 3 ] DEBUG Engine               - devShowPositionProperty: BooleanProperty [value: false]
12:43:12.802 [FXGL Background Thread 3 ] DEBUG Engine               - enabledMenuItems: []
12:43:12.802 [FXGL Background Thread 3 ] DEBUG Engine               - engineServices: [class com.almasb.fxgl.app.services.FXGLAssetLoaderService, class com.almasb.fxgl.app.FXGLApplication$GameApplicationService, class com.almasb.fxgl.app.services.FXGLDialogService, class com.almasb.fxgl.app.services.IOTaskExecutorService, class com.almasb.fxgl.io.FileSystemService, class com.almasb.fxgl.localization.LocalizationService, class com.almasb.fxgl.app.services.SystemBundleService, class com.almasb.fxgl.profile.SaveLoadService, class com.almasb.fxgl.ui.FXGLUIFactoryServiceProvider, class com.almasb.fxgl.ui.FXGLDialogFactoryServiceProvider, class com.almasb.fxgl.audio.AudioPlayer, class com.almasb.fxgl.notification.impl.NotificationServiceProvider, class com.almasb.fxgl.achievement.AchievementService, class com.almasb.fxgl.cutscene.CutsceneService, class com.almasb.fxgl.minigames.MiniGameService, class com.almasb.fxgl.net.NetService, class com.almasb.fxgl.app.services.UpdaterService, class com.almasb.fxgl.dev.DevService]
12:43:12.802 [FXGL Background Thread 3 ] DEBUG Engine               - fontGame: Abel-Regular.ttf
12:43:12.802 [FXGL Background Thread 3 ] DEBUG Engine               - fontMono: lucida_console.ttf
12:43:12.802 [FXGL Background Thread 3 ] DEBUG Engine               - fontText: Courier-Prime.ttf
12:43:12.802 [FXGL Background Thread 3 ] DEBUG Engine               - fontUI: VarelaRound-Regular.ttf
12:43:12.802 [FXGL Background Thread 3 ] DEBUG Engine               - fullScreen: BooleanProperty [value: false]
12:43:12.802 [FXGL Background Thread 3 ] DEBUG Engine               - gameDifficulty: MEDIUM
12:43:12.802 [FXGL Background Thread 3 ] DEBUG Engine               - gameDifficultyProperty: ObjectProperty [value: MEDIUM]
12:43:12.802 [FXGL Background Thread 3 ] DEBUG Engine               - globalMusicVolume: 0.5
12:43:12.802 [FXGL Background Thread 3 ] DEBUG Engine               - globalMusicVolumeProperty: DoubleProperty [value: 0.5]
12:43:12.803 [FXGL Background Thread 3 ] DEBUG Engine               - globalSoundVolume: 0.5
12:43:12.803 [FXGL Background Thread 3 ] DEBUG Engine               - globalSoundVolumeProperty: DoubleProperty [value: 0.5]
12:43:12.803 [FXGL Background Thread 3 ] DEBUG Engine               - height: 13
12:43:12.803 [FXGL Background Thread 3 ] DEBUG Engine               - is3D: false
12:43:12.803 [FXGL Background Thread 3 ] DEBUG Engine               - isAndroid: false
12:43:12.803 [FXGL Background Thread 3 ] DEBUG Engine               - isBrowser: false
12:43:12.803 [FXGL Background Thread 3 ] DEBUG Engine               - isClickFeedbackEnabled: false
12:43:12.803 [FXGL Background Thread 3 ] DEBUG Engine               - isCloseConfirmation: false
12:43:12.804 [FXGL Background Thread 3 ] DEBUG Engine               - isDesktop: true
12:43:12.804 [FXGL Background Thread 3 ] DEBUG Engine               - isDeveloperMenuEnabled: false
12:43:12.804 [FXGL Background Thread 3 ] DEBUG Engine               - isEntityPreloadEnabled: true
12:43:12.804 [FXGL Background Thread 3 ] DEBUG Engine               - isExperimentalTiledLargeMap: false
12:43:12.804 [FXGL Background Thread 3 ] DEBUG Engine               - isFileSystemWriteAllowed: true
12:43:12.804 [FXGL Background Thread 3 ] DEBUG Engine               - isFullScreenAllowed: true
12:43:12.804 [FXGL Background Thread 3 ] DEBUG Engine               - isFullScreenFromStart: false
12:43:12.804 [FXGL Background Thread 3 ] DEBUG Engine               - isGameMenuEnabled: true
12:43:12.804 [FXGL Background Thread 3 ] DEBUG Engine               - isIOS: false
12:43:12.804 [FXGL Background Thread 3 ] DEBUG Engine               - isIntroEnabled: false
12:43:12.804 [FXGL Background Thread 3 ] DEBUG Engine               - isLinux: false
12:43:12.804 [FXGL Background Thread 3 ] DEBUG Engine               - isMac: false
12:43:12.804 [FXGL Background Thread 3 ] DEBUG Engine               - isMainMenuEnabled: false
12:43:12.804 [FXGL Background Thread 3 ] DEBUG Engine               - isManualResizeEnabled: false
12:43:12.804 [FXGL Background Thread 3 ] DEBUG Engine               - isMobile: false
12:43:12.804 [FXGL Background Thread 3 ] DEBUG Engine               - isNative: false
12:43:12.804 [FXGL Background Thread 3 ] DEBUG Engine               - isPauseMusicWhenMinimized: true
12:43:12.805 [FXGL Background Thread 3 ] DEBUG Engine               - isPreserveResizeRatio: false
12:43:12.805 [FXGL Background Thread 3 ] DEBUG Engine               - isProfilingEnabled: false
12:43:12.805 [FXGL Background Thread 3 ] DEBUG Engine               - isScaleAffectedOnResize: true
12:43:12.805 [FXGL Background Thread 3 ] DEBUG Engine               - isSingleStep: false
12:43:12.805 [FXGL Background Thread 3 ] DEBUG Engine               - isUserProfileEnabled: false
12:43:12.805 [FXGL Background Thread 3 ] DEBUG Engine               - isWindows: true
12:43:12.805 [FXGL Background Thread 3 ] DEBUG Engine               - language: ObjectProperty [value: ENGLISH]
12:43:12.805 [FXGL Background Thread 3 ] DEBUG Engine               - menuKey: ESCAPE
12:43:12.805 [FXGL Background Thread 3 ] DEBUG Engine               - mouseSensitivity: 0.2
12:43:12.806 [FXGL Background Thread 3 ] DEBUG Engine               - notificationViewClass: class com.almasb.fxgl.notification.view.XboxNotificationView
12:43:12.806 [FXGL Background Thread 3 ] DEBUG Engine               - pixelsPerMeter: 50.0
12:43:12.806 [FXGL Background Thread 3 ] DEBUG Engine               - platform: WINDOWS
12:43:12.806 [FXGL Background Thread 3 ] DEBUG Engine               - prefHeightProperty: ReadOnlyDoubleProperty [value: 13.0]
12:43:12.806 [FXGL Background Thread 3 ] DEBUG Engine               - prefWidthProperty: ReadOnlyDoubleProperty [value: 31.0]
12:43:12.806 [FXGL Background Thread 3 ] DEBUG Engine               - profileDir: profiles/
12:43:12.806 [FXGL Background Thread 3 ] DEBUG Engine               - profileName: StringProperty [value: DEFAULT]
12:43:12.806 [FXGL Background Thread 3 ] DEBUG Engine               - randomSeed: -1
12:43:12.806 [FXGL Background Thread 3 ] DEBUG Engine               - runtimeInfo: RuntimeInfo(platform=WINDOWS, version=11.17, build=16.07.2021 15.46)
12:43:12.806 [FXGL Background Thread 3 ] DEBUG Engine               - saveFileExt: sav
12:43:12.806 [FXGL Background Thread 3 ] DEBUG Engine               - scaledHeightProp$fxgl: DoubleProperty [bound, value: 13.0]
12:43:12.806 [FXGL Background Thread 3 ] DEBUG Engine               - scaledWidthProp$fxgl: DoubleProperty [bound, value: 116.0]
12:43:12.806 [FXGL Background Thread 3 ] DEBUG Engine               - sceneFactory: com.almasb.fxgl.app.scene.SceneFactory@592e448e
12:43:12.806 [FXGL Background Thread 3 ] DEBUG Engine               - secondsIn24h: 60
12:43:12.806 [FXGL Background Thread 3 ] DEBUG Engine               - soundMenuBack: menu/back.wav
12:43:12.806 [FXGL Background Thread 3 ] DEBUG Engine               - soundMenuPress: menu/press.wav
12:43:12.806 [FXGL Background Thread 3 ] DEBUG Engine               - soundMenuSelect: menu/select.wav
12:43:12.806 [FXGL Background Thread 3 ] DEBUG Engine               - soundNotification: core/notification.wav
12:43:12.806 [FXGL Background Thread 3 ] DEBUG Engine               - stageStyle: DECORATED
12:43:12.806 [FXGL Background Thread 3 ] DEBUG Engine               - supportedLanguages: [ENGLISH, FRENCH, GERMAN, HUNGARIAN, RUSSIAN]
12:43:12.806 [FXGL Background Thread 3 ] DEBUG Engine               - ticksPerSecond: -1
12:43:12.806 [FXGL Background Thread 3 ] DEBUG Engine               - title: BOMBERMAN
12:43:12.807 [FXGL Background Thread 3 ] DEBUG Engine               - urlGithub: https://github.com/AlmasB/FXGL
12:43:12.807 [FXGL Background Thread 3 ] DEBUG Engine               - urlLeaderboard: http://fxgl-top.herokuapp.com/
12:43:12.807 [FXGL Background Thread 3 ] DEBUG Engine               - urlPOM: https://raw.githubusercontent.com/AlmasB/FXGL/release/README.md
12:43:12.807 [FXGL Background Thread 3 ] DEBUG Engine               - userAppClass: class Bomberman.BombermanGame
12:43:12.807 [FXGL Background Thread 3 ] DEBUG Engine               - version: 1.0
12:43:12.807 [FXGL Background Thread 3 ] DEBUG Engine               - versionCheckDays: 7
12:43:12.807 [FXGL Background Thread 3 ] DEBUG Engine               - width: 31
12:43:12.807 [FXGL Background Thread 3 ] DEBUG Engine               - Logging services
12:43:12.807 [FXGL Background Thread 3 ] DEBUG Engine               - class com.almasb.fxgl.app.services.FXGLAssetLoaderService
12:43:12.807 [FXGL Background Thread 3 ] DEBUG Engine               - class com.almasb.fxgl.app.FXGLApplication$GameApplicationService
12:43:12.807 [FXGL Background Thread 3 ] DEBUG Engine               - class com.almasb.fxgl.app.services.FXGLDialogService
12:43:12.807 [FXGL Background Thread 3 ] DEBUG Engine               - class com.almasb.fxgl.app.services.IOTaskExecutorService
12:43:12.807 [FXGL Background Thread 3 ] DEBUG Engine               - class com.almasb.fxgl.io.FileSystemService
12:43:12.807 [FXGL Background Thread 3 ] DEBUG Engine               - class com.almasb.fxgl.localization.LocalizationService
12:43:12.807 [FXGL Background Thread 3 ] DEBUG Engine               - class com.almasb.fxgl.app.services.SystemBundleService
12:43:12.807 [FXGL Background Thread 3 ] DEBUG Engine               - class com.almasb.fxgl.profile.SaveLoadService
12:43:12.807 [FXGL Background Thread 3 ] DEBUG Engine               - class com.almasb.fxgl.ui.FXGLUIFactoryServiceProvider
12:43:12.807 [FXGL Background Thread 3 ] DEBUG Engine               - class com.almasb.fxgl.ui.FXGLDialogFactoryServiceProvider
12:43:12.807 [FXGL Background Thread 3 ] DEBUG Engine               - class com.almasb.fxgl.audio.AudioPlayer
12:43:12.807 [FXGL Background Thread 3 ] DEBUG Engine               - class com.almasb.fxgl.notification.impl.NotificationServiceProvider
12:43:12.807 [FXGL Background Thread 3 ] DEBUG Engine               - class com.almasb.fxgl.achievement.AchievementService
12:43:12.807 [FXGL Background Thread 3 ] DEBUG Engine               - class com.almasb.fxgl.cutscene.CutsceneService
12:43:12.807 [FXGL Background Thread 3 ] DEBUG Engine               - class com.almasb.fxgl.minigames.MiniGameService
12:43:12.807 [FXGL Background Thread 3 ] DEBUG Engine               - class com.almasb.fxgl.net.NetService
12:43:12.807 [FXGL Background Thread 3 ] DEBUG Engine               - class com.almasb.fxgl.app.services.UpdaterService
12:43:12.807 [FXGL Background Thread 3 ] DEBUG Engine               - class com.almasb.fxgl.dev.DevService
12:43:14.729 [JavaFX Application Thread] DEBUG FXGLApplication      - Exiting FXGL
12:43:14.729 [JavaFX Application Thread] DEBUG LoopRunner           - Stopping loop
12:43:14.730 [JavaFX Application Thread] DEBUG SystemBundleService  - Saving FXGL system data
12:43:14.732 [JavaFX Application Thread] DEBUG FileSystemAccess     - Writing to: C:\Users\Admin\Desktop\Bomberman\system\fxgl.bundle
12:43:14.734 [JavaFX Application Thread] DEBUG Async                - Shutting down background threads
12:43:14.734 [JavaFX Application Thread] DEBUG PrimaryStageWindow   - Closing main window
12:43:14.752 [JavaFX Application Thread] DEBUG Logger               - Closing Logger
