10:56:19.580 [main                     ] DEBUG Logger               - Configured Logger
10:56:19.584 [main                     ] DEBUG GameApplication      - Logging settings
Title: BOMBERMAN
Version: 1.0
Width: 1488
Height: 624
Fullscreen: true
Intro: false
Profiling: false
Single step:false
App Mode: DEVELOPER
Menu Key: ESCAPE
Stage Style: DECORATED
Scene Factory: class com.almasb.fxgl.app.scene.SceneFactory

10:56:20.013 [JavaFX Application Thread] DEBUG FXGLApplication      - Initializing FXGL
10:56:20.016 [JavaFX Application Thread] INFO  Engine               - FXGL-11.17 (16.07.2021 15.46) on WINDOWS (J:11.0.16.1 FX:16)
10:56:20.017 [JavaFX Application Thread] DEBUG Engine               - JRE Vendor Name: Oracle Corporation
10:56:20.017 [JavaFX Application Thread] DEBUG Engine               - Running on OS: Windows 11 version 10.0
10:56:20.017 [JavaFX Application Thread] DEBUG Engine               - Architecture: amd64
10:56:20.017 [JavaFX Application Thread] INFO  Engine               - Source code and latest versions at: https://github.com/AlmasB/FXGL
10:56:20.018 [JavaFX Application Thread] INFO  Engine               -              Join the FXGL chat at: https://gitter.im/AlmasB/FXGL
10:56:20.148 [JavaFX Application Thread] DEBUG PrimaryStageWindow   - Creating a JavaFX scene
10:56:20.148 [JavaFX Application Thread] DEBUG PrimaryStageWindow   - Target size > screen size
10:56:20.210 [JavaFX Application Thread] DEBUG PrimaryStageWindow   - Target settings size: 1488.0 x 624.0
10:56:20.210 [JavaFX Application Thread] DEBUG PrimaryStageWindow   - Scaled scene size:    1415.0 x 603.0
10:56:20.210 [JavaFX Application Thread] DEBUG PrimaryStageWindow   - Scaled ratio: (0.9509408602150538, 0.9663461538461539)
10:56:20.211 [JavaFX Application Thread] DEBUG PrimaryStageWindow   - Set initial scene to FXGLStartupScene
10:56:20.221 [JavaFX Application Thread] DEBUG PrimaryStageWindow   - Opening main window
10:56:20.330 [JavaFX Application Thread] DEBUG PrimaryStageWindow   - Window border size: (13.0, 35.5)
10:56:20.330 [JavaFX Application Thread] DEBUG PrimaryStageWindow   - Scaled size: 1415.0 x 603.0
10:56:20.330 [JavaFX Application Thread] DEBUG PrimaryStageWindow   - Scaled ratio: (0.9509408602150538, 0.9663461538461539)
10:56:20.331 [JavaFX Application Thread] DEBUG PrimaryStageWindow   - Scene size: 1415.0 x 603.0
10:56:20.331 [JavaFX Application Thread] DEBUG PrimaryStageWindow   - Stage size: 1428.0 x 638.5
10:56:20.341 [FXGL Background Thread 1 ] DEBUG Engine               - Initializing environment variables
10:56:20.434 [FXGL Background Thread 1 ] DEBUG FXGLAssetLoaderServi - User app class for loading assets: class Bomberman.BombermanGame
10:56:20.434 [FXGL Background Thread 1 ] DEBUG GameApplicationServi - Applying CSS: fxgl_dark.css
10:56:20.435 [FXGL Background Thread 1 ] DEBUG FXGLAssetLoaderServi - Loading from file system: jar:file:/C:/Users/Admin/.m2/repository/com/github/almasb/fxgl/11.17/fxgl-11.17.jar!/fxglassets/ui/css/fxgl_dark.css
10:56:20.489 [FXGL Background Thread 1 ] DEBUG GameApplicationServi - Initializing application scenes
10:56:20.541 [FXGL Background Thread 1 ] DEBUG GameWorld            - Game world initialized
10:56:20.608 [FXGL Background Thread 1 ] DEBUG PhysicsWorld         - Physics world initialized: appHeight=624, physics.ppm=50.0
10:56:20.609 [FXGL Background Thread 1 ] DEBUG PhysicsWorld         - Using strategy: BRUTE_FORCE
10:56:20.611 [FXGL Background Thread 1 ] DEBUG GameScene            - Game scene initialized: 1488x624
10:56:20.626 [FXGL Background Thread 1 ] DEBUG FXGL.DefaultMenu     - createMenuBodyGameMenu()
10:56:20.654 [FXGL Background Thread 1 ] DEBUG FXGL.DefaultMenu     - createOptionsMenu()
10:56:20.668 [FXGL Background Thread 1 ] DEBUG FXGLAssetLoaderServi - Loading from file system: jar:file:/C:/Users/Admin/.m2/repository/com/github/almasb/fxgl/11.17/fxgl-11.17.jar!/fxglassets/textures/particles/smoke.png
10:56:20.800 [FXGL Background Thread 1 ] DEBUG FXGLAssetLoaderServi - Loading from file system: jar:file:/C:/Users/Admin/.m2/repository/com/github/almasb/fxgl/11.17/fxgl-11.17.jar!/fxglassets/textures/particles/trace_horizontal.png
10:56:20.832 [FXGL Background Thread 1 ] DEBUG GameApplicationServi - Application scenes initialized
10:56:20.844 [FXGL Background Thread 1 ] DEBUG SystemBundleService  - Loading FXGL system data
10:56:20.849 [FXGL Background Thread 1 ] DEBUG FileSystemAccess     - Reading from: C:\Users\Admin\Desktop\Bomberman\system\fxgl.bundle
10:56:20.854 [FXGL Background Thread 1 ] DEBUG SystemBundleService  - Bundle FXGL: {}
10:56:20.855 [FXGL Background Thread 1 ] DEBUG UpdaterService       - Checking for updates
10:56:20.858 [FXGL Background Thread 4 ] DEBUG FXGLApplication      - Loading fonts
10:56:20.859 [FXGL Background Thread 4 ] DEBUG FXGLAssetLoaderServi - Loading from file system: jar:file:/C:/Users/Admin/.m2/repository/com/github/almasb/fxgl/11.17/fxgl-11.17.jar!/fxglassets/ui/fonts/VarelaRound-Regular.ttf
10:56:20.859 [FXGL Background Thread 1 ] DEBUG FXGLApplication      - Loading default localization
10:56:20.860 [FXGL Background Thread 1 ] DEBUG FXGLAssetLoaderServi - Loading from file system: jar:file:/C:/Users/Admin/.m2/repository/com/github/almasb/fxgl/11.17/fxgl-11.17.jar!/fxglassets/languages/english.lang
10:56:20.874 [FXGL Background Thread 1 ] INFO  FXGLApplication      - FXGL initialization took: 0.533 sec
10:56:20.887 [JavaFX Application Thread] DEBUG Input                - Registered new binding: Move Left - A
10:56:20.887 [JavaFX Application Thread] DEBUG Input                - Registered new binding: Move Right - D
10:56:20.888 [JavaFX Application Thread] DEBUG Input                - Registered new binding: Move Up - W
10:56:20.888 [JavaFX Application Thread] DEBUG Input                - Registered new binding: Move Down - S
10:56:20.888 [JavaFX Application Thread] DEBUG Input                - Registered new binding: Place Bomb - Space
10:56:20.888 [JavaFX Application Thread] DEBUG Input                - Registered new binding: Switch to classic bomb - 1
10:56:20.889 [JavaFX Application Thread] DEBUG Input                - Registered new binding: Switch to lazer bomb - 2
10:56:20.889 [JavaFX Application Thread] DEBUG FXGLAssetLoaderServi - Loading from file system: jar:file:/C:/Users/Admin/.m2/repository/com/github/almasb/fxgl/11.17/fxgl-11.17.jar!/fxglassets/textures/fxgl_icon.png
10:56:20.935 [JavaFX Application Thread] DEBUG FXGLAssetLoaderServi - Loading from file system: jar:file:/C:/Users/Admin/.m2/repository/com/github/almasb/fxgl/11.17/fxgl-11.17.jar!/fxglassets/textures/fxgl_default_cursor.png
10:56:20.940 [JavaFX Application Thread] DEBUG Input                - Registered new binding: Screenshot - CTRL+8
10:56:20.941 [JavaFX Application Thread] DEBUG Input                - Registered new binding: System info dump - CTRL+9
10:56:20.942 [JavaFX Application Thread] DEBUG Input                - Registered new binding: Restart - CTRL+R
10:56:20.943 [JavaFX Application Thread] DEBUG Input                - Registered new binding: Toggle Debug Camera - CTRL+C
10:56:20.947 [JavaFX Application Thread] DEBUG LoopRunner           - Starting loop
10:56:20.948 [JavaFX Application Thread] DEBUG LoopRunner           - Initializing JavaFX AnimationTimerLoop
10:56:20.951 [JavaFX Application Thread] DEBUG GameApplicationServi - Starting new game
10:56:20.952 [JavaFX Application Thread] DEBUG Input                - Clearing active input actions
10:56:20.997 [JavaFX Application Thread] DEBUG GameApplicationServi - Removing overlay from FXGLStartupScene and adding to FXGLLoadingScene
10:56:20.998 [JavaFX Application Thread] DEBUG PrimaryStageWindow   - FXGLStartupScene -> FXGLLoadingScene
10:56:20.998 [JavaFX Application Thread] DEBUG GameApplicationServi - Clearing previous game
10:56:20.999 [JavaFX Application Thread] DEBUG GameScene            - Clearing game scene
10:56:20.999 [JavaFX Application Thread] DEBUG GameWorld            - Clearing game world
10:56:20.999 [JavaFX Application Thread] DEBUG PhysicsWorld         - Clearing physics world
10:56:21.001 [FXGL Background Thread 1 ] DEBUG FXGLApplication      - Initializing game
10:56:21.031 [FXGL Background Thread 1 ] DEBUG FXGLAssetLoaderServi - Loading from file system: file:/C:/Users/Admin/Desktop/Bomberman/target/classes/assets/textures/wall.png
10:56:21.138 [FXGL Background Thread 1 ] DEBUG FXGLAssetLoaderServi - Loading from file system: file:/C:/Users/Admin/Desktop/Bomberman/target/classes/assets/textures/player_die.png
10:56:21.143 [FXGL Background Thread 1 ] DEBUG FXGLAssetLoaderServi - Loading from file system: file:/C:/Users/Admin/Desktop/Bomberman/target/classes/assets/textures/player_down.png
10:56:21.145 [FXGL Background Thread 1 ] DEBUG FXGLAssetLoaderServi - Loading from file system: file:/C:/Users/Admin/Desktop/Bomberman/target/classes/assets/textures/player_right.png
10:56:21.147 [FXGL Background Thread 1 ] DEBUG FXGLAssetLoaderServi - Loading from file system: file:/C:/Users/Admin/Desktop/Bomberman/target/classes/assets/textures/player_up.png
10:56:21.149 [FXGL Background Thread 1 ] DEBUG FXGLAssetLoaderServi - Loading from file system: file:/C:/Users/Admin/Desktop/Bomberman/target/classes/assets/textures/player_left.png
10:56:21.165 [FXGL Background Thread 1 ] DEBUG FXGLAssetLoaderServi - Loading from file system: file:/C:/Users/Admin/Desktop/Bomberman/target/classes/assets/textures/brick.png
10:56:21.167 [FXGL Background Thread 1 ] DEBUG FXGLAssetLoaderServi - Loading from file system: file:/C:/Users/Admin/Desktop/Bomberman/target/classes/assets/textures/brick_break.png
10:56:21.179 [FXGL Background Thread 1 ] DEBUG FXGLAssetLoaderServi - Loading from file system: file:/C:/Users/Admin/Desktop/Bomberman/target/classes/assets/textures/enemy1.png
10:56:21.254 [FXGL Background Thread 1 ] DEBUG FXGLAssetLoaderServi - Loading from file system: file:/C:/Users/Admin/Desktop/Bomberman/target/classes/assets/textures/portal.png
10:56:21.326 [FXGL Background Thread 1 ] DEBUG FXGLAssetLoaderServi - Loading from file system: file:/C:/Users/Admin/Desktop/Bomberman/target/classes/assets/textures/powerup_flames.png
10:56:21.458 [FXGL Background Thread 1 ] INFO  FXGLApplication      - Game initialization took: 0.457 sec
10:56:21.461 [JavaFX Application Thread] DEBUG Input                - Clearing active input actions
10:56:21.495 [JavaFX Application Thread] DEBUG GameApplicationServi - Removing overlay from FXGLLoadingScene and adding to GameScene
10:56:21.496 [JavaFX Application Thread] DEBUG PrimaryStageWindow   - FXGLLoadingScene -> GameScene
10:56:21.643 [FXGL Background Thread 4 ] DEBUG FXGLAssetLoaderServi - Loading from file system: jar:file:/C:/Users/Admin/.m2/repository/com/github/almasb/fxgl/11.17/fxgl-11.17.jar!/fxglassets/ui/fonts/Abel-Regular.ttf
10:56:21.653 [FXGL Background Thread 4 ] DEBUG FXGLAssetLoaderServi - Loading from file system: jar:file:/C:/Users/Admin/.m2/repository/com/github/almasb/fxgl/11.17/fxgl-11.17.jar!/fxglassets/ui/fonts/lucida_console.ttf
10:56:21.662 [FXGL Background Thread 4 ] DEBUG FXGLAssetLoaderServi - Loading from file system: jar:file:/C:/Users/Admin/.m2/repository/com/github/almasb/fxgl/11.17/fxgl-11.17.jar!/fxglassets/ui/fonts/Courier-Prime.ttf
10:56:21.682 [JavaFX Application Thread] DEBUG FXGLApplication      - Registering font factories with UI factory
10:56:21.894 [JavaFX Application Thread] DEBUG FXGLAssetLoaderServi - Loading from file system: file:/C:/Users/Admin/Desktop/Bomberman/target/classes/assets/sounds/place_bomb.wav
10:56:21.973 [JavaFX Application Thread] DEBUG FXGLAssetLoaderServi - Loading from file system: file:/C:/Users/Admin/Desktop/Bomberman/target/classes/assets/textures/bomb.png
10:56:22.177 [FXGL Background Thread 2 ] INFO  UpdaterService       - Your current version:  11.17
10:56:22.177 [FXGL Background Thread 2 ] INFO  UpdaterService       - Latest stable version: 17.2
10:56:23.768 [JavaFX Application Thread] DEBUG FXGLAssetLoaderServi - Loading from file system: file:/C:/Users/Admin/Desktop/Bomberman/target/classes/assets/sounds/explosion.wav
10:56:23.772 [JavaFX Application Thread] DEBUG FXGLAssetLoaderServi - Loading from file system: file:/C:/Users/Admin/Desktop/Bomberman/target/classes/assets/textures/central_flame.png
10:56:23.774 [JavaFX Application Thread] DEBUG FXGLAssetLoaderServi - Loading from file system: file:/C:/Users/Admin/Desktop/Bomberman/target/classes/assets/textures/top_down_flame.png
10:56:23.775 [JavaFX Application Thread] DEBUG FXGLAssetLoaderServi - Loading from file system: file:/C:/Users/Admin/Desktop/Bomberman/target/classes/assets/textures/top_right_flame.png
10:56:23.776 [JavaFX Application Thread] DEBUG FXGLAssetLoaderServi - Loading from file system: file:/C:/Users/Admin/Desktop/Bomberman/target/classes/assets/textures/top_left_flame.png
10:56:23.777 [JavaFX Application Thread] DEBUG FXGLAssetLoaderServi - Loading from file system: file:/C:/Users/Admin/Desktop/Bomberman/target/classes/assets/textures/right_flame.png
10:56:23.779 [JavaFX Application Thread] DEBUG FXGLAssetLoaderServi - Loading from file system: file:/C:/Users/Admin/Desktop/Bomberman/target/classes/assets/textures/left_flame.png
10:56:23.780 [JavaFX Application Thread] DEBUG FXGLAssetLoaderServi - Loading from file system: file:/C:/Users/Admin/Desktop/Bomberman/target/classes/assets/textures/down_flame.png
10:56:23.781 [JavaFX Application Thread] DEBUG FXGLAssetLoaderServi - Loading from file system: file:/C:/Users/Admin/Desktop/Bomberman/target/classes/assets/textures/up_flame.png
10:56:23.782 [JavaFX Application Thread] DEBUG FXGLAssetLoaderServi - Loading from file system: file:/C:/Users/Admin/Desktop/Bomberman/target/classes/assets/textures/top_up_flame.png
10:56:23.857 [FXGL Background Thread 3 ] DEBUG Engine               - Logging environment variables
10:56:23.858 [FXGL Background Thread 3 ] DEBUG Engine               - achievements: []
10:56:23.858 [FXGL Background Thread 3 ] DEBUG Engine               - actualHeight: 603.0
10:56:23.858 [FXGL Background Thread 3 ] DEBUG Engine               - actualHeightProperty: ReadOnlyDoubleProperty [value: 603.0]
10:56:23.858 [FXGL Background Thread 3 ] DEBUG Engine               - actualWidth: 1415.0
10:56:23.858 [FXGL Background Thread 3 ] DEBUG Engine               - actualWidthProperty: ReadOnlyDoubleProperty [value: 1415.0]
10:56:23.858 [FXGL Background Thread 3 ] DEBUG Engine               - appIcon: fxgl_icon.png
10:56:23.858 [FXGL Background Thread 3 ] DEBUG Engine               - applicationMode: DEVELOPER
10:56:23.858 [FXGL Background Thread 3 ] DEBUG Engine               - cSSList: [fxgl_dark.css]
10:56:23.858 [FXGL Background Thread 3 ] DEBUG Engine               - collisionDetectionStrategy: BRUTE_FORCE
10:56:23.858 [FXGL Background Thread 3 ] DEBUG Engine               - configClass: Optional.empty
10:56:23.858 [FXGL Background Thread 3 ] DEBUG Engine               - credits: []
10:56:23.858 [FXGL Background Thread 3 ] DEBUG Engine               - defaultCursor: CursorInfo(imageName=fxgl_default_cursor.png, hotspotX=7.0, hotspotY=6.0)
10:56:23.859 [FXGL Background Thread 3 ] DEBUG Engine               - devBBoxColorProperty: ObjectProperty [value: 0xff0000ff]
10:56:23.859 [FXGL Background Thread 3 ] DEBUG Engine               - devEnableDebugCameraProperty: BooleanProperty [value: false]
10:56:23.859 [FXGL Background Thread 3 ] DEBUG Engine               - devSensorColorProperty: ObjectProperty [value: 0xffff00ff]
10:56:23.859 [FXGL Background Thread 3 ] DEBUG Engine               - devShowBBoxProperty: BooleanProperty [value: false]
10:56:23.859 [FXGL Background Thread 3 ] DEBUG Engine               - devShowPositionProperty: BooleanProperty [value: false]
10:56:23.859 [FXGL Background Thread 3 ] DEBUG Engine               - enabledMenuItems: []
10:56:23.859 [FXGL Background Thread 3 ] DEBUG Engine               - engineServices: [class com.almasb.fxgl.app.services.FXGLAssetLoaderService, class com.almasb.fxgl.app.FXGLApplication$GameApplicationService, class com.almasb.fxgl.app.services.FXGLDialogService, class com.almasb.fxgl.app.services.IOTaskExecutorService, class com.almasb.fxgl.io.FileSystemService, class com.almasb.fxgl.localization.LocalizationService, class com.almasb.fxgl.app.services.SystemBundleService, class com.almasb.fxgl.profile.SaveLoadService, class com.almasb.fxgl.ui.FXGLUIFactoryServiceProvider, class com.almasb.fxgl.ui.FXGLDialogFactoryServiceProvider, class com.almasb.fxgl.audio.AudioPlayer, class com.almasb.fxgl.notification.impl.NotificationServiceProvider, class com.almasb.fxgl.achievement.AchievementService, class com.almasb.fxgl.cutscene.CutsceneService, class com.almasb.fxgl.minigames.MiniGameService, class com.almasb.fxgl.net.NetService, class com.almasb.fxgl.app.services.UpdaterService, class com.almasb.fxgl.dev.DevService]
10:56:23.859 [FXGL Background Thread 3 ] DEBUG Engine               - fontGame: Abel-Regular.ttf
10:56:23.859 [FXGL Background Thread 3 ] DEBUG Engine               - fontMono: lucida_console.ttf
10:56:23.859 [FXGL Background Thread 3 ] DEBUG Engine               - fontText: Courier-Prime.ttf
10:56:23.859 [FXGL Background Thread 3 ] DEBUG Engine               - fontUI: VarelaRound-Regular.ttf
10:56:23.859 [FXGL Background Thread 3 ] DEBUG Engine               - fullScreen: BooleanProperty [value: false]
10:56:23.859 [FXGL Background Thread 3 ] DEBUG Engine               - gameDifficulty: MEDIUM
10:56:23.859 [FXGL Background Thread 3 ] DEBUG Engine               - gameDifficultyProperty: ObjectProperty [value: MEDIUM]
10:56:23.860 [FXGL Background Thread 3 ] DEBUG Engine               - globalMusicVolume: 0.5
10:56:23.860 [FXGL Background Thread 3 ] DEBUG Engine               - globalMusicVolumeProperty: DoubleProperty [value: 0.5]
10:56:23.860 [FXGL Background Thread 3 ] DEBUG Engine               - globalSoundVolume: 0.5
10:56:23.860 [FXGL Background Thread 3 ] DEBUG Engine               - globalSoundVolumeProperty: DoubleProperty [value: 0.5]
10:56:23.860 [FXGL Background Thread 3 ] DEBUG Engine               - height: 624
10:56:23.860 [FXGL Background Thread 3 ] DEBUG Engine               - is3D: false
10:56:23.860 [FXGL Background Thread 3 ] DEBUG Engine               - isAndroid: false
10:56:23.861 [FXGL Background Thread 3 ] DEBUG Engine               - isBrowser: false
10:56:23.861 [FXGL Background Thread 3 ] DEBUG Engine               - isClickFeedbackEnabled: false
10:56:23.861 [FXGL Background Thread 3 ] DEBUG Engine               - isCloseConfirmation: false
10:56:23.861 [FXGL Background Thread 3 ] DEBUG Engine               - isDesktop: true
10:56:23.861 [FXGL Background Thread 3 ] DEBUG Engine               - isDeveloperMenuEnabled: false
10:56:23.861 [FXGL Background Thread 3 ] DEBUG Engine               - isEntityPreloadEnabled: true
10:56:23.861 [FXGL Background Thread 3 ] DEBUG Engine               - isExperimentalTiledLargeMap: false
10:56:23.861 [FXGL Background Thread 3 ] DEBUG Engine               - isFileSystemWriteAllowed: true
10:56:23.861 [FXGL Background Thread 3 ] DEBUG Engine               - isFullScreenAllowed: true
10:56:23.861 [FXGL Background Thread 3 ] DEBUG Engine               - isFullScreenFromStart: false
10:56:23.861 [FXGL Background Thread 3 ] DEBUG Engine               - isGameMenuEnabled: true
10:56:23.861 [FXGL Background Thread 3 ] DEBUG Engine               - isIOS: false
10:56:23.861 [FXGL Background Thread 3 ] DEBUG Engine               - isIntroEnabled: false
10:56:23.861 [FXGL Background Thread 3 ] DEBUG Engine               - isLinux: false
10:56:23.861 [FXGL Background Thread 3 ] DEBUG Engine               - isMac: false
10:56:23.862 [FXGL Background Thread 3 ] DEBUG Engine               - isMainMenuEnabled: false
10:56:23.862 [FXGL Background Thread 3 ] DEBUG Engine               - isManualResizeEnabled: false
10:56:23.862 [FXGL Background Thread 3 ] DEBUG Engine               - isMobile: false
10:56:23.862 [FXGL Background Thread 3 ] DEBUG Engine               - isNative: false
10:56:23.862 [FXGL Background Thread 3 ] DEBUG Engine               - isPauseMusicWhenMinimized: true
10:56:23.862 [FXGL Background Thread 3 ] DEBUG Engine               - isPreserveResizeRatio: false
10:56:23.862 [FXGL Background Thread 3 ] DEBUG Engine               - isProfilingEnabled: false
10:56:23.862 [FXGL Background Thread 3 ] DEBUG Engine               - isScaleAffectedOnResize: true
10:56:23.862 [FXGL Background Thread 3 ] DEBUG Engine               - isSingleStep: false
10:56:23.862 [FXGL Background Thread 3 ] DEBUG Engine               - isUserProfileEnabled: false
10:56:23.862 [FXGL Background Thread 3 ] DEBUG Engine               - isWindows: true
10:56:23.862 [FXGL Background Thread 3 ] DEBUG Engine               - language: ObjectProperty [value: ENGLISH]
10:56:23.862 [FXGL Background Thread 3 ] DEBUG Engine               - menuKey: ESCAPE
10:56:23.862 [FXGL Background Thread 3 ] DEBUG Engine               - mouseSensitivity: 0.2
10:56:23.862 [FXGL Background Thread 3 ] DEBUG Engine               - notificationViewClass: class com.almasb.fxgl.notification.view.XboxNotificationView
10:56:23.862 [FXGL Background Thread 3 ] DEBUG Engine               - pixelsPerMeter: 50.0
10:56:23.863 [FXGL Background Thread 3 ] DEBUG Engine               - platform: WINDOWS
10:56:23.863 [FXGL Background Thread 3 ] DEBUG Engine               - prefHeightProperty: ReadOnlyDoubleProperty [value: 624.0]
10:56:23.863 [FXGL Background Thread 3 ] DEBUG Engine               - prefWidthProperty: ReadOnlyDoubleProperty [value: 1488.0]
10:56:23.863 [FXGL Background Thread 3 ] DEBUG Engine               - profileDir: profiles/
10:56:23.863 [FXGL Background Thread 3 ] DEBUG Engine               - profileName: StringProperty [value: DEFAULT]
10:56:23.863 [FXGL Background Thread 3 ] DEBUG Engine               - randomSeed: -1
10:56:23.863 [FXGL Background Thread 3 ] DEBUG Engine               - runtimeInfo: RuntimeInfo(platform=WINDOWS, version=11.17, build=16.07.2021 15.46)
10:56:23.863 [FXGL Background Thread 3 ] DEBUG Engine               - saveFileExt: sav
10:56:23.863 [FXGL Background Thread 3 ] DEBUG Engine               - scaledHeightProp$fxgl: DoubleProperty [bound, value: 603.0]
10:56:23.863 [FXGL Background Thread 3 ] DEBUG Engine               - scaledWidthProp$fxgl: DoubleProperty [bound, value: 1415.0]
10:56:23.863 [FXGL Background Thread 3 ] DEBUG Engine               - sceneFactory: com.almasb.fxgl.app.scene.SceneFactory@1f0c6a8b
10:56:23.863 [FXGL Background Thread 3 ] DEBUG Engine               - secondsIn24h: 60
10:56:23.863 [FXGL Background Thread 3 ] DEBUG Engine               - soundMenuBack: menu/back.wav
10:56:23.863 [FXGL Background Thread 3 ] DEBUG Engine               - soundMenuPress: menu/press.wav
10:56:23.863 [FXGL Background Thread 3 ] DEBUG Engine               - soundMenuSelect: menu/select.wav
10:56:23.864 [FXGL Background Thread 3 ] DEBUG Engine               - soundNotification: core/notification.wav
10:56:23.864 [FXGL Background Thread 3 ] DEBUG Engine               - stageStyle: DECORATED
10:56:23.864 [FXGL Background Thread 3 ] DEBUG Engine               - supportedLanguages: [ENGLISH, FRENCH, GERMAN, HUNGARIAN, RUSSIAN]
10:56:23.864 [FXGL Background Thread 3 ] DEBUG Engine               - ticksPerSecond: -1
10:56:23.864 [FXGL Background Thread 3 ] DEBUG Engine               - title: BOMBERMAN
10:56:23.864 [FXGL Background Thread 3 ] DEBUG Engine               - urlGithub: https://github.com/AlmasB/FXGL
10:56:23.864 [FXGL Background Thread 3 ] DEBUG Engine               - urlLeaderboard: http://fxgl-top.herokuapp.com/
10:56:23.864 [FXGL Background Thread 3 ] DEBUG Engine               - urlPOM: https://raw.githubusercontent.com/AlmasB/FXGL/release/README.md
10:56:23.864 [FXGL Background Thread 3 ] DEBUG Engine               - userAppClass: class Bomberman.BombermanGame
10:56:23.864 [FXGL Background Thread 3 ] DEBUG Engine               - version: 1.0
10:56:23.864 [FXGL Background Thread 3 ] DEBUG Engine               - versionCheckDays: 7
10:56:23.864 [FXGL Background Thread 3 ] DEBUG Engine               - width: 1488
10:56:23.864 [FXGL Background Thread 3 ] DEBUG Engine               - Logging services
10:56:23.864 [FXGL Background Thread 3 ] DEBUG Engine               - class com.almasb.fxgl.app.services.FXGLAssetLoaderService
10:56:23.864 [FXGL Background Thread 3 ] DEBUG Engine               - class com.almasb.fxgl.app.FXGLApplication$GameApplicationService
10:56:23.864 [FXGL Background Thread 3 ] DEBUG Engine               - class com.almasb.fxgl.app.services.FXGLDialogService
10:56:23.864 [FXGL Background Thread 3 ] DEBUG Engine               - class com.almasb.fxgl.app.services.IOTaskExecutorService
10:56:23.865 [FXGL Background Thread 3 ] DEBUG Engine               - class com.almasb.fxgl.io.FileSystemService
10:56:23.865 [FXGL Background Thread 3 ] DEBUG Engine               - class com.almasb.fxgl.localization.LocalizationService
10:56:23.865 [FXGL Background Thread 3 ] DEBUG Engine               - class com.almasb.fxgl.app.services.SystemBundleService
10:56:23.865 [FXGL Background Thread 3 ] DEBUG Engine               - class com.almasb.fxgl.profile.SaveLoadService
10:56:23.865 [FXGL Background Thread 3 ] DEBUG Engine               - class com.almasb.fxgl.ui.FXGLUIFactoryServiceProvider
10:56:23.865 [FXGL Background Thread 3 ] DEBUG Engine               - class com.almasb.fxgl.ui.FXGLDialogFactoryServiceProvider
10:56:23.865 [FXGL Background Thread 3 ] DEBUG Engine               - class com.almasb.fxgl.audio.AudioPlayer
10:56:23.865 [FXGL Background Thread 3 ] DEBUG Engine               - class com.almasb.fxgl.notification.impl.NotificationServiceProvider
10:56:23.865 [FXGL Background Thread 3 ] DEBUG Engine               - class com.almasb.fxgl.achievement.AchievementService
10:56:23.865 [FXGL Background Thread 3 ] DEBUG Engine               - class com.almasb.fxgl.cutscene.CutsceneService
10:56:23.865 [FXGL Background Thread 3 ] DEBUG Engine               - class com.almasb.fxgl.minigames.MiniGameService
10:56:23.865 [FXGL Background Thread 3 ] DEBUG Engine               - class com.almasb.fxgl.net.NetService
10:56:23.865 [FXGL Background Thread 3 ] DEBUG Engine               - class com.almasb.fxgl.app.services.UpdaterService
10:56:23.865 [FXGL Background Thread 3 ] DEBUG Engine               - class com.almasb.fxgl.dev.DevService
10:56:27.426 [JavaFX Application Thread] DEBUG FXGLApplication      - Exiting FXGL
10:56:27.427 [JavaFX Application Thread] DEBUG LoopRunner           - Stopping loop
10:56:27.427 [JavaFX Application Thread] DEBUG SystemBundleService  - Saving FXGL system data
10:56:27.428 [JavaFX Application Thread] DEBUG FileSystemAccess     - Writing to: C:\Users\Admin\Desktop\Bomberman\system\fxgl.bundle
10:56:27.430 [JavaFX Application Thread] DEBUG Async                - Shutting down background threads
10:56:27.430 [JavaFX Application Thread] DEBUG PrimaryStageWindow   - Closing main window
10:56:27.441 [JavaFX Application Thread] DEBUG Logger               - Closing Logger
