11:58:23.871 [main                     ] DEBUG Logger               - Configured Logger
11:58:23.896 [main                     ] DEBUG GameApplication      - Logging settings
Title: BOMBER
 MAN
Version: 1.0
Width: 1280
Height: 720
Fullscreen: true
Intro: false
Profiling: false
Single step:false
App Mode: DEVELOPER
Menu Key: ESCAPE
Stage Style: DECORATED
Scene Factory: class Bomberman.BombermanGame$1

11:58:24.452 [JavaFX Application Thread] DEBUG FXGLApplication      - Initializing FXGL
11:58:24.456 [JavaFX Application Thread] INFO  Engine               - FXGL-11.17 (16.07.2021 15.46) on WINDOWS (J:11.0.16.1 FX:16)
11:58:24.457 [JavaFX Application Thread] DEBUG Engine               - JRE Vendor Name: Oracle Corporation
11:58:24.457 [JavaFX Application Thread] DEBUG Engine               - Running on OS: Windows 11 version 10.0
11:58:24.457 [JavaFX Application Thread] DEBUG Engine               - Architecture: amd64
11:58:24.457 [JavaFX Application Thread] INFO  Engine               - Source code and latest versions at: https://github.com/AlmasB/FXGL
11:58:24.457 [JavaFX Application Thread] INFO  Engine               -              Join the FXGL chat at: https://gitter.im/AlmasB/FXGL
11:58:24.647 [JavaFX Application Thread] DEBUG PrimaryStageWindow   - Creating a JavaFX scene
11:58:24.731 [JavaFX Application Thread] DEBUG PrimaryStageWindow   - Target settings size: 1280.0 x 720.0
11:58:24.731 [JavaFX Application Thread] DEBUG PrimaryStageWindow   - Scaled scene size:    1280.0 x 720.0
11:58:24.731 [JavaFX Application Thread] DEBUG PrimaryStageWindow   - Scaled ratio: (1.0, 1.0)
11:58:24.733 [JavaFX Application Thread] DEBUG PrimaryStageWindow   - Set initial scene to FXGLStartupScene
11:58:24.746 [JavaFX Application Thread] DEBUG PrimaryStageWindow   - Opening main window
11:58:24.878 [JavaFX Application Thread] DEBUG PrimaryStageWindow   - Window border size: (13.0, 35.5)
11:58:24.879 [JavaFX Application Thread] DEBUG PrimaryStageWindow   - Scaled size: 1280.0 x 720.0
11:58:24.879 [JavaFX Application Thread] DEBUG PrimaryStageWindow   - Scaled ratio: (1.0, 1.0)
11:58:24.879 [JavaFX Application Thread] DEBUG PrimaryStageWindow   - Scene size: 1280.0 x 720.0
11:58:24.879 [JavaFX Application Thread] DEBUG PrimaryStageWindow   - Stage size: 1293.0 x 755.5
11:58:24.890 [FXGL Background Thread 1 ] DEBUG Engine               - Initializing environment variables
11:58:24.987 [FXGL Background Thread 1 ] DEBUG FXGLAssetLoaderServi - User app class for loading assets: class Bomberman.BombermanGame
11:58:24.988 [FXGL Background Thread 1 ] DEBUG GameApplicationServi - Applying CSS: fxgl_dark.css
11:58:24.989 [FXGL Background Thread 1 ] DEBUG FXGLAssetLoaderServi - Loading from file system: jar:file:/C:/Users/Admin/.m2/repository/com/github/almasb/fxgl/11.17/fxgl-11.17.jar!/fxglassets/ui/css/fxgl_dark.css
11:58:25.073 [FXGL Background Thread 1 ] DEBUG GameApplicationServi - Initializing application scenes
11:58:25.141 [FXGL Background Thread 1 ] DEBUG GameWorld            - Game world initialized
11:58:25.241 [FXGL Background Thread 1 ] DEBUG PhysicsWorld         - Physics world initialized: appHeight=720, physics.ppm=50.0
11:58:25.242 [FXGL Background Thread 1 ] DEBUG PhysicsWorld         - Using strategy: BRUTE_FORCE
11:58:25.246 [FXGL Background Thread 1 ] DEBUG GameScene            - Game scene initialized: 1280x720
11:58:25.430 [FXGL Background Thread 1 ] DEBUG GameApplicationServi - Application scenes initialized
11:58:25.476 [FXGL Background Thread 1 ] DEBUG SystemBundleService  - Loading FXGL system data
11:58:25.503 [FXGL Background Thread 1 ] DEBUG FileSystemAccess     - Reading from: C:\Users\Admin\Desktop\Bomberman\system\fxgl.bundle
11:58:25.518 [FXGL Background Thread 1 ] DEBUG SystemBundleService  - Bundle FXGL: {}
11:58:25.519 [FXGL Background Thread 1 ] DEBUG UpdaterService       - Checking for updates
11:58:25.527 [FXGL Background Thread 4 ] DEBUG FXGLApplication      - Loading fonts
11:58:25.528 [FXGL Background Thread 4 ] DEBUG FXGLAssetLoaderServi - Loading from file system: file:/C:/Users/Admin/Desktop/Bomberman/target/classes/assets/ui/fonts/game_font.ttf
11:58:25.528 [FXGL Background Thread 1 ] DEBUG FXGLApplication      - Loading default localization
11:58:25.529 [FXGL Background Thread 1 ] DEBUG FXGLAssetLoaderServi - Loading from file system: jar:file:/C:/Users/Admin/.m2/repository/com/github/almasb/fxgl/11.17/fxgl-11.17.jar!/fxglassets/languages/english.lang
11:58:25.557 [FXGL Background Thread 1 ] INFO  FXGLApplication      - FXGL initialization took: 0.667 sec
11:58:25.573 [JavaFX Application Thread] DEBUG Input                - Registered new binding: Move Left - A
11:58:25.574 [JavaFX Application Thread] DEBUG Input                - Registered new binding: Move Right - D
11:58:25.574 [JavaFX Application Thread] DEBUG Input                - Registered new binding: Move Up - W
11:58:25.574 [JavaFX Application Thread] DEBUG Input                - Registered new binding: Move Down - S
11:58:25.574 [JavaFX Application Thread] DEBUG Input                - Registered new binding: Place Bomb - Space
11:58:25.574 [JavaFX Application Thread] DEBUG Input                - Registered new binding: Switch to classic bomb - 1
11:58:25.575 [JavaFX Application Thread] DEBUG Input                - Registered new binding: Switch to lazer bomb - 2
11:58:25.575 [JavaFX Application Thread] DEBUG Input                - Registered new binding: Switch to light bomb - 3
11:58:25.575 [JavaFX Application Thread] DEBUG Input                - Registered new binding: Exit game - Esc
11:58:25.576 [JavaFX Application Thread] DEBUG Input                - Registered new binding: Next level - P
11:58:25.576 [JavaFX Application Thread] DEBUG Input                - Registered new binding: Developer Mode - O
11:58:25.578 [JavaFX Application Thread] DEBUG FXGLAssetLoaderServi - Loading from file system: file:/C:/Users/Admin/Desktop/Bomberman/target/classes/assets/music/stage_theme.mp3
11:58:25.824 [JavaFX Application Thread] DEBUG AudioPlayer          - Playing music com.almasb.fxgl.audio.Music@3190d257
11:58:25.826 [JavaFX Application Thread] DEBUG FXGLAssetLoaderServi - Loading from file system: jar:file:/C:/Users/Admin/.m2/repository/com/github/almasb/fxgl/11.17/fxgl-11.17.jar!/fxglassets/textures/fxgl_icon.png
11:58:25.881 [JavaFX Application Thread] DEBUG FXGLAssetLoaderServi - Loading from file system: jar:file:/C:/Users/Admin/.m2/repository/com/github/almasb/fxgl/11.17/fxgl-11.17.jar!/fxglassets/textures/fxgl_default_cursor.png
11:58:25.886 [JavaFX Application Thread] DEBUG Input                - Registered new binding: Screenshot - CTRL+8
11:58:25.886 [JavaFX Application Thread] DEBUG Input                - Registered new binding: System info dump - CTRL+9
11:58:25.887 [JavaFX Application Thread] DEBUG Input                - Registered new binding: Restart - CTRL+R
11:58:25.889 [JavaFX Application Thread] DEBUG Input                - Registered new binding: Toggle Debug Camera - CTRL+C
11:58:25.894 [JavaFX Application Thread] DEBUG LoopRunner           - Starting loop
11:58:25.894 [JavaFX Application Thread] DEBUG LoopRunner           - Initializing JavaFX AnimationTimerLoop
11:58:25.902 [JavaFX Application Thread] DEBUG Input                - Clearing active input actions
11:58:25.906 [FXGL Background Thread 4 ] DEBUG FXGLAssetLoaderServi - Loading from file system: jar:file:/C:/Users/Admin/.m2/repository/com/github/almasb/fxgl/11.17/fxgl-11.17.jar!/fxglassets/ui/fonts/Abel-Regular.ttf
11:58:25.915 [FXGL Background Thread 4 ] DEBUG FXGLAssetLoaderServi - Loading from file system: jar:file:/C:/Users/Admin/.m2/repository/com/github/almasb/fxgl/11.17/fxgl-11.17.jar!/fxglassets/ui/fonts/lucida_console.ttf
11:58:25.921 [JavaFX Application Thread] DEBUG GameApplicationServi - Removing overlay from FXGLStartupScene and adding to FXGLMainMenuDummyScene
11:58:25.922 [JavaFX Application Thread] DEBUG PrimaryStageWindow   - FXGLStartupScene -> FXGLMainMenuDummyScene
11:58:25.923 [JavaFX Application Thread] DEBUG PrimaryStageWindow   - Push state: MainMenu
11:58:25.923 [JavaFX Application Thread] DEBUG Input                - Clearing active input actions
11:58:25.926 [FXGL Background Thread 4 ] DEBUG FXGLAssetLoaderServi - Loading from file system: jar:file:/C:/Users/Admin/.m2/repository/com/github/almasb/fxgl/11.17/fxgl-11.17.jar!/fxglassets/ui/fonts/Courier-Prime.ttf
11:58:25.932 [JavaFX Application Thread] DEBUG GameApplicationServi - Removing overlay from FXGLMainMenuDummyScene and adding to MainMenu
11:58:25.933 [JavaFX Application Thread] DEBUG PrimaryStageWindow   - FXGLMainMenuDummyScene -> MainMenu
11:58:25.984 [JavaFX Application Thread] DEBUG FXGLApplication      - Registering font factories with UI factory
11:58:28.152 [JavaFX Application Thread] DEBUG Menu                 - fireNewGame()
11:58:28.152 [JavaFX Application Thread] DEBUG GameApplicationServi - Starting new game
11:58:28.152 [JavaFX Application Thread] DEBUG PrimaryStageWindow   - Pop state: MainMenu
11:58:28.152 [JavaFX Application Thread] DEBUG Input                - Clearing active input actions
11:58:28.153 [JavaFX Application Thread] DEBUG GameApplicationServi - Removing overlay from MainMenu and adding to FXGLMainMenuDummyScene
11:58:28.157 [JavaFX Application Thread] DEBUG PrimaryStageWindow   - FXGLMainMenuDummyScene <- MainMenu
11:58:28.157 [JavaFX Application Thread] DEBUG Input                - Clearing active input actions
11:58:28.169 [JavaFX Application Thread] DEBUG GameApplicationServi - Removing overlay from FXGLMainMenuDummyScene and adding to FXGLLoadingScene
11:58:28.170 [JavaFX Application Thread] DEBUG PrimaryStageWindow   - FXGLMainMenuDummyScene -> FXGLLoadingScene
11:58:28.170 [JavaFX Application Thread] DEBUG GameApplicationServi - Clearing previous game
11:58:28.170 [JavaFX Application Thread] DEBUG GameScene            - Clearing game scene
11:58:28.170 [JavaFX Application Thread] DEBUG GameWorld            - Clearing game world
11:58:28.170 [JavaFX Application Thread] DEBUG PhysicsWorld         - Clearing physics world
11:58:28.172 [FXGL Background Thread 4 ] DEBUG FXGLApplication      - Initializing game
11:58:28.207 [FXGL Background Thread 4 ] DEBUG FXGLAssetLoaderServi - Loading from file system: file:/C:/Users/Admin/Desktop/Bomberman/target/classes/assets/textures/wall.png
11:58:28.310 [FXGL Background Thread 4 ] DEBUG FXGLAssetLoaderServi - Loading from file system: file:/C:/Users/Admin/Desktop/Bomberman/target/classes/assets/textures/player_die.png
11:58:28.315 [FXGL Background Thread 4 ] DEBUG FXGLAssetLoaderServi - Loading from file system: file:/C:/Users/Admin/Desktop/Bomberman/target/classes/assets/textures/player_down.png
11:58:28.317 [FXGL Background Thread 4 ] DEBUG FXGLAssetLoaderServi - Loading from file system: file:/C:/Users/Admin/Desktop/Bomberman/target/classes/assets/textures/player_right.png
11:58:28.318 [FXGL Background Thread 4 ] DEBUG FXGLAssetLoaderServi - Loading from file system: file:/C:/Users/Admin/Desktop/Bomberman/target/classes/assets/textures/player_up.png
11:58:28.320 [FXGL Background Thread 4 ] DEBUG FXGLAssetLoaderServi - Loading from file system: file:/C:/Users/Admin/Desktop/Bomberman/target/classes/assets/textures/player_left.png
11:58:28.328 [FXGL Background Thread 4 ] DEBUG FXGLAssetLoaderServi - Loading from file system: file:/C:/Users/Admin/Desktop/Bomberman/target/classes/assets/textures/brick.png
11:58:28.330 [FXGL Background Thread 4 ] DEBUG FXGLAssetLoaderServi - Loading from file system: file:/C:/Users/Admin/Desktop/Bomberman/target/classes/assets/textures/brick_break.png
11:58:28.342 [FXGL Background Thread 4 ] DEBUG FXGLAssetLoaderServi - Loading from file system: file:/C:/Users/Admin/Desktop/Bomberman/target/classes/assets/textures/enemy1.png
11:58:28.355 [FXGL Background Thread 4 ] DEBUG FXGLAssetLoaderServi - Loading from file system: file:/C:/Users/Admin/Desktop/Bomberman/target/classes/assets/textures/enemy2.png
11:58:28.389 [FXGL Background Thread 4 ] DEBUG FXGLAssetLoaderServi - Loading from file system: file:/C:/Users/Admin/Desktop/Bomberman/target/classes/assets/textures/portal.png
11:58:28.464 [FXGL Background Thread 4 ] DEBUG FXGLAssetLoaderServi - Loading from file system: file:/C:/Users/Admin/Desktop/Bomberman/target/classes/assets/textures/powerup_flames.png
11:58:28.467 [FXGL Background Thread 4 ] DEBUG FXGLAssetLoaderServi - Loading from file system: file:/C:/Users/Admin/Desktop/Bomberman/target/classes/assets/textures/powerup_bombs.png
11:58:28.525 [FXGL Background Thread 3 ] DEBUG Engine               - Logging environment variables
11:58:28.525 [FXGL Background Thread 3 ] DEBUG Engine               - achievements: []
11:58:28.525 [FXGL Background Thread 3 ] DEBUG Engine               - actualHeight: 720.0
11:58:28.526 [FXGL Background Thread 3 ] DEBUG Engine               - actualHeightProperty: ReadOnlyDoubleProperty [value: 720.0]
11:58:28.526 [FXGL Background Thread 3 ] DEBUG Engine               - actualWidth: 1280.0
11:58:28.526 [FXGL Background Thread 3 ] DEBUG Engine               - actualWidthProperty: ReadOnlyDoubleProperty [value: 1280.0]
11:58:28.526 [FXGL Background Thread 3 ] DEBUG Engine               - appIcon: fxgl_icon.png
11:58:28.526 [FXGL Background Thread 3 ] DEBUG Engine               - applicationMode: DEVELOPER
11:58:28.527 [FXGL Background Thread 3 ] DEBUG Engine               - cSSList: [fxgl_dark.css]
11:58:28.527 [FXGL Background Thread 3 ] DEBUG Engine               - collisionDetectionStrategy: BRUTE_FORCE
11:58:28.527 [FXGL Background Thread 3 ] DEBUG Engine               - configClass: Optional.empty
11:58:28.527 [FXGL Background Thread 3 ] DEBUG Engine               - credits: []
11:58:28.527 [FXGL Background Thread 3 ] DEBUG Engine               - defaultCursor: CursorInfo(imageName=fxgl_default_cursor.png, hotspotX=7.0, hotspotY=6.0)
11:58:28.527 [FXGL Background Thread 3 ] DEBUG Engine               - devBBoxColorProperty: ObjectProperty [value: 0xff0000ff]
11:58:28.527 [FXGL Background Thread 3 ] DEBUG Engine               - devEnableDebugCameraProperty: BooleanProperty [value: false]
11:58:28.527 [FXGL Background Thread 3 ] DEBUG Engine               - devSensorColorProperty: ObjectProperty [value: 0xffff00ff]
11:58:28.527 [FXGL Background Thread 3 ] DEBUG Engine               - devShowBBoxProperty: BooleanProperty [value: false]
11:58:28.527 [FXGL Background Thread 3 ] DEBUG Engine               - devShowPositionProperty: BooleanProperty [value: false]
11:58:28.527 [FXGL Background Thread 3 ] DEBUG Engine               - enabledMenuItems: []
11:58:28.527 [FXGL Background Thread 3 ] DEBUG Engine               - engineServices: [class com.almasb.fxgl.app.services.FXGLAssetLoaderService, class com.almasb.fxgl.app.FXGLApplication$GameApplicationService, class com.almasb.fxgl.app.services.FXGLDialogService, class com.almasb.fxgl.app.services.IOTaskExecutorService, class com.almasb.fxgl.io.FileSystemService, class com.almasb.fxgl.localization.LocalizationService, class com.almasb.fxgl.app.services.SystemBundleService, class com.almasb.fxgl.profile.SaveLoadService, class com.almasb.fxgl.ui.FXGLUIFactoryServiceProvider, class com.almasb.fxgl.ui.FXGLDialogFactoryServiceProvider, class com.almasb.fxgl.audio.AudioPlayer, class com.almasb.fxgl.notification.impl.NotificationServiceProvider, class com.almasb.fxgl.achievement.AchievementService, class com.almasb.fxgl.cutscene.CutsceneService, class com.almasb.fxgl.minigames.MiniGameService, class com.almasb.fxgl.net.NetService, class com.almasb.fxgl.app.services.UpdaterService, class com.almasb.fxgl.dev.DevService]
11:58:28.527 [FXGL Background Thread 3 ] DEBUG Engine               - fontGame: Abel-Regular.ttf
11:58:28.527 [FXGL Background Thread 3 ] DEBUG Engine               - fontMono: lucida_console.ttf
11:58:28.527 [FXGL Background Thread 3 ] DEBUG Engine               - fontText: Courier-Prime.ttf
11:58:28.527 [FXGL Background Thread 3 ] DEBUG Engine               - fontUI: game_font.ttf
11:58:28.527 [FXGL Background Thread 3 ] DEBUG Engine               - fullScreen: BooleanProperty [value: false]
11:58:28.528 [FXGL Background Thread 3 ] DEBUG Engine               - gameDifficulty: MEDIUM
11:58:28.528 [FXGL Background Thread 3 ] DEBUG Engine               - gameDifficultyProperty: ObjectProperty [value: MEDIUM]
11:58:28.528 [FXGL Background Thread 3 ] DEBUG Engine               - globalMusicVolume: 0.5
11:58:28.528 [FXGL Background Thread 3 ] DEBUG Engine               - globalMusicVolumeProperty: DoubleProperty [value: 0.5]
11:58:28.528 [FXGL Background Thread 3 ] DEBUG Engine               - globalSoundVolume: 0.5
11:58:28.528 [FXGL Background Thread 3 ] DEBUG Engine               - globalSoundVolumeProperty: DoubleProperty [value: 0.5]
11:58:28.528 [FXGL Background Thread 3 ] DEBUG Engine               - height: 720
11:58:28.528 [FXGL Background Thread 3 ] DEBUG Engine               - is3D: false
11:58:28.528 [FXGL Background Thread 3 ] DEBUG Engine               - isAndroid: false
11:58:28.528 [FXGL Background Thread 3 ] DEBUG Engine               - isBrowser: false
11:58:28.528 [FXGL Background Thread 3 ] DEBUG Engine               - isClickFeedbackEnabled: false
11:58:28.529 [FXGL Background Thread 3 ] DEBUG Engine               - isCloseConfirmation: false
11:58:28.529 [FXGL Background Thread 3 ] DEBUG Engine               - isDesktop: true
11:58:28.529 [FXGL Background Thread 3 ] DEBUG Engine               - isDeveloperMenuEnabled: false
11:58:28.529 [FXGL Background Thread 3 ] DEBUG Engine               - isEntityPreloadEnabled: true
11:58:28.529 [FXGL Background Thread 3 ] DEBUG Engine               - isExperimentalTiledLargeMap: false
11:58:28.529 [FXGL Background Thread 3 ] DEBUG Engine               - isFileSystemWriteAllowed: true
11:58:28.529 [FXGL Background Thread 3 ] DEBUG Engine               - isFullScreenAllowed: true
11:58:28.529 [FXGL Background Thread 3 ] DEBUG Engine               - isFullScreenFromStart: false
11:58:28.529 [FXGL Background Thread 3 ] DEBUG Engine               - isGameMenuEnabled: true
11:58:28.529 [FXGL Background Thread 3 ] DEBUG Engine               - isIOS: false
11:58:28.529 [FXGL Background Thread 3 ] DEBUG Engine               - isIntroEnabled: false
11:58:28.529 [FXGL Background Thread 3 ] DEBUG Engine               - isLinux: false
11:58:28.529 [FXGL Background Thread 3 ] DEBUG Engine               - isMac: false
11:58:28.529 [FXGL Background Thread 3 ] DEBUG Engine               - isMainMenuEnabled: true
11:58:28.530 [FXGL Background Thread 3 ] DEBUG Engine               - isManualResizeEnabled: false
11:58:28.530 [FXGL Background Thread 3 ] DEBUG Engine               - isMobile: false
11:58:28.530 [FXGL Background Thread 3 ] DEBUG Engine               - isNative: false
11:58:28.530 [FXGL Background Thread 3 ] DEBUG Engine               - isPauseMusicWhenMinimized: true
11:58:28.530 [FXGL Background Thread 3 ] DEBUG Engine               - isPreserveResizeRatio: false
11:58:28.530 [FXGL Background Thread 3 ] DEBUG Engine               - isProfilingEnabled: false
11:58:28.530 [FXGL Background Thread 3 ] DEBUG Engine               - isScaleAffectedOnResize: true
11:58:28.530 [FXGL Background Thread 3 ] DEBUG Engine               - isSingleStep: false
11:58:28.530 [FXGL Background Thread 3 ] DEBUG Engine               - isUserProfileEnabled: false
11:58:28.530 [FXGL Background Thread 3 ] DEBUG Engine               - isWindows: true
11:58:28.530 [FXGL Background Thread 3 ] DEBUG Engine               - language: ObjectProperty [value: ENGLISH]
11:58:28.530 [FXGL Background Thread 3 ] DEBUG Engine               - menuKey: ESCAPE
11:58:28.530 [FXGL Background Thread 3 ] DEBUG Engine               - mouseSensitivity: 0.2
11:58:28.530 [FXGL Background Thread 3 ] DEBUG Engine               - notificationViewClass: class com.almasb.fxgl.notification.view.XboxNotificationView
11:58:28.531 [FXGL Background Thread 3 ] DEBUG Engine               - pixelsPerMeter: 50.0
11:58:28.531 [FXGL Background Thread 3 ] DEBUG Engine               - platform: WINDOWS
11:58:28.531 [FXGL Background Thread 3 ] DEBUG Engine               - prefHeightProperty: ReadOnlyDoubleProperty [value: 720.0]
11:58:28.531 [FXGL Background Thread 3 ] DEBUG Engine               - prefWidthProperty: ReadOnlyDoubleProperty [value: 1280.0]
11:58:28.531 [FXGL Background Thread 3 ] DEBUG Engine               - profileDir: profiles/
11:58:28.531 [FXGL Background Thread 3 ] DEBUG Engine               - profileName: StringProperty [value: DEFAULT]
11:58:28.532 [FXGL Background Thread 3 ] DEBUG Engine               - randomSeed: -1
11:58:28.532 [FXGL Background Thread 3 ] DEBUG Engine               - runtimeInfo: RuntimeInfo(platform=WINDOWS, version=11.17, build=16.07.2021 15.46)
11:58:28.532 [FXGL Background Thread 3 ] DEBUG Engine               - saveFileExt: sav
11:58:28.532 [FXGL Background Thread 3 ] DEBUG Engine               - scaledHeightProp$fxgl: DoubleProperty [bound, value: 720.0]
11:58:28.532 [FXGL Background Thread 3 ] DEBUG Engine               - scaledWidthProp$fxgl: DoubleProperty [bound, value: 1280.0]
11:58:28.532 [FXGL Background Thread 3 ] DEBUG Engine               - sceneFactory: Bomberman.BombermanGame$1@6930db44
11:58:28.532 [FXGL Background Thread 3 ] DEBUG Engine               - secondsIn24h: 60
11:58:28.532 [FXGL Background Thread 3 ] DEBUG Engine               - soundMenuBack: menu/back.wav
11:58:28.532 [FXGL Background Thread 3 ] DEBUG Engine               - soundMenuPress: menu/press.wav
11:58:28.532 [FXGL Background Thread 3 ] DEBUG Engine               - soundMenuSelect: menu/select.wav
11:58:28.532 [FXGL Background Thread 3 ] DEBUG Engine               - soundNotification: core/notification.wav
11:58:28.532 [FXGL Background Thread 3 ] DEBUG Engine               - stageStyle: DECORATED
11:58:28.532 [FXGL Background Thread 3 ] DEBUG Engine               - supportedLanguages: [ENGLISH, FRENCH, GERMAN, HUNGARIAN, RUSSIAN]
11:58:28.532 [FXGL Background Thread 3 ] DEBUG Engine               - ticksPerSecond: -1
11:58:28.532 [FXGL Background Thread 3 ] DEBUG Engine               - title: BOMBER
 MAN
11:58:28.532 [FXGL Background Thread 3 ] DEBUG Engine               - urlGithub: https://github.com/AlmasB/FXGL
11:58:28.532 [FXGL Background Thread 3 ] DEBUG Engine               - urlLeaderboard: http://fxgl-top.herokuapp.com/
11:58:28.532 [FXGL Background Thread 3 ] DEBUG Engine               - urlPOM: https://raw.githubusercontent.com/AlmasB/FXGL/release/README.md
11:58:28.532 [FXGL Background Thread 3 ] DEBUG Engine               - userAppClass: class Bomberman.BombermanGame
11:58:28.532 [FXGL Background Thread 3 ] DEBUG Engine               - version: 1.0
11:58:28.532 [FXGL Background Thread 3 ] DEBUG Engine               - versionCheckDays: 7
11:58:28.532 [FXGL Background Thread 3 ] DEBUG Engine               - width: 1280
11:58:28.532 [FXGL Background Thread 3 ] DEBUG Engine               - Logging services
11:58:28.532 [FXGL Background Thread 3 ] DEBUG Engine               - class com.almasb.fxgl.app.services.FXGLAssetLoaderService
11:58:28.532 [FXGL Background Thread 3 ] DEBUG Engine               - class com.almasb.fxgl.app.FXGLApplication$GameApplicationService
11:58:28.532 [FXGL Background Thread 3 ] DEBUG Engine               - class com.almasb.fxgl.app.services.FXGLDialogService
11:58:28.532 [FXGL Background Thread 3 ] DEBUG Engine               - class com.almasb.fxgl.app.services.IOTaskExecutorService
11:58:28.532 [FXGL Background Thread 3 ] DEBUG Engine               - class com.almasb.fxgl.io.FileSystemService
11:58:28.532 [FXGL Background Thread 3 ] DEBUG Engine               - class com.almasb.fxgl.localization.LocalizationService
11:58:28.532 [FXGL Background Thread 3 ] DEBUG Engine               - class com.almasb.fxgl.app.services.SystemBundleService
11:58:28.532 [FXGL Background Thread 3 ] DEBUG Engine               - class com.almasb.fxgl.profile.SaveLoadService
11:58:28.532 [FXGL Background Thread 3 ] DEBUG Engine               - class com.almasb.fxgl.ui.FXGLUIFactoryServiceProvider
11:58:28.533 [FXGL Background Thread 3 ] DEBUG Engine               - class com.almasb.fxgl.ui.FXGLDialogFactoryServiceProvider
11:58:28.533 [FXGL Background Thread 3 ] DEBUG Engine               - class com.almasb.fxgl.audio.AudioPlayer
11:58:28.533 [FXGL Background Thread 3 ] DEBUG Engine               - class com.almasb.fxgl.notification.impl.NotificationServiceProvider
11:58:28.533 [FXGL Background Thread 3 ] DEBUG Engine               - class com.almasb.fxgl.achievement.AchievementService
11:58:28.533 [FXGL Background Thread 3 ] DEBUG Engine               - class com.almasb.fxgl.cutscene.CutsceneService
11:58:28.533 [FXGL Background Thread 3 ] DEBUG Engine               - class com.almasb.fxgl.minigames.MiniGameService
11:58:28.533 [FXGL Background Thread 3 ] DEBUG Engine               - class com.almasb.fxgl.net.NetService
11:58:28.533 [FXGL Background Thread 3 ] DEBUG Engine               - class com.almasb.fxgl.app.services.UpdaterService
11:58:28.533 [FXGL Background Thread 3 ] DEBUG Engine               - class com.almasb.fxgl.dev.DevService
11:58:28.548 [FXGL Background Thread 4 ] INFO  FXGLApplication      - Game initialization took: 0.376 sec
11:58:28.549 [JavaFX Application Thread] DEBUG Input                - Clearing active input actions
11:58:28.567 [JavaFX Application Thread] DEBUG GameApplicationServi - Removing overlay from FXGLLoadingScene and adding to GameScene
11:58:28.568 [JavaFX Application Thread] DEBUG PrimaryStageWindow   - FXGLLoadingScene -> GameScene
11:58:28.570 [JavaFX Application Thread] DEBUG FXGLAssetLoaderServi - Loading from file system: file:/C:/Users/Admin/Desktop/Bomberman/target/classes/assets/sounds/stage_start.wav
11:58:28.589 [JavaFX Application Thread] DEBUG PrimaryStageWindow   - Push state: StageStartScene
11:58:28.589 [JavaFX Application Thread] DEBUG Input                - Clearing active input actions
11:58:28.590 [JavaFX Application Thread] DEBUG GameApplicationServi - Removing overlay from GameScene and adding to StageStartScene
11:58:28.590 [JavaFX Application Thread] DEBUG PrimaryStageWindow   - GameScene -> StageStartScene
11:58:29.458 [FXGL Background Thread 2 ] INFO  UpdaterService       - Your current version:  11.17
11:58:29.458 [FXGL Background Thread 2 ] INFO  UpdaterService       - Latest stable version: 17.2
11:58:32.337 [JavaFX Application Thread] DEBUG PrimaryStageWindow   - Pop state: StageStartScene
11:58:32.337 [JavaFX Application Thread] DEBUG Input                - Clearing active input actions
11:58:32.338 [JavaFX Application Thread] DEBUG GameApplicationServi - Removing overlay from StageStartScene and adding to GameScene
11:58:32.339 [JavaFX Application Thread] DEBUG PrimaryStageWindow   - GameScene <- StageStartScene
11:58:36.499 [JavaFX Application Thread] DEBUG FXGLAssetLoaderServi - Loading from file system: file:/C:/Users/Admin/Desktop/Bomberman/target/classes/assets/sounds/place_bomb.wav
11:58:36.506 [JavaFX Application Thread] DEBUG FXGLAssetLoaderServi - Loading from file system: file:/C:/Users/Admin/Desktop/Bomberman/target/classes/assets/textures/bomb.png
11:58:38.499 [JavaFX Application Thread] DEBUG FXGLAssetLoaderServi - Loading from file system: file:/C:/Users/Admin/Desktop/Bomberman/target/classes/assets/sounds/explosion.wav
11:58:38.507 [JavaFX Application Thread] DEBUG FXGLAssetLoaderServi - Loading from file system: file:/C:/Users/Admin/Desktop/Bomberman/target/classes/assets/textures/central_flame.png
11:58:38.509 [JavaFX Application Thread] DEBUG FXGLAssetLoaderServi - Loading from file system: file:/C:/Users/Admin/Desktop/Bomberman/target/classes/assets/textures/top_up_flame.png
11:58:38.511 [JavaFX Application Thread] DEBUG FXGLAssetLoaderServi - Loading from file system: file:/C:/Users/Admin/Desktop/Bomberman/target/classes/assets/textures/top_down_flame.png
11:58:38.514 [JavaFX Application Thread] DEBUG FXGLAssetLoaderServi - Loading from file system: file:/C:/Users/Admin/Desktop/Bomberman/target/classes/assets/textures/top_right_flame.png
11:58:38.516 [JavaFX Application Thread] DEBUG FXGLAssetLoaderServi - Loading from file system: file:/C:/Users/Admin/Desktop/Bomberman/target/classes/assets/textures/top_left_flame.png
11:58:39.635 [JavaFX Application Thread] DEBUG FXGLAssetLoaderServi - Loading from file system: file:/C:/Users/Admin/Desktop/Bomberman/target/classes/assets/sounds/powerup.wav
11:58:45.572 [JavaFX Application Thread] DEBUG FXGLAssetLoaderServi - Loading from file system: file:/C:/Users/Admin/Desktop/Bomberman/target/classes/assets/textures/right_flame.png
11:58:45.581 [JavaFX Application Thread] DEBUG FXGLAssetLoaderServi - Loading from file system: file:/C:/Users/Admin/Desktop/Bomberman/target/classes/assets/textures/left_flame.png
11:58:45.583 [JavaFX Application Thread] DEBUG FXGLAssetLoaderServi - Loading from file system: file:/C:/Users/Admin/Desktop/Bomberman/target/classes/assets/textures/down_flame.png
11:58:45.584 [JavaFX Application Thread] DEBUG FXGLAssetLoaderServi - Loading from file system: file:/C:/Users/Admin/Desktop/Bomberman/target/classes/assets/textures/up_flame.png
11:58:45.985 [JavaFX Application Thread] WARN  GameWorld            - Attempted to remove entity which is not active
11:58:49.906 [JavaFX Application Thread] WARN  GameWorld            - Attempted to remove entity which is not active
11:58:49.906 [JavaFX Application Thread] WARN  GameWorld            - Attempted to remove entity which is not active
11:58:54.354 [JavaFX Application Thread] WARN  GameWorld            - Attempted to remove entity which is not active
11:58:59.538 [JavaFX Application Thread] WARN  GameWorld            - Attempted to remove entity which is not active
11:59:05.266 [JavaFX Application Thread] WARN  GameWorld            - Attempted to remove entity which is not active
11:59:06.690 [JavaFX Application Thread] WARN  GameWorld            - Attempted to remove entity which is not active
11:59:08.866 [JavaFX Application Thread] WARN  GameWorld            - Attempted to remove entity which is not active
11:59:20.210 [JavaFX Application Thread] WARN  GameWorld            - Attempted to remove entity which is not active
11:59:25.937 [JavaFX Application Thread] WARN  GameWorld            - Attempted to remove entity which is not active
11:59:29.698 [JavaFX Application Thread] WARN  GameWorld            - Attempted to remove entity which is not active
11:59:31.299 [JavaFX Application Thread] DEBUG FXGLAssetLoaderServi - Loading from file system: file:/C:/Users/Admin/Desktop/Bomberman/target/classes/assets/sounds/player_die.wav
11:59:51.905 [JavaFX Application Thread] WARN  GameWorld            - Attempted to remove entity which is not active
11:59:57.553 [JavaFX Application Thread] WARN  GameWorld            - Attempted to remove entity which is not active
11:59:57.553 [JavaFX Application Thread] WARN  GameWorld            - Attempted to remove entity which is not active
11:59:57.617 [JavaFX Application Thread] WARN  GameWorld            - Attempted to remove entity which is not active
12:00:09.345 [JavaFX Application Thread] WARN  GameWorld            - Attempted to remove entity which is not active
12:00:11.843 [JavaFX Application Thread] WARN  GameWorld            - Attempted to remove entity which is not active
12:00:11.843 [JavaFX Application Thread] WARN  GameWorld            - Attempted to remove entity which is not active
12:00:20.625 [JavaFX Application Thread] WARN  GameWorld            - Attempted to remove entity which is not active
12:00:29.297 [JavaFX Application Thread] WARN  GameWorld            - Attempted to remove entity which is not active
12:00:31.265 [JavaFX Application Thread] WARN  GameWorld            - Attempted to remove entity which is not active
12:00:40.897 [JavaFX Application Thread] WARN  GameWorld            - Attempted to remove entity which is not active
12:00:42.434 [JavaFX Application Thread] DEBUG FXGLAssetLoaderServi - Loading from file system: file:/C:/Users/Admin/Desktop/Bomberman/target/classes/assets/sounds/next_level.wav
12:00:46.658 [JavaFX Application Thread] DEBUG PrimaryStageWindow   - Push state: StageStartScene
12:00:46.658 [JavaFX Application Thread] DEBUG Input                - Clearing active input actions
12:00:46.658 [JavaFX Application Thread] DEBUG GameApplicationServi - Removing overlay from GameScene and adding to StageStartScene
12:00:46.658 [JavaFX Application Thread] DEBUG PrimaryStageWindow   - GameScene -> StageStartScene
12:00:46.714 [JavaFX Application Thread] DEBUG FXGLAssetLoaderServi - Loading from file system: file:/C:/Users/Admin/Desktop/Bomberman/target/classes/assets/textures/enemy4.png
12:00:46.722 [JavaFX Application Thread] DEBUG FXGLAssetLoaderServi - Loading from file system: file:/C:/Users/Admin/Desktop/Bomberman/target/classes/assets/textures/enemy3.png
12:00:50.593 [JavaFX Application Thread] DEBUG PrimaryStageWindow   - Pop state: StageStartScene
12:00:50.593 [JavaFX Application Thread] DEBUG Input                - Clearing active input actions
12:00:50.593 [JavaFX Application Thread] DEBUG GameApplicationServi - Removing overlay from StageStartScene and adding to GameScene
12:00:50.593 [JavaFX Application Thread] DEBUG PrimaryStageWindow   - GameScene <- StageStartScene
12:00:53.619 [JavaFX Application Thread] DEBUG PrimaryStageWindow   - Push state: StageStartScene
12:00:53.619 [JavaFX Application Thread] DEBUG Input                - Clearing active input actions
12:00:53.619 [JavaFX Application Thread] DEBUG GameApplicationServi - Removing overlay from GameScene and adding to StageStartScene
12:00:53.619 [JavaFX Application Thread] DEBUG PrimaryStageWindow   - GameScene -> StageStartScene
12:00:57.554 [JavaFX Application Thread] DEBUG PrimaryStageWindow   - Pop state: StageStartScene
12:00:57.554 [JavaFX Application Thread] DEBUG Input                - Clearing active input actions
12:00:57.554 [JavaFX Application Thread] DEBUG GameApplicationServi - Removing overlay from StageStartScene and adding to GameScene
12:00:57.554 [JavaFX Application Thread] DEBUG PrimaryStageWindow   - GameScene <- StageStartScene
12:00:58.451 [JavaFX Application Thread] DEBUG FXGLAssetLoaderServi - Loading from file system: file:/C:/Users/Admin/Desktop/Bomberman/target/classes/assets/sounds/ending.wav
12:00:58.467 [JavaFX Application Thread] DEBUG PrimaryStageWindow   - Push state: EndingScene
12:00:58.467 [JavaFX Application Thread] DEBUG Input                - Clearing active input actions
12:00:58.467 [JavaFX Application Thread] DEBUG GameApplicationServi - Removing overlay from GameScene and adding to EndingScene
12:00:58.467 [JavaFX Application Thread] DEBUG PrimaryStageWindow   - GameScene -> EndingScene
12:01:00.219 [JavaFX Application Thread] DEBUG FXGLApplication      - Exiting FXGL
12:01:00.219 [JavaFX Application Thread] DEBUG LoopRunner           - Stopping loop
12:01:00.219 [JavaFX Application Thread] DEBUG SystemBundleService  - Saving FXGL system data
12:01:00.222 [JavaFX Application Thread] DEBUG FileSystemAccess     - Writing to: C:\Users\Admin\Desktop\Bomberman\system\fxgl.bundle
12:01:00.224 [JavaFX Application Thread] DEBUG Async                - Shutting down background threads
12:01:00.224 [JavaFX Application Thread] DEBUG PrimaryStageWindow   - Closing main window
12:01:00.256 [JavaFX Application Thread] DEBUG Logger               - Closing Logger
