15:02:56.764 [main                     ] DEBUG Logger               - Configured Logger
15:02:56.783 [main                     ] DEBUG GameApplication      - Logging settings
Title: BOMBER
 MAN
Version: 1.0
Width: 1280
Height: 720
Fullscreen: true
Intro: false
Profiling: false
Single step:false
App Mode: DEVELOPER
Menu Key: ESCAPE
Stage Style: DECORATED
Scene Factory: class Bomberman.BombermanGame$1

15:02:57.232 [JavaFX Application Thread] DEBUG FXGLApplication      - Initializing FXGL
15:02:57.235 [JavaFX Application Thread] INFO  Engine               - FXGL-11.17 (16.07.2021 15.46) on WINDOWS (J:11.0.16.1 FX:16)
15:02:57.236 [JavaFX Application Thread] DEBUG Engine               - JRE Vendor Name: Oracle Corporation
15:02:57.236 [JavaFX Application Thread] DEBUG Engine               - Running on OS: Windows 11 version 10.0
15:02:57.236 [JavaFX Application Thread] DEBUG Engine               - Architecture: amd64
15:02:57.236 [JavaFX Application Thread] INFO  Engine               - Source code and latest versions at: https://github.com/AlmasB/FXGL
15:02:57.237 [JavaFX Application Thread] INFO  Engine               -              Join the FXGL chat at: https://gitter.im/AlmasB/FXGL
15:02:57.370 [JavaFX Application Thread] DEBUG PrimaryStageWindow   - Creating a JavaFX scene
15:02:57.431 [JavaFX Application Thread] DEBUG PrimaryStageWindow   - Target settings size: 1280.0 x 720.0
15:02:57.431 [JavaFX Application Thread] DEBUG PrimaryStageWindow   - Scaled scene size:    1280.0 x 720.0
15:02:57.431 [JavaFX Application Thread] DEBUG PrimaryStageWindow   - Scaled ratio: (1.0, 1.0)
15:02:57.433 [JavaFX Application Thread] DEBUG PrimaryStageWindow   - Set initial scene to FXGLStartupScene
15:02:57.446 [JavaFX Application Thread] DEBUG PrimaryStageWindow   - Opening main window
15:02:57.573 [JavaFX Application Thread] DEBUG PrimaryStageWindow   - Window border size: (13.0, 35.5)
15:02:57.573 [JavaFX Application Thread] DEBUG PrimaryStageWindow   - Scaled size: 1280.0 x 720.0
15:02:57.573 [JavaFX Application Thread] DEBUG PrimaryStageWindow   - Scaled ratio: (1.0, 1.0)
15:02:57.573 [JavaFX Application Thread] DEBUG PrimaryStageWindow   - Scene size: 1280.0 x 720.0
15:02:57.573 [JavaFX Application Thread] DEBUG PrimaryStageWindow   - Stage size: 1293.0 x 755.5
15:02:57.583 [FXGL Background Thread 1 ] DEBUG Engine               - Initializing environment variables
15:02:57.684 [FXGL Background Thread 1 ] DEBUG FXGLAssetLoaderServi - User app class for loading assets: class Bomberman.BombermanGame
15:02:57.684 [FXGL Background Thread 1 ] DEBUG GameApplicationServi - Applying CSS: fxgl_dark.css
15:02:57.686 [FXGL Background Thread 1 ] DEBUG FXGLAssetLoaderServi - Loading from file system: jar:file:/C:/Users/Admin/.m2/repository/com/github/almasb/fxgl/11.17/fxgl-11.17.jar!/fxglassets/ui/css/fxgl_dark.css
15:02:57.750 [FXGL Background Thread 1 ] DEBUG GameApplicationServi - Initializing application scenes
15:02:57.816 [FXGL Background Thread 1 ] DEBUG GameWorld            - Game world initialized
15:02:57.911 [FXGL Background Thread 1 ] DEBUG PhysicsWorld         - Physics world initialized: appHeight=720, physics.ppm=50.0
15:02:57.912 [FXGL Background Thread 1 ] DEBUG PhysicsWorld         - Using strategy: BRUTE_FORCE
15:02:57.915 [FXGL Background Thread 1 ] DEBUG GameScene            - Game scene initialized: 1280x720
15:02:58.050 [FXGL Background Thread 1 ] DEBUG GameApplicationServi - Application scenes initialized
15:02:58.066 [FXGL Background Thread 1 ] DEBUG SystemBundleService  - Loading FXGL system data
15:02:58.074 [FXGL Background Thread 1 ] DEBUG FileSystemAccess     - Reading from: C:\Users\Admin\Desktop\Bomberman\system\fxgl.bundle
15:02:58.085 [FXGL Background Thread 1 ] DEBUG SystemBundleService  - Bundle FXGL: {}
15:02:58.086 [FXGL Background Thread 1 ] DEBUG UpdaterService       - Checking for updates
15:02:58.096 [FXGL Background Thread 4 ] DEBUG FXGLApplication      - Loading fonts
15:02:58.096 [FXGL Background Thread 4 ] DEBUG FXGLAssetLoaderServi - Loading from file system: file:/C:/Users/Admin/Desktop/Bomberman/target/classes/assets/ui/fonts/game_font.ttf
15:02:58.097 [FXGL Background Thread 1 ] DEBUG FXGLApplication      - Loading default localization
15:02:58.098 [FXGL Background Thread 1 ] DEBUG FXGLAssetLoaderServi - Loading from file system: jar:file:/C:/Users/Admin/.m2/repository/com/github/almasb/fxgl/11.17/fxgl-11.17.jar!/fxglassets/languages/english.lang
15:02:58.123 [FXGL Background Thread 1 ] INFO  FXGLApplication      - FXGL initialization took: 0.539 sec
15:02:58.149 [JavaFX Application Thread] DEBUG Input                - Registered new binding: Move Left - A
15:02:58.150 [JavaFX Application Thread] DEBUG Input                - Registered new binding: Move Right - D
15:02:58.150 [JavaFX Application Thread] DEBUG Input                - Registered new binding: Move Up - W
15:02:58.150 [JavaFX Application Thread] DEBUG Input                - Registered new binding: Move Down - S
15:02:58.150 [JavaFX Application Thread] DEBUG Input                - Registered new binding: Place Bomb - Space
15:02:58.151 [JavaFX Application Thread] DEBUG Input                - Registered new binding: Switch to classic bomb - 1
15:02:58.151 [JavaFX Application Thread] DEBUG Input                - Registered new binding: Switch to lazer bomb - 2
15:02:58.151 [JavaFX Application Thread] DEBUG Input                - Registered new binding: Switch to light bomb - 3
15:02:58.152 [JavaFX Application Thread] DEBUG Input                - Registered new binding: Exit game - Delete
15:02:58.154 [JavaFX Application Thread] DEBUG FXGLAssetLoaderServi - Loading from file system: file:/C:/Users/Admin/Desktop/Bomberman/target/classes/assets/music/stage_theme.mp3
15:02:58.403 [JavaFX Application Thread] DEBUG AudioPlayer          - Playing music com.almasb.fxgl.audio.Music@31f56639
15:02:58.417 [JavaFX Application Thread] DEBUG FXGLAssetLoaderServi - Loading from file system: jar:file:/C:/Users/Admin/.m2/repository/com/github/almasb/fxgl/11.17/fxgl-11.17.jar!/fxglassets/textures/fxgl_icon.png
15:02:58.469 [JavaFX Application Thread] DEBUG FXGLAssetLoaderServi - Loading from file system: jar:file:/C:/Users/Admin/.m2/repository/com/github/almasb/fxgl/11.17/fxgl-11.17.jar!/fxglassets/textures/fxgl_default_cursor.png
15:02:58.473 [JavaFX Application Thread] DEBUG Input                - Registered new binding: Screenshot - CTRL+8
15:02:58.474 [JavaFX Application Thread] DEBUG Input                - Registered new binding: System info dump - CTRL+9
15:02:58.475 [JavaFX Application Thread] DEBUG Input                - Registered new binding: Restart - CTRL+R
15:02:58.476 [JavaFX Application Thread] DEBUG Input                - Registered new binding: Toggle Debug Camera - CTRL+C
15:02:58.480 [JavaFX Application Thread] DEBUG LoopRunner           - Starting loop
15:02:58.480 [JavaFX Application Thread] DEBUG LoopRunner           - Initializing JavaFX AnimationTimerLoop
15:02:58.486 [JavaFX Application Thread] DEBUG Input                - Clearing active input actions
15:02:58.502 [JavaFX Application Thread] DEBUG GameApplicationServi - Removing overlay from FXGLStartupScene and adding to FXGLMainMenuDummyScene
15:02:58.503 [JavaFX Application Thread] DEBUG PrimaryStageWindow   - FXGLStartupScene -> FXGLMainMenuDummyScene
15:02:58.503 [JavaFX Application Thread] DEBUG PrimaryStageWindow   - Push state: MainMenu
15:02:58.503 [JavaFX Application Thread] DEBUG Input                - Clearing active input actions
15:02:58.513 [JavaFX Application Thread] DEBUG GameApplicationServi - Removing overlay from FXGLMainMenuDummyScene and adding to MainMenu
15:02:58.514 [JavaFX Application Thread] DEBUG PrimaryStageWindow   - FXGLMainMenuDummyScene -> MainMenu
15:02:58.648 [FXGL Background Thread 4 ] DEBUG FXGLAssetLoaderServi - Loading from file system: jar:file:/C:/Users/Admin/.m2/repository/com/github/almasb/fxgl/11.17/fxgl-11.17.jar!/fxglassets/ui/fonts/Abel-Regular.ttf
15:02:58.655 [FXGL Background Thread 4 ] DEBUG FXGLAssetLoaderServi - Loading from file system: jar:file:/C:/Users/Admin/.m2/repository/com/github/almasb/fxgl/11.17/fxgl-11.17.jar!/fxglassets/ui/fonts/lucida_console.ttf
15:02:58.665 [FXGL Background Thread 4 ] DEBUG FXGLAssetLoaderServi - Loading from file system: jar:file:/C:/Users/Admin/.m2/repository/com/github/almasb/fxgl/11.17/fxgl-11.17.jar!/fxglassets/ui/fonts/Courier-Prime.ttf
15:02:58.675 [JavaFX Application Thread] DEBUG FXGLApplication      - Registering font factories with UI factory
15:02:59.174 [FXGL Background Thread 2 ] INFO  UpdaterService       - Your current version:  11.17
15:02:59.175 [FXGL Background Thread 2 ] INFO  UpdaterService       - Latest stable version: 17.2
15:02:59.509 [JavaFX Application Thread] DEBUG Menu                 - fireNewGame()
15:02:59.509 [JavaFX Application Thread] DEBUG GameApplicationServi - Starting new game
15:02:59.509 [JavaFX Application Thread] DEBUG PrimaryStageWindow   - Pop state: MainMenu
15:02:59.509 [JavaFX Application Thread] DEBUG Input                - Clearing active input actions
15:02:59.510 [JavaFX Application Thread] DEBUG GameApplicationServi - Removing overlay from MainMenu and adding to FXGLMainMenuDummyScene
15:02:59.510 [JavaFX Application Thread] DEBUG PrimaryStageWindow   - FXGLMainMenuDummyScene <- MainMenu
15:02:59.510 [JavaFX Application Thread] DEBUG Input                - Clearing active input actions
15:02:59.516 [JavaFX Application Thread] DEBUG GameApplicationServi - Removing overlay from FXGLMainMenuDummyScene and adding to FXGLLoadingScene
15:02:59.516 [JavaFX Application Thread] DEBUG PrimaryStageWindow   - FXGLMainMenuDummyScene -> FXGLLoadingScene
15:02:59.517 [JavaFX Application Thread] DEBUG GameApplicationServi - Clearing previous game
15:02:59.517 [JavaFX Application Thread] DEBUG GameScene            - Clearing game scene
15:02:59.517 [JavaFX Application Thread] DEBUG GameWorld            - Clearing game world
15:02:59.517 [JavaFX Application Thread] DEBUG PhysicsWorld         - Clearing physics world
15:02:59.518 [FXGL Background Thread 2 ] DEBUG FXGLApplication      - Initializing game
15:02:59.535 [FXGL Background Thread 2 ] DEBUG FXGLAssetLoaderServi - Loading from file system: file:/C:/Users/Admin/Desktop/Bomberman/target/classes/assets/textures/wall.png
15:02:59.601 [FXGL Background Thread 2 ] DEBUG FXGLAssetLoaderServi - Loading from file system: file:/C:/Users/Admin/Desktop/Bomberman/target/classes/assets/textures/player_die.png
15:02:59.604 [FXGL Background Thread 2 ] DEBUG FXGLAssetLoaderServi - Loading from file system: file:/C:/Users/Admin/Desktop/Bomberman/target/classes/assets/textures/player_down.png
15:02:59.606 [FXGL Background Thread 2 ] DEBUG FXGLAssetLoaderServi - Loading from file system: file:/C:/Users/Admin/Desktop/Bomberman/target/classes/assets/textures/player_right.png
15:02:59.607 [FXGL Background Thread 2 ] DEBUG FXGLAssetLoaderServi - Loading from file system: file:/C:/Users/Admin/Desktop/Bomberman/target/classes/assets/textures/player_up.png
15:02:59.608 [FXGL Background Thread 2 ] DEBUG FXGLAssetLoaderServi - Loading from file system: file:/C:/Users/Admin/Desktop/Bomberman/target/classes/assets/textures/player_left.png
15:02:59.616 [FXGL Background Thread 2 ] DEBUG FXGLAssetLoaderServi - Loading from file system: file:/C:/Users/Admin/Desktop/Bomberman/target/classes/assets/textures/brick.png
15:02:59.617 [FXGL Background Thread 2 ] DEBUG FXGLAssetLoaderServi - Loading from file system: file:/C:/Users/Admin/Desktop/Bomberman/target/classes/assets/textures/brick_break.png
15:02:59.623 [FXGL Background Thread 2 ] DEBUG FXGLAssetLoaderServi - Loading from file system: file:/C:/Users/Admin/Desktop/Bomberman/target/classes/assets/textures/enemy1.png
15:02:59.633 [FXGL Background Thread 2 ] DEBUG FXGLAssetLoaderServi - Loading from file system: file:/C:/Users/Admin/Desktop/Bomberman/target/classes/assets/textures/enemy2.png
15:02:59.665 [FXGL Background Thread 2 ] DEBUG FXGLAssetLoaderServi - Loading from file system: file:/C:/Users/Admin/Desktop/Bomberman/target/classes/assets/textures/portal.png
15:02:59.693 [FXGL Background Thread 2 ] DEBUG FXGLAssetLoaderServi - Loading from file system: file:/C:/Users/Admin/Desktop/Bomberman/target/classes/assets/textures/powerup_flames.png
15:02:59.738 [FXGL Background Thread 2 ] DEBUG FXGLAssetLoaderServi - Loading from file system: file:/C:/Users/Admin/Desktop/Bomberman/target/classes/assets/textures/enemy4.png
15:02:59.748 [FXGL Background Thread 2 ] DEBUG FXGLAssetLoaderServi - Loading from file system: file:/C:/Users/Admin/Desktop/Bomberman/target/classes/assets/textures/enemy3.png
15:02:59.786 [FXGL Background Thread 2 ] INFO  FXGLApplication      - Game initialization took: 0.265 sec
15:02:59.788 [JavaFX Application Thread] DEBUG Input                - Clearing active input actions
15:02:59.807 [JavaFX Application Thread] DEBUG GameApplicationServi - Removing overlay from FXGLLoadingScene and adding to GameScene
15:02:59.807 [JavaFX Application Thread] DEBUG PrimaryStageWindow   - FXGLLoadingScene -> GameScene
15:02:59.813 [JavaFX Application Thread] DEBUG FXGLAssetLoaderServi - Loading from file system: file:/C:/Users/Admin/Desktop/Bomberman/target/classes/assets/sounds/stage_start.wav
15:02:59.827 [JavaFX Application Thread] DEBUG PrimaryStageWindow   - Push state: StageStartScene
15:02:59.827 [JavaFX Application Thread] DEBUG Input                - Clearing active input actions
15:02:59.827 [JavaFX Application Thread] DEBUG GameApplicationServi - Removing overlay from GameScene and adding to StageStartScene
15:02:59.827 [JavaFX Application Thread] DEBUG PrimaryStageWindow   - GameScene -> StageStartScene
15:03:01.095 [FXGL Background Thread 3 ] DEBUG Engine               - Logging environment variables
15:03:01.095 [FXGL Background Thread 3 ] DEBUG Engine               - achievements: []
15:03:01.095 [FXGL Background Thread 3 ] DEBUG Engine               - actualHeight: 720.0
15:03:01.096 [FXGL Background Thread 3 ] DEBUG Engine               - actualHeightProperty: ReadOnlyDoubleProperty [value: 720.0]
15:03:01.096 [FXGL Background Thread 3 ] DEBUG Engine               - actualWidth: 1280.0
15:03:01.096 [FXGL Background Thread 3 ] DEBUG Engine               - actualWidthProperty: ReadOnlyDoubleProperty [value: 1280.0]
15:03:01.096 [FXGL Background Thread 3 ] DEBUG Engine               - appIcon: fxgl_icon.png
15:03:01.096 [FXGL Background Thread 3 ] DEBUG Engine               - applicationMode: DEVELOPER
15:03:01.096 [FXGL Background Thread 3 ] DEBUG Engine               - cSSList: [fxgl_dark.css]
15:03:01.096 [FXGL Background Thread 3 ] DEBUG Engine               - collisionDetectionStrategy: BRUTE_FORCE
15:03:01.096 [FXGL Background Thread 3 ] DEBUG Engine               - configClass: Optional.empty
15:03:01.096 [FXGL Background Thread 3 ] DEBUG Engine               - credits: []
15:03:01.096 [FXGL Background Thread 3 ] DEBUG Engine               - defaultCursor: CursorInfo(imageName=fxgl_default_cursor.png, hotspotX=7.0, hotspotY=6.0)
15:03:01.096 [FXGL Background Thread 3 ] DEBUG Engine               - devBBoxColorProperty: ObjectProperty [value: 0xff0000ff]
15:03:01.096 [FXGL Background Thread 3 ] DEBUG Engine               - devEnableDebugCameraProperty: BooleanProperty [value: false]
15:03:01.096 [FXGL Background Thread 3 ] DEBUG Engine               - devSensorColorProperty: ObjectProperty [value: 0xffff00ff]
15:03:01.096 [FXGL Background Thread 3 ] DEBUG Engine               - devShowBBoxProperty: BooleanProperty [value: false]
15:03:01.096 [FXGL Background Thread 3 ] DEBUG Engine               - devShowPositionProperty: BooleanProperty [value: false]
15:03:01.096 [FXGL Background Thread 3 ] DEBUG Engine               - enabledMenuItems: []
15:03:01.096 [FXGL Background Thread 3 ] DEBUG Engine               - engineServices: [class com.almasb.fxgl.app.services.FXGLAssetLoaderService, class com.almasb.fxgl.app.FXGLApplication$GameApplicationService, class com.almasb.fxgl.app.services.FXGLDialogService, class com.almasb.fxgl.app.services.IOTaskExecutorService, class com.almasb.fxgl.io.FileSystemService, class com.almasb.fxgl.localization.LocalizationService, class com.almasb.fxgl.app.services.SystemBundleService, class com.almasb.fxgl.profile.SaveLoadService, class com.almasb.fxgl.ui.FXGLUIFactoryServiceProvider, class com.almasb.fxgl.ui.FXGLDialogFactoryServiceProvider, class com.almasb.fxgl.audio.AudioPlayer, class com.almasb.fxgl.notification.impl.NotificationServiceProvider, class com.almasb.fxgl.achievement.AchievementService, class com.almasb.fxgl.cutscene.CutsceneService, class com.almasb.fxgl.minigames.MiniGameService, class com.almasb.fxgl.net.NetService, class com.almasb.fxgl.app.services.UpdaterService, class com.almasb.fxgl.dev.DevService]
15:03:01.096 [FXGL Background Thread 3 ] DEBUG Engine               - fontGame: Abel-Regular.ttf
15:03:01.096 [FXGL Background Thread 3 ] DEBUG Engine               - fontMono: lucida_console.ttf
15:03:01.096 [FXGL Background Thread 3 ] DEBUG Engine               - fontText: Courier-Prime.ttf
15:03:01.096 [FXGL Background Thread 3 ] DEBUG Engine               - fontUI: game_font.ttf
15:03:01.097 [FXGL Background Thread 3 ] DEBUG Engine               - fullScreen: BooleanProperty [value: false]
15:03:01.097 [FXGL Background Thread 3 ] DEBUG Engine               - gameDifficulty: MEDIUM
15:03:01.097 [FXGL Background Thread 3 ] DEBUG Engine               - gameDifficultyProperty: ObjectProperty [value: MEDIUM]
15:03:01.097 [FXGL Background Thread 3 ] DEBUG Engine               - globalMusicVolume: 0.5
15:03:01.097 [FXGL Background Thread 3 ] DEBUG Engine               - globalMusicVolumeProperty: DoubleProperty [value: 0.0]
15:03:01.097 [FXGL Background Thread 3 ] DEBUG Engine               - globalSoundVolume: 0.5
15:03:01.097 [FXGL Background Thread 3 ] DEBUG Engine               - globalSoundVolumeProperty: DoubleProperty [value: 0.5]
15:03:01.097 [FXGL Background Thread 3 ] DEBUG Engine               - height: 720
15:03:01.097 [FXGL Background Thread 3 ] DEBUG Engine               - is3D: false
15:03:01.097 [FXGL Background Thread 3 ] DEBUG Engine               - isAndroid: false
15:03:01.097 [FXGL Background Thread 3 ] DEBUG Engine               - isBrowser: false
15:03:01.097 [FXGL Background Thread 3 ] DEBUG Engine               - isClickFeedbackEnabled: false
15:03:01.097 [FXGL Background Thread 3 ] DEBUG Engine               - isCloseConfirmation: false
15:03:01.097 [FXGL Background Thread 3 ] DEBUG Engine               - isDesktop: true
15:03:01.097 [FXGL Background Thread 3 ] DEBUG Engine               - isDeveloperMenuEnabled: false
15:03:01.097 [FXGL Background Thread 3 ] DEBUG Engine               - isEntityPreloadEnabled: true
15:03:01.097 [FXGL Background Thread 3 ] DEBUG Engine               - isExperimentalTiledLargeMap: false
15:03:01.097 [FXGL Background Thread 3 ] DEBUG Engine               - isFileSystemWriteAllowed: true
15:03:01.097 [FXGL Background Thread 3 ] DEBUG Engine               - isFullScreenAllowed: true
15:03:01.097 [FXGL Background Thread 3 ] DEBUG Engine               - isFullScreenFromStart: false
15:03:01.097 [FXGL Background Thread 3 ] DEBUG Engine               - isGameMenuEnabled: true
15:03:01.097 [FXGL Background Thread 3 ] DEBUG Engine               - isIOS: false
15:03:01.097 [FXGL Background Thread 3 ] DEBUG Engine               - isIntroEnabled: false
15:03:01.097 [FXGL Background Thread 3 ] DEBUG Engine               - isLinux: false
15:03:01.097 [FXGL Background Thread 3 ] DEBUG Engine               - isMac: false
15:03:01.097 [FXGL Background Thread 3 ] DEBUG Engine               - isMainMenuEnabled: true
15:03:01.097 [FXGL Background Thread 3 ] DEBUG Engine               - isManualResizeEnabled: false
15:03:01.097 [FXGL Background Thread 3 ] DEBUG Engine               - isMobile: false
15:03:01.097 [FXGL Background Thread 3 ] DEBUG Engine               - isNative: false
15:03:01.097 [FXGL Background Thread 3 ] DEBUG Engine               - isPauseMusicWhenMinimized: true
15:03:01.097 [FXGL Background Thread 3 ] DEBUG Engine               - isPreserveResizeRatio: false
15:03:01.097 [FXGL Background Thread 3 ] DEBUG Engine               - isProfilingEnabled: false
15:03:01.097 [FXGL Background Thread 3 ] DEBUG Engine               - isScaleAffectedOnResize: true
15:03:01.097 [FXGL Background Thread 3 ] DEBUG Engine               - isSingleStep: false
15:03:01.097 [FXGL Background Thread 3 ] DEBUG Engine               - isUserProfileEnabled: false
15:03:01.097 [FXGL Background Thread 3 ] DEBUG Engine               - isWindows: true
15:03:01.098 [FXGL Background Thread 3 ] DEBUG Engine               - language: ObjectProperty [value: ENGLISH]
15:03:01.098 [FXGL Background Thread 3 ] DEBUG Engine               - menuKey: ESCAPE
15:03:01.098 [FXGL Background Thread 3 ] DEBUG Engine               - mouseSensitivity: 0.2
15:03:01.098 [FXGL Background Thread 3 ] DEBUG Engine               - notificationViewClass: class com.almasb.fxgl.notification.view.XboxNotificationView
15:03:01.098 [FXGL Background Thread 3 ] DEBUG Engine               - pixelsPerMeter: 50.0
15:03:01.098 [FXGL Background Thread 3 ] DEBUG Engine               - platform: WINDOWS
15:03:01.098 [FXGL Background Thread 3 ] DEBUG Engine               - prefHeightProperty: ReadOnlyDoubleProperty [value: 720.0]
15:03:01.098 [FXGL Background Thread 3 ] DEBUG Engine               - prefWidthProperty: ReadOnlyDoubleProperty [value: 1280.0]
15:03:01.098 [FXGL Background Thread 3 ] DEBUG Engine               - profileDir: profiles/
15:03:01.098 [FXGL Background Thread 3 ] DEBUG Engine               - profileName: StringProperty [value: DEFAULT]
15:03:01.098 [FXGL Background Thread 3 ] DEBUG Engine               - randomSeed: -1
15:03:01.098 [FXGL Background Thread 3 ] DEBUG Engine               - runtimeInfo: RuntimeInfo(platform=WINDOWS, version=11.17, build=16.07.2021 15.46)
15:03:01.098 [FXGL Background Thread 3 ] DEBUG Engine               - saveFileExt: sav
15:03:01.098 [FXGL Background Thread 3 ] DEBUG Engine               - scaledHeightProp$fxgl: DoubleProperty [bound, value: 720.0]
15:03:01.098 [FXGL Background Thread 3 ] DEBUG Engine               - scaledWidthProp$fxgl: DoubleProperty [bound, value: 1280.0]
15:03:01.098 [FXGL Background Thread 3 ] DEBUG Engine               - sceneFactory: Bomberman.BombermanGame$1@78415a0f
15:03:01.098 [FXGL Background Thread 3 ] DEBUG Engine               - secondsIn24h: 60
15:03:01.098 [FXGL Background Thread 3 ] DEBUG Engine               - soundMenuBack: menu/back.wav
15:03:01.098 [FXGL Background Thread 3 ] DEBUG Engine               - soundMenuPress: menu/press.wav
15:03:01.098 [FXGL Background Thread 3 ] DEBUG Engine               - soundMenuSelect: menu/select.wav
15:03:01.098 [FXGL Background Thread 3 ] DEBUG Engine               - soundNotification: core/notification.wav
15:03:01.098 [FXGL Background Thread 3 ] DEBUG Engine               - stageStyle: DECORATED
15:03:01.098 [FXGL Background Thread 3 ] DEBUG Engine               - supportedLanguages: [ENGLISH, FRENCH, GERMAN, HUNGARIAN, RUSSIAN]
15:03:01.098 [FXGL Background Thread 3 ] DEBUG Engine               - ticksPerSecond: -1
15:03:01.098 [FXGL Background Thread 3 ] DEBUG Engine               - title: BOMBER
 MAN
15:03:01.098 [FXGL Background Thread 3 ] DEBUG Engine               - urlGithub: https://github.com/AlmasB/FXGL
15:03:01.098 [FXGL Background Thread 3 ] DEBUG Engine               - urlLeaderboard: http://fxgl-top.herokuapp.com/
15:03:01.098 [FXGL Background Thread 3 ] DEBUG Engine               - urlPOM: https://raw.githubusercontent.com/AlmasB/FXGL/release/README.md
15:03:01.098 [FXGL Background Thread 3 ] DEBUG Engine               - userAppClass: class Bomberman.BombermanGame
15:03:01.098 [FXGL Background Thread 3 ] DEBUG Engine               - version: 1.0
15:03:01.098 [FXGL Background Thread 3 ] DEBUG Engine               - versionCheckDays: 7
15:03:01.098 [FXGL Background Thread 3 ] DEBUG Engine               - width: 1280
15:03:01.098 [FXGL Background Thread 3 ] DEBUG Engine               - Logging services
15:03:01.098 [FXGL Background Thread 3 ] DEBUG Engine               - class com.almasb.fxgl.app.services.FXGLAssetLoaderService
15:03:01.099 [FXGL Background Thread 3 ] DEBUG Engine               - class com.almasb.fxgl.app.FXGLApplication$GameApplicationService
15:03:01.099 [FXGL Background Thread 3 ] DEBUG Engine               - class com.almasb.fxgl.app.services.FXGLDialogService
15:03:01.099 [FXGL Background Thread 3 ] DEBUG Engine               - class com.almasb.fxgl.app.services.IOTaskExecutorService
15:03:01.099 [FXGL Background Thread 3 ] DEBUG Engine               - class com.almasb.fxgl.io.FileSystemService
15:03:01.099 [FXGL Background Thread 3 ] DEBUG Engine               - class com.almasb.fxgl.localization.LocalizationService
15:03:01.099 [FXGL Background Thread 3 ] DEBUG Engine               - class com.almasb.fxgl.app.services.SystemBundleService
15:03:01.099 [FXGL Background Thread 3 ] DEBUG Engine               - class com.almasb.fxgl.profile.SaveLoadService
15:03:01.099 [FXGL Background Thread 3 ] DEBUG Engine               - class com.almasb.fxgl.ui.FXGLUIFactoryServiceProvider
15:03:01.099 [FXGL Background Thread 3 ] DEBUG Engine               - class com.almasb.fxgl.ui.FXGLDialogFactoryServiceProvider
15:03:01.099 [FXGL Background Thread 3 ] DEBUG Engine               - class com.almasb.fxgl.audio.AudioPlayer
15:03:01.099 [FXGL Background Thread 3 ] DEBUG Engine               - class com.almasb.fxgl.notification.impl.NotificationServiceProvider
15:03:01.099 [FXGL Background Thread 3 ] DEBUG Engine               - class com.almasb.fxgl.achievement.AchievementService
15:03:01.099 [FXGL Background Thread 3 ] DEBUG Engine               - class com.almasb.fxgl.cutscene.CutsceneService
15:03:01.099 [FXGL Background Thread 3 ] DEBUG Engine               - class com.almasb.fxgl.minigames.MiniGameService
15:03:01.099 [FXGL Background Thread 3 ] DEBUG Engine               - class com.almasb.fxgl.net.NetService
15:03:01.099 [FXGL Background Thread 3 ] DEBUG Engine               - class com.almasb.fxgl.app.services.UpdaterService
15:03:01.099 [FXGL Background Thread 3 ] DEBUG Engine               - class com.almasb.fxgl.dev.DevService
15:03:03.498 [JavaFX Application Thread] DEBUG PrimaryStageWindow   - Pop state: StageStartScene
15:03:03.498 [JavaFX Application Thread] DEBUG Input                - Clearing active input actions
15:03:03.499 [JavaFX Application Thread] DEBUG GameApplicationServi - Removing overlay from StageStartScene and adding to GameScene
15:03:03.499 [JavaFX Application Thread] DEBUG PrimaryStageWindow   - GameScene <- StageStartScene
15:03:08.946 [JavaFX Application Thread] DEBUG FXGLAssetLoaderServi - Loading from file system: file:/C:/Users/Admin/Desktop/Bomberman/target/classes/assets/sounds/place_bomb.wav
15:03:08.951 [JavaFX Application Thread] DEBUG FXGLAssetLoaderServi - Loading from file system: file:/C:/Users/Admin/Desktop/Bomberman/target/classes/assets/textures/bomb.png
15:03:10.937 [JavaFX Application Thread] DEBUG FXGLAssetLoaderServi - Loading from file system: file:/C:/Users/Admin/Desktop/Bomberman/target/classes/assets/sounds/explosion.wav
15:03:10.943 [JavaFX Application Thread] DEBUG FXGLAssetLoaderServi - Loading from file system: file:/C:/Users/Admin/Desktop/Bomberman/target/classes/assets/textures/central_flame.png
15:03:10.944 [JavaFX Application Thread] DEBUG FXGLAssetLoaderServi - Loading from file system: file:/C:/Users/Admin/Desktop/Bomberman/target/classes/assets/textures/top_up_flame.png
15:03:10.945 [JavaFX Application Thread] DEBUG FXGLAssetLoaderServi - Loading from file system: file:/C:/Users/Admin/Desktop/Bomberman/target/classes/assets/textures/top_down_flame.png
15:03:10.946 [JavaFX Application Thread] DEBUG FXGLAssetLoaderServi - Loading from file system: file:/C:/Users/Admin/Desktop/Bomberman/target/classes/assets/textures/top_right_flame.png
15:03:10.947 [JavaFX Application Thread] DEBUG FXGLAssetLoaderServi - Loading from file system: file:/C:/Users/Admin/Desktop/Bomberman/target/classes/assets/textures/top_left_flame.png
15:03:23.131 [JavaFX Application Thread] DEBUG FXGLAssetLoaderServi - Loading from file system: file:/C:/Users/Admin/Desktop/Bomberman/target/classes/assets/sounds/powerup.wav
15:03:30.588 [JavaFX Application Thread] DEBUG FXGLAssetLoaderServi - Loading from file system: file:/C:/Users/Admin/Desktop/Bomberman/target/classes/assets/textures/right_flame.png
15:03:30.590 [JavaFX Application Thread] DEBUG FXGLAssetLoaderServi - Loading from file system: file:/C:/Users/Admin/Desktop/Bomberman/target/classes/assets/textures/left_flame.png
15:03:30.592 [JavaFX Application Thread] DEBUG FXGLAssetLoaderServi - Loading from file system: file:/C:/Users/Admin/Desktop/Bomberman/target/classes/assets/textures/down_flame.png
15:03:30.593 [JavaFX Application Thread] DEBUG FXGLAssetLoaderServi - Loading from file system: file:/C:/Users/Admin/Desktop/Bomberman/target/classes/assets/textures/up_flame.png
15:03:39.147 [JavaFX Application Thread] DEBUG FXGLAssetLoaderServi - Loading from file system: file:/C:/Users/Admin/Desktop/Bomberman/target/classes/assets/sounds/player_die.wav
15:03:55.504 [JavaFX Application Thread] DEBUG PrimaryStageWindow   - Push state: GameMenu
15:03:55.505 [JavaFX Application Thread] DEBUG Input                - Clearing active input actions
15:03:55.506 [JavaFX Application Thread] DEBUG GameApplicationServi - Removing overlay from GameScene and adding to GameMenu
15:03:55.506 [JavaFX Application Thread] DEBUG PrimaryStageWindow   - GameScene -> GameMenu
15:03:57.903 [JavaFX Application Thread] DEBUG Menu                 - fireExit()
15:03:57.907 [JavaFX Application Thread] DEBUG PrimaryStageWindow   - Push state: DialogSubScene
15:03:57.907 [JavaFX Application Thread] DEBUG Input                - Clearing active input actions
15:03:57.908 [JavaFX Application Thread] DEBUG GameApplicationServi - Removing overlay from GameMenu and adding to DialogSubScene
15:03:57.908 [JavaFX Application Thread] DEBUG PrimaryStageWindow   - GameMenu -> DialogSubScene
15:03:58.791 [JavaFX Application Thread] DEBUG PrimaryStageWindow   - Pop state: DialogSubScene
15:03:58.792 [JavaFX Application Thread] DEBUG Input                - Clearing active input actions
15:03:58.792 [JavaFX Application Thread] DEBUG GameApplicationServi - Removing overlay from DialogSubScene and adding to GameMenu
15:03:58.792 [JavaFX Application Thread] DEBUG PrimaryStageWindow   - GameMenu <- DialogSubScene
15:03:58.792 [JavaFX Application Thread] DEBUG FXGLApplication      - Exiting FXGL
15:03:58.792 [JavaFX Application Thread] DEBUG LoopRunner           - Stopping loop
15:03:58.792 [JavaFX Application Thread] DEBUG SystemBundleService  - Saving FXGL system data
15:03:58.794 [JavaFX Application Thread] DEBUG FileSystemAccess     - Writing to: C:\Users\Admin\Desktop\Bomberman\system\fxgl.bundle
15:03:58.796 [JavaFX Application Thread] DEBUG Async                - Shutting down background threads
15:03:58.796 [JavaFX Application Thread] DEBUG PrimaryStageWindow   - Closing main window
15:03:58.810 [JavaFX Application Thread] DEBUG Logger               - Closing Logger
