09:30:51.222 [main                     ] DEBUG Logger               - Configured Logger
09:30:51.254 [main                     ] DEBUG GameApplication      - Logging settings
Title: BOMBER
 MAN
Version: 1.0
Width: 1280
Height: 720
Fullscreen: true
Intro: false
Profiling: false
Single step:false
App Mode: DEVELOPER
Menu Key: ESCAPE
Stage Style: DECORATED
Scene Factory: class Bomberman.BombermanGame$1

09:30:52.006 [JavaFX Application Thread] DEBUG FXGLApplication      - Initializing FXGL
09:30:52.009 [JavaFX Application Thread] INFO  Engine               - FXGL-11.17 (16.07.2021 15.46) on WINDOWS (J:11.0.16.1 FX:16)
09:30:52.010 [JavaFX Application Thread] DEBUG Engine               - JRE Vendor Name: Oracle Corporation
09:30:52.010 [JavaFX Application Thread] DEBUG Engine               - Running on OS: Windows 11 version 10.0
09:30:52.011 [JavaFX Application Thread] DEBUG Engine               - Architecture: amd64
09:30:52.011 [JavaFX Application Thread] INFO  Engine               - Source code and latest versions at: https://github.com/AlmasB/FXGL
09:30:52.012 [JavaFX Application Thread] INFO  Engine               -              Join the FXGL chat at: https://gitter.im/AlmasB/FXGL
09:30:52.240 [JavaFX Application Thread] DEBUG PrimaryStageWindow   - Creating a JavaFX scene
09:30:52.357 [JavaFX Application Thread] DEBUG PrimaryStageWindow   - Target settings size: 1280.0 x 720.0
09:30:52.357 [JavaFX Application Thread] DEBUG PrimaryStageWindow   - Scaled scene size:    1280.0 x 720.0
09:30:52.358 [JavaFX Application Thread] DEBUG PrimaryStageWindow   - Scaled ratio: (1.0, 1.0)
09:30:52.359 [JavaFX Application Thread] DEBUG PrimaryStageWindow   - Set initial scene to FXGLStartupScene
09:30:52.377 [JavaFX Application Thread] DEBUG PrimaryStageWindow   - Opening main window
09:30:52.537 [JavaFX Application Thread] DEBUG PrimaryStageWindow   - Window border size: (13.0, 35.5)
09:30:52.537 [JavaFX Application Thread] DEBUG PrimaryStageWindow   - Scaled size: 1280.0 x 720.0
09:30:52.537 [JavaFX Application Thread] DEBUG PrimaryStageWindow   - Scaled ratio: (1.0, 1.0)
09:30:52.538 [JavaFX Application Thread] DEBUG PrimaryStageWindow   - Scene size: 1280.0 x 720.0
09:30:52.539 [JavaFX Application Thread] DEBUG PrimaryStageWindow   - Stage size: 1293.0 x 755.5
09:30:52.553 [FXGL Background Thread 1 ] DEBUG Engine               - Initializing environment variables
09:30:52.655 [FXGL Background Thread 1 ] DEBUG FXGLAssetLoaderServi - User app class for loading assets: class Bomberman.BombermanGame
09:30:52.656 [FXGL Background Thread 1 ] DEBUG GameApplicationServi - Applying CSS: fxgl_dark.css
09:30:52.657 [FXGL Background Thread 1 ] DEBUG FXGLAssetLoaderServi - Loading from file system: jar:file:/C:/Users/Admin/.m2/repository/com/github/almasb/fxgl/11.17/fxgl-11.17.jar!/fxglassets/ui/css/fxgl_dark.css
09:30:52.731 [FXGL Background Thread 1 ] DEBUG GameApplicationServi - Initializing application scenes
09:30:52.792 [FXGL Background Thread 1 ] DEBUG GameWorld            - Game world initialized
09:30:52.880 [FXGL Background Thread 1 ] DEBUG PhysicsWorld         - Physics world initialized: appHeight=720, physics.ppm=50.0
09:30:52.881 [FXGL Background Thread 1 ] DEBUG PhysicsWorld         - Using strategy: BRUTE_FORCE
09:30:52.886 [FXGL Background Thread 1 ] DEBUG GameScene            - Game scene initialized: 1280x720
09:30:53.102 [FXGL Background Thread 1 ] DEBUG GameApplicationServi - Application scenes initialized
09:30:53.126 [FXGL Background Thread 1 ] DEBUG SystemBundleService  - Loading FXGL system data
09:30:53.156 [FXGL Background Thread 1 ] DEBUG FileSystemAccess     - Reading from: C:\Users\Admin\Desktop\Github\Bomberman\system\fxgl.bundle
09:30:53.169 [FXGL Background Thread 1 ] DEBUG SystemBundleService  - Bundle FXGL: {}
09:30:53.169 [FXGL Background Thread 1 ] DEBUG UpdaterService       - Checking for updates
09:30:53.180 [FXGL Background Thread 4 ] DEBUG FXGLApplication      - Loading fonts
09:30:53.181 [FXGL Background Thread 1 ] DEBUG FXGLApplication      - Loading default localization
09:30:53.182 [FXGL Background Thread 4 ] DEBUG FXGLAssetLoaderServi - Loading from file system: file:/C:/Users/Admin/Desktop/Github/Bomberman/target/classes/assets/ui/fonts/game_font.ttf
09:30:53.182 [FXGL Background Thread 1 ] DEBUG FXGLAssetLoaderServi - Loading from file system: jar:file:/C:/Users/Admin/.m2/repository/com/github/almasb/fxgl/11.17/fxgl-11.17.jar!/fxglassets/languages/english.lang
09:30:53.212 [FXGL Background Thread 1 ] INFO  FXGLApplication      - FXGL initialization took: 0.659 sec
09:30:53.238 [JavaFX Application Thread] DEBUG Input                - Registered new binding: Move Left - A
09:30:53.239 [JavaFX Application Thread] DEBUG Input                - Registered new binding: Move Right - D
09:30:53.239 [JavaFX Application Thread] DEBUG Input                - Registered new binding: Move Up - W
09:30:53.240 [JavaFX Application Thread] DEBUG Input                - Registered new binding: Move Down - S
09:30:53.240 [JavaFX Application Thread] DEBUG Input                - Registered new binding: Place Bomb - Space
09:30:53.240 [JavaFX Application Thread] DEBUG Input                - Registered new binding: Switch to classic bomb - 1
09:30:53.240 [JavaFX Application Thread] DEBUG Input                - Registered new binding: Switch to lazer bomb - 2
09:30:53.241 [JavaFX Application Thread] DEBUG Input                - Registered new binding: Switch to light bomb - 3
09:30:53.241 [JavaFX Application Thread] DEBUG Input                - Registered new binding: Exit game - Esc
09:30:53.241 [JavaFX Application Thread] DEBUG Input                - Registered new binding: Next level - P
09:30:53.242 [JavaFX Application Thread] DEBUG Input                - Registered new binding: Developer Mode - O
09:30:53.245 [JavaFX Application Thread] DEBUG FXGLAssetLoaderServi - Loading from file system: file:/C:/Users/Admin/Desktop/Github/Bomberman/target/classes/assets/music/stage_theme.mp3
09:30:53.515 [JavaFX Application Thread] DEBUG AudioPlayer          - Playing music com.almasb.fxgl.audio.Music@203dee04
09:30:53.517 [JavaFX Application Thread] DEBUG FXGLAssetLoaderServi - Loading from file system: jar:file:/C:/Users/Admin/.m2/repository/com/github/almasb/fxgl/11.17/fxgl-11.17.jar!/fxglassets/textures/fxgl_icon.png
09:30:53.581 [JavaFX Application Thread] DEBUG FXGLAssetLoaderServi - Loading from file system: jar:file:/C:/Users/Admin/.m2/repository/com/github/almasb/fxgl/11.17/fxgl-11.17.jar!/fxglassets/textures/fxgl_default_cursor.png
09:30:53.588 [JavaFX Application Thread] DEBUG Input                - Registered new binding: Screenshot - CTRL+8
09:30:53.589 [JavaFX Application Thread] DEBUG Input                - Registered new binding: System info dump - CTRL+9
09:30:53.590 [JavaFX Application Thread] DEBUG Input                - Registered new binding: Restart - CTRL+R
09:30:53.592 [JavaFX Application Thread] DEBUG Input                - Registered new binding: Toggle Debug Camera - CTRL+C
09:30:53.597 [JavaFX Application Thread] DEBUG LoopRunner           - Starting loop
09:30:53.598 [JavaFX Application Thread] DEBUG LoopRunner           - Initializing JavaFX AnimationTimerLoop
09:30:53.605 [JavaFX Application Thread] DEBUG Input                - Clearing active input actions
09:30:53.629 [JavaFX Application Thread] DEBUG GameApplicationServi - Removing overlay from FXGLStartupScene and adding to FXGLMainMenuDummyScene
09:30:53.630 [JavaFX Application Thread] DEBUG PrimaryStageWindow   - FXGLStartupScene -> FXGLMainMenuDummyScene
09:30:53.630 [JavaFX Application Thread] DEBUG PrimaryStageWindow   - Push state: MainMenu
09:30:53.631 [JavaFX Application Thread] DEBUG Input                - Clearing active input actions
09:30:53.642 [JavaFX Application Thread] DEBUG GameApplicationServi - Removing overlay from FXGLMainMenuDummyScene and adding to MainMenu
09:30:53.643 [JavaFX Application Thread] DEBUG PrimaryStageWindow   - FXGLMainMenuDummyScene -> MainMenu
09:30:53.739 [FXGL Background Thread 4 ] DEBUG FXGLAssetLoaderServi - Loading from file system: jar:file:/C:/Users/Admin/.m2/repository/com/github/almasb/fxgl/11.17/fxgl-11.17.jar!/fxglassets/ui/fonts/Abel-Regular.ttf
09:30:53.749 [FXGL Background Thread 4 ] DEBUG FXGLAssetLoaderServi - Loading from file system: jar:file:/C:/Users/Admin/.m2/repository/com/github/almasb/fxgl/11.17/fxgl-11.17.jar!/fxglassets/ui/fonts/lucida_console.ttf
09:30:53.762 [FXGL Background Thread 4 ] DEBUG FXGLAssetLoaderServi - Loading from file system: jar:file:/C:/Users/Admin/.m2/repository/com/github/almasb/fxgl/11.17/fxgl-11.17.jar!/fxglassets/ui/fonts/Courier-Prime.ttf
09:30:53.775 [JavaFX Application Thread] DEBUG FXGLApplication      - Registering font factories with UI factory
09:30:54.153 [FXGL Background Thread 2 ] WARN  UpdaterService       - Failed to find updates: javax.net.ssl.SSLHandshakeException: No subject alternative DNS name matching raw.githubusercontent.com found.
09:30:56.178 [FXGL Background Thread 3 ] DEBUG Engine               - Logging environment variables
09:30:56.178 [FXGL Background Thread 3 ] DEBUG Engine               - achievements: []
09:30:56.178 [FXGL Background Thread 3 ] DEBUG Engine               - actualHeight: 720.0
09:30:56.179 [FXGL Background Thread 3 ] DEBUG Engine               - actualHeightProperty: ReadOnlyDoubleProperty [value: 720.0]
09:30:56.179 [FXGL Background Thread 3 ] DEBUG Engine               - actualWidth: 1280.0
09:30:56.180 [FXGL Background Thread 3 ] DEBUG Engine               - actualWidthProperty: ReadOnlyDoubleProperty [value: 1280.0]
09:30:56.180 [FXGL Background Thread 3 ] DEBUG Engine               - appIcon: fxgl_icon.png
09:30:56.180 [FXGL Background Thread 3 ] DEBUG Engine               - applicationMode: DEVELOPER
09:30:56.181 [FXGL Background Thread 3 ] DEBUG Engine               - cSSList: [fxgl_dark.css]
09:30:56.181 [FXGL Background Thread 3 ] DEBUG Engine               - collisionDetectionStrategy: BRUTE_FORCE
09:30:56.181 [FXGL Background Thread 3 ] DEBUG Engine               - configClass: Optional.empty
09:30:56.181 [FXGL Background Thread 3 ] DEBUG Engine               - credits: []
09:30:56.181 [FXGL Background Thread 3 ] DEBUG Engine               - defaultCursor: CursorInfo(imageName=fxgl_default_cursor.png, hotspotX=7.0, hotspotY=6.0)
09:30:56.182 [FXGL Background Thread 3 ] DEBUG Engine               - devBBoxColorProperty: ObjectProperty [value: 0xff0000ff]
09:30:56.182 [FXGL Background Thread 3 ] DEBUG Engine               - devEnableDebugCameraProperty: BooleanProperty [value: false]
09:30:56.182 [FXGL Background Thread 3 ] DEBUG Engine               - devSensorColorProperty: ObjectProperty [value: 0xffff00ff]
09:30:56.182 [FXGL Background Thread 3 ] DEBUG Engine               - devShowBBoxProperty: BooleanProperty [value: false]
09:30:56.183 [FXGL Background Thread 3 ] DEBUG Engine               - devShowPositionProperty: BooleanProperty [value: false]
09:30:56.183 [FXGL Background Thread 3 ] DEBUG Engine               - enabledMenuItems: []
09:30:56.183 [FXGL Background Thread 3 ] DEBUG Engine               - engineServices: [class com.almasb.fxgl.app.services.FXGLAssetLoaderService, class com.almasb.fxgl.app.FXGLApplication$GameApplicationService, class com.almasb.fxgl.app.services.FXGLDialogService, class com.almasb.fxgl.app.services.IOTaskExecutorService, class com.almasb.fxgl.io.FileSystemService, class com.almasb.fxgl.localization.LocalizationService, class com.almasb.fxgl.app.services.SystemBundleService, class com.almasb.fxgl.profile.SaveLoadService, class com.almasb.fxgl.ui.FXGLUIFactoryServiceProvider, class com.almasb.fxgl.ui.FXGLDialogFactoryServiceProvider, class com.almasb.fxgl.audio.AudioPlayer, class com.almasb.fxgl.notification.impl.NotificationServiceProvider, class com.almasb.fxgl.achievement.AchievementService, class com.almasb.fxgl.cutscene.CutsceneService, class com.almasb.fxgl.minigames.MiniGameService, class com.almasb.fxgl.net.NetService, class com.almasb.fxgl.app.services.UpdaterService, class com.almasb.fxgl.dev.DevService]
09:30:56.183 [FXGL Background Thread 3 ] DEBUG Engine               - fontGame: Abel-Regular.ttf
09:30:56.183 [FXGL Background Thread 3 ] DEBUG Engine               - fontMono: lucida_console.ttf
09:30:56.183 [FXGL Background Thread 3 ] DEBUG Engine               - fontText: Courier-Prime.ttf
09:30:56.185 [FXGL Background Thread 3 ] DEBUG Engine               - fontUI: game_font.ttf
09:30:56.185 [FXGL Background Thread 3 ] DEBUG Engine               - fullScreen: BooleanProperty [value: false]
09:30:56.185 [FXGL Background Thread 3 ] DEBUG Engine               - gameDifficulty: MEDIUM
09:30:56.185 [FXGL Background Thread 3 ] DEBUG Engine               - gameDifficultyProperty: ObjectProperty [value: MEDIUM]
09:30:56.185 [FXGL Background Thread 3 ] DEBUG Engine               - globalMusicVolume: 0.5
09:30:56.185 [FXGL Background Thread 3 ] DEBUG Engine               - globalMusicVolumeProperty: DoubleProperty [value: 0.5]
09:30:56.185 [FXGL Background Thread 3 ] DEBUG Engine               - globalSoundVolume: 0.5
09:30:56.186 [FXGL Background Thread 3 ] DEBUG Engine               - globalSoundVolumeProperty: DoubleProperty [value: 0.5]
09:30:56.186 [FXGL Background Thread 3 ] DEBUG Engine               - height: 720
09:30:56.186 [FXGL Background Thread 3 ] DEBUG Engine               - is3D: false
09:30:56.186 [FXGL Background Thread 3 ] DEBUG Engine               - isAndroid: false
09:30:56.186 [FXGL Background Thread 3 ] DEBUG Engine               - isBrowser: false
09:30:56.186 [FXGL Background Thread 3 ] DEBUG Engine               - isClickFeedbackEnabled: false
09:30:56.186 [FXGL Background Thread 3 ] DEBUG Engine               - isCloseConfirmation: false
09:30:56.186 [FXGL Background Thread 3 ] DEBUG Engine               - isDesktop: true
09:30:56.187 [FXGL Background Thread 3 ] DEBUG Engine               - isDeveloperMenuEnabled: false
09:30:56.187 [FXGL Background Thread 3 ] DEBUG Engine               - isEntityPreloadEnabled: true
09:30:56.187 [FXGL Background Thread 3 ] DEBUG Engine               - isExperimentalTiledLargeMap: false
09:30:56.187 [FXGL Background Thread 3 ] DEBUG Engine               - isFileSystemWriteAllowed: true
09:30:56.187 [FXGL Background Thread 3 ] DEBUG Engine               - isFullScreenAllowed: true
09:30:56.187 [FXGL Background Thread 3 ] DEBUG Engine               - isFullScreenFromStart: false
09:30:56.187 [FXGL Background Thread 3 ] DEBUG Engine               - isGameMenuEnabled: true
09:30:56.187 [FXGL Background Thread 3 ] DEBUG Engine               - isIOS: false
09:30:56.188 [FXGL Background Thread 3 ] DEBUG Engine               - isIntroEnabled: false
09:30:56.188 [FXGL Background Thread 3 ] DEBUG Engine               - isLinux: false
09:30:56.188 [FXGL Background Thread 3 ] DEBUG Engine               - isMac: false
09:30:56.188 [FXGL Background Thread 3 ] DEBUG Engine               - isMainMenuEnabled: true
09:30:56.189 [FXGL Background Thread 3 ] DEBUG Engine               - isManualResizeEnabled: false
09:30:56.189 [FXGL Background Thread 3 ] DEBUG Engine               - isMobile: false
09:30:56.189 [FXGL Background Thread 3 ] DEBUG Engine               - isNative: false
09:30:56.189 [FXGL Background Thread 3 ] DEBUG Engine               - isPauseMusicWhenMinimized: true
09:30:56.189 [FXGL Background Thread 3 ] DEBUG Engine               - isPreserveResizeRatio: false
09:30:56.190 [FXGL Background Thread 3 ] DEBUG Engine               - isProfilingEnabled: false
09:30:56.190 [FXGL Background Thread 3 ] DEBUG Engine               - isScaleAffectedOnResize: true
09:30:56.190 [FXGL Background Thread 3 ] DEBUG Engine               - isSingleStep: false
09:30:56.191 [FXGL Background Thread 3 ] DEBUG Engine               - isUserProfileEnabled: false
09:30:56.191 [FXGL Background Thread 3 ] DEBUG Engine               - isWindows: true
09:30:56.191 [FXGL Background Thread 3 ] DEBUG Engine               - language: ObjectProperty [value: ENGLISH]
09:30:56.191 [FXGL Background Thread 3 ] DEBUG Engine               - menuKey: ESCAPE
09:30:56.191 [FXGL Background Thread 3 ] DEBUG Engine               - mouseSensitivity: 0.2
09:30:56.192 [FXGL Background Thread 3 ] DEBUG Engine               - notificationViewClass: class com.almasb.fxgl.notification.view.XboxNotificationView
09:30:56.192 [FXGL Background Thread 3 ] DEBUG Engine               - pixelsPerMeter: 50.0
09:30:56.192 [FXGL Background Thread 3 ] DEBUG Engine               - platform: WINDOWS
09:30:56.192 [FXGL Background Thread 3 ] DEBUG Engine               - prefHeightProperty: ReadOnlyDoubleProperty [value: 720.0]
09:30:56.192 [FXGL Background Thread 3 ] DEBUG Engine               - prefWidthProperty: ReadOnlyDoubleProperty [value: 1280.0]
09:30:56.192 [FXGL Background Thread 3 ] DEBUG Engine               - profileDir: profiles/
09:30:56.192 [FXGL Background Thread 3 ] DEBUG Engine               - profileName: StringProperty [value: DEFAULT]
09:30:56.192 [FXGL Background Thread 3 ] DEBUG Engine               - randomSeed: -1
09:30:56.192 [FXGL Background Thread 3 ] DEBUG Engine               - runtimeInfo: RuntimeInfo(platform=WINDOWS, version=11.17, build=16.07.2021 15.46)
09:30:56.192 [FXGL Background Thread 3 ] DEBUG Engine               - saveFileExt: sav
09:30:56.192 [FXGL Background Thread 3 ] DEBUG Engine               - scaledHeightProp$fxgl: DoubleProperty [bound, value: 720.0]
09:30:56.193 [FXGL Background Thread 3 ] DEBUG Engine               - scaledWidthProp$fxgl: DoubleProperty [bound, value: 1280.0]
09:30:56.193 [FXGL Background Thread 3 ] DEBUG Engine               - sceneFactory: Bomberman.BombermanGame$1@5a93d8a5
09:30:56.193 [FXGL Background Thread 3 ] DEBUG Engine               - secondsIn24h: 60
09:30:56.193 [FXGL Background Thread 3 ] DEBUG Engine               - soundMenuBack: menu/back.wav
09:30:56.193 [FXGL Background Thread 3 ] DEBUG Engine               - soundMenuPress: menu/press.wav
09:30:56.193 [FXGL Background Thread 3 ] DEBUG Engine               - soundMenuSelect: menu/select.wav
09:30:56.193 [FXGL Background Thread 3 ] DEBUG Engine               - soundNotification: core/notification.wav
09:30:56.193 [FXGL Background Thread 3 ] DEBUG Engine               - stageStyle: DECORATED
09:30:56.193 [FXGL Background Thread 3 ] DEBUG Engine               - supportedLanguages: [ENGLISH, FRENCH, GERMAN, HUNGARIAN, RUSSIAN]
09:30:56.193 [FXGL Background Thread 3 ] DEBUG Engine               - ticksPerSecond: -1
09:30:56.193 [FXGL Background Thread 3 ] DEBUG Engine               - title: BOMBER
 MAN
09:30:56.193 [FXGL Background Thread 3 ] DEBUG Engine               - urlGithub: https://github.com/AlmasB/FXGL
09:30:56.193 [FXGL Background Thread 3 ] DEBUG Engine               - urlLeaderboard: http://fxgl-top.herokuapp.com/
09:30:56.193 [FXGL Background Thread 3 ] DEBUG Engine               - urlPOM: https://raw.githubusercontent.com/AlmasB/FXGL/release/README.md
09:30:56.194 [FXGL Background Thread 3 ] DEBUG Engine               - userAppClass: class Bomberman.BombermanGame
09:30:56.194 [FXGL Background Thread 3 ] DEBUG Engine               - version: 1.0
09:30:56.194 [FXGL Background Thread 3 ] DEBUG Engine               - versionCheckDays: 7
09:30:56.194 [FXGL Background Thread 3 ] DEBUG Engine               - width: 1280
09:30:56.194 [FXGL Background Thread 3 ] DEBUG Engine               - Logging services
09:30:56.194 [FXGL Background Thread 3 ] DEBUG Engine               - class com.almasb.fxgl.app.services.FXGLAssetLoaderService
09:30:56.194 [FXGL Background Thread 3 ] DEBUG Engine               - class com.almasb.fxgl.app.FXGLApplication$GameApplicationService
09:30:56.194 [FXGL Background Thread 3 ] DEBUG Engine               - class com.almasb.fxgl.app.services.FXGLDialogService
09:30:56.194 [FXGL Background Thread 3 ] DEBUG Engine               - class com.almasb.fxgl.app.services.IOTaskExecutorService
09:30:56.194 [FXGL Background Thread 3 ] DEBUG Engine               - class com.almasb.fxgl.io.FileSystemService
09:30:56.194 [FXGL Background Thread 3 ] DEBUG Engine               - class com.almasb.fxgl.localization.LocalizationService
09:30:56.194 [FXGL Background Thread 3 ] DEBUG Engine               - class com.almasb.fxgl.app.services.SystemBundleService
09:30:56.194 [FXGL Background Thread 3 ] DEBUG Engine               - class com.almasb.fxgl.profile.SaveLoadService
09:30:56.195 [FXGL Background Thread 3 ] DEBUG Engine               - class com.almasb.fxgl.ui.FXGLUIFactoryServiceProvider
09:30:56.195 [FXGL Background Thread 3 ] DEBUG Engine               - class com.almasb.fxgl.ui.FXGLDialogFactoryServiceProvider
09:30:56.195 [FXGL Background Thread 3 ] DEBUG Engine               - class com.almasb.fxgl.audio.AudioPlayer
09:30:56.195 [FXGL Background Thread 3 ] DEBUG Engine               - class com.almasb.fxgl.notification.impl.NotificationServiceProvider
09:30:56.195 [FXGL Background Thread 3 ] DEBUG Engine               - class com.almasb.fxgl.achievement.AchievementService
09:30:56.195 [FXGL Background Thread 3 ] DEBUG Engine               - class com.almasb.fxgl.cutscene.CutsceneService
09:30:56.195 [FXGL Background Thread 3 ] DEBUG Engine               - class com.almasb.fxgl.minigames.MiniGameService
09:30:56.195 [FXGL Background Thread 3 ] DEBUG Engine               - class com.almasb.fxgl.net.NetService
09:30:56.195 [FXGL Background Thread 3 ] DEBUG Engine               - class com.almasb.fxgl.app.services.UpdaterService
09:30:56.195 [FXGL Background Thread 3 ] DEBUG Engine               - class com.almasb.fxgl.dev.DevService
09:30:56.299 [JavaFX Application Thread] DEBUG Menu                 - fireNewGame()
09:30:56.299 [JavaFX Application Thread] DEBUG GameApplicationServi - Starting new game
09:30:56.299 [JavaFX Application Thread] DEBUG PrimaryStageWindow   - Pop state: MainMenu
09:30:56.299 [JavaFX Application Thread] DEBUG Input                - Clearing active input actions
09:30:56.300 [JavaFX Application Thread] DEBUG GameApplicationServi - Removing overlay from MainMenu and adding to FXGLMainMenuDummyScene
09:30:56.301 [JavaFX Application Thread] DEBUG PrimaryStageWindow   - FXGLMainMenuDummyScene <- MainMenu
09:30:56.301 [JavaFX Application Thread] DEBUG Input                - Clearing active input actions
09:30:56.313 [JavaFX Application Thread] DEBUG GameApplicationServi - Removing overlay from FXGLMainMenuDummyScene and adding to FXGLLoadingScene
09:30:56.314 [JavaFX Application Thread] DEBUG PrimaryStageWindow   - FXGLMainMenuDummyScene -> FXGLLoadingScene
09:30:56.314 [JavaFX Application Thread] DEBUG GameApplicationServi - Clearing previous game
09:30:56.314 [JavaFX Application Thread] DEBUG GameScene            - Clearing game scene
09:30:56.314 [JavaFX Application Thread] DEBUG GameWorld            - Clearing game world
09:30:56.314 [JavaFX Application Thread] DEBUG PhysicsWorld         - Clearing physics world
09:30:56.316 [FXGL Background Thread 2 ] DEBUG FXGLApplication      - Initializing game
09:30:56.365 [FXGL Background Thread 2 ] DEBUG FXGLAssetLoaderServi - Loading from file system: file:/C:/Users/Admin/Desktop/Github/Bomberman/target/classes/assets/textures/wall.png
09:30:56.477 [FXGL Background Thread 2 ] DEBUG FXGLAssetLoaderServi - Loading from file system: file:/C:/Users/Admin/Desktop/Github/Bomberman/target/classes/assets/textures/player_die.png
09:30:56.480 [FXGL Background Thread 2 ] DEBUG FXGLAssetLoaderServi - Loading from file system: file:/C:/Users/Admin/Desktop/Github/Bomberman/target/classes/assets/textures/player_down.png
09:30:56.483 [FXGL Background Thread 2 ] DEBUG FXGLAssetLoaderServi - Loading from file system: file:/C:/Users/Admin/Desktop/Github/Bomberman/target/classes/assets/textures/player_right.png
09:30:56.485 [FXGL Background Thread 2 ] DEBUG FXGLAssetLoaderServi - Loading from file system: file:/C:/Users/Admin/Desktop/Github/Bomberman/target/classes/assets/textures/player_up.png
09:30:56.487 [FXGL Background Thread 2 ] DEBUG FXGLAssetLoaderServi - Loading from file system: file:/C:/Users/Admin/Desktop/Github/Bomberman/target/classes/assets/textures/player_left.png
09:30:56.498 [FXGL Background Thread 2 ] DEBUG FXGLAssetLoaderServi - Loading from file system: file:/C:/Users/Admin/Desktop/Github/Bomberman/target/classes/assets/textures/brick.png
09:30:56.499 [FXGL Background Thread 2 ] DEBUG FXGLAssetLoaderServi - Loading from file system: file:/C:/Users/Admin/Desktop/Github/Bomberman/target/classes/assets/textures/brick_break.png
09:30:56.510 [FXGL Background Thread 2 ] DEBUG FXGLAssetLoaderServi - Loading from file system: file:/C:/Users/Admin/Desktop/Github/Bomberman/target/classes/assets/textures/enemy1.png
09:30:56.525 [FXGL Background Thread 2 ] DEBUG FXGLAssetLoaderServi - Loading from file system: file:/C:/Users/Admin/Desktop/Github/Bomberman/target/classes/assets/textures/enemy2.png
09:30:56.569 [FXGL Background Thread 2 ] DEBUG FXGLAssetLoaderServi - Loading from file system: file:/C:/Users/Admin/Desktop/Github/Bomberman/target/classes/assets/textures/portal.png
09:30:56.607 [FXGL Background Thread 2 ] DEBUG FXGLAssetLoaderServi - Loading from file system: file:/C:/Users/Admin/Desktop/Github/Bomberman/target/classes/assets/textures/powerup_flames.png
09:30:56.724 [FXGL Background Thread 2 ] INFO  FXGLApplication      - Game initialization took: 0.407 sec
09:30:56.725 [JavaFX Application Thread] DEBUG Input                - Clearing active input actions
09:30:56.756 [JavaFX Application Thread] DEBUG GameApplicationServi - Removing overlay from FXGLLoadingScene and adding to GameScene
09:30:56.756 [JavaFX Application Thread] DEBUG PrimaryStageWindow   - FXGLLoadingScene -> GameScene
09:30:56.763 [JavaFX Application Thread] DEBUG FXGLAssetLoaderServi - Loading from file system: file:/C:/Users/Admin/Desktop/Github/Bomberman/target/classes/assets/sounds/stage_start.wav
09:30:56.789 [JavaFX Application Thread] DEBUG PrimaryStageWindow   - Push state: StageStartScene
09:30:56.790 [JavaFX Application Thread] DEBUG Input                - Clearing active input actions
09:30:56.790 [JavaFX Application Thread] DEBUG GameApplicationServi - Removing overlay from GameScene and adding to StageStartScene
09:30:56.791 [JavaFX Application Thread] DEBUG PrimaryStageWindow   - GameScene -> StageStartScene
09:31:00.328 [JavaFX Application Thread] DEBUG PrimaryStageWindow   - Pop state: StageStartScene
09:31:00.328 [JavaFX Application Thread] DEBUG Input                - Clearing active input actions
09:31:00.329 [JavaFX Application Thread] DEBUG GameApplicationServi - Removing overlay from StageStartScene and adding to GameScene
09:31:00.329 [JavaFX Application Thread] DEBUG PrimaryStageWindow   - GameScene <- StageStartScene
09:33:00.388 [JavaFX Application Thread] DEBUG PrimaryStageWindow   - Push state: GameMenu
09:33:00.388 [JavaFX Application Thread] DEBUG Input                - Clearing active input actions
09:33:00.390 [JavaFX Application Thread] DEBUG GameApplicationServi - Removing overlay from GameScene and adding to GameMenu
09:33:00.390 [JavaFX Application Thread] DEBUG PrimaryStageWindow   - GameScene -> GameMenu
09:33:01.849 [JavaFX Application Thread] DEBUG Menu                 - fireExit()
09:33:01.867 [JavaFX Application Thread] DEBUG PrimaryStageWindow   - Push state: DialogSubScene
09:33:01.867 [JavaFX Application Thread] DEBUG Input                - Clearing active input actions
09:33:01.868 [JavaFX Application Thread] DEBUG GameApplicationServi - Removing overlay from GameMenu and adding to DialogSubScene
09:33:01.868 [JavaFX Application Thread] DEBUG PrimaryStageWindow   - GameMenu -> DialogSubScene
09:33:02.816 [JavaFX Application Thread] DEBUG PrimaryStageWindow   - Pop state: DialogSubScene
09:33:02.816 [JavaFX Application Thread] DEBUG Input                - Clearing active input actions
09:33:02.817 [JavaFX Application Thread] DEBUG GameApplicationServi - Removing overlay from DialogSubScene and adding to GameMenu
09:33:02.818 [JavaFX Application Thread] DEBUG PrimaryStageWindow   - GameMenu <- DialogSubScene
09:33:02.818 [JavaFX Application Thread] DEBUG FXGLApplication      - Exiting FXGL
09:33:02.818 [JavaFX Application Thread] DEBUG LoopRunner           - Stopping loop
09:33:02.818 [JavaFX Application Thread] DEBUG SystemBundleService  - Saving FXGL system data
09:33:02.821 [JavaFX Application Thread] DEBUG FileSystemAccess     - Writing to: C:\Users\Admin\Desktop\Github\Bomberman\system\fxgl.bundle
09:33:02.824 [JavaFX Application Thread] DEBUG Async                - Shutting down background threads
09:33:02.824 [JavaFX Application Thread] DEBUG PrimaryStageWindow   - Closing main window
09:33:02.865 [JavaFX Application Thread] DEBUG Logger               - Closing Logger
