10:52:14.864 [main                     ] DEBUG Logger               - Configured Logger
10:52:14.868 [main                     ] DEBUG GameApplication      - Logging settings
Title: BOMBERMAN
Version: 1.0
Width: 1488
Height: 624
Fullscreen: true
Intro: false
Profiling: false
Single step:false
App Mode: DEVELOPER
Menu Key: ESCAPE
Stage Style: DECORATED
Scene Factory: class com.almasb.fxgl.app.scene.SceneFactory

10:52:15.305 [JavaFX Application Thread] DEBUG FXGLApplication      - Initializing FXGL
10:52:15.308 [JavaFX Application Thread] INFO  Engine               - FXGL-11.17 (16.07.2021 15.46) on WINDOWS (J:11.0.16.1 FX:16)
10:52:15.308 [JavaFX Application Thread] DEBUG Engine               - JRE Vendor Name: Oracle Corporation
10:52:15.308 [JavaFX Application Thread] DEBUG Engine               - Running on OS: Windows 11 version 10.0
10:52:15.309 [JavaFX Application Thread] DEBUG Engine               - Architecture: amd64
10:52:15.309 [JavaFX Application Thread] INFO  Engine               - Source code and latest versions at: https://github.com/AlmasB/FXGL
10:52:15.309 [JavaFX Application Thread] INFO  Engine               -              Join the FXGL chat at: https://gitter.im/AlmasB/FXGL
10:52:15.434 [JavaFX Application Thread] DEBUG PrimaryStageWindow   - Creating a JavaFX scene
10:52:15.435 [JavaFX Application Thread] DEBUG PrimaryStageWindow   - Target size > screen size
10:52:15.497 [JavaFX Application Thread] DEBUG PrimaryStageWindow   - Target settings size: 1488.0 x 624.0
10:52:15.497 [JavaFX Application Thread] DEBUG PrimaryStageWindow   - Scaled scene size:    1415.0 x 603.0
10:52:15.497 [JavaFX Application Thread] DEBUG PrimaryStageWindow   - Scaled ratio: (0.9509408602150538, 0.9663461538461539)
10:52:15.498 [JavaFX Application Thread] DEBUG PrimaryStageWindow   - Set initial scene to FXGLStartupScene
10:52:15.508 [JavaFX Application Thread] DEBUG PrimaryStageWindow   - Opening main window
10:52:15.618 [JavaFX Application Thread] DEBUG PrimaryStageWindow   - Window border size: (13.0, 35.5)
10:52:15.618 [JavaFX Application Thread] DEBUG PrimaryStageWindow   - Scaled size: 1415.0 x 603.0
10:52:15.618 [JavaFX Application Thread] DEBUG PrimaryStageWindow   - Scaled ratio: (0.9509408602150538, 0.9663461538461539)
10:52:15.618 [JavaFX Application Thread] DEBUG PrimaryStageWindow   - Scene size: 1415.0 x 603.0
10:52:15.619 [JavaFX Application Thread] DEBUG PrimaryStageWindow   - Stage size: 1428.0 x 638.5
10:52:15.629 [FXGL Background Thread 1 ] DEBUG Engine               - Initializing environment variables
10:52:15.725 [FXGL Background Thread 1 ] DEBUG FXGLAssetLoaderServi - User app class for loading assets: class Bomberman.BombermanGame
10:52:15.725 [FXGL Background Thread 1 ] DEBUG GameApplicationServi - Applying CSS: fxgl_dark.css
10:52:15.726 [FXGL Background Thread 1 ] DEBUG FXGLAssetLoaderServi - Loading from file system: jar:file:/C:/Users/Admin/.m2/repository/com/github/almasb/fxgl/11.17/fxgl-11.17.jar!/fxglassets/ui/css/fxgl_dark.css
10:52:15.781 [FXGL Background Thread 1 ] DEBUG GameApplicationServi - Initializing application scenes
10:52:15.831 [FXGL Background Thread 1 ] DEBUG GameWorld            - Game world initialized
10:52:15.900 [FXGL Background Thread 1 ] DEBUG PhysicsWorld         - Physics world initialized: appHeight=624, physics.ppm=50.0
10:52:15.901 [FXGL Background Thread 1 ] DEBUG PhysicsWorld         - Using strategy: BRUTE_FORCE
10:52:15.904 [FXGL Background Thread 1 ] DEBUG GameScene            - Game scene initialized: 1488x624
10:52:15.920 [FXGL Background Thread 1 ] DEBUG FXGL.DefaultMenu     - createMenuBodyGameMenu()
10:52:15.942 [FXGL Background Thread 1 ] DEBUG FXGL.DefaultMenu     - createOptionsMenu()
10:52:15.971 [FXGL Background Thread 1 ] DEBUG FXGLAssetLoaderServi - Loading from file system: jar:file:/C:/Users/Admin/.m2/repository/com/github/almasb/fxgl/11.17/fxgl-11.17.jar!/fxglassets/textures/particles/smoke.png
10:52:16.081 [FXGL Background Thread 1 ] DEBUG FXGLAssetLoaderServi - Loading from file system: jar:file:/C:/Users/Admin/.m2/repository/com/github/almasb/fxgl/11.17/fxgl-11.17.jar!/fxglassets/textures/particles/trace_horizontal.png
10:52:16.116 [FXGL Background Thread 1 ] DEBUG GameApplicationServi - Application scenes initialized
10:52:16.130 [FXGL Background Thread 1 ] DEBUG SystemBundleService  - Loading FXGL system data
10:52:16.135 [FXGL Background Thread 1 ] DEBUG FileSystemAccess     - Reading from: C:\Users\Admin\Desktop\Bomberman\system\fxgl.bundle
10:52:16.142 [FXGL Background Thread 1 ] DEBUG SystemBundleService  - Bundle FXGL: {}
10:52:16.142 [FXGL Background Thread 1 ] DEBUG UpdaterService       - Checking for updates
10:52:16.147 [FXGL Background Thread 4 ] DEBUG FXGLApplication      - Loading fonts
10:52:16.148 [FXGL Background Thread 1 ] DEBUG FXGLApplication      - Loading default localization
10:52:16.148 [FXGL Background Thread 4 ] DEBUG FXGLAssetLoaderServi - Loading from file system: jar:file:/C:/Users/Admin/.m2/repository/com/github/almasb/fxgl/11.17/fxgl-11.17.jar!/fxglassets/ui/fonts/VarelaRound-Regular.ttf
10:52:16.149 [FXGL Background Thread 1 ] DEBUG FXGLAssetLoaderServi - Loading from file system: jar:file:/C:/Users/Admin/.m2/repository/com/github/almasb/fxgl/11.17/fxgl-11.17.jar!/fxglassets/languages/english.lang
10:52:16.166 [FXGL Background Thread 1 ] INFO  FXGLApplication      - FXGL initialization took: 0.537 sec
10:52:16.183 [JavaFX Application Thread] DEBUG Input                - Registered new binding: Move Left - A
10:52:16.184 [JavaFX Application Thread] DEBUG Input                - Registered new binding: Move Right - D
10:52:16.184 [JavaFX Application Thread] DEBUG Input                - Registered new binding: Move Up - W
10:52:16.184 [JavaFX Application Thread] DEBUG Input                - Registered new binding: Move Down - S
10:52:16.184 [JavaFX Application Thread] DEBUG Input                - Registered new binding: Place Bomb - Space
10:52:16.184 [JavaFX Application Thread] DEBUG Input                - Registered new binding: Switch to classic bomb - 1
10:52:16.184 [JavaFX Application Thread] DEBUG Input                - Registered new binding: Switch to lazer bomb - 2
10:52:16.185 [JavaFX Application Thread] DEBUG FXGLAssetLoaderServi - Loading from file system: jar:file:/C:/Users/Admin/.m2/repository/com/github/almasb/fxgl/11.17/fxgl-11.17.jar!/fxglassets/textures/fxgl_icon.png
10:52:16.232 [JavaFX Application Thread] DEBUG FXGLAssetLoaderServi - Loading from file system: jar:file:/C:/Users/Admin/.m2/repository/com/github/almasb/fxgl/11.17/fxgl-11.17.jar!/fxglassets/textures/fxgl_default_cursor.png
10:52:16.237 [JavaFX Application Thread] DEBUG Input                - Registered new binding: Screenshot - CTRL+8
10:52:16.238 [JavaFX Application Thread] DEBUG Input                - Registered new binding: System info dump - CTRL+9
10:52:16.240 [JavaFX Application Thread] DEBUG Input                - Registered new binding: Restart - CTRL+R
10:52:16.241 [JavaFX Application Thread] DEBUG Input                - Registered new binding: Toggle Debug Camera - CTRL+C
10:52:16.246 [JavaFX Application Thread] DEBUG LoopRunner           - Starting loop
10:52:16.246 [JavaFX Application Thread] DEBUG LoopRunner           - Initializing JavaFX AnimationTimerLoop
10:52:16.250 [JavaFX Application Thread] DEBUG GameApplicationServi - Starting new game
10:52:16.251 [JavaFX Application Thread] DEBUG Input                - Clearing active input actions
10:52:16.279 [JavaFX Application Thread] DEBUG GameApplicationServi - Removing overlay from FXGLStartupScene and adding to FXGLLoadingScene
10:52:16.280 [JavaFX Application Thread] DEBUG PrimaryStageWindow   - FXGLStartupScene -> FXGLLoadingScene
10:52:16.280 [JavaFX Application Thread] DEBUG GameApplicationServi - Clearing previous game
10:52:16.280 [JavaFX Application Thread] DEBUG GameScene            - Clearing game scene
10:52:16.280 [JavaFX Application Thread] DEBUG GameWorld            - Clearing game world
10:52:16.281 [JavaFX Application Thread] DEBUG PhysicsWorld         - Clearing physics world
10:52:16.283 [FXGL Background Thread 1 ] DEBUG FXGLApplication      - Initializing game
10:52:16.313 [FXGL Background Thread 1 ] DEBUG FXGLAssetLoaderServi - Loading from file system: file:/C:/Users/Admin/Desktop/Bomberman/target/classes/assets/textures/wall.png
10:52:16.427 [FXGL Background Thread 1 ] DEBUG FXGLAssetLoaderServi - Loading from file system: file:/C:/Users/Admin/Desktop/Bomberman/target/classes/assets/textures/player_die.png
10:52:16.432 [FXGL Background Thread 1 ] DEBUG FXGLAssetLoaderServi - Loading from file system: file:/C:/Users/Admin/Desktop/Bomberman/target/classes/assets/textures/player_down.png
10:52:16.435 [FXGL Background Thread 1 ] DEBUG FXGLAssetLoaderServi - Loading from file system: file:/C:/Users/Admin/Desktop/Bomberman/target/classes/assets/textures/player_right.png
10:52:16.437 [FXGL Background Thread 1 ] DEBUG FXGLAssetLoaderServi - Loading from file system: file:/C:/Users/Admin/Desktop/Bomberman/target/classes/assets/textures/player_up.png
10:52:16.440 [FXGL Background Thread 1 ] DEBUG FXGLAssetLoaderServi - Loading from file system: file:/C:/Users/Admin/Desktop/Bomberman/target/classes/assets/textures/player_left.png
10:52:16.457 [FXGL Background Thread 1 ] DEBUG FXGLAssetLoaderServi - Loading from file system: file:/C:/Users/Admin/Desktop/Bomberman/target/classes/assets/textures/brick.png
10:52:16.459 [FXGL Background Thread 1 ] DEBUG FXGLAssetLoaderServi - Loading from file system: file:/C:/Users/Admin/Desktop/Bomberman/target/classes/assets/textures/brick_break.png
10:52:16.476 [FXGL Background Thread 1 ] DEBUG FXGLAssetLoaderServi - Loading from file system: file:/C:/Users/Admin/Desktop/Bomberman/target/classes/assets/textures/enemy1.png
10:52:16.551 [FXGL Background Thread 1 ] DEBUG FXGLAssetLoaderServi - Loading from file system: file:/C:/Users/Admin/Desktop/Bomberman/target/classes/assets/textures/portal.png
10:52:16.604 [FXGL Background Thread 1 ] DEBUG FXGLAssetLoaderServi - Loading from file system: file:/C:/Users/Admin/Desktop/Bomberman/target/classes/assets/textures/powerup_flames.png
10:52:16.687 [FXGL Background Thread 1 ] INFO  FXGLApplication      - Game initialization took: 0.404 sec
10:52:16.688 [JavaFX Application Thread] DEBUG Input                - Clearing active input actions
10:52:16.709 [FXGL Background Thread 4 ] DEBUG FXGLAssetLoaderServi - Loading from file system: jar:file:/C:/Users/Admin/.m2/repository/com/github/almasb/fxgl/11.17/fxgl-11.17.jar!/fxglassets/ui/fonts/Abel-Regular.ttf
10:52:16.717 [FXGL Background Thread 4 ] DEBUG FXGLAssetLoaderServi - Loading from file system: jar:file:/C:/Users/Admin/.m2/repository/com/github/almasb/fxgl/11.17/fxgl-11.17.jar!/fxglassets/ui/fonts/lucida_console.ttf
10:52:16.719 [JavaFX Application Thread] DEBUG GameApplicationServi - Removing overlay from FXGLLoadingScene and adding to GameScene
10:52:16.720 [JavaFX Application Thread] DEBUG PrimaryStageWindow   - FXGLLoadingScene -> GameScene
10:52:16.727 [FXGL Background Thread 4 ] DEBUG FXGLAssetLoaderServi - Loading from file system: jar:file:/C:/Users/Admin/.m2/repository/com/github/almasb/fxgl/11.17/fxgl-11.17.jar!/fxglassets/ui/fonts/Courier-Prime.ttf
10:52:16.806 [JavaFX Application Thread] DEBUG FXGLApplication      - Registering font factories with UI factory
10:52:17.062 [JavaFX Application Thread] DEBUG FXGLAssetLoaderServi - Loading from file system: file:/C:/Users/Admin/Desktop/Bomberman/target/classes/assets/sounds/place_bomb.wav
10:52:17.155 [JavaFX Application Thread] DEBUG FXGLAssetLoaderServi - Loading from file system: file:/C:/Users/Admin/Desktop/Bomberman/target/classes/assets/textures/bomb.png
10:52:17.241 [FXGL Background Thread 2 ] INFO  UpdaterService       - Your current version:  11.17
10:52:17.242 [FXGL Background Thread 2 ] INFO  UpdaterService       - Latest stable version: 17.2
10:52:18.951 [JavaFX Application Thread] DEBUG FXGLAssetLoaderServi - Loading from file system: file:/C:/Users/Admin/Desktop/Bomberman/target/classes/assets/sounds/explosion.wav
10:52:18.956 [JavaFX Application Thread] DEBUG FXGLAssetLoaderServi - Loading from file system: file:/C:/Users/Admin/Desktop/Bomberman/target/classes/assets/textures/central_flame.png
10:52:18.958 [JavaFX Application Thread] DEBUG FXGLAssetLoaderServi - Loading from file system: file:/C:/Users/Admin/Desktop/Bomberman/target/classes/assets/textures/top_down_flame.png
10:52:18.959 [JavaFX Application Thread] DEBUG FXGLAssetLoaderServi - Loading from file system: file:/C:/Users/Admin/Desktop/Bomberman/target/classes/assets/textures/top_right_flame.png
10:52:18.960 [JavaFX Application Thread] DEBUG FXGLAssetLoaderServi - Loading from file system: file:/C:/Users/Admin/Desktop/Bomberman/target/classes/assets/textures/top_left_flame.png
10:52:18.961 [JavaFX Application Thread] DEBUG FXGLAssetLoaderServi - Loading from file system: file:/C:/Users/Admin/Desktop/Bomberman/target/classes/assets/textures/right_flame.png
10:52:18.962 [JavaFX Application Thread] DEBUG FXGLAssetLoaderServi - Loading from file system: file:/C:/Users/Admin/Desktop/Bomberman/target/classes/assets/textures/left_flame.png
10:52:18.963 [JavaFX Application Thread] DEBUG FXGLAssetLoaderServi - Loading from file system: file:/C:/Users/Admin/Desktop/Bomberman/target/classes/assets/textures/down_flame.png
10:52:18.964 [JavaFX Application Thread] DEBUG FXGLAssetLoaderServi - Loading from file system: file:/C:/Users/Admin/Desktop/Bomberman/target/classes/assets/textures/up_flame.png
10:52:18.965 [JavaFX Application Thread] DEBUG FXGLAssetLoaderServi - Loading from file system: file:/C:/Users/Admin/Desktop/Bomberman/target/classes/assets/textures/top_up_flame.png
10:52:19.146 [FXGL Background Thread 3 ] DEBUG Engine               - Logging environment variables
10:52:19.146 [FXGL Background Thread 3 ] DEBUG Engine               - achievements: []
10:52:19.146 [FXGL Background Thread 3 ] DEBUG Engine               - actualHeight: 603.0
10:52:19.146 [FXGL Background Thread 3 ] DEBUG Engine               - actualHeightProperty: ReadOnlyDoubleProperty [value: 603.0]
10:52:19.146 [FXGL Background Thread 3 ] DEBUG Engine               - actualWidth: 1415.0
10:52:19.146 [FXGL Background Thread 3 ] DEBUG Engine               - actualWidthProperty: ReadOnlyDoubleProperty [value: 1415.0]
10:52:19.146 [FXGL Background Thread 3 ] DEBUG Engine               - appIcon: fxgl_icon.png
10:52:19.146 [FXGL Background Thread 3 ] DEBUG Engine               - applicationMode: DEVELOPER
10:52:19.147 [FXGL Background Thread 3 ] DEBUG Engine               - cSSList: [fxgl_dark.css]
10:52:19.147 [FXGL Background Thread 3 ] DEBUG Engine               - collisionDetectionStrategy: BRUTE_FORCE
10:52:19.147 [FXGL Background Thread 3 ] DEBUG Engine               - configClass: Optional.empty
10:52:19.147 [FXGL Background Thread 3 ] DEBUG Engine               - credits: []
10:52:19.147 [FXGL Background Thread 3 ] DEBUG Engine               - defaultCursor: CursorInfo(imageName=fxgl_default_cursor.png, hotspotX=7.0, hotspotY=6.0)
10:52:19.147 [FXGL Background Thread 3 ] DEBUG Engine               - devBBoxColorProperty: ObjectProperty [value: 0xff0000ff]
10:52:19.147 [FXGL Background Thread 3 ] DEBUG Engine               - devEnableDebugCameraProperty: BooleanProperty [value: false]
10:52:19.147 [FXGL Background Thread 3 ] DEBUG Engine               - devSensorColorProperty: ObjectProperty [value: 0xffff00ff]
10:52:19.147 [FXGL Background Thread 3 ] DEBUG Engine               - devShowBBoxProperty: BooleanProperty [value: false]
10:52:19.147 [FXGL Background Thread 3 ] DEBUG Engine               - devShowPositionProperty: BooleanProperty [value: false]
10:52:19.147 [FXGL Background Thread 3 ] DEBUG Engine               - enabledMenuItems: []
10:52:19.147 [FXGL Background Thread 3 ] DEBUG Engine               - engineServices: [class com.almasb.fxgl.app.services.FXGLAssetLoaderService, class com.almasb.fxgl.app.FXGLApplication$GameApplicationService, class com.almasb.fxgl.app.services.FXGLDialogService, class com.almasb.fxgl.app.services.IOTaskExecutorService, class com.almasb.fxgl.io.FileSystemService, class com.almasb.fxgl.localization.LocalizationService, class com.almasb.fxgl.app.services.SystemBundleService, class com.almasb.fxgl.profile.SaveLoadService, class com.almasb.fxgl.ui.FXGLUIFactoryServiceProvider, class com.almasb.fxgl.ui.FXGLDialogFactoryServiceProvider, class com.almasb.fxgl.audio.AudioPlayer, class com.almasb.fxgl.notification.impl.NotificationServiceProvider, class com.almasb.fxgl.achievement.AchievementService, class com.almasb.fxgl.cutscene.CutsceneService, class com.almasb.fxgl.minigames.MiniGameService, class com.almasb.fxgl.net.NetService, class com.almasb.fxgl.app.services.UpdaterService, class com.almasb.fxgl.dev.DevService]
10:52:19.147 [FXGL Background Thread 3 ] DEBUG Engine               - fontGame: Abel-Regular.ttf
10:52:19.147 [FXGL Background Thread 3 ] DEBUG Engine               - fontMono: lucida_console.ttf
10:52:19.147 [FXGL Background Thread 3 ] DEBUG Engine               - fontText: Courier-Prime.ttf
10:52:19.147 [FXGL Background Thread 3 ] DEBUG Engine               - fontUI: VarelaRound-Regular.ttf
10:52:19.147 [FXGL Background Thread 3 ] DEBUG Engine               - fullScreen: BooleanProperty [value: false]
10:52:19.147 [FXGL Background Thread 3 ] DEBUG Engine               - gameDifficulty: MEDIUM
10:52:19.147 [FXGL Background Thread 3 ] DEBUG Engine               - gameDifficultyProperty: ObjectProperty [value: MEDIUM]
10:52:19.148 [FXGL Background Thread 3 ] DEBUG Engine               - globalMusicVolume: 0.5
10:52:19.148 [FXGL Background Thread 3 ] DEBUG Engine               - globalMusicVolumeProperty: DoubleProperty [value: 0.5]
10:52:19.148 [FXGL Background Thread 3 ] DEBUG Engine               - globalSoundVolume: 0.5
10:52:19.148 [FXGL Background Thread 3 ] DEBUG Engine               - globalSoundVolumeProperty: DoubleProperty [value: 0.5]
10:52:19.148 [FXGL Background Thread 3 ] DEBUG Engine               - height: 624
10:52:19.148 [FXGL Background Thread 3 ] DEBUG Engine               - is3D: false
10:52:19.148 [FXGL Background Thread 3 ] DEBUG Engine               - isAndroid: false
10:52:19.148 [FXGL Background Thread 3 ] DEBUG Engine               - isBrowser: false
10:52:19.148 [FXGL Background Thread 3 ] DEBUG Engine               - isClickFeedbackEnabled: false
10:52:19.148 [FXGL Background Thread 3 ] DEBUG Engine               - isCloseConfirmation: false
10:52:19.148 [FXGL Background Thread 3 ] DEBUG Engine               - isDesktop: true
10:52:19.148 [FXGL Background Thread 3 ] DEBUG Engine               - isDeveloperMenuEnabled: false
10:52:19.148 [FXGL Background Thread 3 ] DEBUG Engine               - isEntityPreloadEnabled: true
10:52:19.148 [FXGL Background Thread 3 ] DEBUG Engine               - isExperimentalTiledLargeMap: false
10:52:19.148 [FXGL Background Thread 3 ] DEBUG Engine               - isFileSystemWriteAllowed: true
10:52:19.148 [FXGL Background Thread 3 ] DEBUG Engine               - isFullScreenAllowed: true
10:52:19.148 [FXGL Background Thread 3 ] DEBUG Engine               - isFullScreenFromStart: false
10:52:19.148 [FXGL Background Thread 3 ] DEBUG Engine               - isGameMenuEnabled: true
10:52:19.148 [FXGL Background Thread 3 ] DEBUG Engine               - isIOS: false
10:52:19.148 [FXGL Background Thread 3 ] DEBUG Engine               - isIntroEnabled: false
10:52:19.148 [FXGL Background Thread 3 ] DEBUG Engine               - isLinux: false
10:52:19.148 [FXGL Background Thread 3 ] DEBUG Engine               - isMac: false
10:52:19.148 [FXGL Background Thread 3 ] DEBUG Engine               - isMainMenuEnabled: false
10:52:19.148 [FXGL Background Thread 3 ] DEBUG Engine               - isManualResizeEnabled: false
10:52:19.148 [FXGL Background Thread 3 ] DEBUG Engine               - isMobile: false
10:52:19.148 [FXGL Background Thread 3 ] DEBUG Engine               - isNative: false
10:52:19.148 [FXGL Background Thread 3 ] DEBUG Engine               - isPauseMusicWhenMinimized: true
10:52:19.148 [FXGL Background Thread 3 ] DEBUG Engine               - isPreserveResizeRatio: false
10:52:19.149 [FXGL Background Thread 3 ] DEBUG Engine               - isProfilingEnabled: false
10:52:19.149 [FXGL Background Thread 3 ] DEBUG Engine               - isScaleAffectedOnResize: true
10:52:19.149 [FXGL Background Thread 3 ] DEBUG Engine               - isSingleStep: false
10:52:19.149 [FXGL Background Thread 3 ] DEBUG Engine               - isUserProfileEnabled: false
10:52:19.149 [FXGL Background Thread 3 ] DEBUG Engine               - isWindows: true
10:52:19.149 [FXGL Background Thread 3 ] DEBUG Engine               - language: ObjectProperty [value: ENGLISH]
10:52:19.149 [FXGL Background Thread 3 ] DEBUG Engine               - menuKey: ESCAPE
10:52:19.149 [FXGL Background Thread 3 ] DEBUG Engine               - mouseSensitivity: 0.2
10:52:19.149 [FXGL Background Thread 3 ] DEBUG Engine               - notificationViewClass: class com.almasb.fxgl.notification.view.XboxNotificationView
10:52:19.149 [FXGL Background Thread 3 ] DEBUG Engine               - pixelsPerMeter: 50.0
10:52:19.149 [FXGL Background Thread 3 ] DEBUG Engine               - platform: WINDOWS
10:52:19.149 [FXGL Background Thread 3 ] DEBUG Engine               - prefHeightProperty: ReadOnlyDoubleProperty [value: 624.0]
10:52:19.149 [FXGL Background Thread 3 ] DEBUG Engine               - prefWidthProperty: ReadOnlyDoubleProperty [value: 1488.0]
10:52:19.149 [FXGL Background Thread 3 ] DEBUG Engine               - profileDir: profiles/
10:52:19.149 [FXGL Background Thread 3 ] DEBUG Engine               - profileName: StringProperty [value: DEFAULT]
10:52:19.149 [FXGL Background Thread 3 ] DEBUG Engine               - randomSeed: -1
10:52:19.149 [FXGL Background Thread 3 ] DEBUG Engine               - runtimeInfo: RuntimeInfo(platform=WINDOWS, version=11.17, build=16.07.2021 15.46)
10:52:19.149 [FXGL Background Thread 3 ] DEBUG Engine               - saveFileExt: sav
10:52:19.149 [FXGL Background Thread 3 ] DEBUG Engine               - scaledHeightProp$fxgl: DoubleProperty [bound, value: 603.0]
10:52:19.149 [FXGL Background Thread 3 ] DEBUG Engine               - scaledWidthProp$fxgl: DoubleProperty [bound, value: 1415.0]
10:52:19.149 [FXGL Background Thread 3 ] DEBUG Engine               - sceneFactory: com.almasb.fxgl.app.scene.SceneFactory@24708f76
10:52:19.149 [FXGL Background Thread 3 ] DEBUG Engine               - secondsIn24h: 60
10:52:19.149 [FXGL Background Thread 3 ] DEBUG Engine               - soundMenuBack: menu/back.wav
10:52:19.149 [FXGL Background Thread 3 ] DEBUG Engine               - soundMenuPress: menu/press.wav
10:52:19.149 [FXGL Background Thread 3 ] DEBUG Engine               - soundMenuSelect: menu/select.wav
10:52:19.149 [FXGL Background Thread 3 ] DEBUG Engine               - soundNotification: core/notification.wav
10:52:19.149 [FXGL Background Thread 3 ] DEBUG Engine               - stageStyle: DECORATED
10:52:19.149 [FXGL Background Thread 3 ] DEBUG Engine               - supportedLanguages: [ENGLISH, FRENCH, GERMAN, HUNGARIAN, RUSSIAN]
10:52:19.149 [FXGL Background Thread 3 ] DEBUG Engine               - ticksPerSecond: -1
10:52:19.149 [FXGL Background Thread 3 ] DEBUG Engine               - title: BOMBERMAN
10:52:19.149 [FXGL Background Thread 3 ] DEBUG Engine               - urlGithub: https://github.com/AlmasB/FXGL
10:52:19.150 [FXGL Background Thread 3 ] DEBUG Engine               - urlLeaderboard: http://fxgl-top.herokuapp.com/
10:52:19.150 [FXGL Background Thread 3 ] DEBUG Engine               - urlPOM: https://raw.githubusercontent.com/AlmasB/FXGL/release/README.md
10:52:19.150 [FXGL Background Thread 3 ] DEBUG Engine               - userAppClass: class Bomberman.BombermanGame
10:52:19.150 [FXGL Background Thread 3 ] DEBUG Engine               - version: 1.0
10:52:19.150 [FXGL Background Thread 3 ] DEBUG Engine               - versionCheckDays: 7
10:52:19.150 [FXGL Background Thread 3 ] DEBUG Engine               - width: 1488
10:52:19.150 [FXGL Background Thread 3 ] DEBUG Engine               - Logging services
10:52:19.150 [FXGL Background Thread 3 ] DEBUG Engine               - class com.almasb.fxgl.app.services.FXGLAssetLoaderService
10:52:19.150 [FXGL Background Thread 3 ] DEBUG Engine               - class com.almasb.fxgl.app.FXGLApplication$GameApplicationService
10:52:19.150 [FXGL Background Thread 3 ] DEBUG Engine               - class com.almasb.fxgl.app.services.FXGLDialogService
10:52:19.150 [FXGL Background Thread 3 ] DEBUG Engine               - class com.almasb.fxgl.app.services.IOTaskExecutorService
10:52:19.150 [FXGL Background Thread 3 ] DEBUG Engine               - class com.almasb.fxgl.io.FileSystemService
10:52:19.150 [FXGL Background Thread 3 ] DEBUG Engine               - class com.almasb.fxgl.localization.LocalizationService
10:52:19.150 [FXGL Background Thread 3 ] DEBUG Engine               - class com.almasb.fxgl.app.services.SystemBundleService
10:52:19.150 [FXGL Background Thread 3 ] DEBUG Engine               - class com.almasb.fxgl.profile.SaveLoadService
10:52:19.150 [FXGL Background Thread 3 ] DEBUG Engine               - class com.almasb.fxgl.ui.FXGLUIFactoryServiceProvider
10:52:19.150 [FXGL Background Thread 3 ] DEBUG Engine               - class com.almasb.fxgl.ui.FXGLDialogFactoryServiceProvider
10:52:19.150 [FXGL Background Thread 3 ] DEBUG Engine               - class com.almasb.fxgl.audio.AudioPlayer
10:52:19.150 [FXGL Background Thread 3 ] DEBUG Engine               - class com.almasb.fxgl.notification.impl.NotificationServiceProvider
10:52:19.150 [FXGL Background Thread 3 ] DEBUG Engine               - class com.almasb.fxgl.achievement.AchievementService
10:52:19.150 [FXGL Background Thread 3 ] DEBUG Engine               - class com.almasb.fxgl.cutscene.CutsceneService
10:52:19.150 [FXGL Background Thread 3 ] DEBUG Engine               - class com.almasb.fxgl.minigames.MiniGameService
10:52:19.150 [FXGL Background Thread 3 ] DEBUG Engine               - class com.almasb.fxgl.net.NetService
10:52:19.150 [FXGL Background Thread 3 ] DEBUG Engine               - class com.almasb.fxgl.app.services.UpdaterService
10:52:19.150 [FXGL Background Thread 3 ] DEBUG Engine               - class com.almasb.fxgl.dev.DevService
10:52:24.102 [JavaFX Application Thread] WARN  GameWorld            - Attempted to remove entity which is not active
10:52:24.550 [JavaFX Application Thread] WARN  GameWorld            - Attempted to remove entity which is not active
10:52:24.934 [JavaFX Application Thread] WARN  GameWorld            - Attempted to remove entity which is not active
10:52:26.890 [JavaFX Application Thread] DEBUG FXGLApplication      - Exiting FXGL
10:52:26.890 [JavaFX Application Thread] DEBUG LoopRunner           - Stopping loop
10:52:26.890 [JavaFX Application Thread] DEBUG SystemBundleService  - Saving FXGL system data
10:52:26.892 [JavaFX Application Thread] DEBUG FileSystemAccess     - Writing to: C:\Users\Admin\Desktop\Bomberman\system\fxgl.bundle
10:52:26.893 [JavaFX Application Thread] DEBUG Async                - Shutting down background threads
10:52:26.893 [JavaFX Application Thread] DEBUG PrimaryStageWindow   - Closing main window
10:52:26.905 [JavaFX Application Thread] DEBUG Logger               - Closing Logger
