14:50:53.691 [main                     ] DEBUG Logger               - Configured Logger
14:50:53.711 [main                     ] DEBUG GameApplication      - Logging settings
Title: BOMBER
 MAN
Version: 1.0
Width: 1280
Height: 720
Fullscreen: true
Intro: false
Profiling: false
Single step:false
App Mode: DEVELOPER
Menu Key: ESCAPE
Stage Style: DECORATED
Scene Factory: class Bomberman.BombermanGame$1

14:50:54.153 [JavaFX Application Thread] DEBUG FXGLApplication      - Initializing FXGL
14:50:54.156 [JavaFX Application Thread] INFO  Engine               - FXGL-11.17 (16.07.2021 15.46) on WINDOWS (J:11.0.16.1 FX:16)
14:50:54.156 [JavaFX Application Thread] DEBUG Engine               - JRE Vendor Name: Oracle Corporation
14:50:54.157 [JavaFX Application Thread] DEBUG Engine               - Running on OS: Windows 11 version 10.0
14:50:54.157 [JavaFX Application Thread] DEBUG Engine               - Architecture: amd64
14:50:54.157 [JavaFX Application Thread] INFO  Engine               - Source code and latest versions at: https://github.com/AlmasB/FXGL
14:50:54.157 [JavaFX Application Thread] INFO  Engine               -              Join the FXGL chat at: https://gitter.im/AlmasB/FXGL
14:50:54.280 [JavaFX Application Thread] DEBUG PrimaryStageWindow   - Creating a JavaFX scene
14:50:54.340 [JavaFX Application Thread] DEBUG PrimaryStageWindow   - Target settings size: 1280.0 x 720.0
14:50:54.341 [JavaFX Application Thread] DEBUG PrimaryStageWindow   - Scaled scene size:    1280.0 x 720.0
14:50:54.341 [JavaFX Application Thread] DEBUG PrimaryStageWindow   - Scaled ratio: (1.0, 1.0)
14:50:54.342 [JavaFX Application Thread] DEBUG PrimaryStageWindow   - Set initial scene to FXGLStartupScene
14:50:54.352 [JavaFX Application Thread] DEBUG PrimaryStageWindow   - Opening main window
14:50:54.472 [JavaFX Application Thread] DEBUG PrimaryStageWindow   - Window border size: (13.0, 35.5)
14:50:54.472 [JavaFX Application Thread] DEBUG PrimaryStageWindow   - Scaled size: 1280.0 x 720.0
14:50:54.472 [JavaFX Application Thread] DEBUG PrimaryStageWindow   - Scaled ratio: (1.0, 1.0)
14:50:54.472 [JavaFX Application Thread] DEBUG PrimaryStageWindow   - Scene size: 1280.0 x 720.0
14:50:54.473 [JavaFX Application Thread] DEBUG PrimaryStageWindow   - Stage size: 1293.0 x 755.5
14:50:54.482 [FXGL Background Thread 1 ] DEBUG Engine               - Initializing environment variables
14:50:54.582 [FXGL Background Thread 1 ] DEBUG FXGLAssetLoaderServi - User app class for loading assets: class Bomberman.BombermanGame
14:50:54.583 [FXGL Background Thread 1 ] DEBUG GameApplicationServi - Applying CSS: fxgl_dark.css
14:50:54.584 [FXGL Background Thread 1 ] DEBUG FXGLAssetLoaderServi - Loading from file system: jar:file:/C:/Users/Admin/.m2/repository/com/github/almasb/fxgl/11.17/fxgl-11.17.jar!/fxglassets/ui/css/fxgl_dark.css
14:50:54.644 [FXGL Background Thread 1 ] DEBUG GameApplicationServi - Initializing application scenes
14:50:54.696 [FXGL Background Thread 1 ] DEBUG GameWorld            - Game world initialized
14:50:54.770 [FXGL Background Thread 1 ] DEBUG PhysicsWorld         - Physics world initialized: appHeight=720, physics.ppm=50.0
14:50:54.771 [FXGL Background Thread 1 ] DEBUG PhysicsWorld         - Using strategy: BRUTE_FORCE
14:50:54.775 [FXGL Background Thread 1 ] DEBUG GameScene            - Game scene initialized: 1280x720
14:50:54.906 [FXGL Background Thread 1 ] DEBUG GameApplicationServi - Application scenes initialized
14:50:54.917 [FXGL Background Thread 1 ] DEBUG SystemBundleService  - Loading FXGL system data
14:50:54.922 [FXGL Background Thread 1 ] DEBUG FileSystemAccess     - Reading from: C:\Users\Admin\Desktop\Bomberman\system\fxgl.bundle
14:50:54.928 [FXGL Background Thread 1 ] DEBUG SystemBundleService  - Bundle FXGL: {}
14:50:54.928 [FXGL Background Thread 1 ] DEBUG UpdaterService       - Checking for updates
14:50:54.934 [FXGL Background Thread 4 ] DEBUG FXGLApplication      - Loading fonts
14:50:54.934 [FXGL Background Thread 4 ] DEBUG FXGLAssetLoaderServi - Loading from file system: file:/C:/Users/Admin/Desktop/Bomberman/target/classes/assets/ui/fonts/game_font.ttf
14:50:54.934 [FXGL Background Thread 1 ] DEBUG FXGLApplication      - Loading default localization
14:50:54.935 [FXGL Background Thread 1 ] DEBUG FXGLAssetLoaderServi - Loading from file system: jar:file:/C:/Users/Admin/.m2/repository/com/github/almasb/fxgl/11.17/fxgl-11.17.jar!/fxglassets/languages/english.lang
14:50:54.952 [FXGL Background Thread 1 ] INFO  FXGLApplication      - FXGL initialization took: 0.470 sec
14:50:54.971 [JavaFX Application Thread] DEBUG Input                - Registered new binding: Move Left - A
14:50:54.972 [JavaFX Application Thread] DEBUG Input                - Registered new binding: Move Right - D
14:50:54.972 [JavaFX Application Thread] DEBUG Input                - Registered new binding: Move Up - W
14:50:54.972 [JavaFX Application Thread] DEBUG Input                - Registered new binding: Move Down - S
14:50:54.972 [JavaFX Application Thread] DEBUG Input                - Registered new binding: Place Bomb - Space
14:50:54.973 [JavaFX Application Thread] DEBUG Input                - Registered new binding: Switch to classic bomb - 1
14:50:54.973 [JavaFX Application Thread] DEBUG Input                - Registered new binding: Switch to lazer bomb - 2
14:50:54.973 [JavaFX Application Thread] DEBUG Input                - Registered new binding: Switch to light bomb - 3
14:50:54.973 [JavaFX Application Thread] DEBUG Input                - Registered new binding: Exit game - Delete
14:50:54.974 [JavaFX Application Thread] DEBUG FXGLAssetLoaderServi - Loading from file system: file:/C:/Users/Admin/Desktop/Bomberman/target/classes/assets/music/stage_theme.mp3
14:50:55.307 [JavaFX Application Thread] DEBUG AudioPlayer          - Playing music com.almasb.fxgl.audio.Music@71892699
14:50:55.324 [JavaFX Application Thread] DEBUG FXGLAssetLoaderServi - Loading from file system: jar:file:/C:/Users/Admin/.m2/repository/com/github/almasb/fxgl/11.17/fxgl-11.17.jar!/fxglassets/textures/fxgl_icon.png
14:50:55.362 [JavaFX Application Thread] DEBUG FXGLAssetLoaderServi - Loading from file system: jar:file:/C:/Users/Admin/.m2/repository/com/github/almasb/fxgl/11.17/fxgl-11.17.jar!/fxglassets/textures/fxgl_default_cursor.png
14:50:55.367 [JavaFX Application Thread] DEBUG Input                - Registered new binding: Screenshot - CTRL+8
14:50:55.368 [JavaFX Application Thread] DEBUG Input                - Registered new binding: System info dump - CTRL+9
14:50:55.368 [JavaFX Application Thread] DEBUG Input                - Registered new binding: Restart - CTRL+R
14:50:55.370 [JavaFX Application Thread] DEBUG Input                - Registered new binding: Toggle Debug Camera - CTRL+C
14:50:55.374 [JavaFX Application Thread] DEBUG LoopRunner           - Starting loop
14:50:55.374 [JavaFX Application Thread] DEBUG LoopRunner           - Initializing JavaFX AnimationTimerLoop
14:50:55.379 [JavaFX Application Thread] DEBUG Input                - Clearing active input actions
14:50:55.395 [JavaFX Application Thread] DEBUG GameApplicationServi - Removing overlay from FXGLStartupScene and adding to FXGLMainMenuDummyScene
14:50:55.395 [JavaFX Application Thread] DEBUG PrimaryStageWindow   - FXGLStartupScene -> FXGLMainMenuDummyScene
14:50:55.395 [JavaFX Application Thread] DEBUG PrimaryStageWindow   - Push state: MainMenu
14:50:55.396 [JavaFX Application Thread] DEBUG Input                - Clearing active input actions
14:50:55.404 [JavaFX Application Thread] DEBUG GameApplicationServi - Removing overlay from FXGLMainMenuDummyScene and adding to MainMenu
14:50:55.406 [JavaFX Application Thread] DEBUG PrimaryStageWindow   - FXGLMainMenuDummyScene -> MainMenu
14:50:55.527 [FXGL Background Thread 4 ] DEBUG FXGLAssetLoaderServi - Loading from file system: jar:file:/C:/Users/Admin/.m2/repository/com/github/almasb/fxgl/11.17/fxgl-11.17.jar!/fxglassets/ui/fonts/Abel-Regular.ttf
14:50:55.534 [FXGL Background Thread 4 ] DEBUG FXGLAssetLoaderServi - Loading from file system: jar:file:/C:/Users/Admin/.m2/repository/com/github/almasb/fxgl/11.17/fxgl-11.17.jar!/fxglassets/ui/fonts/lucida_console.ttf
14:50:55.545 [FXGL Background Thread 4 ] DEBUG FXGLAssetLoaderServi - Loading from file system: jar:file:/C:/Users/Admin/.m2/repository/com/github/almasb/fxgl/11.17/fxgl-11.17.jar!/fxglassets/ui/fonts/Courier-Prime.ttf
14:50:55.556 [JavaFX Application Thread] DEBUG FXGLApplication      - Registering font factories with UI factory
14:50:55.998 [FXGL Background Thread 2 ] INFO  UpdaterService       - Your current version:  11.17
14:50:55.998 [FXGL Background Thread 2 ] INFO  UpdaterService       - Latest stable version: 17.2
14:50:57.092 [JavaFX Application Thread] DEBUG Menu                 - fireNewGame()
14:50:57.092 [JavaFX Application Thread] DEBUG GameApplicationServi - Starting new game
14:50:57.092 [JavaFX Application Thread] DEBUG PrimaryStageWindow   - Pop state: MainMenu
14:50:57.092 [JavaFX Application Thread] DEBUG Input                - Clearing active input actions
14:50:57.093 [JavaFX Application Thread] DEBUG GameApplicationServi - Removing overlay from MainMenu and adding to FXGLMainMenuDummyScene
14:50:57.093 [JavaFX Application Thread] DEBUG PrimaryStageWindow   - FXGLMainMenuDummyScene <- MainMenu
14:50:57.094 [JavaFX Application Thread] DEBUG Input                - Clearing active input actions
14:50:57.100 [JavaFX Application Thread] DEBUG GameApplicationServi - Removing overlay from FXGLMainMenuDummyScene and adding to FXGLLoadingScene
14:50:57.100 [JavaFX Application Thread] DEBUG PrimaryStageWindow   - FXGLMainMenuDummyScene -> FXGLLoadingScene
14:50:57.100 [JavaFX Application Thread] DEBUG GameApplicationServi - Clearing previous game
14:50:57.100 [JavaFX Application Thread] DEBUG GameScene            - Clearing game scene
14:50:57.100 [JavaFX Application Thread] DEBUG GameWorld            - Clearing game world
14:50:57.100 [JavaFX Application Thread] DEBUG PhysicsWorld         - Clearing physics world
14:50:57.101 [FXGL Background Thread 2 ] DEBUG FXGLApplication      - Initializing game
14:50:57.119 [FXGL Background Thread 2 ] DEBUG FXGLAssetLoaderServi - Loading from file system: file:/C:/Users/Admin/Desktop/Bomberman/target/classes/assets/textures/wall.png
14:50:57.183 [FXGL Background Thread 2 ] DEBUG FXGLAssetLoaderServi - Loading from file system: file:/C:/Users/Admin/Desktop/Bomberman/target/classes/assets/textures/player_die.png
14:50:57.186 [FXGL Background Thread 2 ] DEBUG FXGLAssetLoaderServi - Loading from file system: file:/C:/Users/Admin/Desktop/Bomberman/target/classes/assets/textures/player_down.png
14:50:57.188 [FXGL Background Thread 2 ] DEBUG FXGLAssetLoaderServi - Loading from file system: file:/C:/Users/Admin/Desktop/Bomberman/target/classes/assets/textures/player_right.png
14:50:57.190 [FXGL Background Thread 2 ] DEBUG FXGLAssetLoaderServi - Loading from file system: file:/C:/Users/Admin/Desktop/Bomberman/target/classes/assets/textures/player_up.png
14:50:57.191 [FXGL Background Thread 2 ] DEBUG FXGLAssetLoaderServi - Loading from file system: file:/C:/Users/Admin/Desktop/Bomberman/target/classes/assets/textures/player_left.png
14:50:57.198 [FXGL Background Thread 2 ] DEBUG FXGLAssetLoaderServi - Loading from file system: file:/C:/Users/Admin/Desktop/Bomberman/target/classes/assets/textures/brick.png
14:50:57.199 [FXGL Background Thread 2 ] DEBUG FXGLAssetLoaderServi - Loading from file system: file:/C:/Users/Admin/Desktop/Bomberman/target/classes/assets/textures/brick_break.png
14:50:57.204 [FXGL Background Thread 2 ] DEBUG FXGLAssetLoaderServi - Loading from file system: file:/C:/Users/Admin/Desktop/Bomberman/target/classes/assets/textures/enemy1.png
14:50:57.219 [FXGL Background Thread 2 ] DEBUG FXGLAssetLoaderServi - Loading from file system: file:/C:/Users/Admin/Desktop/Bomberman/target/classes/assets/textures/enemy2.png
14:50:57.253 [FXGL Background Thread 2 ] DEBUG FXGLAssetLoaderServi - Loading from file system: file:/C:/Users/Admin/Desktop/Bomberman/target/classes/assets/textures/portal.png
14:50:57.275 [FXGL Background Thread 2 ] DEBUG FXGLAssetLoaderServi - Loading from file system: file:/C:/Users/Admin/Desktop/Bomberman/target/classes/assets/textures/powerup_flames.png
14:50:57.316 [FXGL Background Thread 2 ] DEBUG FXGLAssetLoaderServi - Loading from file system: file:/C:/Users/Admin/Desktop/Bomberman/target/classes/assets/textures/enemy4.png
14:50:57.325 [FXGL Background Thread 2 ] DEBUG FXGLAssetLoaderServi - Loading from file system: file:/C:/Users/Admin/Desktop/Bomberman/target/classes/assets/textures/enemy3.png
14:50:57.348 [FXGL Background Thread 2 ] INFO  FXGLApplication      - Game initialization took: 0.246 sec
14:50:57.348 [JavaFX Application Thread] DEBUG Input                - Clearing active input actions
14:50:57.365 [JavaFX Application Thread] DEBUG GameApplicationServi - Removing overlay from FXGLLoadingScene and adding to GameScene
14:50:57.365 [JavaFX Application Thread] DEBUG PrimaryStageWindow   - FXGLLoadingScene -> GameScene
14:50:57.366 [JavaFX Application Thread] DEBUG FXGLAssetLoaderServi - Loading from file system: file:/C:/Users/Admin/Desktop/Bomberman/target/classes/assets/sounds/stage_start.wav
14:50:57.383 [JavaFX Application Thread] DEBUG PrimaryStageWindow   - Push state: StageStartScene
14:50:57.383 [JavaFX Application Thread] DEBUG Input                - Clearing active input actions
14:50:57.383 [JavaFX Application Thread] DEBUG GameApplicationServi - Removing overlay from GameScene and adding to StageStartScene
14:50:57.384 [JavaFX Application Thread] DEBUG PrimaryStageWindow   - GameScene -> StageStartScene
14:50:57.934 [FXGL Background Thread 3 ] DEBUG Engine               - Logging environment variables
14:50:57.934 [FXGL Background Thread 3 ] DEBUG Engine               - achievements: []
14:50:57.934 [FXGL Background Thread 3 ] DEBUG Engine               - actualHeight: 720.0
14:50:57.934 [FXGL Background Thread 3 ] DEBUG Engine               - actualHeightProperty: ReadOnlyDoubleProperty [value: 720.0]
14:50:57.934 [FXGL Background Thread 3 ] DEBUG Engine               - actualWidth: 1280.0
14:50:57.934 [FXGL Background Thread 3 ] DEBUG Engine               - actualWidthProperty: ReadOnlyDoubleProperty [value: 1280.0]
14:50:57.934 [FXGL Background Thread 3 ] DEBUG Engine               - appIcon: fxgl_icon.png
14:50:57.934 [FXGL Background Thread 3 ] DEBUG Engine               - applicationMode: DEVELOPER
14:50:57.934 [FXGL Background Thread 3 ] DEBUG Engine               - cSSList: [fxgl_dark.css]
14:50:57.934 [FXGL Background Thread 3 ] DEBUG Engine               - collisionDetectionStrategy: BRUTE_FORCE
14:50:57.934 [FXGL Background Thread 3 ] DEBUG Engine               - configClass: Optional.empty
14:50:57.934 [FXGL Background Thread 3 ] DEBUG Engine               - credits: []
14:50:57.934 [FXGL Background Thread 3 ] DEBUG Engine               - defaultCursor: CursorInfo(imageName=fxgl_default_cursor.png, hotspotX=7.0, hotspotY=6.0)
14:50:57.936 [FXGL Background Thread 3 ] DEBUG Engine               - devBBoxColorProperty: ObjectProperty [value: 0xff0000ff]
14:50:57.936 [FXGL Background Thread 3 ] DEBUG Engine               - devEnableDebugCameraProperty: BooleanProperty [value: false]
14:50:57.936 [FXGL Background Thread 3 ] DEBUG Engine               - devSensorColorProperty: ObjectProperty [value: 0xffff00ff]
14:50:57.936 [FXGL Background Thread 3 ] DEBUG Engine               - devShowBBoxProperty: BooleanProperty [value: false]
14:50:57.936 [FXGL Background Thread 3 ] DEBUG Engine               - devShowPositionProperty: BooleanProperty [value: false]
14:50:57.936 [FXGL Background Thread 3 ] DEBUG Engine               - enabledMenuItems: []
14:50:57.936 [FXGL Background Thread 3 ] DEBUG Engine               - engineServices: [class com.almasb.fxgl.app.services.FXGLAssetLoaderService, class com.almasb.fxgl.app.FXGLApplication$GameApplicationService, class com.almasb.fxgl.app.services.FXGLDialogService, class com.almasb.fxgl.app.services.IOTaskExecutorService, class com.almasb.fxgl.io.FileSystemService, class com.almasb.fxgl.localization.LocalizationService, class com.almasb.fxgl.app.services.SystemBundleService, class com.almasb.fxgl.profile.SaveLoadService, class com.almasb.fxgl.ui.FXGLUIFactoryServiceProvider, class com.almasb.fxgl.ui.FXGLDialogFactoryServiceProvider, class com.almasb.fxgl.audio.AudioPlayer, class com.almasb.fxgl.notification.impl.NotificationServiceProvider, class com.almasb.fxgl.achievement.AchievementService, class com.almasb.fxgl.cutscene.CutsceneService, class com.almasb.fxgl.minigames.MiniGameService, class com.almasb.fxgl.net.NetService, class com.almasb.fxgl.app.services.UpdaterService, class com.almasb.fxgl.dev.DevService]
14:50:57.936 [FXGL Background Thread 3 ] DEBUG Engine               - fontGame: Abel-Regular.ttf
14:50:57.936 [FXGL Background Thread 3 ] DEBUG Engine               - fontMono: lucida_console.ttf
14:50:57.936 [FXGL Background Thread 3 ] DEBUG Engine               - fontText: Courier-Prime.ttf
14:50:57.936 [FXGL Background Thread 3 ] DEBUG Engine               - fontUI: game_font.ttf
14:50:57.936 [FXGL Background Thread 3 ] DEBUG Engine               - fullScreen: BooleanProperty [value: false]
14:50:57.936 [FXGL Background Thread 3 ] DEBUG Engine               - gameDifficulty: MEDIUM
14:50:57.936 [FXGL Background Thread 3 ] DEBUG Engine               - gameDifficultyProperty: ObjectProperty [value: MEDIUM]
14:50:57.936 [FXGL Background Thread 3 ] DEBUG Engine               - globalMusicVolume: 0.5
14:50:57.936 [FXGL Background Thread 3 ] DEBUG Engine               - globalMusicVolumeProperty: DoubleProperty [value: 0.0]
14:50:57.936 [FXGL Background Thread 3 ] DEBUG Engine               - globalSoundVolume: 0.5
14:50:57.936 [FXGL Background Thread 3 ] DEBUG Engine               - globalSoundVolumeProperty: DoubleProperty [value: 0.5]
14:50:57.937 [FXGL Background Thread 3 ] DEBUG Engine               - height: 720
14:50:57.937 [FXGL Background Thread 3 ] DEBUG Engine               - is3D: false
14:50:57.937 [FXGL Background Thread 3 ] DEBUG Engine               - isAndroid: false
14:50:57.937 [FXGL Background Thread 3 ] DEBUG Engine               - isBrowser: false
14:50:57.937 [FXGL Background Thread 3 ] DEBUG Engine               - isClickFeedbackEnabled: false
14:50:57.937 [FXGL Background Thread 3 ] DEBUG Engine               - isCloseConfirmation: false
14:50:57.937 [FXGL Background Thread 3 ] DEBUG Engine               - isDesktop: true
14:50:57.937 [FXGL Background Thread 3 ] DEBUG Engine               - isDeveloperMenuEnabled: false
14:50:57.937 [FXGL Background Thread 3 ] DEBUG Engine               - isEntityPreloadEnabled: true
14:50:57.937 [FXGL Background Thread 3 ] DEBUG Engine               - isExperimentalTiledLargeMap: false
14:50:57.937 [FXGL Background Thread 3 ] DEBUG Engine               - isFileSystemWriteAllowed: true
14:50:57.937 [FXGL Background Thread 3 ] DEBUG Engine               - isFullScreenAllowed: true
14:50:57.937 [FXGL Background Thread 3 ] DEBUG Engine               - isFullScreenFromStart: false
14:50:57.937 [FXGL Background Thread 3 ] DEBUG Engine               - isGameMenuEnabled: true
14:50:57.937 [FXGL Background Thread 3 ] DEBUG Engine               - isIOS: false
14:50:57.937 [FXGL Background Thread 3 ] DEBUG Engine               - isIntroEnabled: false
14:50:57.937 [FXGL Background Thread 3 ] DEBUG Engine               - isLinux: false
14:50:57.937 [FXGL Background Thread 3 ] DEBUG Engine               - isMac: false
14:50:57.937 [FXGL Background Thread 3 ] DEBUG Engine               - isMainMenuEnabled: true
14:50:57.937 [FXGL Background Thread 3 ] DEBUG Engine               - isManualResizeEnabled: false
14:50:57.937 [FXGL Background Thread 3 ] DEBUG Engine               - isMobile: false
14:50:57.937 [FXGL Background Thread 3 ] DEBUG Engine               - isNative: false
14:50:57.937 [FXGL Background Thread 3 ] DEBUG Engine               - isPauseMusicWhenMinimized: true
14:50:57.937 [FXGL Background Thread 3 ] DEBUG Engine               - isPreserveResizeRatio: false
14:50:57.937 [FXGL Background Thread 3 ] DEBUG Engine               - isProfilingEnabled: false
14:50:57.937 [FXGL Background Thread 3 ] DEBUG Engine               - isScaleAffectedOnResize: true
14:50:57.937 [FXGL Background Thread 3 ] DEBUG Engine               - isSingleStep: false
14:50:57.937 [FXGL Background Thread 3 ] DEBUG Engine               - isUserProfileEnabled: false
14:50:57.937 [FXGL Background Thread 3 ] DEBUG Engine               - isWindows: true
14:50:57.937 [FXGL Background Thread 3 ] DEBUG Engine               - language: ObjectProperty [value: ENGLISH]
14:50:57.937 [FXGL Background Thread 3 ] DEBUG Engine               - menuKey: ESCAPE
14:50:57.937 [FXGL Background Thread 3 ] DEBUG Engine               - mouseSensitivity: 0.2
14:50:57.937 [FXGL Background Thread 3 ] DEBUG Engine               - notificationViewClass: class com.almasb.fxgl.notification.view.XboxNotificationView
14:50:57.937 [FXGL Background Thread 3 ] DEBUG Engine               - pixelsPerMeter: 50.0
14:50:57.937 [FXGL Background Thread 3 ] DEBUG Engine               - platform: WINDOWS
14:50:57.937 [FXGL Background Thread 3 ] DEBUG Engine               - prefHeightProperty: ReadOnlyDoubleProperty [value: 720.0]
14:50:57.937 [FXGL Background Thread 3 ] DEBUG Engine               - prefWidthProperty: ReadOnlyDoubleProperty [value: 1280.0]
14:50:57.937 [FXGL Background Thread 3 ] DEBUG Engine               - profileDir: profiles/
14:50:57.938 [FXGL Background Thread 3 ] DEBUG Engine               - profileName: StringProperty [value: DEFAULT]
14:50:57.938 [FXGL Background Thread 3 ] DEBUG Engine               - randomSeed: -1
14:50:57.938 [FXGL Background Thread 3 ] DEBUG Engine               - runtimeInfo: RuntimeInfo(platform=WINDOWS, version=11.17, build=16.07.2021 15.46)
14:50:57.938 [FXGL Background Thread 3 ] DEBUG Engine               - saveFileExt: sav
14:50:57.938 [FXGL Background Thread 3 ] DEBUG Engine               - scaledHeightProp$fxgl: DoubleProperty [bound, value: 720.0]
14:50:57.938 [FXGL Background Thread 3 ] DEBUG Engine               - scaledWidthProp$fxgl: DoubleProperty [bound, value: 1280.0]
14:50:57.938 [FXGL Background Thread 3 ] DEBUG Engine               - sceneFactory: Bomberman.BombermanGame$1@5a702704
14:50:57.938 [FXGL Background Thread 3 ] DEBUG Engine               - secondsIn24h: 60
14:50:57.938 [FXGL Background Thread 3 ] DEBUG Engine               - soundMenuBack: menu/back.wav
14:50:57.938 [FXGL Background Thread 3 ] DEBUG Engine               - soundMenuPress: menu/press.wav
14:50:57.938 [FXGL Background Thread 3 ] DEBUG Engine               - soundMenuSelect: menu/select.wav
14:50:57.938 [FXGL Background Thread 3 ] DEBUG Engine               - soundNotification: core/notification.wav
14:50:57.938 [FXGL Background Thread 3 ] DEBUG Engine               - stageStyle: DECORATED
14:50:57.938 [FXGL Background Thread 3 ] DEBUG Engine               - supportedLanguages: [ENGLISH, FRENCH, GERMAN, HUNGARIAN, RUSSIAN]
14:50:57.938 [FXGL Background Thread 3 ] DEBUG Engine               - ticksPerSecond: -1
14:50:57.938 [FXGL Background Thread 3 ] DEBUG Engine               - title: BOMBER
 MAN
14:50:57.938 [FXGL Background Thread 3 ] DEBUG Engine               - urlGithub: https://github.com/AlmasB/FXGL
14:50:57.938 [FXGL Background Thread 3 ] DEBUG Engine               - urlLeaderboard: http://fxgl-top.herokuapp.com/
14:50:57.938 [FXGL Background Thread 3 ] DEBUG Engine               - urlPOM: https://raw.githubusercontent.com/AlmasB/FXGL/release/README.md
14:50:57.938 [FXGL Background Thread 3 ] DEBUG Engine               - userAppClass: class Bomberman.BombermanGame
14:50:57.938 [FXGL Background Thread 3 ] DEBUG Engine               - version: 1.0
14:50:57.938 [FXGL Background Thread 3 ] DEBUG Engine               - versionCheckDays: 7
14:50:57.938 [FXGL Background Thread 3 ] DEBUG Engine               - width: 1280
14:50:57.938 [FXGL Background Thread 3 ] DEBUG Engine               - Logging services
14:50:57.938 [FXGL Background Thread 3 ] DEBUG Engine               - class com.almasb.fxgl.app.services.FXGLAssetLoaderService
14:50:57.938 [FXGL Background Thread 3 ] DEBUG Engine               - class com.almasb.fxgl.app.FXGLApplication$GameApplicationService
14:50:57.938 [FXGL Background Thread 3 ] DEBUG Engine               - class com.almasb.fxgl.app.services.FXGLDialogService
14:50:57.938 [FXGL Background Thread 3 ] DEBUG Engine               - class com.almasb.fxgl.app.services.IOTaskExecutorService
14:50:57.938 [FXGL Background Thread 3 ] DEBUG Engine               - class com.almasb.fxgl.io.FileSystemService
14:50:57.938 [FXGL Background Thread 3 ] DEBUG Engine               - class com.almasb.fxgl.localization.LocalizationService
14:50:57.938 [FXGL Background Thread 3 ] DEBUG Engine               - class com.almasb.fxgl.app.services.SystemBundleService
14:50:57.938 [FXGL Background Thread 3 ] DEBUG Engine               - class com.almasb.fxgl.profile.SaveLoadService
14:50:57.938 [FXGL Background Thread 3 ] DEBUG Engine               - class com.almasb.fxgl.ui.FXGLUIFactoryServiceProvider
14:50:57.938 [FXGL Background Thread 3 ] DEBUG Engine               - class com.almasb.fxgl.ui.FXGLDialogFactoryServiceProvider
14:50:57.938 [FXGL Background Thread 3 ] DEBUG Engine               - class com.almasb.fxgl.audio.AudioPlayer
14:50:57.938 [FXGL Background Thread 3 ] DEBUG Engine               - class com.almasb.fxgl.notification.impl.NotificationServiceProvider
14:50:57.938 [FXGL Background Thread 3 ] DEBUG Engine               - class com.almasb.fxgl.achievement.AchievementService
14:50:57.938 [FXGL Background Thread 3 ] DEBUG Engine               - class com.almasb.fxgl.cutscene.CutsceneService
14:50:57.938 [FXGL Background Thread 3 ] DEBUG Engine               - class com.almasb.fxgl.minigames.MiniGameService
14:50:57.938 [FXGL Background Thread 3 ] DEBUG Engine               - class com.almasb.fxgl.net.NetService
14:50:57.939 [FXGL Background Thread 3 ] DEBUG Engine               - class com.almasb.fxgl.app.services.UpdaterService
14:50:57.939 [FXGL Background Thread 3 ] DEBUG Engine               - class com.almasb.fxgl.dev.DevService
14:51:01.204 [JavaFX Application Thread] DEBUG PrimaryStageWindow   - Pop state: StageStartScene
14:51:01.204 [JavaFX Application Thread] DEBUG Input                - Clearing active input actions
14:51:01.205 [JavaFX Application Thread] DEBUG GameApplicationServi - Removing overlay from StageStartScene and adding to GameScene
14:51:01.205 [JavaFX Application Thread] DEBUG PrimaryStageWindow   - GameScene <- StageStartScene
14:51:02.548 [JavaFX Application Thread] DEBUG FXGLAssetLoaderServi - Loading from file system: file:/C:/Users/Admin/Desktop/Bomberman/target/classes/assets/sounds/place_bomb.wav
14:51:02.553 [JavaFX Application Thread] DEBUG FXGLAssetLoaderServi - Loading from file system: file:/C:/Users/Admin/Desktop/Bomberman/target/classes/assets/textures/bomb.png
14:51:04.580 [JavaFX Application Thread] DEBUG FXGLAssetLoaderServi - Loading from file system: file:/C:/Users/Admin/Desktop/Bomberman/target/classes/assets/sounds/explosion.wav
14:51:04.586 [JavaFX Application Thread] DEBUG FXGLAssetLoaderServi - Loading from file system: file:/C:/Users/Admin/Desktop/Bomberman/target/classes/assets/textures/central_flame.png
14:51:04.587 [JavaFX Application Thread] DEBUG FXGLAssetLoaderServi - Loading from file system: file:/C:/Users/Admin/Desktop/Bomberman/target/classes/assets/textures/top_up_flame.png
14:51:04.588 [JavaFX Application Thread] DEBUG FXGLAssetLoaderServi - Loading from file system: file:/C:/Users/Admin/Desktop/Bomberman/target/classes/assets/textures/top_down_flame.png
14:51:04.589 [JavaFX Application Thread] DEBUG FXGLAssetLoaderServi - Loading from file system: file:/C:/Users/Admin/Desktop/Bomberman/target/classes/assets/textures/top_right_flame.png
14:51:04.590 [JavaFX Application Thread] DEBUG FXGLAssetLoaderServi - Loading from file system: file:/C:/Users/Admin/Desktop/Bomberman/target/classes/assets/textures/top_left_flame.png
14:51:20.325 [JavaFX Application Thread] DEBUG FXGLAssetLoaderServi - Loading from file system: file:/C:/Users/Admin/Desktop/Bomberman/target/classes/assets/sounds/ending.wav
14:51:20.330 [JavaFX Application Thread] DEBUG PrimaryStageWindow   - Push state: EndingScene
14:51:20.330 [JavaFX Application Thread] DEBUG Input                - Clearing active input actions
14:51:20.331 [JavaFX Application Thread] DEBUG GameApplicationServi - Removing overlay from GameScene and adding to EndingScene
14:51:20.331 [JavaFX Application Thread] DEBUG PrimaryStageWindow   - GameScene -> EndingScene
14:51:27.429 [JavaFX Application Thread] DEBUG FXGLApplication      - Exiting FXGL
14:51:27.429 [JavaFX Application Thread] DEBUG LoopRunner           - Stopping loop
14:51:27.429 [JavaFX Application Thread] DEBUG SystemBundleService  - Saving FXGL system data
14:51:27.431 [JavaFX Application Thread] DEBUG FileSystemAccess     - Writing to: C:\Users\Admin\Desktop\Bomberman\system\fxgl.bundle
14:51:27.432 [JavaFX Application Thread] DEBUG Async                - Shutting down background threads
14:51:27.432 [JavaFX Application Thread] DEBUG PrimaryStageWindow   - Closing main window
14:51:27.444 [JavaFX Application Thread] DEBUG Logger               - Closing Logger
