10:38:11.298 [main                     ] DEBUG Logger               - Configured Logger
10:38:11.323 [main                     ] DEBUG GameApplication      - Logging settings
Title: BOMBER
 MAN
Version: 1.0
Width: 1280
Height: 720
Fullscreen: true
Intro: false
Profiling: false
Single step:false
App Mode: DEVELOPER
Menu Key: ESCAPE
Stage Style: DECORATED
Scene Factory: class Bomberman.BombermanGame$1

10:38:11.855 [JavaFX Application Thread] DEBUG FXGLApplication      - Initializing FXGL
10:38:11.858 [JavaFX Application Thread] INFO  Engine               - FXGL-11.17 (16.07.2021 15.46) on WINDOWS (J:11.0.16.1 FX:16)
10:38:11.859 [JavaFX Application Thread] DEBUG Engine               - JRE Vendor Name: Oracle Corporation
10:38:11.859 [JavaFX Application Thread] DEBUG Engine               - Running on OS: Windows 11 version 10.0
10:38:11.859 [JavaFX Application Thread] DEBUG Engine               - Architecture: amd64
10:38:11.859 [JavaFX Application Thread] INFO  Engine               - Source code and latest versions at: https://github.com/AlmasB/FXGL
10:38:11.860 [JavaFX Application Thread] INFO  Engine               -              Join the FXGL chat at: https://gitter.im/AlmasB/FXGL
10:38:12.019 [JavaFX Application Thread] DEBUG PrimaryStageWindow   - Creating a JavaFX scene
10:38:12.091 [JavaFX Application Thread] DEBUG PrimaryStageWindow   - Target settings size: 1280.0 x 720.0
10:38:12.091 [JavaFX Application Thread] DEBUG PrimaryStageWindow   - Scaled scene size:    1280.0 x 720.0
10:38:12.091 [JavaFX Application Thread] DEBUG PrimaryStageWindow   - Scaled ratio: (1.0, 1.0)
10:38:12.092 [JavaFX Application Thread] DEBUG PrimaryStageWindow   - Set initial scene to FXGLStartupScene
10:38:12.106 [JavaFX Application Thread] DEBUG PrimaryStageWindow   - Opening main window
10:38:12.229 [JavaFX Application Thread] DEBUG PrimaryStageWindow   - Window border size: (13.0, 35.5)
10:38:12.229 [JavaFX Application Thread] DEBUG PrimaryStageWindow   - Scaled size: 1280.0 x 720.0
10:38:12.229 [JavaFX Application Thread] DEBUG PrimaryStageWindow   - Scaled ratio: (1.0, 1.0)
10:38:12.229 [JavaFX Application Thread] DEBUG PrimaryStageWindow   - Scene size: 1280.0 x 720.0
10:38:12.230 [JavaFX Application Thread] DEBUG PrimaryStageWindow   - Stage size: 1293.0 x 755.5
10:38:12.240 [FXGL Background Thread 1 ] DEBUG Engine               - Initializing environment variables
10:38:12.325 [FXGL Background Thread 1 ] DEBUG FXGLAssetLoaderServi - User app class for loading assets: class Bomberman.BombermanGame
10:38:12.325 [FXGL Background Thread 1 ] DEBUG GameApplicationServi - Applying CSS: fxgl_dark.css
10:38:12.326 [FXGL Background Thread 1 ] DEBUG FXGLAssetLoaderServi - Loading from file system: jar:file:/C:/Users/Admin/.m2/repository/com/github/almasb/fxgl/11.17/fxgl-11.17.jar!/fxglassets/ui/css/fxgl_dark.css
10:38:12.391 [FXGL Background Thread 1 ] DEBUG GameApplicationServi - Initializing application scenes
10:38:12.440 [FXGL Background Thread 1 ] DEBUG GameWorld            - Game world initialized
10:38:12.517 [FXGL Background Thread 1 ] DEBUG PhysicsWorld         - Physics world initialized: appHeight=720, physics.ppm=50.0
10:38:12.517 [FXGL Background Thread 1 ] DEBUG PhysicsWorld         - Using strategy: BRUTE_FORCE
10:38:12.521 [FXGL Background Thread 1 ] DEBUG GameScene            - Game scene initialized: 1280x720
10:38:12.673 [FXGL Background Thread 1 ] DEBUG GameApplicationServi - Application scenes initialized
10:38:12.689 [FXGL Background Thread 1 ] DEBUG SystemBundleService  - Loading FXGL system data
10:38:12.694 [FXGL Background Thread 1 ] DEBUG FileSystemAccess     - Reading from: C:\Users\Admin\Desktop\Github\Bomberman\system\fxgl.bundle
10:38:12.701 [FXGL Background Thread 1 ] DEBUG SystemBundleService  - Bundle FXGL: {}
10:38:12.702 [FXGL Background Thread 1 ] DEBUG UpdaterService       - Checking for updates
10:38:12.708 [FXGL Background Thread 4 ] DEBUG FXGLApplication      - Loading fonts
10:38:12.709 [FXGL Background Thread 1 ] DEBUG FXGLApplication      - Loading default localization
10:38:12.709 [FXGL Background Thread 4 ] DEBUG FXGLAssetLoaderServi - Loading from file system: file:/C:/Users/Admin/Desktop/Github/Bomberman/target/classes/assets/ui/fonts/game_font.ttf
10:38:12.709 [FXGL Background Thread 1 ] DEBUG FXGLAssetLoaderServi - Loading from file system: jar:file:/C:/Users/Admin/.m2/repository/com/github/almasb/fxgl/11.17/fxgl-11.17.jar!/fxglassets/languages/english.lang
10:38:12.729 [FXGL Background Thread 1 ] INFO  FXGLApplication      - FXGL initialization took: 0.489 sec
10:38:12.749 [JavaFX Application Thread] DEBUG Input                - Registered new binding: Move Left - A
10:38:12.749 [JavaFX Application Thread] DEBUG Input                - Registered new binding: Move Right - D
10:38:12.750 [JavaFX Application Thread] DEBUG Input                - Registered new binding: Move Up - W
10:38:12.750 [JavaFX Application Thread] DEBUG Input                - Registered new binding: Move Down - S
10:38:12.750 [JavaFX Application Thread] DEBUG Input                - Registered new binding: Place Bomb - Space
10:38:12.750 [JavaFX Application Thread] DEBUG Input                - Registered new binding: Switch to classic bomb - 1
10:38:12.750 [JavaFX Application Thread] DEBUG Input                - Registered new binding: Switch to lazer bomb - 2
10:38:12.751 [JavaFX Application Thread] DEBUG Input                - Registered new binding: Switch to light bomb - 3
10:38:12.751 [JavaFX Application Thread] DEBUG Input                - Registered new binding: Exit game - Esc
10:38:12.751 [JavaFX Application Thread] DEBUG Input                - Registered new binding: Next level - P
10:38:12.751 [JavaFX Application Thread] DEBUG Input                - Registered new binding: Developer Mode - O
10:38:12.753 [JavaFX Application Thread] DEBUG FXGLAssetLoaderServi - Loading from file system: file:/C:/Users/Admin/Desktop/Github/Bomberman/target/classes/assets/music/stage_theme.mp3
10:38:13.066 [JavaFX Application Thread] DEBUG AudioPlayer          - Playing music com.almasb.fxgl.audio.Music@3190d257
10:38:13.068 [JavaFX Application Thread] DEBUG FXGLAssetLoaderServi - Loading from file system: jar:file:/C:/Users/Admin/.m2/repository/com/github/almasb/fxgl/11.17/fxgl-11.17.jar!/fxglassets/textures/fxgl_icon.png
10:38:13.120 [JavaFX Application Thread] DEBUG FXGLAssetLoaderServi - Loading from file system: jar:file:/C:/Users/Admin/.m2/repository/com/github/almasb/fxgl/11.17/fxgl-11.17.jar!/fxglassets/textures/fxgl_default_cursor.png
10:38:13.125 [JavaFX Application Thread] DEBUG Input                - Registered new binding: Screenshot - CTRL+8
10:38:13.126 [JavaFX Application Thread] DEBUG Input                - Registered new binding: System info dump - CTRL+9
10:38:13.127 [JavaFX Application Thread] DEBUG Input                - Registered new binding: Restart - CTRL+R
10:38:13.128 [JavaFX Application Thread] DEBUG Input                - Registered new binding: Toggle Debug Camera - CTRL+C
10:38:13.133 [JavaFX Application Thread] DEBUG LoopRunner           - Starting loop
10:38:13.133 [JavaFX Application Thread] DEBUG LoopRunner           - Initializing JavaFX AnimationTimerLoop
10:38:13.139 [JavaFX Application Thread] DEBUG Input                - Clearing active input actions
10:38:13.156 [JavaFX Application Thread] DEBUG GameApplicationServi - Removing overlay from FXGLStartupScene and adding to FXGLMainMenuDummyScene
10:38:13.157 [JavaFX Application Thread] DEBUG PrimaryStageWindow   - FXGLStartupScene -> FXGLMainMenuDummyScene
10:38:13.157 [JavaFX Application Thread] DEBUG PrimaryStageWindow   - Push state: MainMenu
10:38:13.158 [JavaFX Application Thread] DEBUG Input                - Clearing active input actions
10:38:13.166 [JavaFX Application Thread] DEBUG GameApplicationServi - Removing overlay from FXGLMainMenuDummyScene and adding to MainMenu
10:38:13.167 [JavaFX Application Thread] DEBUG PrimaryStageWindow   - FXGLMainMenuDummyScene -> MainMenu
10:38:13.288 [FXGL Background Thread 4 ] DEBUG FXGLAssetLoaderServi - Loading from file system: jar:file:/C:/Users/Admin/.m2/repository/com/github/almasb/fxgl/11.17/fxgl-11.17.jar!/fxglassets/ui/fonts/Abel-Regular.ttf
10:38:13.293 [FXGL Background Thread 4 ] DEBUG FXGLAssetLoaderServi - Loading from file system: jar:file:/C:/Users/Admin/.m2/repository/com/github/almasb/fxgl/11.17/fxgl-11.17.jar!/fxglassets/ui/fonts/lucida_console.ttf
10:38:13.300 [FXGL Background Thread 4 ] DEBUG FXGLAssetLoaderServi - Loading from file system: jar:file:/C:/Users/Admin/.m2/repository/com/github/almasb/fxgl/11.17/fxgl-11.17.jar!/fxglassets/ui/fonts/Courier-Prime.ttf
10:38:13.308 [JavaFX Application Thread] DEBUG FXGLApplication      - Registering font factories with UI factory
10:38:15.707 [FXGL Background Thread 3 ] DEBUG Engine               - Logging environment variables
10:38:15.707 [FXGL Background Thread 3 ] DEBUG Engine               - achievements: []
10:38:15.707 [FXGL Background Thread 3 ] DEBUG Engine               - actualHeight: 720.0
10:38:15.709 [FXGL Background Thread 3 ] DEBUG Engine               - actualHeightProperty: ReadOnlyDoubleProperty [value: 720.0]
10:38:15.709 [FXGL Background Thread 3 ] DEBUG Engine               - actualWidth: 1280.0
10:38:15.709 [FXGL Background Thread 3 ] DEBUG Engine               - actualWidthProperty: ReadOnlyDoubleProperty [value: 1280.0]
10:38:15.709 [FXGL Background Thread 3 ] DEBUG Engine               - appIcon: fxgl_icon.png
10:38:15.709 [FXGL Background Thread 3 ] DEBUG Engine               - applicationMode: DEVELOPER
10:38:15.709 [FXGL Background Thread 3 ] DEBUG Engine               - cSSList: [fxgl_dark.css]
10:38:15.709 [FXGL Background Thread 3 ] DEBUG Engine               - collisionDetectionStrategy: BRUTE_FORCE
10:38:15.709 [FXGL Background Thread 3 ] DEBUG Engine               - configClass: Optional.empty
10:38:15.709 [FXGL Background Thread 3 ] DEBUG Engine               - credits: []
10:38:15.709 [FXGL Background Thread 3 ] DEBUG Engine               - defaultCursor: CursorInfo(imageName=fxgl_default_cursor.png, hotspotX=7.0, hotspotY=6.0)
10:38:15.709 [FXGL Background Thread 3 ] DEBUG Engine               - devBBoxColorProperty: ObjectProperty [value: 0xff0000ff]
10:38:15.710 [FXGL Background Thread 3 ] DEBUG Engine               - devEnableDebugCameraProperty: BooleanProperty [value: false]
10:38:15.711 [FXGL Background Thread 3 ] DEBUG Engine               - devSensorColorProperty: ObjectProperty [value: 0xffff00ff]
10:38:15.711 [FXGL Background Thread 3 ] DEBUG Engine               - devShowBBoxProperty: BooleanProperty [value: false]
10:38:15.711 [FXGL Background Thread 3 ] DEBUG Engine               - devShowPositionProperty: BooleanProperty [value: false]
10:38:15.711 [FXGL Background Thread 3 ] DEBUG Engine               - enabledMenuItems: []
10:38:15.711 [FXGL Background Thread 3 ] DEBUG Engine               - engineServices: [class com.almasb.fxgl.app.services.FXGLAssetLoaderService, class com.almasb.fxgl.app.FXGLApplication$GameApplicationService, class com.almasb.fxgl.app.services.FXGLDialogService, class com.almasb.fxgl.app.services.IOTaskExecutorService, class com.almasb.fxgl.io.FileSystemService, class com.almasb.fxgl.localization.LocalizationService, class com.almasb.fxgl.app.services.SystemBundleService, class com.almasb.fxgl.profile.SaveLoadService, class com.almasb.fxgl.ui.FXGLUIFactoryServiceProvider, class com.almasb.fxgl.ui.FXGLDialogFactoryServiceProvider, class com.almasb.fxgl.audio.AudioPlayer, class com.almasb.fxgl.notification.impl.NotificationServiceProvider, class com.almasb.fxgl.achievement.AchievementService, class com.almasb.fxgl.cutscene.CutsceneService, class com.almasb.fxgl.minigames.MiniGameService, class com.almasb.fxgl.net.NetService, class com.almasb.fxgl.app.services.UpdaterService, class com.almasb.fxgl.dev.DevService]
10:38:15.711 [FXGL Background Thread 3 ] DEBUG Engine               - fontGame: Abel-Regular.ttf
10:38:15.711 [FXGL Background Thread 3 ] DEBUG Engine               - fontMono: lucida_console.ttf
10:38:15.711 [FXGL Background Thread 3 ] DEBUG Engine               - fontText: Courier-Prime.ttf
10:38:15.711 [FXGL Background Thread 3 ] DEBUG Engine               - fontUI: game_font.ttf
10:38:15.711 [FXGL Background Thread 3 ] DEBUG Engine               - fullScreen: BooleanProperty [value: false]
10:38:15.711 [FXGL Background Thread 3 ] DEBUG Engine               - gameDifficulty: MEDIUM
10:38:15.711 [FXGL Background Thread 3 ] DEBUG Engine               - gameDifficultyProperty: ObjectProperty [value: MEDIUM]
10:38:15.711 [FXGL Background Thread 3 ] DEBUG Engine               - globalMusicVolume: 0.5
10:38:15.711 [FXGL Background Thread 3 ] DEBUG Engine               - globalMusicVolumeProperty: DoubleProperty [value: 0.5]
10:38:15.711 [FXGL Background Thread 3 ] DEBUG Engine               - globalSoundVolume: 0.5
10:38:15.711 [FXGL Background Thread 3 ] DEBUG Engine               - globalSoundVolumeProperty: DoubleProperty [value: 0.5]
10:38:15.712 [FXGL Background Thread 3 ] DEBUG Engine               - height: 720
10:38:15.712 [FXGL Background Thread 3 ] DEBUG Engine               - is3D: false
10:38:15.712 [FXGL Background Thread 3 ] DEBUG Engine               - isAndroid: false
10:38:15.712 [FXGL Background Thread 3 ] DEBUG Engine               - isBrowser: false
10:38:15.712 [FXGL Background Thread 3 ] DEBUG Engine               - isClickFeedbackEnabled: false
10:38:15.712 [FXGL Background Thread 3 ] DEBUG Engine               - isCloseConfirmation: false
10:38:15.712 [FXGL Background Thread 3 ] DEBUG Engine               - isDesktop: true
10:38:15.712 [FXGL Background Thread 3 ] DEBUG Engine               - isDeveloperMenuEnabled: false
10:38:15.712 [FXGL Background Thread 3 ] DEBUG Engine               - isEntityPreloadEnabled: true
10:38:15.712 [FXGL Background Thread 3 ] DEBUG Engine               - isExperimentalTiledLargeMap: false
10:38:15.712 [FXGL Background Thread 3 ] DEBUG Engine               - isFileSystemWriteAllowed: true
10:38:15.712 [FXGL Background Thread 3 ] DEBUG Engine               - isFullScreenAllowed: true
10:38:15.712 [FXGL Background Thread 3 ] DEBUG Engine               - isFullScreenFromStart: false
10:38:15.712 [FXGL Background Thread 3 ] DEBUG Engine               - isGameMenuEnabled: true
10:38:15.712 [FXGL Background Thread 3 ] DEBUG Engine               - isIOS: false
10:38:15.712 [FXGL Background Thread 3 ] DEBUG Engine               - isIntroEnabled: false
10:38:15.712 [FXGL Background Thread 3 ] DEBUG Engine               - isLinux: false
10:38:15.712 [FXGL Background Thread 3 ] DEBUG Engine               - isMac: false
10:38:15.712 [FXGL Background Thread 3 ] DEBUG Engine               - isMainMenuEnabled: true
10:38:15.712 [FXGL Background Thread 3 ] DEBUG Engine               - isManualResizeEnabled: false
10:38:15.713 [FXGL Background Thread 3 ] DEBUG Engine               - isMobile: false
10:38:15.713 [FXGL Background Thread 3 ] DEBUG Engine               - isNative: false
10:38:15.713 [FXGL Background Thread 3 ] DEBUG Engine               - isPauseMusicWhenMinimized: true
10:38:15.713 [FXGL Background Thread 3 ] DEBUG Engine               - isPreserveResizeRatio: false
10:38:15.713 [FXGL Background Thread 3 ] DEBUG Engine               - isProfilingEnabled: false
10:38:15.713 [FXGL Background Thread 3 ] DEBUG Engine               - isScaleAffectedOnResize: true
10:38:15.713 [FXGL Background Thread 3 ] DEBUG Engine               - isSingleStep: false
10:38:15.713 [FXGL Background Thread 3 ] DEBUG Engine               - isUserProfileEnabled: false
10:38:15.713 [FXGL Background Thread 3 ] DEBUG Engine               - isWindows: true
10:38:15.714 [FXGL Background Thread 3 ] DEBUG Engine               - language: ObjectProperty [value: ENGLISH]
10:38:15.714 [FXGL Background Thread 3 ] DEBUG Engine               - menuKey: ESCAPE
10:38:15.714 [FXGL Background Thread 3 ] DEBUG Engine               - mouseSensitivity: 0.2
10:38:15.714 [FXGL Background Thread 3 ] DEBUG Engine               - notificationViewClass: class com.almasb.fxgl.notification.view.XboxNotificationView
10:38:15.714 [FXGL Background Thread 3 ] DEBUG Engine               - pixelsPerMeter: 50.0
10:38:15.714 [FXGL Background Thread 3 ] DEBUG Engine               - platform: WINDOWS
10:38:15.714 [FXGL Background Thread 3 ] DEBUG Engine               - prefHeightProperty: ReadOnlyDoubleProperty [value: 720.0]
10:38:15.714 [FXGL Background Thread 3 ] DEBUG Engine               - prefWidthProperty: ReadOnlyDoubleProperty [value: 1280.0]
10:38:15.714 [FXGL Background Thread 3 ] DEBUG Engine               - profileDir: profiles/
10:38:15.714 [FXGL Background Thread 3 ] DEBUG Engine               - profileName: StringProperty [value: DEFAULT]
10:38:15.714 [FXGL Background Thread 3 ] DEBUG Engine               - randomSeed: -1
10:38:15.714 [FXGL Background Thread 3 ] DEBUG Engine               - runtimeInfo: RuntimeInfo(platform=WINDOWS, version=11.17, build=16.07.2021 15.46)
10:38:15.714 [FXGL Background Thread 3 ] DEBUG Engine               - saveFileExt: sav
10:38:15.714 [FXGL Background Thread 3 ] DEBUG Engine               - scaledHeightProp$fxgl: DoubleProperty [bound, value: 720.0]
10:38:15.714 [FXGL Background Thread 3 ] DEBUG Engine               - scaledWidthProp$fxgl: DoubleProperty [bound, value: 1280.0]
10:38:15.714 [FXGL Background Thread 3 ] DEBUG Engine               - sceneFactory: Bomberman.BombermanGame$1@29314c97
10:38:15.714 [FXGL Background Thread 3 ] DEBUG Engine               - secondsIn24h: 60
10:38:15.714 [FXGL Background Thread 3 ] DEBUG Engine               - soundMenuBack: menu/back.wav
10:38:15.715 [FXGL Background Thread 3 ] DEBUG Engine               - soundMenuPress: menu/press.wav
10:38:15.715 [FXGL Background Thread 3 ] DEBUG Engine               - soundMenuSelect: menu/select.wav
10:38:15.715 [FXGL Background Thread 3 ] DEBUG Engine               - soundNotification: core/notification.wav
10:38:15.715 [FXGL Background Thread 3 ] DEBUG Engine               - stageStyle: DECORATED
10:38:15.715 [FXGL Background Thread 3 ] DEBUG Engine               - supportedLanguages: [ENGLISH, FRENCH, GERMAN, HUNGARIAN, RUSSIAN]
10:38:15.715 [FXGL Background Thread 3 ] DEBUG Engine               - ticksPerSecond: -1
10:38:15.715 [FXGL Background Thread 3 ] DEBUG Engine               - title: BOMBER
 MAN
10:38:15.715 [FXGL Background Thread 3 ] DEBUG Engine               - urlGithub: https://github.com/AlmasB/FXGL
10:38:15.715 [FXGL Background Thread 3 ] DEBUG Engine               - urlLeaderboard: http://fxgl-top.herokuapp.com/
10:38:15.715 [FXGL Background Thread 3 ] DEBUG Engine               - urlPOM: https://raw.githubusercontent.com/AlmasB/FXGL/release/README.md
10:38:15.715 [FXGL Background Thread 3 ] DEBUG Engine               - userAppClass: class Bomberman.BombermanGame
10:38:15.715 [FXGL Background Thread 3 ] DEBUG Engine               - version: 1.0
10:38:15.715 [FXGL Background Thread 3 ] DEBUG Engine               - versionCheckDays: 7
10:38:15.715 [FXGL Background Thread 3 ] DEBUG Engine               - width: 1280
10:38:15.715 [FXGL Background Thread 3 ] DEBUG Engine               - Logging services
10:38:15.715 [FXGL Background Thread 3 ] DEBUG Engine               - class com.almasb.fxgl.app.services.FXGLAssetLoaderService
10:38:15.715 [FXGL Background Thread 3 ] DEBUG Engine               - class com.almasb.fxgl.app.FXGLApplication$GameApplicationService
10:38:15.715 [FXGL Background Thread 3 ] DEBUG Engine               - class com.almasb.fxgl.app.services.FXGLDialogService
10:38:15.715 [FXGL Background Thread 3 ] DEBUG Engine               - class com.almasb.fxgl.app.services.IOTaskExecutorService
10:38:15.715 [FXGL Background Thread 3 ] DEBUG Engine               - class com.almasb.fxgl.io.FileSystemService
10:38:15.715 [FXGL Background Thread 3 ] DEBUG Engine               - class com.almasb.fxgl.localization.LocalizationService
10:38:15.715 [FXGL Background Thread 3 ] DEBUG Engine               - class com.almasb.fxgl.app.services.SystemBundleService
10:38:15.715 [FXGL Background Thread 3 ] DEBUG Engine               - class com.almasb.fxgl.profile.SaveLoadService
10:38:15.715 [FXGL Background Thread 3 ] DEBUG Engine               - class com.almasb.fxgl.ui.FXGLUIFactoryServiceProvider
10:38:15.715 [FXGL Background Thread 3 ] DEBUG Engine               - class com.almasb.fxgl.ui.FXGLDialogFactoryServiceProvider
10:38:15.715 [FXGL Background Thread 3 ] DEBUG Engine               - class com.almasb.fxgl.audio.AudioPlayer
10:38:15.715 [FXGL Background Thread 3 ] DEBUG Engine               - class com.almasb.fxgl.notification.impl.NotificationServiceProvider
10:38:15.716 [FXGL Background Thread 3 ] DEBUG Engine               - class com.almasb.fxgl.achievement.AchievementService
10:38:15.716 [FXGL Background Thread 3 ] DEBUG Engine               - class com.almasb.fxgl.cutscene.CutsceneService
10:38:15.716 [FXGL Background Thread 3 ] DEBUG Engine               - class com.almasb.fxgl.minigames.MiniGameService
10:38:15.716 [FXGL Background Thread 3 ] DEBUG Engine               - class com.almasb.fxgl.net.NetService
10:38:15.716 [FXGL Background Thread 3 ] DEBUG Engine               - class com.almasb.fxgl.app.services.UpdaterService
10:38:15.716 [FXGL Background Thread 3 ] DEBUG Engine               - class com.almasb.fxgl.dev.DevService
10:38:15.763 [FXGL Background Thread 2 ] INFO  UpdaterService       - Your current version:  11.17
10:38:15.764 [FXGL Background Thread 2 ] INFO  UpdaterService       - Latest stable version: 17.2
10:39:05.779 [JavaFX Application Thread] DEBUG FXGLApplication      - Exiting FXGL
10:39:05.780 [JavaFX Application Thread] DEBUG LoopRunner           - Stopping loop
10:39:05.780 [JavaFX Application Thread] DEBUG SystemBundleService  - Saving FXGL system data
10:39:05.783 [JavaFX Application Thread] DEBUG FileSystemAccess     - Writing to: C:\Users\Admin\Desktop\Github\Bomberman\system\fxgl.bundle
10:39:05.785 [JavaFX Application Thread] DEBUG Async                - Shutting down background threads
10:39:05.785 [JavaFX Application Thread] DEBUG PrimaryStageWindow   - Closing main window
10:39:05.805 [JavaFX Application Thread] DEBUG Logger               - Closing Logger
