20:34:37.768 [main                     ] DEBUG Logger               - Configured Logger
20:34:37.789 [main                     ] DEBUG GameApplication      - Logging settings
Title: BOMBER
 MAN
Version: 1.0
Width: 1280
Height: 720
Fullscreen: true
Intro: false
Profiling: false
Single step:false
App Mode: DEVELOPER
Menu Key: ESCAPE
Stage Style: DECORATED
Scene Factory: class Bomberman.BombermanGame$1

20:34:38.252 [JavaFX Application Thread] DEBUG FXGLApplication      - Initializing FXGL
20:34:38.255 [JavaFX Application Thread] INFO  Engine               - FXGL-11.17 (16.07.2021 15.46) on WINDOWS (J:11.0.16.1 FX:16)
20:34:38.255 [JavaFX Application Thread] DEBUG Engine               - JRE Vendor Name: Oracle Corporation
20:34:38.256 [JavaFX Application Thread] DEBUG Engine               - Running on OS: Windows 11 version 10.0
20:34:38.256 [JavaFX Application Thread] DEBUG Engine               - Architecture: amd64
20:34:38.256 [JavaFX Application Thread] INFO  Engine               - Source code and latest versions at: https://github.com/AlmasB/FXGL
20:34:38.256 [JavaFX Application Thread] INFO  Engine               -              Join the FXGL chat at: https://gitter.im/AlmasB/FXGL
20:34:38.380 [JavaFX Application Thread] DEBUG PrimaryStageWindow   - Creating a JavaFX scene
20:34:38.442 [JavaFX Application Thread] DEBUG PrimaryStageWindow   - Target settings size: 1280.0 x 720.0
20:34:38.442 [JavaFX Application Thread] DEBUG PrimaryStageWindow   - Scaled scene size:    1280.0 x 720.0
20:34:38.442 [JavaFX Application Thread] DEBUG PrimaryStageWindow   - Scaled ratio: (1.0, 1.0)
20:34:38.444 [JavaFX Application Thread] DEBUG PrimaryStageWindow   - Set initial scene to FXGLStartupScene
20:34:38.454 [JavaFX Application Thread] DEBUG PrimaryStageWindow   - Opening main window
20:34:38.575 [JavaFX Application Thread] DEBUG PrimaryStageWindow   - Window border size: (13.0, 35.5)
20:34:38.575 [JavaFX Application Thread] DEBUG PrimaryStageWindow   - Scaled size: 1280.0 x 720.0
20:34:38.575 [JavaFX Application Thread] DEBUG PrimaryStageWindow   - Scaled ratio: (1.0, 1.0)
20:34:38.575 [JavaFX Application Thread] DEBUG PrimaryStageWindow   - Scene size: 1280.0 x 720.0
20:34:38.575 [JavaFX Application Thread] DEBUG PrimaryStageWindow   - Stage size: 1293.0 x 755.5
20:34:38.585 [FXGL Background Thread 1 ] DEBUG Engine               - Initializing environment variables
20:34:38.677 [FXGL Background Thread 1 ] DEBUG FXGLAssetLoaderServi - User app class for loading assets: class Bomberman.BombermanGame
20:34:38.677 [FXGL Background Thread 1 ] DEBUG GameApplicationServi - Applying CSS: fxgl_dark.css
20:34:38.678 [FXGL Background Thread 1 ] DEBUG FXGLAssetLoaderServi - Loading from file system: jar:file:/C:/Users/Admin/.m2/repository/com/github/almasb/fxgl/11.17/fxgl-11.17.jar!/fxglassets/ui/css/fxgl_dark.css
20:34:38.740 [FXGL Background Thread 1 ] DEBUG GameApplicationServi - Initializing application scenes
20:34:38.804 [FXGL Background Thread 1 ] DEBUG GameWorld            - Game world initialized
20:34:38.887 [FXGL Background Thread 1 ] DEBUG PhysicsWorld         - Physics world initialized: appHeight=720, physics.ppm=50.0
20:34:38.887 [FXGL Background Thread 1 ] DEBUG PhysicsWorld         - Using strategy: BRUTE_FORCE
20:34:38.892 [FXGL Background Thread 1 ] DEBUG GameScene            - Game scene initialized: 1280x720
20:34:39.021 [FXGL Background Thread 1 ] DEBUG GameApplicationServi - Application scenes initialized
20:34:39.032 [FXGL Background Thread 1 ] DEBUG SystemBundleService  - Loading FXGL system data
20:34:39.037 [FXGL Background Thread 1 ] DEBUG FileSystemAccess     - Reading from: C:\Users\Admin\Desktop\Bomberman\system\fxgl.bundle
20:34:39.044 [FXGL Background Thread 1 ] DEBUG SystemBundleService  - Bundle FXGL: {}
20:34:39.045 [FXGL Background Thread 1 ] DEBUG UpdaterService       - Checking for updates
20:34:39.052 [FXGL Background Thread 4 ] DEBUG FXGLApplication      - Loading fonts
20:34:39.052 [FXGL Background Thread 4 ] DEBUG FXGLAssetLoaderServi - Loading from file system: file:/C:/Users/Admin/Desktop/Bomberman/target/classes/assets/ui/fonts/game_font.ttf
20:34:39.052 [FXGL Background Thread 1 ] DEBUG FXGLApplication      - Loading default localization
20:34:39.053 [FXGL Background Thread 1 ] DEBUG FXGLAssetLoaderServi - Loading from file system: jar:file:/C:/Users/Admin/.m2/repository/com/github/almasb/fxgl/11.17/fxgl-11.17.jar!/fxglassets/languages/english.lang
20:34:39.071 [FXGL Background Thread 1 ] INFO  FXGLApplication      - FXGL initialization took: 0.486 sec
20:34:39.085 [JavaFX Application Thread] DEBUG Input                - Registered new binding: Move Left - A
20:34:39.085 [JavaFX Application Thread] DEBUG Input                - Registered new binding: Move Right - D
20:34:39.086 [JavaFX Application Thread] DEBUG Input                - Registered new binding: Move Up - W
20:34:39.086 [JavaFX Application Thread] DEBUG Input                - Registered new binding: Move Down - S
20:34:39.086 [JavaFX Application Thread] DEBUG Input                - Registered new binding: Place Bomb - Space
20:34:39.086 [JavaFX Application Thread] DEBUG Input                - Registered new binding: Switch to classic bomb - 1
20:34:39.086 [JavaFX Application Thread] DEBUG Input                - Registered new binding: Switch to lazer bomb - 2
20:34:39.086 [JavaFX Application Thread] DEBUG Input                - Registered new binding: Switch to light bomb - 3
20:34:39.087 [JavaFX Application Thread] DEBUG Input                - Registered new binding: Next level - P
20:34:39.087 [JavaFX Application Thread] DEBUG Input                - Registered new binding: Developer Mode - O
20:34:39.088 [JavaFX Application Thread] DEBUG FXGLAssetLoaderServi - Loading from file system: file:/C:/Users/Admin/Desktop/Bomberman/target/classes/assets/music/stage_theme.mp3
20:34:39.365 [JavaFX Application Thread] DEBUG AudioPlayer          - Playing music com.almasb.fxgl.audio.Music@3c395ea4
20:34:39.367 [JavaFX Application Thread] DEBUG FXGLAssetLoaderServi - Loading from file system: jar:file:/C:/Users/Admin/.m2/repository/com/github/almasb/fxgl/11.17/fxgl-11.17.jar!/fxglassets/textures/fxgl_icon.png
20:34:39.408 [JavaFX Application Thread] DEBUG FXGLAssetLoaderServi - Loading from file system: jar:file:/C:/Users/Admin/.m2/repository/com/github/almasb/fxgl/11.17/fxgl-11.17.jar!/fxglassets/textures/fxgl_default_cursor.png
20:34:39.413 [JavaFX Application Thread] DEBUG Input                - Registered new binding: Screenshot - CTRL+8
20:34:39.414 [JavaFX Application Thread] DEBUG Input                - Registered new binding: System info dump - CTRL+9
20:34:39.415 [JavaFX Application Thread] DEBUG Input                - Registered new binding: Restart - CTRL+R
20:34:39.416 [JavaFX Application Thread] DEBUG Input                - Registered new binding: Toggle Debug Camera - CTRL+C
20:34:39.421 [JavaFX Application Thread] DEBUG LoopRunner           - Starting loop
20:34:39.421 [JavaFX Application Thread] DEBUG LoopRunner           - Initializing JavaFX AnimationTimerLoop
20:34:39.427 [JavaFX Application Thread] DEBUG Input                - Clearing active input actions
20:34:39.444 [JavaFX Application Thread] DEBUG GameApplicationServi - Removing overlay from FXGLStartupScene and adding to FXGLMainMenuDummyScene
20:34:39.444 [JavaFX Application Thread] DEBUG PrimaryStageWindow   - FXGLStartupScene -> FXGLMainMenuDummyScene
20:34:39.445 [JavaFX Application Thread] DEBUG PrimaryStageWindow   - Push state: MainMenu
20:34:39.445 [JavaFX Application Thread] DEBUG Input                - Clearing active input actions
20:34:39.454 [JavaFX Application Thread] DEBUG GameApplicationServi - Removing overlay from FXGLMainMenuDummyScene and adding to MainMenu
20:34:39.455 [JavaFX Application Thread] DEBUG PrimaryStageWindow   - FXGLMainMenuDummyScene -> MainMenu
20:34:39.561 [FXGL Background Thread 4 ] DEBUG FXGLAssetLoaderServi - Loading from file system: jar:file:/C:/Users/Admin/.m2/repository/com/github/almasb/fxgl/11.17/fxgl-11.17.jar!/fxglassets/ui/fonts/Abel-Regular.ttf
20:34:39.568 [FXGL Background Thread 4 ] DEBUG FXGLAssetLoaderServi - Loading from file system: jar:file:/C:/Users/Admin/.m2/repository/com/github/almasb/fxgl/11.17/fxgl-11.17.jar!/fxglassets/ui/fonts/lucida_console.ttf
20:34:39.577 [FXGL Background Thread 4 ] DEBUG FXGLAssetLoaderServi - Loading from file system: jar:file:/C:/Users/Admin/.m2/repository/com/github/almasb/fxgl/11.17/fxgl-11.17.jar!/fxglassets/ui/fonts/Courier-Prime.ttf
20:34:39.587 [JavaFX Application Thread] DEBUG FXGLApplication      - Registering font factories with UI factory
20:34:40.031 [FXGL Background Thread 2 ] INFO  UpdaterService       - Your current version:  11.17
20:34:40.032 [FXGL Background Thread 2 ] INFO  UpdaterService       - Latest stable version: 17.2
20:34:40.534 [JavaFX Application Thread] DEBUG Menu                 - fireNewGame()
20:34:40.534 [JavaFX Application Thread] DEBUG GameApplicationServi - Starting new game
20:34:40.534 [JavaFX Application Thread] DEBUG PrimaryStageWindow   - Pop state: MainMenu
20:34:40.534 [JavaFX Application Thread] DEBUG Input                - Clearing active input actions
20:34:40.535 [JavaFX Application Thread] DEBUG GameApplicationServi - Removing overlay from MainMenu and adding to FXGLMainMenuDummyScene
20:34:40.536 [JavaFX Application Thread] DEBUG PrimaryStageWindow   - FXGLMainMenuDummyScene <- MainMenu
20:34:40.536 [JavaFX Application Thread] DEBUG Input                - Clearing active input actions
20:34:40.549 [JavaFX Application Thread] DEBUG GameApplicationServi - Removing overlay from FXGLMainMenuDummyScene and adding to FXGLLoadingScene
20:34:40.550 [JavaFX Application Thread] DEBUG PrimaryStageWindow   - FXGLMainMenuDummyScene -> FXGLLoadingScene
20:34:40.550 [JavaFX Application Thread] DEBUG GameApplicationServi - Clearing previous game
20:34:40.551 [JavaFX Application Thread] DEBUG GameScene            - Clearing game scene
20:34:40.551 [JavaFX Application Thread] DEBUG GameWorld            - Clearing game world
20:34:40.551 [JavaFX Application Thread] DEBUG PhysicsWorld         - Clearing physics world
20:34:40.553 [FXGL Background Thread 2 ] DEBUG FXGLApplication      - Initializing game
20:34:40.582 [FXGL Background Thread 2 ] DEBUG FXGLAssetLoaderServi - Loading from file system: file:/C:/Users/Admin/Desktop/Bomberman/target/classes/assets/textures/wall.png
20:34:40.657 [FXGL Background Thread 2 ] DEBUG FXGLAssetLoaderServi - Loading from file system: file:/C:/Users/Admin/Desktop/Bomberman/target/classes/assets/textures/player_die.png
20:34:40.660 [FXGL Background Thread 2 ] DEBUG FXGLAssetLoaderServi - Loading from file system: file:/C:/Users/Admin/Desktop/Bomberman/target/classes/assets/textures/player_down.png
20:34:40.662 [FXGL Background Thread 2 ] DEBUG FXGLAssetLoaderServi - Loading from file system: file:/C:/Users/Admin/Desktop/Bomberman/target/classes/assets/textures/player_right.png
20:34:40.664 [FXGL Background Thread 2 ] DEBUG FXGLAssetLoaderServi - Loading from file system: file:/C:/Users/Admin/Desktop/Bomberman/target/classes/assets/textures/player_up.png
20:34:40.665 [FXGL Background Thread 2 ] DEBUG FXGLAssetLoaderServi - Loading from file system: file:/C:/Users/Admin/Desktop/Bomberman/target/classes/assets/textures/player_left.png
20:34:40.674 [FXGL Background Thread 2 ] DEBUG FXGLAssetLoaderServi - Loading from file system: file:/C:/Users/Admin/Desktop/Bomberman/target/classes/assets/textures/powerup_bombs.png
20:34:40.677 [FXGL Background Thread 2 ] DEBUG FXGLAssetLoaderServi - Loading from file system: file:/C:/Users/Admin/Desktop/Bomberman/target/classes/assets/textures/brick.png
20:34:40.678 [FXGL Background Thread 2 ] DEBUG FXGLAssetLoaderServi - Loading from file system: file:/C:/Users/Admin/Desktop/Bomberman/target/classes/assets/textures/brick_break.png
20:34:40.684 [FXGL Background Thread 2 ] DEBUG FXGLAssetLoaderServi - Loading from file system: file:/C:/Users/Admin/Desktop/Bomberman/target/classes/assets/textures/enemy1.png
20:34:40.696 [FXGL Background Thread 2 ] DEBUG FXGLAssetLoaderServi - Loading from file system: file:/C:/Users/Admin/Desktop/Bomberman/target/classes/assets/textures/enemy2.png
20:34:40.728 [FXGL Background Thread 2 ] DEBUG FXGLAssetLoaderServi - Loading from file system: file:/C:/Users/Admin/Desktop/Bomberman/target/classes/assets/textures/portal.png
20:34:40.755 [FXGL Background Thread 2 ] DEBUG FXGLAssetLoaderServi - Loading from file system: file:/C:/Users/Admin/Desktop/Bomberman/target/classes/assets/textures/powerup_flames.png
20:34:40.776 [FXGL Background Thread 2 ] DEBUG FXGLAssetLoaderServi - Loading from file system: file:/C:/Users/Admin/Desktop/Bomberman/target/classes/assets/textures/enemy3.png
20:34:40.816 [FXGL Background Thread 2 ] DEBUG FXGLAssetLoaderServi - Loading from file system: file:/C:/Users/Admin/Desktop/Bomberman/target/classes/assets/textures/enemy4.png
20:34:40.820 [FXGL Background Thread 2 ] DEBUG FXGLAssetLoaderServi - Loading from file system: file:/C:/Users/Admin/Desktop/Bomberman/target/classes/assets/textures/powerup_speed.png
20:34:40.856 [FXGL Background Thread 2 ] INFO  FXGLApplication      - Game initialization took: 0.303 sec
20:34:40.860 [JavaFX Application Thread] DEBUG Input                - Clearing active input actions
20:34:40.881 [JavaFX Application Thread] DEBUG GameApplicationServi - Removing overlay from FXGLLoadingScene and adding to GameScene
20:34:40.881 [JavaFX Application Thread] DEBUG PrimaryStageWindow   - FXGLLoadingScene -> GameScene
20:34:40.888 [JavaFX Application Thread] DEBUG FXGLAssetLoaderServi - Loading from file system: file:/C:/Users/Admin/Desktop/Bomberman/target/classes/assets/sounds/stage_start.wav
20:34:40.921 [JavaFX Application Thread] DEBUG PrimaryStageWindow   - Push state: StageStartScene
20:34:40.921 [JavaFX Application Thread] DEBUG Input                - Clearing active input actions
20:34:40.922 [JavaFX Application Thread] DEBUG GameApplicationServi - Removing overlay from GameScene and adding to StageStartScene
20:34:40.922 [JavaFX Application Thread] DEBUG PrimaryStageWindow   - GameScene -> StageStartScene
20:34:42.050 [FXGL Background Thread 3 ] DEBUG Engine               - Logging environment variables
20:34:42.050 [FXGL Background Thread 3 ] DEBUG Engine               - achievements: []
20:34:42.050 [FXGL Background Thread 3 ] DEBUG Engine               - actualHeight: 720.0
20:34:42.051 [FXGL Background Thread 3 ] DEBUG Engine               - actualHeightProperty: ReadOnlyDoubleProperty [value: 720.0]
20:34:42.051 [FXGL Background Thread 3 ] DEBUG Engine               - actualWidth: 1280.0
20:34:42.051 [FXGL Background Thread 3 ] DEBUG Engine               - actualWidthProperty: ReadOnlyDoubleProperty [value: 1280.0]
20:34:42.051 [FXGL Background Thread 3 ] DEBUG Engine               - appIcon: fxgl_icon.png
20:34:42.051 [FXGL Background Thread 3 ] DEBUG Engine               - applicationMode: DEVELOPER
20:34:42.051 [FXGL Background Thread 3 ] DEBUG Engine               - cSSList: [fxgl_dark.css]
20:34:42.051 [FXGL Background Thread 3 ] DEBUG Engine               - collisionDetectionStrategy: BRUTE_FORCE
20:34:42.051 [FXGL Background Thread 3 ] DEBUG Engine               - configClass: Optional.empty
20:34:42.051 [FXGL Background Thread 3 ] DEBUG Engine               - credits: []
20:34:42.051 [FXGL Background Thread 3 ] DEBUG Engine               - defaultCursor: CursorInfo(imageName=fxgl_default_cursor.png, hotspotX=7.0, hotspotY=6.0)
20:34:42.051 [FXGL Background Thread 3 ] DEBUG Engine               - devBBoxColorProperty: ObjectProperty [value: 0xff0000ff]
20:34:42.051 [FXGL Background Thread 3 ] DEBUG Engine               - devEnableDebugCameraProperty: BooleanProperty [value: false]
20:34:42.051 [FXGL Background Thread 3 ] DEBUG Engine               - devSensorColorProperty: ObjectProperty [value: 0xffff00ff]
20:34:42.052 [FXGL Background Thread 3 ] DEBUG Engine               - devShowBBoxProperty: BooleanProperty [value: false]
20:34:42.052 [FXGL Background Thread 3 ] DEBUG Engine               - devShowPositionProperty: BooleanProperty [value: false]
20:34:42.052 [FXGL Background Thread 3 ] DEBUG Engine               - enabledMenuItems: []
20:34:42.052 [FXGL Background Thread 3 ] DEBUG Engine               - engineServices: [class com.almasb.fxgl.app.services.FXGLAssetLoaderService, class com.almasb.fxgl.app.FXGLApplication$GameApplicationService, class com.almasb.fxgl.app.services.FXGLDialogService, class com.almasb.fxgl.app.services.IOTaskExecutorService, class com.almasb.fxgl.io.FileSystemService, class com.almasb.fxgl.localization.LocalizationService, class com.almasb.fxgl.app.services.SystemBundleService, class com.almasb.fxgl.profile.SaveLoadService, class com.almasb.fxgl.ui.FXGLUIFactoryServiceProvider, class com.almasb.fxgl.ui.FXGLDialogFactoryServiceProvider, class com.almasb.fxgl.audio.AudioPlayer, class com.almasb.fxgl.notification.impl.NotificationServiceProvider, class com.almasb.fxgl.achievement.AchievementService, class com.almasb.fxgl.cutscene.CutsceneService, class com.almasb.fxgl.minigames.MiniGameService, class com.almasb.fxgl.net.NetService, class com.almasb.fxgl.app.services.UpdaterService, class com.almasb.fxgl.dev.DevService]
20:34:42.052 [FXGL Background Thread 3 ] DEBUG Engine               - fontGame: Abel-Regular.ttf
20:34:42.052 [FXGL Background Thread 3 ] DEBUG Engine               - fontMono: lucida_console.ttf
20:34:42.052 [FXGL Background Thread 3 ] DEBUG Engine               - fontText: Courier-Prime.ttf
20:34:42.052 [FXGL Background Thread 3 ] DEBUG Engine               - fontUI: game_font.ttf
20:34:42.052 [FXGL Background Thread 3 ] DEBUG Engine               - fullScreen: BooleanProperty [value: false]
20:34:42.052 [FXGL Background Thread 3 ] DEBUG Engine               - gameDifficulty: MEDIUM
20:34:42.052 [FXGL Background Thread 3 ] DEBUG Engine               - gameDifficultyProperty: ObjectProperty [value: MEDIUM]
20:34:42.052 [FXGL Background Thread 3 ] DEBUG Engine               - globalMusicVolume: 0.5
20:34:42.052 [FXGL Background Thread 3 ] DEBUG Engine               - globalMusicVolumeProperty: DoubleProperty [value: 0.0]
20:34:42.052 [FXGL Background Thread 3 ] DEBUG Engine               - globalSoundVolume: 0.5
20:34:42.052 [FXGL Background Thread 3 ] DEBUG Engine               - globalSoundVolumeProperty: DoubleProperty [value: 0.5]
20:34:42.052 [FXGL Background Thread 3 ] DEBUG Engine               - height: 720
20:34:42.052 [FXGL Background Thread 3 ] DEBUG Engine               - is3D: false
20:34:42.052 [FXGL Background Thread 3 ] DEBUG Engine               - isAndroid: false
20:34:42.052 [FXGL Background Thread 3 ] DEBUG Engine               - isBrowser: false
20:34:42.052 [FXGL Background Thread 3 ] DEBUG Engine               - isClickFeedbackEnabled: false
20:34:42.052 [FXGL Background Thread 3 ] DEBUG Engine               - isCloseConfirmation: false
20:34:42.052 [FXGL Background Thread 3 ] DEBUG Engine               - isDesktop: true
20:34:42.052 [FXGL Background Thread 3 ] DEBUG Engine               - isDeveloperMenuEnabled: false
20:34:42.052 [FXGL Background Thread 3 ] DEBUG Engine               - isEntityPreloadEnabled: true
20:34:42.052 [FXGL Background Thread 3 ] DEBUG Engine               - isExperimentalTiledLargeMap: false
20:34:42.052 [FXGL Background Thread 3 ] DEBUG Engine               - isFileSystemWriteAllowed: true
20:34:42.052 [FXGL Background Thread 3 ] DEBUG Engine               - isFullScreenAllowed: true
20:34:42.052 [FXGL Background Thread 3 ] DEBUG Engine               - isFullScreenFromStart: false
20:34:42.052 [FXGL Background Thread 3 ] DEBUG Engine               - isGameMenuEnabled: true
20:34:42.052 [FXGL Background Thread 3 ] DEBUG Engine               - isIOS: false
20:34:42.052 [FXGL Background Thread 3 ] DEBUG Engine               - isIntroEnabled: false
20:34:42.052 [FXGL Background Thread 3 ] DEBUG Engine               - isLinux: false
20:34:42.052 [FXGL Background Thread 3 ] DEBUG Engine               - isMac: false
20:34:42.052 [FXGL Background Thread 3 ] DEBUG Engine               - isMainMenuEnabled: true
20:34:42.053 [FXGL Background Thread 3 ] DEBUG Engine               - isManualResizeEnabled: false
20:34:42.053 [FXGL Background Thread 3 ] DEBUG Engine               - isMobile: false
20:34:42.053 [FXGL Background Thread 3 ] DEBUG Engine               - isNative: false
20:34:42.053 [FXGL Background Thread 3 ] DEBUG Engine               - isPauseMusicWhenMinimized: true
20:34:42.053 [FXGL Background Thread 3 ] DEBUG Engine               - isPreserveResizeRatio: false
20:34:42.053 [FXGL Background Thread 3 ] DEBUG Engine               - isProfilingEnabled: false
20:34:42.053 [FXGL Background Thread 3 ] DEBUG Engine               - isScaleAffectedOnResize: true
20:34:42.053 [FXGL Background Thread 3 ] DEBUG Engine               - isSingleStep: false
20:34:42.053 [FXGL Background Thread 3 ] DEBUG Engine               - isUserProfileEnabled: false
20:34:42.053 [FXGL Background Thread 3 ] DEBUG Engine               - isWindows: true
20:34:42.053 [FXGL Background Thread 3 ] DEBUG Engine               - language: ObjectProperty [value: ENGLISH]
20:34:42.053 [FXGL Background Thread 3 ] DEBUG Engine               - menuKey: ESCAPE
20:34:42.053 [FXGL Background Thread 3 ] DEBUG Engine               - mouseSensitivity: 0.2
20:34:42.053 [FXGL Background Thread 3 ] DEBUG Engine               - notificationViewClass: class com.almasb.fxgl.notification.view.XboxNotificationView
20:34:42.053 [FXGL Background Thread 3 ] DEBUG Engine               - pixelsPerMeter: 50.0
20:34:42.053 [FXGL Background Thread 3 ] DEBUG Engine               - platform: WINDOWS
20:34:42.053 [FXGL Background Thread 3 ] DEBUG Engine               - prefHeightProperty: ReadOnlyDoubleProperty [value: 720.0]
20:34:42.053 [FXGL Background Thread 3 ] DEBUG Engine               - prefWidthProperty: ReadOnlyDoubleProperty [value: 1280.0]
20:34:42.053 [FXGL Background Thread 3 ] DEBUG Engine               - profileDir: profiles/
20:34:42.053 [FXGL Background Thread 3 ] DEBUG Engine               - profileName: StringProperty [value: DEFAULT]
20:34:42.053 [FXGL Background Thread 3 ] DEBUG Engine               - randomSeed: -1
20:34:42.053 [FXGL Background Thread 3 ] DEBUG Engine               - runtimeInfo: RuntimeInfo(platform=WINDOWS, version=11.17, build=16.07.2021 15.46)
20:34:42.053 [FXGL Background Thread 3 ] DEBUG Engine               - saveFileExt: sav
20:34:42.053 [FXGL Background Thread 3 ] DEBUG Engine               - scaledHeightProp$fxgl: DoubleProperty [bound, value: 720.0]
20:34:42.053 [FXGL Background Thread 3 ] DEBUG Engine               - scaledWidthProp$fxgl: DoubleProperty [bound, value: 1280.0]
20:34:42.053 [FXGL Background Thread 3 ] DEBUG Engine               - sceneFactory: Bomberman.BombermanGame$1@1dd84162
20:34:42.053 [FXGL Background Thread 3 ] DEBUG Engine               - secondsIn24h: 60
20:34:42.053 [FXGL Background Thread 3 ] DEBUG Engine               - soundMenuBack: menu/back.wav
20:34:42.053 [FXGL Background Thread 3 ] DEBUG Engine               - soundMenuPress: menu/press.wav
20:34:42.053 [FXGL Background Thread 3 ] DEBUG Engine               - soundMenuSelect: menu/select.wav
20:34:42.053 [FXGL Background Thread 3 ] DEBUG Engine               - soundNotification: core/notification.wav
20:34:42.053 [FXGL Background Thread 3 ] DEBUG Engine               - stageStyle: DECORATED
20:34:42.053 [FXGL Background Thread 3 ] DEBUG Engine               - supportedLanguages: [ENGLISH, FRENCH, GERMAN, HUNGARIAN, RUSSIAN]
20:34:42.053 [FXGL Background Thread 3 ] DEBUG Engine               - ticksPerSecond: -1
20:34:42.053 [FXGL Background Thread 3 ] DEBUG Engine               - title: BOMBER
 MAN
20:34:42.054 [FXGL Background Thread 3 ] DEBUG Engine               - urlGithub: https://github.com/AlmasB/FXGL
20:34:42.054 [FXGL Background Thread 3 ] DEBUG Engine               - urlLeaderboard: http://fxgl-top.herokuapp.com/
20:34:42.054 [FXGL Background Thread 3 ] DEBUG Engine               - urlPOM: https://raw.githubusercontent.com/AlmasB/FXGL/release/README.md
20:34:42.054 [FXGL Background Thread 3 ] DEBUG Engine               - userAppClass: class Bomberman.BombermanGame
20:34:42.054 [FXGL Background Thread 3 ] DEBUG Engine               - version: 1.0
20:34:42.054 [FXGL Background Thread 3 ] DEBUG Engine               - versionCheckDays: 7
20:34:42.054 [FXGL Background Thread 3 ] DEBUG Engine               - width: 1280
20:34:42.054 [FXGL Background Thread 3 ] DEBUG Engine               - Logging services
20:34:42.054 [FXGL Background Thread 3 ] DEBUG Engine               - class com.almasb.fxgl.app.services.FXGLAssetLoaderService
20:34:42.054 [FXGL Background Thread 3 ] DEBUG Engine               - class com.almasb.fxgl.app.FXGLApplication$GameApplicationService
20:34:42.054 [FXGL Background Thread 3 ] DEBUG Engine               - class com.almasb.fxgl.app.services.FXGLDialogService
20:34:42.054 [FXGL Background Thread 3 ] DEBUG Engine               - class com.almasb.fxgl.app.services.IOTaskExecutorService
20:34:42.054 [FXGL Background Thread 3 ] DEBUG Engine               - class com.almasb.fxgl.io.FileSystemService
20:34:42.054 [FXGL Background Thread 3 ] DEBUG Engine               - class com.almasb.fxgl.localization.LocalizationService
20:34:42.054 [FXGL Background Thread 3 ] DEBUG Engine               - class com.almasb.fxgl.app.services.SystemBundleService
20:34:42.054 [FXGL Background Thread 3 ] DEBUG Engine               - class com.almasb.fxgl.profile.SaveLoadService
20:34:42.054 [FXGL Background Thread 3 ] DEBUG Engine               - class com.almasb.fxgl.ui.FXGLUIFactoryServiceProvider
20:34:42.054 [FXGL Background Thread 3 ] DEBUG Engine               - class com.almasb.fxgl.ui.FXGLDialogFactoryServiceProvider
20:34:42.054 [FXGL Background Thread 3 ] DEBUG Engine               - class com.almasb.fxgl.audio.AudioPlayer
20:34:42.054 [FXGL Background Thread 3 ] DEBUG Engine               - class com.almasb.fxgl.notification.impl.NotificationServiceProvider
20:34:42.054 [FXGL Background Thread 3 ] DEBUG Engine               - class com.almasb.fxgl.achievement.AchievementService
20:34:42.054 [FXGL Background Thread 3 ] DEBUG Engine               - class com.almasb.fxgl.cutscene.CutsceneService
20:34:42.054 [FXGL Background Thread 3 ] DEBUG Engine               - class com.almasb.fxgl.minigames.MiniGameService
20:34:42.054 [FXGL Background Thread 3 ] DEBUG Engine               - class com.almasb.fxgl.net.NetService
20:34:42.054 [FXGL Background Thread 3 ] DEBUG Engine               - class com.almasb.fxgl.app.services.UpdaterService
20:34:42.054 [FXGL Background Thread 3 ] DEBUG Engine               - class com.almasb.fxgl.dev.DevService
20:34:44.568 [JavaFX Application Thread] DEBUG PrimaryStageWindow   - Pop state: StageStartScene
20:34:44.568 [JavaFX Application Thread] DEBUG Input                - Clearing active input actions
20:34:44.569 [JavaFX Application Thread] DEBUG GameApplicationServi - Removing overlay from StageStartScene and adding to GameScene
20:34:44.569 [JavaFX Application Thread] DEBUG PrimaryStageWindow   - GameScene <- StageStartScene
20:34:48.115 [JavaFX Application Thread] DEBUG PrimaryStageWindow   - Push state: GameMenu
20:34:48.115 [JavaFX Application Thread] DEBUG Input                - Clearing active input actions
20:34:48.116 [JavaFX Application Thread] DEBUG GameApplicationServi - Removing overlay from GameScene and adding to GameMenu
20:34:48.116 [JavaFX Application Thread] DEBUG PrimaryStageWindow   - GameScene -> GameMenu
20:34:49.268 [JavaFX Application Thread] DEBUG Menu                 - fireExit()
20:34:49.272 [JavaFX Application Thread] DEBUG PrimaryStageWindow   - Push state: DialogSubScene
20:34:49.272 [JavaFX Application Thread] DEBUG Input                - Clearing active input actions
20:34:49.273 [JavaFX Application Thread] DEBUG GameApplicationServi - Removing overlay from GameMenu and adding to DialogSubScene
20:34:49.273 [JavaFX Application Thread] DEBUG PrimaryStageWindow   - GameMenu -> DialogSubScene
20:34:49.908 [JavaFX Application Thread] DEBUG PrimaryStageWindow   - Pop state: DialogSubScene
20:34:49.909 [JavaFX Application Thread] DEBUG Input                - Clearing active input actions
20:34:49.909 [JavaFX Application Thread] DEBUG GameApplicationServi - Removing overlay from DialogSubScene and adding to GameMenu
20:34:49.909 [JavaFX Application Thread] DEBUG PrimaryStageWindow   - GameMenu <- DialogSubScene
20:34:49.909 [JavaFX Application Thread] DEBUG FXGLApplication      - Exiting FXGL
20:34:49.909 [JavaFX Application Thread] DEBUG LoopRunner           - Stopping loop
20:34:49.910 [JavaFX Application Thread] DEBUG SystemBundleService  - Saving FXGL system data
20:34:49.911 [JavaFX Application Thread] DEBUG FileSystemAccess     - Writing to: C:\Users\Admin\Desktop\Bomberman\system\fxgl.bundle
20:34:49.913 [JavaFX Application Thread] DEBUG Async                - Shutting down background threads
20:34:49.913 [JavaFX Application Thread] DEBUG PrimaryStageWindow   - Closing main window
20:34:49.929 [JavaFX Application Thread] DEBUG Logger               - Closing Logger
