23:18:18.059 [main                     ] DEBUG Logger               - Configured Logger
23:18:18.083 [main                     ] DEBUG GameApplication      - Logging settings
Title: BOMBER
 MAN
Version: 1.0
Width: 1280
Height: 720
Fullscreen: true
Intro: false
Profiling: false
Single step:false
App Mode: DEVELOPER
Menu Key: ESCAPE
Stage Style: DECORATED
Scene Factory: class Bomberman.BombermanGame$1

23:18:18.538 [JavaFX Application Thread] DEBUG FXGLApplication      - Initializing FXGL
23:18:18.540 [JavaFX Application Thread] INFO  Engine               - FXGL-11.17 (16.07.2021 15.46) on WINDOWS (J:11.0.16.1 FX:16)
23:18:18.541 [JavaFX Application Thread] DEBUG Engine               - JRE Vendor Name: Oracle Corporation
23:18:18.541 [JavaFX Application Thread] DEBUG Engine               - Running on OS: Windows 11 version 10.0
23:18:18.541 [JavaFX Application Thread] DEBUG Engine               - Architecture: amd64
23:18:18.541 [JavaFX Application Thread] INFO  Engine               - Source code and latest versions at: https://github.com/AlmasB/FXGL
23:18:18.542 [JavaFX Application Thread] INFO  Engine               -              Join the FXGL chat at: https://gitter.im/AlmasB/FXGL
23:18:18.662 [JavaFX Application Thread] DEBUG PrimaryStageWindow   - Creating a JavaFX scene
23:18:18.724 [JavaFX Application Thread] DEBUG PrimaryStageWindow   - Target settings size: 1280.0 x 720.0
23:18:18.724 [JavaFX Application Thread] DEBUG PrimaryStageWindow   - Scaled scene size:    1280.0 x 720.0
23:18:18.724 [JavaFX Application Thread] DEBUG PrimaryStageWindow   - Scaled ratio: (1.0, 1.0)
23:18:18.725 [JavaFX Application Thread] DEBUG PrimaryStageWindow   - Set initial scene to FXGLStartupScene
23:18:18.736 [JavaFX Application Thread] DEBUG PrimaryStageWindow   - Opening main window
23:18:18.843 [JavaFX Application Thread] DEBUG PrimaryStageWindow   - Window border size: (13.0, 35.5)
23:18:18.844 [JavaFX Application Thread] DEBUG PrimaryStageWindow   - Scaled size: 1280.0 x 720.0
23:18:18.844 [JavaFX Application Thread] DEBUG PrimaryStageWindow   - Scaled ratio: (1.0, 1.0)
23:18:18.844 [JavaFX Application Thread] DEBUG PrimaryStageWindow   - Scene size: 1280.0 x 720.0
23:18:18.844 [JavaFX Application Thread] DEBUG PrimaryStageWindow   - Stage size: 1293.0 x 755.5
23:18:18.856 [FXGL Background Thread 1 ] DEBUG Engine               - Initializing environment variables
23:18:18.943 [FXGL Background Thread 1 ] DEBUG FXGLAssetLoaderServi - User app class for loading assets: class Bomberman.BombermanGame
23:18:18.943 [FXGL Background Thread 1 ] DEBUG GameApplicationServi - Applying CSS: fxgl_dark.css
23:18:18.944 [FXGL Background Thread 1 ] DEBUG FXGLAssetLoaderServi - Loading from file system: jar:file:/C:/Users/Admin/.m2/repository/com/github/almasb/fxgl/11.17/fxgl-11.17.jar!/fxglassets/ui/css/fxgl_dark.css
23:18:19.001 [FXGL Background Thread 1 ] DEBUG GameApplicationServi - Initializing application scenes
23:18:19.050 [FXGL Background Thread 1 ] DEBUG GameWorld            - Game world initialized
23:18:19.132 [FXGL Background Thread 1 ] DEBUG PhysicsWorld         - Physics world initialized: appHeight=720, physics.ppm=50.0
23:18:19.133 [FXGL Background Thread 1 ] DEBUG PhysicsWorld         - Using strategy: BRUTE_FORCE
23:18:19.136 [FXGL Background Thread 1 ] DEBUG GameScene            - Game scene initialized: 1280x720
23:18:19.263 [FXGL Background Thread 1 ] DEBUG GameApplicationServi - Application scenes initialized
23:18:19.275 [FXGL Background Thread 1 ] DEBUG SystemBundleService  - Loading FXGL system data
23:18:19.280 [FXGL Background Thread 1 ] DEBUG FileSystemAccess     - Reading from: C:\Users\Admin\Desktop\Bomberman\system\fxgl.bundle
23:18:19.286 [FXGL Background Thread 1 ] DEBUG SystemBundleService  - Bundle FXGL: {}
23:18:19.287 [FXGL Background Thread 1 ] DEBUG UpdaterService       - Checking for updates
23:18:19.292 [FXGL Background Thread 4 ] DEBUG FXGLApplication      - Loading fonts
23:18:19.292 [FXGL Background Thread 4 ] DEBUG FXGLAssetLoaderServi - Loading from file system: file:/C:/Users/Admin/Desktop/Bomberman/target/classes/assets/ui/fonts/game_font.ttf
23:18:19.292 [FXGL Background Thread 1 ] DEBUG FXGLApplication      - Loading default localization
23:18:19.293 [FXGL Background Thread 1 ] DEBUG FXGLAssetLoaderServi - Loading from file system: jar:file:/C:/Users/Admin/.m2/repository/com/github/almasb/fxgl/11.17/fxgl-11.17.jar!/fxglassets/languages/english.lang
23:18:19.311 [FXGL Background Thread 1 ] INFO  FXGLApplication      - FXGL initialization took: 0.456 sec
23:18:19.325 [JavaFX Application Thread] DEBUG Input                - Registered new binding: Move Left - A
23:18:19.326 [JavaFX Application Thread] DEBUG Input                - Registered new binding: Move Right - D
23:18:19.326 [JavaFX Application Thread] DEBUG Input                - Registered new binding: Move Up - W
23:18:19.326 [JavaFX Application Thread] DEBUG Input                - Registered new binding: Move Down - S
23:18:19.326 [JavaFX Application Thread] DEBUG Input                - Registered new binding: Place Bomb - Space
23:18:19.326 [JavaFX Application Thread] DEBUG Input                - Registered new binding: Switch to classic bomb - 1
23:18:19.326 [JavaFX Application Thread] DEBUG Input                - Registered new binding: Switch to lazer bomb - 2
23:18:19.327 [JavaFX Application Thread] DEBUG Input                - Registered new binding: Switch to light bomb - 3
23:18:19.327 [JavaFX Application Thread] DEBUG Input                - Registered new binding: Exit game - Delete
23:18:19.328 [JavaFX Application Thread] DEBUG FXGLAssetLoaderServi - Loading from file system: file:/C:/Users/Admin/Desktop/Bomberman/target/classes/assets/music/stage_theme.mp3
23:18:19.570 [JavaFX Application Thread] DEBUG AudioPlayer          - Playing music com.almasb.fxgl.audio.Music@26b4389f
23:18:19.581 [JavaFX Application Thread] DEBUG FXGLAssetLoaderServi - Loading from file system: jar:file:/C:/Users/Admin/.m2/repository/com/github/almasb/fxgl/11.17/fxgl-11.17.jar!/fxglassets/textures/fxgl_icon.png
23:18:19.616 [JavaFX Application Thread] DEBUG FXGLAssetLoaderServi - Loading from file system: jar:file:/C:/Users/Admin/.m2/repository/com/github/almasb/fxgl/11.17/fxgl-11.17.jar!/fxglassets/textures/fxgl_default_cursor.png
23:18:19.620 [JavaFX Application Thread] DEBUG Input                - Registered new binding: Screenshot - CTRL+8
23:18:19.621 [JavaFX Application Thread] DEBUG Input                - Registered new binding: System info dump - CTRL+9
23:18:19.621 [JavaFX Application Thread] DEBUG Input                - Registered new binding: Restart - CTRL+R
23:18:19.623 [JavaFX Application Thread] DEBUG Input                - Registered new binding: Toggle Debug Camera - CTRL+C
23:18:19.626 [JavaFX Application Thread] DEBUG LoopRunner           - Starting loop
23:18:19.626 [JavaFX Application Thread] DEBUG LoopRunner           - Initializing JavaFX AnimationTimerLoop
23:18:19.631 [JavaFX Application Thread] DEBUG Input                - Clearing active input actions
23:18:19.644 [JavaFX Application Thread] DEBUG GameApplicationServi - Removing overlay from FXGLStartupScene and adding to FXGLMainMenuDummyScene
23:18:19.645 [JavaFX Application Thread] DEBUG PrimaryStageWindow   - FXGLStartupScene -> FXGLMainMenuDummyScene
23:18:19.645 [JavaFX Application Thread] DEBUG PrimaryStageWindow   - Push state: MainMenu
23:18:19.646 [JavaFX Application Thread] DEBUG Input                - Clearing active input actions
23:18:19.653 [JavaFX Application Thread] DEBUG GameApplicationServi - Removing overlay from FXGLMainMenuDummyScene and adding to MainMenu
23:18:19.654 [JavaFX Application Thread] DEBUG PrimaryStageWindow   - FXGLMainMenuDummyScene -> MainMenu
23:18:19.676 [FXGL Background Thread 4 ] DEBUG FXGLAssetLoaderServi - Loading from file system: jar:file:/C:/Users/Admin/.m2/repository/com/github/almasb/fxgl/11.17/fxgl-11.17.jar!/fxglassets/ui/fonts/Abel-Regular.ttf
23:18:19.682 [FXGL Background Thread 4 ] DEBUG FXGLAssetLoaderServi - Loading from file system: jar:file:/C:/Users/Admin/.m2/repository/com/github/almasb/fxgl/11.17/fxgl-11.17.jar!/fxglassets/ui/fonts/lucida_console.ttf
23:18:19.689 [FXGL Background Thread 4 ] DEBUG FXGLAssetLoaderServi - Loading from file system: jar:file:/C:/Users/Admin/.m2/repository/com/github/almasb/fxgl/11.17/fxgl-11.17.jar!/fxglassets/ui/fonts/Courier-Prime.ttf
23:18:19.705 [JavaFX Application Thread] DEBUG FXGLApplication      - Registering font factories with UI factory
23:18:20.079 [FXGL Background Thread 2 ] INFO  UpdaterService       - Your current version:  11.17
23:18:20.080 [FXGL Background Thread 2 ] INFO  UpdaterService       - Latest stable version: 17.2
23:18:22.291 [FXGL Background Thread 3 ] DEBUG Engine               - Logging environment variables
23:18:22.291 [FXGL Background Thread 3 ] DEBUG Engine               - achievements: []
23:18:22.291 [FXGL Background Thread 3 ] DEBUG Engine               - actualHeight: 720.0
23:18:22.292 [FXGL Background Thread 3 ] DEBUG Engine               - actualHeightProperty: ReadOnlyDoubleProperty [value: 720.0]
23:18:22.292 [FXGL Background Thread 3 ] DEBUG Engine               - actualWidth: 1280.0
23:18:22.292 [FXGL Background Thread 3 ] DEBUG Engine               - actualWidthProperty: ReadOnlyDoubleProperty [value: 1280.0]
23:18:22.292 [FXGL Background Thread 3 ] DEBUG Engine               - appIcon: fxgl_icon.png
23:18:22.292 [FXGL Background Thread 3 ] DEBUG Engine               - applicationMode: DEVELOPER
23:18:22.292 [FXGL Background Thread 3 ] DEBUG Engine               - cSSList: [fxgl_dark.css]
23:18:22.292 [FXGL Background Thread 3 ] DEBUG Engine               - collisionDetectionStrategy: BRUTE_FORCE
23:18:22.292 [FXGL Background Thread 3 ] DEBUG Engine               - configClass: Optional.empty
23:18:22.292 [FXGL Background Thread 3 ] DEBUG Engine               - credits: []
23:18:22.293 [FXGL Background Thread 3 ] DEBUG Engine               - defaultCursor: CursorInfo(imageName=fxgl_default_cursor.png, hotspotX=7.0, hotspotY=6.0)
23:18:22.293 [FXGL Background Thread 3 ] DEBUG Engine               - devBBoxColorProperty: ObjectProperty [value: 0xff0000ff]
23:18:22.293 [FXGL Background Thread 3 ] DEBUG Engine               - devEnableDebugCameraProperty: BooleanProperty [value: false]
23:18:22.293 [FXGL Background Thread 3 ] DEBUG Engine               - devSensorColorProperty: ObjectProperty [value: 0xffff00ff]
23:18:22.293 [FXGL Background Thread 3 ] DEBUG Engine               - devShowBBoxProperty: BooleanProperty [value: false]
23:18:22.293 [FXGL Background Thread 3 ] DEBUG Engine               - devShowPositionProperty: BooleanProperty [value: false]
23:18:22.293 [FXGL Background Thread 3 ] DEBUG Engine               - enabledMenuItems: []
23:18:22.293 [FXGL Background Thread 3 ] DEBUG Engine               - engineServices: [class com.almasb.fxgl.app.services.FXGLAssetLoaderService, class com.almasb.fxgl.app.FXGLApplication$GameApplicationService, class com.almasb.fxgl.app.services.FXGLDialogService, class com.almasb.fxgl.app.services.IOTaskExecutorService, class com.almasb.fxgl.io.FileSystemService, class com.almasb.fxgl.localization.LocalizationService, class com.almasb.fxgl.app.services.SystemBundleService, class com.almasb.fxgl.profile.SaveLoadService, class com.almasb.fxgl.ui.FXGLUIFactoryServiceProvider, class com.almasb.fxgl.ui.FXGLDialogFactoryServiceProvider, class com.almasb.fxgl.audio.AudioPlayer, class com.almasb.fxgl.notification.impl.NotificationServiceProvider, class com.almasb.fxgl.achievement.AchievementService, class com.almasb.fxgl.cutscene.CutsceneService, class com.almasb.fxgl.minigames.MiniGameService, class com.almasb.fxgl.net.NetService, class com.almasb.fxgl.app.services.UpdaterService, class com.almasb.fxgl.dev.DevService]
23:18:22.293 [FXGL Background Thread 3 ] DEBUG Engine               - fontGame: Abel-Regular.ttf
23:18:22.293 [FXGL Background Thread 3 ] DEBUG Engine               - fontMono: lucida_console.ttf
23:18:22.293 [FXGL Background Thread 3 ] DEBUG Engine               - fontText: Courier-Prime.ttf
23:18:22.293 [FXGL Background Thread 3 ] DEBUG Engine               - fontUI: game_font.ttf
23:18:22.293 [FXGL Background Thread 3 ] DEBUG Engine               - fullScreen: BooleanProperty [value: false]
23:18:22.293 [FXGL Background Thread 3 ] DEBUG Engine               - gameDifficulty: MEDIUM
23:18:22.293 [FXGL Background Thread 3 ] DEBUG Engine               - gameDifficultyProperty: ObjectProperty [value: MEDIUM]
23:18:22.293 [FXGL Background Thread 3 ] DEBUG Engine               - globalMusicVolume: 0.5
23:18:22.293 [FXGL Background Thread 3 ] DEBUG Engine               - globalMusicVolumeProperty: DoubleProperty [value: 0.5]
23:18:22.293 [FXGL Background Thread 3 ] DEBUG Engine               - globalSoundVolume: 0.5
23:18:22.293 [FXGL Background Thread 3 ] DEBUG Engine               - globalSoundVolumeProperty: DoubleProperty [value: 0.5]
23:18:22.294 [FXGL Background Thread 3 ] DEBUG Engine               - height: 720
23:18:22.295 [FXGL Background Thread 3 ] DEBUG Engine               - is3D: false
23:18:22.295 [FXGL Background Thread 3 ] DEBUG Engine               - isAndroid: false
23:18:22.295 [FXGL Background Thread 3 ] DEBUG Engine               - isBrowser: false
23:18:22.295 [FXGL Background Thread 3 ] DEBUG Engine               - isClickFeedbackEnabled: false
23:18:22.295 [FXGL Background Thread 3 ] DEBUG Engine               - isCloseConfirmation: false
23:18:22.295 [FXGL Background Thread 3 ] DEBUG Engine               - isDesktop: true
23:18:22.295 [FXGL Background Thread 3 ] DEBUG Engine               - isDeveloperMenuEnabled: false
23:18:22.295 [FXGL Background Thread 3 ] DEBUG Engine               - isEntityPreloadEnabled: true
23:18:22.295 [FXGL Background Thread 3 ] DEBUG Engine               - isExperimentalTiledLargeMap: false
23:18:22.295 [FXGL Background Thread 3 ] DEBUG Engine               - isFileSystemWriteAllowed: true
23:18:22.295 [FXGL Background Thread 3 ] DEBUG Engine               - isFullScreenAllowed: true
23:18:22.295 [FXGL Background Thread 3 ] DEBUG Engine               - isFullScreenFromStart: false
23:18:22.295 [FXGL Background Thread 3 ] DEBUG Engine               - isGameMenuEnabled: true
23:18:22.295 [FXGL Background Thread 3 ] DEBUG Engine               - isIOS: false
23:18:22.295 [FXGL Background Thread 3 ] DEBUG Engine               - isIntroEnabled: false
23:18:22.295 [FXGL Background Thread 3 ] DEBUG Engine               - isLinux: false
23:18:22.295 [FXGL Background Thread 3 ] DEBUG Engine               - isMac: false
23:18:22.295 [FXGL Background Thread 3 ] DEBUG Engine               - isMainMenuEnabled: true
23:18:22.295 [FXGL Background Thread 3 ] DEBUG Engine               - isManualResizeEnabled: false
23:18:22.295 [FXGL Background Thread 3 ] DEBUG Engine               - isMobile: false
23:18:22.295 [FXGL Background Thread 3 ] DEBUG Engine               - isNative: false
23:18:22.295 [FXGL Background Thread 3 ] DEBUG Engine               - isPauseMusicWhenMinimized: true
23:18:22.295 [FXGL Background Thread 3 ] DEBUG Engine               - isPreserveResizeRatio: false
23:18:22.295 [FXGL Background Thread 3 ] DEBUG Engine               - isProfilingEnabled: false
23:18:22.295 [FXGL Background Thread 3 ] DEBUG Engine               - isScaleAffectedOnResize: true
23:18:22.295 [FXGL Background Thread 3 ] DEBUG Engine               - isSingleStep: false
23:18:22.295 [FXGL Background Thread 3 ] DEBUG Engine               - isUserProfileEnabled: false
23:18:22.295 [FXGL Background Thread 3 ] DEBUG Engine               - isWindows: true
23:18:22.295 [FXGL Background Thread 3 ] DEBUG Engine               - language: ObjectProperty [value: ENGLISH]
23:18:22.295 [FXGL Background Thread 3 ] DEBUG Engine               - menuKey: ESCAPE
23:18:22.295 [FXGL Background Thread 3 ] DEBUG Engine               - mouseSensitivity: 0.2
23:18:22.295 [FXGL Background Thread 3 ] DEBUG Engine               - notificationViewClass: class com.almasb.fxgl.notification.view.XboxNotificationView
23:18:22.295 [FXGL Background Thread 3 ] DEBUG Engine               - pixelsPerMeter: 50.0
23:18:22.295 [FXGL Background Thread 3 ] DEBUG Engine               - platform: WINDOWS
23:18:22.295 [FXGL Background Thread 3 ] DEBUG Engine               - prefHeightProperty: ReadOnlyDoubleProperty [value: 720.0]
23:18:22.296 [FXGL Background Thread 3 ] DEBUG Engine               - prefWidthProperty: ReadOnlyDoubleProperty [value: 1280.0]
23:18:22.296 [FXGL Background Thread 3 ] DEBUG Engine               - profileDir: profiles/
23:18:22.296 [FXGL Background Thread 3 ] DEBUG Engine               - profileName: StringProperty [value: DEFAULT]
23:18:22.296 [FXGL Background Thread 3 ] DEBUG Engine               - randomSeed: -1
23:18:22.296 [FXGL Background Thread 3 ] DEBUG Engine               - runtimeInfo: RuntimeInfo(platform=WINDOWS, version=11.17, build=16.07.2021 15.46)
23:18:22.296 [FXGL Background Thread 3 ] DEBUG Engine               - saveFileExt: sav
23:18:22.296 [FXGL Background Thread 3 ] DEBUG Engine               - scaledHeightProp$fxgl: DoubleProperty [bound, value: 720.0]
23:18:22.296 [FXGL Background Thread 3 ] DEBUG Engine               - scaledWidthProp$fxgl: DoubleProperty [bound, value: 1280.0]
23:18:22.296 [FXGL Background Thread 3 ] DEBUG Engine               - sceneFactory: Bomberman.BombermanGame$1@1dd84162
23:18:22.296 [FXGL Background Thread 3 ] DEBUG Engine               - secondsIn24h: 60
23:18:22.296 [FXGL Background Thread 3 ] DEBUG Engine               - soundMenuBack: menu/back.wav
23:18:22.296 [FXGL Background Thread 3 ] DEBUG Engine               - soundMenuPress: menu/press.wav
23:18:22.296 [FXGL Background Thread 3 ] DEBUG Engine               - soundMenuSelect: menu/select.wav
23:18:22.296 [FXGL Background Thread 3 ] DEBUG Engine               - soundNotification: core/notification.wav
23:18:22.296 [FXGL Background Thread 3 ] DEBUG Engine               - stageStyle: DECORATED
23:18:22.296 [FXGL Background Thread 3 ] DEBUG Engine               - supportedLanguages: [ENGLISH, FRENCH, GERMAN, HUNGARIAN, RUSSIAN]
23:18:22.296 [FXGL Background Thread 3 ] DEBUG Engine               - ticksPerSecond: -1
23:18:22.296 [FXGL Background Thread 3 ] DEBUG Engine               - title: BOMBER
 MAN
23:18:22.296 [FXGL Background Thread 3 ] DEBUG Engine               - urlGithub: https://github.com/AlmasB/FXGL
23:18:22.296 [FXGL Background Thread 3 ] DEBUG Engine               - urlLeaderboard: http://fxgl-top.herokuapp.com/
23:18:22.296 [FXGL Background Thread 3 ] DEBUG Engine               - urlPOM: https://raw.githubusercontent.com/AlmasB/FXGL/release/README.md
23:18:22.296 [FXGL Background Thread 3 ] DEBUG Engine               - userAppClass: class Bomberman.BombermanGame
23:18:22.296 [FXGL Background Thread 3 ] DEBUG Engine               - version: 1.0
23:18:22.296 [FXGL Background Thread 3 ] DEBUG Engine               - versionCheckDays: 7
23:18:22.296 [FXGL Background Thread 3 ] DEBUG Engine               - width: 1280
23:18:22.296 [FXGL Background Thread 3 ] DEBUG Engine               - Logging services
23:18:22.296 [FXGL Background Thread 3 ] DEBUG Engine               - class com.almasb.fxgl.app.services.FXGLAssetLoaderService
23:18:22.296 [FXGL Background Thread 3 ] DEBUG Engine               - class com.almasb.fxgl.app.FXGLApplication$GameApplicationService
23:18:22.296 [FXGL Background Thread 3 ] DEBUG Engine               - class com.almasb.fxgl.app.services.FXGLDialogService
23:18:22.296 [FXGL Background Thread 3 ] DEBUG Engine               - class com.almasb.fxgl.app.services.IOTaskExecutorService
23:18:22.296 [FXGL Background Thread 3 ] DEBUG Engine               - class com.almasb.fxgl.io.FileSystemService
23:18:22.296 [FXGL Background Thread 3 ] DEBUG Engine               - class com.almasb.fxgl.localization.LocalizationService
23:18:22.296 [FXGL Background Thread 3 ] DEBUG Engine               - class com.almasb.fxgl.app.services.SystemBundleService
23:18:22.296 [FXGL Background Thread 3 ] DEBUG Engine               - class com.almasb.fxgl.profile.SaveLoadService
23:18:22.296 [FXGL Background Thread 3 ] DEBUG Engine               - class com.almasb.fxgl.ui.FXGLUIFactoryServiceProvider
23:18:22.296 [FXGL Background Thread 3 ] DEBUG Engine               - class com.almasb.fxgl.ui.FXGLDialogFactoryServiceProvider
23:18:22.296 [FXGL Background Thread 3 ] DEBUG Engine               - class com.almasb.fxgl.audio.AudioPlayer
23:18:22.297 [FXGL Background Thread 3 ] DEBUG Engine               - class com.almasb.fxgl.notification.impl.NotificationServiceProvider
23:18:22.297 [FXGL Background Thread 3 ] DEBUG Engine               - class com.almasb.fxgl.achievement.AchievementService
23:18:22.297 [FXGL Background Thread 3 ] DEBUG Engine               - class com.almasb.fxgl.cutscene.CutsceneService
23:18:22.297 [FXGL Background Thread 3 ] DEBUG Engine               - class com.almasb.fxgl.minigames.MiniGameService
23:18:22.297 [FXGL Background Thread 3 ] DEBUG Engine               - class com.almasb.fxgl.net.NetService
23:18:22.297 [FXGL Background Thread 3 ] DEBUG Engine               - class com.almasb.fxgl.app.services.UpdaterService
23:18:22.297 [FXGL Background Thread 3 ] DEBUG Engine               - class com.almasb.fxgl.dev.DevService
23:18:24.425 [JavaFX Application Thread] DEBUG Menu                 - fireNewGame()
23:18:24.425 [JavaFX Application Thread] DEBUG GameApplicationServi - Starting new game
23:18:24.426 [JavaFX Application Thread] DEBUG PrimaryStageWindow   - Pop state: MainMenu
23:18:24.426 [JavaFX Application Thread] DEBUG Input                - Clearing active input actions
23:18:24.427 [JavaFX Application Thread] DEBUG GameApplicationServi - Removing overlay from MainMenu and adding to FXGLMainMenuDummyScene
23:18:24.427 [JavaFX Application Thread] DEBUG PrimaryStageWindow   - FXGLMainMenuDummyScene <- MainMenu
23:18:24.427 [JavaFX Application Thread] DEBUG Input                - Clearing active input actions
23:18:24.434 [JavaFX Application Thread] DEBUG GameApplicationServi - Removing overlay from FXGLMainMenuDummyScene and adding to FXGLLoadingScene
23:18:24.434 [JavaFX Application Thread] DEBUG PrimaryStageWindow   - FXGLMainMenuDummyScene -> FXGLLoadingScene
23:18:24.434 [JavaFX Application Thread] DEBUG GameApplicationServi - Clearing previous game
23:18:24.434 [JavaFX Application Thread] DEBUG GameScene            - Clearing game scene
23:18:24.434 [JavaFX Application Thread] DEBUG GameWorld            - Clearing game world
23:18:24.434 [JavaFX Application Thread] DEBUG PhysicsWorld         - Clearing physics world
23:18:24.436 [FXGL Background Thread 2 ] DEBUG FXGLApplication      - Initializing game
23:18:24.456 [FXGL Background Thread 2 ] DEBUG FXGLAssetLoaderServi - Loading from file system: file:/C:/Users/Admin/Desktop/Bomberman/target/classes/assets/textures/wall.png
23:18:24.507 [FXGL Background Thread 2 ] DEBUG FXGLAssetLoaderServi - Loading from file system: file:/C:/Users/Admin/Desktop/Bomberman/target/classes/assets/textures/brick.png
23:18:24.509 [FXGL Background Thread 2 ] DEBUG FXGLAssetLoaderServi - Loading from file system: file:/C:/Users/Admin/Desktop/Bomberman/target/classes/assets/textures/brick_break.png
23:18:24.543 [FXGL Background Thread 2 ] DEBUG FXGLAssetLoaderServi - Loading from file system: file:/C:/Users/Admin/Desktop/Bomberman/target/classes/assets/textures/powerup_flames.png
23:18:24.547 [FXGL Background Thread 2 ] DEBUG FXGLAssetLoaderServi - Loading from file system: file:/C:/Users/Admin/Desktop/Bomberman/target/classes/assets/textures/powerup_bombs.png
23:18:24.562 [FXGL Background Thread 2 ] DEBUG FXGLAssetLoaderServi - Loading from file system: file:/C:/Users/Admin/Desktop/Bomberman/target/classes/assets/textures/powerup_speed.png
23:18:26.570 [FXGL Background Thread 2 ] DEBUG FXGLAssetLoaderServi - Loading from file system: file:/C:/Users/Admin/Desktop/Bomberman/target/classes/assets/textures/player_die.png
23:18:26.572 [FXGL Background Thread 2 ] DEBUG FXGLAssetLoaderServi - Loading from file system: file:/C:/Users/Admin/Desktop/Bomberman/target/classes/assets/textures/player_down.png
23:18:26.572 [FXGL Background Thread 2 ] DEBUG FXGLAssetLoaderServi - Loading from file system: file:/C:/Users/Admin/Desktop/Bomberman/target/classes/assets/textures/player_right.png
23:18:26.573 [FXGL Background Thread 2 ] DEBUG FXGLAssetLoaderServi - Loading from file system: file:/C:/Users/Admin/Desktop/Bomberman/target/classes/assets/textures/player_up.png
23:18:26.574 [FXGL Background Thread 2 ] DEBUG FXGLAssetLoaderServi - Loading from file system: file:/C:/Users/Admin/Desktop/Bomberman/target/classes/assets/textures/player_left.png
23:18:26.600 [FXGL Background Thread 2 ] INFO  FXGLApplication      - Game initialization took: 2.164 sec
23:18:26.612 [JavaFX Application Thread] DEBUG Input                - Clearing active input actions
23:18:26.632 [JavaFX Application Thread] DEBUG GameApplicationServi - Removing overlay from FXGLLoadingScene and adding to GameScene
23:18:26.633 [JavaFX Application Thread] DEBUG PrimaryStageWindow   - FXGLLoadingScene -> GameScene
23:18:46.015 [JavaFX Application Thread] DEBUG FXGLAssetLoaderServi - Loading from file system: file:/C:/Users/Admin/Desktop/Bomberman/target/classes/assets/sounds/place_bomb.wav
23:18:46.026 [JavaFX Application Thread] DEBUG FXGLAssetLoaderServi - Loading from file system: file:/C:/Users/Admin/Desktop/Bomberman/target/classes/assets/textures/bomb.png
23:18:47.832 [JavaFX Application Thread] DEBUG FXGLAssetLoaderServi - Loading from file system: file:/C:/Users/Admin/Desktop/Bomberman/target/classes/assets/sounds/explosion.wav
23:18:47.836 [JavaFX Application Thread] DEBUG FXGLAssetLoaderServi - Loading from file system: file:/C:/Users/Admin/Desktop/Bomberman/target/classes/assets/textures/central_flame.png
23:18:47.838 [JavaFX Application Thread] DEBUG FXGLAssetLoaderServi - Loading from file system: file:/C:/Users/Admin/Desktop/Bomberman/target/classes/assets/textures/top_up_flame.png
23:18:47.839 [JavaFX Application Thread] DEBUG FXGLAssetLoaderServi - Loading from file system: file:/C:/Users/Admin/Desktop/Bomberman/target/classes/assets/textures/top_down_flame.png
23:18:47.840 [JavaFX Application Thread] DEBUG FXGLAssetLoaderServi - Loading from file system: file:/C:/Users/Admin/Desktop/Bomberman/target/classes/assets/textures/top_right_flame.png
23:18:47.841 [JavaFX Application Thread] DEBUG FXGLAssetLoaderServi - Loading from file system: file:/C:/Users/Admin/Desktop/Bomberman/target/classes/assets/textures/top_left_flame.png
23:18:49.128 [JavaFX Application Thread] DEBUG FXGLAssetLoaderServi - Loading from file system: file:/C:/Users/Admin/Desktop/Bomberman/target/classes/assets/sounds/powerup.wav
23:18:52.058 [JavaFX Application Thread] DEBUG FXGLAssetLoaderServi - Loading from file system: file:/C:/Users/Admin/Desktop/Bomberman/target/classes/assets/textures/right_flame.png
23:18:52.060 [JavaFX Application Thread] DEBUG FXGLAssetLoaderServi - Loading from file system: file:/C:/Users/Admin/Desktop/Bomberman/target/classes/assets/textures/left_flame.png
23:18:52.061 [JavaFX Application Thread] DEBUG FXGLAssetLoaderServi - Loading from file system: file:/C:/Users/Admin/Desktop/Bomberman/target/classes/assets/textures/down_flame.png
23:18:52.062 [JavaFX Application Thread] DEBUG FXGLAssetLoaderServi - Loading from file system: file:/C:/Users/Admin/Desktop/Bomberman/target/classes/assets/textures/up_flame.png
23:18:57.278 [JavaFX Application Thread] WARN  GameWorld            - Attempted to remove entity which is not active
23:19:03.432 [JavaFX Application Thread] WARN  GameWorld            - Attempted to remove entity which is not active
23:19:10.040 [JavaFX Application Thread] WARN  GameWorld            - Attempted to remove entity which is not active
23:19:10.040 [JavaFX Application Thread] WARN  GameWorld            - Attempted to remove entity which is not active
23:19:10.044 [JavaFX Application Thread] WARN  GameWorld            - Attempted to remove entity which is not active
23:19:26.187 [JavaFX Application Thread] DEBUG PrimaryStageWindow   - Push state: GameMenu
23:19:26.187 [JavaFX Application Thread] DEBUG Input                - Clearing active input actions
23:19:26.188 [JavaFX Application Thread] DEBUG GameApplicationServi - Removing overlay from GameScene and adding to GameMenu
23:19:26.188 [JavaFX Application Thread] DEBUG PrimaryStageWindow   - GameScene -> GameMenu
23:19:27.974 [JavaFX Application Thread] DEBUG Menu                 - fireExit()
23:19:27.978 [JavaFX Application Thread] DEBUG PrimaryStageWindow   - Push state: DialogSubScene
23:19:27.979 [JavaFX Application Thread] DEBUG Input                - Clearing active input actions
23:19:27.979 [JavaFX Application Thread] DEBUG GameApplicationServi - Removing overlay from GameMenu and adding to DialogSubScene
23:19:27.979 [JavaFX Application Thread] DEBUG PrimaryStageWindow   - GameMenu -> DialogSubScene
23:19:28.910 [JavaFX Application Thread] DEBUG PrimaryStageWindow   - Pop state: DialogSubScene
23:19:28.911 [JavaFX Application Thread] DEBUG Input                - Clearing active input actions
23:19:28.911 [JavaFX Application Thread] DEBUG GameApplicationServi - Removing overlay from DialogSubScene and adding to GameMenu
23:19:28.911 [JavaFX Application Thread] DEBUG PrimaryStageWindow   - GameMenu <- DialogSubScene
23:19:28.911 [JavaFX Application Thread] DEBUG FXGLApplication      - Exiting FXGL
23:19:28.911 [JavaFX Application Thread] DEBUG LoopRunner           - Stopping loop
23:19:28.911 [JavaFX Application Thread] DEBUG SystemBundleService  - Saving FXGL system data
23:19:28.913 [JavaFX Application Thread] DEBUG FileSystemAccess     - Writing to: C:\Users\Admin\Desktop\Bomberman\system\fxgl.bundle
23:19:28.914 [JavaFX Application Thread] DEBUG Async                - Shutting down background threads
23:19:28.914 [JavaFX Application Thread] DEBUG PrimaryStageWindow   - Closing main window
23:19:28.927 [JavaFX Application Thread] DEBUG Logger               - Closing Logger
