09:55:56.746 [main                     ] DEBUG Logger               - Configured Logger
09:55:56.777 [main                     ] DEBUG GameApplication      - Logging settings
Title: BOMBER
 MAN
Version: 1.0
Width: 1280
Height: 720
Fullscreen: true
Intro: false
Profiling: false
Single step:false
App Mode: DEVELOPER
Menu Key: ESCAPE
Stage Style: DECORATED
Scene Factory: class Bomberman.BombermanGame$1

09:55:57.507 [JavaFX Application Thread] DEBUG FXGLApplication      - Initializing FXGL
09:55:57.511 [JavaFX Application Thread] INFO  Engine               - FXGL-11.17 (16.07.2021 15.46) on WINDOWS (J:11.0.16.1 FX:16)
09:55:57.512 [JavaFX Application Thread] DEBUG Engine               - JRE Vendor Name: Oracle Corporation
09:55:57.512 [JavaFX Application Thread] DEBUG Engine               - Running on OS: Windows 11 version 10.0
09:55:57.512 [JavaFX Application Thread] DEBUG Engine               - Architecture: amd64
09:55:57.512 [JavaFX Application Thread] INFO  Engine               - Source code and latest versions at: https://github.com/AlmasB/FXGL
09:55:57.512 [JavaFX Application Thread] INFO  Engine               -              Join the FXGL chat at: https://gitter.im/AlmasB/FXGL
09:55:57.723 [JavaFX Application Thread] DEBUG PrimaryStageWindow   - Creating a JavaFX scene
09:55:57.830 [JavaFX Application Thread] DEBUG PrimaryStageWindow   - Target settings size: 1280.0 x 720.0
09:55:57.831 [JavaFX Application Thread] DEBUG PrimaryStageWindow   - Scaled scene size:    1280.0 x 720.0
09:55:57.831 [JavaFX Application Thread] DEBUG PrimaryStageWindow   - Scaled ratio: (1.0, 1.0)
09:55:57.833 [JavaFX Application Thread] DEBUG PrimaryStageWindow   - Set initial scene to FXGLStartupScene
09:55:57.849 [JavaFX Application Thread] DEBUG PrimaryStageWindow   - Opening main window
09:55:58.015 [JavaFX Application Thread] DEBUG PrimaryStageWindow   - Window border size: (13.0, 35.5)
09:55:58.016 [JavaFX Application Thread] DEBUG PrimaryStageWindow   - Scaled size: 1280.0 x 720.0
09:55:58.016 [JavaFX Application Thread] DEBUG PrimaryStageWindow   - Scaled ratio: (1.0, 1.0)
09:55:58.016 [JavaFX Application Thread] DEBUG PrimaryStageWindow   - Scene size: 1280.0 x 720.0
09:55:58.016 [JavaFX Application Thread] DEBUG PrimaryStageWindow   - Stage size: 1293.0 x 755.5
09:55:58.032 [FXGL Background Thread 1 ] DEBUG Engine               - Initializing environment variables
09:55:58.148 [FXGL Background Thread 1 ] DEBUG FXGLAssetLoaderServi - User app class for loading assets: class Bomberman.BombermanGame
09:55:58.149 [FXGL Background Thread 1 ] DEBUG GameApplicationServi - Applying CSS: fxgl_dark.css
09:55:58.150 [FXGL Background Thread 1 ] DEBUG FXGLAssetLoaderServi - Loading from file system: jar:file:/C:/Users/Admin/.m2/repository/com/github/almasb/fxgl/11.17/fxgl-11.17.jar!/fxglassets/ui/css/fxgl_dark.css
09:55:58.218 [FXGL Background Thread 1 ] DEBUG GameApplicationServi - Initializing application scenes
09:55:58.283 [FXGL Background Thread 1 ] DEBUG GameWorld            - Game world initialized
09:55:58.395 [FXGL Background Thread 1 ] DEBUG PhysicsWorld         - Physics world initialized: appHeight=720, physics.ppm=50.0
09:55:58.396 [FXGL Background Thread 1 ] DEBUG PhysicsWorld         - Using strategy: BRUTE_FORCE
09:55:58.400 [FXGL Background Thread 1 ] DEBUG GameScene            - Game scene initialized: 1280x720
09:55:58.624 [FXGL Background Thread 1 ] DEBUG GameApplicationServi - Application scenes initialized
09:55:58.649 [FXGL Background Thread 1 ] DEBUG SystemBundleService  - Loading FXGL system data
09:55:58.659 [FXGL Background Thread 1 ] DEBUG FileSystemAccess     - Reading from: C:\Users\Admin\Desktop\Github\Bomberman\system\fxgl.bundle
09:55:58.673 [FXGL Background Thread 1 ] DEBUG SystemBundleService  - Bundle FXGL: {}
09:55:58.673 [FXGL Background Thread 1 ] DEBUG UpdaterService       - Checking for updates
09:55:58.685 [FXGL Background Thread 4 ] DEBUG FXGLApplication      - Loading fonts
09:55:58.687 [FXGL Background Thread 1 ] DEBUG FXGLApplication      - Loading default localization
09:55:58.687 [FXGL Background Thread 4 ] DEBUG FXGLAssetLoaderServi - Loading from file system: file:/C:/Users/Admin/Desktop/Github/Bomberman/target/classes/assets/ui/fonts/game_font.ttf
09:55:58.688 [FXGL Background Thread 1 ] DEBUG FXGLAssetLoaderServi - Loading from file system: jar:file:/C:/Users/Admin/.m2/repository/com/github/almasb/fxgl/11.17/fxgl-11.17.jar!/fxglassets/languages/english.lang
09:55:58.715 [FXGL Background Thread 1 ] INFO  FXGLApplication      - FXGL initialization took: 0.682 sec
09:55:58.737 [JavaFX Application Thread] DEBUG Input                - Registered new binding: Move Left - A
09:55:58.737 [JavaFX Application Thread] DEBUG Input                - Registered new binding: Move Right - D
09:55:58.738 [JavaFX Application Thread] DEBUG Input                - Registered new binding: Move Up - W
09:55:58.738 [JavaFX Application Thread] DEBUG Input                - Registered new binding: Move Down - S
09:55:58.738 [JavaFX Application Thread] DEBUG Input                - Registered new binding: Place Bomb - Space
09:55:58.738 [JavaFX Application Thread] DEBUG Input                - Registered new binding: Switch to classic bomb - 1
09:55:58.739 [JavaFX Application Thread] DEBUG Input                - Registered new binding: Switch to lazer bomb - 2
09:55:58.739 [JavaFX Application Thread] DEBUG Input                - Registered new binding: Switch to light bomb - 3
09:55:58.739 [JavaFX Application Thread] DEBUG Input                - Registered new binding: Exit game - Esc
09:55:58.740 [JavaFX Application Thread] DEBUG Input                - Registered new binding: Next level - P
09:55:58.740 [JavaFX Application Thread] DEBUG Input                - Registered new binding: Developer Mode - O
09:55:58.742 [JavaFX Application Thread] DEBUG FXGLAssetLoaderServi - Loading from file system: file:/C:/Users/Admin/Desktop/Github/Bomberman/target/classes/assets/music/stage_theme.mp3
09:55:58.973 [JavaFX Application Thread] DEBUG AudioPlayer          - Playing music com.almasb.fxgl.audio.Music@33f28ba9
09:55:58.974 [JavaFX Application Thread] DEBUG FXGLAssetLoaderServi - Loading from file system: jar:file:/C:/Users/Admin/.m2/repository/com/github/almasb/fxgl/11.17/fxgl-11.17.jar!/fxglassets/textures/fxgl_icon.png
09:55:59.015 [JavaFX Application Thread] DEBUG FXGLAssetLoaderServi - Loading from file system: jar:file:/C:/Users/Admin/.m2/repository/com/github/almasb/fxgl/11.17/fxgl-11.17.jar!/fxglassets/textures/fxgl_default_cursor.png
09:55:59.018 [JavaFX Application Thread] DEBUG Input                - Registered new binding: Screenshot - CTRL+8
09:55:59.019 [JavaFX Application Thread] DEBUG Input                - Registered new binding: System info dump - CTRL+9
09:55:59.020 [JavaFX Application Thread] DEBUG Input                - Registered new binding: Restart - CTRL+R
09:55:59.021 [JavaFX Application Thread] DEBUG Input                - Registered new binding: Toggle Debug Camera - CTRL+C
09:55:59.024 [JavaFX Application Thread] DEBUG LoopRunner           - Starting loop
09:55:59.024 [JavaFX Application Thread] DEBUG LoopRunner           - Initializing JavaFX AnimationTimerLoop
09:55:59.029 [JavaFX Application Thread] DEBUG Input                - Clearing active input actions
09:55:59.042 [JavaFX Application Thread] DEBUG GameApplicationServi - Removing overlay from FXGLStartupScene and adding to FXGLMainMenuDummyScene
09:55:59.042 [JavaFX Application Thread] DEBUG PrimaryStageWindow   - FXGLStartupScene -> FXGLMainMenuDummyScene
09:55:59.042 [JavaFX Application Thread] DEBUG PrimaryStageWindow   - Push state: MainMenu
09:55:59.043 [JavaFX Application Thread] DEBUG Input                - Clearing active input actions
09:55:59.053 [JavaFX Application Thread] DEBUG GameApplicationServi - Removing overlay from FXGLMainMenuDummyScene and adding to MainMenu
09:55:59.054 [JavaFX Application Thread] DEBUG PrimaryStageWindow   - FXGLMainMenuDummyScene -> MainMenu
09:55:59.055 [FXGL Background Thread 4 ] DEBUG FXGLAssetLoaderServi - Loading from file system: jar:file:/C:/Users/Admin/.m2/repository/com/github/almasb/fxgl/11.17/fxgl-11.17.jar!/fxglassets/ui/fonts/Abel-Regular.ttf
09:55:59.062 [FXGL Background Thread 4 ] DEBUG FXGLAssetLoaderServi - Loading from file system: jar:file:/C:/Users/Admin/.m2/repository/com/github/almasb/fxgl/11.17/fxgl-11.17.jar!/fxglassets/ui/fonts/lucida_console.ttf
09:55:59.070 [FXGL Background Thread 4 ] DEBUG FXGLAssetLoaderServi - Loading from file system: jar:file:/C:/Users/Admin/.m2/repository/com/github/almasb/fxgl/11.17/fxgl-11.17.jar!/fxglassets/ui/fonts/Courier-Prime.ttf
09:55:59.118 [JavaFX Application Thread] DEBUG FXGLApplication      - Registering font factories with UI factory
09:55:59.702 [FXGL Background Thread 2 ] INFO  UpdaterService       - Your current version:  11.17
09:55:59.702 [FXGL Background Thread 2 ] INFO  UpdaterService       - Latest stable version: 17.2
09:56:00.470 [JavaFX Application Thread] DEBUG Menu                 - fireNewGame()
09:56:00.471 [JavaFX Application Thread] DEBUG GameApplicationServi - Starting new game
09:56:00.471 [JavaFX Application Thread] DEBUG PrimaryStageWindow   - Pop state: MainMenu
09:56:00.472 [JavaFX Application Thread] DEBUG Input                - Clearing active input actions
09:56:00.472 [JavaFX Application Thread] DEBUG GameApplicationServi - Removing overlay from MainMenu and adding to FXGLMainMenuDummyScene
09:56:00.473 [JavaFX Application Thread] DEBUG PrimaryStageWindow   - FXGLMainMenuDummyScene <- MainMenu
09:56:00.473 [JavaFX Application Thread] DEBUG Input                - Clearing active input actions
09:56:00.488 [JavaFX Application Thread] DEBUG GameApplicationServi - Removing overlay from FXGLMainMenuDummyScene and adding to FXGLLoadingScene
09:56:00.489 [JavaFX Application Thread] DEBUG PrimaryStageWindow   - FXGLMainMenuDummyScene -> FXGLLoadingScene
09:56:00.489 [JavaFX Application Thread] DEBUG GameApplicationServi - Clearing previous game
09:56:00.489 [JavaFX Application Thread] DEBUG GameScene            - Clearing game scene
09:56:00.489 [JavaFX Application Thread] DEBUG GameWorld            - Clearing game world
09:56:00.490 [JavaFX Application Thread] DEBUG PhysicsWorld         - Clearing physics world
09:56:00.492 [FXGL Background Thread 2 ] DEBUG FXGLApplication      - Initializing game
09:56:00.526 [FXGL Background Thread 2 ] DEBUG FXGLAssetLoaderServi - Loading from file system: file:/C:/Users/Admin/Desktop/Github/Bomberman/target/classes/assets/textures/wall.png
09:56:00.655 [FXGL Background Thread 2 ] DEBUG FXGLAssetLoaderServi - Loading from file system: file:/C:/Users/Admin/Desktop/Github/Bomberman/target/classes/assets/textures/player_die.png
09:56:00.660 [FXGL Background Thread 2 ] DEBUG FXGLAssetLoaderServi - Loading from file system: file:/C:/Users/Admin/Desktop/Github/Bomberman/target/classes/assets/textures/player_down.png
09:56:00.662 [FXGL Background Thread 2 ] DEBUG FXGLAssetLoaderServi - Loading from file system: file:/C:/Users/Admin/Desktop/Github/Bomberman/target/classes/assets/textures/player_right.png
09:56:00.665 [FXGL Background Thread 2 ] DEBUG FXGLAssetLoaderServi - Loading from file system: file:/C:/Users/Admin/Desktop/Github/Bomberman/target/classes/assets/textures/player_up.png
09:56:00.667 [FXGL Background Thread 2 ] DEBUG FXGLAssetLoaderServi - Loading from file system: file:/C:/Users/Admin/Desktop/Github/Bomberman/target/classes/assets/textures/player_left.png
09:56:00.679 [FXGL Background Thread 2 ] DEBUG FXGLAssetLoaderServi - Loading from file system: file:/C:/Users/Admin/Desktop/Github/Bomberman/target/classes/assets/textures/brick.png
09:56:00.681 [FXGL Background Thread 2 ] DEBUG FXGLAssetLoaderServi - Loading from file system: file:/C:/Users/Admin/Desktop/Github/Bomberman/target/classes/assets/textures/brick_break.png
09:56:00.691 [FXGL Background Thread 2 ] DEBUG FXGLAssetLoaderServi - Loading from file system: file:/C:/Users/Admin/Desktop/Github/Bomberman/target/classes/assets/textures/enemy1.png
09:56:00.710 [FXGL Background Thread 2 ] DEBUG FXGLAssetLoaderServi - Loading from file system: file:/C:/Users/Admin/Desktop/Github/Bomberman/target/classes/assets/textures/enemy2.png
09:56:00.758 [FXGL Background Thread 2 ] DEBUG FXGLAssetLoaderServi - Loading from file system: file:/C:/Users/Admin/Desktop/Github/Bomberman/target/classes/assets/textures/portal.png
09:56:00.795 [FXGL Background Thread 2 ] DEBUG FXGLAssetLoaderServi - Loading from file system: file:/C:/Users/Admin/Desktop/Github/Bomberman/target/classes/assets/textures/powerup_flames.png
09:56:00.914 [FXGL Background Thread 2 ] INFO  FXGLApplication      - Game initialization took: 0.422 sec
09:56:00.919 [JavaFX Application Thread] DEBUG Input                - Clearing active input actions
09:56:00.961 [JavaFX Application Thread] DEBUG GameApplicationServi - Removing overlay from FXGLLoadingScene and adding to GameScene
09:56:00.961 [JavaFX Application Thread] DEBUG PrimaryStageWindow   - FXGLLoadingScene -> GameScene
09:56:00.974 [JavaFX Application Thread] DEBUG FXGLAssetLoaderServi - Loading from file system: file:/C:/Users/Admin/Desktop/Github/Bomberman/target/classes/assets/sounds/stage_start.wav
09:56:00.998 [JavaFX Application Thread] DEBUG PrimaryStageWindow   - Push state: StageStartScene
09:56:00.998 [JavaFX Application Thread] DEBUG Input                - Clearing active input actions
09:56:00.998 [JavaFX Application Thread] DEBUG GameApplicationServi - Removing overlay from GameScene and adding to StageStartScene
09:56:00.999 [JavaFX Application Thread] DEBUG PrimaryStageWindow   - GameScene -> StageStartScene
09:56:01.681 [FXGL Background Thread 3 ] DEBUG Engine               - Logging environment variables
09:56:01.682 [FXGL Background Thread 3 ] DEBUG Engine               - achievements: []
09:56:01.683 [FXGL Background Thread 3 ] DEBUG Engine               - actualHeight: 720.0
09:56:01.683 [FXGL Background Thread 3 ] DEBUG Engine               - actualHeightProperty: ReadOnlyDoubleProperty [value: 720.0]
09:56:01.683 [FXGL Background Thread 3 ] DEBUG Engine               - actualWidth: 1280.0
09:56:01.683 [FXGL Background Thread 3 ] DEBUG Engine               - actualWidthProperty: ReadOnlyDoubleProperty [value: 1280.0]
09:56:01.683 [FXGL Background Thread 3 ] DEBUG Engine               - appIcon: fxgl_icon.png
09:56:01.683 [FXGL Background Thread 3 ] DEBUG Engine               - applicationMode: DEVELOPER
09:56:01.683 [FXGL Background Thread 3 ] DEBUG Engine               - cSSList: [fxgl_dark.css]
09:56:01.683 [FXGL Background Thread 3 ] DEBUG Engine               - collisionDetectionStrategy: BRUTE_FORCE
09:56:01.683 [FXGL Background Thread 3 ] DEBUG Engine               - configClass: Optional.empty
09:56:01.684 [FXGL Background Thread 3 ] DEBUG Engine               - credits: []
09:56:01.684 [FXGL Background Thread 3 ] DEBUG Engine               - defaultCursor: CursorInfo(imageName=fxgl_default_cursor.png, hotspotX=7.0, hotspotY=6.0)
09:56:01.684 [FXGL Background Thread 3 ] DEBUG Engine               - devBBoxColorProperty: ObjectProperty [value: 0xff0000ff]
09:56:01.684 [FXGL Background Thread 3 ] DEBUG Engine               - devEnableDebugCameraProperty: BooleanProperty [value: false]
09:56:01.684 [FXGL Background Thread 3 ] DEBUG Engine               - devSensorColorProperty: ObjectProperty [value: 0xffff00ff]
09:56:01.685 [FXGL Background Thread 3 ] DEBUG Engine               - devShowBBoxProperty: BooleanProperty [value: false]
09:56:01.685 [FXGL Background Thread 3 ] DEBUG Engine               - devShowPositionProperty: BooleanProperty [value: false]
09:56:01.685 [FXGL Background Thread 3 ] DEBUG Engine               - enabledMenuItems: []
09:56:01.685 [FXGL Background Thread 3 ] DEBUG Engine               - engineServices: [class com.almasb.fxgl.app.services.FXGLAssetLoaderService, class com.almasb.fxgl.app.FXGLApplication$GameApplicationService, class com.almasb.fxgl.app.services.FXGLDialogService, class com.almasb.fxgl.app.services.IOTaskExecutorService, class com.almasb.fxgl.io.FileSystemService, class com.almasb.fxgl.localization.LocalizationService, class com.almasb.fxgl.app.services.SystemBundleService, class com.almasb.fxgl.profile.SaveLoadService, class com.almasb.fxgl.ui.FXGLUIFactoryServiceProvider, class com.almasb.fxgl.ui.FXGLDialogFactoryServiceProvider, class com.almasb.fxgl.audio.AudioPlayer, class com.almasb.fxgl.notification.impl.NotificationServiceProvider, class com.almasb.fxgl.achievement.AchievementService, class com.almasb.fxgl.cutscene.CutsceneService, class com.almasb.fxgl.minigames.MiniGameService, class com.almasb.fxgl.net.NetService, class com.almasb.fxgl.app.services.UpdaterService, class com.almasb.fxgl.dev.DevService]
09:56:01.687 [FXGL Background Thread 3 ] DEBUG Engine               - fontGame: Abel-Regular.ttf
09:56:01.688 [FXGL Background Thread 3 ] DEBUG Engine               - fontMono: lucida_console.ttf
09:56:01.688 [FXGL Background Thread 3 ] DEBUG Engine               - fontText: Courier-Prime.ttf
09:56:01.688 [FXGL Background Thread 3 ] DEBUG Engine               - fontUI: game_font.ttf
09:56:01.688 [FXGL Background Thread 3 ] DEBUG Engine               - fullScreen: BooleanProperty [value: false]
09:56:01.688 [FXGL Background Thread 3 ] DEBUG Engine               - gameDifficulty: MEDIUM
09:56:01.688 [FXGL Background Thread 3 ] DEBUG Engine               - gameDifficultyProperty: ObjectProperty [value: MEDIUM]
09:56:01.688 [FXGL Background Thread 3 ] DEBUG Engine               - globalMusicVolume: 0.5
09:56:01.689 [FXGL Background Thread 3 ] DEBUG Engine               - globalMusicVolumeProperty: DoubleProperty [value: 0.0]
09:56:01.689 [FXGL Background Thread 3 ] DEBUG Engine               - globalSoundVolume: 0.5
09:56:01.689 [FXGL Background Thread 3 ] DEBUG Engine               - globalSoundVolumeProperty: DoubleProperty [value: 0.5]
09:56:01.689 [FXGL Background Thread 3 ] DEBUG Engine               - height: 720
09:56:01.689 [FXGL Background Thread 3 ] DEBUG Engine               - is3D: false
09:56:01.689 [FXGL Background Thread 3 ] DEBUG Engine               - isAndroid: false
09:56:01.689 [FXGL Background Thread 3 ] DEBUG Engine               - isBrowser: false
09:56:01.689 [FXGL Background Thread 3 ] DEBUG Engine               - isClickFeedbackEnabled: false
09:56:01.689 [FXGL Background Thread 3 ] DEBUG Engine               - isCloseConfirmation: false
09:56:01.689 [FXGL Background Thread 3 ] DEBUG Engine               - isDesktop: true
09:56:01.689 [FXGL Background Thread 3 ] DEBUG Engine               - isDeveloperMenuEnabled: false
09:56:01.690 [FXGL Background Thread 3 ] DEBUG Engine               - isEntityPreloadEnabled: true
09:56:01.690 [FXGL Background Thread 3 ] DEBUG Engine               - isExperimentalTiledLargeMap: false
09:56:01.690 [FXGL Background Thread 3 ] DEBUG Engine               - isFileSystemWriteAllowed: true
09:56:01.690 [FXGL Background Thread 3 ] DEBUG Engine               - isFullScreenAllowed: true
09:56:01.690 [FXGL Background Thread 3 ] DEBUG Engine               - isFullScreenFromStart: false
09:56:01.690 [FXGL Background Thread 3 ] DEBUG Engine               - isGameMenuEnabled: true
09:56:01.690 [FXGL Background Thread 3 ] DEBUG Engine               - isIOS: false
09:56:01.690 [FXGL Background Thread 3 ] DEBUG Engine               - isIntroEnabled: false
09:56:01.690 [FXGL Background Thread 3 ] DEBUG Engine               - isLinux: false
09:56:01.690 [FXGL Background Thread 3 ] DEBUG Engine               - isMac: false
09:56:01.690 [FXGL Background Thread 3 ] DEBUG Engine               - isMainMenuEnabled: true
09:56:01.690 [FXGL Background Thread 3 ] DEBUG Engine               - isManualResizeEnabled: false
09:56:01.690 [FXGL Background Thread 3 ] DEBUG Engine               - isMobile: false
09:56:01.691 [FXGL Background Thread 3 ] DEBUG Engine               - isNative: false
09:56:01.691 [FXGL Background Thread 3 ] DEBUG Engine               - isPauseMusicWhenMinimized: true
09:56:01.691 [FXGL Background Thread 3 ] DEBUG Engine               - isPreserveResizeRatio: false
09:56:01.691 [FXGL Background Thread 3 ] DEBUG Engine               - isProfilingEnabled: false
09:56:01.691 [FXGL Background Thread 3 ] DEBUG Engine               - isScaleAffectedOnResize: true
09:56:01.691 [FXGL Background Thread 3 ] DEBUG Engine               - isSingleStep: false
09:56:01.691 [FXGL Background Thread 3 ] DEBUG Engine               - isUserProfileEnabled: false
09:56:01.692 [FXGL Background Thread 3 ] DEBUG Engine               - isWindows: true
09:56:01.692 [FXGL Background Thread 3 ] DEBUG Engine               - language: ObjectProperty [value: ENGLISH]
09:56:01.692 [FXGL Background Thread 3 ] DEBUG Engine               - menuKey: ESCAPE
09:56:01.692 [FXGL Background Thread 3 ] DEBUG Engine               - mouseSensitivity: 0.2
09:56:01.692 [FXGL Background Thread 3 ] DEBUG Engine               - notificationViewClass: class com.almasb.fxgl.notification.view.XboxNotificationView
09:56:01.692 [FXGL Background Thread 3 ] DEBUG Engine               - pixelsPerMeter: 50.0
09:56:01.692 [FXGL Background Thread 3 ] DEBUG Engine               - platform: WINDOWS
09:56:01.692 [FXGL Background Thread 3 ] DEBUG Engine               - prefHeightProperty: ReadOnlyDoubleProperty [value: 720.0]
09:56:01.693 [FXGL Background Thread 3 ] DEBUG Engine               - prefWidthProperty: ReadOnlyDoubleProperty [value: 1280.0]
09:56:01.693 [FXGL Background Thread 3 ] DEBUG Engine               - profileDir: profiles/
09:56:01.693 [FXGL Background Thread 3 ] DEBUG Engine               - profileName: StringProperty [value: DEFAULT]
09:56:01.693 [FXGL Background Thread 3 ] DEBUG Engine               - randomSeed: -1
09:56:01.693 [FXGL Background Thread 3 ] DEBUG Engine               - runtimeInfo: RuntimeInfo(platform=WINDOWS, version=11.17, build=16.07.2021 15.46)
09:56:01.693 [FXGL Background Thread 3 ] DEBUG Engine               - saveFileExt: sav
09:56:01.693 [FXGL Background Thread 3 ] DEBUG Engine               - scaledHeightProp$fxgl: DoubleProperty [bound, value: 720.0]
09:56:01.693 [FXGL Background Thread 3 ] DEBUG Engine               - scaledWidthProp$fxgl: DoubleProperty [bound, value: 1280.0]
09:56:01.693 [FXGL Background Thread 3 ] DEBUG Engine               - sceneFactory: Bomberman.BombermanGame$1@76d47bd1
09:56:01.693 [FXGL Background Thread 3 ] DEBUG Engine               - secondsIn24h: 60
09:56:01.693 [FXGL Background Thread 3 ] DEBUG Engine               - soundMenuBack: menu/back.wav
09:56:01.693 [FXGL Background Thread 3 ] DEBUG Engine               - soundMenuPress: menu/press.wav
09:56:01.693 [FXGL Background Thread 3 ] DEBUG Engine               - soundMenuSelect: menu/select.wav
09:56:01.693 [FXGL Background Thread 3 ] DEBUG Engine               - soundNotification: core/notification.wav
09:56:01.693 [FXGL Background Thread 3 ] DEBUG Engine               - stageStyle: DECORATED
09:56:01.693 [FXGL Background Thread 3 ] DEBUG Engine               - supportedLanguages: [ENGLISH, FRENCH, GERMAN, HUNGARIAN, RUSSIAN]
09:56:01.693 [FXGL Background Thread 3 ] DEBUG Engine               - ticksPerSecond: -1
09:56:01.693 [FXGL Background Thread 3 ] DEBUG Engine               - title: BOMBER
 MAN
09:56:01.693 [FXGL Background Thread 3 ] DEBUG Engine               - urlGithub: https://github.com/AlmasB/FXGL
09:56:01.693 [FXGL Background Thread 3 ] DEBUG Engine               - urlLeaderboard: http://fxgl-top.herokuapp.com/
09:56:01.693 [FXGL Background Thread 3 ] DEBUG Engine               - urlPOM: https://raw.githubusercontent.com/AlmasB/FXGL/release/README.md
09:56:01.693 [FXGL Background Thread 3 ] DEBUG Engine               - userAppClass: class Bomberman.BombermanGame
09:56:01.693 [FXGL Background Thread 3 ] DEBUG Engine               - version: 1.0
09:56:01.693 [FXGL Background Thread 3 ] DEBUG Engine               - versionCheckDays: 7
09:56:01.693 [FXGL Background Thread 3 ] DEBUG Engine               - width: 1280
09:56:01.693 [FXGL Background Thread 3 ] DEBUG Engine               - Logging services
09:56:01.693 [FXGL Background Thread 3 ] DEBUG Engine               - class com.almasb.fxgl.app.services.FXGLAssetLoaderService
09:56:01.694 [FXGL Background Thread 3 ] DEBUG Engine               - class com.almasb.fxgl.app.FXGLApplication$GameApplicationService
09:56:01.694 [FXGL Background Thread 3 ] DEBUG Engine               - class com.almasb.fxgl.app.services.FXGLDialogService
09:56:01.694 [FXGL Background Thread 3 ] DEBUG Engine               - class com.almasb.fxgl.app.services.IOTaskExecutorService
09:56:01.694 [FXGL Background Thread 3 ] DEBUG Engine               - class com.almasb.fxgl.io.FileSystemService
09:56:01.694 [FXGL Background Thread 3 ] DEBUG Engine               - class com.almasb.fxgl.localization.LocalizationService
09:56:01.694 [FXGL Background Thread 3 ] DEBUG Engine               - class com.almasb.fxgl.app.services.SystemBundleService
09:56:01.694 [FXGL Background Thread 3 ] DEBUG Engine               - class com.almasb.fxgl.profile.SaveLoadService
09:56:01.694 [FXGL Background Thread 3 ] DEBUG Engine               - class com.almasb.fxgl.ui.FXGLUIFactoryServiceProvider
09:56:01.694 [FXGL Background Thread 3 ] DEBUG Engine               - class com.almasb.fxgl.ui.FXGLDialogFactoryServiceProvider
09:56:01.694 [FXGL Background Thread 3 ] DEBUG Engine               - class com.almasb.fxgl.audio.AudioPlayer
09:56:01.694 [FXGL Background Thread 3 ] DEBUG Engine               - class com.almasb.fxgl.notification.impl.NotificationServiceProvider
09:56:01.694 [FXGL Background Thread 3 ] DEBUG Engine               - class com.almasb.fxgl.achievement.AchievementService
09:56:01.694 [FXGL Background Thread 3 ] DEBUG Engine               - class com.almasb.fxgl.cutscene.CutsceneService
09:56:01.694 [FXGL Background Thread 3 ] DEBUG Engine               - class com.almasb.fxgl.minigames.MiniGameService
09:56:01.694 [FXGL Background Thread 3 ] DEBUG Engine               - class com.almasb.fxgl.net.NetService
09:56:01.694 [FXGL Background Thread 3 ] DEBUG Engine               - class com.almasb.fxgl.app.services.UpdaterService
09:56:01.694 [FXGL Background Thread 3 ] DEBUG Engine               - class com.almasb.fxgl.dev.DevService
09:56:04.474 [JavaFX Application Thread] DEBUG PrimaryStageWindow   - Pop state: StageStartScene
09:56:04.474 [JavaFX Application Thread] DEBUG Input                - Clearing active input actions
09:56:04.475 [JavaFX Application Thread] DEBUG GameApplicationServi - Removing overlay from StageStartScene and adding to GameScene
09:56:04.476 [JavaFX Application Thread] DEBUG PrimaryStageWindow   - GameScene <- StageStartScene
09:56:08.747 [JavaFX Application Thread] DEBUG PrimaryStageWindow   - Push state: StageStartScene
09:56:08.748 [JavaFX Application Thread] DEBUG Input                - Clearing active input actions
09:56:08.750 [JavaFX Application Thread] DEBUG GameApplicationServi - Removing overlay from GameScene and adding to StageStartScene
09:56:08.751 [JavaFX Application Thread] DEBUG PrimaryStageWindow   - GameScene -> StageStartScene
09:56:08.865 [JavaFX Application Thread] DEBUG FXGLAssetLoaderServi - Loading from file system: file:/C:/Users/Admin/Desktop/Github/Bomberman/target/classes/assets/textures/powerup_bombs.png
09:56:08.926 [JavaFX Application Thread] DEBUG FXGLAssetLoaderServi - Loading from file system: file:/C:/Users/Admin/Desktop/Github/Bomberman/target/classes/assets/textures/enemy4.png
09:56:08.940 [JavaFX Application Thread] DEBUG FXGLAssetLoaderServi - Loading from file system: file:/C:/Users/Admin/Desktop/Github/Bomberman/target/classes/assets/textures/enemy3.png
09:56:12.602 [JavaFX Application Thread] DEBUG PrimaryStageWindow   - Pop state: StageStartScene
09:56:12.602 [JavaFX Application Thread] DEBUG Input                - Clearing active input actions
09:56:12.603 [JavaFX Application Thread] DEBUG GameApplicationServi - Removing overlay from StageStartScene and adding to GameScene
09:56:12.604 [JavaFX Application Thread] DEBUG PrimaryStageWindow   - GameScene <- StageStartScene
09:56:20.921 [JavaFX Application Thread] DEBUG PrimaryStageWindow   - Push state: StageStartScene
09:56:20.921 [JavaFX Application Thread] DEBUG Input                - Clearing active input actions
09:56:20.921 [JavaFX Application Thread] DEBUG GameApplicationServi - Removing overlay from GameScene and adding to StageStartScene
09:56:20.921 [JavaFX Application Thread] DEBUG PrimaryStageWindow   - GameScene -> StageStartScene
09:56:21.038 [JavaFX Application Thread] DEBUG FXGLAssetLoaderServi - Loading from file system: file:/C:/Users/Admin/Desktop/Github/Bomberman/target/classes/assets/textures/enemy5.png
09:56:24.826 [JavaFX Application Thread] DEBUG PrimaryStageWindow   - Pop state: StageStartScene
09:56:24.826 [JavaFX Application Thread] DEBUG Input                - Clearing active input actions
09:56:24.826 [JavaFX Application Thread] DEBUG GameApplicationServi - Removing overlay from StageStartScene and adding to GameScene
09:56:24.827 [JavaFX Application Thread] DEBUG PrimaryStageWindow   - GameScene <- StageStartScene
09:56:30.330 [JavaFX Application Thread] DEBUG FXGLAssetLoaderServi - Loading from file system: file:/C:/Users/Admin/Desktop/Github/Bomberman/target/classes/assets/sounds/player_die.wav
09:56:50.124 [JavaFX Application Thread] DEBUG FXGLAssetLoaderServi - Loading from file system: file:/C:/Users/Admin/Desktop/Github/Bomberman/target/classes/assets/sounds/ending.wav
09:56:50.143 [JavaFX Application Thread] DEBUG PrimaryStageWindow   - Push state: EndingScene
09:56:50.143 [JavaFX Application Thread] DEBUG Input                - Clearing active input actions
09:56:50.143 [JavaFX Application Thread] DEBUG GameApplicationServi - Removing overlay from GameScene and adding to EndingScene
09:56:50.144 [JavaFX Application Thread] DEBUG PrimaryStageWindow   - GameScene -> EndingScene
09:56:52.680 [JavaFX Application Thread] DEBUG FXGLApplication      - Exiting FXGL
09:56:52.680 [JavaFX Application Thread] DEBUG LoopRunner           - Stopping loop
09:56:52.681 [JavaFX Application Thread] DEBUG SystemBundleService  - Saving FXGL system data
09:56:52.683 [JavaFX Application Thread] DEBUG FileSystemAccess     - Writing to: C:\Users\Admin\Desktop\Github\Bomberman\system\fxgl.bundle
09:56:52.687 [JavaFX Application Thread] DEBUG Async                - Shutting down background threads
09:56:52.687 [JavaFX Application Thread] DEBUG PrimaryStageWindow   - Closing main window
09:56:52.743 [JavaFX Application Thread] DEBUG Logger               - Closing Logger
