10:40:11.333 [main                     ] DEBUG Logger               - Configured Logger
10:40:11.350 [main                     ] DEBUG GameApplication      - Logging settings
Title: BOMBER
 MAN
Version: 1.0
Width: 1280
Height: 720
Fullscreen: true
Intro: false
Profiling: false
Single step:false
App Mode: DEVELOPER
Menu Key: ESCAPE
Stage Style: DECORATED
Scene Factory: class Bomberman.BombermanGame$1

10:40:11.816 [JavaFX Application Thread] DEBUG FXGLApplication      - Initializing FXGL
10:40:11.820 [JavaFX Application Thread] INFO  Engine               - FXGL-11.17 (16.07.2021 15.46) on WINDOWS (J:11.0.16.1 FX:16)
10:40:11.821 [JavaFX Application Thread] DEBUG Engine               - JRE Vendor Name: Oracle Corporation
10:40:11.821 [JavaFX Application Thread] DEBUG Engine               - Running on OS: Windows 11 version 10.0
10:40:11.821 [JavaFX Application Thread] DEBUG Engine               - Architecture: amd64
10:40:11.821 [JavaFX Application Thread] INFO  Engine               - Source code and latest versions at: https://github.com/AlmasB/FXGL
10:40:11.821 [JavaFX Application Thread] INFO  Engine               -              Join the FXGL chat at: https://gitter.im/AlmasB/FXGL
10:40:11.969 [JavaFX Application Thread] DEBUG PrimaryStageWindow   - Creating a JavaFX scene
10:40:12.034 [JavaFX Application Thread] DEBUG PrimaryStageWindow   - Target settings size: 1280.0 x 720.0
10:40:12.035 [JavaFX Application Thread] DEBUG PrimaryStageWindow   - Scaled scene size:    1280.0 x 720.0
10:40:12.035 [JavaFX Application Thread] DEBUG PrimaryStageWindow   - Scaled ratio: (1.0, 1.0)
10:40:12.036 [JavaFX Application Thread] DEBUG PrimaryStageWindow   - Set initial scene to FXGLStartupScene
10:40:12.047 [JavaFX Application Thread] DEBUG PrimaryStageWindow   - Opening main window
10:40:12.154 [JavaFX Application Thread] DEBUG PrimaryStageWindow   - Window border size: (13.0, 35.5)
10:40:12.154 [JavaFX Application Thread] DEBUG PrimaryStageWindow   - Scaled size: 1280.0 x 720.0
10:40:12.154 [JavaFX Application Thread] DEBUG PrimaryStageWindow   - Scaled ratio: (1.0, 1.0)
10:40:12.154 [JavaFX Application Thread] DEBUG PrimaryStageWindow   - Scene size: 1280.0 x 720.0
10:40:12.154 [JavaFX Application Thread] DEBUG PrimaryStageWindow   - Stage size: 1293.0 x 755.5
10:40:12.165 [FXGL Background Thread 1 ] DEBUG Engine               - Initializing environment variables
10:40:12.273 [FXGL Background Thread 1 ] DEBUG FXGLAssetLoaderServi - User app class for loading assets: class Bomberman.BombermanGame
10:40:12.274 [FXGL Background Thread 1 ] DEBUG GameApplicationServi - Applying CSS: fxgl_dark.css
10:40:12.275 [FXGL Background Thread 1 ] DEBUG FXGLAssetLoaderServi - Loading from file system: jar:file:/C:/Users/Admin/.m2/repository/com/github/almasb/fxgl/11.17/fxgl-11.17.jar!/fxglassets/ui/css/fxgl_dark.css
10:40:12.338 [FXGL Background Thread 1 ] DEBUG GameApplicationServi - Initializing application scenes
10:40:12.390 [FXGL Background Thread 1 ] DEBUG GameWorld            - Game world initialized
10:40:12.479 [FXGL Background Thread 1 ] DEBUG PhysicsWorld         - Physics world initialized: appHeight=720, physics.ppm=50.0
10:40:12.480 [FXGL Background Thread 1 ] DEBUG PhysicsWorld         - Using strategy: BRUTE_FORCE
10:40:12.484 [FXGL Background Thread 1 ] DEBUG GameScene            - Game scene initialized: 1280x720
10:40:12.620 [FXGL Background Thread 1 ] DEBUG GameApplicationServi - Application scenes initialized
10:40:12.634 [FXGL Background Thread 1 ] DEBUG SystemBundleService  - Loading FXGL system data
10:40:12.638 [FXGL Background Thread 1 ] DEBUG FileSystemAccess     - Reading from: C:\Users\Admin\Desktop\Bomberman\system\fxgl.bundle
10:40:12.645 [FXGL Background Thread 1 ] DEBUG SystemBundleService  - Bundle FXGL: {}
10:40:12.645 [FXGL Background Thread 1 ] DEBUG UpdaterService       - Checking for updates
10:40:12.650 [FXGL Background Thread 4 ] DEBUG FXGLApplication      - Loading fonts
10:40:12.651 [FXGL Background Thread 4 ] DEBUG FXGLAssetLoaderServi - Loading from file system: file:/C:/Users/Admin/Desktop/Bomberman/target/classes/assets/ui/fonts/game_font.ttf
10:40:12.651 [FXGL Background Thread 1 ] DEBUG FXGLApplication      - Loading default localization
10:40:12.651 [FXGL Background Thread 1 ] DEBUG FXGLAssetLoaderServi - Loading from file system: jar:file:/C:/Users/Admin/.m2/repository/com/github/almasb/fxgl/11.17/fxgl-11.17.jar!/fxglassets/languages/english.lang
10:40:12.667 [FXGL Background Thread 1 ] INFO  FXGLApplication      - FXGL initialization took: 0.502 sec
10:40:12.694 [JavaFX Application Thread] DEBUG Input                - Registered new binding: Move Left - A
10:40:12.694 [JavaFX Application Thread] DEBUG Input                - Registered new binding: Move Right - D
10:40:12.695 [JavaFX Application Thread] DEBUG Input                - Registered new binding: Move Up - W
10:40:12.695 [JavaFX Application Thread] DEBUG Input                - Registered new binding: Move Down - S
10:40:12.695 [JavaFX Application Thread] DEBUG Input                - Registered new binding: Place Bomb - Space
10:40:12.696 [JavaFX Application Thread] DEBUG Input                - Registered new binding: Switch to classic bomb - 1
10:40:12.696 [JavaFX Application Thread] DEBUG Input                - Registered new binding: Switch to lazer bomb - 2
10:40:12.696 [JavaFX Application Thread] DEBUG Input                - Registered new binding: Switch to light bomb - 3
10:40:12.698 [JavaFX Application Thread] DEBUG FXGLAssetLoaderServi - Loading from file system: file:/C:/Users/Admin/Desktop/Bomberman/target/classes/assets/music/stage_theme.mp3
10:40:12.941 [JavaFX Application Thread] DEBUG AudioPlayer          - Playing music com.almasb.fxgl.audio.Music@230d6ac
10:40:12.943 [JavaFX Application Thread] DEBUG FXGLAssetLoaderServi - Loading from file system: jar:file:/C:/Users/Admin/.m2/repository/com/github/almasb/fxgl/11.17/fxgl-11.17.jar!/fxglassets/textures/fxgl_icon.png
10:40:12.989 [JavaFX Application Thread] DEBUG FXGLAssetLoaderServi - Loading from file system: jar:file:/C:/Users/Admin/.m2/repository/com/github/almasb/fxgl/11.17/fxgl-11.17.jar!/fxglassets/textures/fxgl_default_cursor.png
10:40:12.993 [JavaFX Application Thread] DEBUG Input                - Registered new binding: Screenshot - CTRL+8
10:40:12.994 [JavaFX Application Thread] DEBUG Input                - Registered new binding: System info dump - CTRL+9
10:40:12.995 [JavaFX Application Thread] DEBUG Input                - Registered new binding: Restart - CTRL+R
10:40:12.996 [JavaFX Application Thread] DEBUG Input                - Registered new binding: Toggle Debug Camera - CTRL+C
10:40:13.000 [JavaFX Application Thread] DEBUG LoopRunner           - Starting loop
10:40:13.000 [JavaFX Application Thread] DEBUG LoopRunner           - Initializing JavaFX AnimationTimerLoop
10:40:13.004 [JavaFX Application Thread] DEBUG Input                - Clearing active input actions
10:40:13.017 [JavaFX Application Thread] DEBUG GameApplicationServi - Removing overlay from FXGLStartupScene and adding to FXGLMainMenuDummyScene
10:40:13.018 [JavaFX Application Thread] DEBUG PrimaryStageWindow   - FXGLStartupScene -> FXGLMainMenuDummyScene
10:40:13.018 [JavaFX Application Thread] DEBUG PrimaryStageWindow   - Push state: MainMenu
10:40:13.018 [JavaFX Application Thread] DEBUG Input                - Clearing active input actions
10:40:13.025 [JavaFX Application Thread] DEBUG GameApplicationServi - Removing overlay from FXGLMainMenuDummyScene and adding to MainMenu
10:40:13.026 [JavaFX Application Thread] DEBUG PrimaryStageWindow   - FXGLMainMenuDummyScene -> MainMenu
10:40:13.108 [FXGL Background Thread 4 ] DEBUG FXGLAssetLoaderServi - Loading from file system: jar:file:/C:/Users/Admin/.m2/repository/com/github/almasb/fxgl/11.17/fxgl-11.17.jar!/fxglassets/ui/fonts/Abel-Regular.ttf
10:40:13.113 [FXGL Background Thread 4 ] DEBUG FXGLAssetLoaderServi - Loading from file system: jar:file:/C:/Users/Admin/.m2/repository/com/github/almasb/fxgl/11.17/fxgl-11.17.jar!/fxglassets/ui/fonts/lucida_console.ttf
10:40:13.119 [FXGL Background Thread 4 ] DEBUG FXGLAssetLoaderServi - Loading from file system: jar:file:/C:/Users/Admin/.m2/repository/com/github/almasb/fxgl/11.17/fxgl-11.17.jar!/fxglassets/ui/fonts/Courier-Prime.ttf
10:40:13.125 [JavaFX Application Thread] DEBUG FXGLApplication      - Registering font factories with UI factory
10:40:13.477 [FXGL Background Thread 2 ] INFO  UpdaterService       - Your current version:  11.17
10:40:13.477 [FXGL Background Thread 2 ] INFO  UpdaterService       - Latest stable version: 17.2
10:40:13.984 [JavaFX Application Thread] DEBUG Menu                 - fireNewGame()
10:40:13.984 [JavaFX Application Thread] DEBUG GameApplicationServi - Starting new game
10:40:13.984 [JavaFX Application Thread] DEBUG PrimaryStageWindow   - Pop state: MainMenu
10:40:13.984 [JavaFX Application Thread] DEBUG Input                - Clearing active input actions
10:40:13.985 [JavaFX Application Thread] DEBUG GameApplicationServi - Removing overlay from MainMenu and adding to FXGLMainMenuDummyScene
10:40:13.986 [JavaFX Application Thread] DEBUG PrimaryStageWindow   - FXGLMainMenuDummyScene <- MainMenu
10:40:13.986 [JavaFX Application Thread] DEBUG Input                - Clearing active input actions
10:40:13.992 [JavaFX Application Thread] DEBUG GameApplicationServi - Removing overlay from FXGLMainMenuDummyScene and adding to FXGLLoadingScene
10:40:13.992 [JavaFX Application Thread] DEBUG PrimaryStageWindow   - FXGLMainMenuDummyScene -> FXGLLoadingScene
10:40:13.992 [JavaFX Application Thread] DEBUG GameApplicationServi - Clearing previous game
10:40:13.992 [JavaFX Application Thread] DEBUG GameScene            - Clearing game scene
10:40:13.992 [JavaFX Application Thread] DEBUG GameWorld            - Clearing game world
10:40:13.992 [JavaFX Application Thread] DEBUG PhysicsWorld         - Clearing physics world
10:40:13.993 [FXGL Background Thread 2 ] DEBUG FXGLApplication      - Initializing game
10:40:14.010 [FXGL Background Thread 2 ] DEBUG FXGLAssetLoaderServi - Loading from file system: file:/C:/Users/Admin/Desktop/Bomberman/target/classes/assets/textures/wall.png
10:40:14.080 [FXGL Background Thread 2 ] DEBUG FXGLAssetLoaderServi - Loading from file system: file:/C:/Users/Admin/Desktop/Bomberman/target/classes/assets/textures/player_die.png
10:40:14.084 [FXGL Background Thread 2 ] DEBUG FXGLAssetLoaderServi - Loading from file system: file:/C:/Users/Admin/Desktop/Bomberman/target/classes/assets/textures/player_down.png
10:40:14.085 [FXGL Background Thread 2 ] DEBUG FXGLAssetLoaderServi - Loading from file system: file:/C:/Users/Admin/Desktop/Bomberman/target/classes/assets/textures/player_right.png
10:40:14.087 [FXGL Background Thread 2 ] DEBUG FXGLAssetLoaderServi - Loading from file system: file:/C:/Users/Admin/Desktop/Bomberman/target/classes/assets/textures/player_up.png
10:40:14.088 [FXGL Background Thread 2 ] DEBUG FXGLAssetLoaderServi - Loading from file system: file:/C:/Users/Admin/Desktop/Bomberman/target/classes/assets/textures/player_left.png
10:40:14.095 [FXGL Background Thread 2 ] DEBUG FXGLAssetLoaderServi - Loading from file system: file:/C:/Users/Admin/Desktop/Bomberman/target/classes/assets/textures/powerup_bombs.png
10:40:14.100 [FXGL Background Thread 2 ] DEBUG FXGLAssetLoaderServi - Loading from file system: file:/C:/Users/Admin/Desktop/Bomberman/target/classes/assets/textures/brick.png
10:40:14.100 [FXGL Background Thread 2 ] DEBUG FXGLAssetLoaderServi - Loading from file system: file:/C:/Users/Admin/Desktop/Bomberman/target/classes/assets/textures/brick_break.png
10:40:14.106 [FXGL Background Thread 2 ] DEBUG FXGLAssetLoaderServi - Loading from file system: file:/C:/Users/Admin/Desktop/Bomberman/target/classes/assets/textures/enemy1.png
10:40:14.116 [FXGL Background Thread 2 ] DEBUG FXGLAssetLoaderServi - Loading from file system: file:/C:/Users/Admin/Desktop/Bomberman/target/classes/assets/textures/enemy2.png
10:40:14.148 [FXGL Background Thread 2 ] DEBUG FXGLAssetLoaderServi - Loading from file system: file:/C:/Users/Admin/Desktop/Bomberman/target/classes/assets/textures/portal.png
10:40:14.178 [FXGL Background Thread 2 ] DEBUG FXGLAssetLoaderServi - Loading from file system: file:/C:/Users/Admin/Desktop/Bomberman/target/classes/assets/textures/powerup_flames.png
10:40:14.241 [FXGL Background Thread 2 ] DEBUG FXGLAssetLoaderServi - Loading from file system: file:/C:/Users/Admin/Desktop/Bomberman/target/classes/assets/textures/powerup_speed.png
10:40:14.271 [FXGL Background Thread 2 ] INFO  FXGLApplication      - Game initialization took: 0.278 sec
10:40:14.272 [JavaFX Application Thread] DEBUG Input                - Clearing active input actions
10:40:14.290 [JavaFX Application Thread] DEBUG GameApplicationServi - Removing overlay from FXGLLoadingScene and adding to GameScene
10:40:14.290 [JavaFX Application Thread] DEBUG PrimaryStageWindow   - FXGLLoadingScene -> GameScene
10:40:14.291 [JavaFX Application Thread] DEBUG FXGLAssetLoaderServi - Loading from file system: file:/C:/Users/Admin/Desktop/Bomberman/target/classes/assets/sounds/stage_start.wav
10:40:14.323 [JavaFX Application Thread] DEBUG PrimaryStageWindow   - Push state: StageStartScene
10:40:14.323 [JavaFX Application Thread] DEBUG Input                - Clearing active input actions
10:40:14.324 [JavaFX Application Thread] DEBUG GameApplicationServi - Removing overlay from GameScene and adding to StageStartScene
10:40:14.324 [JavaFX Application Thread] DEBUG PrimaryStageWindow   - GameScene -> StageStartScene
10:40:15.651 [FXGL Background Thread 3 ] DEBUG Engine               - Logging environment variables
10:40:15.651 [FXGL Background Thread 3 ] DEBUG Engine               - achievements: []
10:40:15.651 [FXGL Background Thread 3 ] DEBUG Engine               - actualHeight: 720.0
10:40:15.652 [FXGL Background Thread 3 ] DEBUG Engine               - actualHeightProperty: ReadOnlyDoubleProperty [value: 720.0]
10:40:15.652 [FXGL Background Thread 3 ] DEBUG Engine               - actualWidth: 1280.0
10:40:15.652 [FXGL Background Thread 3 ] DEBUG Engine               - actualWidthProperty: ReadOnlyDoubleProperty [value: 1280.0]
10:40:15.652 [FXGL Background Thread 3 ] DEBUG Engine               - appIcon: fxgl_icon.png
10:40:15.652 [FXGL Background Thread 3 ] DEBUG Engine               - applicationMode: DEVELOPER
10:40:15.652 [FXGL Background Thread 3 ] DEBUG Engine               - cSSList: [fxgl_dark.css]
10:40:15.652 [FXGL Background Thread 3 ] DEBUG Engine               - collisionDetectionStrategy: BRUTE_FORCE
10:40:15.652 [FXGL Background Thread 3 ] DEBUG Engine               - configClass: Optional.empty
10:40:15.652 [FXGL Background Thread 3 ] DEBUG Engine               - credits: []
10:40:15.652 [FXGL Background Thread 3 ] DEBUG Engine               - defaultCursor: CursorInfo(imageName=fxgl_default_cursor.png, hotspotX=7.0, hotspotY=6.0)
10:40:15.652 [FXGL Background Thread 3 ] DEBUG Engine               - devBBoxColorProperty: ObjectProperty [value: 0xff0000ff]
10:40:15.652 [FXGL Background Thread 3 ] DEBUG Engine               - devEnableDebugCameraProperty: BooleanProperty [value: false]
10:40:15.652 [FXGL Background Thread 3 ] DEBUG Engine               - devSensorColorProperty: ObjectProperty [value: 0xffff00ff]
10:40:15.652 [FXGL Background Thread 3 ] DEBUG Engine               - devShowBBoxProperty: BooleanProperty [value: false]
10:40:15.653 [FXGL Background Thread 3 ] DEBUG Engine               - devShowPositionProperty: BooleanProperty [value: false]
10:40:15.653 [FXGL Background Thread 3 ] DEBUG Engine               - enabledMenuItems: []
10:40:15.653 [FXGL Background Thread 3 ] DEBUG Engine               - engineServices: [class com.almasb.fxgl.app.services.FXGLAssetLoaderService, class com.almasb.fxgl.app.FXGLApplication$GameApplicationService, class com.almasb.fxgl.app.services.FXGLDialogService, class com.almasb.fxgl.app.services.IOTaskExecutorService, class com.almasb.fxgl.io.FileSystemService, class com.almasb.fxgl.localization.LocalizationService, class com.almasb.fxgl.app.services.SystemBundleService, class com.almasb.fxgl.profile.SaveLoadService, class com.almasb.fxgl.ui.FXGLUIFactoryServiceProvider, class com.almasb.fxgl.ui.FXGLDialogFactoryServiceProvider, class com.almasb.fxgl.audio.AudioPlayer, class com.almasb.fxgl.notification.impl.NotificationServiceProvider, class com.almasb.fxgl.achievement.AchievementService, class com.almasb.fxgl.cutscene.CutsceneService, class com.almasb.fxgl.minigames.MiniGameService, class com.almasb.fxgl.net.NetService, class com.almasb.fxgl.app.services.UpdaterService, class com.almasb.fxgl.dev.DevService]
10:40:15.653 [FXGL Background Thread 3 ] DEBUG Engine               - fontGame: Abel-Regular.ttf
10:40:15.653 [FXGL Background Thread 3 ] DEBUG Engine               - fontMono: lucida_console.ttf
10:40:15.653 [FXGL Background Thread 3 ] DEBUG Engine               - fontText: Courier-Prime.ttf
10:40:15.653 [FXGL Background Thread 3 ] DEBUG Engine               - fontUI: game_font.ttf
10:40:15.653 [FXGL Background Thread 3 ] DEBUG Engine               - fullScreen: BooleanProperty [value: false]
10:40:15.653 [FXGL Background Thread 3 ] DEBUG Engine               - gameDifficulty: MEDIUM
10:40:15.653 [FXGL Background Thread 3 ] DEBUG Engine               - gameDifficultyProperty: ObjectProperty [value: MEDIUM]
10:40:15.653 [FXGL Background Thread 3 ] DEBUG Engine               - globalMusicVolume: 0.5
10:40:15.653 [FXGL Background Thread 3 ] DEBUG Engine               - globalMusicVolumeProperty: DoubleProperty [value: 0.0]
10:40:15.653 [FXGL Background Thread 3 ] DEBUG Engine               - globalSoundVolume: 0.5
10:40:15.653 [FXGL Background Thread 3 ] DEBUG Engine               - globalSoundVolumeProperty: DoubleProperty [value: 0.5]
10:40:15.653 [FXGL Background Thread 3 ] DEBUG Engine               - height: 720
10:40:15.653 [FXGL Background Thread 3 ] DEBUG Engine               - is3D: false
10:40:15.653 [FXGL Background Thread 3 ] DEBUG Engine               - isAndroid: false
10:40:15.653 [FXGL Background Thread 3 ] DEBUG Engine               - isBrowser: false
10:40:15.653 [FXGL Background Thread 3 ] DEBUG Engine               - isClickFeedbackEnabled: false
10:40:15.653 [FXGL Background Thread 3 ] DEBUG Engine               - isCloseConfirmation: false
10:40:15.653 [FXGL Background Thread 3 ] DEBUG Engine               - isDesktop: true
10:40:15.653 [FXGL Background Thread 3 ] DEBUG Engine               - isDeveloperMenuEnabled: false
10:40:15.653 [FXGL Background Thread 3 ] DEBUG Engine               - isEntityPreloadEnabled: true
10:40:15.654 [FXGL Background Thread 3 ] DEBUG Engine               - isExperimentalTiledLargeMap: false
10:40:15.654 [FXGL Background Thread 3 ] DEBUG Engine               - isFileSystemWriteAllowed: true
10:40:15.654 [FXGL Background Thread 3 ] DEBUG Engine               - isFullScreenAllowed: true
10:40:15.654 [FXGL Background Thread 3 ] DEBUG Engine               - isFullScreenFromStart: false
10:40:15.654 [FXGL Background Thread 3 ] DEBUG Engine               - isGameMenuEnabled: true
10:40:15.654 [FXGL Background Thread 3 ] DEBUG Engine               - isIOS: false
10:40:15.654 [FXGL Background Thread 3 ] DEBUG Engine               - isIntroEnabled: false
10:40:15.654 [FXGL Background Thread 3 ] DEBUG Engine               - isLinux: false
10:40:15.654 [FXGL Background Thread 3 ] DEBUG Engine               - isMac: false
10:40:15.654 [FXGL Background Thread 3 ] DEBUG Engine               - isMainMenuEnabled: true
10:40:15.654 [FXGL Background Thread 3 ] DEBUG Engine               - isManualResizeEnabled: false
10:40:15.654 [FXGL Background Thread 3 ] DEBUG Engine               - isMobile: false
10:40:15.654 [FXGL Background Thread 3 ] DEBUG Engine               - isNative: false
10:40:15.654 [FXGL Background Thread 3 ] DEBUG Engine               - isPauseMusicWhenMinimized: true
10:40:15.654 [FXGL Background Thread 3 ] DEBUG Engine               - isPreserveResizeRatio: false
10:40:15.654 [FXGL Background Thread 3 ] DEBUG Engine               - isProfilingEnabled: false
10:40:15.654 [FXGL Background Thread 3 ] DEBUG Engine               - isScaleAffectedOnResize: true
10:40:15.654 [FXGL Background Thread 3 ] DEBUG Engine               - isSingleStep: false
10:40:15.654 [FXGL Background Thread 3 ] DEBUG Engine               - isUserProfileEnabled: false
10:40:15.654 [FXGL Background Thread 3 ] DEBUG Engine               - isWindows: true
10:40:15.654 [FXGL Background Thread 3 ] DEBUG Engine               - language: ObjectProperty [value: ENGLISH]
10:40:15.654 [FXGL Background Thread 3 ] DEBUG Engine               - menuKey: ESCAPE
10:40:15.654 [FXGL Background Thread 3 ] DEBUG Engine               - mouseSensitivity: 0.2
10:40:15.654 [FXGL Background Thread 3 ] DEBUG Engine               - notificationViewClass: class com.almasb.fxgl.notification.view.XboxNotificationView
10:40:15.654 [FXGL Background Thread 3 ] DEBUG Engine               - pixelsPerMeter: 50.0
10:40:15.654 [FXGL Background Thread 3 ] DEBUG Engine               - platform: WINDOWS
10:40:15.654 [FXGL Background Thread 3 ] DEBUG Engine               - prefHeightProperty: ReadOnlyDoubleProperty [value: 720.0]
10:40:15.654 [FXGL Background Thread 3 ] DEBUG Engine               - prefWidthProperty: ReadOnlyDoubleProperty [value: 1280.0]
10:40:15.654 [FXGL Background Thread 3 ] DEBUG Engine               - profileDir: profiles/
10:40:15.654 [FXGL Background Thread 3 ] DEBUG Engine               - profileName: StringProperty [value: DEFAULT]
10:40:15.654 [FXGL Background Thread 3 ] DEBUG Engine               - randomSeed: -1
10:40:15.654 [FXGL Background Thread 3 ] DEBUG Engine               - runtimeInfo: RuntimeInfo(platform=WINDOWS, version=11.17, build=16.07.2021 15.46)
10:40:15.654 [FXGL Background Thread 3 ] DEBUG Engine               - saveFileExt: sav
10:40:15.654 [FXGL Background Thread 3 ] DEBUG Engine               - scaledHeightProp$fxgl: DoubleProperty [bound, value: 720.0]
10:40:15.654 [FXGL Background Thread 3 ] DEBUG Engine               - scaledWidthProp$fxgl: DoubleProperty [bound, value: 1280.0]
10:40:15.655 [FXGL Background Thread 3 ] DEBUG Engine               - sceneFactory: Bomberman.BombermanGame$1@33bc6602
10:40:15.655 [FXGL Background Thread 3 ] DEBUG Engine               - secondsIn24h: 60
10:40:15.655 [FXGL Background Thread 3 ] DEBUG Engine               - soundMenuBack: menu/back.wav
10:40:15.655 [FXGL Background Thread 3 ] DEBUG Engine               - soundMenuPress: menu/press.wav
10:40:15.655 [FXGL Background Thread 3 ] DEBUG Engine               - soundMenuSelect: menu/select.wav
10:40:15.655 [FXGL Background Thread 3 ] DEBUG Engine               - soundNotification: core/notification.wav
10:40:15.655 [FXGL Background Thread 3 ] DEBUG Engine               - stageStyle: DECORATED
10:40:15.655 [FXGL Background Thread 3 ] DEBUG Engine               - supportedLanguages: [ENGLISH, FRENCH, GERMAN, HUNGARIAN, RUSSIAN]
10:40:15.655 [FXGL Background Thread 3 ] DEBUG Engine               - ticksPerSecond: -1
10:40:15.655 [FXGL Background Thread 3 ] DEBUG Engine               - title: BOMBER
 MAN
10:40:15.655 [FXGL Background Thread 3 ] DEBUG Engine               - urlGithub: https://github.com/AlmasB/FXGL
10:40:15.655 [FXGL Background Thread 3 ] DEBUG Engine               - urlLeaderboard: http://fxgl-top.herokuapp.com/
10:40:15.655 [FXGL Background Thread 3 ] DEBUG Engine               - urlPOM: https://raw.githubusercontent.com/AlmasB/FXGL/release/README.md
10:40:15.655 [FXGL Background Thread 3 ] DEBUG Engine               - userAppClass: class Bomberman.BombermanGame
10:40:15.655 [FXGL Background Thread 3 ] DEBUG Engine               - version: 1.0
10:40:15.655 [FXGL Background Thread 3 ] DEBUG Engine               - versionCheckDays: 7
10:40:15.655 [FXGL Background Thread 3 ] DEBUG Engine               - width: 1280
10:40:15.655 [FXGL Background Thread 3 ] DEBUG Engine               - Logging services
10:40:15.655 [FXGL Background Thread 3 ] DEBUG Engine               - class com.almasb.fxgl.app.services.FXGLAssetLoaderService
10:40:15.655 [FXGL Background Thread 3 ] DEBUG Engine               - class com.almasb.fxgl.app.FXGLApplication$GameApplicationService
10:40:15.655 [FXGL Background Thread 3 ] DEBUG Engine               - class com.almasb.fxgl.app.services.FXGLDialogService
10:40:15.655 [FXGL Background Thread 3 ] DEBUG Engine               - class com.almasb.fxgl.app.services.IOTaskExecutorService
10:40:15.655 [FXGL Background Thread 3 ] DEBUG Engine               - class com.almasb.fxgl.io.FileSystemService
10:40:15.655 [FXGL Background Thread 3 ] DEBUG Engine               - class com.almasb.fxgl.localization.LocalizationService
10:40:15.655 [FXGL Background Thread 3 ] DEBUG Engine               - class com.almasb.fxgl.app.services.SystemBundleService
10:40:15.655 [FXGL Background Thread 3 ] DEBUG Engine               - class com.almasb.fxgl.profile.SaveLoadService
10:40:15.655 [FXGL Background Thread 3 ] DEBUG Engine               - class com.almasb.fxgl.ui.FXGLUIFactoryServiceProvider
10:40:15.655 [FXGL Background Thread 3 ] DEBUG Engine               - class com.almasb.fxgl.ui.FXGLDialogFactoryServiceProvider
10:40:15.655 [FXGL Background Thread 3 ] DEBUG Engine               - class com.almasb.fxgl.audio.AudioPlayer
10:40:15.655 [FXGL Background Thread 3 ] DEBUG Engine               - class com.almasb.fxgl.notification.impl.NotificationServiceProvider
10:40:15.655 [FXGL Background Thread 3 ] DEBUG Engine               - class com.almasb.fxgl.achievement.AchievementService
10:40:15.655 [FXGL Background Thread 3 ] DEBUG Engine               - class com.almasb.fxgl.cutscene.CutsceneService
10:40:15.655 [FXGL Background Thread 3 ] DEBUG Engine               - class com.almasb.fxgl.minigames.MiniGameService
10:40:15.655 [FXGL Background Thread 3 ] DEBUG Engine               - class com.almasb.fxgl.net.NetService
10:40:15.655 [FXGL Background Thread 3 ] DEBUG Engine               - class com.almasb.fxgl.app.services.UpdaterService
10:40:15.655 [FXGL Background Thread 3 ] DEBUG Engine               - class com.almasb.fxgl.dev.DevService
10:40:18.129 [JavaFX Application Thread] DEBUG PrimaryStageWindow   - Pop state: StageStartScene
10:40:18.129 [JavaFX Application Thread] DEBUG Input                - Clearing active input actions
10:40:18.130 [JavaFX Application Thread] DEBUG GameApplicationServi - Removing overlay from StageStartScene and adding to GameScene
10:40:18.130 [JavaFX Application Thread] DEBUG PrimaryStageWindow   - GameScene <- StageStartScene
10:40:20.112 [JavaFX Application Thread] DEBUG FXGLAssetLoaderServi - Loading from file system: file:/C:/Users/Admin/Desktop/Bomberman/target/classes/assets/sounds/place_bomb.wav
10:40:20.116 [JavaFX Application Thread] DEBUG FXGLAssetLoaderServi - Loading from file system: file:/C:/Users/Admin/Desktop/Bomberman/target/classes/assets/textures/bomb.png
10:40:22.130 [JavaFX Application Thread] DEBUG FXGLAssetLoaderServi - Loading from file system: file:/C:/Users/Admin/Desktop/Bomberman/target/classes/assets/sounds/explosion.wav
10:40:22.134 [JavaFX Application Thread] DEBUG FXGLAssetLoaderServi - Loading from file system: file:/C:/Users/Admin/Desktop/Bomberman/target/classes/assets/textures/central_flame.png
10:40:22.135 [JavaFX Application Thread] DEBUG FXGLAssetLoaderServi - Loading from file system: file:/C:/Users/Admin/Desktop/Bomberman/target/classes/assets/textures/top_up_flame.png
10:40:22.136 [JavaFX Application Thread] DEBUG FXGLAssetLoaderServi - Loading from file system: file:/C:/Users/Admin/Desktop/Bomberman/target/classes/assets/textures/top_down_flame.png
10:40:22.137 [JavaFX Application Thread] DEBUG FXGLAssetLoaderServi - Loading from file system: file:/C:/Users/Admin/Desktop/Bomberman/target/classes/assets/textures/top_right_flame.png
10:40:22.138 [JavaFX Application Thread] DEBUG FXGLAssetLoaderServi - Loading from file system: file:/C:/Users/Admin/Desktop/Bomberman/target/classes/assets/textures/top_left_flame.png
10:40:23.581 [JavaFX Application Thread] DEBUG PrimaryStageWindow   - Push state: GameMenu
10:40:23.581 [JavaFX Application Thread] DEBUG Input                - Clearing active input actions
10:40:23.582 [JavaFX Application Thread] DEBUG GameApplicationServi - Removing overlay from GameScene and adding to GameMenu
10:40:23.582 [JavaFX Application Thread] DEBUG PrimaryStageWindow   - GameScene -> GameMenu
10:40:24.679 [JavaFX Application Thread] DEBUG Menu                 - fireExit()
10:40:24.684 [JavaFX Application Thread] DEBUG PrimaryStageWindow   - Push state: DialogSubScene
10:40:24.684 [JavaFX Application Thread] DEBUG Input                - Clearing active input actions
10:40:24.685 [JavaFX Application Thread] DEBUG GameApplicationServi - Removing overlay from GameMenu and adding to DialogSubScene
10:40:24.685 [JavaFX Application Thread] DEBUG PrimaryStageWindow   - GameMenu -> DialogSubScene
10:40:25.505 [JavaFX Application Thread] DEBUG PrimaryStageWindow   - Pop state: DialogSubScene
10:40:25.505 [JavaFX Application Thread] DEBUG Input                - Clearing active input actions
10:40:25.505 [JavaFX Application Thread] DEBUG GameApplicationServi - Removing overlay from DialogSubScene and adding to GameMenu
10:40:25.506 [JavaFX Application Thread] DEBUG PrimaryStageWindow   - GameMenu <- DialogSubScene
10:40:25.506 [JavaFX Application Thread] DEBUG FXGLApplication      - Exiting FXGL
10:40:25.506 [JavaFX Application Thread] DEBUG LoopRunner           - Stopping loop
10:40:25.506 [JavaFX Application Thread] DEBUG SystemBundleService  - Saving FXGL system data
10:40:25.507 [JavaFX Application Thread] DEBUG FileSystemAccess     - Writing to: C:\Users\Admin\Desktop\Bomberman\system\fxgl.bundle
10:40:25.509 [JavaFX Application Thread] DEBUG Async                - Shutting down background threads
10:40:25.509 [JavaFX Application Thread] DEBUG PrimaryStageWindow   - Closing main window
10:40:25.523 [JavaFX Application Thread] DEBUG Logger               - Closing Logger
