12:05:33.255 [main                     ] DEBUG Logger               - Configured Logger
12:05:33.299 [main                     ] DEBUG GameApplication      - Logging settings
Title: BOMBER
 MAN
Version: 1.0
Width: 1280
Height: 720
Fullscreen: true
Intro: false
Profiling: false
Single step:false
App Mode: DEVELOPER
Menu Key: ESCAPE
Stage Style: DECORATED
Scene Factory: class Bomberman.BombermanGame$1

12:05:34.140 [JavaFX Application Thread] DEBUG FXGLApplication      - Initializing FXGL
12:05:34.143 [JavaFX Application Thread] INFO  Engine               - FXGL-11.17 (16.07.2021 15.46) on WINDOWS (J:11.0.16.1 FX:16)
12:05:34.143 [JavaFX Application Thread] DEBUG Engine               - JRE Vendor Name: Oracle Corporation
12:05:34.143 [JavaFX Application Thread] DEBUG Engine               - Running on OS: Windows 11 version 10.0
12:05:34.143 [JavaFX Application Thread] DEBUG Engine               - Architecture: amd64
12:05:34.143 [JavaFX Application Thread] INFO  Engine               - Source code and latest versions at: https://github.com/AlmasB/FXGL
12:05:34.144 [JavaFX Application Thread] INFO  Engine               -              Join the FXGL chat at: https://gitter.im/AlmasB/FXGL
12:05:34.334 [JavaFX Application Thread] DEBUG PrimaryStageWindow   - Creating a JavaFX scene
12:05:34.432 [JavaFX Application Thread] DEBUG PrimaryStageWindow   - Target settings size: 1280.0 x 720.0
12:05:34.432 [JavaFX Application Thread] DEBUG PrimaryStageWindow   - Scaled scene size:    1280.0 x 720.0
12:05:34.433 [JavaFX Application Thread] DEBUG PrimaryStageWindow   - Scaled ratio: (1.0, 1.0)
12:05:34.434 [JavaFX Application Thread] DEBUG PrimaryStageWindow   - Set initial scene to FXGLStartupScene
12:05:34.447 [JavaFX Application Thread] DEBUG PrimaryStageWindow   - Opening main window
12:05:34.577 [JavaFX Application Thread] DEBUG PrimaryStageWindow   - Window border size: (13.0, 35.5)
12:05:34.577 [JavaFX Application Thread] DEBUG PrimaryStageWindow   - Scaled size: 1280.0 x 720.0
12:05:34.577 [JavaFX Application Thread] DEBUG PrimaryStageWindow   - Scaled ratio: (1.0, 1.0)
12:05:34.578 [JavaFX Application Thread] DEBUG PrimaryStageWindow   - Scene size: 1280.0 x 720.0
12:05:34.578 [JavaFX Application Thread] DEBUG PrimaryStageWindow   - Stage size: 1293.0 x 755.5
12:05:34.588 [FXGL Background Thread 1 ] DEBUG Engine               - Initializing environment variables
12:05:34.674 [FXGL Background Thread 1 ] DEBUG FXGLAssetLoaderServi - User app class for loading assets: class Bomberman.BombermanGame
12:05:34.675 [FXGL Background Thread 1 ] DEBUG GameApplicationServi - Applying CSS: fxgl_dark.css
12:05:34.676 [FXGL Background Thread 1 ] DEBUG FXGLAssetLoaderServi - Loading from file system: jar:file:/C:/Users/Admin/.m2/repository/com/github/almasb/fxgl/11.17/fxgl-11.17.jar!/fxglassets/ui/css/fxgl_dark.css
12:05:34.728 [FXGL Background Thread 1 ] DEBUG GameApplicationServi - Initializing application scenes
12:05:34.788 [FXGL Background Thread 1 ] DEBUG GameWorld            - Game world initialized
12:05:34.875 [FXGL Background Thread 1 ] DEBUG PhysicsWorld         - Physics world initialized: appHeight=720, physics.ppm=50.0
12:05:34.876 [FXGL Background Thread 1 ] DEBUG PhysicsWorld         - Using strategy: BRUTE_FORCE
12:05:34.879 [FXGL Background Thread 1 ] DEBUG GameScene            - Game scene initialized: 1280x720
12:05:35.020 [FXGL Background Thread 1 ] DEBUG GameApplicationServi - Application scenes initialized
12:05:35.033 [FXGL Background Thread 1 ] DEBUG SystemBundleService  - Loading FXGL system data
12:05:35.037 [FXGL Background Thread 1 ] DEBUG FileSystemAccess     - Reading from: C:\Users\Admin\Desktop\Bomberman\system\fxgl.bundle
12:05:35.043 [FXGL Background Thread 1 ] DEBUG SystemBundleService  - Bundle FXGL: {}
12:05:35.043 [FXGL Background Thread 1 ] DEBUG UpdaterService       - Checking for updates
12:05:35.049 [FXGL Background Thread 4 ] DEBUG FXGLApplication      - Loading fonts
12:05:35.050 [FXGL Background Thread 1 ] DEBUG FXGLApplication      - Loading default localization
12:05:35.050 [FXGL Background Thread 4 ] DEBUG FXGLAssetLoaderServi - Loading from file system: file:/C:/Users/Admin/Desktop/Bomberman/target/classes/assets/ui/fonts/game_font.ttf
12:05:35.050 [FXGL Background Thread 1 ] DEBUG FXGLAssetLoaderServi - Loading from file system: jar:file:/C:/Users/Admin/.m2/repository/com/github/almasb/fxgl/11.17/fxgl-11.17.jar!/fxglassets/languages/english.lang
12:05:35.069 [FXGL Background Thread 1 ] INFO  FXGLApplication      - FXGL initialization took: 0.482 sec
12:05:35.090 [JavaFX Application Thread] DEBUG Input                - Registered new binding: Move Left - A
12:05:35.090 [JavaFX Application Thread] DEBUG Input                - Registered new binding: Move Right - D
12:05:35.091 [JavaFX Application Thread] DEBUG Input                - Registered new binding: Move Up - W
12:05:35.091 [JavaFX Application Thread] DEBUG Input                - Registered new binding: Move Down - S
12:05:35.091 [JavaFX Application Thread] DEBUG Input                - Registered new binding: Place Bomb - Space
12:05:35.091 [JavaFX Application Thread] DEBUG Input                - Registered new binding: Switch to classic bomb - 1
12:05:35.092 [JavaFX Application Thread] DEBUG Input                - Registered new binding: Switch to lazer bomb - 2
12:05:35.092 [JavaFX Application Thread] DEBUG Input                - Registered new binding: Switch to light bomb - 3
12:05:35.092 [JavaFX Application Thread] DEBUG Input                - Registered new binding: Exit game - Esc
12:05:35.092 [JavaFX Application Thread] DEBUG Input                - Registered new binding: Next level - P
12:05:35.093 [JavaFX Application Thread] DEBUG Input                - Registered new binding: Developer Mode - O
12:05:35.094 [JavaFX Application Thread] DEBUG FXGLAssetLoaderServi - Loading from file system: file:/C:/Users/Admin/Desktop/Bomberman/target/classes/assets/music/stage_theme.mp3
12:05:35.291 [JavaFX Application Thread] DEBUG AudioPlayer          - Playing music com.almasb.fxgl.audio.Music@32af2d20
12:05:35.292 [JavaFX Application Thread] DEBUG FXGLAssetLoaderServi - Loading from file system: jar:file:/C:/Users/Admin/.m2/repository/com/github/almasb/fxgl/11.17/fxgl-11.17.jar!/fxglassets/textures/fxgl_icon.png
12:05:35.333 [JavaFX Application Thread] DEBUG FXGLAssetLoaderServi - Loading from file system: jar:file:/C:/Users/Admin/.m2/repository/com/github/almasb/fxgl/11.17/fxgl-11.17.jar!/fxglassets/textures/fxgl_default_cursor.png
12:05:35.337 [JavaFX Application Thread] DEBUG Input                - Registered new binding: Screenshot - CTRL+8
12:05:35.337 [JavaFX Application Thread] DEBUG Input                - Registered new binding: System info dump - CTRL+9
12:05:35.338 [JavaFX Application Thread] DEBUG Input                - Registered new binding: Restart - CTRL+R
12:05:35.339 [JavaFX Application Thread] DEBUG Input                - Registered new binding: Toggle Debug Camera - CTRL+C
12:05:35.343 [JavaFX Application Thread] DEBUG LoopRunner           - Starting loop
12:05:35.343 [JavaFX Application Thread] DEBUG LoopRunner           - Initializing JavaFX AnimationTimerLoop
12:05:35.348 [JavaFX Application Thread] DEBUG Input                - Clearing active input actions
12:05:35.353 [FXGL Background Thread 4 ] DEBUG FXGLAssetLoaderServi - Loading from file system: jar:file:/C:/Users/Admin/.m2/repository/com/github/almasb/fxgl/11.17/fxgl-11.17.jar!/fxglassets/ui/fonts/Abel-Regular.ttf
12:05:35.363 [FXGL Background Thread 4 ] DEBUG FXGLAssetLoaderServi - Loading from file system: jar:file:/C:/Users/Admin/.m2/repository/com/github/almasb/fxgl/11.17/fxgl-11.17.jar!/fxglassets/ui/fonts/lucida_console.ttf
12:05:35.365 [JavaFX Application Thread] DEBUG GameApplicationServi - Removing overlay from FXGLStartupScene and adding to FXGLMainMenuDummyScene
12:05:35.366 [JavaFX Application Thread] DEBUG PrimaryStageWindow   - FXGLStartupScene -> FXGLMainMenuDummyScene
12:05:35.366 [JavaFX Application Thread] DEBUG PrimaryStageWindow   - Push state: MainMenu
12:05:35.367 [JavaFX Application Thread] DEBUG Input                - Clearing active input actions
12:05:35.374 [FXGL Background Thread 4 ] DEBUG FXGLAssetLoaderServi - Loading from file system: jar:file:/C:/Users/Admin/.m2/repository/com/github/almasb/fxgl/11.17/fxgl-11.17.jar!/fxglassets/ui/fonts/Courier-Prime.ttf
12:05:35.376 [JavaFX Application Thread] DEBUG GameApplicationServi - Removing overlay from FXGLMainMenuDummyScene and adding to MainMenu
12:05:35.377 [JavaFX Application Thread] DEBUG PrimaryStageWindow   - FXGLMainMenuDummyScene -> MainMenu
12:05:35.428 [JavaFX Application Thread] DEBUG FXGLApplication      - Registering font factories with UI factory
12:05:36.194 [FXGL Background Thread 2 ] INFO  UpdaterService       - Your current version:  11.17
12:05:36.194 [FXGL Background Thread 2 ] INFO  UpdaterService       - Latest stable version: 17.2
12:05:37.529 [JavaFX Application Thread] DEBUG Menu                 - fireNewGame()
12:05:37.529 [JavaFX Application Thread] DEBUG GameApplicationServi - Starting new game
12:05:37.530 [JavaFX Application Thread] DEBUG PrimaryStageWindow   - Pop state: MainMenu
12:05:37.530 [JavaFX Application Thread] DEBUG Input                - Clearing active input actions
12:05:37.531 [JavaFX Application Thread] DEBUG GameApplicationServi - Removing overlay from MainMenu and adding to FXGLMainMenuDummyScene
12:05:37.531 [JavaFX Application Thread] DEBUG PrimaryStageWindow   - FXGLMainMenuDummyScene <- MainMenu
12:05:37.532 [JavaFX Application Thread] DEBUG Input                - Clearing active input actions
12:05:37.542 [JavaFX Application Thread] DEBUG GameApplicationServi - Removing overlay from FXGLMainMenuDummyScene and adding to FXGLLoadingScene
12:05:37.543 [JavaFX Application Thread] DEBUG PrimaryStageWindow   - FXGLMainMenuDummyScene -> FXGLLoadingScene
12:05:37.543 [JavaFX Application Thread] DEBUG GameApplicationServi - Clearing previous game
12:05:37.544 [JavaFX Application Thread] DEBUG GameScene            - Clearing game scene
12:05:37.544 [JavaFX Application Thread] DEBUG GameWorld            - Clearing game world
12:05:37.544 [JavaFX Application Thread] DEBUG PhysicsWorld         - Clearing physics world
12:05:37.546 [FXGL Background Thread 2 ] DEBUG FXGLApplication      - Initializing game
12:05:37.574 [FXGL Background Thread 2 ] DEBUG FXGLAssetLoaderServi - Loading from file system: file:/C:/Users/Admin/Desktop/Bomberman/target/classes/assets/textures/wall.png
12:05:37.661 [FXGL Background Thread 2 ] DEBUG FXGLAssetLoaderServi - Loading from file system: file:/C:/Users/Admin/Desktop/Bomberman/target/classes/assets/textures/player_die.png
12:05:37.664 [FXGL Background Thread 2 ] DEBUG FXGLAssetLoaderServi - Loading from file system: file:/C:/Users/Admin/Desktop/Bomberman/target/classes/assets/textures/player_down.png
12:05:37.667 [FXGL Background Thread 2 ] DEBUG FXGLAssetLoaderServi - Loading from file system: file:/C:/Users/Admin/Desktop/Bomberman/target/classes/assets/textures/player_right.png
12:05:37.667 [FXGL Background Thread 2 ] DEBUG FXGLAssetLoaderServi - Loading from file system: file:/C:/Users/Admin/Desktop/Bomberman/target/classes/assets/textures/player_up.png
12:05:37.669 [FXGL Background Thread 2 ] DEBUG FXGLAssetLoaderServi - Loading from file system: file:/C:/Users/Admin/Desktop/Bomberman/target/classes/assets/textures/player_left.png
12:05:37.680 [FXGL Background Thread 2 ] DEBUG FXGLAssetLoaderServi - Loading from file system: file:/C:/Users/Admin/Desktop/Bomberman/target/classes/assets/textures/brick.png
12:05:37.682 [FXGL Background Thread 2 ] DEBUG FXGLAssetLoaderServi - Loading from file system: file:/C:/Users/Admin/Desktop/Bomberman/target/classes/assets/textures/brick_break.png
12:05:37.688 [FXGL Background Thread 2 ] DEBUG FXGLAssetLoaderServi - Loading from file system: file:/C:/Users/Admin/Desktop/Bomberman/target/classes/assets/textures/enemy1.png
12:05:37.700 [FXGL Background Thread 2 ] DEBUG FXGLAssetLoaderServi - Loading from file system: file:/C:/Users/Admin/Desktop/Bomberman/target/classes/assets/textures/enemy2.png
12:05:37.753 [FXGL Background Thread 2 ] DEBUG FXGLAssetLoaderServi - Loading from file system: file:/C:/Users/Admin/Desktop/Bomberman/target/classes/assets/textures/portal.png
12:05:37.783 [FXGL Background Thread 2 ] DEBUG FXGLAssetLoaderServi - Loading from file system: file:/C:/Users/Admin/Desktop/Bomberman/target/classes/assets/textures/powerup_flames.png
12:05:37.786 [FXGL Background Thread 2 ] DEBUG FXGLAssetLoaderServi - Loading from file system: file:/C:/Users/Admin/Desktop/Bomberman/target/classes/assets/textures/powerup_bombs.png
12:05:37.865 [FXGL Background Thread 2 ] INFO  FXGLApplication      - Game initialization took: 0.320 sec
12:05:37.873 [JavaFX Application Thread] DEBUG Input                - Clearing active input actions
12:05:37.893 [JavaFX Application Thread] DEBUG GameApplicationServi - Removing overlay from FXGLLoadingScene and adding to GameScene
12:05:37.893 [JavaFX Application Thread] DEBUG PrimaryStageWindow   - FXGLLoadingScene -> GameScene
12:05:37.899 [JavaFX Application Thread] DEBUG FXGLAssetLoaderServi - Loading from file system: file:/C:/Users/Admin/Desktop/Bomberman/target/classes/assets/sounds/stage_start.wav
12:05:37.918 [JavaFX Application Thread] DEBUG PrimaryStageWindow   - Push state: StageStartScene
12:05:37.918 [JavaFX Application Thread] DEBUG Input                - Clearing active input actions
12:05:37.918 [JavaFX Application Thread] DEBUG GameApplicationServi - Removing overlay from GameScene and adding to StageStartScene
12:05:37.919 [JavaFX Application Thread] DEBUG PrimaryStageWindow   - GameScene -> StageStartScene
12:05:38.048 [FXGL Background Thread 3 ] DEBUG Engine               - Logging environment variables
12:05:38.048 [FXGL Background Thread 3 ] DEBUG Engine               - achievements: []
12:05:38.048 [FXGL Background Thread 3 ] DEBUG Engine               - actualHeight: 720.0
12:05:38.048 [FXGL Background Thread 3 ] DEBUG Engine               - actualHeightProperty: ReadOnlyDoubleProperty [value: 720.0]
12:05:38.048 [FXGL Background Thread 3 ] DEBUG Engine               - actualWidth: 1280.0
12:05:38.048 [FXGL Background Thread 3 ] DEBUG Engine               - actualWidthProperty: ReadOnlyDoubleProperty [value: 1280.0]
12:05:38.049 [FXGL Background Thread 3 ] DEBUG Engine               - appIcon: fxgl_icon.png
12:05:38.049 [FXGL Background Thread 3 ] DEBUG Engine               - applicationMode: DEVELOPER
12:05:38.049 [FXGL Background Thread 3 ] DEBUG Engine               - cSSList: [fxgl_dark.css]
12:05:38.049 [FXGL Background Thread 3 ] DEBUG Engine               - collisionDetectionStrategy: BRUTE_FORCE
12:05:38.049 [FXGL Background Thread 3 ] DEBUG Engine               - configClass: Optional.empty
12:05:38.049 [FXGL Background Thread 3 ] DEBUG Engine               - credits: []
12:05:38.049 [FXGL Background Thread 3 ] DEBUG Engine               - defaultCursor: CursorInfo(imageName=fxgl_default_cursor.png, hotspotX=7.0, hotspotY=6.0)
12:05:38.049 [FXGL Background Thread 3 ] DEBUG Engine               - devBBoxColorProperty: ObjectProperty [value: 0xff0000ff]
12:05:38.049 [FXGL Background Thread 3 ] DEBUG Engine               - devEnableDebugCameraProperty: BooleanProperty [value: false]
12:05:38.050 [FXGL Background Thread 3 ] DEBUG Engine               - devSensorColorProperty: ObjectProperty [value: 0xffff00ff]
12:05:38.050 [FXGL Background Thread 3 ] DEBUG Engine               - devShowBBoxProperty: BooleanProperty [value: false]
12:05:38.050 [FXGL Background Thread 3 ] DEBUG Engine               - devShowPositionProperty: BooleanProperty [value: false]
12:05:38.050 [FXGL Background Thread 3 ] DEBUG Engine               - enabledMenuItems: []
12:05:38.050 [FXGL Background Thread 3 ] DEBUG Engine               - engineServices: [class com.almasb.fxgl.app.services.FXGLAssetLoaderService, class com.almasb.fxgl.app.FXGLApplication$GameApplicationService, class com.almasb.fxgl.app.services.FXGLDialogService, class com.almasb.fxgl.app.services.IOTaskExecutorService, class com.almasb.fxgl.io.FileSystemService, class com.almasb.fxgl.localization.LocalizationService, class com.almasb.fxgl.app.services.SystemBundleService, class com.almasb.fxgl.profile.SaveLoadService, class com.almasb.fxgl.ui.FXGLUIFactoryServiceProvider, class com.almasb.fxgl.ui.FXGLDialogFactoryServiceProvider, class com.almasb.fxgl.audio.AudioPlayer, class com.almasb.fxgl.notification.impl.NotificationServiceProvider, class com.almasb.fxgl.achievement.AchievementService, class com.almasb.fxgl.cutscene.CutsceneService, class com.almasb.fxgl.minigames.MiniGameService, class com.almasb.fxgl.net.NetService, class com.almasb.fxgl.app.services.UpdaterService, class com.almasb.fxgl.dev.DevService]
12:05:38.050 [FXGL Background Thread 3 ] DEBUG Engine               - fontGame: Abel-Regular.ttf
12:05:38.050 [FXGL Background Thread 3 ] DEBUG Engine               - fontMono: lucida_console.ttf
12:05:38.050 [FXGL Background Thread 3 ] DEBUG Engine               - fontText: Courier-Prime.ttf
12:05:38.050 [FXGL Background Thread 3 ] DEBUG Engine               - fontUI: game_font.ttf
12:05:38.050 [FXGL Background Thread 3 ] DEBUG Engine               - fullScreen: BooleanProperty [value: false]
12:05:38.050 [FXGL Background Thread 3 ] DEBUG Engine               - gameDifficulty: MEDIUM
12:05:38.050 [FXGL Background Thread 3 ] DEBUG Engine               - gameDifficultyProperty: ObjectProperty [value: MEDIUM]
12:05:38.051 [FXGL Background Thread 3 ] DEBUG Engine               - globalMusicVolume: 0.5
12:05:38.051 [FXGL Background Thread 3 ] DEBUG Engine               - globalMusicVolumeProperty: DoubleProperty [value: 0.0]
12:05:38.051 [FXGL Background Thread 3 ] DEBUG Engine               - globalSoundVolume: 0.5
12:05:38.051 [FXGL Background Thread 3 ] DEBUG Engine               - globalSoundVolumeProperty: DoubleProperty [value: 0.5]
12:05:38.051 [FXGL Background Thread 3 ] DEBUG Engine               - height: 720
12:05:38.051 [FXGL Background Thread 3 ] DEBUG Engine               - is3D: false
12:05:38.051 [FXGL Background Thread 3 ] DEBUG Engine               - isAndroid: false
12:05:38.051 [FXGL Background Thread 3 ] DEBUG Engine               - isBrowser: false
12:05:38.051 [FXGL Background Thread 3 ] DEBUG Engine               - isClickFeedbackEnabled: false
12:05:38.051 [FXGL Background Thread 3 ] DEBUG Engine               - isCloseConfirmation: false
12:05:38.051 [FXGL Background Thread 3 ] DEBUG Engine               - isDesktop: true
12:05:38.051 [FXGL Background Thread 3 ] DEBUG Engine               - isDeveloperMenuEnabled: false
12:05:38.051 [FXGL Background Thread 3 ] DEBUG Engine               - isEntityPreloadEnabled: true
12:05:38.051 [FXGL Background Thread 3 ] DEBUG Engine               - isExperimentalTiledLargeMap: false
12:05:38.051 [FXGL Background Thread 3 ] DEBUG Engine               - isFileSystemWriteAllowed: true
12:05:38.051 [FXGL Background Thread 3 ] DEBUG Engine               - isFullScreenAllowed: true
12:05:38.051 [FXGL Background Thread 3 ] DEBUG Engine               - isFullScreenFromStart: false
12:05:38.051 [FXGL Background Thread 3 ] DEBUG Engine               - isGameMenuEnabled: true
12:05:38.051 [FXGL Background Thread 3 ] DEBUG Engine               - isIOS: false
12:05:38.051 [FXGL Background Thread 3 ] DEBUG Engine               - isIntroEnabled: false
12:05:38.051 [FXGL Background Thread 3 ] DEBUG Engine               - isLinux: false
12:05:38.051 [FXGL Background Thread 3 ] DEBUG Engine               - isMac: false
12:05:38.052 [FXGL Background Thread 3 ] DEBUG Engine               - isMainMenuEnabled: true
12:05:38.052 [FXGL Background Thread 3 ] DEBUG Engine               - isManualResizeEnabled: false
12:05:38.052 [FXGL Background Thread 3 ] DEBUG Engine               - isMobile: false
12:05:38.052 [FXGL Background Thread 3 ] DEBUG Engine               - isNative: false
12:05:38.052 [FXGL Background Thread 3 ] DEBUG Engine               - isPauseMusicWhenMinimized: true
12:05:38.052 [FXGL Background Thread 3 ] DEBUG Engine               - isPreserveResizeRatio: false
12:05:38.052 [FXGL Background Thread 3 ] DEBUG Engine               - isProfilingEnabled: false
12:05:38.052 [FXGL Background Thread 3 ] DEBUG Engine               - isScaleAffectedOnResize: true
12:05:38.052 [FXGL Background Thread 3 ] DEBUG Engine               - isSingleStep: false
12:05:38.052 [FXGL Background Thread 3 ] DEBUG Engine               - isUserProfileEnabled: false
12:05:38.052 [FXGL Background Thread 3 ] DEBUG Engine               - isWindows: true
12:05:38.052 [FXGL Background Thread 3 ] DEBUG Engine               - language: ObjectProperty [value: ENGLISH]
12:05:38.052 [FXGL Background Thread 3 ] DEBUG Engine               - menuKey: ESCAPE
12:05:38.052 [FXGL Background Thread 3 ] DEBUG Engine               - mouseSensitivity: 0.2
12:05:38.052 [FXGL Background Thread 3 ] DEBUG Engine               - notificationViewClass: class com.almasb.fxgl.notification.view.XboxNotificationView
12:05:38.052 [FXGL Background Thread 3 ] DEBUG Engine               - pixelsPerMeter: 50.0
12:05:38.052 [FXGL Background Thread 3 ] DEBUG Engine               - platform: WINDOWS
12:05:38.052 [FXGL Background Thread 3 ] DEBUG Engine               - prefHeightProperty: ReadOnlyDoubleProperty [value: 720.0]
12:05:38.052 [FXGL Background Thread 3 ] DEBUG Engine               - prefWidthProperty: ReadOnlyDoubleProperty [value: 1280.0]
12:05:38.052 [FXGL Background Thread 3 ] DEBUG Engine               - profileDir: profiles/
12:05:38.053 [FXGL Background Thread 3 ] DEBUG Engine               - profileName: StringProperty [value: DEFAULT]
12:05:38.053 [FXGL Background Thread 3 ] DEBUG Engine               - randomSeed: -1
12:05:38.053 [FXGL Background Thread 3 ] DEBUG Engine               - runtimeInfo: RuntimeInfo(platform=WINDOWS, version=11.17, build=16.07.2021 15.46)
12:05:38.053 [FXGL Background Thread 3 ] DEBUG Engine               - saveFileExt: sav
12:05:38.053 [FXGL Background Thread 3 ] DEBUG Engine               - scaledHeightProp$fxgl: DoubleProperty [bound, value: 720.0]
12:05:38.053 [FXGL Background Thread 3 ] DEBUG Engine               - scaledWidthProp$fxgl: DoubleProperty [bound, value: 1280.0]
12:05:38.053 [FXGL Background Thread 3 ] DEBUG Engine               - sceneFactory: Bomberman.BombermanGame$1@5a702704
12:05:38.053 [FXGL Background Thread 3 ] DEBUG Engine               - secondsIn24h: 60
12:05:38.053 [FXGL Background Thread 3 ] DEBUG Engine               - soundMenuBack: menu/back.wav
12:05:38.053 [FXGL Background Thread 3 ] DEBUG Engine               - soundMenuPress: menu/press.wav
12:05:38.053 [FXGL Background Thread 3 ] DEBUG Engine               - soundMenuSelect: menu/select.wav
12:05:38.053 [FXGL Background Thread 3 ] DEBUG Engine               - soundNotification: core/notification.wav
12:05:38.053 [FXGL Background Thread 3 ] DEBUG Engine               - stageStyle: DECORATED
12:05:38.053 [FXGL Background Thread 3 ] DEBUG Engine               - supportedLanguages: [ENGLISH, FRENCH, GERMAN, HUNGARIAN, RUSSIAN]
12:05:38.053 [FXGL Background Thread 3 ] DEBUG Engine               - ticksPerSecond: -1
12:05:38.053 [FXGL Background Thread 3 ] DEBUG Engine               - title: BOMBER
 MAN
12:05:38.053 [FXGL Background Thread 3 ] DEBUG Engine               - urlGithub: https://github.com/AlmasB/FXGL
12:05:38.053 [FXGL Background Thread 3 ] DEBUG Engine               - urlLeaderboard: http://fxgl-top.herokuapp.com/
12:05:38.053 [FXGL Background Thread 3 ] DEBUG Engine               - urlPOM: https://raw.githubusercontent.com/AlmasB/FXGL/release/README.md
12:05:38.053 [FXGL Background Thread 3 ] DEBUG Engine               - userAppClass: class Bomberman.BombermanGame
12:05:38.053 [FXGL Background Thread 3 ] DEBUG Engine               - version: 1.0
12:05:38.053 [FXGL Background Thread 3 ] DEBUG Engine               - versionCheckDays: 7
12:05:38.053 [FXGL Background Thread 3 ] DEBUG Engine               - width: 1280
12:05:38.054 [FXGL Background Thread 3 ] DEBUG Engine               - Logging services
12:05:38.054 [FXGL Background Thread 3 ] DEBUG Engine               - class com.almasb.fxgl.app.services.FXGLAssetLoaderService
12:05:38.054 [FXGL Background Thread 3 ] DEBUG Engine               - class com.almasb.fxgl.app.FXGLApplication$GameApplicationService
12:05:38.054 [FXGL Background Thread 3 ] DEBUG Engine               - class com.almasb.fxgl.app.services.FXGLDialogService
12:05:38.054 [FXGL Background Thread 3 ] DEBUG Engine               - class com.almasb.fxgl.app.services.IOTaskExecutorService
12:05:38.054 [FXGL Background Thread 3 ] DEBUG Engine               - class com.almasb.fxgl.io.FileSystemService
12:05:38.054 [FXGL Background Thread 3 ] DEBUG Engine               - class com.almasb.fxgl.localization.LocalizationService
12:05:38.054 [FXGL Background Thread 3 ] DEBUG Engine               - class com.almasb.fxgl.app.services.SystemBundleService
12:05:38.054 [FXGL Background Thread 3 ] DEBUG Engine               - class com.almasb.fxgl.profile.SaveLoadService
12:05:38.054 [FXGL Background Thread 3 ] DEBUG Engine               - class com.almasb.fxgl.ui.FXGLUIFactoryServiceProvider
12:05:38.054 [FXGL Background Thread 3 ] DEBUG Engine               - class com.almasb.fxgl.ui.FXGLDialogFactoryServiceProvider
12:05:38.054 [FXGL Background Thread 3 ] DEBUG Engine               - class com.almasb.fxgl.audio.AudioPlayer
12:05:38.054 [FXGL Background Thread 3 ] DEBUG Engine               - class com.almasb.fxgl.notification.impl.NotificationServiceProvider
12:05:38.054 [FXGL Background Thread 3 ] DEBUG Engine               - class com.almasb.fxgl.achievement.AchievementService
12:05:38.054 [FXGL Background Thread 3 ] DEBUG Engine               - class com.almasb.fxgl.cutscene.CutsceneService
12:05:38.054 [FXGL Background Thread 3 ] DEBUG Engine               - class com.almasb.fxgl.minigames.MiniGameService
12:05:38.055 [FXGL Background Thread 3 ] DEBUG Engine               - class com.almasb.fxgl.net.NetService
12:05:38.055 [FXGL Background Thread 3 ] DEBUG Engine               - class com.almasb.fxgl.app.services.UpdaterService
12:05:38.055 [FXGL Background Thread 3 ] DEBUG Engine               - class com.almasb.fxgl.dev.DevService
12:05:41.670 [JavaFX Application Thread] DEBUG PrimaryStageWindow   - Pop state: StageStartScene
12:05:41.670 [JavaFX Application Thread] DEBUG Input                - Clearing active input actions
12:05:41.671 [JavaFX Application Thread] DEBUG GameApplicationServi - Removing overlay from StageStartScene and adding to GameScene
12:05:41.672 [JavaFX Application Thread] DEBUG PrimaryStageWindow   - GameScene <- StageStartScene
12:05:44.551 [JavaFX Application Thread] DEBUG FXGLAssetLoaderServi - Loading from file system: file:/C:/Users/Admin/Desktop/Bomberman/target/classes/assets/sounds/place_bomb.wav
12:05:44.560 [JavaFX Application Thread] DEBUG FXGLAssetLoaderServi - Loading from file system: file:/C:/Users/Admin/Desktop/Bomberman/target/classes/assets/textures/bomb.png
12:05:46.551 [JavaFX Application Thread] DEBUG FXGLAssetLoaderServi - Loading from file system: file:/C:/Users/Admin/Desktop/Bomberman/target/classes/assets/sounds/explosion.wav
12:05:46.558 [JavaFX Application Thread] DEBUG FXGLAssetLoaderServi - Loading from file system: file:/C:/Users/Admin/Desktop/Bomberman/target/classes/assets/textures/central_flame.png
12:05:46.560 [JavaFX Application Thread] DEBUG FXGLAssetLoaderServi - Loading from file system: file:/C:/Users/Admin/Desktop/Bomberman/target/classes/assets/textures/top_up_flame.png
12:05:46.562 [JavaFX Application Thread] DEBUG FXGLAssetLoaderServi - Loading from file system: file:/C:/Users/Admin/Desktop/Bomberman/target/classes/assets/textures/top_down_flame.png
12:05:46.564 [JavaFX Application Thread] DEBUG FXGLAssetLoaderServi - Loading from file system: file:/C:/Users/Admin/Desktop/Bomberman/target/classes/assets/textures/top_right_flame.png
12:05:46.565 [JavaFX Application Thread] DEBUG FXGLAssetLoaderServi - Loading from file system: file:/C:/Users/Admin/Desktop/Bomberman/target/classes/assets/textures/top_left_flame.png
12:05:47.575 [JavaFX Application Thread] DEBUG FXGLAssetLoaderServi - Loading from file system: file:/C:/Users/Admin/Desktop/Bomberman/target/classes/assets/sounds/powerup.wav
12:05:52.570 [JavaFX Application Thread] DEBUG FXGLAssetLoaderServi - Loading from file system: file:/C:/Users/Admin/Desktop/Bomberman/target/classes/assets/textures/right_flame.png
12:05:52.572 [JavaFX Application Thread] DEBUG FXGLAssetLoaderServi - Loading from file system: file:/C:/Users/Admin/Desktop/Bomberman/target/classes/assets/textures/left_flame.png
12:05:52.574 [JavaFX Application Thread] DEBUG FXGLAssetLoaderServi - Loading from file system: file:/C:/Users/Admin/Desktop/Bomberman/target/classes/assets/textures/down_flame.png
12:05:52.576 [JavaFX Application Thread] DEBUG FXGLAssetLoaderServi - Loading from file system: file:/C:/Users/Admin/Desktop/Bomberman/target/classes/assets/textures/up_flame.png
12:05:52.982 [JavaFX Application Thread] WARN  GameWorld            - Attempted to remove entity which is not active
12:05:58.951 [JavaFX Application Thread] WARN  GameWorld            - Attempted to remove entity which is not active
12:06:04.010 [JavaFX Application Thread] DEBUG FXGLAssetLoaderServi - Loading from file system: file:/C:/Users/Admin/Desktop/Bomberman/target/classes/assets/sounds/player_die.wav
12:06:04.311 [JavaFX Application Thread] WARN  GameWorld            - Attempted to remove entity which is not active
12:06:04.311 [JavaFX Application Thread] WARN  GameWorld            - Attempted to remove entity which is not active
12:06:04.374 [JavaFX Application Thread] WARN  GameWorld            - Attempted to remove entity which is not active
12:06:16.663 [JavaFX Application Thread] WARN  GameWorld            - Attempted to remove entity which is not active
12:06:20.582 [JavaFX Application Thread] WARN  GameWorld            - Attempted to remove entity which is not active
12:06:25.495 [JavaFX Application Thread] WARN  GameWorld            - Attempted to remove entity which is not active
12:06:25.495 [JavaFX Application Thread] WARN  GameWorld            - Attempted to remove entity which is not active
12:06:34.118 [JavaFX Application Thread] WARN  GameWorld            - Attempted to remove entity which is not active
12:06:38.118 [JavaFX Application Thread] WARN  GameWorld            - Attempted to remove entity which is not active
12:06:55.799 [JavaFX Application Thread] DEBUG FXGLAssetLoaderServi - Loading from file system: file:/C:/Users/Admin/Desktop/Bomberman/target/classes/assets/sounds/next_level.wav
12:06:59.607 [JavaFX Application Thread] DEBUG PrimaryStageWindow   - Push state: StageStartScene
12:06:59.607 [JavaFX Application Thread] DEBUG Input                - Clearing active input actions
12:06:59.607 [JavaFX Application Thread] DEBUG GameApplicationServi - Removing overlay from GameScene and adding to StageStartScene
12:06:59.607 [JavaFX Application Thread] DEBUG PrimaryStageWindow   - GameScene -> StageStartScene
12:06:59.672 [JavaFX Application Thread] DEBUG FXGLAssetLoaderServi - Loading from file system: file:/C:/Users/Admin/Desktop/Bomberman/target/classes/assets/textures/enemy4.png
12:06:59.682 [JavaFX Application Thread] DEBUG FXGLAssetLoaderServi - Loading from file system: file:/C:/Users/Admin/Desktop/Bomberman/target/classes/assets/textures/enemy3.png
12:07:03.750 [JavaFX Application Thread] DEBUG PrimaryStageWindow   - Pop state: StageStartScene
12:07:03.750 [JavaFX Application Thread] DEBUG Input                - Clearing active input actions
12:07:03.751 [JavaFX Application Thread] DEBUG GameApplicationServi - Removing overlay from StageStartScene and adding to GameScene
12:07:03.751 [JavaFX Application Thread] DEBUG PrimaryStageWindow   - GameScene <- StageStartScene
12:07:14.247 [JavaFX Application Thread] WARN  GameWorld            - Attempted to remove entity which is not active
12:07:20.822 [JavaFX Application Thread] WARN  GameWorld            - Attempted to remove entity which is not active
12:07:20.823 [JavaFX Application Thread] WARN  GameWorld            - Attempted to remove entity which is not active
12:07:22.103 [JavaFX Application Thread] WARN  GameWorld            - Attempted to remove entity which is not active
12:07:33.591 [JavaFX Application Thread] WARN  GameWorld            - Attempted to remove entity which is not active
12:07:33.591 [JavaFX Application Thread] WARN  GameWorld            - Attempted to remove entity which is not active
12:07:36.454 [JavaFX Application Thread] WARN  GameWorld            - Attempted to remove entity which is not active
12:07:36.455 [JavaFX Application Thread] WARN  GameWorld            - Attempted to remove entity which is not active
12:07:40.743 [JavaFX Application Thread] WARN  GameWorld            - Attempted to remove entity which is not active
12:07:40.743 [JavaFX Application Thread] WARN  GameWorld            - Attempted to remove entity which is not active
12:07:40.743 [JavaFX Application Thread] WARN  GameWorld            - Attempted to remove entity which is not active
12:07:40.743 [JavaFX Application Thread] WARN  GameWorld            - Attempted to remove entity which is not active
12:07:48.454 [JavaFX Application Thread] WARN  GameWorld            - Attempted to remove entity which is not active
12:07:52.070 [JavaFX Application Thread] WARN  GameWorld            - Attempted to remove entity which is not active
12:07:57.927 [JavaFX Application Thread] WARN  GameWorld            - Attempted to remove entity which is not active
12:08:04.551 [JavaFX Application Thread] WARN  GameWorld            - Attempted to remove entity which is not active
12:08:09.878 [JavaFX Application Thread] WARN  GameWorld            - Attempted to remove entity which is not active
12:08:09.879 [JavaFX Application Thread] WARN  GameWorld            - Attempted to remove entity which is not active
12:08:21.272 [JavaFX Application Thread] DEBUG PrimaryStageWindow   - Push state: StageStartScene
12:08:21.272 [JavaFX Application Thread] DEBUG Input                - Clearing active input actions
12:08:21.272 [JavaFX Application Thread] DEBUG GameApplicationServi - Removing overlay from GameScene and adding to StageStartScene
12:08:21.272 [JavaFX Application Thread] DEBUG PrimaryStageWindow   - GameScene -> StageStartScene
12:08:25.399 [JavaFX Application Thread] DEBUG PrimaryStageWindow   - Pop state: StageStartScene
12:08:25.399 [JavaFX Application Thread] DEBUG Input                - Clearing active input actions
12:08:25.399 [JavaFX Application Thread] DEBUG GameApplicationServi - Removing overlay from StageStartScene and adding to GameScene
12:08:25.399 [JavaFX Application Thread] DEBUG PrimaryStageWindow   - GameScene <- StageStartScene
12:08:29.304 [JavaFX Application Thread] WARN  GameWorld            - Attempted to remove entity which is not active
12:08:29.304 [JavaFX Application Thread] WARN  GameWorld            - Attempted to remove entity which is not active
12:08:32.710 [JavaFX Application Thread] WARN  GameWorld            - Attempted to remove entity which is not active
12:08:32.710 [JavaFX Application Thread] WARN  GameWorld            - Attempted to remove entity which is not active
12:08:45.463 [JavaFX Application Thread] WARN  GameWorld            - Attempted to remove entity which is not active
12:08:51.719 [JavaFX Application Thread] WARN  GameWorld            - Attempted to remove entity which is not active
12:08:51.719 [JavaFX Application Thread] WARN  GameWorld            - Attempted to remove entity which is not active
12:08:51.782 [JavaFX Application Thread] WARN  GameWorld            - Attempted to remove entity which is not active
12:08:55.606 [JavaFX Application Thread] WARN  GameWorld            - Attempted to remove entity which is not active
12:08:55.606 [JavaFX Application Thread] WARN  GameWorld            - Attempted to remove entity which is not active
12:09:15.927 [JavaFX Application Thread] WARN  GameWorld            - Attempted to remove entity which is not active
12:09:20.422 [JavaFX Application Thread] WARN  GameWorld            - Attempted to remove entity which is not active
12:09:23.622 [JavaFX Application Thread] WARN  GameWorld            - Attempted to remove entity which is not active
12:09:23.638 [JavaFX Application Thread] WARN  GameWorld            - Attempted to remove entity which is not active
12:09:25.609 [JavaFX Application Thread] DEBUG FXGLAssetLoaderServi - Loading from file system: file:/C:/Users/Admin/Desktop/Bomberman/target/classes/assets/sounds/ending.wav
12:09:25.617 [JavaFX Application Thread] DEBUG PrimaryStageWindow   - Push state: EndingScene
12:09:25.617 [JavaFX Application Thread] DEBUG Input                - Clearing active input actions
12:09:25.617 [JavaFX Application Thread] DEBUG GameApplicationServi - Removing overlay from GameScene and adding to EndingScene
12:09:25.617 [JavaFX Application Thread] DEBUG PrimaryStageWindow   - GameScene -> EndingScene
12:09:27.766 [JavaFX Application Thread] DEBUG FXGLApplication      - Exiting FXGL
12:09:27.766 [JavaFX Application Thread] DEBUG LoopRunner           - Stopping loop
12:09:27.766 [JavaFX Application Thread] DEBUG SystemBundleService  - Saving FXGL system data
12:09:27.769 [JavaFX Application Thread] DEBUG FileSystemAccess     - Writing to: C:\Users\Admin\Desktop\Bomberman\system\fxgl.bundle
12:09:27.771 [JavaFX Application Thread] DEBUG Async                - Shutting down background threads
12:09:27.771 [JavaFX Application Thread] DEBUG PrimaryStageWindow   - Closing main window
12:09:27.801 [JavaFX Application Thread] DEBUG Logger               - Closing Logger
