15:04:09.522 [main                     ] DEBUG Logger               - Configured Logger
15:04:09.542 [main                     ] DEBUG GameApplication      - Logging settings
Title: BOMBER
 MAN
Version: 1.0
Width: 1280
Height: 720
Fullscreen: true
Intro: false
Profiling: false
Single step:false
App Mode: DEVELOPER
Menu Key: ESCAPE
Stage Style: DECORATED
Scene Factory: class Bomberman.BombermanGame$1

15:04:09.994 [JavaFX Application Thread] DEBUG FXGLApplication      - Initializing FXGL
15:04:09.997 [JavaFX Application Thread] INFO  Engine               - FXGL-11.17 (16.07.2021 15.46) on WINDOWS (J:11.0.16.1 FX:16)
15:04:09.997 [JavaFX Application Thread] DEBUG Engine               - JRE Vendor Name: Oracle Corporation
15:04:09.997 [JavaFX Application Thread] DEBUG Engine               - Running on OS: Windows 11 version 10.0
15:04:09.998 [JavaFX Application Thread] DEBUG Engine               - Architecture: amd64
15:04:09.998 [JavaFX Application Thread] INFO  Engine               - Source code and latest versions at: https://github.com/AlmasB/FXGL
15:04:09.998 [JavaFX Application Thread] INFO  Engine               -              Join the FXGL chat at: https://gitter.im/AlmasB/FXGL
15:04:10.131 [JavaFX Application Thread] DEBUG PrimaryStageWindow   - Creating a JavaFX scene
15:04:10.196 [JavaFX Application Thread] DEBUG PrimaryStageWindow   - Target settings size: 1280.0 x 720.0
15:04:10.196 [JavaFX Application Thread] DEBUG PrimaryStageWindow   - Scaled scene size:    1280.0 x 720.0
15:04:10.196 [JavaFX Application Thread] DEBUG PrimaryStageWindow   - Scaled ratio: (1.0, 1.0)
15:04:10.197 [JavaFX Application Thread] DEBUG PrimaryStageWindow   - Set initial scene to FXGLStartupScene
15:04:10.209 [JavaFX Application Thread] DEBUG PrimaryStageWindow   - Opening main window
15:04:10.317 [JavaFX Application Thread] DEBUG PrimaryStageWindow   - Window border size: (13.0, 35.5)
15:04:10.317 [JavaFX Application Thread] DEBUG PrimaryStageWindow   - Scaled size: 1280.0 x 720.0
15:04:10.317 [JavaFX Application Thread] DEBUG PrimaryStageWindow   - Scaled ratio: (1.0, 1.0)
15:04:10.317 [JavaFX Application Thread] DEBUG PrimaryStageWindow   - Scene size: 1280.0 x 720.0
15:04:10.317 [JavaFX Application Thread] DEBUG PrimaryStageWindow   - Stage size: 1293.0 x 755.5
15:04:10.328 [FXGL Background Thread 1 ] DEBUG Engine               - Initializing environment variables
15:04:10.423 [FXGL Background Thread 1 ] DEBUG FXGLAssetLoaderServi - User app class for loading assets: class Bomberman.BombermanGame
15:04:10.424 [FXGL Background Thread 1 ] DEBUG GameApplicationServi - Applying CSS: fxgl_dark.css
15:04:10.425 [FXGL Background Thread 1 ] DEBUG FXGLAssetLoaderServi - Loading from file system: jar:file:/C:/Users/Admin/.m2/repository/com/github/almasb/fxgl/11.17/fxgl-11.17.jar!/fxglassets/ui/css/fxgl_dark.css
15:04:10.486 [FXGL Background Thread 1 ] DEBUG GameApplicationServi - Initializing application scenes
15:04:10.543 [FXGL Background Thread 1 ] DEBUG GameWorld            - Game world initialized
15:04:10.623 [FXGL Background Thread 1 ] DEBUG PhysicsWorld         - Physics world initialized: appHeight=720, physics.ppm=50.0
15:04:10.624 [FXGL Background Thread 1 ] DEBUG PhysicsWorld         - Using strategy: BRUTE_FORCE
15:04:10.628 [FXGL Background Thread 1 ] DEBUG GameScene            - Game scene initialized: 1280x720
15:04:10.797 [FXGL Background Thread 1 ] DEBUG GameApplicationServi - Application scenes initialized
15:04:10.812 [FXGL Background Thread 1 ] DEBUG SystemBundleService  - Loading FXGL system data
15:04:10.818 [FXGL Background Thread 1 ] DEBUG FileSystemAccess     - Reading from: C:\Users\Admin\Desktop\Bomberman\system\fxgl.bundle
15:04:10.827 [FXGL Background Thread 1 ] DEBUG SystemBundleService  - Bundle FXGL: {}
15:04:10.827 [FXGL Background Thread 1 ] DEBUG UpdaterService       - Checking for updates
15:04:10.834 [FXGL Background Thread 4 ] DEBUG FXGLApplication      - Loading fonts
15:04:10.835 [FXGL Background Thread 4 ] DEBUG FXGLAssetLoaderServi - Loading from file system: file:/C:/Users/Admin/Desktop/Bomberman/target/classes/assets/ui/fonts/game_font.ttf
15:04:10.835 [FXGL Background Thread 1 ] DEBUG FXGLApplication      - Loading default localization
15:04:10.836 [FXGL Background Thread 1 ] DEBUG FXGLAssetLoaderServi - Loading from file system: jar:file:/C:/Users/Admin/.m2/repository/com/github/almasb/fxgl/11.17/fxgl-11.17.jar!/fxglassets/languages/english.lang
15:04:10.856 [FXGL Background Thread 1 ] INFO  FXGLApplication      - FXGL initialization took: 0.527 sec
15:04:10.877 [JavaFX Application Thread] DEBUG Input                - Registered new binding: Move Left - A
15:04:10.877 [JavaFX Application Thread] DEBUG Input                - Registered new binding: Move Right - D
15:04:10.878 [JavaFX Application Thread] DEBUG Input                - Registered new binding: Move Up - W
15:04:10.878 [JavaFX Application Thread] DEBUG Input                - Registered new binding: Move Down - S
15:04:10.878 [JavaFX Application Thread] DEBUG Input                - Registered new binding: Place Bomb - Space
15:04:10.878 [JavaFX Application Thread] DEBUG Input                - Registered new binding: Switch to classic bomb - 1
15:04:10.878 [JavaFX Application Thread] DEBUG Input                - Registered new binding: Switch to lazer bomb - 2
15:04:10.878 [JavaFX Application Thread] DEBUG Input                - Registered new binding: Switch to light bomb - 3
15:04:10.879 [JavaFX Application Thread] DEBUG Input                - Registered new binding: Exit game - Delete
15:04:10.880 [JavaFX Application Thread] DEBUG FXGLAssetLoaderServi - Loading from file system: file:/C:/Users/Admin/Desktop/Bomberman/target/classes/assets/music/stage_theme.mp3
15:04:11.114 [JavaFX Application Thread] DEBUG AudioPlayer          - Playing music com.almasb.fxgl.audio.Music@4402584d
15:04:11.126 [JavaFX Application Thread] DEBUG FXGLAssetLoaderServi - Loading from file system: jar:file:/C:/Users/Admin/.m2/repository/com/github/almasb/fxgl/11.17/fxgl-11.17.jar!/fxglassets/textures/fxgl_icon.png
15:04:11.177 [JavaFX Application Thread] DEBUG FXGLAssetLoaderServi - Loading from file system: jar:file:/C:/Users/Admin/.m2/repository/com/github/almasb/fxgl/11.17/fxgl-11.17.jar!/fxglassets/textures/fxgl_default_cursor.png
15:04:11.182 [JavaFX Application Thread] DEBUG Input                - Registered new binding: Screenshot - CTRL+8
15:04:11.183 [JavaFX Application Thread] DEBUG Input                - Registered new binding: System info dump - CTRL+9
15:04:11.184 [JavaFX Application Thread] DEBUG Input                - Registered new binding: Restart - CTRL+R
15:04:11.185 [JavaFX Application Thread] DEBUG Input                - Registered new binding: Toggle Debug Camera - CTRL+C
15:04:11.190 [JavaFX Application Thread] DEBUG LoopRunner           - Starting loop
15:04:11.191 [JavaFX Application Thread] DEBUG LoopRunner           - Initializing JavaFX AnimationTimerLoop
15:04:11.197 [JavaFX Application Thread] DEBUG Input                - Clearing active input actions
15:04:11.213 [JavaFX Application Thread] DEBUG GameApplicationServi - Removing overlay from FXGLStartupScene and adding to FXGLMainMenuDummyScene
15:04:11.213 [JavaFX Application Thread] DEBUG PrimaryStageWindow   - FXGLStartupScene -> FXGLMainMenuDummyScene
15:04:11.214 [JavaFX Application Thread] DEBUG PrimaryStageWindow   - Push state: MainMenu
15:04:11.214 [JavaFX Application Thread] DEBUG Input                - Clearing active input actions
15:04:11.223 [JavaFX Application Thread] DEBUG GameApplicationServi - Removing overlay from FXGLMainMenuDummyScene and adding to MainMenu
15:04:11.224 [JavaFX Application Thread] DEBUG PrimaryStageWindow   - FXGLMainMenuDummyScene -> MainMenu
15:04:11.444 [FXGL Background Thread 4 ] DEBUG FXGLAssetLoaderServi - Loading from file system: jar:file:/C:/Users/Admin/.m2/repository/com/github/almasb/fxgl/11.17/fxgl-11.17.jar!/fxglassets/ui/fonts/Abel-Regular.ttf
15:04:11.449 [FXGL Background Thread 4 ] DEBUG FXGLAssetLoaderServi - Loading from file system: jar:file:/C:/Users/Admin/.m2/repository/com/github/almasb/fxgl/11.17/fxgl-11.17.jar!/fxglassets/ui/fonts/lucida_console.ttf
15:04:11.464 [FXGL Background Thread 4 ] DEBUG FXGLAssetLoaderServi - Loading from file system: jar:file:/C:/Users/Admin/.m2/repository/com/github/almasb/fxgl/11.17/fxgl-11.17.jar!/fxglassets/ui/fonts/Courier-Prime.ttf
15:04:11.564 [JavaFX Application Thread] DEBUG FXGLApplication      - Registering font factories with UI factory
15:04:11.895 [FXGL Background Thread 2 ] INFO  UpdaterService       - Your current version:  11.17
15:04:11.896 [FXGL Background Thread 2 ] INFO  UpdaterService       - Latest stable version: 17.2
15:04:13.833 [FXGL Background Thread 3 ] DEBUG Engine               - Logging environment variables
15:04:13.833 [FXGL Background Thread 3 ] DEBUG Engine               - achievements: []
15:04:13.833 [FXGL Background Thread 3 ] DEBUG Engine               - actualHeight: 720.0
15:04:13.834 [FXGL Background Thread 3 ] DEBUG Engine               - actualHeightProperty: ReadOnlyDoubleProperty [value: 720.0]
15:04:13.834 [FXGL Background Thread 3 ] DEBUG Engine               - actualWidth: 1280.0
15:04:13.834 [FXGL Background Thread 3 ] DEBUG Engine               - actualWidthProperty: ReadOnlyDoubleProperty [value: 1280.0]
15:04:13.834 [FXGL Background Thread 3 ] DEBUG Engine               - appIcon: fxgl_icon.png
15:04:13.834 [FXGL Background Thread 3 ] DEBUG Engine               - applicationMode: DEVELOPER
15:04:13.834 [FXGL Background Thread 3 ] DEBUG Engine               - cSSList: [fxgl_dark.css]
15:04:13.834 [FXGL Background Thread 3 ] DEBUG Engine               - collisionDetectionStrategy: BRUTE_FORCE
15:04:13.834 [FXGL Background Thread 3 ] DEBUG Engine               - configClass: Optional.empty
15:04:13.834 [FXGL Background Thread 3 ] DEBUG Engine               - credits: []
15:04:13.834 [FXGL Background Thread 3 ] DEBUG Engine               - defaultCursor: CursorInfo(imageName=fxgl_default_cursor.png, hotspotX=7.0, hotspotY=6.0)
15:04:13.834 [FXGL Background Thread 3 ] DEBUG Engine               - devBBoxColorProperty: ObjectProperty [value: 0xff0000ff]
15:04:13.834 [FXGL Background Thread 3 ] DEBUG Engine               - devEnableDebugCameraProperty: BooleanProperty [value: false]
15:04:13.834 [FXGL Background Thread 3 ] DEBUG Engine               - devSensorColorProperty: ObjectProperty [value: 0xffff00ff]
15:04:13.834 [FXGL Background Thread 3 ] DEBUG Engine               - devShowBBoxProperty: BooleanProperty [value: false]
15:04:13.834 [FXGL Background Thread 3 ] DEBUG Engine               - devShowPositionProperty: BooleanProperty [value: false]
15:04:13.835 [FXGL Background Thread 3 ] DEBUG Engine               - enabledMenuItems: []
15:04:13.835 [FXGL Background Thread 3 ] DEBUG Engine               - engineServices: [class com.almasb.fxgl.app.services.FXGLAssetLoaderService, class com.almasb.fxgl.app.FXGLApplication$GameApplicationService, class com.almasb.fxgl.app.services.FXGLDialogService, class com.almasb.fxgl.app.services.IOTaskExecutorService, class com.almasb.fxgl.io.FileSystemService, class com.almasb.fxgl.localization.LocalizationService, class com.almasb.fxgl.app.services.SystemBundleService, class com.almasb.fxgl.profile.SaveLoadService, class com.almasb.fxgl.ui.FXGLUIFactoryServiceProvider, class com.almasb.fxgl.ui.FXGLDialogFactoryServiceProvider, class com.almasb.fxgl.audio.AudioPlayer, class com.almasb.fxgl.notification.impl.NotificationServiceProvider, class com.almasb.fxgl.achievement.AchievementService, class com.almasb.fxgl.cutscene.CutsceneService, class com.almasb.fxgl.minigames.MiniGameService, class com.almasb.fxgl.net.NetService, class com.almasb.fxgl.app.services.UpdaterService, class com.almasb.fxgl.dev.DevService]
15:04:13.835 [FXGL Background Thread 3 ] DEBUG Engine               - fontGame: Abel-Regular.ttf
15:04:13.835 [FXGL Background Thread 3 ] DEBUG Engine               - fontMono: lucida_console.ttf
15:04:13.835 [FXGL Background Thread 3 ] DEBUG Engine               - fontText: Courier-Prime.ttf
15:04:13.835 [FXGL Background Thread 3 ] DEBUG Engine               - fontUI: game_font.ttf
15:04:13.835 [FXGL Background Thread 3 ] DEBUG Engine               - fullScreen: BooleanProperty [value: false]
15:04:13.835 [FXGL Background Thread 3 ] DEBUG Engine               - gameDifficulty: MEDIUM
15:04:13.835 [FXGL Background Thread 3 ] DEBUG Engine               - gameDifficultyProperty: ObjectProperty [value: MEDIUM]
15:04:13.835 [FXGL Background Thread 3 ] DEBUG Engine               - globalMusicVolume: 0.5
15:04:13.835 [FXGL Background Thread 3 ] DEBUG Engine               - globalMusicVolumeProperty: DoubleProperty [value: 0.5]
15:04:13.835 [FXGL Background Thread 3 ] DEBUG Engine               - globalSoundVolume: 0.5
15:04:13.835 [FXGL Background Thread 3 ] DEBUG Engine               - globalSoundVolumeProperty: DoubleProperty [value: 0.5]
15:04:13.835 [FXGL Background Thread 3 ] DEBUG Engine               - height: 720
15:04:13.835 [FXGL Background Thread 3 ] DEBUG Engine               - is3D: false
15:04:13.835 [FXGL Background Thread 3 ] DEBUG Engine               - isAndroid: false
15:04:13.835 [FXGL Background Thread 3 ] DEBUG Engine               - isBrowser: false
15:04:13.835 [FXGL Background Thread 3 ] DEBUG Engine               - isClickFeedbackEnabled: false
15:04:13.835 [FXGL Background Thread 3 ] DEBUG Engine               - isCloseConfirmation: false
15:04:13.835 [FXGL Background Thread 3 ] DEBUG Engine               - isDesktop: true
15:04:13.835 [FXGL Background Thread 3 ] DEBUG Engine               - isDeveloperMenuEnabled: false
15:04:13.835 [FXGL Background Thread 3 ] DEBUG Engine               - isEntityPreloadEnabled: true
15:04:13.835 [FXGL Background Thread 3 ] DEBUG Engine               - isExperimentalTiledLargeMap: false
15:04:13.835 [FXGL Background Thread 3 ] DEBUG Engine               - isFileSystemWriteAllowed: true
15:04:13.835 [FXGL Background Thread 3 ] DEBUG Engine               - isFullScreenAllowed: true
15:04:13.835 [FXGL Background Thread 3 ] DEBUG Engine               - isFullScreenFromStart: false
15:04:13.836 [FXGL Background Thread 3 ] DEBUG Engine               - isGameMenuEnabled: true
15:04:13.836 [FXGL Background Thread 3 ] DEBUG Engine               - isIOS: false
15:04:13.836 [FXGL Background Thread 3 ] DEBUG Engine               - isIntroEnabled: false
15:04:13.836 [FXGL Background Thread 3 ] DEBUG Engine               - isLinux: false
15:04:13.836 [FXGL Background Thread 3 ] DEBUG Engine               - isMac: false
15:04:13.836 [FXGL Background Thread 3 ] DEBUG Engine               - isMainMenuEnabled: true
15:04:13.836 [FXGL Background Thread 3 ] DEBUG Engine               - isManualResizeEnabled: false
15:04:13.836 [FXGL Background Thread 3 ] DEBUG Engine               - isMobile: false
15:04:13.836 [FXGL Background Thread 3 ] DEBUG Engine               - isNative: false
15:04:13.836 [FXGL Background Thread 3 ] DEBUG Engine               - isPauseMusicWhenMinimized: true
15:04:13.836 [FXGL Background Thread 3 ] DEBUG Engine               - isPreserveResizeRatio: false
15:04:13.836 [FXGL Background Thread 3 ] DEBUG Engine               - isProfilingEnabled: false
15:04:13.836 [FXGL Background Thread 3 ] DEBUG Engine               - isScaleAffectedOnResize: true
15:04:13.836 [FXGL Background Thread 3 ] DEBUG Engine               - isSingleStep: false
15:04:13.836 [FXGL Background Thread 3 ] DEBUG Engine               - isUserProfileEnabled: false
15:04:13.836 [FXGL Background Thread 3 ] DEBUG Engine               - isWindows: true
15:04:13.836 [FXGL Background Thread 3 ] DEBUG Engine               - language: ObjectProperty [value: ENGLISH]
15:04:13.836 [FXGL Background Thread 3 ] DEBUG Engine               - menuKey: ESCAPE
15:04:13.836 [FXGL Background Thread 3 ] DEBUG Engine               - mouseSensitivity: 0.2
15:04:13.836 [FXGL Background Thread 3 ] DEBUG Engine               - notificationViewClass: class com.almasb.fxgl.notification.view.XboxNotificationView
15:04:13.836 [FXGL Background Thread 3 ] DEBUG Engine               - pixelsPerMeter: 50.0
15:04:13.836 [FXGL Background Thread 3 ] DEBUG Engine               - platform: WINDOWS
15:04:13.837 [FXGL Background Thread 3 ] DEBUG Engine               - prefHeightProperty: ReadOnlyDoubleProperty [value: 720.0]
15:04:13.837 [FXGL Background Thread 3 ] DEBUG Engine               - prefWidthProperty: ReadOnlyDoubleProperty [value: 1280.0]
15:04:13.837 [FXGL Background Thread 3 ] DEBUG Engine               - profileDir: profiles/
15:04:13.837 [FXGL Background Thread 3 ] DEBUG Engine               - profileName: StringProperty [value: DEFAULT]
15:04:13.837 [FXGL Background Thread 3 ] DEBUG Engine               - randomSeed: -1
15:04:13.837 [FXGL Background Thread 3 ] DEBUG Engine               - runtimeInfo: RuntimeInfo(platform=WINDOWS, version=11.17, build=16.07.2021 15.46)
15:04:13.837 [FXGL Background Thread 3 ] DEBUG Engine               - saveFileExt: sav
15:04:13.837 [FXGL Background Thread 3 ] DEBUG Engine               - scaledHeightProp$fxgl: DoubleProperty [bound, value: 720.0]
15:04:13.837 [FXGL Background Thread 3 ] DEBUG Engine               - scaledWidthProp$fxgl: DoubleProperty [bound, value: 1280.0]
15:04:13.837 [FXGL Background Thread 3 ] DEBUG Engine               - sceneFactory: Bomberman.BombermanGame$1@3d89e2db
15:04:13.837 [FXGL Background Thread 3 ] DEBUG Engine               - secondsIn24h: 60
15:04:13.837 [FXGL Background Thread 3 ] DEBUG Engine               - soundMenuBack: menu/back.wav
15:04:13.837 [FXGL Background Thread 3 ] DEBUG Engine               - soundMenuPress: menu/press.wav
15:04:13.837 [FXGL Background Thread 3 ] DEBUG Engine               - soundMenuSelect: menu/select.wav
15:04:13.837 [FXGL Background Thread 3 ] DEBUG Engine               - soundNotification: core/notification.wav
15:04:13.837 [FXGL Background Thread 3 ] DEBUG Engine               - stageStyle: DECORATED
15:04:13.837 [FXGL Background Thread 3 ] DEBUG Engine               - supportedLanguages: [ENGLISH, FRENCH, GERMAN, HUNGARIAN, RUSSIAN]
15:04:13.837 [FXGL Background Thread 3 ] DEBUG Engine               - ticksPerSecond: -1
15:04:13.837 [FXGL Background Thread 3 ] DEBUG Engine               - title: BOMBER
 MAN
15:04:13.837 [FXGL Background Thread 3 ] DEBUG Engine               - urlGithub: https://github.com/AlmasB/FXGL
15:04:13.837 [FXGL Background Thread 3 ] DEBUG Engine               - urlLeaderboard: http://fxgl-top.herokuapp.com/
15:04:13.837 [FXGL Background Thread 3 ] DEBUG Engine               - urlPOM: https://raw.githubusercontent.com/AlmasB/FXGL/release/README.md
15:04:13.837 [FXGL Background Thread 3 ] DEBUG Engine               - userAppClass: class Bomberman.BombermanGame
15:04:13.837 [FXGL Background Thread 3 ] DEBUG Engine               - version: 1.0
15:04:13.837 [FXGL Background Thread 3 ] DEBUG Engine               - versionCheckDays: 7
15:04:13.837 [FXGL Background Thread 3 ] DEBUG Engine               - width: 1280
15:04:13.837 [FXGL Background Thread 3 ] DEBUG Engine               - Logging services
15:04:13.837 [FXGL Background Thread 3 ] DEBUG Engine               - class com.almasb.fxgl.app.services.FXGLAssetLoaderService
15:04:13.837 [FXGL Background Thread 3 ] DEBUG Engine               - class com.almasb.fxgl.app.FXGLApplication$GameApplicationService
15:04:13.838 [FXGL Background Thread 3 ] DEBUG Engine               - class com.almasb.fxgl.app.services.FXGLDialogService
15:04:13.838 [FXGL Background Thread 3 ] DEBUG Engine               - class com.almasb.fxgl.app.services.IOTaskExecutorService
15:04:13.838 [FXGL Background Thread 3 ] DEBUG Engine               - class com.almasb.fxgl.io.FileSystemService
15:04:13.838 [FXGL Background Thread 3 ] DEBUG Engine               - class com.almasb.fxgl.localization.LocalizationService
15:04:13.838 [FXGL Background Thread 3 ] DEBUG Engine               - class com.almasb.fxgl.app.services.SystemBundleService
15:04:13.838 [FXGL Background Thread 3 ] DEBUG Engine               - class com.almasb.fxgl.profile.SaveLoadService
15:04:13.838 [FXGL Background Thread 3 ] DEBUG Engine               - class com.almasb.fxgl.ui.FXGLUIFactoryServiceProvider
15:04:13.838 [FXGL Background Thread 3 ] DEBUG Engine               - class com.almasb.fxgl.ui.FXGLDialogFactoryServiceProvider
15:04:13.838 [FXGL Background Thread 3 ] DEBUG Engine               - class com.almasb.fxgl.audio.AudioPlayer
15:04:13.838 [FXGL Background Thread 3 ] DEBUG Engine               - class com.almasb.fxgl.notification.impl.NotificationServiceProvider
15:04:13.838 [FXGL Background Thread 3 ] DEBUG Engine               - class com.almasb.fxgl.achievement.AchievementService
15:04:13.838 [FXGL Background Thread 3 ] DEBUG Engine               - class com.almasb.fxgl.cutscene.CutsceneService
15:04:13.838 [FXGL Background Thread 3 ] DEBUG Engine               - class com.almasb.fxgl.minigames.MiniGameService
15:04:13.838 [FXGL Background Thread 3 ] DEBUG Engine               - class com.almasb.fxgl.net.NetService
15:04:13.838 [FXGL Background Thread 3 ] DEBUG Engine               - class com.almasb.fxgl.app.services.UpdaterService
15:04:13.838 [FXGL Background Thread 3 ] DEBUG Engine               - class com.almasb.fxgl.dev.DevService
15:04:14.369 [JavaFX Application Thread] DEBUG Menu                 - fireNewGame()
15:04:14.369 [JavaFX Application Thread] DEBUG GameApplicationServi - Starting new game
15:04:14.369 [JavaFX Application Thread] DEBUG PrimaryStageWindow   - Pop state: MainMenu
15:04:14.369 [JavaFX Application Thread] DEBUG Input                - Clearing active input actions
15:04:14.370 [JavaFX Application Thread] DEBUG GameApplicationServi - Removing overlay from MainMenu and adding to FXGLMainMenuDummyScene
15:04:14.370 [JavaFX Application Thread] DEBUG PrimaryStageWindow   - FXGLMainMenuDummyScene <- MainMenu
15:04:14.371 [JavaFX Application Thread] DEBUG Input                - Clearing active input actions
15:04:14.378 [JavaFX Application Thread] DEBUG GameApplicationServi - Removing overlay from FXGLMainMenuDummyScene and adding to FXGLLoadingScene
15:04:14.379 [JavaFX Application Thread] DEBUG PrimaryStageWindow   - FXGLMainMenuDummyScene -> FXGLLoadingScene
15:04:14.379 [JavaFX Application Thread] DEBUG GameApplicationServi - Clearing previous game
15:04:14.379 [JavaFX Application Thread] DEBUG GameScene            - Clearing game scene
15:04:14.379 [JavaFX Application Thread] DEBUG GameWorld            - Clearing game world
15:04:14.379 [JavaFX Application Thread] DEBUG PhysicsWorld         - Clearing physics world
15:04:14.380 [FXGL Background Thread 2 ] DEBUG FXGLApplication      - Initializing game
15:04:14.405 [FXGL Background Thread 2 ] DEBUG FXGLAssetLoaderServi - Loading from file system: file:/C:/Users/Admin/Desktop/Bomberman/target/classes/assets/textures/wall.png
15:04:14.468 [FXGL Background Thread 2 ] DEBUG FXGLAssetLoaderServi - Loading from file system: file:/C:/Users/Admin/Desktop/Bomberman/target/classes/assets/textures/player_die.png
15:04:14.471 [FXGL Background Thread 2 ] DEBUG FXGLAssetLoaderServi - Loading from file system: file:/C:/Users/Admin/Desktop/Bomberman/target/classes/assets/textures/player_down.png
15:04:14.473 [FXGL Background Thread 2 ] DEBUG FXGLAssetLoaderServi - Loading from file system: file:/C:/Users/Admin/Desktop/Bomberman/target/classes/assets/textures/player_right.png
15:04:14.474 [FXGL Background Thread 2 ] DEBUG FXGLAssetLoaderServi - Loading from file system: file:/C:/Users/Admin/Desktop/Bomberman/target/classes/assets/textures/player_up.png
15:04:14.476 [FXGL Background Thread 2 ] DEBUG FXGLAssetLoaderServi - Loading from file system: file:/C:/Users/Admin/Desktop/Bomberman/target/classes/assets/textures/player_left.png
15:04:14.484 [FXGL Background Thread 2 ] DEBUG FXGLAssetLoaderServi - Loading from file system: file:/C:/Users/Admin/Desktop/Bomberman/target/classes/assets/textures/brick.png
15:04:14.485 [FXGL Background Thread 2 ] DEBUG FXGLAssetLoaderServi - Loading from file system: file:/C:/Users/Admin/Desktop/Bomberman/target/classes/assets/textures/brick_break.png
15:04:14.501 [FXGL Background Thread 2 ] DEBUG FXGLAssetLoaderServi - Loading from file system: file:/C:/Users/Admin/Desktop/Bomberman/target/classes/assets/textures/portal.png
15:04:14.516 [FXGL Background Thread 2 ] DEBUG FXGLAssetLoaderServi - Loading from file system: file:/C:/Users/Admin/Desktop/Bomberman/target/classes/assets/textures/powerup_flames.png
15:04:14.519 [FXGL Background Thread 2 ] DEBUG FXGLAssetLoaderServi - Loading from file system: file:/C:/Users/Admin/Desktop/Bomberman/target/classes/assets/textures/powerup_bombs.png
15:04:14.532 [FXGL Background Thread 2 ] DEBUG FXGLAssetLoaderServi - Loading from file system: file:/C:/Users/Admin/Desktop/Bomberman/target/classes/assets/textures/powerup_speed.png
15:04:15.926 [FXGL Background Thread 2 ] INFO  FXGLApplication      - Game initialization took: 1.546 sec
15:04:15.929 [JavaFX Application Thread] DEBUG Input                - Clearing active input actions
15:04:15.942 [JavaFX Application Thread] DEBUG GameApplicationServi - Removing overlay from FXGLLoadingScene and adding to GameScene
15:04:15.943 [JavaFX Application Thread] DEBUG PrimaryStageWindow   - FXGLLoadingScene -> GameScene
15:04:35.424 [JavaFX Application Thread] DEBUG PrimaryStageWindow   - Push state: GameMenu
15:04:35.424 [JavaFX Application Thread] DEBUG Input                - Clearing active input actions
15:04:35.425 [JavaFX Application Thread] DEBUG GameApplicationServi - Removing overlay from GameScene and adding to GameMenu
15:04:35.425 [JavaFX Application Thread] DEBUG PrimaryStageWindow   - GameScene -> GameMenu
15:04:36.921 [JavaFX Application Thread] DEBUG Menu                 - fireExit()
15:04:36.926 [JavaFX Application Thread] DEBUG PrimaryStageWindow   - Push state: DialogSubScene
15:04:36.926 [JavaFX Application Thread] DEBUG Input                - Clearing active input actions
15:04:36.926 [JavaFX Application Thread] DEBUG GameApplicationServi - Removing overlay from GameMenu and adding to DialogSubScene
15:04:36.926 [JavaFX Application Thread] DEBUG PrimaryStageWindow   - GameMenu -> DialogSubScene
15:04:37.985 [JavaFX Application Thread] DEBUG PrimaryStageWindow   - Pop state: DialogSubScene
15:04:37.985 [JavaFX Application Thread] DEBUG Input                - Clearing active input actions
15:04:37.986 [JavaFX Application Thread] DEBUG GameApplicationServi - Removing overlay from DialogSubScene and adding to GameMenu
15:04:37.986 [JavaFX Application Thread] DEBUG PrimaryStageWindow   - GameMenu <- DialogSubScene
15:04:37.986 [JavaFX Application Thread] DEBUG FXGLApplication      - Exiting FXGL
15:04:37.986 [JavaFX Application Thread] DEBUG LoopRunner           - Stopping loop
15:04:37.986 [JavaFX Application Thread] DEBUG SystemBundleService  - Saving FXGL system data
15:04:37.988 [JavaFX Application Thread] DEBUG FileSystemAccess     - Writing to: C:\Users\Admin\Desktop\Bomberman\system\fxgl.bundle
15:04:37.990 [JavaFX Application Thread] DEBUG Async                - Shutting down background threads
15:04:37.990 [JavaFX Application Thread] DEBUG PrimaryStageWindow   - Closing main window
15:04:38.002 [JavaFX Application Thread] DEBUG Logger               - Closing Logger
