07:58:50.047 [main                     ] DEBUG Logger               - Configured Logger
07:58:50.050 [main                     ] DEBUG GameApplication      - Logging settings
Title: BOMBERMAN
Version: 1.0
Width: 1488
Height: 624
Fullscreen: true
Intro: false
Profiling: false
Single step:false
App Mode: DEVELOPER
Menu Key: ESCAPE
Stage Style: DECORATED
Scene Factory: class com.almasb.fxgl.app.scene.SceneFactory

07:58:50.377 [JavaFX Application Thread] DEBUG FXGLApplication      - Initializing FXGL
07:58:50.379 [JavaFX Application Thread] INFO  Engine               - FXGL-11.17 (16.07.2021 15.46) on WINDOWS (J:11.0.16.1 FX:16)
07:58:50.379 [JavaFX Application Thread] DEBUG Engine               - JRE Vendor Name: Oracle Corporation
07:58:50.379 [JavaFX Application Thread] DEBUG Engine               - Running on OS: Windows 11 version 10.0
07:58:50.379 [JavaFX Application Thread] DEBUG Engine               - Architecture: amd64
07:58:50.380 [JavaFX Application Thread] INFO  Engine               - Source code and latest versions at: https://github.com/AlmasB/FXGL
07:58:50.380 [JavaFX Application Thread] INFO  Engine               -              Join the FXGL chat at: https://gitter.im/AlmasB/FXGL
07:58:50.473 [JavaFX Application Thread] DEBUG PrimaryStageWindow   - Creating a JavaFX scene
07:58:50.473 [JavaFX Application Thread] DEBUG PrimaryStageWindow   - Target size > screen size
07:58:50.518 [JavaFX Application Thread] DEBUG PrimaryStageWindow   - Target settings size: 1488.0 x 624.0
07:58:50.518 [JavaFX Application Thread] DEBUG PrimaryStageWindow   - Scaled scene size:    1415.0 x 603.0
07:58:50.519 [JavaFX Application Thread] DEBUG PrimaryStageWindow   - Scaled ratio: (0.9509408602150538, 0.9663461538461539)
07:58:50.519 [JavaFX Application Thread] DEBUG PrimaryStageWindow   - Set initial scene to FXGLStartupScene
07:58:50.527 [JavaFX Application Thread] DEBUG PrimaryStageWindow   - Opening main window
07:58:50.608 [JavaFX Application Thread] DEBUG PrimaryStageWindow   - Window border size: (13.0, 35.5)
07:58:50.609 [JavaFX Application Thread] DEBUG PrimaryStageWindow   - Scaled size: 1415.0 x 603.0
07:58:50.609 [JavaFX Application Thread] DEBUG PrimaryStageWindow   - Scaled ratio: (0.9509408602150538, 0.9663461538461539)
07:58:50.609 [JavaFX Application Thread] DEBUG PrimaryStageWindow   - Scene size: 1415.0 x 603.0
07:58:50.609 [JavaFX Application Thread] DEBUG PrimaryStageWindow   - Stage size: 1428.0 x 638.5
07:58:50.617 [FXGL Background Thread 1 ] DEBUG Engine               - Initializing environment variables
07:58:50.675 [FXGL Background Thread 1 ] DEBUG FXGLAssetLoaderServi - User app class for loading assets: class Bomberman.BombermanGame
07:58:50.675 [FXGL Background Thread 1 ] DEBUG GameApplicationServi - Applying CSS: fxgl_dark.css
07:58:50.676 [FXGL Background Thread 1 ] DEBUG FXGLAssetLoaderServi - Loading from file system: jar:file:/C:/Users/Admin/.m2/repository/com/github/almasb/fxgl/11.17/fxgl-11.17.jar!/fxglassets/ui/css/fxgl_dark.css
07:58:50.709 [FXGL Background Thread 1 ] DEBUG GameApplicationServi - Initializing application scenes
07:58:50.741 [FXGL Background Thread 1 ] DEBUG GameWorld            - Game world initialized
07:58:50.784 [FXGL Background Thread 1 ] DEBUG PhysicsWorld         - Physics world initialized: appHeight=624, physics.ppm=50.0
07:58:50.784 [FXGL Background Thread 1 ] DEBUG PhysicsWorld         - Using strategy: BRUTE_FORCE
07:58:50.787 [FXGL Background Thread 1 ] DEBUG GameScene            - Game scene initialized: 1488x624
07:58:50.799 [FXGL Background Thread 1 ] DEBUG FXGL.DefaultMenu     - createMenuBodyGameMenu()
07:58:50.815 [FXGL Background Thread 1 ] DEBUG FXGL.DefaultMenu     - createOptionsMenu()
07:58:50.824 [FXGL Background Thread 1 ] DEBUG FXGLAssetLoaderServi - Loading from file system: jar:file:/C:/Users/Admin/.m2/repository/com/github/almasb/fxgl/11.17/fxgl-11.17.jar!/fxglassets/textures/particles/smoke.png
07:58:50.897 [FXGL Background Thread 1 ] DEBUG FXGLAssetLoaderServi - Loading from file system: jar:file:/C:/Users/Admin/.m2/repository/com/github/almasb/fxgl/11.17/fxgl-11.17.jar!/fxglassets/textures/particles/trace_horizontal.png
07:58:50.918 [FXGL Background Thread 1 ] DEBUG GameApplicationServi - Application scenes initialized
07:58:50.930 [FXGL Background Thread 1 ] DEBUG SystemBundleService  - Loading FXGL system data
07:58:50.936 [FXGL Background Thread 1 ] DEBUG FileSystemAccess     - Reading from: C:\Users\Admin\Desktop\Bomberman\system\fxgl.bundle
07:58:50.942 [FXGL Background Thread 1 ] DEBUG SystemBundleService  - Bundle FXGL: {}
07:58:50.942 [FXGL Background Thread 1 ] DEBUG UpdaterService       - Checking for updates
07:58:50.946 [FXGL Background Thread 4 ] DEBUG FXGLApplication      - Loading fonts
07:58:50.947 [FXGL Background Thread 1 ] DEBUG FXGLApplication      - Loading default localization
07:58:50.948 [FXGL Background Thread 1 ] DEBUG FXGLAssetLoaderServi - Loading from file system: jar:file:/C:/Users/Admin/.m2/repository/com/github/almasb/fxgl/11.17/fxgl-11.17.jar!/fxglassets/languages/english.lang
07:58:50.961 [FXGL Background Thread 1 ] INFO  FXGLApplication      - FXGL initialization took: 0.344 sec
07:58:50.971 [JavaFX Application Thread] DEBUG Input                - Registered new binding: Move Left - A
07:58:50.971 [JavaFX Application Thread] DEBUG Input                - Registered new binding: Move Right - D
07:58:50.972 [JavaFX Application Thread] DEBUG Input                - Registered new binding: Move Up - W
07:58:50.972 [JavaFX Application Thread] DEBUG Input                - Registered new binding: Move Down - S
07:58:50.972 [JavaFX Application Thread] DEBUG Input                - Registered new binding: Place Bomb - Space
07:58:50.973 [JavaFX Application Thread] DEBUG FXGLAssetLoaderServi - Loading from file system: jar:file:/C:/Users/Admin/.m2/repository/com/github/almasb/fxgl/11.17/fxgl-11.17.jar!/fxglassets/textures/fxgl_icon.png
07:58:50.993 [JavaFX Application Thread] DEBUG FXGLAssetLoaderServi - Loading from file system: jar:file:/C:/Users/Admin/.m2/repository/com/github/almasb/fxgl/11.17/fxgl-11.17.jar!/fxglassets/textures/fxgl_default_cursor.png
07:58:50.996 [JavaFX Application Thread] DEBUG Input                - Registered new binding: Screenshot - CTRL+8
07:58:50.997 [JavaFX Application Thread] DEBUG Input                - Registered new binding: System info dump - CTRL+9
07:58:50.998 [JavaFX Application Thread] DEBUG Input                - Registered new binding: Restart - CTRL+R
07:58:50.998 [JavaFX Application Thread] DEBUG Input                - Registered new binding: Toggle Debug Camera - CTRL+C
07:58:51.001 [JavaFX Application Thread] DEBUG LoopRunner           - Starting loop
07:58:51.001 [JavaFX Application Thread] DEBUG LoopRunner           - Initializing JavaFX AnimationTimerLoop
07:58:51.003 [JavaFX Application Thread] DEBUG GameApplicationServi - Starting new game
07:58:51.004 [JavaFX Application Thread] DEBUG Input                - Clearing active input actions
07:58:51.019 [JavaFX Application Thread] DEBUG GameApplicationServi - Removing overlay from FXGLStartupScene and adding to FXGLLoadingScene
07:58:51.020 [JavaFX Application Thread] DEBUG PrimaryStageWindow   - FXGLStartupScene -> FXGLLoadingScene
07:58:51.020 [JavaFX Application Thread] DEBUG GameApplicationServi - Clearing previous game
07:58:51.020 [JavaFX Application Thread] DEBUG GameScene            - Clearing game scene
07:58:51.020 [JavaFX Application Thread] DEBUG GameWorld            - Clearing game world
07:58:51.020 [JavaFX Application Thread] DEBUG PhysicsWorld         - Clearing physics world
07:58:51.021 [FXGL Background Thread 1 ] DEBUG FXGLApplication      - Initializing game
07:58:51.036 [FXGL Background Thread 1 ] DEBUG FXGLAssetLoaderServi - Loading from file system: file:/C:/Users/Admin/Desktop/Bomberman/target/classes/assets/textures/wall.png
07:58:51.087 [FXGL Background Thread 1 ] DEBUG FXGLAssetLoaderServi - Loading from file system: file:/C:/Users/Admin/Desktop/Bomberman/target/classes/assets/textures/player_die.png
07:58:51.088 [FXGL Background Thread 1 ] DEBUG FXGLAssetLoaderServi - Loading from file system: file:/C:/Users/Admin/Desktop/Bomberman/target/classes/assets/textures/player_down.png
07:58:51.089 [FXGL Background Thread 1 ] DEBUG FXGLAssetLoaderServi - Loading from file system: file:/C:/Users/Admin/Desktop/Bomberman/target/classes/assets/textures/player_right.png
07:58:51.090 [FXGL Background Thread 1 ] DEBUG FXGLAssetLoaderServi - Loading from file system: file:/C:/Users/Admin/Desktop/Bomberman/target/classes/assets/textures/player_up.png
07:58:51.091 [FXGL Background Thread 1 ] DEBUG FXGLAssetLoaderServi - Loading from file system: file:/C:/Users/Admin/Desktop/Bomberman/target/classes/assets/textures/player_left.png
07:58:51.096 [FXGL Background Thread 1 ] DEBUG FXGLAssetLoaderServi - Loading from file system: file:/C:/Users/Admin/Desktop/Bomberman/target/classes/assets/textures/brick.png
07:58:51.097 [FXGL Background Thread 1 ] DEBUG FXGLAssetLoaderServi - Loading from file system: file:/C:/Users/Admin/Desktop/Bomberman/target/classes/assets/textures/brick_break.png
07:58:51.123 [FXGL Background Thread 1 ] DEBUG FXGLAssetLoaderServi - Loading from file system: file:/C:/Users/Admin/Desktop/Bomberman/target/classes/assets/textures/portal.png
07:58:51.143 [FXGL Background Thread 1 ] DEBUG FXGLAssetLoaderServi - Loading from file system: file:/C:/Users/Admin/Desktop/Bomberman/target/classes/assets/textures/powerup_bombs.png
07:58:51.145 [FXGL Background Thread 1 ] DEBUG FXGLAssetLoaderServi - Loading from file system: file:/C:/Users/Admin/Desktop/Bomberman/target/classes/assets/textures/powerup_flames.png
07:58:51.148 [FXGL Background Thread 1 ] DEBUG FXGLAssetLoaderServi - Loading from file system: file:/C:/Users/Admin/Desktop/Bomberman/target/classes/assets/textures/powerup_speed.png
07:58:51.190 [FXGL Background Thread 4 ] DEBUG FXGLAssetLoaderServi - Loading from file system: jar:file:/C:/Users/Admin/.m2/repository/com/github/almasb/fxgl/11.17/fxgl-11.17.jar!/fxglassets/ui/fonts/Abel-Regular.ttf
07:58:51.194 [FXGL Background Thread 4 ] DEBUG FXGLAssetLoaderServi - Loading from file system: jar:file:/C:/Users/Admin/.m2/repository/com/github/almasb/fxgl/11.17/fxgl-11.17.jar!/fxglassets/ui/fonts/lucida_console.ttf
07:58:51.200 [FXGL Background Thread 4 ] DEBUG FXGLAssetLoaderServi - Loading from file system: jar:file:/C:/Users/Admin/.m2/repository/com/github/almasb/fxgl/11.17/fxgl-11.17.jar!/fxglassets/ui/fonts/Courier-Prime.ttf
07:58:51.207 [JavaFX Application Thread] DEBUG FXGLApplication      - Registering font factories with UI factory
07:58:51.219 [FXGL Background Thread 1 ] INFO  FXGLApplication      - Game initialization took: 0.198 sec
07:58:51.220 [JavaFX Application Thread] DEBUG Input                - Clearing active input actions
07:58:51.234 [JavaFX Application Thread] DEBUG GameApplicationServi - Removing overlay from FXGLLoadingScene and adding to GameScene
07:58:51.234 [JavaFX Application Thread] DEBUG PrimaryStageWindow   - FXGLLoadingScene -> GameScene
07:58:51.813 [FXGL Background Thread 2 ] INFO  UpdaterService       - Your current version:  11.17
07:58:51.813 [FXGL Background Thread 2 ] INFO  UpdaterService       - Latest stable version: 17.2
07:58:52.852 [JavaFX Application Thread] DEBUG FXGLAssetLoaderServi - Loading from file system: file:/C:/Users/Admin/Desktop/Bomberman/target/classes/assets/textures/bomb.png
07:58:52.854 [JavaFX Application Thread] DEBUG FXGLAssetLoaderServi - Loading from file system: file:/C:/Users/Admin/Desktop/Bomberman/target/classes/assets/sounds/place_bomb.wav
07:58:53.945 [FXGL Background Thread 3 ] DEBUG Engine               - Logging environment variables
07:58:53.945 [FXGL Background Thread 3 ] DEBUG Engine               - achievements: []
07:58:53.945 [FXGL Background Thread 3 ] DEBUG Engine               - actualHeight: 603.0
07:58:53.945 [FXGL Background Thread 3 ] DEBUG Engine               - actualHeightProperty: ReadOnlyDoubleProperty [value: 603.0]
07:58:53.946 [FXGL Background Thread 3 ] DEBUG Engine               - actualWidth: 1415.0
07:58:53.946 [FXGL Background Thread 3 ] DEBUG Engine               - actualWidthProperty: ReadOnlyDoubleProperty [value: 1415.0]
07:58:53.946 [FXGL Background Thread 3 ] DEBUG Engine               - appIcon: fxgl_icon.png
07:58:53.946 [FXGL Background Thread 3 ] DEBUG Engine               - applicationMode: DEVELOPER
07:58:53.946 [FXGL Background Thread 3 ] DEBUG Engine               - cSSList: [fxgl_dark.css]
07:58:53.946 [FXGL Background Thread 3 ] DEBUG Engine               - collisionDetectionStrategy: BRUTE_FORCE
07:58:53.946 [FXGL Background Thread 3 ] DEBUG Engine               - configClass: Optional.empty
07:58:53.946 [FXGL Background Thread 3 ] DEBUG Engine               - credits: []
07:58:53.946 [FXGL Background Thread 3 ] DEBUG Engine               - defaultCursor: CursorInfo(imageName=fxgl_default_cursor.png, hotspotX=7.0, hotspotY=6.0)
07:58:53.946 [FXGL Background Thread 3 ] DEBUG Engine               - devBBoxColorProperty: ObjectProperty [value: 0xff0000ff]
07:58:53.946 [FXGL Background Thread 3 ] DEBUG Engine               - devEnableDebugCameraProperty: BooleanProperty [value: false]
07:58:53.946 [FXGL Background Thread 3 ] DEBUG Engine               - devSensorColorProperty: ObjectProperty [value: 0xffff00ff]
07:58:53.946 [FXGL Background Thread 3 ] DEBUG Engine               - devShowBBoxProperty: BooleanProperty [value: false]
07:58:53.946 [FXGL Background Thread 3 ] DEBUG Engine               - devShowPositionProperty: BooleanProperty [value: false]
07:58:53.946 [FXGL Background Thread 3 ] DEBUG Engine               - enabledMenuItems: []
07:58:53.946 [FXGL Background Thread 3 ] DEBUG Engine               - engineServices: [class com.almasb.fxgl.app.services.FXGLAssetLoaderService, class com.almasb.fxgl.app.FXGLApplication$GameApplicationService, class com.almasb.fxgl.app.services.FXGLDialogService, class com.almasb.fxgl.app.services.IOTaskExecutorService, class com.almasb.fxgl.io.FileSystemService, class com.almasb.fxgl.localization.LocalizationService, class com.almasb.fxgl.app.services.SystemBundleService, class com.almasb.fxgl.profile.SaveLoadService, class com.almasb.fxgl.ui.FXGLUIFactoryServiceProvider, class com.almasb.fxgl.ui.FXGLDialogFactoryServiceProvider, class com.almasb.fxgl.audio.AudioPlayer, class com.almasb.fxgl.notification.impl.NotificationServiceProvider, class com.almasb.fxgl.achievement.AchievementService, class com.almasb.fxgl.cutscene.CutsceneService, class com.almasb.fxgl.minigames.MiniGameService, class com.almasb.fxgl.net.NetService, class com.almasb.fxgl.app.services.UpdaterService, class com.almasb.fxgl.dev.DevService]
07:58:53.946 [FXGL Background Thread 3 ] DEBUG Engine               - fontGame: Abel-Regular.ttf
07:58:53.946 [FXGL Background Thread 3 ] DEBUG Engine               - fontMono: lucida_console.ttf
07:58:53.946 [FXGL Background Thread 3 ] DEBUG Engine               - fontText: Courier-Prime.ttf
07:58:53.946 [FXGL Background Thread 3 ] DEBUG Engine               - fontUI: VarelaRound-Regular.ttf
07:58:53.946 [FXGL Background Thread 3 ] DEBUG Engine               - fullScreen: BooleanProperty [value: false]
07:58:53.946 [FXGL Background Thread 3 ] DEBUG Engine               - gameDifficulty: MEDIUM
07:58:53.946 [FXGL Background Thread 3 ] DEBUG Engine               - gameDifficultyProperty: ObjectProperty [value: MEDIUM]
07:58:53.946 [FXGL Background Thread 3 ] DEBUG Engine               - globalMusicVolume: 0.5
07:58:53.947 [FXGL Background Thread 3 ] DEBUG Engine               - globalMusicVolumeProperty: DoubleProperty [value: 0.5]
07:58:53.947 [FXGL Background Thread 3 ] DEBUG Engine               - globalSoundVolume: 0.5
07:58:53.947 [FXGL Background Thread 3 ] DEBUG Engine               - globalSoundVolumeProperty: DoubleProperty [value: 0.5]
07:58:53.947 [FXGL Background Thread 3 ] DEBUG Engine               - height: 624
07:58:53.947 [FXGL Background Thread 3 ] DEBUG Engine               - is3D: false
07:58:53.947 [FXGL Background Thread 3 ] DEBUG Engine               - isAndroid: false
07:58:53.947 [FXGL Background Thread 3 ] DEBUG Engine               - isBrowser: false
07:58:53.947 [FXGL Background Thread 3 ] DEBUG Engine               - isClickFeedbackEnabled: false
07:58:53.947 [FXGL Background Thread 3 ] DEBUG Engine               - isCloseConfirmation: false
07:58:53.947 [FXGL Background Thread 3 ] DEBUG Engine               - isDesktop: true
07:58:53.947 [FXGL Background Thread 3 ] DEBUG Engine               - isDeveloperMenuEnabled: false
07:58:53.947 [FXGL Background Thread 3 ] DEBUG Engine               - isEntityPreloadEnabled: true
07:58:53.947 [FXGL Background Thread 3 ] DEBUG Engine               - isExperimentalTiledLargeMap: false
07:58:53.947 [FXGL Background Thread 3 ] DEBUG Engine               - isFileSystemWriteAllowed: true
07:58:53.947 [FXGL Background Thread 3 ] DEBUG Engine               - isFullScreenAllowed: true
07:58:53.947 [FXGL Background Thread 3 ] DEBUG Engine               - isFullScreenFromStart: false
07:58:53.947 [FXGL Background Thread 3 ] DEBUG Engine               - isGameMenuEnabled: true
07:58:53.947 [FXGL Background Thread 3 ] DEBUG Engine               - isIOS: false
07:58:53.947 [FXGL Background Thread 3 ] DEBUG Engine               - isIntroEnabled: false
07:58:53.947 [FXGL Background Thread 3 ] DEBUG Engine               - isLinux: false
07:58:53.947 [FXGL Background Thread 3 ] DEBUG Engine               - isMac: false
07:58:53.947 [FXGL Background Thread 3 ] DEBUG Engine               - isMainMenuEnabled: false
07:58:53.947 [FXGL Background Thread 3 ] DEBUG Engine               - isManualResizeEnabled: false
07:58:53.947 [FXGL Background Thread 3 ] DEBUG Engine               - isMobile: false
07:58:53.947 [FXGL Background Thread 3 ] DEBUG Engine               - isNative: false
07:58:53.947 [FXGL Background Thread 3 ] DEBUG Engine               - isPauseMusicWhenMinimized: true
07:58:53.947 [FXGL Background Thread 3 ] DEBUG Engine               - isPreserveResizeRatio: false
07:58:53.947 [FXGL Background Thread 3 ] DEBUG Engine               - isProfilingEnabled: false
07:58:53.947 [FXGL Background Thread 3 ] DEBUG Engine               - isScaleAffectedOnResize: true
07:58:53.947 [FXGL Background Thread 3 ] DEBUG Engine               - isSingleStep: false
07:58:53.947 [FXGL Background Thread 3 ] DEBUG Engine               - isUserProfileEnabled: false
07:58:53.947 [FXGL Background Thread 3 ] DEBUG Engine               - isWindows: true
07:58:53.948 [FXGL Background Thread 3 ] DEBUG Engine               - language: ObjectProperty [value: ENGLISH]
07:58:53.948 [FXGL Background Thread 3 ] DEBUG Engine               - menuKey: ESCAPE
07:58:53.948 [FXGL Background Thread 3 ] DEBUG Engine               - mouseSensitivity: 0.2
07:58:53.948 [FXGL Background Thread 3 ] DEBUG Engine               - notificationViewClass: class com.almasb.fxgl.notification.view.XboxNotificationView
07:58:53.948 [FXGL Background Thread 3 ] DEBUG Engine               - pixelsPerMeter: 50.0
07:58:53.948 [FXGL Background Thread 3 ] DEBUG Engine               - platform: WINDOWS
07:58:53.948 [FXGL Background Thread 3 ] DEBUG Engine               - prefHeightProperty: ReadOnlyDoubleProperty [value: 624.0]
07:58:53.948 [FXGL Background Thread 3 ] DEBUG Engine               - prefWidthProperty: ReadOnlyDoubleProperty [value: 1488.0]
07:58:53.948 [FXGL Background Thread 3 ] DEBUG Engine               - profileDir: profiles/
07:58:53.948 [FXGL Background Thread 3 ] DEBUG Engine               - profileName: StringProperty [value: DEFAULT]
07:58:53.948 [FXGL Background Thread 3 ] DEBUG Engine               - randomSeed: -1
07:58:53.948 [FXGL Background Thread 3 ] DEBUG Engine               - runtimeInfo: RuntimeInfo(platform=WINDOWS, version=11.17, build=16.07.2021 15.46)
07:58:53.948 [FXGL Background Thread 3 ] DEBUG Engine               - saveFileExt: sav
07:58:53.948 [FXGL Background Thread 3 ] DEBUG Engine               - scaledHeightProp$fxgl: DoubleProperty [bound, value: 603.0]
07:58:53.948 [FXGL Background Thread 3 ] DEBUG Engine               - scaledWidthProp$fxgl: DoubleProperty [bound, value: 1415.0]
07:58:53.948 [FXGL Background Thread 3 ] DEBUG Engine               - sceneFactory: com.almasb.fxgl.app.scene.SceneFactory@3355deee
07:58:53.948 [FXGL Background Thread 3 ] DEBUG Engine               - secondsIn24h: 60
07:58:53.948 [FXGL Background Thread 3 ] DEBUG Engine               - soundMenuBack: menu/back.wav
07:58:53.948 [FXGL Background Thread 3 ] DEBUG Engine               - soundMenuPress: menu/press.wav
07:58:53.948 [FXGL Background Thread 3 ] DEBUG Engine               - soundMenuSelect: menu/select.wav
07:58:53.948 [FXGL Background Thread 3 ] DEBUG Engine               - soundNotification: core/notification.wav
07:58:53.948 [FXGL Background Thread 3 ] DEBUG Engine               - stageStyle: DECORATED
07:58:53.948 [FXGL Background Thread 3 ] DEBUG Engine               - supportedLanguages: [ENGLISH, FRENCH, GERMAN, HUNGARIAN, RUSSIAN]
07:58:53.948 [FXGL Background Thread 3 ] DEBUG Engine               - ticksPerSecond: -1
07:58:53.948 [FXGL Background Thread 3 ] DEBUG Engine               - title: BOMBERMAN
07:58:53.948 [FXGL Background Thread 3 ] DEBUG Engine               - urlGithub: https://github.com/AlmasB/FXGL
07:58:53.948 [FXGL Background Thread 3 ] DEBUG Engine               - urlLeaderboard: http://fxgl-top.herokuapp.com/
07:58:53.948 [FXGL Background Thread 3 ] DEBUG Engine               - urlPOM: https://raw.githubusercontent.com/AlmasB/FXGL/release/README.md
07:58:53.948 [FXGL Background Thread 3 ] DEBUG Engine               - userAppClass: class Bomberman.BombermanGame
07:58:53.948 [FXGL Background Thread 3 ] DEBUG Engine               - version: 1.0
07:58:53.948 [FXGL Background Thread 3 ] DEBUG Engine               - versionCheckDays: 7
07:58:53.948 [FXGL Background Thread 3 ] DEBUG Engine               - width: 1488
07:58:53.948 [FXGL Background Thread 3 ] DEBUG Engine               - Logging services
07:58:53.948 [FXGL Background Thread 3 ] DEBUG Engine               - class com.almasb.fxgl.app.services.FXGLAssetLoaderService
07:58:53.949 [FXGL Background Thread 3 ] DEBUG Engine               - class com.almasb.fxgl.app.FXGLApplication$GameApplicationService
07:58:53.949 [FXGL Background Thread 3 ] DEBUG Engine               - class com.almasb.fxgl.app.services.FXGLDialogService
07:58:53.949 [FXGL Background Thread 3 ] DEBUG Engine               - class com.almasb.fxgl.app.services.IOTaskExecutorService
07:58:53.949 [FXGL Background Thread 3 ] DEBUG Engine               - class com.almasb.fxgl.io.FileSystemService
07:58:53.949 [FXGL Background Thread 3 ] DEBUG Engine               - class com.almasb.fxgl.localization.LocalizationService
07:58:53.949 [FXGL Background Thread 3 ] DEBUG Engine               - class com.almasb.fxgl.app.services.SystemBundleService
07:58:53.949 [FXGL Background Thread 3 ] DEBUG Engine               - class com.almasb.fxgl.profile.SaveLoadService
07:58:53.949 [FXGL Background Thread 3 ] DEBUG Engine               - class com.almasb.fxgl.ui.FXGLUIFactoryServiceProvider
07:58:53.949 [FXGL Background Thread 3 ] DEBUG Engine               - class com.almasb.fxgl.ui.FXGLDialogFactoryServiceProvider
07:58:53.949 [FXGL Background Thread 3 ] DEBUG Engine               - class com.almasb.fxgl.audio.AudioPlayer
07:58:53.949 [FXGL Background Thread 3 ] DEBUG Engine               - class com.almasb.fxgl.notification.impl.NotificationServiceProvider
07:58:53.949 [FXGL Background Thread 3 ] DEBUG Engine               - class com.almasb.fxgl.achievement.AchievementService
07:58:53.949 [FXGL Background Thread 3 ] DEBUG Engine               - class com.almasb.fxgl.cutscene.CutsceneService
07:58:53.949 [FXGL Background Thread 3 ] DEBUG Engine               - class com.almasb.fxgl.minigames.MiniGameService
07:58:53.949 [FXGL Background Thread 3 ] DEBUG Engine               - class com.almasb.fxgl.net.NetService
07:58:53.949 [FXGL Background Thread 3 ] DEBUG Engine               - class com.almasb.fxgl.app.services.UpdaterService
07:58:53.949 [FXGL Background Thread 3 ] DEBUG Engine               - class com.almasb.fxgl.dev.DevService
07:58:54.623 [JavaFX Application Thread] DEBUG FXGLAssetLoaderServi - Loading from file system: file:/C:/Users/Admin/Desktop/Bomberman/target/classes/assets/textures/top_right_flame.png
07:58:54.624 [JavaFX Application Thread] DEBUG FXGLAssetLoaderServi - Loading from file system: file:/C:/Users/Admin/Desktop/Bomberman/target/classes/assets/textures/top_left_flame.png
07:58:54.626 [JavaFX Application Thread] DEBUG FXGLAssetLoaderServi - Loading from file system: file:/C:/Users/Admin/Desktop/Bomberman/target/classes/assets/textures/top_down_flame.png
07:58:54.627 [JavaFX Application Thread] DEBUG FXGLAssetLoaderServi - Loading from file system: file:/C:/Users/Admin/Desktop/Bomberman/target/classes/assets/textures/top_up_flame.png
07:58:54.628 [JavaFX Application Thread] DEBUG FXGLAssetLoaderServi - Loading from file system: file:/C:/Users/Admin/Desktop/Bomberman/target/classes/assets/textures/central_flame.png
07:58:54.629 [JavaFX Application Thread] DEBUG FXGLAssetLoaderServi - Loading from file system: file:/C:/Users/Admin/Desktop/Bomberman/target/classes/assets/sounds/explosion.wav
07:58:54.655 [JavaFX Application Thread] DEBUG FXGLAssetLoaderServi - Loading from file system: file:/C:/Users/Admin/Desktop/Bomberman/target/classes/assets/sounds/powerup.wav
07:59:03.006 [JavaFX Application Thread] DEBUG FXGLAssetLoaderServi - Loading from file system: file:/C:/Users/Admin/Desktop/Bomberman/target/classes/assets/textures/right_flame.png
07:59:03.008 [JavaFX Application Thread] DEBUG FXGLAssetLoaderServi - Loading from file system: file:/C:/Users/Admin/Desktop/Bomberman/target/classes/assets/textures/left_flame.png
07:59:03.009 [JavaFX Application Thread] DEBUG FXGLAssetLoaderServi - Loading from file system: file:/C:/Users/Admin/Desktop/Bomberman/target/classes/assets/textures/down_flame.png
07:59:03.010 [JavaFX Application Thread] DEBUG FXGLAssetLoaderServi - Loading from file system: file:/C:/Users/Admin/Desktop/Bomberman/target/classes/assets/textures/up_flame.png
07:59:03.391 [JavaFX Application Thread] WARN  GameWorld            - Attempted to remove entity which is not active
07:59:37.691 [JavaFX Application Thread] DEBUG FXGLApplication      - Exiting FXGL
07:59:37.691 [JavaFX Application Thread] DEBUG LoopRunner           - Stopping loop
07:59:37.691 [JavaFX Application Thread] DEBUG SystemBundleService  - Saving FXGL system data
07:59:37.692 [JavaFX Application Thread] DEBUG FileSystemAccess     - Writing to: C:\Users\Admin\Desktop\Bomberman\system\fxgl.bundle
07:59:37.694 [JavaFX Application Thread] DEBUG Async                - Shutting down background threads
07:59:37.694 [JavaFX Application Thread] DEBUG PrimaryStageWindow   - Closing main window
07:59:37.707 [JavaFX Application Thread] DEBUG Logger               - Closing Logger
