20:06:44.821 [main                     ] DEBUG Logger               - Configured Logger
20:06:44.824 [main                     ] DEBUG GameApplication      - Logging settings
Title: BOMBERMAN
Version: 1.0
Width: 1488
Height: 624
Fullscreen: true
Intro: false
Profiling: false
Single step:false
App Mode: DEVELOPER
Menu Key: ESCAPE
Stage Style: DECORATED
Scene Factory: class com.almasb.fxgl.app.scene.SceneFactory

20:06:45.246 [JavaFX Application Thread] DEBUG FXGLApplication      - Initializing FXGL
20:06:45.248 [JavaFX Application Thread] INFO  Engine               - FXGL-11.17 (16.07.2021 15.46) on WINDOWS (J:11.0.16.1 FX:16)
20:06:45.249 [JavaFX Application Thread] DEBUG Engine               - JRE Vendor Name: Oracle Corporation
20:06:45.249 [JavaFX Application Thread] DEBUG Engine               - Running on OS: Windows 11 version 10.0
20:06:45.249 [JavaFX Application Thread] DEBUG Engine               - Architecture: amd64
20:06:45.249 [JavaFX Application Thread] INFO  Engine               - Source code and latest versions at: https://github.com/AlmasB/FXGL
20:06:45.250 [JavaFX Application Thread] INFO  Engine               -              Join the FXGL chat at: https://gitter.im/AlmasB/FXGL
20:06:45.377 [JavaFX Application Thread] DEBUG PrimaryStageWindow   - Creating a JavaFX scene
20:06:45.377 [JavaFX Application Thread] DEBUG PrimaryStageWindow   - Target size > screen size
20:06:45.436 [JavaFX Application Thread] DEBUG PrimaryStageWindow   - Target settings size: 1488.0 x 624.0
20:06:45.437 [JavaFX Application Thread] DEBUG PrimaryStageWindow   - Scaled scene size:    1415.0 x 603.0
20:06:45.437 [JavaFX Application Thread] DEBUG PrimaryStageWindow   - Scaled ratio: (0.9509408602150538, 0.9663461538461539)
20:06:45.439 [JavaFX Application Thread] DEBUG PrimaryStageWindow   - Set initial scene to FXGLStartupScene
20:06:45.449 [JavaFX Application Thread] DEBUG PrimaryStageWindow   - Opening main window
20:06:45.557 [JavaFX Application Thread] DEBUG PrimaryStageWindow   - Window border size: (13.0, 35.5)
20:06:45.557 [JavaFX Application Thread] DEBUG PrimaryStageWindow   - Scaled size: 1415.0 x 603.0
20:06:45.558 [JavaFX Application Thread] DEBUG PrimaryStageWindow   - Scaled ratio: (0.9509408602150538, 0.9663461538461539)
20:06:45.558 [JavaFX Application Thread] DEBUG PrimaryStageWindow   - Scene size: 1415.0 x 603.0
20:06:45.558 [JavaFX Application Thread] DEBUG PrimaryStageWindow   - Stage size: 1428.0 x 638.5
20:06:45.571 [FXGL Background Thread 1 ] DEBUG Engine               - Initializing environment variables
20:06:45.664 [FXGL Background Thread 1 ] DEBUG FXGLAssetLoaderServi - User app class for loading assets: class Bomberman.BombermanGame
20:06:45.664 [FXGL Background Thread 1 ] DEBUG GameApplicationServi - Applying CSS: fxgl_dark.css
20:06:45.665 [FXGL Background Thread 1 ] DEBUG FXGLAssetLoaderServi - Loading from file system: jar:file:/C:/Users/Admin/.m2/repository/com/github/almasb/fxgl/11.17/fxgl-11.17.jar!/fxglassets/ui/css/fxgl_dark.css
20:06:45.721 [FXGL Background Thread 1 ] DEBUG GameApplicationServi - Initializing application scenes
20:06:45.773 [FXGL Background Thread 1 ] DEBUG GameWorld            - Game world initialized
20:06:45.839 [FXGL Background Thread 1 ] DEBUG PhysicsWorld         - Physics world initialized: appHeight=624, physics.ppm=50.0
20:06:45.839 [FXGL Background Thread 1 ] DEBUG PhysicsWorld         - Using strategy: BRUTE_FORCE
20:06:45.842 [FXGL Background Thread 1 ] DEBUG GameScene            - Game scene initialized: 1488x624
20:06:45.857 [FXGL Background Thread 1 ] DEBUG FXGL.DefaultMenu     - createMenuBodyGameMenu()
20:06:45.876 [FXGL Background Thread 1 ] DEBUG FXGL.DefaultMenu     - createOptionsMenu()
20:06:45.890 [FXGL Background Thread 1 ] DEBUG FXGLAssetLoaderServi - Loading from file system: jar:file:/C:/Users/Admin/.m2/repository/com/github/almasb/fxgl/11.17/fxgl-11.17.jar!/fxglassets/textures/particles/smoke.png
20:06:45.989 [FXGL Background Thread 1 ] DEBUG FXGLAssetLoaderServi - Loading from file system: jar:file:/C:/Users/Admin/.m2/repository/com/github/almasb/fxgl/11.17/fxgl-11.17.jar!/fxglassets/textures/particles/trace_horizontal.png
20:06:46.017 [FXGL Background Thread 1 ] DEBUG GameApplicationServi - Application scenes initialized
20:06:46.030 [FXGL Background Thread 1 ] DEBUG SystemBundleService  - Loading FXGL system data
20:06:46.035 [FXGL Background Thread 1 ] DEBUG FileSystemAccess     - Reading from: C:\Users\Admin\Desktop\Bomberman\system\fxgl.bundle
20:06:46.042 [FXGL Background Thread 1 ] DEBUG SystemBundleService  - Bundle FXGL: {}
20:06:46.043 [FXGL Background Thread 1 ] DEBUG UpdaterService       - Checking for updates
20:06:46.047 [FXGL Background Thread 4 ] DEBUG FXGLApplication      - Loading fonts
20:06:46.047 [FXGL Background Thread 1 ] DEBUG FXGLApplication      - Loading default localization
20:06:46.047 [FXGL Background Thread 4 ] DEBUG FXGLAssetLoaderServi - Loading from file system: jar:file:/C:/Users/Admin/.m2/repository/com/github/almasb/fxgl/11.17/fxgl-11.17.jar!/fxglassets/ui/fonts/VarelaRound-Regular.ttf
20:06:46.048 [FXGL Background Thread 1 ] DEBUG FXGLAssetLoaderServi - Loading from file system: jar:file:/C:/Users/Admin/.m2/repository/com/github/almasb/fxgl/11.17/fxgl-11.17.jar!/fxglassets/languages/english.lang
20:06:46.064 [FXGL Background Thread 1 ] INFO  FXGLApplication      - FXGL initialization took: 0.493 sec
20:06:46.080 [JavaFX Application Thread] DEBUG Input                - Registered new binding: Move Left - A
20:06:46.080 [JavaFX Application Thread] DEBUG Input                - Registered new binding: Move Right - D
20:06:46.080 [JavaFX Application Thread] DEBUG Input                - Registered new binding: Move Up - W
20:06:46.080 [JavaFX Application Thread] DEBUG Input                - Registered new binding: Move Down - S
20:06:46.081 [JavaFX Application Thread] DEBUG Input                - Registered new binding: Place Bomb - Space
20:06:46.081 [JavaFX Application Thread] DEBUG Input                - Registered new binding: Switch to classic bomb - 1
20:06:46.081 [JavaFX Application Thread] DEBUG Input                - Registered new binding: Switch to lazer bomb - 2
20:06:46.081 [JavaFX Application Thread] DEBUG Input                - Registered new binding: Switch to light bomb - 3
20:06:46.082 [JavaFX Application Thread] DEBUG FXGLAssetLoaderServi - Loading from file system: jar:file:/C:/Users/Admin/.m2/repository/com/github/almasb/fxgl/11.17/fxgl-11.17.jar!/fxglassets/textures/fxgl_icon.png
20:06:46.105 [JavaFX Application Thread] DEBUG FXGLAssetLoaderServi - Loading from file system: jar:file:/C:/Users/Admin/.m2/repository/com/github/almasb/fxgl/11.17/fxgl-11.17.jar!/fxglassets/textures/fxgl_default_cursor.png
20:06:46.108 [JavaFX Application Thread] DEBUG Input                - Registered new binding: Screenshot - CTRL+8
20:06:46.108 [JavaFX Application Thread] DEBUG Input                - Registered new binding: System info dump - CTRL+9
20:06:46.109 [JavaFX Application Thread] DEBUG Input                - Registered new binding: Restart - CTRL+R
20:06:46.110 [JavaFX Application Thread] DEBUG Input                - Registered new binding: Toggle Debug Camera - CTRL+C
20:06:46.113 [JavaFX Application Thread] DEBUG LoopRunner           - Starting loop
20:06:46.113 [JavaFX Application Thread] DEBUG LoopRunner           - Initializing JavaFX AnimationTimerLoop
20:06:46.116 [JavaFX Application Thread] DEBUG GameApplicationServi - Starting new game
20:06:46.117 [JavaFX Application Thread] DEBUG Input                - Clearing active input actions
20:06:46.138 [JavaFX Application Thread] DEBUG GameApplicationServi - Removing overlay from FXGLStartupScene and adding to FXGLLoadingScene
20:06:46.139 [JavaFX Application Thread] DEBUG PrimaryStageWindow   - FXGLStartupScene -> FXGLLoadingScene
20:06:46.139 [JavaFX Application Thread] DEBUG GameApplicationServi - Clearing previous game
20:06:46.140 [JavaFX Application Thread] DEBUG GameScene            - Clearing game scene
20:06:46.140 [JavaFX Application Thread] DEBUG GameWorld            - Clearing game world
20:06:46.140 [JavaFX Application Thread] DEBUG PhysicsWorld         - Clearing physics world
20:06:46.142 [FXGL Background Thread 1 ] DEBUG FXGLApplication      - Initializing game
20:06:46.171 [FXGL Background Thread 1 ] DEBUG FXGLAssetLoaderServi - Loading from file system: file:/C:/Users/Admin/Desktop/Bomberman/target/classes/assets/textures/wall.png
20:06:46.276 [FXGL Background Thread 1 ] DEBUG FXGLAssetLoaderServi - Loading from file system: file:/C:/Users/Admin/Desktop/Bomberman/target/classes/assets/textures/player_die.png
20:06:46.279 [FXGL Background Thread 1 ] DEBUG FXGLAssetLoaderServi - Loading from file system: file:/C:/Users/Admin/Desktop/Bomberman/target/classes/assets/textures/player_down.png
20:06:46.281 [FXGL Background Thread 1 ] DEBUG FXGLAssetLoaderServi - Loading from file system: file:/C:/Users/Admin/Desktop/Bomberman/target/classes/assets/textures/player_right.png
20:06:46.282 [FXGL Background Thread 1 ] DEBUG FXGLAssetLoaderServi - Loading from file system: file:/C:/Users/Admin/Desktop/Bomberman/target/classes/assets/textures/player_up.png
20:06:46.283 [FXGL Background Thread 1 ] DEBUG FXGLAssetLoaderServi - Loading from file system: file:/C:/Users/Admin/Desktop/Bomberman/target/classes/assets/textures/player_left.png
20:06:46.293 [FXGL Background Thread 1 ] DEBUG FXGLAssetLoaderServi - Loading from file system: file:/C:/Users/Admin/Desktop/Bomberman/target/classes/assets/textures/brick.png
20:06:46.295 [FXGL Background Thread 1 ] DEBUG FXGLAssetLoaderServi - Loading from file system: file:/C:/Users/Admin/Desktop/Bomberman/target/classes/assets/textures/brick_break.png
20:06:46.304 [FXGL Background Thread 1 ] DEBUG FXGLAssetLoaderServi - Loading from file system: file:/C:/Users/Admin/Desktop/Bomberman/target/classes/assets/textures/enemy1.png
20:06:46.316 [FXGL Background Thread 1 ] DEBUG FXGLAssetLoaderServi - Loading from file system: file:/C:/Users/Admin/Desktop/Bomberman/target/classes/assets/textures/enemy2.png
20:06:46.364 [FXGL Background Thread 1 ] DEBUG FXGLAssetLoaderServi - Loading from file system: file:/C:/Users/Admin/Desktop/Bomberman/target/classes/assets/textures/portal.png
20:06:46.417 [FXGL Background Thread 1 ] DEBUG FXGLAssetLoaderServi - Loading from file system: file:/C:/Users/Admin/Desktop/Bomberman/target/classes/assets/textures/powerup_flames.png
20:06:46.450 [FXGL Background Thread 4 ] DEBUG FXGLAssetLoaderServi - Loading from file system: jar:file:/C:/Users/Admin/.m2/repository/com/github/almasb/fxgl/11.17/fxgl-11.17.jar!/fxglassets/ui/fonts/Abel-Regular.ttf
20:06:46.455 [FXGL Background Thread 4 ] DEBUG FXGLAssetLoaderServi - Loading from file system: jar:file:/C:/Users/Admin/.m2/repository/com/github/almasb/fxgl/11.17/fxgl-11.17.jar!/fxglassets/ui/fonts/lucida_console.ttf
20:06:46.461 [FXGL Background Thread 4 ] DEBUG FXGLAssetLoaderServi - Loading from file system: jar:file:/C:/Users/Admin/.m2/repository/com/github/almasb/fxgl/11.17/fxgl-11.17.jar!/fxglassets/ui/fonts/Courier-Prime.ttf
20:06:46.474 [FXGL Background Thread 1 ] DEBUG FXGLAssetLoaderServi - Loading from file system: file:/C:/Users/Admin/Desktop/Bomberman/target/classes/assets/textures/enemy3.png
20:06:46.474 [JavaFX Application Thread] DEBUG FXGLApplication      - Registering font factories with UI factory
20:06:46.500 [FXGL Background Thread 1 ] INFO  FXGLApplication      - Game initialization took: 0.358 sec
20:06:46.502 [JavaFX Application Thread] DEBUG Input                - Clearing active input actions
20:06:46.521 [JavaFX Application Thread] DEBUG GameApplicationServi - Removing overlay from FXGLLoadingScene and adding to GameScene
20:06:46.521 [JavaFX Application Thread] DEBUG PrimaryStageWindow   - FXGLLoadingScene -> GameScene
20:06:46.908 [FXGL Background Thread 2 ] INFO  UpdaterService       - Your current version:  11.17
20:06:46.908 [FXGL Background Thread 2 ] INFO  UpdaterService       - Latest stable version: 17.2
20:06:48.507 [JavaFX Application Thread] DEBUG FXGLApplication      - Exiting FXGL
20:06:48.507 [JavaFX Application Thread] DEBUG LoopRunner           - Stopping loop
20:06:48.507 [JavaFX Application Thread] DEBUG SystemBundleService  - Saving FXGL system data
20:06:48.510 [JavaFX Application Thread] DEBUG FileSystemAccess     - Writing to: C:\Users\Admin\Desktop\Bomberman\system\fxgl.bundle
20:06:48.513 [JavaFX Application Thread] DEBUG Async                - Shutting down background threads
20:06:48.513 [JavaFX Application Thread] DEBUG PrimaryStageWindow   - Closing main window
20:06:48.536 [JavaFX Application Thread] DEBUG Logger               - Closing Logger
