14:46:43.575 [main                     ] DEBUG Logger               - Configured Logger
14:46:43.595 [main                     ] DEBUG GameApplication      - Logging settings
Title: BOMBER
 MAN
Version: 1.0
Width: 1280
Height: 720
Fullscreen: true
Intro: false
Profiling: false
Single step:false
App Mode: DEVELOPER
Menu Key: ESCAPE
Stage Style: DECORATED
Scene Factory: class Bomberman.BombermanGame$1

14:46:44.028 [JavaFX Application Thread] DEBUG FXGLApplication      - Initializing FXGL
14:46:44.031 [JavaFX Application Thread] INFO  Engine               - FXGL-11.17 (16.07.2021 15.46) on WINDOWS (J:11.0.16.1 FX:16)
14:46:44.031 [JavaFX Application Thread] DEBUG Engine               - JRE Vendor Name: Oracle Corporation
14:46:44.031 [JavaFX Application Thread] DEBUG Engine               - Running on OS: Windows 11 version 10.0
14:46:44.032 [JavaFX Application Thread] DEBUG Engine               - Architecture: amd64
14:46:44.032 [JavaFX Application Thread] INFO  Engine               - Source code and latest versions at: https://github.com/AlmasB/FXGL
14:46:44.032 [JavaFX Application Thread] INFO  Engine               -              Join the FXGL chat at: https://gitter.im/AlmasB/FXGL
14:46:44.154 [JavaFX Application Thread] DEBUG PrimaryStageWindow   - Creating a JavaFX scene
14:46:44.216 [JavaFX Application Thread] DEBUG PrimaryStageWindow   - Target settings size: 1280.0 x 720.0
14:46:44.216 [JavaFX Application Thread] DEBUG PrimaryStageWindow   - Scaled scene size:    1280.0 x 720.0
14:46:44.216 [JavaFX Application Thread] DEBUG PrimaryStageWindow   - Scaled ratio: (1.0, 1.0)
14:46:44.218 [JavaFX Application Thread] DEBUG PrimaryStageWindow   - Set initial scene to FXGLStartupScene
14:46:44.228 [JavaFX Application Thread] DEBUG PrimaryStageWindow   - Opening main window
14:46:44.339 [JavaFX Application Thread] DEBUG PrimaryStageWindow   - Window border size: (13.0, 35.5)
14:46:44.339 [JavaFX Application Thread] DEBUG PrimaryStageWindow   - Scaled size: 1280.0 x 720.0
14:46:44.339 [JavaFX Application Thread] DEBUG PrimaryStageWindow   - Scaled ratio: (1.0, 1.0)
14:46:44.340 [JavaFX Application Thread] DEBUG PrimaryStageWindow   - Scene size: 1280.0 x 720.0
14:46:44.340 [JavaFX Application Thread] DEBUG PrimaryStageWindow   - Stage size: 1293.0 x 755.5
14:46:44.351 [FXGL Background Thread 1 ] DEBUG Engine               - Initializing environment variables
14:46:44.437 [FXGL Background Thread 1 ] DEBUG FXGLAssetLoaderServi - User app class for loading assets: class Bomberman.BombermanGame
14:46:44.437 [FXGL Background Thread 1 ] DEBUG GameApplicationServi - Applying CSS: fxgl_dark.css
14:46:44.438 [FXGL Background Thread 1 ] DEBUG FXGLAssetLoaderServi - Loading from file system: jar:file:/C:/Users/Admin/.m2/repository/com/github/almasb/fxgl/11.17/fxgl-11.17.jar!/fxglassets/ui/css/fxgl_dark.css
14:46:44.495 [FXGL Background Thread 1 ] DEBUG GameApplicationServi - Initializing application scenes
14:46:44.551 [FXGL Background Thread 1 ] DEBUG GameWorld            - Game world initialized
14:46:44.628 [FXGL Background Thread 1 ] DEBUG PhysicsWorld         - Physics world initialized: appHeight=720, physics.ppm=50.0
14:46:44.629 [FXGL Background Thread 1 ] DEBUG PhysicsWorld         - Using strategy: BRUTE_FORCE
14:46:44.632 [FXGL Background Thread 1 ] DEBUG GameScene            - Game scene initialized: 1280x720
14:46:44.816 [FXGL Background Thread 1 ] DEBUG GameApplicationServi - Application scenes initialized
14:46:44.831 [FXGL Background Thread 1 ] DEBUG SystemBundleService  - Loading FXGL system data
14:46:44.840 [FXGL Background Thread 1 ] DEBUG FileSystemAccess     - Reading from: C:\Users\Admin\Desktop\Bomberman\system\fxgl.bundle
14:46:44.856 [FXGL Background Thread 1 ] DEBUG SystemBundleService  - Bundle FXGL: {}
14:46:44.857 [FXGL Background Thread 1 ] DEBUG UpdaterService       - Checking for updates
14:46:44.872 [FXGL Background Thread 4 ] DEBUG FXGLApplication      - Loading fonts
14:46:44.873 [FXGL Background Thread 4 ] DEBUG FXGLAssetLoaderServi - Loading from file system: file:/C:/Users/Admin/Desktop/Bomberman/target/classes/assets/ui/fonts/game_font.ttf
14:46:44.873 [FXGL Background Thread 1 ] DEBUG FXGLApplication      - Loading default localization
14:46:44.875 [FXGL Background Thread 1 ] DEBUG FXGLAssetLoaderServi - Loading from file system: jar:file:/C:/Users/Admin/.m2/repository/com/github/almasb/fxgl/11.17/fxgl-11.17.jar!/fxglassets/languages/english.lang
14:46:44.910 [FXGL Background Thread 1 ] INFO  FXGLApplication      - FXGL initialization took: 0.559 sec
14:46:44.949 [JavaFX Application Thread] DEBUG Input                - Registered new binding: Move Left - A
14:46:44.950 [JavaFX Application Thread] DEBUG Input                - Registered new binding: Move Right - D
14:46:44.950 [JavaFX Application Thread] DEBUG Input                - Registered new binding: Move Up - W
14:46:44.951 [JavaFX Application Thread] DEBUG Input                - Registered new binding: Move Down - S
14:46:44.951 [JavaFX Application Thread] DEBUG Input                - Registered new binding: Place Bomb - Space
14:46:44.952 [JavaFX Application Thread] DEBUG Input                - Registered new binding: Switch to classic bomb - 1
14:46:44.952 [JavaFX Application Thread] DEBUG Input                - Registered new binding: Switch to lazer bomb - 2
14:46:44.953 [JavaFX Application Thread] DEBUG Input                - Registered new binding: Switch to light bomb - 3
14:46:44.953 [JavaFX Application Thread] DEBUG Input                - Registered new binding: Exit game - Delete
14:46:44.956 [JavaFX Application Thread] DEBUG FXGLAssetLoaderServi - Loading from file system: file:/C:/Users/Admin/Desktop/Bomberman/target/classes/assets/music/stage_theme.mp3
14:46:45.281 [JavaFX Application Thread] DEBUG AudioPlayer          - Playing music com.almasb.fxgl.audio.Music@27f83b7a
14:46:45.303 [JavaFX Application Thread] DEBUG FXGLAssetLoaderServi - Loading from file system: jar:file:/C:/Users/Admin/.m2/repository/com/github/almasb/fxgl/11.17/fxgl-11.17.jar!/fxglassets/textures/fxgl_icon.png
14:46:45.358 [JavaFX Application Thread] DEBUG FXGLAssetLoaderServi - Loading from file system: jar:file:/C:/Users/Admin/.m2/repository/com/github/almasb/fxgl/11.17/fxgl-11.17.jar!/fxglassets/textures/fxgl_default_cursor.png
14:46:45.363 [JavaFX Application Thread] DEBUG Input                - Registered new binding: Screenshot - CTRL+8
14:46:45.364 [JavaFX Application Thread] DEBUG Input                - Registered new binding: System info dump - CTRL+9
14:46:45.365 [JavaFX Application Thread] DEBUG Input                - Registered new binding: Restart - CTRL+R
14:46:45.366 [JavaFX Application Thread] DEBUG Input                - Registered new binding: Toggle Debug Camera - CTRL+C
14:46:45.376 [JavaFX Application Thread] DEBUG LoopRunner           - Starting loop
14:46:45.376 [JavaFX Application Thread] DEBUG LoopRunner           - Initializing JavaFX AnimationTimerLoop
14:46:45.383 [JavaFX Application Thread] DEBUG Input                - Clearing active input actions
14:46:45.405 [JavaFX Application Thread] DEBUG GameApplicationServi - Removing overlay from FXGLStartupScene and adding to FXGLMainMenuDummyScene
14:46:45.406 [JavaFX Application Thread] DEBUG PrimaryStageWindow   - FXGLStartupScene -> FXGLMainMenuDummyScene
14:46:45.406 [JavaFX Application Thread] DEBUG PrimaryStageWindow   - Push state: MainMenu
14:46:45.407 [JavaFX Application Thread] DEBUG Input                - Clearing active input actions
14:46:45.430 [JavaFX Application Thread] DEBUG GameApplicationServi - Removing overlay from FXGLMainMenuDummyScene and adding to MainMenu
14:46:45.431 [JavaFX Application Thread] DEBUG PrimaryStageWindow   - FXGLMainMenuDummyScene -> MainMenu
14:46:45.531 [FXGL Background Thread 4 ] DEBUG FXGLAssetLoaderServi - Loading from file system: jar:file:/C:/Users/Admin/.m2/repository/com/github/almasb/fxgl/11.17/fxgl-11.17.jar!/fxglassets/ui/fonts/Abel-Regular.ttf
14:46:45.536 [FXGL Background Thread 4 ] DEBUG FXGLAssetLoaderServi - Loading from file system: jar:file:/C:/Users/Admin/.m2/repository/com/github/almasb/fxgl/11.17/fxgl-11.17.jar!/fxglassets/ui/fonts/lucida_console.ttf
14:46:45.546 [FXGL Background Thread 4 ] DEBUG FXGLAssetLoaderServi - Loading from file system: jar:file:/C:/Users/Admin/.m2/repository/com/github/almasb/fxgl/11.17/fxgl-11.17.jar!/fxglassets/ui/fonts/Courier-Prime.ttf
14:46:45.585 [JavaFX Application Thread] DEBUG FXGLApplication      - Registering font factories with UI factory
14:46:46.047 [FXGL Background Thread 2 ] INFO  UpdaterService       - Your current version:  11.17
14:46:46.047 [FXGL Background Thread 2 ] INFO  UpdaterService       - Latest stable version: 17.2
14:46:47.393 [JavaFX Application Thread] DEBUG Menu                 - fireNewGame()
14:46:47.393 [JavaFX Application Thread] DEBUG GameApplicationServi - Starting new game
14:46:47.393 [JavaFX Application Thread] DEBUG PrimaryStageWindow   - Pop state: MainMenu
14:46:47.394 [JavaFX Application Thread] DEBUG Input                - Clearing active input actions
14:46:47.394 [JavaFX Application Thread] DEBUG GameApplicationServi - Removing overlay from MainMenu and adding to FXGLMainMenuDummyScene
14:46:47.395 [JavaFX Application Thread] DEBUG PrimaryStageWindow   - FXGLMainMenuDummyScene <- MainMenu
14:46:47.395 [JavaFX Application Thread] DEBUG Input                - Clearing active input actions
14:46:47.402 [JavaFX Application Thread] DEBUG GameApplicationServi - Removing overlay from FXGLMainMenuDummyScene and adding to FXGLLoadingScene
14:46:47.402 [JavaFX Application Thread] DEBUG PrimaryStageWindow   - FXGLMainMenuDummyScene -> FXGLLoadingScene
14:46:47.402 [JavaFX Application Thread] DEBUG GameApplicationServi - Clearing previous game
14:46:47.403 [JavaFX Application Thread] DEBUG GameScene            - Clearing game scene
14:46:47.403 [JavaFX Application Thread] DEBUG GameWorld            - Clearing game world
14:46:47.403 [JavaFX Application Thread] DEBUG PhysicsWorld         - Clearing physics world
14:46:47.404 [FXGL Background Thread 2 ] DEBUG FXGLApplication      - Initializing game
14:46:47.425 [FXGL Background Thread 2 ] DEBUG FXGLAssetLoaderServi - Loading from file system: file:/C:/Users/Admin/Desktop/Bomberman/target/classes/assets/textures/wall.png
14:46:47.499 [FXGL Background Thread 2 ] DEBUG FXGLAssetLoaderServi - Loading from file system: file:/C:/Users/Admin/Desktop/Bomberman/target/classes/assets/textures/player_die.png
14:46:47.502 [FXGL Background Thread 2 ] DEBUG FXGLAssetLoaderServi - Loading from file system: file:/C:/Users/Admin/Desktop/Bomberman/target/classes/assets/textures/player_down.png
14:46:47.504 [FXGL Background Thread 2 ] DEBUG FXGLAssetLoaderServi - Loading from file system: file:/C:/Users/Admin/Desktop/Bomberman/target/classes/assets/textures/player_right.png
14:46:47.506 [FXGL Background Thread 2 ] DEBUG FXGLAssetLoaderServi - Loading from file system: file:/C:/Users/Admin/Desktop/Bomberman/target/classes/assets/textures/player_up.png
14:46:47.508 [FXGL Background Thread 2 ] DEBUG FXGLAssetLoaderServi - Loading from file system: file:/C:/Users/Admin/Desktop/Bomberman/target/classes/assets/textures/player_left.png
14:46:47.520 [FXGL Background Thread 2 ] DEBUG FXGLAssetLoaderServi - Loading from file system: file:/C:/Users/Admin/Desktop/Bomberman/target/classes/assets/textures/brick.png
14:46:47.521 [FXGL Background Thread 2 ] DEBUG FXGLAssetLoaderServi - Loading from file system: file:/C:/Users/Admin/Desktop/Bomberman/target/classes/assets/textures/brick_break.png
14:46:47.527 [FXGL Background Thread 2 ] DEBUG FXGLAssetLoaderServi - Loading from file system: file:/C:/Users/Admin/Desktop/Bomberman/target/classes/assets/textures/enemy1.png
14:46:47.539 [FXGL Background Thread 2 ] DEBUG FXGLAssetLoaderServi - Loading from file system: file:/C:/Users/Admin/Desktop/Bomberman/target/classes/assets/textures/enemy2.png
14:46:47.570 [FXGL Background Thread 2 ] DEBUG FXGLAssetLoaderServi - Loading from file system: file:/C:/Users/Admin/Desktop/Bomberman/target/classes/assets/textures/portal.png
14:46:47.595 [FXGL Background Thread 2 ] DEBUG FXGLAssetLoaderServi - Loading from file system: file:/C:/Users/Admin/Desktop/Bomberman/target/classes/assets/textures/powerup_flames.png
14:46:47.639 [FXGL Background Thread 2 ] DEBUG FXGLAssetLoaderServi - Loading from file system: file:/C:/Users/Admin/Desktop/Bomberman/target/classes/assets/textures/enemy4.png
14:46:47.650 [FXGL Background Thread 2 ] DEBUG FXGLAssetLoaderServi - Loading from file system: file:/C:/Users/Admin/Desktop/Bomberman/target/classes/assets/textures/enemy3.png
14:46:47.674 [FXGL Background Thread 2 ] INFO  FXGLApplication      - Game initialization took: 0.271 sec
14:46:47.690 [JavaFX Application Thread] DEBUG Input                - Clearing active input actions
14:46:47.728 [JavaFX Application Thread] DEBUG GameApplicationServi - Removing overlay from FXGLLoadingScene and adding to GameScene
14:46:47.729 [JavaFX Application Thread] DEBUG PrimaryStageWindow   - FXGLLoadingScene -> GameScene
14:46:47.735 [JavaFX Application Thread] DEBUG FXGLAssetLoaderServi - Loading from file system: file:/C:/Users/Admin/Desktop/Bomberman/target/classes/assets/sounds/stage_start.wav
14:46:47.753 [JavaFX Application Thread] DEBUG PrimaryStageWindow   - Push state: StageStartScene
14:46:47.754 [JavaFX Application Thread] DEBUG Input                - Clearing active input actions
14:46:47.754 [JavaFX Application Thread] DEBUG GameApplicationServi - Removing overlay from GameScene and adding to StageStartScene
14:46:47.754 [JavaFX Application Thread] DEBUG PrimaryStageWindow   - GameScene -> StageStartScene
14:46:47.869 [FXGL Background Thread 3 ] DEBUG Engine               - Logging environment variables
14:46:47.870 [FXGL Background Thread 3 ] DEBUG Engine               - achievements: []
14:46:47.871 [FXGL Background Thread 3 ] DEBUG Engine               - actualHeight: 720.0
14:46:47.871 [FXGL Background Thread 3 ] DEBUG Engine               - actualHeightProperty: ReadOnlyDoubleProperty [value: 720.0]
14:46:47.871 [FXGL Background Thread 3 ] DEBUG Engine               - actualWidth: 1280.0
14:46:47.871 [FXGL Background Thread 3 ] DEBUG Engine               - actualWidthProperty: ReadOnlyDoubleProperty [value: 1280.0]
14:46:47.872 [FXGL Background Thread 3 ] DEBUG Engine               - appIcon: fxgl_icon.png
14:46:47.872 [FXGL Background Thread 3 ] DEBUG Engine               - applicationMode: DEVELOPER
14:46:47.872 [FXGL Background Thread 3 ] DEBUG Engine               - cSSList: [fxgl_dark.css]
14:46:47.872 [FXGL Background Thread 3 ] DEBUG Engine               - collisionDetectionStrategy: BRUTE_FORCE
14:46:47.873 [FXGL Background Thread 3 ] DEBUG Engine               - configClass: Optional.empty
14:46:47.873 [FXGL Background Thread 3 ] DEBUG Engine               - credits: []
14:46:47.873 [FXGL Background Thread 3 ] DEBUG Engine               - defaultCursor: CursorInfo(imageName=fxgl_default_cursor.png, hotspotX=7.0, hotspotY=6.0)
14:46:47.873 [FXGL Background Thread 3 ] DEBUG Engine               - devBBoxColorProperty: ObjectProperty [value: 0xff0000ff]
14:46:47.874 [FXGL Background Thread 3 ] DEBUG Engine               - devEnableDebugCameraProperty: BooleanProperty [value: false]
14:46:47.875 [FXGL Background Thread 3 ] DEBUG Engine               - devSensorColorProperty: ObjectProperty [value: 0xffff00ff]
14:46:47.875 [FXGL Background Thread 3 ] DEBUG Engine               - devShowBBoxProperty: BooleanProperty [value: false]
14:46:47.875 [FXGL Background Thread 3 ] DEBUG Engine               - devShowPositionProperty: BooleanProperty [value: false]
14:46:47.875 [FXGL Background Thread 3 ] DEBUG Engine               - enabledMenuItems: []
14:46:47.875 [FXGL Background Thread 3 ] DEBUG Engine               - engineServices: [class com.almasb.fxgl.app.services.FXGLAssetLoaderService, class com.almasb.fxgl.app.FXGLApplication$GameApplicationService, class com.almasb.fxgl.app.services.FXGLDialogService, class com.almasb.fxgl.app.services.IOTaskExecutorService, class com.almasb.fxgl.io.FileSystemService, class com.almasb.fxgl.localization.LocalizationService, class com.almasb.fxgl.app.services.SystemBundleService, class com.almasb.fxgl.profile.SaveLoadService, class com.almasb.fxgl.ui.FXGLUIFactoryServiceProvider, class com.almasb.fxgl.ui.FXGLDialogFactoryServiceProvider, class com.almasb.fxgl.audio.AudioPlayer, class com.almasb.fxgl.notification.impl.NotificationServiceProvider, class com.almasb.fxgl.achievement.AchievementService, class com.almasb.fxgl.cutscene.CutsceneService, class com.almasb.fxgl.minigames.MiniGameService, class com.almasb.fxgl.net.NetService, class com.almasb.fxgl.app.services.UpdaterService, class com.almasb.fxgl.dev.DevService]
14:46:47.876 [FXGL Background Thread 3 ] DEBUG Engine               - fontGame: Abel-Regular.ttf
14:46:47.876 [FXGL Background Thread 3 ] DEBUG Engine               - fontMono: lucida_console.ttf
14:46:47.876 [FXGL Background Thread 3 ] DEBUG Engine               - fontText: Courier-Prime.ttf
14:46:47.876 [FXGL Background Thread 3 ] DEBUG Engine               - fontUI: game_font.ttf
14:46:47.876 [FXGL Background Thread 3 ] DEBUG Engine               - fullScreen: BooleanProperty [value: false]
14:46:47.877 [FXGL Background Thread 3 ] DEBUG Engine               - gameDifficulty: MEDIUM
14:46:47.877 [FXGL Background Thread 3 ] DEBUG Engine               - gameDifficultyProperty: ObjectProperty [value: MEDIUM]
14:46:47.877 [FXGL Background Thread 3 ] DEBUG Engine               - globalMusicVolume: 0.5
14:46:47.877 [FXGL Background Thread 3 ] DEBUG Engine               - globalMusicVolumeProperty: DoubleProperty [value: 0.0]
14:46:47.878 [FXGL Background Thread 3 ] DEBUG Engine               - globalSoundVolume: 0.5
14:46:47.878 [FXGL Background Thread 3 ] DEBUG Engine               - globalSoundVolumeProperty: DoubleProperty [value: 0.5]
14:46:47.878 [FXGL Background Thread 3 ] DEBUG Engine               - height: 720
14:46:47.878 [FXGL Background Thread 3 ] DEBUG Engine               - is3D: false
14:46:47.878 [FXGL Background Thread 3 ] DEBUG Engine               - isAndroid: false
14:46:47.878 [FXGL Background Thread 3 ] DEBUG Engine               - isBrowser: false
14:46:47.878 [FXGL Background Thread 3 ] DEBUG Engine               - isClickFeedbackEnabled: false
14:46:47.878 [FXGL Background Thread 3 ] DEBUG Engine               - isCloseConfirmation: false
14:46:47.879 [FXGL Background Thread 3 ] DEBUG Engine               - isDesktop: true
14:46:47.879 [FXGL Background Thread 3 ] DEBUG Engine               - isDeveloperMenuEnabled: false
14:46:47.879 [FXGL Background Thread 3 ] DEBUG Engine               - isEntityPreloadEnabled: true
14:46:47.879 [FXGL Background Thread 3 ] DEBUG Engine               - isExperimentalTiledLargeMap: false
14:46:47.879 [FXGL Background Thread 3 ] DEBUG Engine               - isFileSystemWriteAllowed: true
14:46:47.879 [FXGL Background Thread 3 ] DEBUG Engine               - isFullScreenAllowed: true
14:46:47.879 [FXGL Background Thread 3 ] DEBUG Engine               - isFullScreenFromStart: false
14:46:47.879 [FXGL Background Thread 3 ] DEBUG Engine               - isGameMenuEnabled: true
14:46:47.879 [FXGL Background Thread 3 ] DEBUG Engine               - isIOS: false
14:46:47.879 [FXGL Background Thread 3 ] DEBUG Engine               - isIntroEnabled: false
14:46:47.879 [FXGL Background Thread 3 ] DEBUG Engine               - isLinux: false
14:46:47.879 [FXGL Background Thread 3 ] DEBUG Engine               - isMac: false
14:46:47.879 [FXGL Background Thread 3 ] DEBUG Engine               - isMainMenuEnabled: true
14:46:47.879 [FXGL Background Thread 3 ] DEBUG Engine               - isManualResizeEnabled: false
14:46:47.880 [FXGL Background Thread 3 ] DEBUG Engine               - isMobile: false
14:46:47.880 [FXGL Background Thread 3 ] DEBUG Engine               - isNative: false
14:46:47.880 [FXGL Background Thread 3 ] DEBUG Engine               - isPauseMusicWhenMinimized: true
14:46:47.880 [FXGL Background Thread 3 ] DEBUG Engine               - isPreserveResizeRatio: false
14:46:47.880 [FXGL Background Thread 3 ] DEBUG Engine               - isProfilingEnabled: false
14:46:47.880 [FXGL Background Thread 3 ] DEBUG Engine               - isScaleAffectedOnResize: true
14:46:47.880 [FXGL Background Thread 3 ] DEBUG Engine               - isSingleStep: false
14:46:47.880 [FXGL Background Thread 3 ] DEBUG Engine               - isUserProfileEnabled: false
14:46:47.880 [FXGL Background Thread 3 ] DEBUG Engine               - isWindows: true
14:46:47.880 [FXGL Background Thread 3 ] DEBUG Engine               - language: ObjectProperty [value: ENGLISH]
14:46:47.880 [FXGL Background Thread 3 ] DEBUG Engine               - menuKey: ESCAPE
14:46:47.880 [FXGL Background Thread 3 ] DEBUG Engine               - mouseSensitivity: 0.2
14:46:47.880 [FXGL Background Thread 3 ] DEBUG Engine               - notificationViewClass: class com.almasb.fxgl.notification.view.XboxNotificationView
14:46:47.880 [FXGL Background Thread 3 ] DEBUG Engine               - pixelsPerMeter: 50.0
14:46:47.880 [FXGL Background Thread 3 ] DEBUG Engine               - platform: WINDOWS
14:46:47.880 [FXGL Background Thread 3 ] DEBUG Engine               - prefHeightProperty: ReadOnlyDoubleProperty [value: 720.0]
14:46:47.880 [FXGL Background Thread 3 ] DEBUG Engine               - prefWidthProperty: ReadOnlyDoubleProperty [value: 1280.0]
14:46:47.880 [FXGL Background Thread 3 ] DEBUG Engine               - profileDir: profiles/
14:46:47.880 [FXGL Background Thread 3 ] DEBUG Engine               - profileName: StringProperty [value: DEFAULT]
14:46:47.881 [FXGL Background Thread 3 ] DEBUG Engine               - randomSeed: -1
14:46:47.881 [FXGL Background Thread 3 ] DEBUG Engine               - runtimeInfo: RuntimeInfo(platform=WINDOWS, version=11.17, build=16.07.2021 15.46)
14:46:47.881 [FXGL Background Thread 3 ] DEBUG Engine               - saveFileExt: sav
14:46:47.881 [FXGL Background Thread 3 ] DEBUG Engine               - scaledHeightProp$fxgl: DoubleProperty [bound, value: 720.0]
14:46:47.881 [FXGL Background Thread 3 ] DEBUG Engine               - scaledWidthProp$fxgl: DoubleProperty [bound, value: 1280.0]
14:46:47.881 [FXGL Background Thread 3 ] DEBUG Engine               - sceneFactory: Bomberman.BombermanGame$1@497eea81
14:46:47.881 [FXGL Background Thread 3 ] DEBUG Engine               - secondsIn24h: 60
14:46:47.881 [FXGL Background Thread 3 ] DEBUG Engine               - soundMenuBack: menu/back.wav
14:46:47.881 [FXGL Background Thread 3 ] DEBUG Engine               - soundMenuPress: menu/press.wav
14:46:47.881 [FXGL Background Thread 3 ] DEBUG Engine               - soundMenuSelect: menu/select.wav
14:46:47.881 [FXGL Background Thread 3 ] DEBUG Engine               - soundNotification: core/notification.wav
14:46:47.881 [FXGL Background Thread 3 ] DEBUG Engine               - stageStyle: DECORATED
14:46:47.881 [FXGL Background Thread 3 ] DEBUG Engine               - supportedLanguages: [ENGLISH, FRENCH, GERMAN, HUNGARIAN, RUSSIAN]
14:46:47.881 [FXGL Background Thread 3 ] DEBUG Engine               - ticksPerSecond: -1
14:46:47.881 [FXGL Background Thread 3 ] DEBUG Engine               - title: BOMBER
 MAN
14:46:47.881 [FXGL Background Thread 3 ] DEBUG Engine               - urlGithub: https://github.com/AlmasB/FXGL
14:46:47.881 [FXGL Background Thread 3 ] DEBUG Engine               - urlLeaderboard: http://fxgl-top.herokuapp.com/
14:46:47.881 [FXGL Background Thread 3 ] DEBUG Engine               - urlPOM: https://raw.githubusercontent.com/AlmasB/FXGL/release/README.md
14:46:47.881 [FXGL Background Thread 3 ] DEBUG Engine               - userAppClass: class Bomberman.BombermanGame
14:46:47.881 [FXGL Background Thread 3 ] DEBUG Engine               - version: 1.0
14:46:47.881 [FXGL Background Thread 3 ] DEBUG Engine               - versionCheckDays: 7
14:46:47.881 [FXGL Background Thread 3 ] DEBUG Engine               - width: 1280
14:46:47.881 [FXGL Background Thread 3 ] DEBUG Engine               - Logging services
14:46:47.882 [FXGL Background Thread 3 ] DEBUG Engine               - class com.almasb.fxgl.app.services.FXGLAssetLoaderService
14:46:47.882 [FXGL Background Thread 3 ] DEBUG Engine               - class com.almasb.fxgl.app.FXGLApplication$GameApplicationService
14:46:47.882 [FXGL Background Thread 3 ] DEBUG Engine               - class com.almasb.fxgl.app.services.FXGLDialogService
14:46:47.882 [FXGL Background Thread 3 ] DEBUG Engine               - class com.almasb.fxgl.app.services.IOTaskExecutorService
14:46:47.882 [FXGL Background Thread 3 ] DEBUG Engine               - class com.almasb.fxgl.io.FileSystemService
14:46:47.882 [FXGL Background Thread 3 ] DEBUG Engine               - class com.almasb.fxgl.localization.LocalizationService
14:46:47.882 [FXGL Background Thread 3 ] DEBUG Engine               - class com.almasb.fxgl.app.services.SystemBundleService
14:46:47.882 [FXGL Background Thread 3 ] DEBUG Engine               - class com.almasb.fxgl.profile.SaveLoadService
14:46:47.882 [FXGL Background Thread 3 ] DEBUG Engine               - class com.almasb.fxgl.ui.FXGLUIFactoryServiceProvider
14:46:47.882 [FXGL Background Thread 3 ] DEBUG Engine               - class com.almasb.fxgl.ui.FXGLDialogFactoryServiceProvider
14:46:47.882 [FXGL Background Thread 3 ] DEBUG Engine               - class com.almasb.fxgl.audio.AudioPlayer
14:46:47.882 [FXGL Background Thread 3 ] DEBUG Engine               - class com.almasb.fxgl.notification.impl.NotificationServiceProvider
14:46:47.882 [FXGL Background Thread 3 ] DEBUG Engine               - class com.almasb.fxgl.achievement.AchievementService
14:46:47.882 [FXGL Background Thread 3 ] DEBUG Engine               - class com.almasb.fxgl.cutscene.CutsceneService
14:46:47.882 [FXGL Background Thread 3 ] DEBUG Engine               - class com.almasb.fxgl.minigames.MiniGameService
14:46:47.882 [FXGL Background Thread 3 ] DEBUG Engine               - class com.almasb.fxgl.net.NetService
14:46:47.882 [FXGL Background Thread 3 ] DEBUG Engine               - class com.almasb.fxgl.app.services.UpdaterService
14:46:47.882 [FXGL Background Thread 3 ] DEBUG Engine               - class com.almasb.fxgl.dev.DevService
14:46:51.450 [JavaFX Application Thread] DEBUG PrimaryStageWindow   - Pop state: StageStartScene
14:46:51.450 [JavaFX Application Thread] DEBUG Input                - Clearing active input actions
14:46:51.451 [JavaFX Application Thread] DEBUG GameApplicationServi - Removing overlay from StageStartScene and adding to GameScene
14:46:51.451 [JavaFX Application Thread] DEBUG PrimaryStageWindow   - GameScene <- StageStartScene
14:47:05.109 [JavaFX Application Thread] DEBUG FXGLAssetLoaderServi - Loading from file system: file:/C:/Users/Admin/Desktop/Bomberman/target/classes/assets/sounds/place_bomb.wav
14:47:05.115 [JavaFX Application Thread] DEBUG FXGLAssetLoaderServi - Loading from file system: file:/C:/Users/Admin/Desktop/Bomberman/target/classes/assets/textures/bomb.png
14:47:07.115 [JavaFX Application Thread] DEBUG FXGLAssetLoaderServi - Loading from file system: file:/C:/Users/Admin/Desktop/Bomberman/target/classes/assets/sounds/explosion.wav
14:47:07.119 [JavaFX Application Thread] DEBUG FXGLAssetLoaderServi - Loading from file system: file:/C:/Users/Admin/Desktop/Bomberman/target/classes/assets/textures/central_flame.png
14:47:07.122 [JavaFX Application Thread] DEBUG FXGLAssetLoaderServi - Loading from file system: file:/C:/Users/Admin/Desktop/Bomberman/target/classes/assets/textures/top_up_flame.png
14:47:07.124 [JavaFX Application Thread] DEBUG FXGLAssetLoaderServi - Loading from file system: file:/C:/Users/Admin/Desktop/Bomberman/target/classes/assets/textures/top_down_flame.png
14:47:07.125 [JavaFX Application Thread] DEBUG FXGLAssetLoaderServi - Loading from file system: file:/C:/Users/Admin/Desktop/Bomberman/target/classes/assets/textures/top_right_flame.png
14:47:07.126 [JavaFX Application Thread] DEBUG FXGLAssetLoaderServi - Loading from file system: file:/C:/Users/Admin/Desktop/Bomberman/target/classes/assets/textures/top_left_flame.png
14:47:19.341 [JavaFX Application Thread] DEBUG FXGLAssetLoaderServi - Loading from file system: file:/C:/Users/Admin/Desktop/Bomberman/target/classes/assets/textures/right_flame.png
14:47:40.396 [JavaFX Application Thread] DEBUG LoopRunner           - Stopping loop
14:47:40.397 [JavaFX Application Thread] FATAL FXGLApplication      - Uncaught Exception:
java.lang.IllegalArgumentException: Component PlayerComponent not found!
	at com.almasb.fxgl.entity.Entity.getComponent(Entity.java:369)
	at Bomberman.Components.Bomb.BombComponent.explode(BombComponent.java:61)
	at Bomberman.Components.Bomb.ClassicBomb.explode(ClassicBomb.java:31)
	at Bomberman.Components.Bomb.BombComponent.lambda$new$0(BombComponent.java:41)
	at com.almasb.fxgl.time.TimerAction.update(TimerAction.kt:69)
	at com.almasb.fxgl.time.Timer.update(Timer.kt:38)
	at com.almasb.fxgl.scene.Scene.update(Scene.kt:104)
	at com.almasb.fxgl.app.MainWindow$update$1.invoke(MainWindow.kt:110)
	at com.almasb.fxgl.app.MainWindow$update$1.invoke(MainWindow.kt:110)
	at com.almasb.fxgl.core.fsm.StateMachine.runOnActiveStates(StateMachine.kt:69)
	at com.almasb.fxgl.app.MainWindow.update(MainWindow.kt:110)
	at com.almasb.fxgl.app.FXGLApplication$GameApplicationService.onUpdate(FXGLApplication.kt:426)
	at com.almasb.fxgl.app.Engine.loop(Engine.kt:133)
	at com.almasb.fxgl.app.Engine.access$loop(Engine.kt:24)
	at com.almasb.fxgl.app.Engine$loop$1.invoke(Engine.kt:28)
	at com.almasb.fxgl.app.Engine$loop$1.invoke(Engine.kt:28)
	at com.almasb.fxgl.app.LoopRunner.frame(LoopRunner.kt:103)
	at com.almasb.fxgl.app.LoopRunner.access$frame(LoopRunner.kt:23)
	at com.almasb.fxgl.app.LoopRunner$impl$2$1.onTick(LoopRunner.kt:57)
	at com.almasb.fxgl.app.AnimationTimerLoop$timer$1.handle(LoopRunner.kt:137)
	at javafx.animation.AnimationTimer$AnimationTimerReceiver.lambda$handle$0(AnimationTimer.java:57)
	at java.base/java.security.AccessController.doPrivileged(Native Method)
	at javafx.animation.AnimationTimer$AnimationTimerReceiver.handle(AnimationTimer.java:56)
	at com.sun.scenario.animation.AbstractPrimaryTimer.timePulseImpl(AbstractPrimaryTimer.java:356)
	at com.sun.scenario.animation.AbstractPrimaryTimer$MainLoop.run(AbstractPrimaryTimer.java:266)
	at com.sun.javafx.tk.quantum.QuantumToolkit.pulse(QuantumToolkit.java:559)
	at com.sun.javafx.tk.quantum.QuantumToolkit.pulse(QuantumToolkit.java:543)
	at com.sun.javafx.tk.quantum.QuantumToolkit.pulseFromQueue(QuantumToolkit.java:536)
	at com.sun.javafx.tk.quantum.QuantumToolkit.lambda$runToolkit$11(QuantumToolkit.java:342)
	at com.sun.glass.ui.InvokeLaterDispatcher$Future.run(InvokeLaterDispatcher.java:96)
	at com.sun.glass.ui.win.WinApplication._runLoop(Native Method)
	at com.sun.glass.ui.win.WinApplication.lambda$runLoop$3(WinApplication.java:174)
	at java.base/java.lang.Thread.run(Thread.java:834)

14:47:40.397 [JavaFX Application Thread] FATAL FXGLApplication      - Application will now exit
14:47:40.414 [JavaFX Application Thread] DEBUG PrimaryStageWindow   - Push state: ErrorSubScene
14:47:40.414 [JavaFX Application Thread] DEBUG Input                - Clearing active input actions
14:47:40.417 [JavaFX Application Thread] DEBUG GameApplicationServi - Removing overlay from GameScene and adding to ErrorSubScene
14:47:40.417 [JavaFX Application Thread] DEBUG PrimaryStageWindow   - GameScene -> ErrorSubScene
14:47:44.539 [JavaFX Application Thread] DEBUG FXGLApplication      - Exiting FXGL
14:47:44.539 [JavaFX Application Thread] DEBUG Async                - Shutting down background threads
14:47:44.539 [JavaFX Application Thread] DEBUG PrimaryStageWindow   - Closing main window
14:47:44.551 [JavaFX Application Thread] DEBUG Logger               - Closing Logger
