22:59:06.398 [main                     ] DEBUG Logger               - Configured Logger
22:59:06.402 [main                     ] DEBUG GameApplication      - Logging settings
Title: BOMBERMAN
Version: 1.0
Width: 1488
Height: 624
Fullscreen: true
Intro: false
Profiling: false
Single step:false
App Mode: DEVELOPER
Menu Key: ESCAPE
Stage Style: DECORATED
Scene Factory: class com.almasb.fxgl.app.scene.SceneFactory

22:59:06.825 [JavaFX Application Thread] DEBUG FXGLApplication      - Initializing FXGL
22:59:06.828 [JavaFX Application Thread] INFO  Engine               - FXGL-11.17 (16.07.2021 15.46) on WINDOWS (J:11.0.16.1 FX:16)
22:59:06.828 [JavaFX Application Thread] DEBUG Engine               - JRE Vendor Name: Oracle Corporation
22:59:06.828 [JavaFX Application Thread] DEBUG Engine               - Running on OS: Windows 11 version 10.0
22:59:06.828 [JavaFX Application Thread] DEBUG Engine               - Architecture: amd64
22:59:06.828 [JavaFX Application Thread] INFO  Engine               - Source code and latest versions at: https://github.com/AlmasB/FXGL
22:59:06.829 [JavaFX Application Thread] INFO  Engine               -              Join the FXGL chat at: https://gitter.im/AlmasB/FXGL
22:59:06.955 [JavaFX Application Thread] DEBUG PrimaryStageWindow   - Creating a JavaFX scene
22:59:06.955 [JavaFX Application Thread] DEBUG PrimaryStageWindow   - Target size > screen size
22:59:07.015 [JavaFX Application Thread] DEBUG PrimaryStageWindow   - Target settings size: 1488.0 x 624.0
22:59:07.015 [JavaFX Application Thread] DEBUG PrimaryStageWindow   - Scaled scene size:    1415.0 x 603.0
22:59:07.015 [JavaFX Application Thread] DEBUG PrimaryStageWindow   - Scaled ratio: (0.9509408602150538, 0.9663461538461539)
22:59:07.017 [JavaFX Application Thread] DEBUG PrimaryStageWindow   - Set initial scene to FXGLStartupScene
22:59:07.028 [JavaFX Application Thread] DEBUG PrimaryStageWindow   - Opening main window
22:59:07.143 [JavaFX Application Thread] DEBUG PrimaryStageWindow   - Window border size: (13.0, 35.5)
22:59:07.143 [JavaFX Application Thread] DEBUG PrimaryStageWindow   - Scaled size: 1415.0 x 603.0
22:59:07.144 [JavaFX Application Thread] DEBUG PrimaryStageWindow   - Scaled ratio: (0.9509408602150538, 0.9663461538461539)
22:59:07.144 [JavaFX Application Thread] DEBUG PrimaryStageWindow   - Scene size: 1415.0 x 603.0
22:59:07.144 [JavaFX Application Thread] DEBUG PrimaryStageWindow   - Stage size: 1428.0 x 638.5
22:59:07.155 [FXGL Background Thread 1 ] DEBUG Engine               - Initializing environment variables
22:59:07.243 [FXGL Background Thread 1 ] DEBUG FXGLAssetLoaderServi - User app class for loading assets: class Bomberman.BombermanGame
22:59:07.243 [FXGL Background Thread 1 ] DEBUG GameApplicationServi - Applying CSS: fxgl_dark.css
22:59:07.244 [FXGL Background Thread 1 ] DEBUG FXGLAssetLoaderServi - Loading from file system: jar:file:/C:/Users/Admin/.m2/repository/com/github/almasb/fxgl/11.17/fxgl-11.17.jar!/fxglassets/ui/css/fxgl_dark.css
22:59:07.300 [FXGL Background Thread 1 ] DEBUG GameApplicationServi - Initializing application scenes
22:59:07.352 [FXGL Background Thread 1 ] DEBUG GameWorld            - Game world initialized
22:59:07.426 [FXGL Background Thread 1 ] DEBUG PhysicsWorld         - Physics world initialized: appHeight=624, physics.ppm=50.0
22:59:07.427 [FXGL Background Thread 1 ] DEBUG PhysicsWorld         - Using strategy: BRUTE_FORCE
22:59:07.430 [FXGL Background Thread 1 ] DEBUG GameScene            - Game scene initialized: 1488x624
22:59:07.445 [FXGL Background Thread 1 ] DEBUG FXGL.DefaultMenu     - createMenuBodyGameMenu()
22:59:07.468 [FXGL Background Thread 1 ] DEBUG FXGL.DefaultMenu     - createOptionsMenu()
22:59:07.490 [FXGL Background Thread 1 ] DEBUG FXGLAssetLoaderServi - Loading from file system: jar:file:/C:/Users/Admin/.m2/repository/com/github/almasb/fxgl/11.17/fxgl-11.17.jar!/fxglassets/textures/particles/smoke.png
22:59:07.592 [FXGL Background Thread 1 ] DEBUG FXGLAssetLoaderServi - Loading from file system: jar:file:/C:/Users/Admin/.m2/repository/com/github/almasb/fxgl/11.17/fxgl-11.17.jar!/fxglassets/textures/particles/trace_horizontal.png
22:59:07.624 [FXGL Background Thread 1 ] DEBUG GameApplicationServi - Application scenes initialized
22:59:07.638 [FXGL Background Thread 1 ] DEBUG SystemBundleService  - Loading FXGL system data
22:59:07.642 [FXGL Background Thread 1 ] DEBUG FileSystemAccess     - Reading from: C:\Users\Admin\Desktop\Bomberman\system\fxgl.bundle
22:59:07.647 [FXGL Background Thread 1 ] DEBUG SystemBundleService  - Bundle FXGL: {}
22:59:07.648 [FXGL Background Thread 1 ] DEBUG UpdaterService       - Checking for updates
22:59:07.651 [FXGL Background Thread 4 ] DEBUG FXGLApplication      - Loading fonts
22:59:07.652 [FXGL Background Thread 1 ] DEBUG FXGLApplication      - Loading default localization
22:59:07.652 [FXGL Background Thread 4 ] DEBUG FXGLAssetLoaderServi - Loading from file system: jar:file:/C:/Users/Admin/.m2/repository/com/github/almasb/fxgl/11.17/fxgl-11.17.jar!/fxglassets/ui/fonts/VarelaRound-Regular.ttf
22:59:07.653 [FXGL Background Thread 1 ] DEBUG FXGLAssetLoaderServi - Loading from file system: jar:file:/C:/Users/Admin/.m2/repository/com/github/almasb/fxgl/11.17/fxgl-11.17.jar!/fxglassets/languages/english.lang
22:59:07.670 [FXGL Background Thread 1 ] INFO  FXGLApplication      - FXGL initialization took: 0.515 sec
22:59:07.685 [JavaFX Application Thread] DEBUG Input                - Registered new binding: Move Left - A
22:59:07.685 [JavaFX Application Thread] DEBUG Input                - Registered new binding: Move Right - D
22:59:07.685 [JavaFX Application Thread] DEBUG Input                - Registered new binding: Move Up - W
22:59:07.685 [JavaFX Application Thread] DEBUG Input                - Registered new binding: Move Down - S
22:59:07.686 [JavaFX Application Thread] DEBUG Input                - Registered new binding: Place Bomb - Space
22:59:07.686 [JavaFX Application Thread] DEBUG Input                - Registered new binding: Switch to classic bomb - 1
22:59:07.686 [JavaFX Application Thread] DEBUG Input                - Registered new binding: Switch to lazer bomb - 2
22:59:07.686 [JavaFX Application Thread] DEBUG Input                - Registered new binding: Switch to light bomb - 3
22:59:07.687 [JavaFX Application Thread] DEBUG FXGLAssetLoaderServi - Loading from file system: jar:file:/C:/Users/Admin/.m2/repository/com/github/almasb/fxgl/11.17/fxgl-11.17.jar!/fxglassets/textures/fxgl_icon.png
22:59:07.713 [JavaFX Application Thread] DEBUG FXGLAssetLoaderServi - Loading from file system: jar:file:/C:/Users/Admin/.m2/repository/com/github/almasb/fxgl/11.17/fxgl-11.17.jar!/fxglassets/textures/fxgl_default_cursor.png
22:59:07.717 [JavaFX Application Thread] DEBUG Input                - Registered new binding: Screenshot - CTRL+8
22:59:07.718 [JavaFX Application Thread] DEBUG Input                - Registered new binding: System info dump - CTRL+9
22:59:07.718 [JavaFX Application Thread] DEBUG Input                - Registered new binding: Restart - CTRL+R
22:59:07.719 [JavaFX Application Thread] DEBUG Input                - Registered new binding: Toggle Debug Camera - CTRL+C
22:59:07.722 [JavaFX Application Thread] DEBUG LoopRunner           - Starting loop
22:59:07.723 [JavaFX Application Thread] DEBUG LoopRunner           - Initializing JavaFX AnimationTimerLoop
22:59:07.726 [JavaFX Application Thread] DEBUG GameApplicationServi - Starting new game
22:59:07.727 [JavaFX Application Thread] DEBUG Input                - Clearing active input actions
22:59:07.763 [JavaFX Application Thread] DEBUG GameApplicationServi - Removing overlay from FXGLStartupScene and adding to FXGLLoadingScene
22:59:07.763 [JavaFX Application Thread] DEBUG PrimaryStageWindow   - FXGLStartupScene -> FXGLLoadingScene
22:59:07.764 [JavaFX Application Thread] DEBUG GameApplicationServi - Clearing previous game
22:59:07.764 [JavaFX Application Thread] DEBUG GameScene            - Clearing game scene
22:59:07.764 [JavaFX Application Thread] DEBUG GameWorld            - Clearing game world
22:59:07.765 [JavaFX Application Thread] DEBUG PhysicsWorld         - Clearing physics world
22:59:07.768 [FXGL Background Thread 1 ] DEBUG FXGLApplication      - Initializing game
22:59:07.801 [FXGL Background Thread 1 ] DEBUG FXGLAssetLoaderServi - Loading from file system: file:/C:/Users/Admin/Desktop/Bomberman/target/classes/assets/textures/wall.png
22:59:07.899 [FXGL Background Thread 1 ] DEBUG FXGLAssetLoaderServi - Loading from file system: file:/C:/Users/Admin/Desktop/Bomberman/target/classes/assets/textures/player_die.png
22:59:07.902 [FXGL Background Thread 1 ] DEBUG FXGLAssetLoaderServi - Loading from file system: file:/C:/Users/Admin/Desktop/Bomberman/target/classes/assets/textures/player_down.png
22:59:07.904 [FXGL Background Thread 1 ] DEBUG FXGLAssetLoaderServi - Loading from file system: file:/C:/Users/Admin/Desktop/Bomberman/target/classes/assets/textures/player_right.png
22:59:07.905 [FXGL Background Thread 1 ] DEBUG FXGLAssetLoaderServi - Loading from file system: file:/C:/Users/Admin/Desktop/Bomberman/target/classes/assets/textures/player_up.png
22:59:07.906 [FXGL Background Thread 1 ] DEBUG FXGLAssetLoaderServi - Loading from file system: file:/C:/Users/Admin/Desktop/Bomberman/target/classes/assets/textures/player_left.png
22:59:07.917 [FXGL Background Thread 1 ] DEBUG FXGLAssetLoaderServi - Loading from file system: file:/C:/Users/Admin/Desktop/Bomberman/target/classes/assets/textures/brick.png
22:59:07.919 [FXGL Background Thread 1 ] DEBUG FXGLAssetLoaderServi - Loading from file system: file:/C:/Users/Admin/Desktop/Bomberman/target/classes/assets/textures/brick_break.png
22:59:07.931 [FXGL Background Thread 1 ] DEBUG FXGLAssetLoaderServi - Loading from file system: file:/C:/Users/Admin/Desktop/Bomberman/target/classes/assets/textures/enemy1.png
22:59:07.948 [FXGL Background Thread 1 ] DEBUG FXGLAssetLoaderServi - Loading from file system: file:/C:/Users/Admin/Desktop/Bomberman/target/classes/assets/textures/enemy2.png
22:59:08.003 [FXGL Background Thread 1 ] DEBUG FXGLAssetLoaderServi - Loading from file system: file:/C:/Users/Admin/Desktop/Bomberman/target/classes/assets/textures/portal.png
22:59:08.040 [FXGL Background Thread 1 ] DEBUG FXGLAssetLoaderServi - Loading from file system: file:/C:/Users/Admin/Desktop/Bomberman/target/classes/assets/textures/powerup_flames.png
22:59:08.101 [FXGL Background Thread 1 ] DEBUG FXGLAssetLoaderServi - Loading from file system: file:/C:/Users/Admin/Desktop/Bomberman/target/classes/assets/textures/enemy3.png
22:59:08.138 [FXGL Background Thread 4 ] DEBUG FXGLAssetLoaderServi - Loading from file system: jar:file:/C:/Users/Admin/.m2/repository/com/github/almasb/fxgl/11.17/fxgl-11.17.jar!/fxglassets/ui/fonts/Abel-Regular.ttf
22:59:08.144 [FXGL Background Thread 4 ] DEBUG FXGLAssetLoaderServi - Loading from file system: jar:file:/C:/Users/Admin/.m2/repository/com/github/almasb/fxgl/11.17/fxgl-11.17.jar!/fxglassets/ui/fonts/lucida_console.ttf
22:59:08.148 [FXGL Background Thread 1 ] INFO  FXGLApplication      - Game initialization took: 0.379 sec
22:59:08.149 [JavaFX Application Thread] DEBUG Input                - Clearing active input actions
22:59:08.153 [FXGL Background Thread 4 ] DEBUG FXGLAssetLoaderServi - Loading from file system: jar:file:/C:/Users/Admin/.m2/repository/com/github/almasb/fxgl/11.17/fxgl-11.17.jar!/fxglassets/ui/fonts/Courier-Prime.ttf
22:59:08.172 [JavaFX Application Thread] DEBUG GameApplicationServi - Removing overlay from FXGLLoadingScene and adding to GameScene
22:59:08.172 [JavaFX Application Thread] DEBUG PrimaryStageWindow   - FXGLLoadingScene -> GameScene
22:59:08.239 [JavaFX Application Thread] DEBUG FXGLApplication      - Registering font factories with UI factory
22:59:08.498 [FXGL Background Thread 2 ] INFO  UpdaterService       - Your current version:  11.17
22:59:08.498 [FXGL Background Thread 2 ] INFO  UpdaterService       - Latest stable version: 17.2
22:59:10.651 [FXGL Background Thread 3 ] DEBUG Engine               - Logging environment variables
22:59:10.651 [FXGL Background Thread 3 ] DEBUG Engine               - achievements: []
22:59:10.651 [FXGL Background Thread 3 ] DEBUG Engine               - actualHeight: 603.0
22:59:10.651 [FXGL Background Thread 3 ] DEBUG Engine               - actualHeightProperty: ReadOnlyDoubleProperty [value: 603.0]
22:59:10.651 [FXGL Background Thread 3 ] DEBUG Engine               - actualWidth: 1415.0
22:59:10.651 [FXGL Background Thread 3 ] DEBUG Engine               - actualWidthProperty: ReadOnlyDoubleProperty [value: 1415.0]
22:59:10.651 [FXGL Background Thread 3 ] DEBUG Engine               - appIcon: fxgl_icon.png
22:59:10.651 [FXGL Background Thread 3 ] DEBUG Engine               - applicationMode: DEVELOPER
22:59:10.651 [FXGL Background Thread 3 ] DEBUG Engine               - cSSList: [fxgl_dark.css]
22:59:10.651 [FXGL Background Thread 3 ] DEBUG Engine               - collisionDetectionStrategy: BRUTE_FORCE
22:59:10.651 [FXGL Background Thread 3 ] DEBUG Engine               - configClass: Optional.empty
22:59:10.651 [FXGL Background Thread 3 ] DEBUG Engine               - credits: []
22:59:10.652 [FXGL Background Thread 3 ] DEBUG Engine               - defaultCursor: CursorInfo(imageName=fxgl_default_cursor.png, hotspotX=7.0, hotspotY=6.0)
22:59:10.652 [FXGL Background Thread 3 ] DEBUG Engine               - devBBoxColorProperty: ObjectProperty [value: 0xff0000ff]
22:59:10.652 [FXGL Background Thread 3 ] DEBUG Engine               - devEnableDebugCameraProperty: BooleanProperty [value: false]
22:59:10.652 [FXGL Background Thread 3 ] DEBUG Engine               - devSensorColorProperty: ObjectProperty [value: 0xffff00ff]
22:59:10.652 [FXGL Background Thread 3 ] DEBUG Engine               - devShowBBoxProperty: BooleanProperty [value: false]
22:59:10.652 [FXGL Background Thread 3 ] DEBUG Engine               - devShowPositionProperty: BooleanProperty [value: false]
22:59:10.652 [FXGL Background Thread 3 ] DEBUG Engine               - enabledMenuItems: []
22:59:10.652 [FXGL Background Thread 3 ] DEBUG Engine               - engineServices: [class com.almasb.fxgl.app.services.FXGLAssetLoaderService, class com.almasb.fxgl.app.FXGLApplication$GameApplicationService, class com.almasb.fxgl.app.services.FXGLDialogService, class com.almasb.fxgl.app.services.IOTaskExecutorService, class com.almasb.fxgl.io.FileSystemService, class com.almasb.fxgl.localization.LocalizationService, class com.almasb.fxgl.app.services.SystemBundleService, class com.almasb.fxgl.profile.SaveLoadService, class com.almasb.fxgl.ui.FXGLUIFactoryServiceProvider, class com.almasb.fxgl.ui.FXGLDialogFactoryServiceProvider, class com.almasb.fxgl.audio.AudioPlayer, class com.almasb.fxgl.notification.impl.NotificationServiceProvider, class com.almasb.fxgl.achievement.AchievementService, class com.almasb.fxgl.cutscene.CutsceneService, class com.almasb.fxgl.minigames.MiniGameService, class com.almasb.fxgl.net.NetService, class com.almasb.fxgl.app.services.UpdaterService, class com.almasb.fxgl.dev.DevService]
22:59:10.652 [FXGL Background Thread 3 ] DEBUG Engine               - fontGame: Abel-Regular.ttf
22:59:10.652 [FXGL Background Thread 3 ] DEBUG Engine               - fontMono: lucida_console.ttf
22:59:10.652 [FXGL Background Thread 3 ] DEBUG Engine               - fontText: Courier-Prime.ttf
22:59:10.652 [FXGL Background Thread 3 ] DEBUG Engine               - fontUI: VarelaRound-Regular.ttf
22:59:10.652 [FXGL Background Thread 3 ] DEBUG Engine               - fullScreen: BooleanProperty [value: false]
22:59:10.652 [FXGL Background Thread 3 ] DEBUG Engine               - gameDifficulty: MEDIUM
22:59:10.652 [FXGL Background Thread 3 ] DEBUG Engine               - gameDifficultyProperty: ObjectProperty [value: MEDIUM]
22:59:10.652 [FXGL Background Thread 3 ] DEBUG Engine               - globalMusicVolume: 0.5
22:59:10.652 [FXGL Background Thread 3 ] DEBUG Engine               - globalMusicVolumeProperty: DoubleProperty [value: 0.5]
22:59:10.652 [FXGL Background Thread 3 ] DEBUG Engine               - globalSoundVolume: 0.5
22:59:10.652 [FXGL Background Thread 3 ] DEBUG Engine               - globalSoundVolumeProperty: DoubleProperty [value: 0.5]
22:59:10.652 [FXGL Background Thread 3 ] DEBUG Engine               - height: 624
22:59:10.652 [FXGL Background Thread 3 ] DEBUG Engine               - is3D: false
22:59:10.653 [FXGL Background Thread 3 ] DEBUG Engine               - isAndroid: false
22:59:10.653 [FXGL Background Thread 3 ] DEBUG Engine               - isBrowser: false
22:59:10.653 [FXGL Background Thread 3 ] DEBUG Engine               - isClickFeedbackEnabled: false
22:59:10.653 [FXGL Background Thread 3 ] DEBUG Engine               - isCloseConfirmation: false
22:59:10.653 [FXGL Background Thread 3 ] DEBUG Engine               - isDesktop: true
22:59:10.653 [FXGL Background Thread 3 ] DEBUG Engine               - isDeveloperMenuEnabled: false
22:59:10.653 [FXGL Background Thread 3 ] DEBUG Engine               - isEntityPreloadEnabled: true
22:59:10.653 [FXGL Background Thread 3 ] DEBUG Engine               - isExperimentalTiledLargeMap: false
22:59:10.653 [FXGL Background Thread 3 ] DEBUG Engine               - isFileSystemWriteAllowed: true
22:59:10.653 [FXGL Background Thread 3 ] DEBUG Engine               - isFullScreenAllowed: true
22:59:10.653 [FXGL Background Thread 3 ] DEBUG Engine               - isFullScreenFromStart: false
22:59:10.653 [FXGL Background Thread 3 ] DEBUG Engine               - isGameMenuEnabled: true
22:59:10.653 [FXGL Background Thread 3 ] DEBUG Engine               - isIOS: false
22:59:10.653 [FXGL Background Thread 3 ] DEBUG Engine               - isIntroEnabled: false
22:59:10.653 [FXGL Background Thread 3 ] DEBUG Engine               - isLinux: false
22:59:10.653 [FXGL Background Thread 3 ] DEBUG Engine               - isMac: false
22:59:10.653 [FXGL Background Thread 3 ] DEBUG Engine               - isMainMenuEnabled: false
22:59:10.653 [FXGL Background Thread 3 ] DEBUG Engine               - isManualResizeEnabled: false
22:59:10.653 [FXGL Background Thread 3 ] DEBUG Engine               - isMobile: false
22:59:10.653 [FXGL Background Thread 3 ] DEBUG Engine               - isNative: false
22:59:10.653 [FXGL Background Thread 3 ] DEBUG Engine               - isPauseMusicWhenMinimized: true
22:59:10.653 [FXGL Background Thread 3 ] DEBUG Engine               - isPreserveResizeRatio: false
22:59:10.653 [FXGL Background Thread 3 ] DEBUG Engine               - isProfilingEnabled: false
22:59:10.653 [FXGL Background Thread 3 ] DEBUG Engine               - isScaleAffectedOnResize: true
22:59:10.653 [FXGL Background Thread 3 ] DEBUG Engine               - isSingleStep: false
22:59:10.653 [FXGL Background Thread 3 ] DEBUG Engine               - isUserProfileEnabled: false
22:59:10.653 [FXGL Background Thread 3 ] DEBUG Engine               - isWindows: true
22:59:10.653 [FXGL Background Thread 3 ] DEBUG Engine               - language: ObjectProperty [value: ENGLISH]
22:59:10.653 [FXGL Background Thread 3 ] DEBUG Engine               - menuKey: ESCAPE
22:59:10.653 [FXGL Background Thread 3 ] DEBUG Engine               - mouseSensitivity: 0.2
22:59:10.653 [FXGL Background Thread 3 ] DEBUG Engine               - notificationViewClass: class com.almasb.fxgl.notification.view.XboxNotificationView
22:59:10.653 [FXGL Background Thread 3 ] DEBUG Engine               - pixelsPerMeter: 50.0
22:59:10.654 [FXGL Background Thread 3 ] DEBUG Engine               - platform: WINDOWS
22:59:10.654 [FXGL Background Thread 3 ] DEBUG Engine               - prefHeightProperty: ReadOnlyDoubleProperty [value: 624.0]
22:59:10.654 [FXGL Background Thread 3 ] DEBUG Engine               - prefWidthProperty: ReadOnlyDoubleProperty [value: 1488.0]
22:59:10.654 [FXGL Background Thread 3 ] DEBUG Engine               - profileDir: profiles/
22:59:10.654 [FXGL Background Thread 3 ] DEBUG Engine               - profileName: StringProperty [value: DEFAULT]
22:59:10.654 [FXGL Background Thread 3 ] DEBUG Engine               - randomSeed: -1
22:59:10.654 [FXGL Background Thread 3 ] DEBUG Engine               - runtimeInfo: RuntimeInfo(platform=WINDOWS, version=11.17, build=16.07.2021 15.46)
22:59:10.654 [FXGL Background Thread 3 ] DEBUG Engine               - saveFileExt: sav
22:59:10.654 [FXGL Background Thread 3 ] DEBUG Engine               - scaledHeightProp$fxgl: DoubleProperty [bound, value: 603.0]
22:59:10.654 [FXGL Background Thread 3 ] DEBUG Engine               - scaledWidthProp$fxgl: DoubleProperty [bound, value: 1415.0]
22:59:10.654 [FXGL Background Thread 3 ] DEBUG Engine               - sceneFactory: com.almasb.fxgl.app.scene.SceneFactory@4d7f4da7
22:59:10.654 [FXGL Background Thread 3 ] DEBUG Engine               - secondsIn24h: 60
22:59:10.654 [FXGL Background Thread 3 ] DEBUG Engine               - soundMenuBack: menu/back.wav
22:59:10.654 [FXGL Background Thread 3 ] DEBUG Engine               - soundMenuPress: menu/press.wav
22:59:10.654 [FXGL Background Thread 3 ] DEBUG Engine               - soundMenuSelect: menu/select.wav
22:59:10.654 [FXGL Background Thread 3 ] DEBUG Engine               - soundNotification: core/notification.wav
22:59:10.654 [FXGL Background Thread 3 ] DEBUG Engine               - stageStyle: DECORATED
22:59:10.654 [FXGL Background Thread 3 ] DEBUG Engine               - supportedLanguages: [ENGLISH, FRENCH, GERMAN, HUNGARIAN, RUSSIAN]
22:59:10.654 [FXGL Background Thread 3 ] DEBUG Engine               - ticksPerSecond: -1
22:59:10.654 [FXGL Background Thread 3 ] DEBUG Engine               - title: BOMBERMAN
22:59:10.655 [FXGL Background Thread 3 ] DEBUG Engine               - urlGithub: https://github.com/AlmasB/FXGL
22:59:10.655 [FXGL Background Thread 3 ] DEBUG Engine               - urlLeaderboard: http://fxgl-top.herokuapp.com/
22:59:10.655 [FXGL Background Thread 3 ] DEBUG Engine               - urlPOM: https://raw.githubusercontent.com/AlmasB/FXGL/release/README.md
22:59:10.655 [FXGL Background Thread 3 ] DEBUG Engine               - userAppClass: class Bomberman.BombermanGame
22:59:10.655 [FXGL Background Thread 3 ] DEBUG Engine               - version: 1.0
22:59:10.655 [FXGL Background Thread 3 ] DEBUG Engine               - versionCheckDays: 7
22:59:10.655 [FXGL Background Thread 3 ] DEBUG Engine               - width: 1488
22:59:10.655 [FXGL Background Thread 3 ] DEBUG Engine               - Logging services
22:59:10.655 [FXGL Background Thread 3 ] DEBUG Engine               - class com.almasb.fxgl.app.services.FXGLAssetLoaderService
22:59:10.655 [FXGL Background Thread 3 ] DEBUG Engine               - class com.almasb.fxgl.app.FXGLApplication$GameApplicationService
22:59:10.655 [FXGL Background Thread 3 ] DEBUG Engine               - class com.almasb.fxgl.app.services.FXGLDialogService
22:59:10.655 [FXGL Background Thread 3 ] DEBUG Engine               - class com.almasb.fxgl.app.services.IOTaskExecutorService
22:59:10.655 [FXGL Background Thread 3 ] DEBUG Engine               - class com.almasb.fxgl.io.FileSystemService
22:59:10.655 [FXGL Background Thread 3 ] DEBUG Engine               - class com.almasb.fxgl.localization.LocalizationService
22:59:10.655 [FXGL Background Thread 3 ] DEBUG Engine               - class com.almasb.fxgl.app.services.SystemBundleService
22:59:10.655 [FXGL Background Thread 3 ] DEBUG Engine               - class com.almasb.fxgl.profile.SaveLoadService
22:59:10.655 [FXGL Background Thread 3 ] DEBUG Engine               - class com.almasb.fxgl.ui.FXGLUIFactoryServiceProvider
22:59:10.655 [FXGL Background Thread 3 ] DEBUG Engine               - class com.almasb.fxgl.ui.FXGLDialogFactoryServiceProvider
22:59:10.655 [FXGL Background Thread 3 ] DEBUG Engine               - class com.almasb.fxgl.audio.AudioPlayer
22:59:10.655 [FXGL Background Thread 3 ] DEBUG Engine               - class com.almasb.fxgl.notification.impl.NotificationServiceProvider
22:59:10.655 [FXGL Background Thread 3 ] DEBUG Engine               - class com.almasb.fxgl.achievement.AchievementService
22:59:10.655 [FXGL Background Thread 3 ] DEBUG Engine               - class com.almasb.fxgl.cutscene.CutsceneService
22:59:10.655 [FXGL Background Thread 3 ] DEBUG Engine               - class com.almasb.fxgl.minigames.MiniGameService
22:59:10.655 [FXGL Background Thread 3 ] DEBUG Engine               - class com.almasb.fxgl.net.NetService
22:59:10.655 [FXGL Background Thread 3 ] DEBUG Engine               - class com.almasb.fxgl.app.services.UpdaterService
22:59:10.655 [FXGL Background Thread 3 ] DEBUG Engine               - class com.almasb.fxgl.dev.DevService
22:59:22.295 [JavaFX Application Thread] DEBUG FXGLApplication      - Exiting FXGL
22:59:22.296 [JavaFX Application Thread] DEBUG LoopRunner           - Stopping loop
22:59:22.296 [JavaFX Application Thread] DEBUG SystemBundleService  - Saving FXGL system data
22:59:22.297 [JavaFX Application Thread] DEBUG FileSystemAccess     - Writing to: C:\Users\Admin\Desktop\Bomberman\system\fxgl.bundle
22:59:22.299 [JavaFX Application Thread] DEBUG Async                - Shutting down background threads
22:59:22.299 [JavaFX Application Thread] DEBUG PrimaryStageWindow   - Closing main window
22:59:22.310 [JavaFX Application Thread] DEBUG Logger               - Closing Logger
