15:55:24.560 [main                     ] DEBUG Logger               - Configured Logger
15:55:24.605 [main                     ] DEBUG GameApplication      - Logging settings
Title: BOMBER
 MAN
Version: 1.0
Width: 1280
Height: 720
Fullscreen: true
Intro: false
Profiling: false
Single step:false
App Mode: DEVELOPER
Menu Key: ESCAPE
Stage Style: DECORATED
Scene Factory: class Bomberman.BombermanGame$1

15:55:25.833 [JavaFX Application Thread] DEBUG FXGLApplication      - Initializing FXGL
15:55:25.841 [JavaFX Application Thread] INFO  Engine               - FXGL-11.17 (16.07.2021 15.46) on WINDOWS (J:11.0.16.1 FX:16)
15:55:25.841 [JavaFX Application Thread] DEBUG Engine               - JRE Vendor Name: Oracle Corporation
15:55:25.842 [JavaFX Application Thread] DEBUG Engine               - Running on OS: Windows 11 version 10.0
15:55:25.842 [JavaFX Application Thread] DEBUG Engine               - Architecture: amd64
15:55:25.843 [JavaFX Application Thread] INFO  Engine               - Source code and latest versions at: https://github.com/AlmasB/FXGL
15:55:25.843 [JavaFX Application Thread] INFO  Engine               -              Join the FXGL chat at: https://gitter.im/AlmasB/FXGL
15:55:26.090 [JavaFX Application Thread] DEBUG PrimaryStageWindow   - Creating a JavaFX scene
15:55:26.220 [JavaFX Application Thread] DEBUG PrimaryStageWindow   - Target settings size: 1280.0 x 720.0
15:55:26.221 [JavaFX Application Thread] DEBUG PrimaryStageWindow   - Scaled scene size:    1280.0 x 720.0
15:55:26.221 [JavaFX Application Thread] DEBUG PrimaryStageWindow   - Scaled ratio: (1.0, 1.0)
15:55:26.223 [JavaFX Application Thread] DEBUG PrimaryStageWindow   - Set initial scene to FXGLStartupScene
15:55:26.243 [JavaFX Application Thread] DEBUG PrimaryStageWindow   - Opening main window
15:55:26.441 [JavaFX Application Thread] DEBUG PrimaryStageWindow   - Window border size: (13.0, 35.5)
15:55:26.441 [JavaFX Application Thread] DEBUG PrimaryStageWindow   - Scaled size: 1280.0 x 720.0
15:55:26.442 [JavaFX Application Thread] DEBUG PrimaryStageWindow   - Scaled ratio: (1.0, 1.0)
15:55:26.442 [JavaFX Application Thread] DEBUG PrimaryStageWindow   - Scene size: 1280.0 x 720.0
15:55:26.442 [JavaFX Application Thread] DEBUG PrimaryStageWindow   - Stage size: 1293.0 x 755.5
15:55:26.459 [FXGL Background Thread 1 ] DEBUG Engine               - Initializing environment variables
15:55:26.585 [FXGL Background Thread 1 ] DEBUG FXGLAssetLoaderServi - User app class for loading assets: class Bomberman.BombermanGame
15:55:26.586 [FXGL Background Thread 1 ] DEBUG GameApplicationServi - Applying CSS: fxgl_dark.css
15:55:26.588 [FXGL Background Thread 1 ] DEBUG FXGLAssetLoaderServi - Loading from file system: jar:file:/C:/Users/Admin/.m2/repository/com/github/almasb/fxgl/11.17/fxgl-11.17.jar!/fxglassets/ui/css/fxgl_dark.css
15:55:26.685 [FXGL Background Thread 1 ] DEBUG GameApplicationServi - Initializing application scenes
15:55:26.758 [FXGL Background Thread 1 ] DEBUG GameWorld            - Game world initialized
15:55:26.854 [FXGL Background Thread 1 ] DEBUG PhysicsWorld         - Physics world initialized: appHeight=720, physics.ppm=50.0
15:55:26.855 [FXGL Background Thread 1 ] DEBUG PhysicsWorld         - Using strategy: BRUTE_FORCE
15:55:26.860 [FXGL Background Thread 1 ] DEBUG GameScene            - Game scene initialized: 1280x720
15:55:27.046 [FXGL Background Thread 1 ] DEBUG GameApplicationServi - Application scenes initialized
15:55:27.072 [FXGL Background Thread 1 ] DEBUG SystemBundleService  - Loading FXGL system data
15:55:27.083 [FXGL Background Thread 1 ] DEBUG FileSystemAccess     - Reading from: C:\Users\Admin\Desktop\Bomberman\system\fxgl.bundle
15:55:27.095 [FXGL Background Thread 1 ] DEBUG SystemBundleService  - Bundle FXGL: {}
15:55:27.095 [FXGL Background Thread 1 ] DEBUG UpdaterService       - Checking for updates
15:55:27.106 [FXGL Background Thread 4 ] DEBUG FXGLApplication      - Loading fonts
15:55:27.106 [FXGL Background Thread 1 ] DEBUG FXGLApplication      - Loading default localization
15:55:27.106 [FXGL Background Thread 4 ] DEBUG FXGLAssetLoaderServi - Loading from file system: file:/C:/Users/Admin/Desktop/Bomberman/target/classes/assets/ui/fonts/game_font.ttf
15:55:27.107 [FXGL Background Thread 1 ] DEBUG FXGLAssetLoaderServi - Loading from file system: jar:file:/C:/Users/Admin/.m2/repository/com/github/almasb/fxgl/11.17/fxgl-11.17.jar!/fxglassets/languages/english.lang
15:55:27.136 [FXGL Background Thread 1 ] INFO  FXGLApplication      - FXGL initialization took: 0.675 sec
15:55:27.163 [JavaFX Application Thread] DEBUG Input                - Registered new binding: Move Left - A
15:55:27.164 [JavaFX Application Thread] DEBUG Input                - Registered new binding: Move Right - D
15:55:27.164 [JavaFX Application Thread] DEBUG Input                - Registered new binding: Move Up - W
15:55:27.164 [JavaFX Application Thread] DEBUG Input                - Registered new binding: Move Down - S
15:55:27.164 [JavaFX Application Thread] DEBUG Input                - Registered new binding: Place Bomb - Space
15:55:27.165 [JavaFX Application Thread] DEBUG Input                - Registered new binding: Switch to classic bomb - 1
15:55:27.165 [JavaFX Application Thread] DEBUG Input                - Registered new binding: Switch to lazer bomb - 2
15:55:27.165 [JavaFX Application Thread] DEBUG Input                - Registered new binding: Switch to light bomb - 3
15:55:27.165 [JavaFX Application Thread] DEBUG Input                - Registered new binding: Next level - P
15:55:27.166 [JavaFX Application Thread] DEBUG Input                - Registered new binding: Developer Mode - O
15:55:27.168 [JavaFX Application Thread] DEBUG FXGLAssetLoaderServi - Loading from file system: file:/C:/Users/Admin/Desktop/Bomberman/target/classes/assets/music/stage_theme.mp3
15:55:27.438 [JavaFX Application Thread] DEBUG AudioPlayer          - Playing music com.almasb.fxgl.audio.Music@790e7e5
15:55:27.441 [JavaFX Application Thread] DEBUG FXGLAssetLoaderServi - Loading from file system: jar:file:/C:/Users/Admin/.m2/repository/com/github/almasb/fxgl/11.17/fxgl-11.17.jar!/fxglassets/textures/fxgl_icon.png
15:55:27.492 [JavaFX Application Thread] DEBUG FXGLAssetLoaderServi - Loading from file system: jar:file:/C:/Users/Admin/.m2/repository/com/github/almasb/fxgl/11.17/fxgl-11.17.jar!/fxglassets/textures/fxgl_default_cursor.png
15:55:27.497 [JavaFX Application Thread] DEBUG Input                - Registered new binding: Screenshot - CTRL+8
15:55:27.498 [JavaFX Application Thread] DEBUG Input                - Registered new binding: System info dump - CTRL+9
15:55:27.499 [JavaFX Application Thread] DEBUG Input                - Registered new binding: Restart - CTRL+R
15:55:27.499 [JavaFX Application Thread] DEBUG Input                - Registered new binding: Toggle Debug Camera - CTRL+C
15:55:27.504 [JavaFX Application Thread] DEBUG LoopRunner           - Starting loop
15:55:27.505 [JavaFX Application Thread] DEBUG LoopRunner           - Initializing JavaFX AnimationTimerLoop
15:55:27.511 [JavaFX Application Thread] DEBUG Input                - Clearing active input actions
15:55:27.527 [JavaFX Application Thread] DEBUG GameApplicationServi - Removing overlay from FXGLStartupScene and adding to FXGLMainMenuDummyScene
15:55:27.528 [JavaFX Application Thread] DEBUG PrimaryStageWindow   - FXGLStartupScene -> FXGLMainMenuDummyScene
15:55:27.528 [JavaFX Application Thread] DEBUG PrimaryStageWindow   - Push state: MainMenu
15:55:27.529 [JavaFX Application Thread] DEBUG Input                - Clearing active input actions
15:55:27.537 [JavaFX Application Thread] DEBUG GameApplicationServi - Removing overlay from FXGLMainMenuDummyScene and adding to MainMenu
15:55:27.538 [JavaFX Application Thread] DEBUG PrimaryStageWindow   - FXGLMainMenuDummyScene -> MainMenu
15:55:27.589 [FXGL Background Thread 4 ] DEBUG FXGLAssetLoaderServi - Loading from file system: jar:file:/C:/Users/Admin/.m2/repository/com/github/almasb/fxgl/11.17/fxgl-11.17.jar!/fxglassets/ui/fonts/Abel-Regular.ttf
15:55:27.603 [FXGL Background Thread 4 ] DEBUG FXGLAssetLoaderServi - Loading from file system: jar:file:/C:/Users/Admin/.m2/repository/com/github/almasb/fxgl/11.17/fxgl-11.17.jar!/fxglassets/ui/fonts/lucida_console.ttf
15:55:27.614 [FXGL Background Thread 4 ] DEBUG FXGLAssetLoaderServi - Loading from file system: jar:file:/C:/Users/Admin/.m2/repository/com/github/almasb/fxgl/11.17/fxgl-11.17.jar!/fxglassets/ui/fonts/Courier-Prime.ttf
15:55:27.659 [JavaFX Application Thread] DEBUG FXGLApplication      - Registering font factories with UI factory
15:55:28.401 [FXGL Background Thread 2 ] INFO  UpdaterService       - Your current version:  11.17
15:55:28.401 [FXGL Background Thread 2 ] INFO  UpdaterService       - Latest stable version: 17.2
15:55:30.104 [FXGL Background Thread 3 ] DEBUG Engine               - Logging environment variables
15:55:30.105 [FXGL Background Thread 3 ] DEBUG Engine               - achievements: []
15:55:30.105 [FXGL Background Thread 3 ] DEBUG Engine               - actualHeight: 720.0
15:55:30.106 [FXGL Background Thread 3 ] DEBUG Engine               - actualHeightProperty: ReadOnlyDoubleProperty [value: 720.0]
15:55:30.106 [FXGL Background Thread 3 ] DEBUG Engine               - actualWidth: 1280.0
15:55:30.106 [FXGL Background Thread 3 ] DEBUG Engine               - actualWidthProperty: ReadOnlyDoubleProperty [value: 1280.0]
15:55:30.106 [FXGL Background Thread 3 ] DEBUG Engine               - appIcon: fxgl_icon.png
15:55:30.106 [FXGL Background Thread 3 ] DEBUG Engine               - applicationMode: DEVELOPER
15:55:30.106 [FXGL Background Thread 3 ] DEBUG Engine               - cSSList: [fxgl_dark.css]
15:55:30.107 [FXGL Background Thread 3 ] DEBUG Engine               - collisionDetectionStrategy: BRUTE_FORCE
15:55:30.107 [FXGL Background Thread 3 ] DEBUG Engine               - configClass: Optional.empty
15:55:30.107 [FXGL Background Thread 3 ] DEBUG Engine               - credits: []
15:55:30.107 [FXGL Background Thread 3 ] DEBUG Engine               - defaultCursor: CursorInfo(imageName=fxgl_default_cursor.png, hotspotX=7.0, hotspotY=6.0)
15:55:30.107 [FXGL Background Thread 3 ] DEBUG Engine               - devBBoxColorProperty: ObjectProperty [value: 0xff0000ff]
15:55:30.108 [FXGL Background Thread 3 ] DEBUG Engine               - devEnableDebugCameraProperty: BooleanProperty [value: false]
15:55:30.108 [FXGL Background Thread 3 ] DEBUG Engine               - devSensorColorProperty: ObjectProperty [value: 0xffff00ff]
15:55:30.108 [FXGL Background Thread 3 ] DEBUG Engine               - devShowBBoxProperty: BooleanProperty [value: false]
15:55:30.108 [FXGL Background Thread 3 ] DEBUG Engine               - devShowPositionProperty: BooleanProperty [value: false]
15:55:30.108 [FXGL Background Thread 3 ] DEBUG Engine               - enabledMenuItems: []
15:55:30.108 [FXGL Background Thread 3 ] DEBUG Engine               - engineServices: [class com.almasb.fxgl.app.services.FXGLAssetLoaderService, class com.almasb.fxgl.app.FXGLApplication$GameApplicationService, class com.almasb.fxgl.app.services.FXGLDialogService, class com.almasb.fxgl.app.services.IOTaskExecutorService, class com.almasb.fxgl.io.FileSystemService, class com.almasb.fxgl.localization.LocalizationService, class com.almasb.fxgl.app.services.SystemBundleService, class com.almasb.fxgl.profile.SaveLoadService, class com.almasb.fxgl.ui.FXGLUIFactoryServiceProvider, class com.almasb.fxgl.ui.FXGLDialogFactoryServiceProvider, class com.almasb.fxgl.audio.AudioPlayer, class com.almasb.fxgl.notification.impl.NotificationServiceProvider, class com.almasb.fxgl.achievement.AchievementService, class com.almasb.fxgl.cutscene.CutsceneService, class com.almasb.fxgl.minigames.MiniGameService, class com.almasb.fxgl.net.NetService, class com.almasb.fxgl.app.services.UpdaterService, class com.almasb.fxgl.dev.DevService]
15:55:30.108 [FXGL Background Thread 3 ] DEBUG Engine               - fontGame: Abel-Regular.ttf
15:55:30.108 [FXGL Background Thread 3 ] DEBUG Engine               - fontMono: lucida_console.ttf
15:55:30.108 [FXGL Background Thread 3 ] DEBUG Engine               - fontText: Courier-Prime.ttf
15:55:30.109 [FXGL Background Thread 3 ] DEBUG Engine               - fontUI: game_font.ttf
15:55:30.109 [FXGL Background Thread 3 ] DEBUG Engine               - fullScreen: BooleanProperty [value: false]
15:55:30.109 [FXGL Background Thread 3 ] DEBUG Engine               - gameDifficulty: MEDIUM
15:55:30.109 [FXGL Background Thread 3 ] DEBUG Engine               - gameDifficultyProperty: ObjectProperty [value: MEDIUM]
15:55:30.109 [FXGL Background Thread 3 ] DEBUG Engine               - globalMusicVolume: 0.5
15:55:30.109 [FXGL Background Thread 3 ] DEBUG Engine               - globalMusicVolumeProperty: DoubleProperty [value: 0.5]
15:55:30.109 [FXGL Background Thread 3 ] DEBUG Engine               - globalSoundVolume: 0.5
15:55:30.109 [FXGL Background Thread 3 ] DEBUG Engine               - globalSoundVolumeProperty: DoubleProperty [value: 0.5]
15:55:30.109 [FXGL Background Thread 3 ] DEBUG Engine               - height: 720
15:55:30.109 [FXGL Background Thread 3 ] DEBUG Engine               - is3D: false
15:55:30.110 [FXGL Background Thread 3 ] DEBUG Engine               - isAndroid: false
15:55:30.110 [FXGL Background Thread 3 ] DEBUG Engine               - isBrowser: false
15:55:30.110 [FXGL Background Thread 3 ] DEBUG Engine               - isClickFeedbackEnabled: false
15:55:30.110 [FXGL Background Thread 3 ] DEBUG Engine               - isCloseConfirmation: false
15:55:30.110 [FXGL Background Thread 3 ] DEBUG Engine               - isDesktop: true
15:55:30.110 [FXGL Background Thread 3 ] DEBUG Engine               - isDeveloperMenuEnabled: false
15:55:30.110 [FXGL Background Thread 3 ] DEBUG Engine               - isEntityPreloadEnabled: true
15:55:30.110 [FXGL Background Thread 3 ] DEBUG Engine               - isExperimentalTiledLargeMap: false
15:55:30.110 [FXGL Background Thread 3 ] DEBUG Engine               - isFileSystemWriteAllowed: true
15:55:30.110 [FXGL Background Thread 3 ] DEBUG Engine               - isFullScreenAllowed: true
15:55:30.110 [FXGL Background Thread 3 ] DEBUG Engine               - isFullScreenFromStart: false
15:55:30.111 [FXGL Background Thread 3 ] DEBUG Engine               - isGameMenuEnabled: true
15:55:30.111 [FXGL Background Thread 3 ] DEBUG Engine               - isIOS: false
15:55:30.111 [FXGL Background Thread 3 ] DEBUG Engine               - isIntroEnabled: false
15:55:30.111 [FXGL Background Thread 3 ] DEBUG Engine               - isLinux: false
15:55:30.111 [FXGL Background Thread 3 ] DEBUG Engine               - isMac: false
15:55:30.111 [FXGL Background Thread 3 ] DEBUG Engine               - isMainMenuEnabled: true
15:55:30.111 [FXGL Background Thread 3 ] DEBUG Engine               - isManualResizeEnabled: false
15:55:30.111 [FXGL Background Thread 3 ] DEBUG Engine               - isMobile: false
15:55:30.111 [FXGL Background Thread 3 ] DEBUG Engine               - isNative: false
15:55:30.111 [FXGL Background Thread 3 ] DEBUG Engine               - isPauseMusicWhenMinimized: true
15:55:30.111 [FXGL Background Thread 3 ] DEBUG Engine               - isPreserveResizeRatio: false
15:55:30.112 [FXGL Background Thread 3 ] DEBUG Engine               - isProfilingEnabled: false
15:55:30.112 [FXGL Background Thread 3 ] DEBUG Engine               - isScaleAffectedOnResize: true
15:55:30.112 [FXGL Background Thread 3 ] DEBUG Engine               - isSingleStep: false
15:55:30.112 [FXGL Background Thread 3 ] DEBUG Engine               - isUserProfileEnabled: false
15:55:30.112 [FXGL Background Thread 3 ] DEBUG Engine               - isWindows: true
15:55:30.112 [FXGL Background Thread 3 ] DEBUG Engine               - language: ObjectProperty [value: ENGLISH]
15:55:30.112 [FXGL Background Thread 3 ] DEBUG Engine               - menuKey: ESCAPE
15:55:30.112 [FXGL Background Thread 3 ] DEBUG Engine               - mouseSensitivity: 0.2
15:55:30.113 [FXGL Background Thread 3 ] DEBUG Engine               - notificationViewClass: class com.almasb.fxgl.notification.view.XboxNotificationView
15:55:30.113 [FXGL Background Thread 3 ] DEBUG Engine               - pixelsPerMeter: 50.0
15:55:30.113 [FXGL Background Thread 3 ] DEBUG Engine               - platform: WINDOWS
15:55:30.113 [FXGL Background Thread 3 ] DEBUG Engine               - prefHeightProperty: ReadOnlyDoubleProperty [value: 720.0]
15:55:30.113 [FXGL Background Thread 3 ] DEBUG Engine               - prefWidthProperty: ReadOnlyDoubleProperty [value: 1280.0]
15:55:30.113 [FXGL Background Thread 3 ] DEBUG Engine               - profileDir: profiles/
15:55:30.113 [FXGL Background Thread 3 ] DEBUG Engine               - profileName: StringProperty [value: DEFAULT]
15:55:30.113 [FXGL Background Thread 3 ] DEBUG Engine               - randomSeed: -1
15:55:30.113 [FXGL Background Thread 3 ] DEBUG Engine               - runtimeInfo: RuntimeInfo(platform=WINDOWS, version=11.17, build=16.07.2021 15.46)
15:55:30.113 [FXGL Background Thread 3 ] DEBUG Engine               - saveFileExt: sav
15:55:30.113 [FXGL Background Thread 3 ] DEBUG Engine               - scaledHeightProp$fxgl: DoubleProperty [bound, value: 720.0]
15:55:30.114 [FXGL Background Thread 3 ] DEBUG Engine               - scaledWidthProp$fxgl: DoubleProperty [bound, value: 1280.0]
15:55:30.114 [FXGL Background Thread 3 ] DEBUG Engine               - sceneFactory: Bomberman.BombermanGame$1@868643
15:55:30.114 [FXGL Background Thread 3 ] DEBUG Engine               - secondsIn24h: 60
15:55:30.114 [FXGL Background Thread 3 ] DEBUG Engine               - soundMenuBack: menu/back.wav
15:55:30.114 [FXGL Background Thread 3 ] DEBUG Engine               - soundMenuPress: menu/press.wav
15:55:30.114 [FXGL Background Thread 3 ] DEBUG Engine               - soundMenuSelect: menu/select.wav
15:55:30.114 [FXGL Background Thread 3 ] DEBUG Engine               - soundNotification: core/notification.wav
15:55:30.114 [FXGL Background Thread 3 ] DEBUG Engine               - stageStyle: DECORATED
15:55:30.114 [FXGL Background Thread 3 ] DEBUG Engine               - supportedLanguages: [ENGLISH, FRENCH, GERMAN, HUNGARIAN, RUSSIAN]
15:55:30.114 [FXGL Background Thread 3 ] DEBUG Engine               - ticksPerSecond: -1
15:55:30.114 [FXGL Background Thread 3 ] DEBUG Engine               - title: BOMBER
 MAN
15:55:30.115 [FXGL Background Thread 3 ] DEBUG Engine               - urlGithub: https://github.com/AlmasB/FXGL
15:55:30.115 [FXGL Background Thread 3 ] DEBUG Engine               - urlLeaderboard: http://fxgl-top.herokuapp.com/
15:55:30.115 [FXGL Background Thread 3 ] DEBUG Engine               - urlPOM: https://raw.githubusercontent.com/AlmasB/FXGL/release/README.md
15:55:30.115 [FXGL Background Thread 3 ] DEBUG Engine               - userAppClass: class Bomberman.BombermanGame
15:55:30.115 [FXGL Background Thread 3 ] DEBUG Engine               - version: 1.0
15:55:30.115 [FXGL Background Thread 3 ] DEBUG Engine               - versionCheckDays: 7
15:55:30.115 [FXGL Background Thread 3 ] DEBUG Engine               - width: 1280
15:55:30.115 [FXGL Background Thread 3 ] DEBUG Engine               - Logging services
15:55:30.115 [FXGL Background Thread 3 ] DEBUG Engine               - class com.almasb.fxgl.app.services.FXGLAssetLoaderService
15:55:30.115 [FXGL Background Thread 3 ] DEBUG Engine               - class com.almasb.fxgl.app.FXGLApplication$GameApplicationService
15:55:30.115 [FXGL Background Thread 3 ] DEBUG Engine               - class com.almasb.fxgl.app.services.FXGLDialogService
15:55:30.115 [FXGL Background Thread 3 ] DEBUG Engine               - class com.almasb.fxgl.app.services.IOTaskExecutorService
15:55:30.115 [FXGL Background Thread 3 ] DEBUG Engine               - class com.almasb.fxgl.io.FileSystemService
15:55:30.115 [FXGL Background Thread 3 ] DEBUG Engine               - class com.almasb.fxgl.localization.LocalizationService
15:55:30.116 [FXGL Background Thread 3 ] DEBUG Engine               - class com.almasb.fxgl.app.services.SystemBundleService
15:55:30.116 [FXGL Background Thread 3 ] DEBUG Engine               - class com.almasb.fxgl.profile.SaveLoadService
15:55:30.116 [FXGL Background Thread 3 ] DEBUG Engine               - class com.almasb.fxgl.ui.FXGLUIFactoryServiceProvider
15:55:30.116 [FXGL Background Thread 3 ] DEBUG Engine               - class com.almasb.fxgl.ui.FXGLDialogFactoryServiceProvider
15:55:30.116 [FXGL Background Thread 3 ] DEBUG Engine               - class com.almasb.fxgl.audio.AudioPlayer
15:55:30.116 [FXGL Background Thread 3 ] DEBUG Engine               - class com.almasb.fxgl.notification.impl.NotificationServiceProvider
15:55:30.116 [FXGL Background Thread 3 ] DEBUG Engine               - class com.almasb.fxgl.achievement.AchievementService
15:55:30.116 [FXGL Background Thread 3 ] DEBUG Engine               - class com.almasb.fxgl.cutscene.CutsceneService
15:55:30.116 [FXGL Background Thread 3 ] DEBUG Engine               - class com.almasb.fxgl.minigames.MiniGameService
15:55:30.116 [FXGL Background Thread 3 ] DEBUG Engine               - class com.almasb.fxgl.net.NetService
15:55:30.116 [FXGL Background Thread 3 ] DEBUG Engine               - class com.almasb.fxgl.app.services.UpdaterService
15:55:30.116 [FXGL Background Thread 3 ] DEBUG Engine               - class com.almasb.fxgl.dev.DevService
15:55:36.116 [JavaFX Application Thread] DEBUG Menu                 - fireNewGame()
15:55:36.116 [JavaFX Application Thread] DEBUG GameApplicationServi - Starting new game
15:55:36.116 [JavaFX Application Thread] DEBUG PrimaryStageWindow   - Pop state: MainMenu
15:55:36.116 [JavaFX Application Thread] DEBUG Input                - Clearing active input actions
15:55:36.117 [JavaFX Application Thread] DEBUG GameApplicationServi - Removing overlay from MainMenu and adding to FXGLMainMenuDummyScene
15:55:36.117 [JavaFX Application Thread] DEBUG PrimaryStageWindow   - FXGLMainMenuDummyScene <- MainMenu
15:55:36.118 [JavaFX Application Thread] DEBUG Input                - Clearing active input actions
15:55:36.124 [JavaFX Application Thread] DEBUG GameApplicationServi - Removing overlay from FXGLMainMenuDummyScene and adding to FXGLLoadingScene
15:55:36.124 [JavaFX Application Thread] DEBUG PrimaryStageWindow   - FXGLMainMenuDummyScene -> FXGLLoadingScene
15:55:36.124 [JavaFX Application Thread] DEBUG GameApplicationServi - Clearing previous game
15:55:36.124 [JavaFX Application Thread] DEBUG GameScene            - Clearing game scene
15:55:36.124 [JavaFX Application Thread] DEBUG GameWorld            - Clearing game world
15:55:36.124 [JavaFX Application Thread] DEBUG PhysicsWorld         - Clearing physics world
15:55:36.126 [FXGL Background Thread 2 ] DEBUG FXGLApplication      - Initializing game
15:55:37.002 [FXGL Background Thread 2 ] DEBUG FXGLAssetLoaderServi - Loading from file system: file:/C:/Users/Admin/Desktop/Bomberman/target/classes/assets/textures/player_die.png
15:55:37.005 [FXGL Background Thread 2 ] DEBUG FXGLAssetLoaderServi - Loading from file system: file:/C:/Users/Admin/Desktop/Bomberman/target/classes/assets/textures/player_down.png
15:55:37.007 [FXGL Background Thread 2 ] DEBUG FXGLAssetLoaderServi - Loading from file system: file:/C:/Users/Admin/Desktop/Bomberman/target/classes/assets/textures/player_right.png
15:55:37.008 [FXGL Background Thread 2 ] DEBUG FXGLAssetLoaderServi - Loading from file system: file:/C:/Users/Admin/Desktop/Bomberman/target/classes/assets/textures/player_up.png
15:55:37.010 [FXGL Background Thread 2 ] DEBUG FXGLAssetLoaderServi - Loading from file system: file:/C:/Users/Admin/Desktop/Bomberman/target/classes/assets/textures/player_left.png
15:55:37.034 [FXGL Background Thread 2 ] DEBUG FXGLAssetLoaderServi - Loading from file system: file:/C:/Users/Admin/Desktop/Bomberman/target/classes/assets/textures/brick.png
15:55:37.035 [FXGL Background Thread 2 ] DEBUG FXGLAssetLoaderServi - Loading from file system: file:/C:/Users/Admin/Desktop/Bomberman/target/classes/assets/textures/brick_break.png
15:55:37.048 [FXGL Background Thread 2 ] DEBUG FXGLAssetLoaderServi - Loading from file system: file:/C:/Users/Admin/Desktop/Bomberman/target/classes/assets/textures/wall.png
15:55:37.075 [FXGL Background Thread 2 ] DEBUG FXGLAssetLoaderServi - Loading from file system: file:/C:/Users/Admin/Desktop/Bomberman/target/classes/assets/textures/powerup_bombs.png
15:55:37.104 [FXGL Background Thread 2 ] DEBUG FXGLAssetLoaderServi - Loading from file system: file:/C:/Users/Admin/Desktop/Bomberman/target/classes/assets/textures/powerup_flames.png
15:55:37.151 [FXGL Background Thread 2 ] DEBUG FXGLAssetLoaderServi - Loading from file system: file:/C:/Users/Admin/Desktop/Bomberman/target/classes/assets/textures/powerup_speed.png
15:55:37.231 [FXGL Background Thread 2 ] INFO  FXGLApplication      - Game initialization took: 1.105 sec
15:55:37.236 [JavaFX Application Thread] DEBUG Input                - Clearing active input actions
15:55:37.256 [JavaFX Application Thread] DEBUG GameApplicationServi - Removing overlay from FXGLLoadingScene and adding to GameScene
15:55:37.256 [JavaFX Application Thread] DEBUG PrimaryStageWindow   - FXGLLoadingScene -> GameScene
15:55:47.911 [JavaFX Application Thread] DEBUG FXGLAssetLoaderServi - Loading from file system: file:/C:/Users/Admin/Desktop/Bomberman/target/classes/assets/sounds/place_bomb.wav
15:55:47.928 [JavaFX Application Thread] DEBUG FXGLAssetLoaderServi - Loading from file system: file:/C:/Users/Admin/Desktop/Bomberman/target/classes/assets/textures/bomb.png
15:55:49.857 [JavaFX Application Thread] DEBUG FXGLAssetLoaderServi - Loading from file system: file:/C:/Users/Admin/Desktop/Bomberman/target/classes/assets/sounds/explosion.wav
15:55:49.866 [JavaFX Application Thread] DEBUG FXGLAssetLoaderServi - Loading from file system: file:/C:/Users/Admin/Desktop/Bomberman/target/classes/assets/textures/central_flame.png
15:55:49.869 [JavaFX Application Thread] DEBUG FXGLAssetLoaderServi - Loading from file system: file:/C:/Users/Admin/Desktop/Bomberman/target/classes/assets/textures/top_up_flame.png
15:55:49.872 [JavaFX Application Thread] DEBUG FXGLAssetLoaderServi - Loading from file system: file:/C:/Users/Admin/Desktop/Bomberman/target/classes/assets/textures/top_down_flame.png
15:55:49.874 [JavaFX Application Thread] DEBUG FXGLAssetLoaderServi - Loading from file system: file:/C:/Users/Admin/Desktop/Bomberman/target/classes/assets/textures/top_right_flame.png
15:55:49.876 [JavaFX Application Thread] DEBUG FXGLAssetLoaderServi - Loading from file system: file:/C:/Users/Admin/Desktop/Bomberman/target/classes/assets/textures/top_left_flame.png
15:55:56.220 [JavaFX Application Thread] DEBUG FXGLAssetLoaderServi - Loading from file system: file:/C:/Users/Admin/Desktop/Bomberman/target/classes/assets/sounds/powerup.wav
15:56:26.137 [JavaFX Application Thread] DEBUG FXGLAssetLoaderServi - Loading from file system: file:/C:/Users/Admin/Desktop/Bomberman/target/classes/assets/textures/right_flame.png
15:56:26.139 [JavaFX Application Thread] DEBUG FXGLAssetLoaderServi - Loading from file system: file:/C:/Users/Admin/Desktop/Bomberman/target/classes/assets/textures/left_flame.png
15:56:26.141 [JavaFX Application Thread] DEBUG FXGLAssetLoaderServi - Loading from file system: file:/C:/Users/Admin/Desktop/Bomberman/target/classes/assets/textures/down_flame.png
15:56:26.142 [JavaFX Application Thread] DEBUG FXGLAssetLoaderServi - Loading from file system: file:/C:/Users/Admin/Desktop/Bomberman/target/classes/assets/textures/up_flame.png
15:56:26.458 [JavaFX Application Thread] WARN  GameWorld            - Attempted to remove entity which is not active
15:56:26.518 [JavaFX Application Thread] WARN  GameWorld            - Attempted to remove entity which is not active
15:56:26.518 [JavaFX Application Thread] WARN  GameWorld            - Attempted to remove entity which is not active
15:56:29.726 [JavaFX Application Thread] DEBUG PrimaryStageWindow   - Push state: GameMenu
15:56:29.726 [JavaFX Application Thread] DEBUG Input                - Clearing active input actions
15:56:29.727 [JavaFX Application Thread] DEBUG GameApplicationServi - Removing overlay from GameScene and adding to GameMenu
15:56:29.727 [JavaFX Application Thread] DEBUG PrimaryStageWindow   - GameScene -> GameMenu
15:56:30.590 [JavaFX Application Thread] DEBUG Menu                 - fireExit()
15:56:30.595 [JavaFX Application Thread] DEBUG PrimaryStageWindow   - Push state: DialogSubScene
15:56:30.595 [JavaFX Application Thread] DEBUG Input                - Clearing active input actions
15:56:30.596 [JavaFX Application Thread] DEBUG GameApplicationServi - Removing overlay from GameMenu and adding to DialogSubScene
15:56:30.596 [JavaFX Application Thread] DEBUG PrimaryStageWindow   - GameMenu -> DialogSubScene
15:56:31.375 [JavaFX Application Thread] DEBUG PrimaryStageWindow   - Pop state: DialogSubScene
15:56:31.375 [JavaFX Application Thread] DEBUG Input                - Clearing active input actions
15:56:31.375 [JavaFX Application Thread] DEBUG GameApplicationServi - Removing overlay from DialogSubScene and adding to GameMenu
15:56:31.375 [JavaFX Application Thread] DEBUG PrimaryStageWindow   - GameMenu <- DialogSubScene
15:56:31.375 [JavaFX Application Thread] DEBUG FXGLApplication      - Exiting FXGL
15:56:31.375 [JavaFX Application Thread] DEBUG LoopRunner           - Stopping loop
15:56:31.376 [JavaFX Application Thread] DEBUG SystemBundleService  - Saving FXGL system data
15:56:31.377 [JavaFX Application Thread] DEBUG FileSystemAccess     - Writing to: C:\Users\Admin\Desktop\Bomberman\system\fxgl.bundle
15:56:31.379 [JavaFX Application Thread] DEBUG Async                - Shutting down background threads
15:56:31.379 [JavaFX Application Thread] DEBUG PrimaryStageWindow   - Closing main window
15:56:31.393 [JavaFX Application Thread] DEBUG Logger               - Closing Logger
