10:44:19.881 [main                     ] DEBUG Logger               - Configured Logger
10:44:19.901 [main                     ] DEBUG GameApplication      - Logging settings
Title: BOMBER
 MAN
Version: 1.0
Width: 1280
Height: 720
Fullscreen: true
Intro: false
Profiling: false
Single step:false
App Mode: DEVELOPER
Menu Key: ESCAPE
Stage Style: DECORATED
Scene Factory: class Bomberman.BombermanGame$1

10:44:20.357 [JavaFX Application Thread] DEBUG FXGLApplication      - Initializing FXGL
10:44:20.360 [JavaFX Application Thread] INFO  Engine               - FXGL-11.17 (16.07.2021 15.46) on WINDOWS (J:11.0.16.1 FX:16)
10:44:20.360 [JavaFX Application Thread] DEBUG Engine               - JRE Vendor Name: Oracle Corporation
10:44:20.361 [JavaFX Application Thread] DEBUG Engine               - Running on OS: Windows 11 version 10.0
10:44:20.361 [JavaFX Application Thread] DEBUG Engine               - Architecture: amd64
10:44:20.361 [JavaFX Application Thread] INFO  Engine               - Source code and latest versions at: https://github.com/AlmasB/FXGL
10:44:20.361 [JavaFX Application Thread] INFO  Engine               -              Join the FXGL chat at: https://gitter.im/AlmasB/FXGL
10:44:20.496 [JavaFX Application Thread] DEBUG PrimaryStageWindow   - Creating a JavaFX scene
10:44:20.563 [JavaFX Application Thread] DEBUG PrimaryStageWindow   - Target settings size: 1280.0 x 720.0
10:44:20.564 [JavaFX Application Thread] DEBUG PrimaryStageWindow   - Scaled scene size:    1280.0 x 720.0
10:44:20.564 [JavaFX Application Thread] DEBUG PrimaryStageWindow   - Scaled ratio: (1.0, 1.0)
10:44:20.566 [JavaFX Application Thread] DEBUG PrimaryStageWindow   - Set initial scene to FXGLStartupScene
10:44:20.578 [JavaFX Application Thread] DEBUG PrimaryStageWindow   - Opening main window
10:44:20.688 [JavaFX Application Thread] DEBUG PrimaryStageWindow   - Window border size: (13.0, 35.5)
10:44:20.688 [JavaFX Application Thread] DEBUG PrimaryStageWindow   - Scaled size: 1280.0 x 720.0
10:44:20.689 [JavaFX Application Thread] DEBUG PrimaryStageWindow   - Scaled ratio: (1.0, 1.0)
10:44:20.689 [JavaFX Application Thread] DEBUG PrimaryStageWindow   - Scene size: 1280.0 x 720.0
10:44:20.689 [JavaFX Application Thread] DEBUG PrimaryStageWindow   - Stage size: 1293.0 x 755.5
10:44:20.702 [FXGL Background Thread 1 ] DEBUG Engine               - Initializing environment variables
10:44:20.798 [FXGL Background Thread 1 ] DEBUG FXGLAssetLoaderServi - User app class for loading assets: class Bomberman.BombermanGame
10:44:20.798 [FXGL Background Thread 1 ] DEBUG GameApplicationServi - Applying CSS: fxgl_dark.css
10:44:20.799 [FXGL Background Thread 1 ] DEBUG FXGLAssetLoaderServi - Loading from file system: jar:file:/C:/Users/Admin/.m2/repository/com/github/almasb/fxgl/11.17/fxgl-11.17.jar!/fxglassets/ui/css/fxgl_dark.css
10:44:20.852 [FXGL Background Thread 1 ] DEBUG GameApplicationServi - Initializing application scenes
10:44:20.905 [FXGL Background Thread 1 ] DEBUG GameWorld            - Game world initialized
10:44:20.967 [FXGL Background Thread 1 ] DEBUG PhysicsWorld         - Physics world initialized: appHeight=720, physics.ppm=50.0
10:44:20.967 [FXGL Background Thread 1 ] DEBUG PhysicsWorld         - Using strategy: BRUTE_FORCE
10:44:20.970 [FXGL Background Thread 1 ] DEBUG GameScene            - Game scene initialized: 1280x720
10:44:21.121 [FXGL Background Thread 1 ] DEBUG GameApplicationServi - Application scenes initialized
10:44:21.134 [FXGL Background Thread 1 ] DEBUG SystemBundleService  - Loading FXGL system data
10:44:21.139 [FXGL Background Thread 1 ] DEBUG FileSystemAccess     - Reading from: C:\Users\Admin\Desktop\Bomberman\system\fxgl.bundle
10:44:21.146 [FXGL Background Thread 1 ] DEBUG SystemBundleService  - Bundle FXGL: {}
10:44:21.146 [FXGL Background Thread 1 ] DEBUG UpdaterService       - Checking for updates
10:44:21.152 [FXGL Background Thread 4 ] DEBUG FXGLApplication      - Loading fonts
10:44:21.153 [FXGL Background Thread 4 ] DEBUG FXGLAssetLoaderServi - Loading from file system: file:/C:/Users/Admin/Desktop/Bomberman/target/classes/assets/ui/fonts/game_font.ttf
10:44:21.153 [FXGL Background Thread 1 ] DEBUG FXGLApplication      - Loading default localization
10:44:21.154 [FXGL Background Thread 1 ] DEBUG FXGLAssetLoaderServi - Loading from file system: jar:file:/C:/Users/Admin/.m2/repository/com/github/almasb/fxgl/11.17/fxgl-11.17.jar!/fxglassets/languages/english.lang
10:44:21.173 [FXGL Background Thread 1 ] INFO  FXGLApplication      - FXGL initialization took: 0.470 sec
10:44:21.195 [JavaFX Application Thread] DEBUG Input                - Registered new binding: Move Left - A
10:44:21.196 [JavaFX Application Thread] DEBUG Input                - Registered new binding: Move Right - D
10:44:21.196 [JavaFX Application Thread] DEBUG Input                - Registered new binding: Move Up - W
10:44:21.197 [JavaFX Application Thread] DEBUG Input                - Registered new binding: Move Down - S
10:44:21.197 [JavaFX Application Thread] DEBUG Input                - Registered new binding: Place Bomb - Space
10:44:21.197 [JavaFX Application Thread] DEBUG Input                - Registered new binding: Switch to classic bomb - 1
10:44:21.197 [JavaFX Application Thread] DEBUG Input                - Registered new binding: Switch to lazer bomb - 2
10:44:21.197 [JavaFX Application Thread] DEBUG Input                - Registered new binding: Switch to light bomb - 3
10:44:21.199 [JavaFX Application Thread] DEBUG FXGLAssetLoaderServi - Loading from file system: file:/C:/Users/Admin/Desktop/Bomberman/target/classes/assets/music/stage_theme.mp3
10:44:21.453 [JavaFX Application Thread] DEBUG AudioPlayer          - Playing music com.almasb.fxgl.audio.Music@5d191c86
10:44:21.455 [JavaFX Application Thread] DEBUG FXGLAssetLoaderServi - Loading from file system: jar:file:/C:/Users/Admin/.m2/repository/com/github/almasb/fxgl/11.17/fxgl-11.17.jar!/fxglassets/textures/fxgl_icon.png
10:44:21.498 [JavaFX Application Thread] DEBUG FXGLAssetLoaderServi - Loading from file system: jar:file:/C:/Users/Admin/.m2/repository/com/github/almasb/fxgl/11.17/fxgl-11.17.jar!/fxglassets/textures/fxgl_default_cursor.png
10:44:21.504 [JavaFX Application Thread] DEBUG Input                - Registered new binding: Screenshot - CTRL+8
10:44:21.505 [JavaFX Application Thread] DEBUG Input                - Registered new binding: System info dump - CTRL+9
10:44:21.506 [JavaFX Application Thread] DEBUG Input                - Registered new binding: Restart - CTRL+R
10:44:21.508 [JavaFX Application Thread] DEBUG Input                - Registered new binding: Toggle Debug Camera - CTRL+C
10:44:21.513 [JavaFX Application Thread] DEBUG LoopRunner           - Starting loop
10:44:21.513 [JavaFX Application Thread] DEBUG LoopRunner           - Initializing JavaFX AnimationTimerLoop
10:44:21.518 [JavaFX Application Thread] DEBUG Input                - Clearing active input actions
10:44:21.537 [JavaFX Application Thread] DEBUG GameApplicationServi - Removing overlay from FXGLStartupScene and adding to FXGLMainMenuDummyScene
10:44:21.538 [JavaFX Application Thread] DEBUG PrimaryStageWindow   - FXGLStartupScene -> FXGLMainMenuDummyScene
10:44:21.538 [JavaFX Application Thread] DEBUG PrimaryStageWindow   - Push state: MainMenu
10:44:21.539 [JavaFX Application Thread] DEBUG Input                - Clearing active input actions
10:44:21.547 [JavaFX Application Thread] DEBUG GameApplicationServi - Removing overlay from FXGLMainMenuDummyScene and adding to MainMenu
10:44:21.548 [JavaFX Application Thread] DEBUG PrimaryStageWindow   - FXGLMainMenuDummyScene -> MainMenu
10:44:21.764 [FXGL Background Thread 4 ] DEBUG FXGLAssetLoaderServi - Loading from file system: jar:file:/C:/Users/Admin/.m2/repository/com/github/almasb/fxgl/11.17/fxgl-11.17.jar!/fxglassets/ui/fonts/Abel-Regular.ttf
10:44:21.772 [FXGL Background Thread 4 ] DEBUG FXGLAssetLoaderServi - Loading from file system: jar:file:/C:/Users/Admin/.m2/repository/com/github/almasb/fxgl/11.17/fxgl-11.17.jar!/fxglassets/ui/fonts/lucida_console.ttf
10:44:21.787 [FXGL Background Thread 4 ] DEBUG FXGLAssetLoaderServi - Loading from file system: jar:file:/C:/Users/Admin/.m2/repository/com/github/almasb/fxgl/11.17/fxgl-11.17.jar!/fxglassets/ui/fonts/Courier-Prime.ttf
10:44:21.800 [JavaFX Application Thread] DEBUG FXGLApplication      - Registering font factories with UI factory
10:44:22.344 [FXGL Background Thread 2 ] INFO  UpdaterService       - Your current version:  11.17
10:44:22.345 [FXGL Background Thread 2 ] INFO  UpdaterService       - Latest stable version: 17.2
10:44:22.536 [JavaFX Application Thread] DEBUG Menu                 - fireNewGame()
10:44:22.536 [JavaFX Application Thread] DEBUG GameApplicationServi - Starting new game
10:44:22.536 [JavaFX Application Thread] DEBUG PrimaryStageWindow   - Pop state: MainMenu
10:44:22.536 [JavaFX Application Thread] DEBUG Input                - Clearing active input actions
10:44:22.537 [JavaFX Application Thread] DEBUG GameApplicationServi - Removing overlay from MainMenu and adding to FXGLMainMenuDummyScene
10:44:22.537 [JavaFX Application Thread] DEBUG PrimaryStageWindow   - FXGLMainMenuDummyScene <- MainMenu
10:44:22.537 [JavaFX Application Thread] DEBUG Input                - Clearing active input actions
10:44:22.545 [JavaFX Application Thread] DEBUG GameApplicationServi - Removing overlay from FXGLMainMenuDummyScene and adding to FXGLLoadingScene
10:44:22.545 [JavaFX Application Thread] DEBUG PrimaryStageWindow   - FXGLMainMenuDummyScene -> FXGLLoadingScene
10:44:22.545 [JavaFX Application Thread] DEBUG GameApplicationServi - Clearing previous game
10:44:22.545 [JavaFX Application Thread] DEBUG GameScene            - Clearing game scene
10:44:22.546 [JavaFX Application Thread] DEBUG GameWorld            - Clearing game world
10:44:22.546 [JavaFX Application Thread] DEBUG PhysicsWorld         - Clearing physics world
10:44:22.547 [FXGL Background Thread 2 ] DEBUG FXGLApplication      - Initializing game
10:44:22.568 [FXGL Background Thread 2 ] DEBUG FXGLAssetLoaderServi - Loading from file system: file:/C:/Users/Admin/Desktop/Bomberman/target/classes/assets/textures/wall.png
10:44:22.637 [FXGL Background Thread 2 ] DEBUG FXGLAssetLoaderServi - Loading from file system: file:/C:/Users/Admin/Desktop/Bomberman/target/classes/assets/textures/player_die.png
10:44:22.641 [FXGL Background Thread 2 ] DEBUG FXGLAssetLoaderServi - Loading from file system: file:/C:/Users/Admin/Desktop/Bomberman/target/classes/assets/textures/player_down.png
10:44:22.643 [FXGL Background Thread 2 ] DEBUG FXGLAssetLoaderServi - Loading from file system: file:/C:/Users/Admin/Desktop/Bomberman/target/classes/assets/textures/player_right.png
10:44:22.645 [FXGL Background Thread 2 ] DEBUG FXGLAssetLoaderServi - Loading from file system: file:/C:/Users/Admin/Desktop/Bomberman/target/classes/assets/textures/player_up.png
10:44:22.647 [FXGL Background Thread 2 ] DEBUG FXGLAssetLoaderServi - Loading from file system: file:/C:/Users/Admin/Desktop/Bomberman/target/classes/assets/textures/player_left.png
10:44:22.654 [FXGL Background Thread 2 ] DEBUG FXGLAssetLoaderServi - Loading from file system: file:/C:/Users/Admin/Desktop/Bomberman/target/classes/assets/textures/powerup_bombs.png
10:44:22.657 [FXGL Background Thread 2 ] DEBUG FXGLAssetLoaderServi - Loading from file system: file:/C:/Users/Admin/Desktop/Bomberman/target/classes/assets/textures/brick.png
10:44:22.658 [FXGL Background Thread 2 ] DEBUG FXGLAssetLoaderServi - Loading from file system: file:/C:/Users/Admin/Desktop/Bomberman/target/classes/assets/textures/brick_break.png
10:44:22.665 [FXGL Background Thread 2 ] DEBUG FXGLAssetLoaderServi - Loading from file system: file:/C:/Users/Admin/Desktop/Bomberman/target/classes/assets/textures/enemy1.png
10:44:22.676 [FXGL Background Thread 2 ] DEBUG FXGLAssetLoaderServi - Loading from file system: file:/C:/Users/Admin/Desktop/Bomberman/target/classes/assets/textures/enemy2.png
10:44:22.713 [FXGL Background Thread 2 ] DEBUG FXGLAssetLoaderServi - Loading from file system: file:/C:/Users/Admin/Desktop/Bomberman/target/classes/assets/textures/portal.png
10:44:22.737 [FXGL Background Thread 2 ] DEBUG FXGLAssetLoaderServi - Loading from file system: file:/C:/Users/Admin/Desktop/Bomberman/target/classes/assets/textures/powerup_flames.png
10:44:22.785 [FXGL Background Thread 2 ] DEBUG FXGLAssetLoaderServi - Loading from file system: file:/C:/Users/Admin/Desktop/Bomberman/target/classes/assets/textures/powerup_speed.png
10:44:22.838 [FXGL Background Thread 2 ] INFO  FXGLApplication      - Game initialization took: 0.291 sec
10:44:22.840 [JavaFX Application Thread] DEBUG Input                - Clearing active input actions
10:44:22.860 [JavaFX Application Thread] DEBUG GameApplicationServi - Removing overlay from FXGLLoadingScene and adding to GameScene
10:44:22.860 [JavaFX Application Thread] DEBUG PrimaryStageWindow   - FXGLLoadingScene -> GameScene
10:44:22.866 [JavaFX Application Thread] DEBUG FXGLAssetLoaderServi - Loading from file system: file:/C:/Users/Admin/Desktop/Bomberman/target/classes/assets/sounds/stage_start.wav
10:44:22.881 [JavaFX Application Thread] DEBUG PrimaryStageWindow   - Push state: StageStartScene
10:44:22.881 [JavaFX Application Thread] DEBUG Input                - Clearing active input actions
10:44:22.882 [JavaFX Application Thread] DEBUG GameApplicationServi - Removing overlay from GameScene and adding to StageStartScene
10:44:22.882 [JavaFX Application Thread] DEBUG PrimaryStageWindow   - GameScene -> StageStartScene
10:44:24.152 [FXGL Background Thread 3 ] DEBUG Engine               - Logging environment variables
10:44:24.153 [FXGL Background Thread 3 ] DEBUG Engine               - achievements: []
10:44:24.153 [FXGL Background Thread 3 ] DEBUG Engine               - actualHeight: 720.0
10:44:24.153 [FXGL Background Thread 3 ] DEBUG Engine               - actualHeightProperty: ReadOnlyDoubleProperty [value: 720.0]
10:44:24.153 [FXGL Background Thread 3 ] DEBUG Engine               - actualWidth: 1280.0
10:44:24.153 [FXGL Background Thread 3 ] DEBUG Engine               - actualWidthProperty: ReadOnlyDoubleProperty [value: 1280.0]
10:44:24.153 [FXGL Background Thread 3 ] DEBUG Engine               - appIcon: fxgl_icon.png
10:44:24.153 [FXGL Background Thread 3 ] DEBUG Engine               - applicationMode: DEVELOPER
10:44:24.153 [FXGL Background Thread 3 ] DEBUG Engine               - cSSList: [fxgl_dark.css]
10:44:24.153 [FXGL Background Thread 3 ] DEBUG Engine               - collisionDetectionStrategy: BRUTE_FORCE
10:44:24.153 [FXGL Background Thread 3 ] DEBUG Engine               - configClass: Optional.empty
10:44:24.153 [FXGL Background Thread 3 ] DEBUG Engine               - credits: []
10:44:24.153 [FXGL Background Thread 3 ] DEBUG Engine               - defaultCursor: CursorInfo(imageName=fxgl_default_cursor.png, hotspotX=7.0, hotspotY=6.0)
10:44:24.153 [FXGL Background Thread 3 ] DEBUG Engine               - devBBoxColorProperty: ObjectProperty [value: 0xff0000ff]
10:44:24.153 [FXGL Background Thread 3 ] DEBUG Engine               - devEnableDebugCameraProperty: BooleanProperty [value: false]
10:44:24.153 [FXGL Background Thread 3 ] DEBUG Engine               - devSensorColorProperty: ObjectProperty [value: 0xffff00ff]
10:44:24.153 [FXGL Background Thread 3 ] DEBUG Engine               - devShowBBoxProperty: BooleanProperty [value: false]
10:44:24.153 [FXGL Background Thread 3 ] DEBUG Engine               - devShowPositionProperty: BooleanProperty [value: false]
10:44:24.153 [FXGL Background Thread 3 ] DEBUG Engine               - enabledMenuItems: []
10:44:24.153 [FXGL Background Thread 3 ] DEBUG Engine               - engineServices: [class com.almasb.fxgl.app.services.FXGLAssetLoaderService, class com.almasb.fxgl.app.FXGLApplication$GameApplicationService, class com.almasb.fxgl.app.services.FXGLDialogService, class com.almasb.fxgl.app.services.IOTaskExecutorService, class com.almasb.fxgl.io.FileSystemService, class com.almasb.fxgl.localization.LocalizationService, class com.almasb.fxgl.app.services.SystemBundleService, class com.almasb.fxgl.profile.SaveLoadService, class com.almasb.fxgl.ui.FXGLUIFactoryServiceProvider, class com.almasb.fxgl.ui.FXGLDialogFactoryServiceProvider, class com.almasb.fxgl.audio.AudioPlayer, class com.almasb.fxgl.notification.impl.NotificationServiceProvider, class com.almasb.fxgl.achievement.AchievementService, class com.almasb.fxgl.cutscene.CutsceneService, class com.almasb.fxgl.minigames.MiniGameService, class com.almasb.fxgl.net.NetService, class com.almasb.fxgl.app.services.UpdaterService, class com.almasb.fxgl.dev.DevService]
10:44:24.153 [FXGL Background Thread 3 ] DEBUG Engine               - fontGame: Abel-Regular.ttf
10:44:24.154 [FXGL Background Thread 3 ] DEBUG Engine               - fontMono: lucida_console.ttf
10:44:24.154 [FXGL Background Thread 3 ] DEBUG Engine               - fontText: Courier-Prime.ttf
10:44:24.154 [FXGL Background Thread 3 ] DEBUG Engine               - fontUI: game_font.ttf
10:44:24.154 [FXGL Background Thread 3 ] DEBUG Engine               - fullScreen: BooleanProperty [value: false]
10:44:24.154 [FXGL Background Thread 3 ] DEBUG Engine               - gameDifficulty: MEDIUM
10:44:24.154 [FXGL Background Thread 3 ] DEBUG Engine               - gameDifficultyProperty: ObjectProperty [value: MEDIUM]
10:44:24.154 [FXGL Background Thread 3 ] DEBUG Engine               - globalMusicVolume: 0.5
10:44:24.154 [FXGL Background Thread 3 ] DEBUG Engine               - globalMusicVolumeProperty: DoubleProperty [value: 0.0]
10:44:24.154 [FXGL Background Thread 3 ] DEBUG Engine               - globalSoundVolume: 0.5
10:44:24.154 [FXGL Background Thread 3 ] DEBUG Engine               - globalSoundVolumeProperty: DoubleProperty [value: 0.5]
10:44:24.154 [FXGL Background Thread 3 ] DEBUG Engine               - height: 720
10:44:24.154 [FXGL Background Thread 3 ] DEBUG Engine               - is3D: false
10:44:24.154 [FXGL Background Thread 3 ] DEBUG Engine               - isAndroid: false
10:44:24.154 [FXGL Background Thread 3 ] DEBUG Engine               - isBrowser: false
10:44:24.154 [FXGL Background Thread 3 ] DEBUG Engine               - isClickFeedbackEnabled: false
10:44:24.154 [FXGL Background Thread 3 ] DEBUG Engine               - isCloseConfirmation: false
10:44:24.154 [FXGL Background Thread 3 ] DEBUG Engine               - isDesktop: true
10:44:24.154 [FXGL Background Thread 3 ] DEBUG Engine               - isDeveloperMenuEnabled: false
10:44:24.154 [FXGL Background Thread 3 ] DEBUG Engine               - isEntityPreloadEnabled: true
10:44:24.154 [FXGL Background Thread 3 ] DEBUG Engine               - isExperimentalTiledLargeMap: false
10:44:24.154 [FXGL Background Thread 3 ] DEBUG Engine               - isFileSystemWriteAllowed: true
10:44:24.154 [FXGL Background Thread 3 ] DEBUG Engine               - isFullScreenAllowed: true
10:44:24.154 [FXGL Background Thread 3 ] DEBUG Engine               - isFullScreenFromStart: false
10:44:24.154 [FXGL Background Thread 3 ] DEBUG Engine               - isGameMenuEnabled: true
10:44:24.154 [FXGL Background Thread 3 ] DEBUG Engine               - isIOS: false
10:44:24.154 [FXGL Background Thread 3 ] DEBUG Engine               - isIntroEnabled: false
10:44:24.154 [FXGL Background Thread 3 ] DEBUG Engine               - isLinux: false
10:44:24.154 [FXGL Background Thread 3 ] DEBUG Engine               - isMac: false
10:44:24.154 [FXGL Background Thread 3 ] DEBUG Engine               - isMainMenuEnabled: true
10:44:24.154 [FXGL Background Thread 3 ] DEBUG Engine               - isManualResizeEnabled: false
10:44:24.155 [FXGL Background Thread 3 ] DEBUG Engine               - isMobile: false
10:44:24.155 [FXGL Background Thread 3 ] DEBUG Engine               - isNative: false
10:44:24.155 [FXGL Background Thread 3 ] DEBUG Engine               - isPauseMusicWhenMinimized: true
10:44:24.155 [FXGL Background Thread 3 ] DEBUG Engine               - isPreserveResizeRatio: false
10:44:24.155 [FXGL Background Thread 3 ] DEBUG Engine               - isProfilingEnabled: false
10:44:24.155 [FXGL Background Thread 3 ] DEBUG Engine               - isScaleAffectedOnResize: true
10:44:24.155 [FXGL Background Thread 3 ] DEBUG Engine               - isSingleStep: false
10:44:24.155 [FXGL Background Thread 3 ] DEBUG Engine               - isUserProfileEnabled: false
10:44:24.155 [FXGL Background Thread 3 ] DEBUG Engine               - isWindows: true
10:44:24.155 [FXGL Background Thread 3 ] DEBUG Engine               - language: ObjectProperty [value: ENGLISH]
10:44:24.155 [FXGL Background Thread 3 ] DEBUG Engine               - menuKey: ESCAPE
10:44:24.155 [FXGL Background Thread 3 ] DEBUG Engine               - mouseSensitivity: 0.2
10:44:24.155 [FXGL Background Thread 3 ] DEBUG Engine               - notificationViewClass: class com.almasb.fxgl.notification.view.XboxNotificationView
10:44:24.155 [FXGL Background Thread 3 ] DEBUG Engine               - pixelsPerMeter: 50.0
10:44:24.155 [FXGL Background Thread 3 ] DEBUG Engine               - platform: WINDOWS
10:44:24.155 [FXGL Background Thread 3 ] DEBUG Engine               - prefHeightProperty: ReadOnlyDoubleProperty [value: 720.0]
10:44:24.155 [FXGL Background Thread 3 ] DEBUG Engine               - prefWidthProperty: ReadOnlyDoubleProperty [value: 1280.0]
10:44:24.155 [FXGL Background Thread 3 ] DEBUG Engine               - profileDir: profiles/
10:44:24.155 [FXGL Background Thread 3 ] DEBUG Engine               - profileName: StringProperty [value: DEFAULT]
10:44:24.155 [FXGL Background Thread 3 ] DEBUG Engine               - randomSeed: -1
10:44:24.155 [FXGL Background Thread 3 ] DEBUG Engine               - runtimeInfo: RuntimeInfo(platform=WINDOWS, version=11.17, build=16.07.2021 15.46)
10:44:24.155 [FXGL Background Thread 3 ] DEBUG Engine               - saveFileExt: sav
10:44:24.155 [FXGL Background Thread 3 ] DEBUG Engine               - scaledHeightProp$fxgl: DoubleProperty [bound, value: 720.0]
10:44:24.155 [FXGL Background Thread 3 ] DEBUG Engine               - scaledWidthProp$fxgl: DoubleProperty [bound, value: 1280.0]
10:44:24.155 [FXGL Background Thread 3 ] DEBUG Engine               - sceneFactory: Bomberman.BombermanGame$1@7f737d18
10:44:24.155 [FXGL Background Thread 3 ] DEBUG Engine               - secondsIn24h: 60
10:44:24.155 [FXGL Background Thread 3 ] DEBUG Engine               - soundMenuBack: menu/back.wav
10:44:24.155 [FXGL Background Thread 3 ] DEBUG Engine               - soundMenuPress: menu/press.wav
10:44:24.155 [FXGL Background Thread 3 ] DEBUG Engine               - soundMenuSelect: menu/select.wav
10:44:24.155 [FXGL Background Thread 3 ] DEBUG Engine               - soundNotification: core/notification.wav
10:44:24.155 [FXGL Background Thread 3 ] DEBUG Engine               - stageStyle: DECORATED
10:44:24.155 [FXGL Background Thread 3 ] DEBUG Engine               - supportedLanguages: [ENGLISH, FRENCH, GERMAN, HUNGARIAN, RUSSIAN]
10:44:24.155 [FXGL Background Thread 3 ] DEBUG Engine               - ticksPerSecond: -1
10:44:24.155 [FXGL Background Thread 3 ] DEBUG Engine               - title: BOMBER
 MAN
10:44:24.156 [FXGL Background Thread 3 ] DEBUG Engine               - urlGithub: https://github.com/AlmasB/FXGL
10:44:24.156 [FXGL Background Thread 3 ] DEBUG Engine               - urlLeaderboard: http://fxgl-top.herokuapp.com/
10:44:24.156 [FXGL Background Thread 3 ] DEBUG Engine               - urlPOM: https://raw.githubusercontent.com/AlmasB/FXGL/release/README.md
10:44:24.156 [FXGL Background Thread 3 ] DEBUG Engine               - userAppClass: class Bomberman.BombermanGame
10:44:24.156 [FXGL Background Thread 3 ] DEBUG Engine               - version: 1.0
10:44:24.156 [FXGL Background Thread 3 ] DEBUG Engine               - versionCheckDays: 7
10:44:24.156 [FXGL Background Thread 3 ] DEBUG Engine               - width: 1280
10:44:24.156 [FXGL Background Thread 3 ] DEBUG Engine               - Logging services
10:44:24.156 [FXGL Background Thread 3 ] DEBUG Engine               - class com.almasb.fxgl.app.services.FXGLAssetLoaderService
10:44:24.156 [FXGL Background Thread 3 ] DEBUG Engine               - class com.almasb.fxgl.app.FXGLApplication$GameApplicationService
10:44:24.156 [FXGL Background Thread 3 ] DEBUG Engine               - class com.almasb.fxgl.app.services.FXGLDialogService
10:44:24.156 [FXGL Background Thread 3 ] DEBUG Engine               - class com.almasb.fxgl.app.services.IOTaskExecutorService
10:44:24.156 [FXGL Background Thread 3 ] DEBUG Engine               - class com.almasb.fxgl.io.FileSystemService
10:44:24.156 [FXGL Background Thread 3 ] DEBUG Engine               - class com.almasb.fxgl.localization.LocalizationService
10:44:24.156 [FXGL Background Thread 3 ] DEBUG Engine               - class com.almasb.fxgl.app.services.SystemBundleService
10:44:24.156 [FXGL Background Thread 3 ] DEBUG Engine               - class com.almasb.fxgl.profile.SaveLoadService
10:44:24.156 [FXGL Background Thread 3 ] DEBUG Engine               - class com.almasb.fxgl.ui.FXGLUIFactoryServiceProvider
10:44:24.156 [FXGL Background Thread 3 ] DEBUG Engine               - class com.almasb.fxgl.ui.FXGLDialogFactoryServiceProvider
10:44:24.156 [FXGL Background Thread 3 ] DEBUG Engine               - class com.almasb.fxgl.audio.AudioPlayer
10:44:24.156 [FXGL Background Thread 3 ] DEBUG Engine               - class com.almasb.fxgl.notification.impl.NotificationServiceProvider
10:44:24.156 [FXGL Background Thread 3 ] DEBUG Engine               - class com.almasb.fxgl.achievement.AchievementService
10:44:24.156 [FXGL Background Thread 3 ] DEBUG Engine               - class com.almasb.fxgl.cutscene.CutsceneService
10:44:24.156 [FXGL Background Thread 3 ] DEBUG Engine               - class com.almasb.fxgl.minigames.MiniGameService
10:44:24.156 [FXGL Background Thread 3 ] DEBUG Engine               - class com.almasb.fxgl.net.NetService
10:44:24.156 [FXGL Background Thread 3 ] DEBUG Engine               - class com.almasb.fxgl.app.services.UpdaterService
10:44:24.156 [FXGL Background Thread 3 ] DEBUG Engine               - class com.almasb.fxgl.dev.DevService
10:44:26.691 [JavaFX Application Thread] DEBUG PrimaryStageWindow   - Pop state: StageStartScene
10:44:26.691 [JavaFX Application Thread] DEBUG Input                - Clearing active input actions
10:44:26.692 [JavaFX Application Thread] DEBUG GameApplicationServi - Removing overlay from StageStartScene and adding to GameScene
10:44:26.692 [JavaFX Application Thread] DEBUG PrimaryStageWindow   - GameScene <- StageStartScene
10:44:28.591 [JavaFX Application Thread] DEBUG FXGLAssetLoaderServi - Loading from file system: file:/C:/Users/Admin/Desktop/Bomberman/target/classes/assets/sounds/place_bomb.wav
10:44:28.596 [JavaFX Application Thread] DEBUG FXGLAssetLoaderServi - Loading from file system: file:/C:/Users/Admin/Desktop/Bomberman/target/classes/assets/textures/bomb.png
10:44:30.628 [JavaFX Application Thread] DEBUG FXGLAssetLoaderServi - Loading from file system: file:/C:/Users/Admin/Desktop/Bomberman/target/classes/assets/sounds/explosion.wav
10:44:30.633 [JavaFX Application Thread] DEBUG FXGLAssetLoaderServi - Loading from file system: file:/C:/Users/Admin/Desktop/Bomberman/target/classes/assets/textures/central_flame.png
10:44:30.635 [JavaFX Application Thread] DEBUG FXGLAssetLoaderServi - Loading from file system: file:/C:/Users/Admin/Desktop/Bomberman/target/classes/assets/textures/top_up_flame.png
10:44:30.636 [JavaFX Application Thread] DEBUG FXGLAssetLoaderServi - Loading from file system: file:/C:/Users/Admin/Desktop/Bomberman/target/classes/assets/textures/top_down_flame.png
10:44:30.637 [JavaFX Application Thread] DEBUG FXGLAssetLoaderServi - Loading from file system: file:/C:/Users/Admin/Desktop/Bomberman/target/classes/assets/textures/top_right_flame.png
10:44:30.639 [JavaFX Application Thread] DEBUG FXGLAssetLoaderServi - Loading from file system: file:/C:/Users/Admin/Desktop/Bomberman/target/classes/assets/textures/top_left_flame.png
10:44:30.640 [JavaFX Application Thread] DEBUG FXGLAssetLoaderServi - Loading from file system: file:/C:/Users/Admin/Desktop/Bomberman/target/classes/assets/textures/right_flame.png
10:44:30.641 [JavaFX Application Thread] DEBUG FXGLAssetLoaderServi - Loading from file system: file:/C:/Users/Admin/Desktop/Bomberman/target/classes/assets/textures/left_flame.png
10:44:30.642 [JavaFX Application Thread] DEBUG FXGLAssetLoaderServi - Loading from file system: file:/C:/Users/Admin/Desktop/Bomberman/target/classes/assets/textures/down_flame.png
10:44:30.643 [JavaFX Application Thread] DEBUG FXGLAssetLoaderServi - Loading from file system: file:/C:/Users/Admin/Desktop/Bomberman/target/classes/assets/textures/up_flame.png
10:44:31.043 [JavaFX Application Thread] WARN  GameWorld            - Attempted to remove entity which is not active
10:44:31.925 [JavaFX Application Thread] DEBUG FXGLAssetLoaderServi - Loading from file system: file:/C:/Users/Admin/Desktop/Bomberman/target/classes/assets/sounds/powerup.wav
10:44:35.955 [JavaFX Application Thread] WARN  GameWorld            - Attempted to remove entity which is not active
10:44:43.987 [JavaFX Application Thread] WARN  GameWorld            - Attempted to remove entity which is not active
10:44:43.987 [JavaFX Application Thread] WARN  GameWorld            - Attempted to remove entity which is not active
10:44:46.403 [JavaFX Application Thread] WARN  GameWorld            - Attempted to remove entity which is not active
10:44:46.403 [JavaFX Application Thread] WARN  GameWorld            - Attempted to remove entity which is not active
10:44:51.683 [JavaFX Application Thread] WARN  GameWorld            - Attempted to remove entity which is not active
10:44:51.683 [JavaFX Application Thread] WARN  GameWorld            - Attempted to remove entity which is not active
10:44:51.683 [JavaFX Application Thread] WARN  GameWorld            - Attempted to remove entity which is not active
10:44:51.683 [JavaFX Application Thread] WARN  GameWorld            - Attempted to remove entity which is not active
10:44:51.795 [JavaFX Application Thread] WARN  GameWorld            - Attempted to remove entity which is not active
10:44:56.835 [JavaFX Application Thread] WARN  GameWorld            - Attempted to remove entity which is not active
10:45:05.139 [JavaFX Application Thread] WARN  GameWorld            - Attempted to remove entity which is not active
10:45:05.139 [JavaFX Application Thread] WARN  GameWorld            - Attempted to remove entity which is not active
10:45:05.203 [JavaFX Application Thread] WARN  GameWorld            - Attempted to remove entity which is not active
10:45:08.804 [JavaFX Application Thread] DEBUG FXGLAssetLoaderServi - Loading from file system: file:/C:/Users/Admin/Desktop/Bomberman/target/classes/assets/sounds/player_die.wav
10:45:32.321 [JavaFX Application Thread] DEBUG PrimaryStageWindow   - Push state: GameMenu
10:45:32.321 [JavaFX Application Thread] DEBUG Input                - Clearing active input actions
10:45:32.322 [JavaFX Application Thread] DEBUG GameApplicationServi - Removing overlay from GameScene and adding to GameMenu
10:45:32.322 [JavaFX Application Thread] DEBUG PrimaryStageWindow   - GameScene -> GameMenu
10:45:33.038 [JavaFX Application Thread] DEBUG Menu                 - fireExit()
10:45:33.044 [JavaFX Application Thread] DEBUG PrimaryStageWindow   - Push state: DialogSubScene
10:45:33.044 [JavaFX Application Thread] DEBUG Input                - Clearing active input actions
10:45:33.045 [JavaFX Application Thread] DEBUG GameApplicationServi - Removing overlay from GameMenu and adding to DialogSubScene
10:45:33.045 [JavaFX Application Thread] DEBUG PrimaryStageWindow   - GameMenu -> DialogSubScene
10:45:33.704 [JavaFX Application Thread] DEBUG PrimaryStageWindow   - Pop state: DialogSubScene
10:45:33.704 [JavaFX Application Thread] DEBUG Input                - Clearing active input actions
10:45:33.705 [JavaFX Application Thread] DEBUG GameApplicationServi - Removing overlay from DialogSubScene and adding to GameMenu
10:45:33.705 [JavaFX Application Thread] DEBUG PrimaryStageWindow   - GameMenu <- DialogSubScene
10:45:33.705 [JavaFX Application Thread] DEBUG FXGLApplication      - Exiting FXGL
10:45:33.705 [JavaFX Application Thread] DEBUG LoopRunner           - Stopping loop
10:45:33.705 [JavaFX Application Thread] DEBUG SystemBundleService  - Saving FXGL system data
10:45:33.707 [JavaFX Application Thread] DEBUG FileSystemAccess     - Writing to: C:\Users\Admin\Desktop\Bomberman\system\fxgl.bundle
10:45:33.709 [JavaFX Application Thread] DEBUG Async                - Shutting down background threads
10:45:33.709 [JavaFX Application Thread] DEBUG PrimaryStageWindow   - Closing main window
10:45:33.723 [JavaFX Application Thread] DEBUG Logger               - Closing Logger
