16:07:01.718 [main                     ] DEBUG Logger               - Configured Logger
16:07:01.742 [main                     ] DEBUG GameApplication      - Logging settings
Title: BOMBER
 MAN
Version: 1.0
Width: 1280
Height: 720
Fullscreen: true
Intro: false
Profiling: false
Single step:false
App Mode: DEVELOPER
Menu Key: ESCAPE
Stage Style: DECORATED
Scene Factory: class Bomberman.BombermanGame$1

16:07:02.196 [JavaFX Application Thread] DEBUG FXGLApplication      - Initializing FXGL
16:07:02.199 [JavaFX Application Thread] INFO  Engine               - FXGL-11.17 (16.07.2021 15.46) on WINDOWS (J:11.0.16.1 FX:16)
16:07:02.199 [JavaFX Application Thread] DEBUG Engine               - JRE Vendor Name: Oracle Corporation
16:07:02.199 [JavaFX Application Thread] DEBUG Engine               - Running on OS: Windows 11 version 10.0
16:07:02.200 [JavaFX Application Thread] DEBUG Engine               - Architecture: amd64
16:07:02.200 [JavaFX Application Thread] INFO  Engine               - Source code and latest versions at: https://github.com/AlmasB/FXGL
16:07:02.200 [JavaFX Application Thread] INFO  Engine               -              Join the FXGL chat at: https://gitter.im/AlmasB/FXGL
16:07:02.327 [JavaFX Application Thread] DEBUG PrimaryStageWindow   - Creating a JavaFX scene
16:07:02.390 [JavaFX Application Thread] DEBUG PrimaryStageWindow   - Target settings size: 1280.0 x 720.0
16:07:02.390 [JavaFX Application Thread] DEBUG PrimaryStageWindow   - Scaled scene size:    1280.0 x 720.0
16:07:02.390 [JavaFX Application Thread] DEBUG PrimaryStageWindow   - Scaled ratio: (1.0, 1.0)
16:07:02.391 [JavaFX Application Thread] DEBUG PrimaryStageWindow   - Set initial scene to FXGLStartupScene
16:07:02.402 [JavaFX Application Thread] DEBUG PrimaryStageWindow   - Opening main window
16:07:02.519 [JavaFX Application Thread] DEBUG PrimaryStageWindow   - Window border size: (13.0, 35.5)
16:07:02.519 [JavaFX Application Thread] DEBUG PrimaryStageWindow   - Scaled size: 1280.0 x 720.0
16:07:02.519 [JavaFX Application Thread] DEBUG PrimaryStageWindow   - Scaled ratio: (1.0, 1.0)
16:07:02.520 [JavaFX Application Thread] DEBUG PrimaryStageWindow   - Scene size: 1280.0 x 720.0
16:07:02.520 [JavaFX Application Thread] DEBUG PrimaryStageWindow   - Stage size: 1293.0 x 755.5
16:07:02.532 [FXGL Background Thread 1 ] DEBUG Engine               - Initializing environment variables
16:07:02.634 [FXGL Background Thread 1 ] DEBUG FXGLAssetLoaderServi - User app class for loading assets: class Bomberman.BombermanGame
16:07:02.634 [FXGL Background Thread 1 ] DEBUG GameApplicationServi - Applying CSS: fxgl_dark.css
16:07:02.635 [FXGL Background Thread 1 ] DEBUG FXGLAssetLoaderServi - Loading from file system: jar:file:/C:/Users/Admin/.m2/repository/com/github/almasb/fxgl/11.17/fxgl-11.17.jar!/fxglassets/ui/css/fxgl_dark.css
16:07:02.692 [FXGL Background Thread 1 ] DEBUG GameApplicationServi - Initializing application scenes
16:07:02.745 [FXGL Background Thread 1 ] DEBUG GameWorld            - Game world initialized
16:07:02.813 [FXGL Background Thread 1 ] DEBUG PhysicsWorld         - Physics world initialized: appHeight=720, physics.ppm=50.0
16:07:02.814 [FXGL Background Thread 1 ] DEBUG PhysicsWorld         - Using strategy: BRUTE_FORCE
16:07:02.817 [FXGL Background Thread 1 ] DEBUG GameScene            - Game scene initialized: 1280x720
16:07:02.975 [FXGL Background Thread 1 ] DEBUG GameApplicationServi - Application scenes initialized
16:07:02.987 [FXGL Background Thread 1 ] DEBUG SystemBundleService  - Loading FXGL system data
16:07:02.992 [FXGL Background Thread 1 ] DEBUG FileSystemAccess     - Reading from: C:\Users\Admin\Desktop\Bomberman\system\fxgl.bundle
16:07:02.998 [FXGL Background Thread 1 ] DEBUG SystemBundleService  - Bundle FXGL: {}
16:07:02.999 [FXGL Background Thread 1 ] DEBUG UpdaterService       - Checking for updates
16:07:03.004 [FXGL Background Thread 4 ] DEBUG FXGLApplication      - Loading fonts
16:07:03.005 [FXGL Background Thread 1 ] DEBUG FXGLApplication      - Loading default localization
16:07:03.005 [FXGL Background Thread 4 ] DEBUG FXGLAssetLoaderServi - Loading from file system: file:/C:/Users/Admin/Desktop/Bomberman/target/classes/assets/ui/fonts/game_font.ttf
16:07:03.005 [FXGL Background Thread 1 ] DEBUG FXGLAssetLoaderServi - Loading from file system: jar:file:/C:/Users/Admin/.m2/repository/com/github/almasb/fxgl/11.17/fxgl-11.17.jar!/fxglassets/languages/english.lang
16:07:03.025 [FXGL Background Thread 1 ] INFO  FXGLApplication      - FXGL initialization took: 0.493 sec
16:07:03.043 [JavaFX Application Thread] DEBUG Input                - Registered new binding: Move Left - A
16:07:03.043 [JavaFX Application Thread] DEBUG Input                - Registered new binding: Move Right - D
16:07:03.044 [JavaFX Application Thread] DEBUG Input                - Registered new binding: Move Up - W
16:07:03.044 [JavaFX Application Thread] DEBUG Input                - Registered new binding: Move Down - S
16:07:03.044 [JavaFX Application Thread] DEBUG Input                - Registered new binding: Place Bomb - Space
16:07:03.045 [JavaFX Application Thread] DEBUG Input                - Registered new binding: Switch to classic bomb - 1
16:07:03.045 [JavaFX Application Thread] DEBUG Input                - Registered new binding: Switch to lazer bomb - 2
16:07:03.045 [JavaFX Application Thread] DEBUG Input                - Registered new binding: Switch to light bomb - 3
16:07:03.045 [JavaFX Application Thread] DEBUG Input                - Registered new binding: Next level - P
16:07:03.046 [JavaFX Application Thread] DEBUG Input                - Registered new binding: Developer Mode - O
16:07:03.048 [JavaFX Application Thread] DEBUG FXGLAssetLoaderServi - Loading from file system: file:/C:/Users/Admin/Desktop/Bomberman/target/classes/assets/music/stage_theme.mp3
16:07:03.351 [JavaFX Application Thread] DEBUG AudioPlayer          - Playing music com.almasb.fxgl.audio.Music@55e8a67b
16:07:03.353 [JavaFX Application Thread] DEBUG FXGLAssetLoaderServi - Loading from file system: jar:file:/C:/Users/Admin/.m2/repository/com/github/almasb/fxgl/11.17/fxgl-11.17.jar!/fxglassets/textures/fxgl_icon.png
16:07:03.405 [JavaFX Application Thread] DEBUG FXGLAssetLoaderServi - Loading from file system: jar:file:/C:/Users/Admin/.m2/repository/com/github/almasb/fxgl/11.17/fxgl-11.17.jar!/fxglassets/textures/fxgl_default_cursor.png
16:07:03.410 [JavaFX Application Thread] DEBUG Input                - Registered new binding: Screenshot - CTRL+8
16:07:03.411 [JavaFX Application Thread] DEBUG Input                - Registered new binding: System info dump - CTRL+9
16:07:03.412 [JavaFX Application Thread] DEBUG Input                - Registered new binding: Restart - CTRL+R
16:07:03.413 [JavaFX Application Thread] DEBUG Input                - Registered new binding: Toggle Debug Camera - CTRL+C
16:07:03.417 [JavaFX Application Thread] DEBUG LoopRunner           - Starting loop
16:07:03.418 [JavaFX Application Thread] DEBUG LoopRunner           - Initializing JavaFX AnimationTimerLoop
16:07:03.424 [JavaFX Application Thread] DEBUG Input                - Clearing active input actions
16:07:03.444 [JavaFX Application Thread] DEBUG GameApplicationServi - Removing overlay from FXGLStartupScene and adding to FXGLMainMenuDummyScene
16:07:03.446 [JavaFX Application Thread] DEBUG PrimaryStageWindow   - FXGLStartupScene -> FXGLMainMenuDummyScene
16:07:03.446 [JavaFX Application Thread] DEBUG PrimaryStageWindow   - Push state: MainMenu
16:07:03.446 [JavaFX Application Thread] DEBUG Input                - Clearing active input actions
16:07:03.457 [JavaFX Application Thread] DEBUG GameApplicationServi - Removing overlay from FXGLMainMenuDummyScene and adding to MainMenu
16:07:03.458 [JavaFX Application Thread] DEBUG PrimaryStageWindow   - FXGLMainMenuDummyScene -> MainMenu
16:07:03.597 [FXGL Background Thread 4 ] DEBUG FXGLAssetLoaderServi - Loading from file system: jar:file:/C:/Users/Admin/.m2/repository/com/github/almasb/fxgl/11.17/fxgl-11.17.jar!/fxglassets/ui/fonts/Abel-Regular.ttf
16:07:03.604 [FXGL Background Thread 4 ] DEBUG FXGLAssetLoaderServi - Loading from file system: jar:file:/C:/Users/Admin/.m2/repository/com/github/almasb/fxgl/11.17/fxgl-11.17.jar!/fxglassets/ui/fonts/lucida_console.ttf
16:07:03.612 [FXGL Background Thread 4 ] DEBUG FXGLAssetLoaderServi - Loading from file system: jar:file:/C:/Users/Admin/.m2/repository/com/github/almasb/fxgl/11.17/fxgl-11.17.jar!/fxglassets/ui/fonts/Courier-Prime.ttf
16:07:03.621 [JavaFX Application Thread] DEBUG FXGLApplication      - Registering font factories with UI factory
16:07:04.136 [FXGL Background Thread 2 ] INFO  UpdaterService       - Your current version:  11.17
16:07:04.136 [FXGL Background Thread 2 ] INFO  UpdaterService       - Latest stable version: 17.2
16:07:05.030 [JavaFX Application Thread] DEBUG Menu                 - fireNewGame()
16:07:05.030 [JavaFX Application Thread] DEBUG GameApplicationServi - Starting new game
16:07:05.031 [JavaFX Application Thread] DEBUG PrimaryStageWindow   - Pop state: MainMenu
16:07:05.031 [JavaFX Application Thread] DEBUG Input                - Clearing active input actions
16:07:05.032 [JavaFX Application Thread] DEBUG GameApplicationServi - Removing overlay from MainMenu and adding to FXGLMainMenuDummyScene
16:07:05.032 [JavaFX Application Thread] DEBUG PrimaryStageWindow   - FXGLMainMenuDummyScene <- MainMenu
16:07:05.032 [JavaFX Application Thread] DEBUG Input                - Clearing active input actions
16:07:05.038 [JavaFX Application Thread] DEBUG GameApplicationServi - Removing overlay from FXGLMainMenuDummyScene and adding to FXGLLoadingScene
16:07:05.038 [JavaFX Application Thread] DEBUG PrimaryStageWindow   - FXGLMainMenuDummyScene -> FXGLLoadingScene
16:07:05.038 [JavaFX Application Thread] DEBUG GameApplicationServi - Clearing previous game
16:07:05.038 [JavaFX Application Thread] DEBUG GameScene            - Clearing game scene
16:07:05.038 [JavaFX Application Thread] DEBUG GameWorld            - Clearing game world
16:07:05.038 [JavaFX Application Thread] DEBUG PhysicsWorld         - Clearing physics world
16:07:05.040 [FXGL Background Thread 2 ] DEBUG FXGLApplication      - Initializing game
16:07:05.058 [FXGL Background Thread 2 ] DEBUG FXGLAssetLoaderServi - Loading from file system: file:/C:/Users/Admin/Desktop/Bomberman/target/classes/assets/textures/wall.png
16:07:05.126 [FXGL Background Thread 2 ] DEBUG FXGLAssetLoaderServi - Loading from file system: file:/C:/Users/Admin/Desktop/Bomberman/target/classes/assets/textures/player_die.png
16:07:05.130 [FXGL Background Thread 2 ] DEBUG FXGLAssetLoaderServi - Loading from file system: file:/C:/Users/Admin/Desktop/Bomberman/target/classes/assets/textures/player_down.png
16:07:05.130 [FXGL Background Thread 2 ] DEBUG FXGLAssetLoaderServi - Loading from file system: file:/C:/Users/Admin/Desktop/Bomberman/target/classes/assets/textures/player_right.png
16:07:05.132 [FXGL Background Thread 2 ] DEBUG FXGLAssetLoaderServi - Loading from file system: file:/C:/Users/Admin/Desktop/Bomberman/target/classes/assets/textures/player_up.png
16:07:05.133 [FXGL Background Thread 2 ] DEBUG FXGLAssetLoaderServi - Loading from file system: file:/C:/Users/Admin/Desktop/Bomberman/target/classes/assets/textures/player_left.png
16:07:05.139 [FXGL Background Thread 2 ] DEBUG FXGLAssetLoaderServi - Loading from file system: file:/C:/Users/Admin/Desktop/Bomberman/target/classes/assets/textures/powerup_bombs.png
16:07:05.142 [FXGL Background Thread 2 ] DEBUG FXGLAssetLoaderServi - Loading from file system: file:/C:/Users/Admin/Desktop/Bomberman/target/classes/assets/textures/brick.png
16:07:05.144 [FXGL Background Thread 2 ] DEBUG FXGLAssetLoaderServi - Loading from file system: file:/C:/Users/Admin/Desktop/Bomberman/target/classes/assets/textures/brick_break.png
16:07:05.149 [FXGL Background Thread 2 ] DEBUG FXGLAssetLoaderServi - Loading from file system: file:/C:/Users/Admin/Desktop/Bomberman/target/classes/assets/textures/enemy1.png
16:07:05.161 [FXGL Background Thread 2 ] DEBUG FXGLAssetLoaderServi - Loading from file system: file:/C:/Users/Admin/Desktop/Bomberman/target/classes/assets/textures/enemy2.png
16:07:05.193 [FXGL Background Thread 2 ] DEBUG FXGLAssetLoaderServi - Loading from file system: file:/C:/Users/Admin/Desktop/Bomberman/target/classes/assets/textures/portal.png
16:07:05.216 [FXGL Background Thread 2 ] DEBUG FXGLAssetLoaderServi - Loading from file system: file:/C:/Users/Admin/Desktop/Bomberman/target/classes/assets/textures/powerup_flames.png
16:07:05.236 [FXGL Background Thread 2 ] DEBUG FXGLAssetLoaderServi - Loading from file system: file:/C:/Users/Admin/Desktop/Bomberman/target/classes/assets/textures/enemy3.png
16:07:05.271 [FXGL Background Thread 2 ] DEBUG FXGLAssetLoaderServi - Loading from file system: file:/C:/Users/Admin/Desktop/Bomberman/target/classes/assets/textures/enemy4.png
16:07:05.275 [FXGL Background Thread 2 ] DEBUG FXGLAssetLoaderServi - Loading from file system: file:/C:/Users/Admin/Desktop/Bomberman/target/classes/assets/textures/powerup_speed.png
16:07:05.303 [FXGL Background Thread 2 ] INFO  FXGLApplication      - Game initialization took: 0.263 sec
16:07:05.305 [JavaFX Application Thread] DEBUG Input                - Clearing active input actions
16:07:05.336 [JavaFX Application Thread] DEBUG GameApplicationServi - Removing overlay from FXGLLoadingScene and adding to GameScene
16:07:05.336 [JavaFX Application Thread] DEBUG PrimaryStageWindow   - FXGLLoadingScene -> GameScene
16:07:05.346 [JavaFX Application Thread] DEBUG FXGLAssetLoaderServi - Loading from file system: file:/C:/Users/Admin/Desktop/Bomberman/target/classes/assets/sounds/stage_start.wav
16:07:05.365 [JavaFX Application Thread] DEBUG PrimaryStageWindow   - Push state: StageStartScene
16:07:05.365 [JavaFX Application Thread] DEBUG Input                - Clearing active input actions
16:07:05.365 [JavaFX Application Thread] DEBUG GameApplicationServi - Removing overlay from GameScene and adding to StageStartScene
16:07:05.365 [JavaFX Application Thread] DEBUG PrimaryStageWindow   - GameScene -> StageStartScene
16:07:06.003 [FXGL Background Thread 3 ] DEBUG Engine               - Logging environment variables
16:07:06.003 [FXGL Background Thread 3 ] DEBUG Engine               - achievements: []
16:07:06.004 [FXGL Background Thread 3 ] DEBUG Engine               - actualHeight: 720.0
16:07:06.004 [FXGL Background Thread 3 ] DEBUG Engine               - actualHeightProperty: ReadOnlyDoubleProperty [value: 720.0]
16:07:06.004 [FXGL Background Thread 3 ] DEBUG Engine               - actualWidth: 1280.0
16:07:06.004 [FXGL Background Thread 3 ] DEBUG Engine               - actualWidthProperty: ReadOnlyDoubleProperty [value: 1280.0]
16:07:06.004 [FXGL Background Thread 3 ] DEBUG Engine               - appIcon: fxgl_icon.png
16:07:06.004 [FXGL Background Thread 3 ] DEBUG Engine               - applicationMode: DEVELOPER
16:07:06.004 [FXGL Background Thread 3 ] DEBUG Engine               - cSSList: [fxgl_dark.css]
16:07:06.004 [FXGL Background Thread 3 ] DEBUG Engine               - collisionDetectionStrategy: BRUTE_FORCE
16:07:06.004 [FXGL Background Thread 3 ] DEBUG Engine               - configClass: Optional.empty
16:07:06.004 [FXGL Background Thread 3 ] DEBUG Engine               - credits: []
16:07:06.004 [FXGL Background Thread 3 ] DEBUG Engine               - defaultCursor: CursorInfo(imageName=fxgl_default_cursor.png, hotspotX=7.0, hotspotY=6.0)
16:07:06.004 [FXGL Background Thread 3 ] DEBUG Engine               - devBBoxColorProperty: ObjectProperty [value: 0xff0000ff]
16:07:06.004 [FXGL Background Thread 3 ] DEBUG Engine               - devEnableDebugCameraProperty: BooleanProperty [value: false]
16:07:06.004 [FXGL Background Thread 3 ] DEBUG Engine               - devSensorColorProperty: ObjectProperty [value: 0xffff00ff]
16:07:06.004 [FXGL Background Thread 3 ] DEBUG Engine               - devShowBBoxProperty: BooleanProperty [value: false]
16:07:06.005 [FXGL Background Thread 3 ] DEBUG Engine               - devShowPositionProperty: BooleanProperty [value: false]
16:07:06.005 [FXGL Background Thread 3 ] DEBUG Engine               - enabledMenuItems: []
16:07:06.005 [FXGL Background Thread 3 ] DEBUG Engine               - engineServices: [class com.almasb.fxgl.app.services.FXGLAssetLoaderService, class com.almasb.fxgl.app.FXGLApplication$GameApplicationService, class com.almasb.fxgl.app.services.FXGLDialogService, class com.almasb.fxgl.app.services.IOTaskExecutorService, class com.almasb.fxgl.io.FileSystemService, class com.almasb.fxgl.localization.LocalizationService, class com.almasb.fxgl.app.services.SystemBundleService, class com.almasb.fxgl.profile.SaveLoadService, class com.almasb.fxgl.ui.FXGLUIFactoryServiceProvider, class com.almasb.fxgl.ui.FXGLDialogFactoryServiceProvider, class com.almasb.fxgl.audio.AudioPlayer, class com.almasb.fxgl.notification.impl.NotificationServiceProvider, class com.almasb.fxgl.achievement.AchievementService, class com.almasb.fxgl.cutscene.CutsceneService, class com.almasb.fxgl.minigames.MiniGameService, class com.almasb.fxgl.net.NetService, class com.almasb.fxgl.app.services.UpdaterService, class com.almasb.fxgl.dev.DevService]
16:07:06.005 [FXGL Background Thread 3 ] DEBUG Engine               - fontGame: Abel-Regular.ttf
16:07:06.005 [FXGL Background Thread 3 ] DEBUG Engine               - fontMono: lucida_console.ttf
16:07:06.005 [FXGL Background Thread 3 ] DEBUG Engine               - fontText: Courier-Prime.ttf
16:07:06.005 [FXGL Background Thread 3 ] DEBUG Engine               - fontUI: game_font.ttf
16:07:06.005 [FXGL Background Thread 3 ] DEBUG Engine               - fullScreen: BooleanProperty [value: false]
16:07:06.005 [FXGL Background Thread 3 ] DEBUG Engine               - gameDifficulty: MEDIUM
16:07:06.005 [FXGL Background Thread 3 ] DEBUG Engine               - gameDifficultyProperty: ObjectProperty [value: MEDIUM]
16:07:06.005 [FXGL Background Thread 3 ] DEBUG Engine               - globalMusicVolume: 0.5
16:07:06.005 [FXGL Background Thread 3 ] DEBUG Engine               - globalMusicVolumeProperty: DoubleProperty [value: 0.0]
16:07:06.005 [FXGL Background Thread 3 ] DEBUG Engine               - globalSoundVolume: 0.5
16:07:06.005 [FXGL Background Thread 3 ] DEBUG Engine               - globalSoundVolumeProperty: DoubleProperty [value: 0.5]
16:07:06.005 [FXGL Background Thread 3 ] DEBUG Engine               - height: 720
16:07:06.005 [FXGL Background Thread 3 ] DEBUG Engine               - is3D: false
16:07:06.005 [FXGL Background Thread 3 ] DEBUG Engine               - isAndroid: false
16:07:06.005 [FXGL Background Thread 3 ] DEBUG Engine               - isBrowser: false
16:07:06.005 [FXGL Background Thread 3 ] DEBUG Engine               - isClickFeedbackEnabled: false
16:07:06.005 [FXGL Background Thread 3 ] DEBUG Engine               - isCloseConfirmation: false
16:07:06.005 [FXGL Background Thread 3 ] DEBUG Engine               - isDesktop: true
16:07:06.005 [FXGL Background Thread 3 ] DEBUG Engine               - isDeveloperMenuEnabled: false
16:07:06.005 [FXGL Background Thread 3 ] DEBUG Engine               - isEntityPreloadEnabled: true
16:07:06.005 [FXGL Background Thread 3 ] DEBUG Engine               - isExperimentalTiledLargeMap: false
16:07:06.006 [FXGL Background Thread 3 ] DEBUG Engine               - isFileSystemWriteAllowed: true
16:07:06.006 [FXGL Background Thread 3 ] DEBUG Engine               - isFullScreenAllowed: true
16:07:06.006 [FXGL Background Thread 3 ] DEBUG Engine               - isFullScreenFromStart: false
16:07:06.006 [FXGL Background Thread 3 ] DEBUG Engine               - isGameMenuEnabled: true
16:07:06.006 [FXGL Background Thread 3 ] DEBUG Engine               - isIOS: false
16:07:06.006 [FXGL Background Thread 3 ] DEBUG Engine               - isIntroEnabled: false
16:07:06.006 [FXGL Background Thread 3 ] DEBUG Engine               - isLinux: false
16:07:06.006 [FXGL Background Thread 3 ] DEBUG Engine               - isMac: false
16:07:06.006 [FXGL Background Thread 3 ] DEBUG Engine               - isMainMenuEnabled: true
16:07:06.006 [FXGL Background Thread 3 ] DEBUG Engine               - isManualResizeEnabled: false
16:07:06.006 [FXGL Background Thread 3 ] DEBUG Engine               - isMobile: false
16:07:06.006 [FXGL Background Thread 3 ] DEBUG Engine               - isNative: false
16:07:06.006 [FXGL Background Thread 3 ] DEBUG Engine               - isPauseMusicWhenMinimized: true
16:07:06.006 [FXGL Background Thread 3 ] DEBUG Engine               - isPreserveResizeRatio: false
16:07:06.006 [FXGL Background Thread 3 ] DEBUG Engine               - isProfilingEnabled: false
16:07:06.006 [FXGL Background Thread 3 ] DEBUG Engine               - isScaleAffectedOnResize: true
16:07:06.006 [FXGL Background Thread 3 ] DEBUG Engine               - isSingleStep: false
16:07:06.006 [FXGL Background Thread 3 ] DEBUG Engine               - isUserProfileEnabled: false
16:07:06.006 [FXGL Background Thread 3 ] DEBUG Engine               - isWindows: true
16:07:06.006 [FXGL Background Thread 3 ] DEBUG Engine               - language: ObjectProperty [value: ENGLISH]
16:07:06.006 [FXGL Background Thread 3 ] DEBUG Engine               - menuKey: ESCAPE
16:07:06.006 [FXGL Background Thread 3 ] DEBUG Engine               - mouseSensitivity: 0.2
16:07:06.006 [FXGL Background Thread 3 ] DEBUG Engine               - notificationViewClass: class com.almasb.fxgl.notification.view.XboxNotificationView
16:07:06.006 [FXGL Background Thread 3 ] DEBUG Engine               - pixelsPerMeter: 50.0
16:07:06.006 [FXGL Background Thread 3 ] DEBUG Engine               - platform: WINDOWS
16:07:06.006 [FXGL Background Thread 3 ] DEBUG Engine               - prefHeightProperty: ReadOnlyDoubleProperty [value: 720.0]
16:07:06.006 [FXGL Background Thread 3 ] DEBUG Engine               - prefWidthProperty: ReadOnlyDoubleProperty [value: 1280.0]
16:07:06.006 [FXGL Background Thread 3 ] DEBUG Engine               - profileDir: profiles/
16:07:06.006 [FXGL Background Thread 3 ] DEBUG Engine               - profileName: StringProperty [value: DEFAULT]
16:07:06.006 [FXGL Background Thread 3 ] DEBUG Engine               - randomSeed: -1
16:07:06.006 [FXGL Background Thread 3 ] DEBUG Engine               - runtimeInfo: RuntimeInfo(platform=WINDOWS, version=11.17, build=16.07.2021 15.46)
16:07:06.006 [FXGL Background Thread 3 ] DEBUG Engine               - saveFileExt: sav
16:07:06.006 [FXGL Background Thread 3 ] DEBUG Engine               - scaledHeightProp$fxgl: DoubleProperty [bound, value: 720.0]
16:07:06.006 [FXGL Background Thread 3 ] DEBUG Engine               - scaledWidthProp$fxgl: DoubleProperty [bound, value: 1280.0]
16:07:06.006 [FXGL Background Thread 3 ] DEBUG Engine               - sceneFactory: Bomberman.BombermanGame$1@54566ee4
16:07:06.006 [FXGL Background Thread 3 ] DEBUG Engine               - secondsIn24h: 60
16:07:06.006 [FXGL Background Thread 3 ] DEBUG Engine               - soundMenuBack: menu/back.wav
16:07:06.006 [FXGL Background Thread 3 ] DEBUG Engine               - soundMenuPress: menu/press.wav
16:07:06.007 [FXGL Background Thread 3 ] DEBUG Engine               - soundMenuSelect: menu/select.wav
16:07:06.007 [FXGL Background Thread 3 ] DEBUG Engine               - soundNotification: core/notification.wav
16:07:06.007 [FXGL Background Thread 3 ] DEBUG Engine               - stageStyle: DECORATED
16:07:06.007 [FXGL Background Thread 3 ] DEBUG Engine               - supportedLanguages: [ENGLISH, FRENCH, GERMAN, HUNGARIAN, RUSSIAN]
16:07:06.007 [FXGL Background Thread 3 ] DEBUG Engine               - ticksPerSecond: -1
16:07:06.007 [FXGL Background Thread 3 ] DEBUG Engine               - title: BOMBER
 MAN
16:07:06.007 [FXGL Background Thread 3 ] DEBUG Engine               - urlGithub: https://github.com/AlmasB/FXGL
16:07:06.007 [FXGL Background Thread 3 ] DEBUG Engine               - urlLeaderboard: http://fxgl-top.herokuapp.com/
16:07:06.007 [FXGL Background Thread 3 ] DEBUG Engine               - urlPOM: https://raw.githubusercontent.com/AlmasB/FXGL/release/README.md
16:07:06.007 [FXGL Background Thread 3 ] DEBUG Engine               - userAppClass: class Bomberman.BombermanGame
16:07:06.007 [FXGL Background Thread 3 ] DEBUG Engine               - version: 1.0
16:07:06.007 [FXGL Background Thread 3 ] DEBUG Engine               - versionCheckDays: 7
16:07:06.007 [FXGL Background Thread 3 ] DEBUG Engine               - width: 1280
16:07:06.007 [FXGL Background Thread 3 ] DEBUG Engine               - Logging services
16:07:06.007 [FXGL Background Thread 3 ] DEBUG Engine               - class com.almasb.fxgl.app.services.FXGLAssetLoaderService
16:07:06.007 [FXGL Background Thread 3 ] DEBUG Engine               - class com.almasb.fxgl.app.FXGLApplication$GameApplicationService
16:07:06.007 [FXGL Background Thread 3 ] DEBUG Engine               - class com.almasb.fxgl.app.services.FXGLDialogService
16:07:06.007 [FXGL Background Thread 3 ] DEBUG Engine               - class com.almasb.fxgl.app.services.IOTaskExecutorService
16:07:06.007 [FXGL Background Thread 3 ] DEBUG Engine               - class com.almasb.fxgl.io.FileSystemService
16:07:06.007 [FXGL Background Thread 3 ] DEBUG Engine               - class com.almasb.fxgl.localization.LocalizationService
16:07:06.007 [FXGL Background Thread 3 ] DEBUG Engine               - class com.almasb.fxgl.app.services.SystemBundleService
16:07:06.007 [FXGL Background Thread 3 ] DEBUG Engine               - class com.almasb.fxgl.profile.SaveLoadService
16:07:06.007 [FXGL Background Thread 3 ] DEBUG Engine               - class com.almasb.fxgl.ui.FXGLUIFactoryServiceProvider
16:07:06.007 [FXGL Background Thread 3 ] DEBUG Engine               - class com.almasb.fxgl.ui.FXGLDialogFactoryServiceProvider
16:07:06.007 [FXGL Background Thread 3 ] DEBUG Engine               - class com.almasb.fxgl.audio.AudioPlayer
16:07:06.007 [FXGL Background Thread 3 ] DEBUG Engine               - class com.almasb.fxgl.notification.impl.NotificationServiceProvider
16:07:06.007 [FXGL Background Thread 3 ] DEBUG Engine               - class com.almasb.fxgl.achievement.AchievementService
16:07:06.007 [FXGL Background Thread 3 ] DEBUG Engine               - class com.almasb.fxgl.cutscene.CutsceneService
16:07:06.007 [FXGL Background Thread 3 ] DEBUG Engine               - class com.almasb.fxgl.minigames.MiniGameService
16:07:06.007 [FXGL Background Thread 3 ] DEBUG Engine               - class com.almasb.fxgl.net.NetService
16:07:06.007 [FXGL Background Thread 3 ] DEBUG Engine               - class com.almasb.fxgl.app.services.UpdaterService
16:07:06.008 [FXGL Background Thread 3 ] DEBUG Engine               - class com.almasb.fxgl.dev.DevService
16:07:09.184 [JavaFX Application Thread] DEBUG PrimaryStageWindow   - Pop state: StageStartScene
16:07:09.184 [JavaFX Application Thread] DEBUG Input                - Clearing active input actions
16:07:09.184 [JavaFX Application Thread] DEBUG GameApplicationServi - Removing overlay from StageStartScene and adding to GameScene
16:07:09.185 [JavaFX Application Thread] DEBUG PrimaryStageWindow   - GameScene <- StageStartScene
16:07:09.674 [JavaFX Application Thread] DEBUG PrimaryStageWindow   - Push state: GameMenu
16:07:09.674 [JavaFX Application Thread] DEBUG Input                - Clearing active input actions
16:07:09.675 [JavaFX Application Thread] DEBUG GameApplicationServi - Removing overlay from GameScene and adding to GameMenu
16:07:09.675 [JavaFX Application Thread] DEBUG PrimaryStageWindow   - GameScene -> GameMenu
16:07:12.110 [JavaFX Application Thread] DEBUG Menu                 - fireExitToMainMenu()
16:07:12.115 [JavaFX Application Thread] DEBUG PrimaryStageWindow   - Push state: DialogSubScene
16:07:12.115 [JavaFX Application Thread] DEBUG Input                - Clearing active input actions
16:07:12.115 [JavaFX Application Thread] DEBUG GameApplicationServi - Removing overlay from GameMenu and adding to DialogSubScene
16:07:12.115 [JavaFX Application Thread] DEBUG PrimaryStageWindow   - GameMenu -> DialogSubScene
16:07:12.734 [JavaFX Application Thread] DEBUG PrimaryStageWindow   - Pop state: DialogSubScene
16:07:12.735 [JavaFX Application Thread] DEBUG Input                - Clearing active input actions
16:07:12.735 [JavaFX Application Thread] DEBUG GameApplicationServi - Removing overlay from DialogSubScene and adding to GameMenu
16:07:12.735 [JavaFX Application Thread] DEBUG PrimaryStageWindow   - GameMenu <- DialogSubScene
16:07:12.736 [JavaFX Application Thread] DEBUG PrimaryStageWindow   - Pop state: GameMenu
16:07:12.736 [JavaFX Application Thread] DEBUG Input                - Clearing active input actions
16:07:12.736 [JavaFX Application Thread] DEBUG GameApplicationServi - Removing overlay from GameMenu and adding to GameScene
16:07:12.736 [JavaFX Application Thread] DEBUG PrimaryStageWindow   - GameScene <- GameMenu
16:07:12.736 [JavaFX Application Thread] DEBUG Input                - Clearing active input actions
16:07:12.741 [JavaFX Application Thread] DEBUG GameApplicationServi - Removing overlay from GameScene and adding to FXGLMainMenuDummyScene
16:07:12.742 [JavaFX Application Thread] DEBUG PrimaryStageWindow   - GameScene -> FXGLMainMenuDummyScene
16:07:12.742 [JavaFX Application Thread] DEBUG PrimaryStageWindow   - Push state: MainMenu
16:07:12.742 [JavaFX Application Thread] DEBUG Input                - Clearing active input actions
16:07:12.742 [JavaFX Application Thread] DEBUG GameApplicationServi - Removing overlay from FXGLMainMenuDummyScene and adding to MainMenu
16:07:12.742 [JavaFX Application Thread] DEBUG PrimaryStageWindow   - FXGLMainMenuDummyScene -> MainMenu
16:07:14.770 [JavaFX Application Thread] DEBUG Menu                 - fireNewGame()
16:07:14.770 [JavaFX Application Thread] DEBUG GameApplicationServi - Starting new game
16:07:14.771 [JavaFX Application Thread] DEBUG PrimaryStageWindow   - Pop state: MainMenu
16:07:14.771 [JavaFX Application Thread] DEBUG Input                - Clearing active input actions
16:07:14.772 [JavaFX Application Thread] DEBUG GameApplicationServi - Removing overlay from MainMenu and adding to FXGLMainMenuDummyScene
16:07:14.773 [JavaFX Application Thread] DEBUG PrimaryStageWindow   - FXGLMainMenuDummyScene <- MainMenu
16:07:14.773 [JavaFX Application Thread] DEBUG Input                - Clearing active input actions
16:07:14.777 [JavaFX Application Thread] DEBUG GameApplicationServi - Removing overlay from FXGLMainMenuDummyScene and adding to FXGLLoadingScene
16:07:14.778 [JavaFX Application Thread] DEBUG PrimaryStageWindow   - FXGLMainMenuDummyScene -> FXGLLoadingScene
16:07:14.778 [JavaFX Application Thread] DEBUG GameApplicationServi - Clearing previous game
16:07:14.778 [JavaFX Application Thread] DEBUG GameScene            - Clearing game scene
16:07:14.778 [JavaFX Application Thread] DEBUG GameWorld            - Clearing game world
16:07:14.792 [JavaFX Application Thread] DEBUG PhysicsWorld         - Clearing physics world
16:07:14.793 [FXGL Background Thread 2 ] DEBUG FXGLApplication      - Initializing game
16:07:16.223 [FXGL Background Thread 2 ] INFO  FXGLApplication      - Game initialization took: 1.431 sec
16:07:16.234 [JavaFX Application Thread] DEBUG Input                - Clearing active input actions
16:07:16.242 [JavaFX Application Thread] DEBUG GameApplicationServi - Removing overlay from FXGLLoadingScene and adding to GameScene
16:07:16.242 [JavaFX Application Thread] DEBUG PrimaryStageWindow   - FXGLLoadingScene -> GameScene
16:07:35.516 [JavaFX Application Thread] DEBUG PrimaryStageWindow   - Push state: GameMenu
16:07:35.516 [JavaFX Application Thread] DEBUG Input                - Clearing active input actions
16:07:35.516 [JavaFX Application Thread] DEBUG GameApplicationServi - Removing overlay from GameScene and adding to GameMenu
16:07:35.516 [JavaFX Application Thread] DEBUG PrimaryStageWindow   - GameScene -> GameMenu
16:07:36.373 [JavaFX Application Thread] DEBUG Menu                 - fireExit()
16:07:36.375 [JavaFX Application Thread] DEBUG PrimaryStageWindow   - Push state: DialogSubScene
16:07:36.375 [JavaFX Application Thread] DEBUG Input                - Clearing active input actions
16:07:36.375 [JavaFX Application Thread] DEBUG GameApplicationServi - Removing overlay from GameMenu and adding to DialogSubScene
16:07:36.375 [JavaFX Application Thread] DEBUG PrimaryStageWindow   - GameMenu -> DialogSubScene
16:07:37.470 [JavaFX Application Thread] DEBUG PrimaryStageWindow   - Pop state: DialogSubScene
16:07:37.470 [JavaFX Application Thread] DEBUG Input                - Clearing active input actions
16:07:37.470 [JavaFX Application Thread] DEBUG GameApplicationServi - Removing overlay from DialogSubScene and adding to GameMenu
16:07:37.470 [JavaFX Application Thread] DEBUG PrimaryStageWindow   - GameMenu <- DialogSubScene
16:07:37.470 [JavaFX Application Thread] DEBUG FXGLApplication      - Exiting FXGL
16:07:37.471 [JavaFX Application Thread] DEBUG LoopRunner           - Stopping loop
16:07:37.471 [JavaFX Application Thread] DEBUG SystemBundleService  - Saving FXGL system data
16:07:37.472 [JavaFX Application Thread] DEBUG FileSystemAccess     - Writing to: C:\Users\Admin\Desktop\Bomberman\system\fxgl.bundle
16:07:37.474 [JavaFX Application Thread] DEBUG Async                - Shutting down background threads
16:07:37.474 [JavaFX Application Thread] DEBUG PrimaryStageWindow   - Closing main window
16:07:37.487 [JavaFX Application Thread] DEBUG Logger               - Closing Logger
