13:37:30.582 [main                     ] DEBUG Logger               - Configured Logger
13:37:30.587 [main                     ] DEBUG GameApplication      - Logging settings
Title: BOMBERMAN
Version: 1.0
Width: 640
Height: 624
Fullscreen: true
Intro: false
Profiling: false
Single step:false
App Mode: DEVELOPER
Menu Key: ESCAPE
Stage Style: DECORATED
Scene Factory: class com.almasb.fxgl.app.scene.SceneFactory

13:37:31.023 [JavaFX Application Thread] DEBUG FXGLApplication      - Initializing FXGL
13:37:31.025 [JavaFX Application Thread] INFO  Engine               - FXGL-11.17 (16.07.2021 15.46) on WINDOWS (J:11.0.16.1 FX:16)
13:37:31.026 [JavaFX Application Thread] DEBUG Engine               - JRE Vendor Name: Oracle Corporation
13:37:31.026 [JavaFX Application Thread] DEBUG Engine               - Running on OS: Windows 11 version 10.0
13:37:31.026 [JavaFX Application Thread] DEBUG Engine               - Architecture: amd64
13:37:31.027 [JavaFX Application Thread] INFO  Engine               - Source code and latest versions at: https://github.com/AlmasB/FXGL
13:37:31.027 [JavaFX Application Thread] INFO  Engine               -              Join the FXGL chat at: https://gitter.im/AlmasB/FXGL
13:37:31.174 [JavaFX Application Thread] DEBUG PrimaryStageWindow   - Creating a JavaFX scene
13:37:31.237 [JavaFX Application Thread] DEBUG PrimaryStageWindow   - Target settings size: 640.0 x 624.0
13:37:31.237 [JavaFX Application Thread] DEBUG PrimaryStageWindow   - Scaled scene size:    640.0 x 624.0
13:37:31.237 [JavaFX Application Thread] DEBUG PrimaryStageWindow   - Scaled ratio: (1.0, 1.0)
13:37:31.238 [JavaFX Application Thread] DEBUG PrimaryStageWindow   - Set initial scene to FXGLStartupScene
13:37:31.247 [JavaFX Application Thread] DEBUG PrimaryStageWindow   - Opening main window
13:37:31.360 [JavaFX Application Thread] DEBUG PrimaryStageWindow   - Window border size: (13.0, 35.5)
13:37:31.360 [JavaFX Application Thread] DEBUG PrimaryStageWindow   - Scaled size: 640.0 x 624.0
13:37:31.361 [JavaFX Application Thread] DEBUG PrimaryStageWindow   - Scaled ratio: (1.0, 1.0)
13:37:31.361 [JavaFX Application Thread] DEBUG PrimaryStageWindow   - Scene size: 640.0 x 624.0
13:37:31.361 [JavaFX Application Thread] DEBUG PrimaryStageWindow   - Stage size: 653.0 x 659.5
13:37:31.371 [FXGL Background Thread 1 ] DEBUG Engine               - Initializing environment variables
13:37:31.460 [FXGL Background Thread 1 ] DEBUG FXGLAssetLoaderServi - User app class for loading assets: class Bomberman.BombermanGame
13:37:31.460 [FXGL Background Thread 1 ] DEBUG GameApplicationServi - Applying CSS: fxgl_dark.css
13:37:31.461 [FXGL Background Thread 1 ] DEBUG FXGLAssetLoaderServi - Loading from file system: jar:file:/C:/Users/Admin/.m2/repository/com/github/almasb/fxgl/11.17/fxgl-11.17.jar!/fxglassets/ui/css/fxgl_dark.css
13:37:31.517 [FXGL Background Thread 1 ] DEBUG GameApplicationServi - Initializing application scenes
13:37:31.574 [FXGL Background Thread 1 ] DEBUG GameWorld            - Game world initialized
13:37:31.642 [FXGL Background Thread 1 ] DEBUG PhysicsWorld         - Physics world initialized: appHeight=624, physics.ppm=50.0
13:37:31.643 [FXGL Background Thread 1 ] DEBUG PhysicsWorld         - Using strategy: BRUTE_FORCE
13:37:31.646 [FXGL Background Thread 1 ] DEBUG GameScene            - Game scene initialized: 640x624
13:37:31.660 [FXGL Background Thread 1 ] WARN  FXGL.DefaultMenu     - FXGLDefaultMenu is not designed for resolutions < 800x600
13:37:31.660 [FXGL Background Thread 1 ] DEBUG FXGL.DefaultMenu     - createMenuBodyGameMenu()
13:37:31.679 [FXGL Background Thread 1 ] DEBUG FXGL.DefaultMenu     - createOptionsMenu()
13:37:31.691 [FXGL Background Thread 1 ] DEBUG FXGLAssetLoaderServi - Loading from file system: jar:file:/C:/Users/Admin/.m2/repository/com/github/almasb/fxgl/11.17/fxgl-11.17.jar!/fxglassets/textures/particles/smoke.png
13:37:31.796 [FXGL Background Thread 1 ] DEBUG FXGLAssetLoaderServi - Loading from file system: jar:file:/C:/Users/Admin/.m2/repository/com/github/almasb/fxgl/11.17/fxgl-11.17.jar!/fxglassets/textures/particles/trace_horizontal.png
13:37:31.832 [FXGL Background Thread 1 ] DEBUG GameApplicationServi - Application scenes initialized
13:37:31.847 [FXGL Background Thread 1 ] DEBUG SystemBundleService  - Loading FXGL system data
13:37:31.851 [FXGL Background Thread 1 ] DEBUG FileSystemAccess     - Reading from: C:\Users\Admin\Desktop\Bomberman\system\fxgl.bundle
13:37:31.856 [FXGL Background Thread 1 ] DEBUG SystemBundleService  - Bundle FXGL: {}
13:37:31.857 [FXGL Background Thread 1 ] DEBUG UpdaterService       - Checking for updates
13:37:31.861 [FXGL Background Thread 4 ] DEBUG FXGLApplication      - Loading fonts
13:37:31.862 [FXGL Background Thread 1 ] DEBUG FXGLApplication      - Loading default localization
13:37:31.862 [FXGL Background Thread 4 ] DEBUG FXGLAssetLoaderServi - Loading from file system: jar:file:/C:/Users/Admin/.m2/repository/com/github/almasb/fxgl/11.17/fxgl-11.17.jar!/fxglassets/ui/fonts/VarelaRound-Regular.ttf
13:37:31.862 [FXGL Background Thread 1 ] DEBUG FXGLAssetLoaderServi - Loading from file system: jar:file:/C:/Users/Admin/.m2/repository/com/github/almasb/fxgl/11.17/fxgl-11.17.jar!/fxglassets/languages/english.lang
13:37:31.881 [FXGL Background Thread 1 ] INFO  FXGLApplication      - FXGL initialization took: 0.510 sec
13:37:31.897 [JavaFX Application Thread] DEBUG Input                - Registered new binding: Move Left - A
13:37:31.898 [JavaFX Application Thread] DEBUG Input                - Registered new binding: Move Right - D
13:37:31.898 [JavaFX Application Thread] DEBUG Input                - Registered new binding: Move Up - W
13:37:31.898 [JavaFX Application Thread] DEBUG Input                - Registered new binding: Move Down - S
13:37:31.898 [JavaFX Application Thread] DEBUG Input                - Registered new binding: Place Bomb - Space
13:37:31.898 [JavaFX Application Thread] DEBUG Input                - Registered new binding: Switch to classic bomb - 1
13:37:31.899 [JavaFX Application Thread] DEBUG Input                - Registered new binding: Switch to lazer bomb - 2
13:37:31.899 [JavaFX Application Thread] DEBUG Input                - Registered new binding: Switch to light bomb - 3
13:37:31.899 [JavaFX Application Thread] DEBUG Input                - Registered new binding: Exit game - Esc
13:37:32.178 [FXGL Background Thread 4 ] DEBUG FXGLAssetLoaderServi - Loading from file system: jar:file:/C:/Users/Admin/.m2/repository/com/github/almasb/fxgl/11.17/fxgl-11.17.jar!/fxglassets/ui/fonts/Abel-Regular.ttf
13:37:32.182 [FXGL Background Thread 4 ] DEBUG FXGLAssetLoaderServi - Loading from file system: jar:file:/C:/Users/Admin/.m2/repository/com/github/almasb/fxgl/11.17/fxgl-11.17.jar!/fxglassets/ui/fonts/lucida_console.ttf
13:37:32.193 [FXGL Background Thread 4 ] DEBUG FXGLAssetLoaderServi - Loading from file system: jar:file:/C:/Users/Admin/.m2/repository/com/github/almasb/fxgl/11.17/fxgl-11.17.jar!/fxglassets/ui/fonts/Courier-Prime.ttf
13:37:32.561 [FXGL Background Thread 2 ] INFO  UpdaterService       - Your current version:  11.17
13:37:32.561 [FXGL Background Thread 2 ] INFO  UpdaterService       - Latest stable version: 17.2
13:37:33.515 [JavaFX Application Thread] DEBUG FXGLAssetLoaderServi - Loading from file system: file:/C:/Users/Admin/Desktop/Bomberman/target/classes/assets/textures/player_die.png
13:37:33.519 [JavaFX Application Thread] DEBUG FXGLAssetLoaderServi - Loading from file system: file:/C:/Users/Admin/Desktop/Bomberman/target/classes/assets/textures/player_down.png
13:37:33.521 [JavaFX Application Thread] DEBUG FXGLAssetLoaderServi - Loading from file system: file:/C:/Users/Admin/Desktop/Bomberman/target/classes/assets/textures/player_right.png
13:37:33.523 [JavaFX Application Thread] DEBUG FXGLAssetLoaderServi - Loading from file system: file:/C:/Users/Admin/Desktop/Bomberman/target/classes/assets/textures/player_up.png
13:37:33.525 [JavaFX Application Thread] DEBUG FXGLAssetLoaderServi - Loading from file system: file:/C:/Users/Admin/Desktop/Bomberman/target/classes/assets/textures/player_left.png
13:37:33.534 [JavaFX Application Thread] DEBUG FXGLAssetLoaderServi - Loading from file system: jar:file:/C:/Users/Admin/.m2/repository/com/github/almasb/fxgl/11.17/fxgl-11.17.jar!/fxglassets/textures/fxgl_icon.png
13:37:33.550 [JavaFX Application Thread] DEBUG FXGLAssetLoaderServi - Loading from file system: jar:file:/C:/Users/Admin/.m2/repository/com/github/almasb/fxgl/11.17/fxgl-11.17.jar!/fxglassets/textures/fxgl_default_cursor.png
13:37:33.552 [JavaFX Application Thread] DEBUG Input                - Registered new binding: Screenshot - CTRL+8
13:37:33.552 [JavaFX Application Thread] DEBUG Input                - Registered new binding: System info dump - CTRL+9
13:37:33.553 [JavaFX Application Thread] DEBUG Input                - Registered new binding: Restart - CTRL+R
13:37:33.553 [JavaFX Application Thread] DEBUG Input                - Registered new binding: Toggle Debug Camera - CTRL+C
13:37:33.555 [JavaFX Application Thread] DEBUG LoopRunner           - Starting loop
13:37:33.555 [JavaFX Application Thread] DEBUG LoopRunner           - Initializing JavaFX AnimationTimerLoop
13:37:33.556 [JavaFX Application Thread] DEBUG GameApplicationServi - Starting new game
13:37:33.556 [JavaFX Application Thread] DEBUG Input                - Clearing active input actions
13:37:33.569 [JavaFX Application Thread] DEBUG GameApplicationServi - Removing overlay from FXGLStartupScene and adding to FXGLLoadingScene
13:37:33.569 [JavaFX Application Thread] DEBUG PrimaryStageWindow   - FXGLStartupScene -> FXGLLoadingScene
13:37:33.569 [JavaFX Application Thread] DEBUG GameApplicationServi - Clearing previous game
13:37:33.569 [JavaFX Application Thread] DEBUG GameScene            - Clearing game scene
13:37:33.569 [JavaFX Application Thread] DEBUG GameWorld            - Clearing game world
13:37:33.569 [JavaFX Application Thread] DEBUG PhysicsWorld         - Clearing physics world
13:37:33.570 [FXGL Background Thread 2 ] DEBUG FXGLApplication      - Initializing game
13:37:33.571 [JavaFX Application Thread] DEBUG FXGLApplication      - Registering font factories with UI factory
13:37:33.584 [FXGL Background Thread 2 ] DEBUG FXGLAssetLoaderServi - Loading from file system: file:/C:/Users/Admin/Desktop/Bomberman/target/classes/assets/textures/wall.png
13:37:33.620 [FXGL Background Thread 2 ] DEBUG FXGLAssetLoaderServi - Loading from file system: file:/C:/Users/Admin/Desktop/Bomberman/target/classes/assets/textures/brick.png
13:37:33.621 [FXGL Background Thread 2 ] DEBUG FXGLAssetLoaderServi - Loading from file system: file:/C:/Users/Admin/Desktop/Bomberman/target/classes/assets/textures/brick_break.png
13:37:33.652 [FXGL Background Thread 2 ] DEBUG FXGLAssetLoaderServi - Loading from file system: file:/C:/Users/Admin/Desktop/Bomberman/target/classes/assets/textures/portal.png
13:37:33.672 [FXGL Background Thread 2 ] DEBUG FXGLAssetLoaderServi - Loading from file system: file:/C:/Users/Admin/Desktop/Bomberman/target/classes/assets/textures/powerup_flames.png
13:37:33.742 [FXGL Background Thread 2 ] INFO  FXGLApplication      - Game initialization took: 0.171 sec
13:37:33.742 [JavaFX Application Thread] DEBUG Input                - Clearing active input actions
13:37:33.766 [JavaFX Application Thread] DEBUG GameApplicationServi - Removing overlay from FXGLLoadingScene and adding to GameScene
13:37:33.767 [JavaFX Application Thread] DEBUG PrimaryStageWindow   - FXGLLoadingScene -> GameScene
13:37:34.860 [FXGL Background Thread 3 ] DEBUG Engine               - Logging environment variables
13:37:34.860 [FXGL Background Thread 3 ] DEBUG Engine               - achievements: []
13:37:34.860 [FXGL Background Thread 3 ] DEBUG Engine               - actualHeight: 624.0
13:37:34.861 [FXGL Background Thread 3 ] DEBUG Engine               - actualHeightProperty: ReadOnlyDoubleProperty [value: 624.0]
13:37:34.861 [FXGL Background Thread 3 ] DEBUG Engine               - actualWidth: 640.0
13:37:34.861 [FXGL Background Thread 3 ] DEBUG Engine               - actualWidthProperty: ReadOnlyDoubleProperty [value: 640.0]
13:37:34.861 [FXGL Background Thread 3 ] DEBUG Engine               - appIcon: fxgl_icon.png
13:37:34.861 [FXGL Background Thread 3 ] DEBUG Engine               - applicationMode: DEVELOPER
13:37:34.861 [FXGL Background Thread 3 ] DEBUG Engine               - cSSList: [fxgl_dark.css]
13:37:34.861 [FXGL Background Thread 3 ] DEBUG Engine               - collisionDetectionStrategy: BRUTE_FORCE
13:37:34.861 [FXGL Background Thread 3 ] DEBUG Engine               - configClass: Optional.empty
13:37:34.861 [FXGL Background Thread 3 ] DEBUG Engine               - credits: []
13:37:34.861 [FXGL Background Thread 3 ] DEBUG Engine               - defaultCursor: CursorInfo(imageName=fxgl_default_cursor.png, hotspotX=7.0, hotspotY=6.0)
13:37:34.861 [FXGL Background Thread 3 ] DEBUG Engine               - devBBoxColorProperty: ObjectProperty [value: 0xff0000ff]
13:37:34.861 [FXGL Background Thread 3 ] DEBUG Engine               - devEnableDebugCameraProperty: BooleanProperty [value: false]
13:37:34.861 [FXGL Background Thread 3 ] DEBUG Engine               - devSensorColorProperty: ObjectProperty [value: 0xffff00ff]
13:37:34.861 [FXGL Background Thread 3 ] DEBUG Engine               - devShowBBoxProperty: BooleanProperty [value: false]
13:37:34.861 [FXGL Background Thread 3 ] DEBUG Engine               - devShowPositionProperty: BooleanProperty [value: false]
13:37:34.861 [FXGL Background Thread 3 ] DEBUG Engine               - enabledMenuItems: []
13:37:34.861 [FXGL Background Thread 3 ] DEBUG Engine               - engineServices: [class com.almasb.fxgl.app.services.FXGLAssetLoaderService, class com.almasb.fxgl.app.FXGLApplication$GameApplicationService, class com.almasb.fxgl.app.services.FXGLDialogService, class com.almasb.fxgl.app.services.IOTaskExecutorService, class com.almasb.fxgl.io.FileSystemService, class com.almasb.fxgl.localization.LocalizationService, class com.almasb.fxgl.app.services.SystemBundleService, class com.almasb.fxgl.profile.SaveLoadService, class com.almasb.fxgl.ui.FXGLUIFactoryServiceProvider, class com.almasb.fxgl.ui.FXGLDialogFactoryServiceProvider, class com.almasb.fxgl.audio.AudioPlayer, class com.almasb.fxgl.notification.impl.NotificationServiceProvider, class com.almasb.fxgl.achievement.AchievementService, class com.almasb.fxgl.cutscene.CutsceneService, class com.almasb.fxgl.minigames.MiniGameService, class com.almasb.fxgl.net.NetService, class com.almasb.fxgl.app.services.UpdaterService, class com.almasb.fxgl.dev.DevService]
13:37:34.862 [FXGL Background Thread 3 ] DEBUG Engine               - fontGame: Abel-Regular.ttf
13:37:34.862 [FXGL Background Thread 3 ] DEBUG Engine               - fontMono: lucida_console.ttf
13:37:34.862 [FXGL Background Thread 3 ] DEBUG Engine               - fontText: Courier-Prime.ttf
13:37:34.862 [FXGL Background Thread 3 ] DEBUG Engine               - fontUI: VarelaRound-Regular.ttf
13:37:34.862 [FXGL Background Thread 3 ] DEBUG Engine               - fullScreen: BooleanProperty [value: false]
13:37:34.862 [FXGL Background Thread 3 ] DEBUG Engine               - gameDifficulty: MEDIUM
13:37:34.862 [FXGL Background Thread 3 ] DEBUG Engine               - gameDifficultyProperty: ObjectProperty [value: MEDIUM]
13:37:34.862 [FXGL Background Thread 3 ] DEBUG Engine               - globalMusicVolume: 0.5
13:37:34.862 [FXGL Background Thread 3 ] DEBUG Engine               - globalMusicVolumeProperty: DoubleProperty [value: 0.5]
13:37:34.862 [FXGL Background Thread 3 ] DEBUG Engine               - globalSoundVolume: 0.5
13:37:34.862 [FXGL Background Thread 3 ] DEBUG Engine               - globalSoundVolumeProperty: DoubleProperty [value: 0.5]
13:37:34.862 [FXGL Background Thread 3 ] DEBUG Engine               - height: 624
13:37:34.862 [FXGL Background Thread 3 ] DEBUG Engine               - is3D: false
13:37:34.862 [FXGL Background Thread 3 ] DEBUG Engine               - isAndroid: false
13:37:34.862 [FXGL Background Thread 3 ] DEBUG Engine               - isBrowser: false
13:37:34.862 [FXGL Background Thread 3 ] DEBUG Engine               - isClickFeedbackEnabled: false
13:37:34.862 [FXGL Background Thread 3 ] DEBUG Engine               - isCloseConfirmation: false
13:37:34.862 [FXGL Background Thread 3 ] DEBUG Engine               - isDesktop: true
13:37:34.862 [FXGL Background Thread 3 ] DEBUG Engine               - isDeveloperMenuEnabled: false
13:37:34.862 [FXGL Background Thread 3 ] DEBUG Engine               - isEntityPreloadEnabled: true
13:37:34.862 [FXGL Background Thread 3 ] DEBUG Engine               - isExperimentalTiledLargeMap: false
13:37:34.863 [FXGL Background Thread 3 ] DEBUG Engine               - isFileSystemWriteAllowed: true
13:37:34.863 [FXGL Background Thread 3 ] DEBUG Engine               - isFullScreenAllowed: true
13:37:34.863 [FXGL Background Thread 3 ] DEBUG Engine               - isFullScreenFromStart: false
13:37:34.863 [FXGL Background Thread 3 ] DEBUG Engine               - isGameMenuEnabled: true
13:37:34.863 [FXGL Background Thread 3 ] DEBUG Engine               - isIOS: false
13:37:34.863 [FXGL Background Thread 3 ] DEBUG Engine               - isIntroEnabled: false
13:37:34.863 [FXGL Background Thread 3 ] DEBUG Engine               - isLinux: false
13:37:34.863 [FXGL Background Thread 3 ] DEBUG Engine               - isMac: false
13:37:34.863 [FXGL Background Thread 3 ] DEBUG Engine               - isMainMenuEnabled: false
13:37:34.863 [FXGL Background Thread 3 ] DEBUG Engine               - isManualResizeEnabled: false
13:37:34.863 [FXGL Background Thread 3 ] DEBUG Engine               - isMobile: false
13:37:34.863 [FXGL Background Thread 3 ] DEBUG Engine               - isNative: false
13:37:34.863 [FXGL Background Thread 3 ] DEBUG Engine               - isPauseMusicWhenMinimized: true
13:37:34.863 [FXGL Background Thread 3 ] DEBUG Engine               - isPreserveResizeRatio: false
13:37:34.863 [FXGL Background Thread 3 ] DEBUG Engine               - isProfilingEnabled: false
13:37:34.863 [FXGL Background Thread 3 ] DEBUG Engine               - isScaleAffectedOnResize: true
13:37:34.863 [FXGL Background Thread 3 ] DEBUG Engine               - isSingleStep: false
13:37:34.863 [FXGL Background Thread 3 ] DEBUG Engine               - isUserProfileEnabled: false
13:37:34.863 [FXGL Background Thread 3 ] DEBUG Engine               - isWindows: true
13:37:34.863 [FXGL Background Thread 3 ] DEBUG Engine               - language: ObjectProperty [value: ENGLISH]
13:37:34.863 [FXGL Background Thread 3 ] DEBUG Engine               - menuKey: ESCAPE
13:37:34.863 [FXGL Background Thread 3 ] DEBUG Engine               - mouseSensitivity: 0.2
13:37:34.863 [FXGL Background Thread 3 ] DEBUG Engine               - notificationViewClass: class com.almasb.fxgl.notification.view.XboxNotificationView
13:37:34.863 [FXGL Background Thread 3 ] DEBUG Engine               - pixelsPerMeter: 50.0
13:37:34.863 [FXGL Background Thread 3 ] DEBUG Engine               - platform: WINDOWS
13:37:34.863 [FXGL Background Thread 3 ] DEBUG Engine               - prefHeightProperty: ReadOnlyDoubleProperty [value: 624.0]
13:37:34.863 [FXGL Background Thread 3 ] DEBUG Engine               - prefWidthProperty: ReadOnlyDoubleProperty [value: 640.0]
13:37:34.863 [FXGL Background Thread 3 ] DEBUG Engine               - profileDir: profiles/
13:37:34.863 [FXGL Background Thread 3 ] DEBUG Engine               - profileName: StringProperty [value: DEFAULT]
13:37:34.863 [FXGL Background Thread 3 ] DEBUG Engine               - randomSeed: -1
13:37:34.863 [FXGL Background Thread 3 ] DEBUG Engine               - runtimeInfo: RuntimeInfo(platform=WINDOWS, version=11.17, build=16.07.2021 15.46)
13:37:34.863 [FXGL Background Thread 3 ] DEBUG Engine               - saveFileExt: sav
13:37:34.864 [FXGL Background Thread 3 ] DEBUG Engine               - scaledHeightProp$fxgl: DoubleProperty [bound, value: 624.0]
13:37:34.864 [FXGL Background Thread 3 ] DEBUG Engine               - scaledWidthProp$fxgl: DoubleProperty [bound, value: 640.0]
13:37:34.864 [FXGL Background Thread 3 ] DEBUG Engine               - sceneFactory: com.almasb.fxgl.app.scene.SceneFactory@670e708
13:37:34.864 [FXGL Background Thread 3 ] DEBUG Engine               - secondsIn24h: 60
13:37:34.864 [FXGL Background Thread 3 ] DEBUG Engine               - soundMenuBack: menu/back.wav
13:37:34.864 [FXGL Background Thread 3 ] DEBUG Engine               - soundMenuPress: menu/press.wav
13:37:34.864 [FXGL Background Thread 3 ] DEBUG Engine               - soundMenuSelect: menu/select.wav
13:37:34.864 [FXGL Background Thread 3 ] DEBUG Engine               - soundNotification: core/notification.wav
13:37:34.864 [FXGL Background Thread 3 ] DEBUG Engine               - stageStyle: DECORATED
13:37:34.864 [FXGL Background Thread 3 ] DEBUG Engine               - supportedLanguages: [ENGLISH, FRENCH, GERMAN, HUNGARIAN, RUSSIAN]
13:37:34.864 [FXGL Background Thread 3 ] DEBUG Engine               - ticksPerSecond: -1
13:37:34.864 [FXGL Background Thread 3 ] DEBUG Engine               - title: BOMBERMAN
13:37:34.864 [FXGL Background Thread 3 ] DEBUG Engine               - urlGithub: https://github.com/AlmasB/FXGL
13:37:34.864 [FXGL Background Thread 3 ] DEBUG Engine               - urlLeaderboard: http://fxgl-top.herokuapp.com/
13:37:34.864 [FXGL Background Thread 3 ] DEBUG Engine               - urlPOM: https://raw.githubusercontent.com/AlmasB/FXGL/release/README.md
13:37:34.864 [FXGL Background Thread 3 ] DEBUG Engine               - userAppClass: class Bomberman.BombermanGame
13:37:34.864 [FXGL Background Thread 3 ] DEBUG Engine               - version: 1.0
13:37:34.864 [FXGL Background Thread 3 ] DEBUG Engine               - versionCheckDays: 7
13:37:34.864 [FXGL Background Thread 3 ] DEBUG Engine               - width: 640
13:37:34.864 [FXGL Background Thread 3 ] DEBUG Engine               - Logging services
13:37:34.864 [FXGL Background Thread 3 ] DEBUG Engine               - class com.almasb.fxgl.app.services.FXGLAssetLoaderService
13:37:34.864 [FXGL Background Thread 3 ] DEBUG Engine               - class com.almasb.fxgl.app.FXGLApplication$GameApplicationService
13:37:34.864 [FXGL Background Thread 3 ] DEBUG Engine               - class com.almasb.fxgl.app.services.FXGLDialogService
13:37:34.864 [FXGL Background Thread 3 ] DEBUG Engine               - class com.almasb.fxgl.app.services.IOTaskExecutorService
13:37:34.864 [FXGL Background Thread 3 ] DEBUG Engine               - class com.almasb.fxgl.io.FileSystemService
13:37:34.864 [FXGL Background Thread 3 ] DEBUG Engine               - class com.almasb.fxgl.localization.LocalizationService
13:37:34.864 [FXGL Background Thread 3 ] DEBUG Engine               - class com.almasb.fxgl.app.services.SystemBundleService
13:37:34.864 [FXGL Background Thread 3 ] DEBUG Engine               - class com.almasb.fxgl.profile.SaveLoadService
13:37:34.864 [FXGL Background Thread 3 ] DEBUG Engine               - class com.almasb.fxgl.ui.FXGLUIFactoryServiceProvider
13:37:34.864 [FXGL Background Thread 3 ] DEBUG Engine               - class com.almasb.fxgl.ui.FXGLDialogFactoryServiceProvider
13:37:34.864 [FXGL Background Thread 3 ] DEBUG Engine               - class com.almasb.fxgl.audio.AudioPlayer
13:37:34.864 [FXGL Background Thread 3 ] DEBUG Engine               - class com.almasb.fxgl.notification.impl.NotificationServiceProvider
13:37:34.864 [FXGL Background Thread 3 ] DEBUG Engine               - class com.almasb.fxgl.achievement.AchievementService
13:37:34.864 [FXGL Background Thread 3 ] DEBUG Engine               - class com.almasb.fxgl.cutscene.CutsceneService
13:37:34.864 [FXGL Background Thread 3 ] DEBUG Engine               - class com.almasb.fxgl.minigames.MiniGameService
13:37:34.864 [FXGL Background Thread 3 ] DEBUG Engine               - class com.almasb.fxgl.net.NetService
13:37:34.864 [FXGL Background Thread 3 ] DEBUG Engine               - class com.almasb.fxgl.app.services.UpdaterService
13:37:34.864 [FXGL Background Thread 3 ] DEBUG Engine               - class com.almasb.fxgl.dev.DevService
13:37:38.156 [JavaFX Application Thread] DEBUG FXGLAssetLoaderServi - Loading from file system: file:/C:/Users/Admin/Desktop/Bomberman/target/classes/assets/sounds/place_bomb.wav
13:37:38.262 [JavaFX Application Thread] DEBUG FXGLAssetLoaderServi - Loading from file system: file:/C:/Users/Admin/Desktop/Bomberman/target/classes/assets/textures/bomb.png
13:37:40.126 [JavaFX Application Thread] DEBUG FXGLAssetLoaderServi - Loading from file system: file:/C:/Users/Admin/Desktop/Bomberman/target/classes/assets/sounds/explosion.wav
13:37:40.130 [JavaFX Application Thread] DEBUG FXGLAssetLoaderServi - Loading from file system: file:/C:/Users/Admin/Desktop/Bomberman/target/classes/assets/textures/central_flame.png
13:37:40.131 [JavaFX Application Thread] DEBUG FXGLAssetLoaderServi - Loading from file system: file:/C:/Users/Admin/Desktop/Bomberman/target/classes/assets/textures/top_up_flame.png
13:37:40.132 [JavaFX Application Thread] DEBUG FXGLAssetLoaderServi - Loading from file system: file:/C:/Users/Admin/Desktop/Bomberman/target/classes/assets/textures/top_down_flame.png
13:37:40.133 [JavaFX Application Thread] DEBUG FXGLAssetLoaderServi - Loading from file system: file:/C:/Users/Admin/Desktop/Bomberman/target/classes/assets/textures/top_right_flame.png
13:37:40.134 [JavaFX Application Thread] DEBUG FXGLAssetLoaderServi - Loading from file system: file:/C:/Users/Admin/Desktop/Bomberman/target/classes/assets/textures/top_left_flame.png
13:37:47.629 [JavaFX Application Thread] DEBUG LoopRunner           - Stopping loop
13:37:47.630 [JavaFX Application Thread] FATAL FXGLApplication      - Uncaught Exception:
java.lang.IllegalArgumentException: Component PlayerComponent not found!
	at com.almasb.fxgl.entity.Entity.getComponent(Entity.java:369)
	at Bomberman.BombermanGame.lambda$onUpdate$9(BombermanGame.java:442)
	at java.base/java.util.ArrayList.forEach(ArrayList.java:1541)
	at Bomberman.BombermanGame.onUpdate(BombermanGame.java:441)
	at com.almasb.fxgl.app.FXGLApplication$GameApplicationService.onGameUpdate(FXGLApplication.kt:421)
	at com.almasb.fxgl.app.Engine.onGameUpdate(Engine.kt:137)
	at com.almasb.fxgl.app.FXGLApplication.postServicesInit$lambda-7(FXGLApplication.kt:182)
	at com.almasb.fxgl.scene.Scene.update(Scene.kt:113)
	at com.almasb.fxgl.app.MainWindow$update$1.invoke(MainWindow.kt:110)
	at com.almasb.fxgl.app.MainWindow$update$1.invoke(MainWindow.kt:110)
	at com.almasb.fxgl.core.fsm.StateMachine.runOnActiveStates(StateMachine.kt:69)
	at com.almasb.fxgl.app.MainWindow.update(MainWindow.kt:110)
	at com.almasb.fxgl.app.FXGLApplication$GameApplicationService.onUpdate(FXGLApplication.kt:426)
	at com.almasb.fxgl.app.Engine.loop(Engine.kt:133)
	at com.almasb.fxgl.app.Engine.access$loop(Engine.kt:24)
	at com.almasb.fxgl.app.Engine$loop$1.invoke(Engine.kt:28)
	at com.almasb.fxgl.app.Engine$loop$1.invoke(Engine.kt:28)
	at com.almasb.fxgl.app.LoopRunner.frame(LoopRunner.kt:103)
	at com.almasb.fxgl.app.LoopRunner.access$frame(LoopRunner.kt:23)
	at com.almasb.fxgl.app.LoopRunner$impl$2$1.onTick(LoopRunner.kt:57)
	at com.almasb.fxgl.app.AnimationTimerLoop$timer$1.handle(LoopRunner.kt:137)
	at javafx.animation.AnimationTimer$AnimationTimerReceiver.lambda$handle$0(AnimationTimer.java:57)
	at java.base/java.security.AccessController.doPrivileged(Native Method)
	at javafx.animation.AnimationTimer$AnimationTimerReceiver.handle(AnimationTimer.java:56)
	at com.sun.scenario.animation.AbstractPrimaryTimer.timePulseImpl(AbstractPrimaryTimer.java:356)
	at com.sun.scenario.animation.AbstractPrimaryTimer$MainLoop.run(AbstractPrimaryTimer.java:266)
	at com.sun.javafx.tk.quantum.QuantumToolkit.pulse(QuantumToolkit.java:559)
	at com.sun.javafx.tk.quantum.QuantumToolkit.pulse(QuantumToolkit.java:543)
	at com.sun.javafx.tk.quantum.QuantumToolkit.pulseFromQueue(QuantumToolkit.java:536)
	at com.sun.javafx.tk.quantum.QuantumToolkit.lambda$runToolkit$11(QuantumToolkit.java:342)
	at com.sun.glass.ui.InvokeLaterDispatcher$Future.run(InvokeLaterDispatcher.java:96)
	at com.sun.glass.ui.win.WinApplication._runLoop(Native Method)
	at com.sun.glass.ui.win.WinApplication.lambda$runLoop$3(WinApplication.java:174)
	at java.base/java.lang.Thread.run(Thread.java:834)

13:37:47.630 [JavaFX Application Thread] FATAL FXGLApplication      - Application will now exit
13:37:47.645 [JavaFX Application Thread] DEBUG PrimaryStageWindow   - Push state: ErrorSubScene
13:37:47.646 [JavaFX Application Thread] DEBUG Input                - Clearing active input actions
13:37:47.653 [JavaFX Application Thread] DEBUG GameApplicationServi - Removing overlay from GameScene and adding to ErrorSubScene
13:37:47.653 [JavaFX Application Thread] DEBUG PrimaryStageWindow   - GameScene -> ErrorSubScene
13:37:49.435 [JavaFX Application Thread] DEBUG FXGLApplication      - Exiting FXGL
13:37:49.435 [JavaFX Application Thread] DEBUG Async                - Shutting down background threads
13:37:49.435 [JavaFX Application Thread] DEBUG PrimaryStageWindow   - Closing main window
13:37:49.447 [JavaFX Application Thread] DEBUG Logger               - Closing Logger
