20:11:34.131 [main                     ] DEBUG Logger               - Configured Logger
20:11:34.135 [main                     ] DEBUG GameApplication      - Logging settings
Title: BOMBERMAN
Version: 1.0
Width: 624
Height: 624
Fullscreen: true
Intro: false
Profiling: false
Single step:false
App Mode: DEVELOPER
Menu Key: ESCAPE
Stage Style: DECORATED
Scene Factory: class com.almasb.fxgl.app.scene.SceneFactory

20:11:34.606 [JavaFX Application Thread] DEBUG FXGLApplication      - Initializing FXGL
20:11:34.609 [JavaFX Application Thread] INFO  Engine               - FXGL-11.17 (16.07.2021 15.46) on WINDOWS (J:11.0.16.1 FX:16)
20:11:34.609 [JavaFX Application Thread] DEBUG Engine               - JRE Vendor Name: Oracle Corporation
20:11:34.610 [JavaFX Application Thread] DEBUG Engine               - Running on OS: Windows 11 version 10.0
20:11:34.610 [JavaFX Application Thread] DEBUG Engine               - Architecture: amd64
20:11:34.610 [JavaFX Application Thread] INFO  Engine               - Source code and latest versions at: https://github.com/AlmasB/FXGL
20:11:34.610 [JavaFX Application Thread] INFO  Engine               -              Join the FXGL chat at: https://gitter.im/AlmasB/FXGL
20:11:34.747 [JavaFX Application Thread] DEBUG PrimaryStageWindow   - Creating a JavaFX scene
20:11:34.814 [JavaFX Application Thread] DEBUG PrimaryStageWindow   - Target settings size: 624.0 x 624.0
20:11:34.815 [JavaFX Application Thread] DEBUG PrimaryStageWindow   - Scaled scene size:    624.0 x 624.0
20:11:34.815 [JavaFX Application Thread] DEBUG PrimaryStageWindow   - Scaled ratio: (1.0, 1.0)
20:11:34.817 [JavaFX Application Thread] DEBUG PrimaryStageWindow   - Set initial scene to FXGLStartupScene
20:11:34.829 [JavaFX Application Thread] DEBUG PrimaryStageWindow   - Opening main window
20:11:34.922 [JavaFX Application Thread] DEBUG PrimaryStageWindow   - Window border size: (13.0, 35.5)
20:11:34.922 [JavaFX Application Thread] DEBUG PrimaryStageWindow   - Scaled size: 624.0 x 624.0
20:11:34.922 [JavaFX Application Thread] DEBUG PrimaryStageWindow   - Scaled ratio: (1.0, 1.0)
20:11:34.923 [JavaFX Application Thread] DEBUG PrimaryStageWindow   - Scene size: 624.0 x 624.0
20:11:34.923 [JavaFX Application Thread] DEBUG PrimaryStageWindow   - Stage size: 637.0 x 659.5
20:11:34.934 [FXGL Background Thread 1 ] DEBUG Engine               - Initializing environment variables
20:11:35.012 [FXGL Background Thread 1 ] DEBUG FXGLAssetLoaderServi - User app class for loading assets: class Bomberman.BombermanGame
20:11:35.013 [FXGL Background Thread 1 ] DEBUG GameApplicationServi - Applying CSS: fxgl_dark.css
20:11:35.014 [FXGL Background Thread 1 ] DEBUG FXGLAssetLoaderServi - Loading from file system: jar:file:/C:/Users/Admin/.m2/repository/com/github/almasb/fxgl/11.17/fxgl-11.17.jar!/fxglassets/ui/css/fxgl_dark.css
20:11:35.067 [FXGL Background Thread 1 ] DEBUG GameApplicationServi - Initializing application scenes
20:11:35.117 [FXGL Background Thread 1 ] DEBUG GameWorld            - Game world initialized
20:11:35.182 [FXGL Background Thread 1 ] DEBUG PhysicsWorld         - Physics world initialized: appHeight=624, physics.ppm=50.0
20:11:35.182 [FXGL Background Thread 1 ] DEBUG PhysicsWorld         - Using strategy: BRUTE_FORCE
20:11:35.185 [FXGL Background Thread 1 ] DEBUG GameScene            - Game scene initialized: 624x624
20:11:35.197 [FXGL Background Thread 1 ] WARN  FXGL.DefaultMenu     - FXGLDefaultMenu is not designed for resolutions < 800x600
20:11:35.198 [FXGL Background Thread 1 ] DEBUG FXGL.DefaultMenu     - createMenuBodyGameMenu()
20:11:35.214 [FXGL Background Thread 1 ] DEBUG FXGL.DefaultMenu     - createOptionsMenu()
20:11:35.226 [FXGL Background Thread 1 ] DEBUG FXGLAssetLoaderServi - Loading from file system: jar:file:/C:/Users/Admin/.m2/repository/com/github/almasb/fxgl/11.17/fxgl-11.17.jar!/fxglassets/textures/particles/smoke.png
20:11:35.321 [FXGL Background Thread 1 ] DEBUG FXGLAssetLoaderServi - Loading from file system: jar:file:/C:/Users/Admin/.m2/repository/com/github/almasb/fxgl/11.17/fxgl-11.17.jar!/fxglassets/textures/particles/trace_horizontal.png
20:11:35.350 [FXGL Background Thread 1 ] DEBUG GameApplicationServi - Application scenes initialized
20:11:35.366 [FXGL Background Thread 1 ] DEBUG SystemBundleService  - Loading FXGL system data
20:11:35.371 [FXGL Background Thread 1 ] DEBUG FileSystemAccess     - Reading from: C:\Users\Admin\Desktop\Bomberman\system\fxgl.bundle
20:11:35.377 [FXGL Background Thread 1 ] DEBUG SystemBundleService  - Bundle FXGL: {}
20:11:35.377 [FXGL Background Thread 1 ] DEBUG UpdaterService       - Checking for updates
20:11:35.381 [FXGL Background Thread 4 ] DEBUG FXGLApplication      - Loading fonts
20:11:35.382 [FXGL Background Thread 1 ] DEBUG FXGLApplication      - Loading default localization
20:11:35.382 [FXGL Background Thread 4 ] DEBUG FXGLAssetLoaderServi - Loading from file system: jar:file:/C:/Users/Admin/.m2/repository/com/github/almasb/fxgl/11.17/fxgl-11.17.jar!/fxglassets/ui/fonts/VarelaRound-Regular.ttf
20:11:35.383 [FXGL Background Thread 1 ] DEBUG FXGLAssetLoaderServi - Loading from file system: jar:file:/C:/Users/Admin/.m2/repository/com/github/almasb/fxgl/11.17/fxgl-11.17.jar!/fxglassets/languages/english.lang
20:11:35.401 [FXGL Background Thread 1 ] INFO  FXGLApplication      - FXGL initialization took: 0.466 sec
20:11:35.414 [JavaFX Application Thread] DEBUG Input                - Registered new binding: Move Left - A
20:11:35.414 [JavaFX Application Thread] DEBUG Input                - Registered new binding: Move Right - D
20:11:35.414 [JavaFX Application Thread] DEBUG Input                - Registered new binding: Move Up - W
20:11:35.416 [JavaFX Application Thread] DEBUG Input                - Registered new binding: Move Down - S
20:11:35.416 [JavaFX Application Thread] DEBUG Input                - Registered new binding: Place Bomb - Space
20:11:35.416 [JavaFX Application Thread] DEBUG Input                - Registered new binding: Switch to classic bomb - 1
20:11:35.416 [JavaFX Application Thread] DEBUG Input                - Registered new binding: Switch to lazer bomb - 2
20:11:35.417 [JavaFX Application Thread] DEBUG Input                - Registered new binding: Switch to light bomb - 3
20:11:35.417 [JavaFX Application Thread] DEBUG Input                - Registered new binding: Exit game - Esc
20:11:35.692 [FXGL Background Thread 4 ] DEBUG FXGLAssetLoaderServi - Loading from file system: jar:file:/C:/Users/Admin/.m2/repository/com/github/almasb/fxgl/11.17/fxgl-11.17.jar!/fxglassets/ui/fonts/Abel-Regular.ttf
20:11:35.697 [FXGL Background Thread 4 ] DEBUG FXGLAssetLoaderServi - Loading from file system: jar:file:/C:/Users/Admin/.m2/repository/com/github/almasb/fxgl/11.17/fxgl-11.17.jar!/fxglassets/ui/fonts/lucida_console.ttf
20:11:35.703 [FXGL Background Thread 4 ] DEBUG FXGLAssetLoaderServi - Loading from file system: jar:file:/C:/Users/Admin/.m2/repository/com/github/almasb/fxgl/11.17/fxgl-11.17.jar!/fxglassets/ui/fonts/Courier-Prime.ttf
20:11:36.066 [FXGL Background Thread 2 ] INFO  UpdaterService       - Your current version:  11.17
20:11:36.067 [FXGL Background Thread 2 ] INFO  UpdaterService       - Latest stable version: 17.2
20:11:38.381 [FXGL Background Thread 3 ] DEBUG Engine               - Logging environment variables
20:11:38.382 [FXGL Background Thread 3 ] DEBUG Engine               - achievements: []
20:11:38.382 [FXGL Background Thread 3 ] DEBUG Engine               - actualHeight: 624.0
20:11:38.382 [FXGL Background Thread 3 ] DEBUG Engine               - actualHeightProperty: ReadOnlyDoubleProperty [value: 624.0]
20:11:38.382 [FXGL Background Thread 3 ] DEBUG Engine               - actualWidth: 624.0
20:11:38.382 [FXGL Background Thread 3 ] DEBUG Engine               - actualWidthProperty: ReadOnlyDoubleProperty [value: 624.0]
20:11:38.382 [FXGL Background Thread 3 ] DEBUG Engine               - appIcon: fxgl_icon.png
20:11:38.382 [FXGL Background Thread 3 ] DEBUG Engine               - applicationMode: DEVELOPER
20:11:38.382 [FXGL Background Thread 3 ] DEBUG Engine               - cSSList: [fxgl_dark.css]
20:11:38.382 [FXGL Background Thread 3 ] DEBUG Engine               - collisionDetectionStrategy: BRUTE_FORCE
20:11:38.382 [FXGL Background Thread 3 ] DEBUG Engine               - configClass: Optional.empty
20:11:38.382 [FXGL Background Thread 3 ] DEBUG Engine               - credits: []
20:11:38.382 [FXGL Background Thread 3 ] DEBUG Engine               - defaultCursor: CursorInfo(imageName=fxgl_default_cursor.png, hotspotX=7.0, hotspotY=6.0)
20:11:38.382 [FXGL Background Thread 3 ] DEBUG Engine               - devBBoxColorProperty: ObjectProperty [value: 0xff0000ff]
20:11:38.382 [FXGL Background Thread 3 ] DEBUG Engine               - devEnableDebugCameraProperty: BooleanProperty [value: false]
20:11:38.382 [FXGL Background Thread 3 ] DEBUG Engine               - devSensorColorProperty: ObjectProperty [value: 0xffff00ff]
20:11:38.382 [FXGL Background Thread 3 ] DEBUG Engine               - devShowBBoxProperty: BooleanProperty [value: false]
20:11:38.383 [FXGL Background Thread 3 ] DEBUG Engine               - devShowPositionProperty: BooleanProperty [value: false]
20:11:38.383 [FXGL Background Thread 3 ] DEBUG Engine               - enabledMenuItems: []
20:11:38.383 [FXGL Background Thread 3 ] DEBUG Engine               - engineServices: [class com.almasb.fxgl.app.services.FXGLAssetLoaderService, class com.almasb.fxgl.app.FXGLApplication$GameApplicationService, class com.almasb.fxgl.app.services.FXGLDialogService, class com.almasb.fxgl.app.services.IOTaskExecutorService, class com.almasb.fxgl.io.FileSystemService, class com.almasb.fxgl.localization.LocalizationService, class com.almasb.fxgl.app.services.SystemBundleService, class com.almasb.fxgl.profile.SaveLoadService, class com.almasb.fxgl.ui.FXGLUIFactoryServiceProvider, class com.almasb.fxgl.ui.FXGLDialogFactoryServiceProvider, class com.almasb.fxgl.audio.AudioPlayer, class com.almasb.fxgl.notification.impl.NotificationServiceProvider, class com.almasb.fxgl.achievement.AchievementService, class com.almasb.fxgl.cutscene.CutsceneService, class com.almasb.fxgl.minigames.MiniGameService, class com.almasb.fxgl.net.NetService, class com.almasb.fxgl.app.services.UpdaterService, class com.almasb.fxgl.dev.DevService]
20:11:38.383 [FXGL Background Thread 3 ] DEBUG Engine               - fontGame: Abel-Regular.ttf
20:11:38.383 [FXGL Background Thread 3 ] DEBUG Engine               - fontMono: lucida_console.ttf
20:11:38.383 [FXGL Background Thread 3 ] DEBUG Engine               - fontText: Courier-Prime.ttf
20:11:38.383 [FXGL Background Thread 3 ] DEBUG Engine               - fontUI: VarelaRound-Regular.ttf
20:11:38.383 [FXGL Background Thread 3 ] DEBUG Engine               - fullScreen: BooleanProperty [value: false]
20:11:38.383 [FXGL Background Thread 3 ] DEBUG Engine               - gameDifficulty: MEDIUM
20:11:38.383 [FXGL Background Thread 3 ] DEBUG Engine               - gameDifficultyProperty: ObjectProperty [value: MEDIUM]
20:11:38.383 [FXGL Background Thread 3 ] DEBUG Engine               - globalMusicVolume: 0.5
20:11:38.383 [FXGL Background Thread 3 ] DEBUG Engine               - globalMusicVolumeProperty: DoubleProperty [value: 0.5]
20:11:38.383 [FXGL Background Thread 3 ] DEBUG Engine               - globalSoundVolume: 0.5
20:11:38.383 [FXGL Background Thread 3 ] DEBUG Engine               - globalSoundVolumeProperty: DoubleProperty [value: 0.5]
20:11:38.383 [FXGL Background Thread 3 ] DEBUG Engine               - height: 624
20:11:38.383 [FXGL Background Thread 3 ] DEBUG Engine               - is3D: false
20:11:38.383 [FXGL Background Thread 3 ] DEBUG Engine               - isAndroid: false
20:11:38.383 [FXGL Background Thread 3 ] DEBUG Engine               - isBrowser: false
20:11:38.383 [FXGL Background Thread 3 ] DEBUG Engine               - isClickFeedbackEnabled: false
20:11:38.383 [FXGL Background Thread 3 ] DEBUG Engine               - isCloseConfirmation: false
20:11:38.383 [FXGL Background Thread 3 ] DEBUG Engine               - isDesktop: true
20:11:38.384 [FXGL Background Thread 3 ] DEBUG Engine               - isDeveloperMenuEnabled: false
20:11:38.384 [FXGL Background Thread 3 ] DEBUG Engine               - isEntityPreloadEnabled: true
20:11:38.384 [FXGL Background Thread 3 ] DEBUG Engine               - isExperimentalTiledLargeMap: false
20:11:38.384 [FXGL Background Thread 3 ] DEBUG Engine               - isFileSystemWriteAllowed: true
20:11:38.384 [FXGL Background Thread 3 ] DEBUG Engine               - isFullScreenAllowed: true
20:11:38.384 [FXGL Background Thread 3 ] DEBUG Engine               - isFullScreenFromStart: false
20:11:38.384 [FXGL Background Thread 3 ] DEBUG Engine               - isGameMenuEnabled: true
20:11:38.384 [FXGL Background Thread 3 ] DEBUG Engine               - isIOS: false
20:11:38.384 [FXGL Background Thread 3 ] DEBUG Engine               - isIntroEnabled: false
20:11:38.384 [FXGL Background Thread 3 ] DEBUG Engine               - isLinux: false
20:11:38.384 [FXGL Background Thread 3 ] DEBUG Engine               - isMac: false
20:11:38.384 [FXGL Background Thread 3 ] DEBUG Engine               - isMainMenuEnabled: false
20:11:38.384 [FXGL Background Thread 3 ] DEBUG Engine               - isManualResizeEnabled: false
20:11:38.384 [FXGL Background Thread 3 ] DEBUG Engine               - isMobile: false
20:11:38.384 [FXGL Background Thread 3 ] DEBUG Engine               - isNative: false
20:11:38.384 [FXGL Background Thread 3 ] DEBUG Engine               - isPauseMusicWhenMinimized: true
20:11:38.384 [FXGL Background Thread 3 ] DEBUG Engine               - isPreserveResizeRatio: false
20:11:38.384 [FXGL Background Thread 3 ] DEBUG Engine               - isProfilingEnabled: false
20:11:38.384 [FXGL Background Thread 3 ] DEBUG Engine               - isScaleAffectedOnResize: true
20:11:38.384 [FXGL Background Thread 3 ] DEBUG Engine               - isSingleStep: false
20:11:38.384 [FXGL Background Thread 3 ] DEBUG Engine               - isUserProfileEnabled: false
20:11:38.384 [FXGL Background Thread 3 ] DEBUG Engine               - isWindows: true
20:11:38.384 [FXGL Background Thread 3 ] DEBUG Engine               - language: ObjectProperty [value: ENGLISH]
20:11:38.384 [FXGL Background Thread 3 ] DEBUG Engine               - menuKey: ESCAPE
20:11:38.384 [FXGL Background Thread 3 ] DEBUG Engine               - mouseSensitivity: 0.2
20:11:38.384 [FXGL Background Thread 3 ] DEBUG Engine               - notificationViewClass: class com.almasb.fxgl.notification.view.XboxNotificationView
20:11:38.384 [FXGL Background Thread 3 ] DEBUG Engine               - pixelsPerMeter: 50.0
20:11:38.384 [FXGL Background Thread 3 ] DEBUG Engine               - platform: WINDOWS
20:11:38.384 [FXGL Background Thread 3 ] DEBUG Engine               - prefHeightProperty: ReadOnlyDoubleProperty [value: 624.0]
20:11:38.384 [FXGL Background Thread 3 ] DEBUG Engine               - prefWidthProperty: ReadOnlyDoubleProperty [value: 624.0]
20:11:38.384 [FXGL Background Thread 3 ] DEBUG Engine               - profileDir: profiles/
20:11:38.385 [FXGL Background Thread 3 ] DEBUG Engine               - profileName: StringProperty [value: DEFAULT]
20:11:38.385 [FXGL Background Thread 3 ] DEBUG Engine               - randomSeed: -1
20:11:38.385 [FXGL Background Thread 3 ] DEBUG Engine               - runtimeInfo: RuntimeInfo(platform=WINDOWS, version=11.17, build=16.07.2021 15.46)
20:11:38.385 [FXGL Background Thread 3 ] DEBUG Engine               - saveFileExt: sav
20:11:38.385 [FXGL Background Thread 3 ] DEBUG Engine               - scaledHeightProp$fxgl: DoubleProperty [bound, value: 624.0]
20:11:38.385 [FXGL Background Thread 3 ] DEBUG Engine               - scaledWidthProp$fxgl: DoubleProperty [bound, value: 624.0]
20:11:38.385 [FXGL Background Thread 3 ] DEBUG Engine               - sceneFactory: com.almasb.fxgl.app.scene.SceneFactory@1a387082
20:11:38.385 [FXGL Background Thread 3 ] DEBUG Engine               - secondsIn24h: 60
20:11:38.385 [FXGL Background Thread 3 ] DEBUG Engine               - soundMenuBack: menu/back.wav
20:11:38.385 [FXGL Background Thread 3 ] DEBUG Engine               - soundMenuPress: menu/press.wav
20:11:38.385 [FXGL Background Thread 3 ] DEBUG Engine               - soundMenuSelect: menu/select.wav
20:11:38.385 [FXGL Background Thread 3 ] DEBUG Engine               - soundNotification: core/notification.wav
20:11:38.385 [FXGL Background Thread 3 ] DEBUG Engine               - stageStyle: DECORATED
20:11:38.385 [FXGL Background Thread 3 ] DEBUG Engine               - supportedLanguages: [ENGLISH, FRENCH, GERMAN, HUNGARIAN, RUSSIAN]
20:11:38.385 [FXGL Background Thread 3 ] DEBUG Engine               - ticksPerSecond: -1
20:11:38.385 [FXGL Background Thread 3 ] DEBUG Engine               - title: BOMBERMAN
20:11:38.385 [FXGL Background Thread 3 ] DEBUG Engine               - urlGithub: https://github.com/AlmasB/FXGL
20:11:38.385 [FXGL Background Thread 3 ] DEBUG Engine               - urlLeaderboard: http://fxgl-top.herokuapp.com/
20:11:38.385 [FXGL Background Thread 3 ] DEBUG Engine               - urlPOM: https://raw.githubusercontent.com/AlmasB/FXGL/release/README.md
20:11:38.385 [FXGL Background Thread 3 ] DEBUG Engine               - userAppClass: class Bomberman.BombermanGame
20:11:38.385 [FXGL Background Thread 3 ] DEBUG Engine               - version: 1.0
20:11:38.385 [FXGL Background Thread 3 ] DEBUG Engine               - versionCheckDays: 7
20:11:38.385 [FXGL Background Thread 3 ] DEBUG Engine               - width: 624
20:11:38.385 [FXGL Background Thread 3 ] DEBUG Engine               - Logging services
20:11:38.385 [FXGL Background Thread 3 ] DEBUG Engine               - class com.almasb.fxgl.app.services.FXGLAssetLoaderService
20:11:38.385 [FXGL Background Thread 3 ] DEBUG Engine               - class com.almasb.fxgl.app.FXGLApplication$GameApplicationService
20:11:38.385 [FXGL Background Thread 3 ] DEBUG Engine               - class com.almasb.fxgl.app.services.FXGLDialogService
20:11:38.385 [FXGL Background Thread 3 ] DEBUG Engine               - class com.almasb.fxgl.app.services.IOTaskExecutorService
20:11:38.385 [FXGL Background Thread 3 ] DEBUG Engine               - class com.almasb.fxgl.io.FileSystemService
20:11:38.385 [FXGL Background Thread 3 ] DEBUG Engine               - class com.almasb.fxgl.localization.LocalizationService
20:11:38.386 [FXGL Background Thread 3 ] DEBUG Engine               - class com.almasb.fxgl.app.services.SystemBundleService
20:11:38.386 [FXGL Background Thread 3 ] DEBUG Engine               - class com.almasb.fxgl.profile.SaveLoadService
20:11:38.386 [FXGL Background Thread 3 ] DEBUG Engine               - class com.almasb.fxgl.ui.FXGLUIFactoryServiceProvider
20:11:38.386 [FXGL Background Thread 3 ] DEBUG Engine               - class com.almasb.fxgl.ui.FXGLDialogFactoryServiceProvider
20:11:38.386 [FXGL Background Thread 3 ] DEBUG Engine               - class com.almasb.fxgl.audio.AudioPlayer
20:11:38.386 [FXGL Background Thread 3 ] DEBUG Engine               - class com.almasb.fxgl.notification.impl.NotificationServiceProvider
20:11:38.386 [FXGL Background Thread 3 ] DEBUG Engine               - class com.almasb.fxgl.achievement.AchievementService
20:11:38.386 [FXGL Background Thread 3 ] DEBUG Engine               - class com.almasb.fxgl.cutscene.CutsceneService
20:11:38.386 [FXGL Background Thread 3 ] DEBUG Engine               - class com.almasb.fxgl.minigames.MiniGameService
20:11:38.386 [FXGL Background Thread 3 ] DEBUG Engine               - class com.almasb.fxgl.net.NetService
20:11:38.386 [FXGL Background Thread 3 ] DEBUG Engine               - class com.almasb.fxgl.app.services.UpdaterService
20:11:38.386 [FXGL Background Thread 3 ] DEBUG Engine               - class com.almasb.fxgl.dev.DevService
20:11:41.711 [JavaFX Application Thread] DEBUG FXGLAssetLoaderServi - Loading from file system: file:/C:/Users/Admin/Desktop/Bomberman/target/classes/assets/textures/player_die.png
20:11:41.716 [JavaFX Application Thread] DEBUG FXGLAssetLoaderServi - Loading from file system: file:/C:/Users/Admin/Desktop/Bomberman/target/classes/assets/textures/player_down.png
20:11:41.719 [JavaFX Application Thread] DEBUG FXGLAssetLoaderServi - Loading from file system: file:/C:/Users/Admin/Desktop/Bomberman/target/classes/assets/textures/player_right.png
20:11:41.721 [JavaFX Application Thread] DEBUG FXGLAssetLoaderServi - Loading from file system: file:/C:/Users/Admin/Desktop/Bomberman/target/classes/assets/textures/player_up.png
20:11:41.723 [JavaFX Application Thread] DEBUG FXGLAssetLoaderServi - Loading from file system: file:/C:/Users/Admin/Desktop/Bomberman/target/classes/assets/textures/player_left.png
20:11:41.733 [JavaFX Application Thread] DEBUG FXGLAssetLoaderServi - Loading from file system: jar:file:/C:/Users/Admin/.m2/repository/com/github/almasb/fxgl/11.17/fxgl-11.17.jar!/fxglassets/textures/fxgl_icon.png
20:11:41.748 [JavaFX Application Thread] DEBUG FXGLAssetLoaderServi - Loading from file system: jar:file:/C:/Users/Admin/.m2/repository/com/github/almasb/fxgl/11.17/fxgl-11.17.jar!/fxglassets/textures/fxgl_default_cursor.png
20:11:41.750 [JavaFX Application Thread] DEBUG Input                - Registered new binding: Screenshot - CTRL+8
20:11:41.750 [JavaFX Application Thread] DEBUG Input                - Registered new binding: System info dump - CTRL+9
20:11:41.751 [JavaFX Application Thread] DEBUG Input                - Registered new binding: Restart - CTRL+R
20:11:41.751 [JavaFX Application Thread] DEBUG Input                - Registered new binding: Toggle Debug Camera - CTRL+C
20:11:41.753 [JavaFX Application Thread] DEBUG LoopRunner           - Starting loop
20:11:41.753 [JavaFX Application Thread] DEBUG LoopRunner           - Initializing JavaFX AnimationTimerLoop
20:11:41.754 [JavaFX Application Thread] DEBUG GameApplicationServi - Starting new game
20:11:41.755 [JavaFX Application Thread] DEBUG Input                - Clearing active input actions
20:11:41.767 [JavaFX Application Thread] DEBUG GameApplicationServi - Removing overlay from FXGLStartupScene and adding to FXGLLoadingScene
20:11:41.767 [JavaFX Application Thread] DEBUG PrimaryStageWindow   - FXGLStartupScene -> FXGLLoadingScene
20:11:41.767 [JavaFX Application Thread] DEBUG GameApplicationServi - Clearing previous game
20:11:41.767 [JavaFX Application Thread] DEBUG GameScene            - Clearing game scene
20:11:41.767 [JavaFX Application Thread] DEBUG GameWorld            - Clearing game world
20:11:41.767 [JavaFX Application Thread] DEBUG PhysicsWorld         - Clearing physics world
20:11:41.768 [FXGL Background Thread 2 ] DEBUG FXGLApplication      - Initializing game
20:11:41.777 [JavaFX Application Thread] DEBUG FXGLApplication      - Registering font factories with UI factory
20:11:41.784 [FXGL Background Thread 2 ] DEBUG FXGLAssetLoaderServi - Loading from file system: file:/C:/Users/Admin/Desktop/Bomberman/target/classes/assets/textures/wall.png
20:11:41.805 [FXGL Background Thread 2 ] DEBUG FXGLAssetLoaderServi - Loading from file system: file:/C:/Users/Admin/Desktop/Bomberman/target/classes/assets/textures/brick.png
20:11:41.806 [FXGL Background Thread 2 ] DEBUG FXGLAssetLoaderServi - Loading from file system: file:/C:/Users/Admin/Desktop/Bomberman/target/classes/assets/textures/brick_break.png
20:11:41.821 [FXGL Background Thread 2 ] DEBUG FXGLAssetLoaderServi - Loading from file system: file:/C:/Users/Admin/Desktop/Bomberman/target/classes/assets/textures/portal.png
20:11:41.835 [FXGL Background Thread 2 ] DEBUG FXGLAssetLoaderServi - Loading from file system: file:/C:/Users/Admin/Desktop/Bomberman/target/classes/assets/textures/powerup_flames.png
20:11:41.837 [FXGL Background Thread 2 ] DEBUG FXGLAssetLoaderServi - Loading from file system: file:/C:/Users/Admin/Desktop/Bomberman/target/classes/assets/textures/powerup_bombs.png
20:11:41.851 [FXGL Background Thread 2 ] DEBUG FXGLAssetLoaderServi - Loading from file system: file:/C:/Users/Admin/Desktop/Bomberman/target/classes/assets/textures/powerup_speed.png
20:11:41.891 [FXGL Background Thread 2 ] INFO  FXGLApplication      - Game initialization took: 0.123 sec
20:11:41.905 [JavaFX Application Thread] DEBUG Input                - Clearing active input actions
20:11:41.919 [JavaFX Application Thread] DEBUG GameApplicationServi - Removing overlay from FXGLLoadingScene and adding to GameScene
20:11:41.919 [JavaFX Application Thread] DEBUG PrimaryStageWindow   - FXGLLoadingScene -> GameScene
20:12:01.544 [JavaFX Application Thread] DEBUG FXGLAssetLoaderServi - Loading from file system: file:/C:/Users/Admin/Desktop/Bomberman/target/classes/assets/sounds/place_bomb.wav
20:12:01.641 [JavaFX Application Thread] DEBUG LoopRunner           - Stopping loop
20:12:01.643 [JavaFX Application Thread] FATAL FXGLApplication      - Uncaught Exception:
java.lang.IllegalArgumentException: Property flame does not exist
	at com.almasb.fxgl.core.collection.PropertyMap.get(PropertyMap.kt:251)
	at com.almasb.fxgl.core.collection.PropertyMap.intProperty(PropertyMap.kt:162)
	at com.almasb.fxgl.core.collection.PropertyMap.getInt(PropertyMap.kt:152)
	at com.almasb.fxgl.dsl.FXGL$Companion.geti(FXGL.kt:295)
	at com.almasb.fxgl.dsl.FXGL.geti(FXGL.kt)
	at Bomberman.Components.Bomb.BombComponent.<init>(BombComponent.java:48)
	at Bomberman.Components.Bomb.ClassicBomb.<init>(ClassicBomb.java:18)
	at Bomberman.BombermanFactory.newClassicBomb(BombermanFactory.java:145)
	at java.base/jdk.internal.reflect.NativeMethodAccessorImpl.invoke0(Native Method)
	at java.base/jdk.internal.reflect.NativeMethodAccessorImpl.invoke(NativeMethodAccessorImpl.java:62)
	at java.base/jdk.internal.reflect.DelegatingMethodAccessorImpl.invoke(DelegatingMethodAccessorImpl.java:43)
	at java.base/java.lang.reflect.Method.invoke(Method.java:566)
	at com.almasb.fxgl.core.reflect.ReflectionUtils.call(ReflectionUtils.java:104)
	at com.almasb.fxgl.core.reflect.ReflectionUtils.lambda$mapToFunction$3(ReflectionUtils.java:111)
	at com.almasb.fxgl.entity.GameWorld$create$2.invoke(GameWorld.kt:430)
	at com.almasb.fxgl.entity.GameWorld$create$2.invoke(GameWorld.kt:430)
	at com.almasb.fxgl.core.util.DSLKt.tryCatchRoot(DSL.kt:34)
	at com.almasb.fxgl.entity.GameWorld.create(GameWorld.kt:430)
	at com.almasb.fxgl.entity.GameWorld.spawn(GameWorld.kt:396)
	at com.almasb.fxgl.dsl.FXGL$Companion.spawn(FXGL.kt:452)
	at com.almasb.fxgl.dsl.FXGL.spawn(FXGL.kt)
	at Bomberman.Components.PlayerComponent.placeBomb(PlayerComponent.java:215)
	at Bomberman.BombermanGame$5.onActionBegin(BombermanGame.java:160)
	at com.almasb.fxgl.input.UserAction.begin$fxgl_core(UserAction.kt:37)
	at com.almasb.fxgl.input.Input.handlePressed(Input.kt:350)
	at com.almasb.fxgl.input.Input.onKeyEvent(Input.kt:291)
	at com.almasb.fxgl.app.PrimaryStageWindow$1$1.invoke(MainWindow.kt:289)
	at com.almasb.fxgl.app.PrimaryStageWindow$1$1.invoke(MainWindow.kt:289)
	at com.almasb.fxgl.core.fsm.StateMachine.runOnActiveStates(StateMachine.kt:69)
	at com.almasb.fxgl.app.PrimaryStageWindow$1.invoke(MainWindow.kt:289)
	at com.almasb.fxgl.app.PrimaryStageWindow$1.invoke(MainWindow.kt:287)
	at com.almasb.fxgl.app.MainWindow.addKeyHandler$lambda-1(MainWindow.kt:216)
	at com.sun.javafx.event.CompositeEventHandler$NormalEventHandlerRecord.handleBubblingEvent(CompositeEventHandler.java:247)
	at com.sun.javafx.event.CompositeEventHandler.dispatchBubblingEvent(CompositeEventHandler.java:80)
	at com.sun.javafx.event.EventHandlerManager.dispatchBubblingEvent(EventHandlerManager.java:234)
	at com.sun.javafx.event.EventHandlerManager.dispatchBubblingEvent(EventHandlerManager.java:191)
	at com.sun.javafx.event.CompositeEventDispatcher.dispatchBubblingEvent(CompositeEventDispatcher.java:59)
	at com.sun.javafx.event.BasicEventDispatcher.dispatchEvent(BasicEventDispatcher.java:58)
	at com.sun.javafx.event.EventDispatchChainImpl.dispatchEvent(EventDispatchChainImpl.java:114)
	at com.sun.javafx.event.BasicEventDispatcher.dispatchEvent(BasicEventDispatcher.java:56)
	at com.sun.javafx.event.EventDispatchChainImpl.dispatchEvent(EventDispatchChainImpl.java:114)
	at com.sun.javafx.event.EventUtil.fireEventImpl(EventUtil.java:74)
	at com.sun.javafx.event.EventUtil.fireEvent(EventUtil.java:54)
	at javafx.event.Event.fireEvent(Event.java:198)
	at javafx.scene.Scene$KeyHandler.process(Scene.java:4064)
	at javafx.scene.Scene.processKeyEvent(Scene.java:2123)
	at javafx.scene.Scene$ScenePeerListener.keyEvent(Scene.java:2591)
	at com.sun.javafx.tk.quantum.GlassViewEventHandler$KeyEventNotification.run(GlassViewEventHandler.java:217)
	at com.sun.javafx.tk.quantum.GlassViewEventHandler$KeyEventNotification.run(GlassViewEventHandler.java:149)
	at java.base/java.security.AccessController.doPrivileged(Native Method)
	at com.sun.javafx.tk.quantum.GlassViewEventHandler.lambda$handleKeyEvent$1(GlassViewEventHandler.java:248)
	at com.sun.javafx.tk.quantum.QuantumToolkit.runWithoutRenderLock(QuantumToolkit.java:412)
	at com.sun.javafx.tk.quantum.GlassViewEventHandler.handleKeyEvent(GlassViewEventHandler.java:247)
	at com.sun.glass.ui.View.handleKeyEvent(View.java:547)
	at com.sun.glass.ui.View.notifyKey(View.java:971)
	at com.sun.glass.ui.win.WinApplication._runLoop(Native Method)
	at com.sun.glass.ui.win.WinApplication.lambda$runLoop$3(WinApplication.java:174)
	at java.base/java.lang.Thread.run(Thread.java:834)

20:12:01.643 [JavaFX Application Thread] FATAL FXGLApplication      - Application will now exit
20:12:01.659 [JavaFX Application Thread] DEBUG PrimaryStageWindow   - Push state: ErrorSubScene
20:12:01.659 [JavaFX Application Thread] DEBUG Input                - Clearing active input actions
20:12:01.666 [JavaFX Application Thread] DEBUG GameApplicationServi - Removing overlay from GameScene and adding to ErrorSubScene
20:12:01.666 [JavaFX Application Thread] DEBUG PrimaryStageWindow   - GameScene -> ErrorSubScene
20:12:06.858 [JavaFX Application Thread] DEBUG FXGLApplication      - Exiting FXGL
20:12:06.858 [JavaFX Application Thread] DEBUG Async                - Shutting down background threads
20:12:06.858 [JavaFX Application Thread] DEBUG PrimaryStageWindow   - Closing main window
20:12:06.871 [JavaFX Application Thread] DEBUG Logger               - Closing Logger
