15:46:58.887 [main                     ] DEBUG Logger               - Configured Logger
15:46:58.907 [main                     ] DEBUG GameApplication      - Logging settings
Title: BOMBER
 MAN
Version: 1.0
Width: 1280
Height: 720
Fullscreen: true
Intro: false
Profiling: false
Single step:false
App Mode: DEVELOPER
Menu Key: ESCAPE
Stage Style: DECORATED
Scene Factory: class Bomberman.BombermanGame$1

15:46:59.367 [JavaFX Application Thread] DEBUG FXGLApplication      - Initializing FXGL
15:46:59.370 [JavaFX Application Thread] INFO  Engine               - FXGL-11.17 (16.07.2021 15.46) on WINDOWS (J:11.0.16.1 FX:16)
15:46:59.371 [JavaFX Application Thread] DEBUG Engine               - JRE Vendor Name: Oracle Corporation
15:46:59.371 [JavaFX Application Thread] DEBUG Engine               - Running on OS: Windows 11 version 10.0
15:46:59.371 [JavaFX Application Thread] DEBUG Engine               - Architecture: amd64
15:46:59.371 [JavaFX Application Thread] INFO  Engine               - Source code and latest versions at: https://github.com/AlmasB/FXGL
15:46:59.371 [JavaFX Application Thread] INFO  Engine               -              Join the FXGL chat at: https://gitter.im/AlmasB/FXGL
15:46:59.499 [JavaFX Application Thread] DEBUG PrimaryStageWindow   - Creating a JavaFX scene
15:46:59.567 [JavaFX Application Thread] DEBUG PrimaryStageWindow   - Target settings size: 1280.0 x 720.0
15:46:59.568 [JavaFX Application Thread] DEBUG PrimaryStageWindow   - Scaled scene size:    1280.0 x 720.0
15:46:59.568 [JavaFX Application Thread] DEBUG PrimaryStageWindow   - Scaled ratio: (1.0, 1.0)
15:46:59.569 [JavaFX Application Thread] DEBUG PrimaryStageWindow   - Set initial scene to FXGLStartupScene
15:46:59.580 [JavaFX Application Thread] DEBUG PrimaryStageWindow   - Opening main window
15:46:59.698 [JavaFX Application Thread] DEBUG PrimaryStageWindow   - Window border size: (13.0, 35.5)
15:46:59.698 [JavaFX Application Thread] DEBUG PrimaryStageWindow   - Scaled size: 1280.0 x 720.0
15:46:59.699 [JavaFX Application Thread] DEBUG PrimaryStageWindow   - Scaled ratio: (1.0, 1.0)
15:46:59.699 [JavaFX Application Thread] DEBUG PrimaryStageWindow   - Scene size: 1280.0 x 720.0
15:46:59.699 [JavaFX Application Thread] DEBUG PrimaryStageWindow   - Stage size: 1293.0 x 755.5
15:46:59.709 [FXGL Background Thread 1 ] DEBUG Engine               - Initializing environment variables
15:46:59.801 [FXGL Background Thread 1 ] DEBUG FXGLAssetLoaderServi - User app class for loading assets: class Bomberman.BombermanGame
15:46:59.801 [FXGL Background Thread 1 ] DEBUG GameApplicationServi - Applying CSS: fxgl_dark.css
15:46:59.802 [FXGL Background Thread 1 ] DEBUG FXGLAssetLoaderServi - Loading from file system: jar:file:/C:/Users/Admin/.m2/repository/com/github/almasb/fxgl/11.17/fxgl-11.17.jar!/fxglassets/ui/css/fxgl_dark.css
15:46:59.862 [FXGL Background Thread 1 ] DEBUG GameApplicationServi - Initializing application scenes
15:46:59.915 [FXGL Background Thread 1 ] DEBUG GameWorld            - Game world initialized
15:47:00.003 [FXGL Background Thread 1 ] DEBUG PhysicsWorld         - Physics world initialized: appHeight=720, physics.ppm=50.0
15:47:00.004 [FXGL Background Thread 1 ] DEBUG PhysicsWorld         - Using strategy: BRUTE_FORCE
15:47:00.007 [FXGL Background Thread 1 ] DEBUG GameScene            - Game scene initialized: 1280x720
15:47:00.151 [FXGL Background Thread 1 ] DEBUG GameApplicationServi - Application scenes initialized
15:47:00.164 [FXGL Background Thread 1 ] DEBUG SystemBundleService  - Loading FXGL system data
15:47:00.170 [FXGL Background Thread 1 ] DEBUG FileSystemAccess     - Reading from: C:\Users\Admin\Desktop\Bomberman\system\fxgl.bundle
15:47:00.177 [FXGL Background Thread 1 ] DEBUG SystemBundleService  - Bundle FXGL: {}
15:47:00.177 [FXGL Background Thread 1 ] DEBUG UpdaterService       - Checking for updates
15:47:00.183 [FXGL Background Thread 4 ] DEBUG FXGLApplication      - Loading fonts
15:47:00.184 [FXGL Background Thread 4 ] DEBUG FXGLAssetLoaderServi - Loading from file system: file:/C:/Users/Admin/Desktop/Bomberman/target/classes/assets/ui/fonts/game_font.ttf
15:47:00.184 [FXGL Background Thread 1 ] DEBUG FXGLApplication      - Loading default localization
15:47:00.185 [FXGL Background Thread 1 ] DEBUG FXGLAssetLoaderServi - Loading from file system: jar:file:/C:/Users/Admin/.m2/repository/com/github/almasb/fxgl/11.17/fxgl-11.17.jar!/fxglassets/languages/english.lang
15:47:00.202 [FXGL Background Thread 1 ] INFO  FXGLApplication      - FXGL initialization took: 0.493 sec
15:47:00.216 [JavaFX Application Thread] DEBUG Input                - Registered new binding: Move Left - A
15:47:00.217 [JavaFX Application Thread] DEBUG Input                - Registered new binding: Move Right - D
15:47:00.217 [JavaFX Application Thread] DEBUG Input                - Registered new binding: Move Up - W
15:47:00.217 [JavaFX Application Thread] DEBUG Input                - Registered new binding: Move Down - S
15:47:00.217 [JavaFX Application Thread] DEBUG Input                - Registered new binding: Place Bomb - Space
15:47:00.217 [JavaFX Application Thread] DEBUG Input                - Registered new binding: Switch to classic bomb - 1
15:47:00.218 [JavaFX Application Thread] DEBUG Input                - Registered new binding: Switch to lazer bomb - 2
15:47:00.218 [JavaFX Application Thread] DEBUG Input                - Registered new binding: Switch to light bomb - 3
15:47:00.218 [JavaFX Application Thread] DEBUG Input                - Registered new binding: Next level - P
15:47:00.218 [JavaFX Application Thread] DEBUG Input                - Registered new binding: Developer Mode - O
15:47:00.220 [JavaFX Application Thread] DEBUG FXGLAssetLoaderServi - Loading from file system: file:/C:/Users/Admin/Desktop/Bomberman/target/classes/assets/music/stage_theme.mp3
15:47:00.454 [JavaFX Application Thread] DEBUG AudioPlayer          - Playing music com.almasb.fxgl.audio.Music@4f25b569
15:47:00.455 [JavaFX Application Thread] DEBUG FXGLAssetLoaderServi - Loading from file system: jar:file:/C:/Users/Admin/.m2/repository/com/github/almasb/fxgl/11.17/fxgl-11.17.jar!/fxglassets/textures/fxgl_icon.png
15:47:00.489 [JavaFX Application Thread] DEBUG FXGLAssetLoaderServi - Loading from file system: jar:file:/C:/Users/Admin/.m2/repository/com/github/almasb/fxgl/11.17/fxgl-11.17.jar!/fxglassets/textures/fxgl_default_cursor.png
15:47:00.493 [JavaFX Application Thread] DEBUG Input                - Registered new binding: Screenshot - CTRL+8
15:47:00.493 [JavaFX Application Thread] DEBUG Input                - Registered new binding: System info dump - CTRL+9
15:47:00.494 [JavaFX Application Thread] DEBUG Input                - Registered new binding: Restart - CTRL+R
15:47:00.494 [JavaFX Application Thread] DEBUG Input                - Registered new binding: Toggle Debug Camera - CTRL+C
15:47:00.498 [JavaFX Application Thread] DEBUG LoopRunner           - Starting loop
15:47:00.498 [JavaFX Application Thread] DEBUG LoopRunner           - Initializing JavaFX AnimationTimerLoop
15:47:00.502 [JavaFX Application Thread] DEBUG Input                - Clearing active input actions
15:47:00.514 [JavaFX Application Thread] DEBUG GameApplicationServi - Removing overlay from FXGLStartupScene and adding to FXGLMainMenuDummyScene
15:47:00.515 [JavaFX Application Thread] DEBUG PrimaryStageWindow   - FXGLStartupScene -> FXGLMainMenuDummyScene
15:47:00.515 [JavaFX Application Thread] DEBUG PrimaryStageWindow   - Push state: MainMenu
15:47:00.515 [JavaFX Application Thread] DEBUG Input                - Clearing active input actions
15:47:00.521 [JavaFX Application Thread] DEBUG GameApplicationServi - Removing overlay from FXGLMainMenuDummyScene and adding to MainMenu
15:47:00.522 [JavaFX Application Thread] DEBUG PrimaryStageWindow   - FXGLMainMenuDummyScene -> MainMenu
15:47:00.575 [FXGL Background Thread 4 ] DEBUG FXGLAssetLoaderServi - Loading from file system: jar:file:/C:/Users/Admin/.m2/repository/com/github/almasb/fxgl/11.17/fxgl-11.17.jar!/fxglassets/ui/fonts/Abel-Regular.ttf
15:47:00.580 [FXGL Background Thread 4 ] DEBUG FXGLAssetLoaderServi - Loading from file system: jar:file:/C:/Users/Admin/.m2/repository/com/github/almasb/fxgl/11.17/fxgl-11.17.jar!/fxglassets/ui/fonts/lucida_console.ttf
15:47:00.586 [FXGL Background Thread 4 ] DEBUG FXGLAssetLoaderServi - Loading from file system: jar:file:/C:/Users/Admin/.m2/repository/com/github/almasb/fxgl/11.17/fxgl-11.17.jar!/fxglassets/ui/fonts/Courier-Prime.ttf
15:47:00.597 [JavaFX Application Thread] DEBUG FXGLApplication      - Registering font factories with UI factory
15:47:00.967 [FXGL Background Thread 2 ] INFO  UpdaterService       - Your current version:  11.17
15:47:00.967 [FXGL Background Thread 2 ] INFO  UpdaterService       - Latest stable version: 17.2
15:47:02.384 [JavaFX Application Thread] DEBUG Menu                 - fireNewGame()
15:47:02.384 [JavaFX Application Thread] DEBUG GameApplicationServi - Starting new game
15:47:02.385 [JavaFX Application Thread] DEBUG PrimaryStageWindow   - Pop state: MainMenu
15:47:02.385 [JavaFX Application Thread] DEBUG Input                - Clearing active input actions
15:47:02.385 [JavaFX Application Thread] DEBUG GameApplicationServi - Removing overlay from MainMenu and adding to FXGLMainMenuDummyScene
15:47:02.385 [JavaFX Application Thread] DEBUG PrimaryStageWindow   - FXGLMainMenuDummyScene <- MainMenu
15:47:02.386 [JavaFX Application Thread] DEBUG Input                - Clearing active input actions
15:47:02.391 [JavaFX Application Thread] DEBUG GameApplicationServi - Removing overlay from FXGLMainMenuDummyScene and adding to FXGLLoadingScene
15:47:02.391 [JavaFX Application Thread] DEBUG PrimaryStageWindow   - FXGLMainMenuDummyScene -> FXGLLoadingScene
15:47:02.391 [JavaFX Application Thread] DEBUG GameApplicationServi - Clearing previous game
15:47:02.391 [JavaFX Application Thread] DEBUG GameScene            - Clearing game scene
15:47:02.391 [JavaFX Application Thread] DEBUG GameWorld            - Clearing game world
15:47:02.391 [JavaFX Application Thread] DEBUG PhysicsWorld         - Clearing physics world
15:47:02.393 [FXGL Background Thread 2 ] DEBUG FXGLApplication      - Initializing game
15:47:02.412 [FXGL Background Thread 2 ] DEBUG FXGLAssetLoaderServi - Loading from file system: file:/C:/Users/Admin/Desktop/Bomberman/target/classes/assets/textures/wall.png
15:47:02.478 [FXGL Background Thread 2 ] DEBUG FXGLAssetLoaderServi - Loading from file system: file:/C:/Users/Admin/Desktop/Bomberman/target/classes/assets/textures/player_die.png
15:47:02.481 [FXGL Background Thread 2 ] DEBUG FXGLAssetLoaderServi - Loading from file system: file:/C:/Users/Admin/Desktop/Bomberman/target/classes/assets/textures/player_down.png
15:47:02.482 [FXGL Background Thread 2 ] DEBUG FXGLAssetLoaderServi - Loading from file system: file:/C:/Users/Admin/Desktop/Bomberman/target/classes/assets/textures/player_right.png
15:47:02.484 [FXGL Background Thread 2 ] DEBUG FXGLAssetLoaderServi - Loading from file system: file:/C:/Users/Admin/Desktop/Bomberman/target/classes/assets/textures/player_up.png
15:47:02.485 [FXGL Background Thread 2 ] DEBUG FXGLAssetLoaderServi - Loading from file system: file:/C:/Users/Admin/Desktop/Bomberman/target/classes/assets/textures/player_left.png
15:47:02.492 [FXGL Background Thread 2 ] DEBUG FXGLAssetLoaderServi - Loading from file system: file:/C:/Users/Admin/Desktop/Bomberman/target/classes/assets/textures/powerup_bombs.png
15:47:02.495 [FXGL Background Thread 2 ] DEBUG FXGLAssetLoaderServi - Loading from file system: file:/C:/Users/Admin/Desktop/Bomberman/target/classes/assets/textures/brick.png
15:47:02.496 [FXGL Background Thread 2 ] DEBUG FXGLAssetLoaderServi - Loading from file system: file:/C:/Users/Admin/Desktop/Bomberman/target/classes/assets/textures/brick_break.png
15:47:02.501 [FXGL Background Thread 2 ] DEBUG FXGLAssetLoaderServi - Loading from file system: file:/C:/Users/Admin/Desktop/Bomberman/target/classes/assets/textures/enemy1.png
15:47:02.510 [FXGL Background Thread 2 ] DEBUG FXGLAssetLoaderServi - Loading from file system: file:/C:/Users/Admin/Desktop/Bomberman/target/classes/assets/textures/enemy2.png
15:47:02.550 [FXGL Background Thread 2 ] DEBUG FXGLAssetLoaderServi - Loading from file system: file:/C:/Users/Admin/Desktop/Bomberman/target/classes/assets/textures/portal.png
15:47:02.586 [FXGL Background Thread 2 ] DEBUG FXGLAssetLoaderServi - Loading from file system: file:/C:/Users/Admin/Desktop/Bomberman/target/classes/assets/textures/powerup_flames.png
15:47:02.637 [FXGL Background Thread 2 ] DEBUG FXGLAssetLoaderServi - Loading from file system: file:/C:/Users/Admin/Desktop/Bomberman/target/classes/assets/textures/enemy4.png
15:47:02.645 [FXGL Background Thread 2 ] DEBUG FXGLAssetLoaderServi - Loading from file system: file:/C:/Users/Admin/Desktop/Bomberman/target/classes/assets/textures/powerup_speed.png
15:47:02.650 [FXGL Background Thread 2 ] DEBUG FXGLAssetLoaderServi - Loading from file system: file:/C:/Users/Admin/Desktop/Bomberman/target/classes/assets/textures/enemy3.png
15:47:02.681 [FXGL Background Thread 2 ] INFO  FXGLApplication      - Game initialization took: 0.288 sec
15:47:02.682 [JavaFX Application Thread] DEBUG Input                - Clearing active input actions
15:47:02.701 [JavaFX Application Thread] DEBUG GameApplicationServi - Removing overlay from FXGLLoadingScene and adding to GameScene
15:47:02.702 [JavaFX Application Thread] DEBUG PrimaryStageWindow   - FXGLLoadingScene -> GameScene
15:47:02.703 [JavaFX Application Thread] DEBUG FXGLAssetLoaderServi - Loading from file system: file:/C:/Users/Admin/Desktop/Bomberman/target/classes/assets/sounds/stage_start.wav
15:47:02.719 [JavaFX Application Thread] DEBUG PrimaryStageWindow   - Push state: StageStartScene
15:47:02.720 [JavaFX Application Thread] DEBUG Input                - Clearing active input actions
15:47:02.720 [JavaFX Application Thread] DEBUG GameApplicationServi - Removing overlay from GameScene and adding to StageStartScene
15:47:02.720 [JavaFX Application Thread] DEBUG PrimaryStageWindow   - GameScene -> StageStartScene
15:47:03.183 [FXGL Background Thread 3 ] DEBUG Engine               - Logging environment variables
15:47:03.183 [FXGL Background Thread 3 ] DEBUG Engine               - achievements: []
15:47:03.183 [FXGL Background Thread 3 ] DEBUG Engine               - actualHeight: 720.0
15:47:03.183 [FXGL Background Thread 3 ] DEBUG Engine               - actualHeightProperty: ReadOnlyDoubleProperty [value: 720.0]
15:47:03.183 [FXGL Background Thread 3 ] DEBUG Engine               - actualWidth: 1280.0
15:47:03.184 [FXGL Background Thread 3 ] DEBUG Engine               - actualWidthProperty: ReadOnlyDoubleProperty [value: 1280.0]
15:47:03.184 [FXGL Background Thread 3 ] DEBUG Engine               - appIcon: fxgl_icon.png
15:47:03.184 [FXGL Background Thread 3 ] DEBUG Engine               - applicationMode: DEVELOPER
15:47:03.184 [FXGL Background Thread 3 ] DEBUG Engine               - cSSList: [fxgl_dark.css]
15:47:03.184 [FXGL Background Thread 3 ] DEBUG Engine               - collisionDetectionStrategy: BRUTE_FORCE
15:47:03.184 [FXGL Background Thread 3 ] DEBUG Engine               - configClass: Optional.empty
15:47:03.184 [FXGL Background Thread 3 ] DEBUG Engine               - credits: []
15:47:03.184 [FXGL Background Thread 3 ] DEBUG Engine               - defaultCursor: CursorInfo(imageName=fxgl_default_cursor.png, hotspotX=7.0, hotspotY=6.0)
15:47:03.184 [FXGL Background Thread 3 ] DEBUG Engine               - devBBoxColorProperty: ObjectProperty [value: 0xff0000ff]
15:47:03.184 [FXGL Background Thread 3 ] DEBUG Engine               - devEnableDebugCameraProperty: BooleanProperty [value: false]
15:47:03.184 [FXGL Background Thread 3 ] DEBUG Engine               - devSensorColorProperty: ObjectProperty [value: 0xffff00ff]
15:47:03.184 [FXGL Background Thread 3 ] DEBUG Engine               - devShowBBoxProperty: BooleanProperty [value: false]
15:47:03.185 [FXGL Background Thread 3 ] DEBUG Engine               - devShowPositionProperty: BooleanProperty [value: false]
15:47:03.185 [FXGL Background Thread 3 ] DEBUG Engine               - enabledMenuItems: []
15:47:03.185 [FXGL Background Thread 3 ] DEBUG Engine               - engineServices: [class com.almasb.fxgl.app.services.FXGLAssetLoaderService, class com.almasb.fxgl.app.FXGLApplication$GameApplicationService, class com.almasb.fxgl.app.services.FXGLDialogService, class com.almasb.fxgl.app.services.IOTaskExecutorService, class com.almasb.fxgl.io.FileSystemService, class com.almasb.fxgl.localization.LocalizationService, class com.almasb.fxgl.app.services.SystemBundleService, class com.almasb.fxgl.profile.SaveLoadService, class com.almasb.fxgl.ui.FXGLUIFactoryServiceProvider, class com.almasb.fxgl.ui.FXGLDialogFactoryServiceProvider, class com.almasb.fxgl.audio.AudioPlayer, class com.almasb.fxgl.notification.impl.NotificationServiceProvider, class com.almasb.fxgl.achievement.AchievementService, class com.almasb.fxgl.cutscene.CutsceneService, class com.almasb.fxgl.minigames.MiniGameService, class com.almasb.fxgl.net.NetService, class com.almasb.fxgl.app.services.UpdaterService, class com.almasb.fxgl.dev.DevService]
15:47:03.185 [FXGL Background Thread 3 ] DEBUG Engine               - fontGame: Abel-Regular.ttf
15:47:03.185 [FXGL Background Thread 3 ] DEBUG Engine               - fontMono: lucida_console.ttf
15:47:03.185 [FXGL Background Thread 3 ] DEBUG Engine               - fontText: Courier-Prime.ttf
15:47:03.185 [FXGL Background Thread 3 ] DEBUG Engine               - fontUI: game_font.ttf
15:47:03.185 [FXGL Background Thread 3 ] DEBUG Engine               - fullScreen: BooleanProperty [value: false]
15:47:03.185 [FXGL Background Thread 3 ] DEBUG Engine               - gameDifficulty: MEDIUM
15:47:03.185 [FXGL Background Thread 3 ] DEBUG Engine               - gameDifficultyProperty: ObjectProperty [value: MEDIUM]
15:47:03.185 [FXGL Background Thread 3 ] DEBUG Engine               - globalMusicVolume: 0.5
15:47:03.185 [FXGL Background Thread 3 ] DEBUG Engine               - globalMusicVolumeProperty: DoubleProperty [value: 0.0]
15:47:03.185 [FXGL Background Thread 3 ] DEBUG Engine               - globalSoundVolume: 0.5
15:47:03.185 [FXGL Background Thread 3 ] DEBUG Engine               - globalSoundVolumeProperty: DoubleProperty [value: 0.5]
15:47:03.185 [FXGL Background Thread 3 ] DEBUG Engine               - height: 720
15:47:03.185 [FXGL Background Thread 3 ] DEBUG Engine               - is3D: false
15:47:03.185 [FXGL Background Thread 3 ] DEBUG Engine               - isAndroid: false
15:47:03.185 [FXGL Background Thread 3 ] DEBUG Engine               - isBrowser: false
15:47:03.185 [FXGL Background Thread 3 ] DEBUG Engine               - isClickFeedbackEnabled: false
15:47:03.185 [FXGL Background Thread 3 ] DEBUG Engine               - isCloseConfirmation: false
15:47:03.185 [FXGL Background Thread 3 ] DEBUG Engine               - isDesktop: true
15:47:03.185 [FXGL Background Thread 3 ] DEBUG Engine               - isDeveloperMenuEnabled: false
15:47:03.185 [FXGL Background Thread 3 ] DEBUG Engine               - isEntityPreloadEnabled: true
15:47:03.185 [FXGL Background Thread 3 ] DEBUG Engine               - isExperimentalTiledLargeMap: false
15:47:03.185 [FXGL Background Thread 3 ] DEBUG Engine               - isFileSystemWriteAllowed: true
15:47:03.185 [FXGL Background Thread 3 ] DEBUG Engine               - isFullScreenAllowed: true
15:47:03.185 [FXGL Background Thread 3 ] DEBUG Engine               - isFullScreenFromStart: false
15:47:03.185 [FXGL Background Thread 3 ] DEBUG Engine               - isGameMenuEnabled: true
15:47:03.185 [FXGL Background Thread 3 ] DEBUG Engine               - isIOS: false
15:47:03.185 [FXGL Background Thread 3 ] DEBUG Engine               - isIntroEnabled: false
15:47:03.185 [FXGL Background Thread 3 ] DEBUG Engine               - isLinux: false
15:47:03.185 [FXGL Background Thread 3 ] DEBUG Engine               - isMac: false
15:47:03.186 [FXGL Background Thread 3 ] DEBUG Engine               - isMainMenuEnabled: true
15:47:03.186 [FXGL Background Thread 3 ] DEBUG Engine               - isManualResizeEnabled: false
15:47:03.186 [FXGL Background Thread 3 ] DEBUG Engine               - isMobile: false
15:47:03.186 [FXGL Background Thread 3 ] DEBUG Engine               - isNative: false
15:47:03.186 [FXGL Background Thread 3 ] DEBUG Engine               - isPauseMusicWhenMinimized: true
15:47:03.186 [FXGL Background Thread 3 ] DEBUG Engine               - isPreserveResizeRatio: false
15:47:03.186 [FXGL Background Thread 3 ] DEBUG Engine               - isProfilingEnabled: false
15:47:03.186 [FXGL Background Thread 3 ] DEBUG Engine               - isScaleAffectedOnResize: true
15:47:03.186 [FXGL Background Thread 3 ] DEBUG Engine               - isSingleStep: false
15:47:03.186 [FXGL Background Thread 3 ] DEBUG Engine               - isUserProfileEnabled: false
15:47:03.186 [FXGL Background Thread 3 ] DEBUG Engine               - isWindows: true
15:47:03.186 [FXGL Background Thread 3 ] DEBUG Engine               - language: ObjectProperty [value: ENGLISH]
15:47:03.186 [FXGL Background Thread 3 ] DEBUG Engine               - menuKey: ESCAPE
15:47:03.186 [FXGL Background Thread 3 ] DEBUG Engine               - mouseSensitivity: 0.2
15:47:03.186 [FXGL Background Thread 3 ] DEBUG Engine               - notificationViewClass: class com.almasb.fxgl.notification.view.XboxNotificationView
15:47:03.186 [FXGL Background Thread 3 ] DEBUG Engine               - pixelsPerMeter: 50.0
15:47:03.186 [FXGL Background Thread 3 ] DEBUG Engine               - platform: WINDOWS
15:47:03.186 [FXGL Background Thread 3 ] DEBUG Engine               - prefHeightProperty: ReadOnlyDoubleProperty [value: 720.0]
15:47:03.186 [FXGL Background Thread 3 ] DEBUG Engine               - prefWidthProperty: ReadOnlyDoubleProperty [value: 1280.0]
15:47:03.186 [FXGL Background Thread 3 ] DEBUG Engine               - profileDir: profiles/
15:47:03.186 [FXGL Background Thread 3 ] DEBUG Engine               - profileName: StringProperty [value: DEFAULT]
15:47:03.186 [FXGL Background Thread 3 ] DEBUG Engine               - randomSeed: -1
15:47:03.186 [FXGL Background Thread 3 ] DEBUG Engine               - runtimeInfo: RuntimeInfo(platform=WINDOWS, version=11.17, build=16.07.2021 15.46)
15:47:03.186 [FXGL Background Thread 3 ] DEBUG Engine               - saveFileExt: sav
15:47:03.186 [FXGL Background Thread 3 ] DEBUG Engine               - scaledHeightProp$fxgl: DoubleProperty [bound, value: 720.0]
15:47:03.186 [FXGL Background Thread 3 ] DEBUG Engine               - scaledWidthProp$fxgl: DoubleProperty [bound, value: 1280.0]
15:47:03.186 [FXGL Background Thread 3 ] DEBUG Engine               - sceneFactory: Bomberman.BombermanGame$1@707b3e27
15:47:03.186 [FXGL Background Thread 3 ] DEBUG Engine               - secondsIn24h: 60
15:47:03.186 [FXGL Background Thread 3 ] DEBUG Engine               - soundMenuBack: menu/back.wav
15:47:03.186 [FXGL Background Thread 3 ] DEBUG Engine               - soundMenuPress: menu/press.wav
15:47:03.186 [FXGL Background Thread 3 ] DEBUG Engine               - soundMenuSelect: menu/select.wav
15:47:03.186 [FXGL Background Thread 3 ] DEBUG Engine               - soundNotification: core/notification.wav
15:47:03.186 [FXGL Background Thread 3 ] DEBUG Engine               - stageStyle: DECORATED
15:47:03.187 [FXGL Background Thread 3 ] DEBUG Engine               - supportedLanguages: [ENGLISH, FRENCH, GERMAN, HUNGARIAN, RUSSIAN]
15:47:03.187 [FXGL Background Thread 3 ] DEBUG Engine               - ticksPerSecond: -1
15:47:03.187 [FXGL Background Thread 3 ] DEBUG Engine               - title: BOMBER
 MAN
15:47:03.187 [FXGL Background Thread 3 ] DEBUG Engine               - urlGithub: https://github.com/AlmasB/FXGL
15:47:03.187 [FXGL Background Thread 3 ] DEBUG Engine               - urlLeaderboard: http://fxgl-top.herokuapp.com/
15:47:03.187 [FXGL Background Thread 3 ] DEBUG Engine               - urlPOM: https://raw.githubusercontent.com/AlmasB/FXGL/release/README.md
15:47:03.187 [FXGL Background Thread 3 ] DEBUG Engine               - userAppClass: class Bomberman.BombermanGame
15:47:03.187 [FXGL Background Thread 3 ] DEBUG Engine               - version: 1.0
15:47:03.187 [FXGL Background Thread 3 ] DEBUG Engine               - versionCheckDays: 7
15:47:03.187 [FXGL Background Thread 3 ] DEBUG Engine               - width: 1280
15:47:03.187 [FXGL Background Thread 3 ] DEBUG Engine               - Logging services
15:47:03.187 [FXGL Background Thread 3 ] DEBUG Engine               - class com.almasb.fxgl.app.services.FXGLAssetLoaderService
15:47:03.187 [FXGL Background Thread 3 ] DEBUG Engine               - class com.almasb.fxgl.app.FXGLApplication$GameApplicationService
15:47:03.187 [FXGL Background Thread 3 ] DEBUG Engine               - class com.almasb.fxgl.app.services.FXGLDialogService
15:47:03.187 [FXGL Background Thread 3 ] DEBUG Engine               - class com.almasb.fxgl.app.services.IOTaskExecutorService
15:47:03.187 [FXGL Background Thread 3 ] DEBUG Engine               - class com.almasb.fxgl.io.FileSystemService
15:47:03.187 [FXGL Background Thread 3 ] DEBUG Engine               - class com.almasb.fxgl.localization.LocalizationService
15:47:03.187 [FXGL Background Thread 3 ] DEBUG Engine               - class com.almasb.fxgl.app.services.SystemBundleService
15:47:03.187 [FXGL Background Thread 3 ] DEBUG Engine               - class com.almasb.fxgl.profile.SaveLoadService
15:47:03.187 [FXGL Background Thread 3 ] DEBUG Engine               - class com.almasb.fxgl.ui.FXGLUIFactoryServiceProvider
15:47:03.187 [FXGL Background Thread 3 ] DEBUG Engine               - class com.almasb.fxgl.ui.FXGLDialogFactoryServiceProvider
15:47:03.187 [FXGL Background Thread 3 ] DEBUG Engine               - class com.almasb.fxgl.audio.AudioPlayer
15:47:03.187 [FXGL Background Thread 3 ] DEBUG Engine               - class com.almasb.fxgl.notification.impl.NotificationServiceProvider
15:47:03.187 [FXGL Background Thread 3 ] DEBUG Engine               - class com.almasb.fxgl.achievement.AchievementService
15:47:03.187 [FXGL Background Thread 3 ] DEBUG Engine               - class com.almasb.fxgl.cutscene.CutsceneService
15:47:03.187 [FXGL Background Thread 3 ] DEBUG Engine               - class com.almasb.fxgl.minigames.MiniGameService
15:47:03.187 [FXGL Background Thread 3 ] DEBUG Engine               - class com.almasb.fxgl.net.NetService
15:47:03.188 [FXGL Background Thread 3 ] DEBUG Engine               - class com.almasb.fxgl.app.services.UpdaterService
15:47:03.188 [FXGL Background Thread 3 ] DEBUG Engine               - class com.almasb.fxgl.dev.DevService
15:47:06.624 [JavaFX Application Thread] DEBUG PrimaryStageWindow   - Pop state: StageStartScene
15:47:06.624 [JavaFX Application Thread] DEBUG Input                - Clearing active input actions
15:47:06.625 [JavaFX Application Thread] DEBUG GameApplicationServi - Removing overlay from StageStartScene and adding to GameScene
15:47:06.625 [JavaFX Application Thread] DEBUG PrimaryStageWindow   - GameScene <- StageStartScene
15:47:09.032 [JavaFX Application Thread] DEBUG FXGLAssetLoaderServi - Loading from file system: file:/C:/Users/Admin/Desktop/Bomberman/target/classes/assets/sounds/place_bomb.wav
15:47:09.037 [JavaFX Application Thread] DEBUG FXGLAssetLoaderServi - Loading from file system: file:/C:/Users/Admin/Desktop/Bomberman/target/classes/assets/textures/bomb.png
15:47:11.056 [JavaFX Application Thread] DEBUG FXGLAssetLoaderServi - Loading from file system: file:/C:/Users/Admin/Desktop/Bomberman/target/classes/assets/sounds/explosion.wav
15:47:11.061 [JavaFX Application Thread] DEBUG FXGLAssetLoaderServi - Loading from file system: file:/C:/Users/Admin/Desktop/Bomberman/target/classes/assets/textures/central_flame.png
15:47:11.064 [JavaFX Application Thread] DEBUG FXGLAssetLoaderServi - Loading from file system: file:/C:/Users/Admin/Desktop/Bomberman/target/classes/assets/textures/top_up_flame.png
15:47:11.065 [JavaFX Application Thread] DEBUG FXGLAssetLoaderServi - Loading from file system: file:/C:/Users/Admin/Desktop/Bomberman/target/classes/assets/textures/top_down_flame.png
15:47:11.066 [JavaFX Application Thread] DEBUG FXGLAssetLoaderServi - Loading from file system: file:/C:/Users/Admin/Desktop/Bomberman/target/classes/assets/textures/top_right_flame.png
15:47:11.067 [JavaFX Application Thread] DEBUG FXGLAssetLoaderServi - Loading from file system: file:/C:/Users/Admin/Desktop/Bomberman/target/classes/assets/textures/top_left_flame.png
15:47:12.065 [JavaFX Application Thread] DEBUG FXGLAssetLoaderServi - Loading from file system: file:/C:/Users/Admin/Desktop/Bomberman/target/classes/assets/sounds/powerup.wav
15:47:15.490 [JavaFX Application Thread] DEBUG FXGLAssetLoaderServi - Loading from file system: file:/C:/Users/Admin/Desktop/Bomberman/target/classes/assets/textures/right_flame.png
15:47:15.491 [JavaFX Application Thread] DEBUG FXGLAssetLoaderServi - Loading from file system: file:/C:/Users/Admin/Desktop/Bomberman/target/classes/assets/textures/left_flame.png
15:47:15.492 [JavaFX Application Thread] DEBUG FXGLAssetLoaderServi - Loading from file system: file:/C:/Users/Admin/Desktop/Bomberman/target/classes/assets/textures/down_flame.png
15:47:15.493 [JavaFX Application Thread] DEBUG FXGLAssetLoaderServi - Loading from file system: file:/C:/Users/Admin/Desktop/Bomberman/target/classes/assets/textures/up_flame.png
15:47:29.312 [JavaFX Application Thread] WARN  GameWorld            - Attempted to remove entity which is not active
15:47:33.616 [JavaFX Application Thread] WARN  GameWorld            - Attempted to remove entity which is not active
15:47:43.536 [JavaFX Application Thread] WARN  GameWorld            - Attempted to remove entity which is not active
15:47:44.229 [JavaFX Application Thread] DEBUG PrimaryStageWindow   - Push state: GameMenu
15:47:44.229 [JavaFX Application Thread] DEBUG Input                - Clearing active input actions
15:47:44.230 [JavaFX Application Thread] DEBUG GameApplicationServi - Removing overlay from GameScene and adding to GameMenu
15:47:44.230 [JavaFX Application Thread] DEBUG PrimaryStageWindow   - GameScene -> GameMenu
15:47:49.271 [JavaFX Application Thread] DEBUG Menu                 - fireExit()
15:47:49.276 [JavaFX Application Thread] DEBUG PrimaryStageWindow   - Push state: DialogSubScene
15:47:49.276 [JavaFX Application Thread] DEBUG Input                - Clearing active input actions
15:47:49.277 [JavaFX Application Thread] DEBUG GameApplicationServi - Removing overlay from GameMenu and adding to DialogSubScene
15:47:49.277 [JavaFX Application Thread] DEBUG PrimaryStageWindow   - GameMenu -> DialogSubScene
15:47:50.648 [JavaFX Application Thread] DEBUG PrimaryStageWindow   - Pop state: DialogSubScene
15:47:50.648 [JavaFX Application Thread] DEBUG Input                - Clearing active input actions
15:47:50.648 [JavaFX Application Thread] DEBUG GameApplicationServi - Removing overlay from DialogSubScene and adding to GameMenu
15:47:50.648 [JavaFX Application Thread] DEBUG PrimaryStageWindow   - GameMenu <- DialogSubScene
15:47:51.575 [JavaFX Application Thread] DEBUG Menu                 - fireResume()
15:47:51.575 [JavaFX Application Thread] DEBUG PrimaryStageWindow   - Pop state: GameMenu
15:47:51.575 [JavaFX Application Thread] DEBUG Input                - Clearing active input actions
15:47:51.575 [JavaFX Application Thread] DEBUG GameApplicationServi - Removing overlay from GameMenu and adding to GameScene
15:47:51.575 [JavaFX Application Thread] DEBUG PrimaryStageWindow   - GameScene <- GameMenu
15:47:57.312 [JavaFX Application Thread] WARN  GameWorld            - Attempted to remove entity which is not active
15:47:59.680 [JavaFX Application Thread] WARN  GameWorld            - Attempted to remove entity which is not active
15:48:02.033 [JavaFX Application Thread] WARN  GameWorld            - Attempted to remove entity which is not active
15:48:05.888 [JavaFX Application Thread] WARN  GameWorld            - Attempted to remove entity which is not active
15:48:05.888 [JavaFX Application Thread] WARN  GameWorld            - Attempted to remove entity which is not active
15:48:08.321 [JavaFX Application Thread] WARN  GameWorld            - Attempted to remove entity which is not active
15:48:21.312 [JavaFX Application Thread] WARN  GameWorld            - Attempted to remove entity which is not active
15:48:29.072 [JavaFX Application Thread] WARN  GameWorld            - Attempted to remove entity which is not active
15:48:33.664 [JavaFX Application Thread] WARN  GameWorld            - Attempted to remove entity which is not active
15:48:33.664 [JavaFX Application Thread] WARN  GameWorld            - Attempted to remove entity which is not active
15:48:36.416 [JavaFX Application Thread] DEBUG FXGLAssetLoaderServi - Loading from file system: file:/C:/Users/Admin/Desktop/Bomberman/target/classes/assets/sounds/player_die.wav
15:48:52.208 [JavaFX Application Thread] WARN  GameWorld            - Attempted to remove entity which is not active
15:49:00.112 [JavaFX Application Thread] WARN  GameWorld            - Attempted to remove entity which is not active
15:49:40.144 [JavaFX Application Thread] WARN  GameWorld            - Attempted to remove entity which is not active
15:49:49.504 [JavaFX Application Thread] WARN  GameWorld            - Attempted to remove entity which is not active
15:50:00.032 [JavaFX Application Thread] WARN  GameWorld            - Attempted to remove entity which is not active
15:50:00.032 [JavaFX Application Thread] WARN  GameWorld            - Attempted to remove entity which is not active
15:50:23.104 [JavaFX Application Thread] WARN  GameWorld            - Attempted to remove entity which is not active
15:50:25.441 [JavaFX Application Thread] WARN  GameWorld            - Attempted to remove entity which is not active
15:50:25.441 [JavaFX Application Thread] WARN  GameWorld            - Attempted to remove entity which is not active
15:50:27.933 [JavaFX Application Thread] DEBUG PrimaryStageWindow   - Push state: GameMenu
15:50:27.933 [JavaFX Application Thread] DEBUG Input                - Clearing active input actions
15:50:27.934 [JavaFX Application Thread] DEBUG GameApplicationServi - Removing overlay from GameScene and adding to GameMenu
15:50:27.934 [JavaFX Application Thread] DEBUG PrimaryStageWindow   - GameScene -> GameMenu
15:50:28.623 [JavaFX Application Thread] DEBUG Menu                 - fireExit()
15:50:28.623 [JavaFX Application Thread] DEBUG PrimaryStageWindow   - Push state: DialogSubScene
15:50:28.623 [JavaFX Application Thread] DEBUG Input                - Clearing active input actions
15:50:28.624 [JavaFX Application Thread] DEBUG GameApplicationServi - Removing overlay from GameMenu and adding to DialogSubScene
15:50:28.624 [JavaFX Application Thread] DEBUG PrimaryStageWindow   - GameMenu -> DialogSubScene
15:50:29.382 [JavaFX Application Thread] DEBUG PrimaryStageWindow   - Pop state: DialogSubScene
15:50:29.382 [JavaFX Application Thread] DEBUG Input                - Clearing active input actions
15:50:29.383 [JavaFX Application Thread] DEBUG GameApplicationServi - Removing overlay from DialogSubScene and adding to GameMenu
15:50:29.383 [JavaFX Application Thread] DEBUG PrimaryStageWindow   - GameMenu <- DialogSubScene
15:50:29.383 [JavaFX Application Thread] DEBUG FXGLApplication      - Exiting FXGL
15:50:29.383 [JavaFX Application Thread] DEBUG LoopRunner           - Stopping loop
15:50:29.383 [JavaFX Application Thread] DEBUG SystemBundleService  - Saving FXGL system data
15:50:29.385 [JavaFX Application Thread] DEBUG FileSystemAccess     - Writing to: C:\Users\Admin\Desktop\Bomberman\system\fxgl.bundle
15:50:29.386 [JavaFX Application Thread] DEBUG Async                - Shutting down background threads
15:50:29.386 [JavaFX Application Thread] DEBUG PrimaryStageWindow   - Closing main window
15:50:29.399 [JavaFX Application Thread] DEBUG Logger               - Closing Logger
