18:14:42.019 [main                     ] DEBUG Logger               - Configured Logger
18:14:42.024 [main                     ] DEBUG GameApplication      - Logging settings
Title: BOMBERMAN
Version: 1.0
Width: 624
Height: 624
Fullscreen: true
Intro: false
Profiling: false
Single step:false
App Mode: DEVELOPER
Menu Key: ESCAPE
Stage Style: DECORATED
Scene Factory: class com.almasb.fxgl.app.scene.SceneFactory

18:14:42.519 [JavaFX Application Thread] DEBUG FXGLApplication      - Initializing FXGL
18:14:42.522 [JavaFX Application Thread] INFO  Engine               - FXGL-11.17 (16.07.2021 15.46) on WINDOWS (J:11.0.16.1 FX:16)
18:14:42.523 [JavaFX Application Thread] DEBUG Engine               - JRE Vendor Name: Oracle Corporation
18:14:42.523 [JavaFX Application Thread] DEBUG Engine               - Running on OS: Windows 11 version 10.0
18:14:42.523 [JavaFX Application Thread] DEBUG Engine               - Architecture: amd64
18:14:42.523 [JavaFX Application Thread] INFO  Engine               - Source code and latest versions at: https://github.com/AlmasB/FXGL
18:14:42.524 [JavaFX Application Thread] INFO  Engine               -              Join the FXGL chat at: https://gitter.im/AlmasB/FXGL
18:14:42.689 [JavaFX Application Thread] DEBUG PrimaryStageWindow   - Creating a JavaFX scene
18:14:42.772 [JavaFX Application Thread] DEBUG PrimaryStageWindow   - Target settings size: 624.0 x 624.0
18:14:42.772 [JavaFX Application Thread] DEBUG PrimaryStageWindow   - Scaled scene size:    624.0 x 624.0
18:14:42.772 [JavaFX Application Thread] DEBUG PrimaryStageWindow   - Scaled ratio: (1.0, 1.0)
18:14:42.774 [JavaFX Application Thread] DEBUG PrimaryStageWindow   - Set initial scene to FXGLStartupScene
18:14:42.785 [JavaFX Application Thread] DEBUG PrimaryStageWindow   - Opening main window
18:14:42.905 [JavaFX Application Thread] DEBUG PrimaryStageWindow   - Window border size: (13.0, 35.5)
18:14:42.905 [JavaFX Application Thread] DEBUG PrimaryStageWindow   - Scaled size: 624.0 x 624.0
18:14:42.906 [JavaFX Application Thread] DEBUG PrimaryStageWindow   - Scaled ratio: (1.0, 1.0)
18:14:42.906 [JavaFX Application Thread] DEBUG PrimaryStageWindow   - Scene size: 624.0 x 624.0
18:14:42.906 [JavaFX Application Thread] DEBUG PrimaryStageWindow   - Stage size: 637.0 x 659.5
18:14:42.924 [FXGL Background Thread 1 ] DEBUG Engine               - Initializing environment variables
18:14:43.034 [FXGL Background Thread 1 ] DEBUG FXGLAssetLoaderServi - User app class for loading assets: class Bomberman.BombermanGame
18:14:43.034 [FXGL Background Thread 1 ] DEBUG GameApplicationServi - Applying CSS: fxgl_dark.css
18:14:43.035 [FXGL Background Thread 1 ] DEBUG FXGLAssetLoaderServi - Loading from file system: jar:file:/C:/Users/Admin/.m2/repository/com/github/almasb/fxgl/11.17/fxgl-11.17.jar!/fxglassets/ui/css/fxgl_dark.css
18:14:43.092 [FXGL Background Thread 1 ] DEBUG GameApplicationServi - Initializing application scenes
18:14:43.148 [FXGL Background Thread 1 ] DEBUG GameWorld            - Game world initialized
18:14:43.223 [FXGL Background Thread 1 ] DEBUG PhysicsWorld         - Physics world initialized: appHeight=624, physics.ppm=50.0
18:14:43.223 [FXGL Background Thread 1 ] DEBUG PhysicsWorld         - Using strategy: BRUTE_FORCE
18:14:43.226 [FXGL Background Thread 1 ] DEBUG GameScene            - Game scene initialized: 624x624
18:14:43.244 [FXGL Background Thread 1 ] WARN  FXGL.DefaultMenu     - FXGLDefaultMenu is not designed for resolutions < 800x600
18:14:43.244 [FXGL Background Thread 1 ] DEBUG FXGL.DefaultMenu     - createMenuBodyGameMenu()
18:14:43.266 [FXGL Background Thread 1 ] DEBUG FXGL.DefaultMenu     - createOptionsMenu()
18:14:43.280 [FXGL Background Thread 1 ] DEBUG FXGLAssetLoaderServi - Loading from file system: jar:file:/C:/Users/Admin/.m2/repository/com/github/almasb/fxgl/11.17/fxgl-11.17.jar!/fxglassets/textures/particles/smoke.png
18:14:43.405 [FXGL Background Thread 1 ] DEBUG FXGLAssetLoaderServi - Loading from file system: jar:file:/C:/Users/Admin/.m2/repository/com/github/almasb/fxgl/11.17/fxgl-11.17.jar!/fxglassets/textures/particles/trace_horizontal.png
18:14:43.444 [FXGL Background Thread 1 ] DEBUG GameApplicationServi - Application scenes initialized
18:14:43.458 [FXGL Background Thread 1 ] DEBUG SystemBundleService  - Loading FXGL system data
18:14:43.464 [FXGL Background Thread 1 ] DEBUG FileSystemAccess     - Reading from: C:\Users\Admin\Desktop\Bomberman\system\fxgl.bundle
18:14:43.477 [FXGL Background Thread 1 ] DEBUG SystemBundleService  - Bundle FXGL: {}
18:14:43.477 [FXGL Background Thread 1 ] DEBUG UpdaterService       - Checking for updates
18:14:43.483 [FXGL Background Thread 4 ] DEBUG FXGLApplication      - Loading fonts
18:14:43.484 [FXGL Background Thread 4 ] DEBUG FXGLAssetLoaderServi - Loading from file system: jar:file:/C:/Users/Admin/.m2/repository/com/github/almasb/fxgl/11.17/fxgl-11.17.jar!/fxglassets/ui/fonts/VarelaRound-Regular.ttf
18:14:43.485 [FXGL Background Thread 1 ] DEBUG FXGLApplication      - Loading default localization
18:14:43.487 [FXGL Background Thread 1 ] DEBUG FXGLAssetLoaderServi - Loading from file system: jar:file:/C:/Users/Admin/.m2/repository/com/github/almasb/fxgl/11.17/fxgl-11.17.jar!/fxglassets/languages/english.lang
18:14:43.515 [FXGL Background Thread 1 ] INFO  FXGLApplication      - FXGL initialization took: 0.592 sec
18:14:43.544 [JavaFX Application Thread] DEBUG Input                - Registered new binding: Move Left - A
18:14:43.544 [JavaFX Application Thread] DEBUG Input                - Registered new binding: Move Right - D
18:14:43.545 [JavaFX Application Thread] DEBUG Input                - Registered new binding: Move Up - W
18:14:43.546 [JavaFX Application Thread] DEBUG Input                - Registered new binding: Move Down - S
18:14:43.546 [JavaFX Application Thread] DEBUG Input                - Registered new binding: Place Bomb - Space
18:14:43.546 [JavaFX Application Thread] DEBUG Input                - Registered new binding: Switch to classic bomb - 1
18:14:43.547 [JavaFX Application Thread] DEBUG Input                - Registered new binding: Switch to lazer bomb - 2
18:14:43.547 [JavaFX Application Thread] DEBUG Input                - Registered new binding: Switch to light bomb - 3
18:14:43.548 [JavaFX Application Thread] DEBUG Input                - Registered new binding: Exit game - Esc
18:14:44.034 [FXGL Background Thread 4 ] DEBUG FXGLAssetLoaderServi - Loading from file system: jar:file:/C:/Users/Admin/.m2/repository/com/github/almasb/fxgl/11.17/fxgl-11.17.jar!/fxglassets/ui/fonts/Abel-Regular.ttf
18:14:44.040 [FXGL Background Thread 4 ] DEBUG FXGLAssetLoaderServi - Loading from file system: jar:file:/C:/Users/Admin/.m2/repository/com/github/almasb/fxgl/11.17/fxgl-11.17.jar!/fxglassets/ui/fonts/lucida_console.ttf
18:14:44.050 [FXGL Background Thread 4 ] DEBUG FXGLAssetLoaderServi - Loading from file system: jar:file:/C:/Users/Admin/.m2/repository/com/github/almasb/fxgl/11.17/fxgl-11.17.jar!/fxglassets/ui/fonts/Courier-Prime.ttf
18:14:44.435 [FXGL Background Thread 2 ] INFO  UpdaterService       - Your current version:  11.17
18:14:44.436 [FXGL Background Thread 2 ] INFO  UpdaterService       - Latest stable version: 17.2
18:14:44.850 [JavaFX Application Thread] DEBUG LoopRunner           - Stopping loop
18:14:44.850 [JavaFX Application Thread] DEBUG LoopRunner           - Initializing JavaFX AnimationTimerLoop
18:14:44.852 [JavaFX Application Thread] FATAL FXGLApplication      - Uncaught Exception:
java.lang.RuntimeException: java.net.BindException: Address already in use: Cannot bind
	at Bomberman.net.GameServer.<init>(GameServer.java:28)
	at Bomberman.BombermanGame.onPreInit(BombermanGame.java:84)
	at com.almasb.fxgl.app.FXGLApplication$GameApplicationService.onMainLoopStarting(FXGLApplication.kt:530)
	at com.almasb.fxgl.app.Engine.startLoop(Engine.kt:149)
	at com.almasb.fxgl.app.FXGLApplication.startImpl$lambda-3(FXGLApplication.kt:145)
	at com.almasb.fxgl.core.concurrent.IOTask.succeed(IOTask.java:164)
	at com.almasb.fxgl.core.concurrent.IOTask$1.succeeded(IOTask.java:153)
	at javafx.concurrent.Task.setState(Task.java:726)
	at javafx.concurrent.Task$TaskCallable.lambda$call$1(Task.java:1436)
	at com.sun.javafx.application.PlatformImpl.lambda$runLater$10(PlatformImpl.java:447)
	at java.base/java.security.AccessController.doPrivileged(Native Method)
	at com.sun.javafx.application.PlatformImpl.lambda$runLater$11(PlatformImpl.java:446)
	at com.sun.glass.ui.InvokeLaterDispatcher$Future.run(InvokeLaterDispatcher.java:96)
	at com.sun.glass.ui.win.WinApplication._runLoop(Native Method)
	at com.sun.glass.ui.win.WinApplication.lambda$runLoop$3(WinApplication.java:174)
	at java.base/java.lang.Thread.run(Thread.java:834)
Caused by: java.net.BindException: Address already in use: Cannot bind
	at java.base/java.net.DualStackPlainDatagramSocketImpl.socketBind(Native Method)
	at java.base/java.net.DualStackPlainDatagramSocketImpl.bind0(DualStackPlainDatagramSocketImpl.java:84)
	at java.base/java.net.AbstractPlainDatagramSocketImpl.bind(AbstractPlainDatagramSocketImpl.java:135)
	at java.base/java.net.DatagramSocket.bind(DatagramSocket.java:394)
	at java.base/java.net.DatagramSocket.<init>(DatagramSocket.java:244)
	at java.base/java.net.DatagramSocket.<init>(DatagramSocket.java:301)
	at java.base/java.net.DatagramSocket.<init>(DatagramSocket.java:273)
	at Bomberman.net.GameServer.<init>(GameServer.java:26)
	... 15 more

18:14:44.852 [JavaFX Application Thread] FATAL FXGLApplication      - Application will now exit
18:14:44.865 [JavaFX Application Thread] DEBUG PrimaryStageWindow   - Push state: ErrorSubScene
18:14:44.865 [JavaFX Application Thread] DEBUG Input                - Clearing active input actions
18:14:44.873 [JavaFX Application Thread] DEBUG GameApplicationServi - Removing overlay from FXGLStartupScene and adding to ErrorSubScene
18:14:44.873 [JavaFX Application Thread] DEBUG PrimaryStageWindow   - FXGLStartupScene -> ErrorSubScene
18:14:44.873 [JavaFX Application Thread] DEBUG FXGLApplication      - Registering font factories with UI factory
18:14:46.482 [FXGL Background Thread 3 ] DEBUG Engine               - Logging environment variables
18:14:46.483 [FXGL Background Thread 3 ] DEBUG Engine               - achievements: []
18:14:46.483 [FXGL Background Thread 3 ] DEBUG Engine               - actualHeight: 624.0
18:14:46.483 [FXGL Background Thread 3 ] DEBUG Engine               - actualHeightProperty: ReadOnlyDoubleProperty [value: 624.0]
18:14:46.483 [FXGL Background Thread 3 ] DEBUG Engine               - actualWidth: 624.0
18:14:46.483 [FXGL Background Thread 3 ] DEBUG Engine               - actualWidthProperty: ReadOnlyDoubleProperty [value: 624.0]
18:14:46.483 [FXGL Background Thread 3 ] DEBUG Engine               - appIcon: fxgl_icon.png
18:14:46.483 [FXGL Background Thread 3 ] DEBUG Engine               - applicationMode: DEVELOPER
18:14:46.483 [FXGL Background Thread 3 ] DEBUG Engine               - cSSList: [fxgl_dark.css]
18:14:46.483 [FXGL Background Thread 3 ] DEBUG Engine               - collisionDetectionStrategy: BRUTE_FORCE
18:14:46.483 [FXGL Background Thread 3 ] DEBUG Engine               - configClass: Optional.empty
18:14:46.483 [FXGL Background Thread 3 ] DEBUG Engine               - credits: []
18:14:46.483 [FXGL Background Thread 3 ] DEBUG Engine               - defaultCursor: CursorInfo(imageName=fxgl_default_cursor.png, hotspotX=7.0, hotspotY=6.0)
18:14:46.483 [FXGL Background Thread 3 ] DEBUG Engine               - devBBoxColorProperty: ObjectProperty [value: 0xff0000ff]
18:14:46.483 [FXGL Background Thread 3 ] DEBUG Engine               - devEnableDebugCameraProperty: BooleanProperty [value: false]
18:14:46.483 [FXGL Background Thread 3 ] DEBUG Engine               - devSensorColorProperty: ObjectProperty [value: 0xffff00ff]
18:14:46.483 [FXGL Background Thread 3 ] DEBUG Engine               - devShowBBoxProperty: BooleanProperty [value: false]
18:14:46.483 [FXGL Background Thread 3 ] DEBUG Engine               - devShowPositionProperty: BooleanProperty [value: false]
18:14:46.483 [FXGL Background Thread 3 ] DEBUG Engine               - enabledMenuItems: []
18:14:46.483 [FXGL Background Thread 3 ] DEBUG Engine               - engineServices: [class com.almasb.fxgl.app.services.FXGLAssetLoaderService, class com.almasb.fxgl.app.FXGLApplication$GameApplicationService, class com.almasb.fxgl.app.services.FXGLDialogService, class com.almasb.fxgl.app.services.IOTaskExecutorService, class com.almasb.fxgl.io.FileSystemService, class com.almasb.fxgl.localization.LocalizationService, class com.almasb.fxgl.app.services.SystemBundleService, class com.almasb.fxgl.profile.SaveLoadService, class com.almasb.fxgl.ui.FXGLUIFactoryServiceProvider, class com.almasb.fxgl.ui.FXGLDialogFactoryServiceProvider, class com.almasb.fxgl.audio.AudioPlayer, class com.almasb.fxgl.notification.impl.NotificationServiceProvider, class com.almasb.fxgl.achievement.AchievementService, class com.almasb.fxgl.cutscene.CutsceneService, class com.almasb.fxgl.minigames.MiniGameService, class com.almasb.fxgl.net.NetService, class com.almasb.fxgl.app.services.UpdaterService, class com.almasb.fxgl.dev.DevService]
18:14:46.483 [FXGL Background Thread 3 ] DEBUG Engine               - fontGame: Abel-Regular.ttf
18:14:46.483 [FXGL Background Thread 3 ] DEBUG Engine               - fontMono: lucida_console.ttf
18:14:46.483 [FXGL Background Thread 3 ] DEBUG Engine               - fontText: Courier-Prime.ttf
18:14:46.483 [FXGL Background Thread 3 ] DEBUG Engine               - fontUI: VarelaRound-Regular.ttf
18:14:46.483 [FXGL Background Thread 3 ] DEBUG Engine               - fullScreen: BooleanProperty [value: false]
18:14:46.484 [FXGL Background Thread 3 ] DEBUG Engine               - gameDifficulty: MEDIUM
18:14:46.484 [FXGL Background Thread 3 ] DEBUG Engine               - gameDifficultyProperty: ObjectProperty [value: MEDIUM]
18:14:46.484 [FXGL Background Thread 3 ] DEBUG Engine               - globalMusicVolume: 0.5
18:14:46.484 [FXGL Background Thread 3 ] DEBUG Engine               - globalMusicVolumeProperty: DoubleProperty [value: 0.5]
18:14:46.484 [FXGL Background Thread 3 ] DEBUG Engine               - globalSoundVolume: 0.5
18:14:46.484 [FXGL Background Thread 3 ] DEBUG Engine               - globalSoundVolumeProperty: DoubleProperty [value: 0.5]
18:14:46.484 [FXGL Background Thread 3 ] DEBUG Engine               - height: 624
18:14:46.484 [FXGL Background Thread 3 ] DEBUG Engine               - is3D: false
18:14:46.484 [FXGL Background Thread 3 ] DEBUG Engine               - isAndroid: false
18:14:46.484 [FXGL Background Thread 3 ] DEBUG Engine               - isBrowser: false
18:14:46.484 [FXGL Background Thread 3 ] DEBUG Engine               - isClickFeedbackEnabled: false
18:14:46.484 [FXGL Background Thread 3 ] DEBUG Engine               - isCloseConfirmation: false
18:14:46.484 [FXGL Background Thread 3 ] DEBUG Engine               - isDesktop: true
18:14:46.484 [FXGL Background Thread 3 ] DEBUG Engine               - isDeveloperMenuEnabled: false
18:14:46.484 [FXGL Background Thread 3 ] DEBUG Engine               - isEntityPreloadEnabled: true
18:14:46.484 [FXGL Background Thread 3 ] DEBUG Engine               - isExperimentalTiledLargeMap: false
18:14:46.484 [FXGL Background Thread 3 ] DEBUG Engine               - isFileSystemWriteAllowed: true
18:14:46.484 [FXGL Background Thread 3 ] DEBUG Engine               - isFullScreenAllowed: true
18:14:46.484 [FXGL Background Thread 3 ] DEBUG Engine               - isFullScreenFromStart: false
18:14:46.484 [FXGL Background Thread 3 ] DEBUG Engine               - isGameMenuEnabled: true
18:14:46.484 [FXGL Background Thread 3 ] DEBUG Engine               - isIOS: false
18:14:46.484 [FXGL Background Thread 3 ] DEBUG Engine               - isIntroEnabled: false
18:14:46.484 [FXGL Background Thread 3 ] DEBUG Engine               - isLinux: false
18:14:46.484 [FXGL Background Thread 3 ] DEBUG Engine               - isMac: false
18:14:46.484 [FXGL Background Thread 3 ] DEBUG Engine               - isMainMenuEnabled: false
18:14:46.484 [FXGL Background Thread 3 ] DEBUG Engine               - isManualResizeEnabled: false
18:14:46.484 [FXGL Background Thread 3 ] DEBUG Engine               - isMobile: false
18:14:46.484 [FXGL Background Thread 3 ] DEBUG Engine               - isNative: false
18:14:46.484 [FXGL Background Thread 3 ] DEBUG Engine               - isPauseMusicWhenMinimized: true
18:14:46.485 [FXGL Background Thread 3 ] DEBUG Engine               - isPreserveResizeRatio: false
18:14:46.485 [FXGL Background Thread 3 ] DEBUG Engine               - isProfilingEnabled: false
18:14:46.485 [FXGL Background Thread 3 ] DEBUG Engine               - isScaleAffectedOnResize: true
18:14:46.485 [FXGL Background Thread 3 ] DEBUG Engine               - isSingleStep: false
18:14:46.485 [FXGL Background Thread 3 ] DEBUG Engine               - isUserProfileEnabled: false
18:14:46.485 [FXGL Background Thread 3 ] DEBUG Engine               - isWindows: true
18:14:46.485 [FXGL Background Thread 3 ] DEBUG Engine               - language: ObjectProperty [value: ENGLISH]
18:14:46.485 [FXGL Background Thread 3 ] DEBUG Engine               - menuKey: ESCAPE
18:14:46.485 [FXGL Background Thread 3 ] DEBUG Engine               - mouseSensitivity: 0.2
18:14:46.485 [FXGL Background Thread 3 ] DEBUG Engine               - notificationViewClass: class com.almasb.fxgl.notification.view.XboxNotificationView
18:14:46.485 [FXGL Background Thread 3 ] DEBUG Engine               - pixelsPerMeter: 50.0
18:14:46.485 [FXGL Background Thread 3 ] DEBUG Engine               - platform: WINDOWS
18:14:46.485 [FXGL Background Thread 3 ] DEBUG Engine               - prefHeightProperty: ReadOnlyDoubleProperty [value: 624.0]
18:14:46.485 [FXGL Background Thread 3 ] DEBUG Engine               - prefWidthProperty: ReadOnlyDoubleProperty [value: 624.0]
18:14:46.485 [FXGL Background Thread 3 ] DEBUG Engine               - profileDir: profiles/
18:14:46.485 [FXGL Background Thread 3 ] DEBUG Engine               - profileName: StringProperty [value: DEFAULT]
18:14:46.485 [FXGL Background Thread 3 ] DEBUG Engine               - randomSeed: -1
18:14:46.485 [FXGL Background Thread 3 ] DEBUG Engine               - runtimeInfo: RuntimeInfo(platform=WINDOWS, version=11.17, build=16.07.2021 15.46)
18:14:46.485 [FXGL Background Thread 3 ] DEBUG Engine               - saveFileExt: sav
18:14:46.485 [FXGL Background Thread 3 ] DEBUG Engine               - scaledHeightProp$fxgl: DoubleProperty [bound, value: 624.0]
18:14:46.485 [FXGL Background Thread 3 ] DEBUG Engine               - scaledWidthProp$fxgl: DoubleProperty [bound, value: 624.0]
18:14:46.485 [FXGL Background Thread 3 ] DEBUG Engine               - sceneFactory: com.almasb.fxgl.app.scene.SceneFactory@49b0a2ac
18:14:46.485 [FXGL Background Thread 3 ] DEBUG Engine               - secondsIn24h: 60
18:14:46.485 [FXGL Background Thread 3 ] DEBUG Engine               - soundMenuBack: menu/back.wav
18:14:46.486 [FXGL Background Thread 3 ] DEBUG Engine               - soundMenuPress: menu/press.wav
18:14:46.486 [FXGL Background Thread 3 ] DEBUG Engine               - soundMenuSelect: menu/select.wav
18:14:46.486 [FXGL Background Thread 3 ] DEBUG Engine               - soundNotification: core/notification.wav
18:14:46.486 [FXGL Background Thread 3 ] DEBUG Engine               - stageStyle: DECORATED
18:14:46.486 [FXGL Background Thread 3 ] DEBUG Engine               - supportedLanguages: [ENGLISH, FRENCH, GERMAN, HUNGARIAN, RUSSIAN]
18:14:46.486 [FXGL Background Thread 3 ] DEBUG Engine               - ticksPerSecond: -1
18:14:46.486 [FXGL Background Thread 3 ] DEBUG Engine               - title: BOMBERMAN
18:14:46.486 [FXGL Background Thread 3 ] DEBUG Engine               - urlGithub: https://github.com/AlmasB/FXGL
18:14:46.486 [FXGL Background Thread 3 ] DEBUG Engine               - urlLeaderboard: http://fxgl-top.herokuapp.com/
18:14:46.486 [FXGL Background Thread 3 ] DEBUG Engine               - urlPOM: https://raw.githubusercontent.com/AlmasB/FXGL/release/README.md
18:14:46.486 [FXGL Background Thread 3 ] DEBUG Engine               - userAppClass: class Bomberman.BombermanGame
18:14:46.486 [FXGL Background Thread 3 ] DEBUG Engine               - version: 1.0
18:14:46.486 [FXGL Background Thread 3 ] DEBUG Engine               - versionCheckDays: 7
18:14:46.486 [FXGL Background Thread 3 ] DEBUG Engine               - width: 624
18:14:46.486 [FXGL Background Thread 3 ] DEBUG Engine               - Logging services
18:14:46.486 [FXGL Background Thread 3 ] DEBUG Engine               - class com.almasb.fxgl.app.services.FXGLAssetLoaderService
18:14:46.486 [FXGL Background Thread 3 ] DEBUG Engine               - class com.almasb.fxgl.app.FXGLApplication$GameApplicationService
18:14:46.486 [FXGL Background Thread 3 ] DEBUG Engine               - class com.almasb.fxgl.app.services.FXGLDialogService
18:14:46.486 [FXGL Background Thread 3 ] DEBUG Engine               - class com.almasb.fxgl.app.services.IOTaskExecutorService
18:14:46.486 [FXGL Background Thread 3 ] DEBUG Engine               - class com.almasb.fxgl.io.FileSystemService
18:14:46.486 [FXGL Background Thread 3 ] DEBUG Engine               - class com.almasb.fxgl.localization.LocalizationService
18:14:46.486 [FXGL Background Thread 3 ] DEBUG Engine               - class com.almasb.fxgl.app.services.SystemBundleService
18:14:46.486 [FXGL Background Thread 3 ] DEBUG Engine               - class com.almasb.fxgl.profile.SaveLoadService
18:14:46.486 [FXGL Background Thread 3 ] DEBUG Engine               - class com.almasb.fxgl.ui.FXGLUIFactoryServiceProvider
18:14:46.486 [FXGL Background Thread 3 ] DEBUG Engine               - class com.almasb.fxgl.ui.FXGLDialogFactoryServiceProvider
18:14:46.486 [FXGL Background Thread 3 ] DEBUG Engine               - class com.almasb.fxgl.audio.AudioPlayer
18:14:46.486 [FXGL Background Thread 3 ] DEBUG Engine               - class com.almasb.fxgl.notification.impl.NotificationServiceProvider
18:14:46.486 [FXGL Background Thread 3 ] DEBUG Engine               - class com.almasb.fxgl.achievement.AchievementService
18:14:46.486 [FXGL Background Thread 3 ] DEBUG Engine               - class com.almasb.fxgl.cutscene.CutsceneService
18:14:46.486 [FXGL Background Thread 3 ] DEBUG Engine               - class com.almasb.fxgl.minigames.MiniGameService
18:14:46.486 [FXGL Background Thread 3 ] DEBUG Engine               - class com.almasb.fxgl.net.NetService
18:14:46.486 [FXGL Background Thread 3 ] DEBUG Engine               - class com.almasb.fxgl.app.services.UpdaterService
18:14:46.486 [FXGL Background Thread 3 ] DEBUG Engine               - class com.almasb.fxgl.dev.DevService
18:14:53.987 [JavaFX Application Thread] DEBUG FXGLApplication      - Exiting FXGL
18:14:53.988 [JavaFX Application Thread] DEBUG Async                - Shutting down background threads
18:14:53.988 [JavaFX Application Thread] DEBUG PrimaryStageWindow   - Closing main window
18:14:53.999 [JavaFX Application Thread] DEBUG Logger               - Closing Logger
