12:46:02.512 [main                     ] DEBUG Logger               - Configured Logger
12:46:02.518 [main                     ] DEBUG GameApplication      - Logging settings
Title: BOMBERMAN
Version: 1.0
Width: 1280
Height: 624
Fullscreen: true
Intro: false
Profiling: false
Single step:false
App Mode: DEVELOPER
Menu Key: ESCAPE
Stage Style: DECORATED
Scene Factory: class com.almasb.fxgl.app.scene.SceneFactory

12:46:03.014 [JavaFX Application Thread] DEBUG FXGLApplication      - Initializing FXGL
12:46:03.016 [JavaFX Application Thread] INFO  Engine               - FXGL-11.17 (16.07.2021 15.46) on WINDOWS (J:11.0.16.1 FX:16)
12:46:03.016 [JavaFX Application Thread] DEBUG Engine               - JRE Vendor Name: Oracle Corporation
12:46:03.017 [JavaFX Application Thread] DEBUG Engine               - Running on OS: Windows 11 version 10.0
12:46:03.017 [JavaFX Application Thread] DEBUG Engine               - Architecture: amd64
12:46:03.017 [JavaFX Application Thread] INFO  Engine               - Source code and latest versions at: https://github.com/AlmasB/FXGL
12:46:03.018 [JavaFX Application Thread] INFO  Engine               -              Join the FXGL chat at: https://gitter.im/AlmasB/FXGL
12:46:03.156 [JavaFX Application Thread] DEBUG PrimaryStageWindow   - Creating a JavaFX scene
12:46:03.221 [JavaFX Application Thread] DEBUG PrimaryStageWindow   - Target settings size: 1280.0 x 624.0
12:46:03.221 [JavaFX Application Thread] DEBUG PrimaryStageWindow   - Scaled scene size:    1280.0 x 624.0
12:46:03.222 [JavaFX Application Thread] DEBUG PrimaryStageWindow   - Scaled ratio: (1.0, 1.0)
12:46:03.224 [JavaFX Application Thread] DEBUG PrimaryStageWindow   - Set initial scene to FXGLStartupScene
12:46:03.237 [JavaFX Application Thread] DEBUG PrimaryStageWindow   - Opening main window
12:46:03.359 [JavaFX Application Thread] DEBUG PrimaryStageWindow   - Window border size: (13.0, 35.5)
12:46:03.360 [JavaFX Application Thread] DEBUG PrimaryStageWindow   - Scaled size: 1280.0 x 624.0
12:46:03.360 [JavaFX Application Thread] DEBUG PrimaryStageWindow   - Scaled ratio: (1.0, 1.0)
12:46:03.360 [JavaFX Application Thread] DEBUG PrimaryStageWindow   - Scene size: 1280.0 x 624.0
12:46:03.361 [JavaFX Application Thread] DEBUG PrimaryStageWindow   - Stage size: 1293.0 x 659.5
12:46:03.374 [FXGL Background Thread 1 ] DEBUG Engine               - Initializing environment variables
12:46:03.489 [FXGL Background Thread 1 ] DEBUG FXGLAssetLoaderServi - User app class for loading assets: class Bomberman.BombermanGame
12:46:03.489 [FXGL Background Thread 1 ] DEBUG GameApplicationServi - Applying CSS: fxgl_dark.css
12:46:03.490 [FXGL Background Thread 1 ] DEBUG FXGLAssetLoaderServi - Loading from file system: jar:file:/C:/Users/Admin/.m2/repository/com/github/almasb/fxgl/11.17/fxgl-11.17.jar!/fxglassets/ui/css/fxgl_dark.css
12:46:03.556 [FXGL Background Thread 1 ] DEBUG GameApplicationServi - Initializing application scenes
12:46:03.615 [FXGL Background Thread 1 ] DEBUG GameWorld            - Game world initialized
12:46:03.701 [FXGL Background Thread 1 ] DEBUG PhysicsWorld         - Physics world initialized: appHeight=624, physics.ppm=50.0
12:46:03.702 [FXGL Background Thread 1 ] DEBUG PhysicsWorld         - Using strategy: BRUTE_FORCE
12:46:03.706 [FXGL Background Thread 1 ] DEBUG GameScene            - Game scene initialized: 1280x624
12:46:03.724 [FXGL Background Thread 1 ] DEBUG FXGL.DefaultMenu     - createMenuBodyGameMenu()
12:46:03.746 [FXGL Background Thread 1 ] DEBUG FXGL.DefaultMenu     - createOptionsMenu()
12:46:03.762 [FXGL Background Thread 1 ] DEBUG FXGLAssetLoaderServi - Loading from file system: jar:file:/C:/Users/Admin/.m2/repository/com/github/almasb/fxgl/11.17/fxgl-11.17.jar!/fxglassets/textures/particles/smoke.png
12:46:03.885 [FXGL Background Thread 1 ] DEBUG FXGLAssetLoaderServi - Loading from file system: jar:file:/C:/Users/Admin/.m2/repository/com/github/almasb/fxgl/11.17/fxgl-11.17.jar!/fxglassets/textures/particles/trace_horizontal.png
12:46:03.924 [FXGL Background Thread 1 ] DEBUG GameApplicationServi - Application scenes initialized
12:46:03.948 [FXGL Background Thread 1 ] DEBUG SystemBundleService  - Loading FXGL system data
12:46:03.957 [FXGL Background Thread 1 ] DEBUG FileSystemAccess     - Reading from: C:\Users\Admin\Desktop\Bomberman\system\fxgl.bundle
12:46:03.972 [FXGL Background Thread 1 ] DEBUG SystemBundleService  - Bundle FXGL: {}
12:46:03.972 [FXGL Background Thread 1 ] DEBUG UpdaterService       - Checking for updates
12:46:03.981 [FXGL Background Thread 4 ] DEBUG FXGLApplication      - Loading fonts
12:46:03.982 [FXGL Background Thread 4 ] DEBUG FXGLAssetLoaderServi - Loading from file system: jar:file:/C:/Users/Admin/.m2/repository/com/github/almasb/fxgl/11.17/fxgl-11.17.jar!/fxglassets/ui/fonts/VarelaRound-Regular.ttf
12:46:03.982 [FXGL Background Thread 1 ] DEBUG FXGLApplication      - Loading default localization
12:46:03.984 [FXGL Background Thread 1 ] DEBUG FXGLAssetLoaderServi - Loading from file system: jar:file:/C:/Users/Admin/.m2/repository/com/github/almasb/fxgl/11.17/fxgl-11.17.jar!/fxglassets/languages/english.lang
12:46:04.020 [FXGL Background Thread 1 ] INFO  FXGLApplication      - FXGL initialization took: 0.647 sec
12:46:04.047 [JavaFX Application Thread] DEBUG Input                - Registered new binding: Move Left - A
12:46:04.047 [JavaFX Application Thread] DEBUG Input                - Registered new binding: Move Right - D
12:46:04.048 [JavaFX Application Thread] DEBUG Input                - Registered new binding: Move Up - W
12:46:04.048 [JavaFX Application Thread] DEBUG Input                - Registered new binding: Move Down - S
12:46:04.048 [JavaFX Application Thread] DEBUG Input                - Registered new binding: Place Bomb - Space
12:46:04.049 [JavaFX Application Thread] DEBUG Input                - Registered new binding: Switch to classic bomb - 1
12:46:04.049 [JavaFX Application Thread] DEBUG Input                - Registered new binding: Switch to lazer bomb - 2
12:46:04.050 [JavaFX Application Thread] DEBUG Input                - Registered new binding: Switch to light bomb - 3
12:46:04.051 [JavaFX Application Thread] DEBUG FXGLAssetLoaderServi - Loading from file system: jar:file:/C:/Users/Admin/.m2/repository/com/github/almasb/fxgl/11.17/fxgl-11.17.jar!/fxglassets/textures/fxgl_icon.png
12:46:04.099 [JavaFX Application Thread] DEBUG FXGLAssetLoaderServi - Loading from file system: jar:file:/C:/Users/Admin/.m2/repository/com/github/almasb/fxgl/11.17/fxgl-11.17.jar!/fxglassets/textures/fxgl_default_cursor.png
12:46:04.104 [JavaFX Application Thread] DEBUG Input                - Registered new binding: Screenshot - CTRL+8
12:46:04.105 [JavaFX Application Thread] DEBUG Input                - Registered new binding: System info dump - CTRL+9
12:46:04.106 [JavaFX Application Thread] DEBUG Input                - Registered new binding: Restart - CTRL+R
12:46:04.107 [JavaFX Application Thread] DEBUG Input                - Registered new binding: Toggle Debug Camera - CTRL+C
12:46:04.111 [JavaFX Application Thread] DEBUG LoopRunner           - Starting loop
12:46:04.111 [JavaFX Application Thread] DEBUG LoopRunner           - Initializing JavaFX AnimationTimerLoop
12:46:04.114 [JavaFX Application Thread] DEBUG GameApplicationServi - Starting new game
12:46:04.115 [JavaFX Application Thread] DEBUG Input                - Clearing active input actions
12:46:04.142 [JavaFX Application Thread] DEBUG GameApplicationServi - Removing overlay from FXGLStartupScene and adding to FXGLLoadingScene
12:46:04.142 [JavaFX Application Thread] DEBUG PrimaryStageWindow   - FXGLStartupScene -> FXGLLoadingScene
12:46:04.142 [JavaFX Application Thread] DEBUG GameApplicationServi - Clearing previous game
12:46:04.142 [JavaFX Application Thread] DEBUG GameScene            - Clearing game scene
12:46:04.142 [JavaFX Application Thread] DEBUG GameWorld            - Clearing game world
12:46:04.142 [JavaFX Application Thread] DEBUG PhysicsWorld         - Clearing physics world
12:46:04.144 [FXGL Background Thread 1 ] DEBUG FXGLApplication      - Initializing game
12:46:04.176 [FXGL Background Thread 1 ] DEBUG FXGLAssetLoaderServi - Loading from file system: file:/C:/Users/Admin/Desktop/Bomberman/target/classes/assets/textures/wall.png
12:46:04.348 [JavaFX Application Thread] DEBUG LoopRunner           - Stopping loop
12:46:04.352 [JavaFX Application Thread] FATAL FXGLApplication      - Uncaught Exception:
java.lang.RuntimeException: Initialization failed
	at com.almasb.fxgl.app.FXGLApplication$InitAppTask.failed(FXGLApplication.kt:343)
	at javafx.concurrent.Task.setState(Task.java:710)
	at javafx.concurrent.Task$TaskCallable.lambda$call$2(Task.java:1455)
	at com.sun.javafx.application.PlatformImpl.lambda$runLater$10(PlatformImpl.java:447)
	at java.base/java.security.AccessController.doPrivileged(Native Method)
	at com.sun.javafx.application.PlatformImpl.lambda$runLater$11(PlatformImpl.java:446)
	at com.sun.glass.ui.InvokeLaterDispatcher$Future.run(InvokeLaterDispatcher.java:96)
	at com.sun.glass.ui.win.WinApplication._runLoop(Native Method)
	at com.sun.glass.ui.win.WinApplication.lambda$runLoop$3(WinApplication.java:174)
	at java.base/java.lang.Thread.run(Thread.java:834)
Caused by: java.lang.StringIndexOutOfBoundsException: String index out of range: 31
	at java.base/java.lang.StringLatin1.charAt(StringLatin1.java:47)
	at java.base/java.lang.String.charAt(String.java:693)
	at Bomberman.BombermanGame.loadLevel(BombermanGame.java:217)
	at Bomberman.BombermanGame.initGame(BombermanGame.java:64)
	at com.almasb.fxgl.app.FXGLApplication$InitAppTask.initGame(FXGLApplication.kt:339)
	at com.almasb.fxgl.app.FXGLApplication$InitAppTask.call(FXGLApplication.kt:319)
	at com.almasb.fxgl.app.FXGLApplication$InitAppTask.call(FXGLApplication.kt:311)
	at javafx.concurrent.Task$TaskCallable.call(Task.java:1425)
	at java.base/java.util.concurrent.FutureTask.run(FutureTask.java:264)
	at java.base/java.util.concurrent.Executors$RunnableAdapter.call(Executors.java:515)
	at java.base/java.util.concurrent.FutureTask.run(FutureTask.java:264)
	at java.base/java.util.concurrent.ThreadPoolExecutor.runWorker(ThreadPoolExecutor.java:1128)
	at java.base/java.util.concurrent.ThreadPoolExecutor$Worker.run(ThreadPoolExecutor.java:628)
	... 1 more

12:46:04.352 [JavaFX Application Thread] FATAL FXGLApplication      - Application will now exit
12:46:04.398 [JavaFX Application Thread] DEBUG PrimaryStageWindow   - Push state: ErrorSubScene
12:46:04.399 [JavaFX Application Thread] DEBUG Input                - Clearing active input actions
12:46:04.410 [JavaFX Application Thread] DEBUG GameApplicationServi - Removing overlay from FXGLLoadingScene and adding to ErrorSubScene
12:46:04.411 [JavaFX Application Thread] DEBUG PrimaryStageWindow   - FXGLLoadingScene -> ErrorSubScene
12:46:04.504 [FXGL Background Thread 4 ] DEBUG FXGLAssetLoaderServi - Loading from file system: jar:file:/C:/Users/Admin/.m2/repository/com/github/almasb/fxgl/11.17/fxgl-11.17.jar!/fxglassets/ui/fonts/Abel-Regular.ttf
12:46:04.509 [FXGL Background Thread 4 ] DEBUG FXGLAssetLoaderServi - Loading from file system: jar:file:/C:/Users/Admin/.m2/repository/com/github/almasb/fxgl/11.17/fxgl-11.17.jar!/fxglassets/ui/fonts/lucida_console.ttf
12:46:04.517 [FXGL Background Thread 4 ] DEBUG FXGLAssetLoaderServi - Loading from file system: jar:file:/C:/Users/Admin/.m2/repository/com/github/almasb/fxgl/11.17/fxgl-11.17.jar!/fxglassets/ui/fonts/Courier-Prime.ttf
12:46:04.653 [JavaFX Application Thread] DEBUG FXGLApplication      - Registering font factories with UI factory
12:46:05.032 [FXGL Background Thread 2 ] INFO  UpdaterService       - Your current version:  11.17
12:46:05.032 [FXGL Background Thread 2 ] INFO  UpdaterService       - Latest stable version: 17.2
12:46:06.978 [FXGL Background Thread 3 ] DEBUG Engine               - Logging environment variables
12:46:06.979 [FXGL Background Thread 3 ] DEBUG Engine               - achievements: []
12:46:06.979 [FXGL Background Thread 3 ] DEBUG Engine               - actualHeight: 624.0
12:46:06.979 [FXGL Background Thread 3 ] DEBUG Engine               - actualHeightProperty: ReadOnlyDoubleProperty [value: 624.0]
12:46:06.979 [FXGL Background Thread 3 ] DEBUG Engine               - actualWidth: 1280.0
12:46:06.980 [FXGL Background Thread 3 ] DEBUG Engine               - actualWidthProperty: ReadOnlyDoubleProperty [value: 1280.0]
12:46:06.980 [FXGL Background Thread 3 ] DEBUG Engine               - appIcon: fxgl_icon.png
12:46:06.980 [FXGL Background Thread 3 ] DEBUG Engine               - applicationMode: DEVELOPER
12:46:06.980 [FXGL Background Thread 3 ] DEBUG Engine               - cSSList: [fxgl_dark.css]
12:46:06.980 [FXGL Background Thread 3 ] DEBUG Engine               - collisionDetectionStrategy: BRUTE_FORCE
12:46:06.980 [FXGL Background Thread 3 ] DEBUG Engine               - configClass: Optional.empty
12:46:06.980 [FXGL Background Thread 3 ] DEBUG Engine               - credits: []
12:46:06.980 [FXGL Background Thread 3 ] DEBUG Engine               - defaultCursor: CursorInfo(imageName=fxgl_default_cursor.png, hotspotX=7.0, hotspotY=6.0)
12:46:06.980 [FXGL Background Thread 3 ] DEBUG Engine               - devBBoxColorProperty: ObjectProperty [value: 0xff0000ff]
12:46:06.981 [FXGL Background Thread 3 ] DEBUG Engine               - devEnableDebugCameraProperty: BooleanProperty [value: false]
12:46:06.981 [FXGL Background Thread 3 ] DEBUG Engine               - devSensorColorProperty: ObjectProperty [value: 0xffff00ff]
12:46:06.981 [FXGL Background Thread 3 ] DEBUG Engine               - devShowBBoxProperty: BooleanProperty [value: false]
12:46:06.981 [FXGL Background Thread 3 ] DEBUG Engine               - devShowPositionProperty: BooleanProperty [value: false]
12:46:06.981 [FXGL Background Thread 3 ] DEBUG Engine               - enabledMenuItems: []
12:46:06.981 [FXGL Background Thread 3 ] DEBUG Engine               - engineServices: [class com.almasb.fxgl.app.services.FXGLAssetLoaderService, class com.almasb.fxgl.app.FXGLApplication$GameApplicationService, class com.almasb.fxgl.app.services.FXGLDialogService, class com.almasb.fxgl.app.services.IOTaskExecutorService, class com.almasb.fxgl.io.FileSystemService, class com.almasb.fxgl.localization.LocalizationService, class com.almasb.fxgl.app.services.SystemBundleService, class com.almasb.fxgl.profile.SaveLoadService, class com.almasb.fxgl.ui.FXGLUIFactoryServiceProvider, class com.almasb.fxgl.ui.FXGLDialogFactoryServiceProvider, class com.almasb.fxgl.audio.AudioPlayer, class com.almasb.fxgl.notification.impl.NotificationServiceProvider, class com.almasb.fxgl.achievement.AchievementService, class com.almasb.fxgl.cutscene.CutsceneService, class com.almasb.fxgl.minigames.MiniGameService, class com.almasb.fxgl.net.NetService, class com.almasb.fxgl.app.services.UpdaterService, class com.almasb.fxgl.dev.DevService]
12:46:06.981 [FXGL Background Thread 3 ] DEBUG Engine               - fontGame: Abel-Regular.ttf
12:46:06.981 [FXGL Background Thread 3 ] DEBUG Engine               - fontMono: lucida_console.ttf
12:46:06.981 [FXGL Background Thread 3 ] DEBUG Engine               - fontText: Courier-Prime.ttf
12:46:06.981 [FXGL Background Thread 3 ] DEBUG Engine               - fontUI: VarelaRound-Regular.ttf
12:46:06.981 [FXGL Background Thread 3 ] DEBUG Engine               - fullScreen: BooleanProperty [value: false]
12:46:06.981 [FXGL Background Thread 3 ] DEBUG Engine               - gameDifficulty: MEDIUM
12:46:06.981 [FXGL Background Thread 3 ] DEBUG Engine               - gameDifficultyProperty: ObjectProperty [value: MEDIUM]
12:46:06.981 [FXGL Background Thread 3 ] DEBUG Engine               - globalMusicVolume: 0.5
12:46:06.982 [FXGL Background Thread 3 ] DEBUG Engine               - globalMusicVolumeProperty: DoubleProperty [value: 0.5]
12:46:06.982 [FXGL Background Thread 3 ] DEBUG Engine               - globalSoundVolume: 0.5
12:46:06.982 [FXGL Background Thread 3 ] DEBUG Engine               - globalSoundVolumeProperty: DoubleProperty [value: 0.5]
12:46:06.982 [FXGL Background Thread 3 ] DEBUG Engine               - height: 624
12:46:06.982 [FXGL Background Thread 3 ] DEBUG Engine               - is3D: false
12:46:06.982 [FXGL Background Thread 3 ] DEBUG Engine               - isAndroid: false
12:46:06.982 [FXGL Background Thread 3 ] DEBUG Engine               - isBrowser: false
12:46:06.982 [FXGL Background Thread 3 ] DEBUG Engine               - isClickFeedbackEnabled: false
12:46:06.982 [FXGL Background Thread 3 ] DEBUG Engine               - isCloseConfirmation: false
12:46:06.982 [FXGL Background Thread 3 ] DEBUG Engine               - isDesktop: true
12:46:06.982 [FXGL Background Thread 3 ] DEBUG Engine               - isDeveloperMenuEnabled: false
12:46:06.983 [FXGL Background Thread 3 ] DEBUG Engine               - isEntityPreloadEnabled: true
12:46:06.983 [FXGL Background Thread 3 ] DEBUG Engine               - isExperimentalTiledLargeMap: false
12:46:06.983 [FXGL Background Thread 3 ] DEBUG Engine               - isFileSystemWriteAllowed: true
12:46:06.983 [FXGL Background Thread 3 ] DEBUG Engine               - isFullScreenAllowed: true
12:46:06.983 [FXGL Background Thread 3 ] DEBUG Engine               - isFullScreenFromStart: false
12:46:06.983 [FXGL Background Thread 3 ] DEBUG Engine               - isGameMenuEnabled: true
12:46:06.983 [FXGL Background Thread 3 ] DEBUG Engine               - isIOS: false
12:46:06.983 [FXGL Background Thread 3 ] DEBUG Engine               - isIntroEnabled: false
12:46:06.983 [FXGL Background Thread 3 ] DEBUG Engine               - isLinux: false
12:46:06.983 [FXGL Background Thread 3 ] DEBUG Engine               - isMac: false
12:46:06.983 [FXGL Background Thread 3 ] DEBUG Engine               - isMainMenuEnabled: false
12:46:06.983 [FXGL Background Thread 3 ] DEBUG Engine               - isManualResizeEnabled: false
12:46:06.983 [FXGL Background Thread 3 ] DEBUG Engine               - isMobile: false
12:46:06.983 [FXGL Background Thread 3 ] DEBUG Engine               - isNative: false
12:46:06.984 [FXGL Background Thread 3 ] DEBUG Engine               - isPauseMusicWhenMinimized: true
12:46:06.984 [FXGL Background Thread 3 ] DEBUG Engine               - isPreserveResizeRatio: false
12:46:06.984 [FXGL Background Thread 3 ] DEBUG Engine               - isProfilingEnabled: false
12:46:06.984 [FXGL Background Thread 3 ] DEBUG Engine               - isScaleAffectedOnResize: true
12:46:06.984 [FXGL Background Thread 3 ] DEBUG Engine               - isSingleStep: false
12:46:06.984 [FXGL Background Thread 3 ] DEBUG Engine               - isUserProfileEnabled: false
12:46:06.984 [FXGL Background Thread 3 ] DEBUG Engine               - isWindows: true
12:46:06.984 [FXGL Background Thread 3 ] DEBUG Engine               - language: ObjectProperty [value: ENGLISH]
12:46:06.984 [FXGL Background Thread 3 ] DEBUG Engine               - menuKey: ESCAPE
12:46:06.984 [FXGL Background Thread 3 ] DEBUG Engine               - mouseSensitivity: 0.2
12:46:06.984 [FXGL Background Thread 3 ] DEBUG Engine               - notificationViewClass: class com.almasb.fxgl.notification.view.XboxNotificationView
12:46:06.984 [FXGL Background Thread 3 ] DEBUG Engine               - pixelsPerMeter: 50.0
12:46:06.984 [FXGL Background Thread 3 ] DEBUG Engine               - platform: WINDOWS
12:46:06.984 [FXGL Background Thread 3 ] DEBUG Engine               - prefHeightProperty: ReadOnlyDoubleProperty [value: 624.0]
12:46:06.984 [FXGL Background Thread 3 ] DEBUG Engine               - prefWidthProperty: ReadOnlyDoubleProperty [value: 1280.0]
12:46:06.984 [FXGL Background Thread 3 ] DEBUG Engine               - profileDir: profiles/
12:46:06.984 [FXGL Background Thread 3 ] DEBUG Engine               - profileName: StringProperty [value: DEFAULT]
12:46:06.984 [FXGL Background Thread 3 ] DEBUG Engine               - randomSeed: -1
12:46:06.984 [FXGL Background Thread 3 ] DEBUG Engine               - runtimeInfo: RuntimeInfo(platform=WINDOWS, version=11.17, build=16.07.2021 15.46)
12:46:06.984 [FXGL Background Thread 3 ] DEBUG Engine               - saveFileExt: sav
12:46:06.984 [FXGL Background Thread 3 ] DEBUG Engine               - scaledHeightProp$fxgl: DoubleProperty [bound, value: 624.0]
12:46:06.985 [FXGL Background Thread 3 ] DEBUG Engine               - scaledWidthProp$fxgl: DoubleProperty [bound, value: 1280.0]
12:46:06.985 [FXGL Background Thread 3 ] DEBUG Engine               - sceneFactory: com.almasb.fxgl.app.scene.SceneFactory@58c1f079
12:46:06.985 [FXGL Background Thread 3 ] DEBUG Engine               - secondsIn24h: 60
12:46:06.985 [FXGL Background Thread 3 ] DEBUG Engine               - soundMenuBack: menu/back.wav
12:46:06.985 [FXGL Background Thread 3 ] DEBUG Engine               - soundMenuPress: menu/press.wav
12:46:06.985 [FXGL Background Thread 3 ] DEBUG Engine               - soundMenuSelect: menu/select.wav
12:46:06.985 [FXGL Background Thread 3 ] DEBUG Engine               - soundNotification: core/notification.wav
12:46:06.985 [FXGL Background Thread 3 ] DEBUG Engine               - stageStyle: DECORATED
12:46:06.985 [FXGL Background Thread 3 ] DEBUG Engine               - supportedLanguages: [ENGLISH, FRENCH, GERMAN, HUNGARIAN, RUSSIAN]
12:46:06.985 [FXGL Background Thread 3 ] DEBUG Engine               - ticksPerSecond: -1
12:46:06.985 [FXGL Background Thread 3 ] DEBUG Engine               - title: BOMBERMAN
12:46:06.985 [FXGL Background Thread 3 ] DEBUG Engine               - urlGithub: https://github.com/AlmasB/FXGL
12:46:06.985 [FXGL Background Thread 3 ] DEBUG Engine               - urlLeaderboard: http://fxgl-top.herokuapp.com/
12:46:06.985 [FXGL Background Thread 3 ] DEBUG Engine               - urlPOM: https://raw.githubusercontent.com/AlmasB/FXGL/release/README.md
12:46:06.985 [FXGL Background Thread 3 ] DEBUG Engine               - userAppClass: class Bomberman.BombermanGame
12:46:06.985 [FXGL Background Thread 3 ] DEBUG Engine               - version: 1.0
12:46:06.985 [FXGL Background Thread 3 ] DEBUG Engine               - versionCheckDays: 7
12:46:06.985 [FXGL Background Thread 3 ] DEBUG Engine               - width: 1280
12:46:06.985 [FXGL Background Thread 3 ] DEBUG Engine               - Logging services
12:46:06.985 [FXGL Background Thread 3 ] DEBUG Engine               - class com.almasb.fxgl.app.services.FXGLAssetLoaderService
12:46:06.985 [FXGL Background Thread 3 ] DEBUG Engine               - class com.almasb.fxgl.app.FXGLApplication$GameApplicationService
12:46:06.985 [FXGL Background Thread 3 ] DEBUG Engine               - class com.almasb.fxgl.app.services.FXGLDialogService
12:46:06.985 [FXGL Background Thread 3 ] DEBUG Engine               - class com.almasb.fxgl.app.services.IOTaskExecutorService
12:46:06.985 [FXGL Background Thread 3 ] DEBUG Engine               - class com.almasb.fxgl.io.FileSystemService
12:46:06.986 [FXGL Background Thread 3 ] DEBUG Engine               - class com.almasb.fxgl.localization.LocalizationService
12:46:06.986 [FXGL Background Thread 3 ] DEBUG Engine               - class com.almasb.fxgl.app.services.SystemBundleService
12:46:06.986 [FXGL Background Thread 3 ] DEBUG Engine               - class com.almasb.fxgl.profile.SaveLoadService
12:46:06.986 [FXGL Background Thread 3 ] DEBUG Engine               - class com.almasb.fxgl.ui.FXGLUIFactoryServiceProvider
12:46:06.986 [FXGL Background Thread 3 ] DEBUG Engine               - class com.almasb.fxgl.ui.FXGLDialogFactoryServiceProvider
12:46:06.986 [FXGL Background Thread 3 ] DEBUG Engine               - class com.almasb.fxgl.audio.AudioPlayer
12:46:06.986 [FXGL Background Thread 3 ] DEBUG Engine               - class com.almasb.fxgl.notification.impl.NotificationServiceProvider
12:46:06.986 [FXGL Background Thread 3 ] DEBUG Engine               - class com.almasb.fxgl.achievement.AchievementService
12:46:06.986 [FXGL Background Thread 3 ] DEBUG Engine               - class com.almasb.fxgl.cutscene.CutsceneService
12:46:06.986 [FXGL Background Thread 3 ] DEBUG Engine               - class com.almasb.fxgl.minigames.MiniGameService
12:46:06.986 [FXGL Background Thread 3 ] DEBUG Engine               - class com.almasb.fxgl.net.NetService
12:46:06.986 [FXGL Background Thread 3 ] DEBUG Engine               - class com.almasb.fxgl.app.services.UpdaterService
12:46:06.986 [FXGL Background Thread 3 ] DEBUG Engine               - class com.almasb.fxgl.dev.DevService
12:46:07.209 [JavaFX Application Thread] DEBUG FXGLApplication      - Exiting FXGL
12:46:07.209 [JavaFX Application Thread] DEBUG Async                - Shutting down background threads
12:46:07.210 [JavaFX Application Thread] DEBUG PrimaryStageWindow   - Closing main window
12:46:07.242 [JavaFX Application Thread] DEBUG Logger               - Closing Logger
