20:07:30.998 [main                     ] DEBUG Logger               - Configured Logger
20:07:31.001 [main                     ] DEBUG GameApplication      - Logging settings
Title: BOMBERMAN
Version: 1.0
Width: 1488
Height: 624
Fullscreen: true
Intro: false
Profiling: false
Single step:false
App Mode: DEVELOPER
Menu Key: ESCAPE
Stage Style: DECORATED
Scene Factory: class com.almasb.fxgl.app.scene.SceneFactory

20:07:31.423 [JavaFX Application Thread] DEBUG FXGLApplication      - Initializing FXGL
20:07:31.425 [JavaFX Application Thread] INFO  Engine               - FXGL-11.17 (16.07.2021 15.46) on WINDOWS (J:11.0.16.1 FX:16)
20:07:31.426 [JavaFX Application Thread] DEBUG Engine               - JRE Vendor Name: Oracle Corporation
20:07:31.426 [JavaFX Application Thread] DEBUG Engine               - Running on OS: Windows 11 version 10.0
20:07:31.426 [JavaFX Application Thread] DEBUG Engine               - Architecture: amd64
20:07:31.426 [JavaFX Application Thread] INFO  Engine               - Source code and latest versions at: https://github.com/AlmasB/FXGL
20:07:31.426 [JavaFX Application Thread] INFO  Engine               -              Join the FXGL chat at: https://gitter.im/AlmasB/FXGL
20:07:31.553 [JavaFX Application Thread] DEBUG PrimaryStageWindow   - Creating a JavaFX scene
20:07:31.553 [JavaFX Application Thread] DEBUG PrimaryStageWindow   - Target size > screen size
20:07:31.615 [JavaFX Application Thread] DEBUG PrimaryStageWindow   - Target settings size: 1488.0 x 624.0
20:07:31.615 [JavaFX Application Thread] DEBUG PrimaryStageWindow   - Scaled scene size:    1415.0 x 603.0
20:07:31.616 [JavaFX Application Thread] DEBUG PrimaryStageWindow   - Scaled ratio: (0.9509408602150538, 0.9663461538461539)
20:07:31.617 [JavaFX Application Thread] DEBUG PrimaryStageWindow   - Set initial scene to FXGLStartupScene
20:07:31.626 [JavaFX Application Thread] DEBUG PrimaryStageWindow   - Opening main window
20:07:31.734 [JavaFX Application Thread] DEBUG PrimaryStageWindow   - Window border size: (13.0, 35.5)
20:07:31.735 [JavaFX Application Thread] DEBUG PrimaryStageWindow   - Scaled size: 1415.0 x 603.0
20:07:31.735 [JavaFX Application Thread] DEBUG PrimaryStageWindow   - Scaled ratio: (0.9509408602150538, 0.9663461538461539)
20:07:31.735 [JavaFX Application Thread] DEBUG PrimaryStageWindow   - Scene size: 1415.0 x 603.0
20:07:31.735 [JavaFX Application Thread] DEBUG PrimaryStageWindow   - Stage size: 1428.0 x 638.5
20:07:31.751 [FXGL Background Thread 1 ] DEBUG Engine               - Initializing environment variables
20:07:31.837 [FXGL Background Thread 1 ] DEBUG FXGLAssetLoaderServi - User app class for loading assets: class Bomberman.BombermanGame
20:07:31.838 [FXGL Background Thread 1 ] DEBUG GameApplicationServi - Applying CSS: fxgl_dark.css
20:07:31.839 [FXGL Background Thread 1 ] DEBUG FXGLAssetLoaderServi - Loading from file system: jar:file:/C:/Users/Admin/.m2/repository/com/github/almasb/fxgl/11.17/fxgl-11.17.jar!/fxglassets/ui/css/fxgl_dark.css
20:07:31.894 [FXGL Background Thread 1 ] DEBUG GameApplicationServi - Initializing application scenes
20:07:31.942 [FXGL Background Thread 1 ] DEBUG GameWorld            - Game world initialized
20:07:32.003 [FXGL Background Thread 1 ] DEBUG PhysicsWorld         - Physics world initialized: appHeight=624, physics.ppm=50.0
20:07:32.004 [FXGL Background Thread 1 ] DEBUG PhysicsWorld         - Using strategy: BRUTE_FORCE
20:07:32.006 [FXGL Background Thread 1 ] DEBUG GameScene            - Game scene initialized: 1488x624
20:07:32.019 [FXGL Background Thread 1 ] DEBUG FXGL.DefaultMenu     - createMenuBodyGameMenu()
20:07:32.039 [FXGL Background Thread 1 ] DEBUG FXGL.DefaultMenu     - createOptionsMenu()
20:07:32.052 [FXGL Background Thread 1 ] DEBUG FXGLAssetLoaderServi - Loading from file system: jar:file:/C:/Users/Admin/.m2/repository/com/github/almasb/fxgl/11.17/fxgl-11.17.jar!/fxglassets/textures/particles/smoke.png
20:07:32.161 [FXGL Background Thread 1 ] DEBUG FXGLAssetLoaderServi - Loading from file system: jar:file:/C:/Users/Admin/.m2/repository/com/github/almasb/fxgl/11.17/fxgl-11.17.jar!/fxglassets/textures/particles/trace_horizontal.png
20:07:32.188 [FXGL Background Thread 1 ] DEBUG GameApplicationServi - Application scenes initialized
20:07:32.202 [FXGL Background Thread 1 ] DEBUG SystemBundleService  - Loading FXGL system data
20:07:32.206 [FXGL Background Thread 1 ] DEBUG FileSystemAccess     - Reading from: C:\Users\Admin\Desktop\Bomberman\system\fxgl.bundle
20:07:32.212 [FXGL Background Thread 1 ] DEBUG SystemBundleService  - Bundle FXGL: {}
20:07:32.212 [FXGL Background Thread 1 ] DEBUG UpdaterService       - Checking for updates
20:07:32.215 [FXGL Background Thread 4 ] DEBUG FXGLApplication      - Loading fonts
20:07:32.216 [FXGL Background Thread 1 ] DEBUG FXGLApplication      - Loading default localization
20:07:32.216 [FXGL Background Thread 4 ] DEBUG FXGLAssetLoaderServi - Loading from file system: jar:file:/C:/Users/Admin/.m2/repository/com/github/almasb/fxgl/11.17/fxgl-11.17.jar!/fxglassets/ui/fonts/VarelaRound-Regular.ttf
20:07:32.216 [FXGL Background Thread 1 ] DEBUG FXGLAssetLoaderServi - Loading from file system: jar:file:/C:/Users/Admin/.m2/repository/com/github/almasb/fxgl/11.17/fxgl-11.17.jar!/fxglassets/languages/english.lang
20:07:32.233 [FXGL Background Thread 1 ] INFO  FXGLApplication      - FXGL initialization took: 0.483 sec
20:07:32.247 [JavaFX Application Thread] DEBUG Input                - Registered new binding: Move Left - A
20:07:32.248 [JavaFX Application Thread] DEBUG Input                - Registered new binding: Move Right - D
20:07:32.248 [JavaFX Application Thread] DEBUG Input                - Registered new binding: Move Up - W
20:07:32.248 [JavaFX Application Thread] DEBUG Input                - Registered new binding: Move Down - S
20:07:32.248 [JavaFX Application Thread] DEBUG Input                - Registered new binding: Place Bomb - Space
20:07:32.248 [JavaFX Application Thread] DEBUG Input                - Registered new binding: Switch to classic bomb - 1
20:07:32.248 [JavaFX Application Thread] DEBUG Input                - Registered new binding: Switch to lazer bomb - 2
20:07:32.249 [JavaFX Application Thread] DEBUG Input                - Registered new binding: Switch to light bomb - 3
20:07:32.249 [JavaFX Application Thread] DEBUG FXGLAssetLoaderServi - Loading from file system: jar:file:/C:/Users/Admin/.m2/repository/com/github/almasb/fxgl/11.17/fxgl-11.17.jar!/fxglassets/textures/fxgl_icon.png
20:07:32.277 [JavaFX Application Thread] DEBUG FXGLAssetLoaderServi - Loading from file system: jar:file:/C:/Users/Admin/.m2/repository/com/github/almasb/fxgl/11.17/fxgl-11.17.jar!/fxglassets/textures/fxgl_default_cursor.png
20:07:32.282 [JavaFX Application Thread] DEBUG Input                - Registered new binding: Screenshot - CTRL+8
20:07:32.283 [JavaFX Application Thread] DEBUG Input                - Registered new binding: System info dump - CTRL+9
20:07:32.283 [JavaFX Application Thread] DEBUG Input                - Registered new binding: Restart - CTRL+R
20:07:32.285 [JavaFX Application Thread] DEBUG Input                - Registered new binding: Toggle Debug Camera - CTRL+C
20:07:32.288 [JavaFX Application Thread] DEBUG LoopRunner           - Starting loop
20:07:32.289 [JavaFX Application Thread] DEBUG LoopRunner           - Initializing JavaFX AnimationTimerLoop
20:07:32.292 [JavaFX Application Thread] DEBUG GameApplicationServi - Starting new game
20:07:32.293 [JavaFX Application Thread] DEBUG Input                - Clearing active input actions
20:07:32.317 [JavaFX Application Thread] DEBUG GameApplicationServi - Removing overlay from FXGLStartupScene and adding to FXGLLoadingScene
20:07:32.318 [JavaFX Application Thread] DEBUG PrimaryStageWindow   - FXGLStartupScene -> FXGLLoadingScene
20:07:32.318 [JavaFX Application Thread] DEBUG GameApplicationServi - Clearing previous game
20:07:32.318 [JavaFX Application Thread] DEBUG GameScene            - Clearing game scene
20:07:32.318 [JavaFX Application Thread] DEBUG GameWorld            - Clearing game world
20:07:32.318 [JavaFX Application Thread] DEBUG PhysicsWorld         - Clearing physics world
20:07:32.320 [FXGL Background Thread 1 ] DEBUG FXGLApplication      - Initializing game
20:07:32.349 [FXGL Background Thread 1 ] DEBUG FXGLAssetLoaderServi - Loading from file system: file:/C:/Users/Admin/Desktop/Bomberman/target/classes/assets/textures/wall.png
20:07:32.447 [FXGL Background Thread 1 ] DEBUG FXGLAssetLoaderServi - Loading from file system: file:/C:/Users/Admin/Desktop/Bomberman/target/classes/assets/textures/player_die.png
20:07:32.450 [FXGL Background Thread 1 ] DEBUG FXGLAssetLoaderServi - Loading from file system: file:/C:/Users/Admin/Desktop/Bomberman/target/classes/assets/textures/player_down.png
20:07:32.452 [FXGL Background Thread 1 ] DEBUG FXGLAssetLoaderServi - Loading from file system: file:/C:/Users/Admin/Desktop/Bomberman/target/classes/assets/textures/player_right.png
20:07:32.453 [FXGL Background Thread 1 ] DEBUG FXGLAssetLoaderServi - Loading from file system: file:/C:/Users/Admin/Desktop/Bomberman/target/classes/assets/textures/player_up.png
20:07:32.455 [FXGL Background Thread 1 ] DEBUG FXGLAssetLoaderServi - Loading from file system: file:/C:/Users/Admin/Desktop/Bomberman/target/classes/assets/textures/player_left.png
20:07:32.466 [FXGL Background Thread 1 ] DEBUG FXGLAssetLoaderServi - Loading from file system: file:/C:/Users/Admin/Desktop/Bomberman/target/classes/assets/textures/brick.png
20:07:32.468 [FXGL Background Thread 1 ] DEBUG FXGLAssetLoaderServi - Loading from file system: file:/C:/Users/Admin/Desktop/Bomberman/target/classes/assets/textures/brick_break.png
20:07:32.476 [FXGL Background Thread 1 ] DEBUG FXGLAssetLoaderServi - Loading from file system: file:/C:/Users/Admin/Desktop/Bomberman/target/classes/assets/textures/enemy1.png
20:07:32.492 [FXGL Background Thread 1 ] DEBUG FXGLAssetLoaderServi - Loading from file system: file:/C:/Users/Admin/Desktop/Bomberman/target/classes/assets/textures/enemy2.png
20:07:32.545 [FXGL Background Thread 1 ] DEBUG FXGLAssetLoaderServi - Loading from file system: file:/C:/Users/Admin/Desktop/Bomberman/target/classes/assets/textures/portal.png
20:07:32.596 [FXGL Background Thread 1 ] DEBUG FXGLAssetLoaderServi - Loading from file system: file:/C:/Users/Admin/Desktop/Bomberman/target/classes/assets/textures/powerup_flames.png
20:07:32.635 [FXGL Background Thread 4 ] DEBUG FXGLAssetLoaderServi - Loading from file system: jar:file:/C:/Users/Admin/.m2/repository/com/github/almasb/fxgl/11.17/fxgl-11.17.jar!/fxglassets/ui/fonts/Abel-Regular.ttf
20:07:32.640 [FXGL Background Thread 4 ] DEBUG FXGLAssetLoaderServi - Loading from file system: jar:file:/C:/Users/Admin/.m2/repository/com/github/almasb/fxgl/11.17/fxgl-11.17.jar!/fxglassets/ui/fonts/lucida_console.ttf
20:07:32.648 [FXGL Background Thread 4 ] DEBUG FXGLAssetLoaderServi - Loading from file system: jar:file:/C:/Users/Admin/.m2/repository/com/github/almasb/fxgl/11.17/fxgl-11.17.jar!/fxglassets/ui/fonts/Courier-Prime.ttf
20:07:32.651 [FXGL Background Thread 1 ] DEBUG FXGLAssetLoaderServi - Loading from file system: file:/C:/Users/Admin/Desktop/Bomberman/target/classes/assets/textures/enemy3.png
20:07:32.659 [JavaFX Application Thread] DEBUG FXGLApplication      - Registering font factories with UI factory
20:07:32.683 [FXGL Background Thread 1 ] INFO  FXGLApplication      - Game initialization took: 0.363 sec
20:07:32.692 [JavaFX Application Thread] DEBUG Input                - Clearing active input actions
20:07:32.714 [JavaFX Application Thread] DEBUG GameApplicationServi - Removing overlay from FXGLLoadingScene and adding to GameScene
20:07:32.715 [JavaFX Application Thread] DEBUG PrimaryStageWindow   - FXGLLoadingScene -> GameScene
20:07:33.092 [FXGL Background Thread 2 ] INFO  UpdaterService       - Your current version:  11.17
20:07:33.092 [FXGL Background Thread 2 ] INFO  UpdaterService       - Latest stable version: 17.2
20:07:35.216 [FXGL Background Thread 3 ] DEBUG Engine               - Logging environment variables
20:07:35.216 [FXGL Background Thread 3 ] DEBUG Engine               - achievements: []
20:07:35.216 [FXGL Background Thread 3 ] DEBUG Engine               - actualHeight: 603.0
20:07:35.216 [FXGL Background Thread 3 ] DEBUG Engine               - actualHeightProperty: ReadOnlyDoubleProperty [value: 603.0]
20:07:35.216 [FXGL Background Thread 3 ] DEBUG Engine               - actualWidth: 1415.0
20:07:35.216 [FXGL Background Thread 3 ] DEBUG Engine               - actualWidthProperty: ReadOnlyDoubleProperty [value: 1415.0]
20:07:35.216 [FXGL Background Thread 3 ] DEBUG Engine               - appIcon: fxgl_icon.png
20:07:35.216 [FXGL Background Thread 3 ] DEBUG Engine               - applicationMode: DEVELOPER
20:07:35.217 [FXGL Background Thread 3 ] DEBUG Engine               - cSSList: [fxgl_dark.css]
20:07:35.217 [FXGL Background Thread 3 ] DEBUG Engine               - collisionDetectionStrategy: BRUTE_FORCE
20:07:35.217 [FXGL Background Thread 3 ] DEBUG Engine               - configClass: Optional.empty
20:07:35.217 [FXGL Background Thread 3 ] DEBUG Engine               - credits: []
20:07:35.217 [FXGL Background Thread 3 ] DEBUG Engine               - defaultCursor: CursorInfo(imageName=fxgl_default_cursor.png, hotspotX=7.0, hotspotY=6.0)
20:07:35.217 [FXGL Background Thread 3 ] DEBUG Engine               - devBBoxColorProperty: ObjectProperty [value: 0xff0000ff]
20:07:35.217 [FXGL Background Thread 3 ] DEBUG Engine               - devEnableDebugCameraProperty: BooleanProperty [value: false]
20:07:35.217 [FXGL Background Thread 3 ] DEBUG Engine               - devSensorColorProperty: ObjectProperty [value: 0xffff00ff]
20:07:35.217 [FXGL Background Thread 3 ] DEBUG Engine               - devShowBBoxProperty: BooleanProperty [value: false]
20:07:35.217 [FXGL Background Thread 3 ] DEBUG Engine               - devShowPositionProperty: BooleanProperty [value: false]
20:07:35.217 [FXGL Background Thread 3 ] DEBUG Engine               - enabledMenuItems: []
20:07:35.217 [FXGL Background Thread 3 ] DEBUG Engine               - engineServices: [class com.almasb.fxgl.app.services.FXGLAssetLoaderService, class com.almasb.fxgl.app.FXGLApplication$GameApplicationService, class com.almasb.fxgl.app.services.FXGLDialogService, class com.almasb.fxgl.app.services.IOTaskExecutorService, class com.almasb.fxgl.io.FileSystemService, class com.almasb.fxgl.localization.LocalizationService, class com.almasb.fxgl.app.services.SystemBundleService, class com.almasb.fxgl.profile.SaveLoadService, class com.almasb.fxgl.ui.FXGLUIFactoryServiceProvider, class com.almasb.fxgl.ui.FXGLDialogFactoryServiceProvider, class com.almasb.fxgl.audio.AudioPlayer, class com.almasb.fxgl.notification.impl.NotificationServiceProvider, class com.almasb.fxgl.achievement.AchievementService, class com.almasb.fxgl.cutscene.CutsceneService, class com.almasb.fxgl.minigames.MiniGameService, class com.almasb.fxgl.net.NetService, class com.almasb.fxgl.app.services.UpdaterService, class com.almasb.fxgl.dev.DevService]
20:07:35.217 [FXGL Background Thread 3 ] DEBUG Engine               - fontGame: Abel-Regular.ttf
20:07:35.217 [FXGL Background Thread 3 ] DEBUG Engine               - fontMono: lucida_console.ttf
20:07:35.217 [FXGL Background Thread 3 ] DEBUG Engine               - fontText: Courier-Prime.ttf
20:07:35.217 [FXGL Background Thread 3 ] DEBUG Engine               - fontUI: VarelaRound-Regular.ttf
20:07:35.217 [FXGL Background Thread 3 ] DEBUG Engine               - fullScreen: BooleanProperty [value: false]
20:07:35.217 [FXGL Background Thread 3 ] DEBUG Engine               - gameDifficulty: MEDIUM
20:07:35.218 [FXGL Background Thread 3 ] DEBUG Engine               - gameDifficultyProperty: ObjectProperty [value: MEDIUM]
20:07:35.218 [FXGL Background Thread 3 ] DEBUG Engine               - globalMusicVolume: 0.5
20:07:35.218 [FXGL Background Thread 3 ] DEBUG Engine               - globalMusicVolumeProperty: DoubleProperty [value: 0.5]
20:07:35.218 [FXGL Background Thread 3 ] DEBUG Engine               - globalSoundVolume: 0.5
20:07:35.218 [FXGL Background Thread 3 ] DEBUG Engine               - globalSoundVolumeProperty: DoubleProperty [value: 0.5]
20:07:35.218 [FXGL Background Thread 3 ] DEBUG Engine               - height: 624
20:07:35.218 [FXGL Background Thread 3 ] DEBUG Engine               - is3D: false
20:07:35.218 [FXGL Background Thread 3 ] DEBUG Engine               - isAndroid: false
20:07:35.218 [FXGL Background Thread 3 ] DEBUG Engine               - isBrowser: false
20:07:35.218 [FXGL Background Thread 3 ] DEBUG Engine               - isClickFeedbackEnabled: false
20:07:35.218 [FXGL Background Thread 3 ] DEBUG Engine               - isCloseConfirmation: false
20:07:35.218 [FXGL Background Thread 3 ] DEBUG Engine               - isDesktop: true
20:07:35.218 [FXGL Background Thread 3 ] DEBUG Engine               - isDeveloperMenuEnabled: false
20:07:35.218 [FXGL Background Thread 3 ] DEBUG Engine               - isEntityPreloadEnabled: true
20:07:35.218 [FXGL Background Thread 3 ] DEBUG Engine               - isExperimentalTiledLargeMap: false
20:07:35.218 [FXGL Background Thread 3 ] DEBUG Engine               - isFileSystemWriteAllowed: true
20:07:35.218 [FXGL Background Thread 3 ] DEBUG Engine               - isFullScreenAllowed: true
20:07:35.218 [FXGL Background Thread 3 ] DEBUG Engine               - isFullScreenFromStart: false
20:07:35.218 [FXGL Background Thread 3 ] DEBUG Engine               - isGameMenuEnabled: true
20:07:35.218 [FXGL Background Thread 3 ] DEBUG Engine               - isIOS: false
20:07:35.218 [FXGL Background Thread 3 ] DEBUG Engine               - isIntroEnabled: false
20:07:35.218 [FXGL Background Thread 3 ] DEBUG Engine               - isLinux: false
20:07:35.218 [FXGL Background Thread 3 ] DEBUG Engine               - isMac: false
20:07:35.218 [FXGL Background Thread 3 ] DEBUG Engine               - isMainMenuEnabled: false
20:07:35.218 [FXGL Background Thread 3 ] DEBUG Engine               - isManualResizeEnabled: false
20:07:35.218 [FXGL Background Thread 3 ] DEBUG Engine               - isMobile: false
20:07:35.218 [FXGL Background Thread 3 ] DEBUG Engine               - isNative: false
20:07:35.218 [FXGL Background Thread 3 ] DEBUG Engine               - isPauseMusicWhenMinimized: true
20:07:35.218 [FXGL Background Thread 3 ] DEBUG Engine               - isPreserveResizeRatio: false
20:07:35.218 [FXGL Background Thread 3 ] DEBUG Engine               - isProfilingEnabled: false
20:07:35.218 [FXGL Background Thread 3 ] DEBUG Engine               - isScaleAffectedOnResize: true
20:07:35.218 [FXGL Background Thread 3 ] DEBUG Engine               - isSingleStep: false
20:07:35.218 [FXGL Background Thread 3 ] DEBUG Engine               - isUserProfileEnabled: false
20:07:35.219 [FXGL Background Thread 3 ] DEBUG Engine               - isWindows: true
20:07:35.219 [FXGL Background Thread 3 ] DEBUG Engine               - language: ObjectProperty [value: ENGLISH]
20:07:35.219 [FXGL Background Thread 3 ] DEBUG Engine               - menuKey: ESCAPE
20:07:35.219 [FXGL Background Thread 3 ] DEBUG Engine               - mouseSensitivity: 0.2
20:07:35.219 [FXGL Background Thread 3 ] DEBUG Engine               - notificationViewClass: class com.almasb.fxgl.notification.view.XboxNotificationView
20:07:35.219 [FXGL Background Thread 3 ] DEBUG Engine               - pixelsPerMeter: 50.0
20:07:35.219 [FXGL Background Thread 3 ] DEBUG Engine               - platform: WINDOWS
20:07:35.219 [FXGL Background Thread 3 ] DEBUG Engine               - prefHeightProperty: ReadOnlyDoubleProperty [value: 624.0]
20:07:35.219 [FXGL Background Thread 3 ] DEBUG Engine               - prefWidthProperty: ReadOnlyDoubleProperty [value: 1488.0]
20:07:35.219 [FXGL Background Thread 3 ] DEBUG Engine               - profileDir: profiles/
20:07:35.219 [FXGL Background Thread 3 ] DEBUG Engine               - profileName: StringProperty [value: DEFAULT]
20:07:35.219 [FXGL Background Thread 3 ] DEBUG Engine               - randomSeed: -1
20:07:35.219 [FXGL Background Thread 3 ] DEBUG Engine               - runtimeInfo: RuntimeInfo(platform=WINDOWS, version=11.17, build=16.07.2021 15.46)
20:07:35.219 [FXGL Background Thread 3 ] DEBUG Engine               - saveFileExt: sav
20:07:35.219 [FXGL Background Thread 3 ] DEBUG Engine               - scaledHeightProp$fxgl: DoubleProperty [bound, value: 603.0]
20:07:35.219 [FXGL Background Thread 3 ] DEBUG Engine               - scaledWidthProp$fxgl: DoubleProperty [bound, value: 1415.0]
20:07:35.219 [FXGL Background Thread 3 ] DEBUG Engine               - sceneFactory: com.almasb.fxgl.app.scene.SceneFactory@350e5f72
20:07:35.219 [FXGL Background Thread 3 ] DEBUG Engine               - secondsIn24h: 60
20:07:35.219 [FXGL Background Thread 3 ] DEBUG Engine               - soundMenuBack: menu/back.wav
20:07:35.219 [FXGL Background Thread 3 ] DEBUG Engine               - soundMenuPress: menu/press.wav
20:07:35.219 [FXGL Background Thread 3 ] DEBUG Engine               - soundMenuSelect: menu/select.wav
20:07:35.219 [FXGL Background Thread 3 ] DEBUG Engine               - soundNotification: core/notification.wav
20:07:35.219 [FXGL Background Thread 3 ] DEBUG Engine               - stageStyle: DECORATED
20:07:35.219 [FXGL Background Thread 3 ] DEBUG Engine               - supportedLanguages: [ENGLISH, FRENCH, GERMAN, HUNGARIAN, RUSSIAN]
20:07:35.219 [FXGL Background Thread 3 ] DEBUG Engine               - ticksPerSecond: -1
20:07:35.219 [FXGL Background Thread 3 ] DEBUG Engine               - title: BOMBERMAN
20:07:35.219 [FXGL Background Thread 3 ] DEBUG Engine               - urlGithub: https://github.com/AlmasB/FXGL
20:07:35.219 [FXGL Background Thread 3 ] DEBUG Engine               - urlLeaderboard: http://fxgl-top.herokuapp.com/
20:07:35.219 [FXGL Background Thread 3 ] DEBUG Engine               - urlPOM: https://raw.githubusercontent.com/AlmasB/FXGL/release/README.md
20:07:35.219 [FXGL Background Thread 3 ] DEBUG Engine               - userAppClass: class Bomberman.BombermanGame
20:07:35.219 [FXGL Background Thread 3 ] DEBUG Engine               - version: 1.0
20:07:35.219 [FXGL Background Thread 3 ] DEBUG Engine               - versionCheckDays: 7
20:07:35.219 [FXGL Background Thread 3 ] DEBUG Engine               - width: 1488
20:07:35.219 [FXGL Background Thread 3 ] DEBUG Engine               - Logging services
20:07:35.219 [FXGL Background Thread 3 ] DEBUG Engine               - class com.almasb.fxgl.app.services.FXGLAssetLoaderService
20:07:35.219 [FXGL Background Thread 3 ] DEBUG Engine               - class com.almasb.fxgl.app.FXGLApplication$GameApplicationService
20:07:35.219 [FXGL Background Thread 3 ] DEBUG Engine               - class com.almasb.fxgl.app.services.FXGLDialogService
20:07:35.220 [FXGL Background Thread 3 ] DEBUG Engine               - class com.almasb.fxgl.app.services.IOTaskExecutorService
20:07:35.220 [FXGL Background Thread 3 ] DEBUG Engine               - class com.almasb.fxgl.io.FileSystemService
20:07:35.220 [FXGL Background Thread 3 ] DEBUG Engine               - class com.almasb.fxgl.localization.LocalizationService
20:07:35.220 [FXGL Background Thread 3 ] DEBUG Engine               - class com.almasb.fxgl.app.services.SystemBundleService
20:07:35.220 [FXGL Background Thread 3 ] DEBUG Engine               - class com.almasb.fxgl.profile.SaveLoadService
20:07:35.220 [FXGL Background Thread 3 ] DEBUG Engine               - class com.almasb.fxgl.ui.FXGLUIFactoryServiceProvider
20:07:35.220 [FXGL Background Thread 3 ] DEBUG Engine               - class com.almasb.fxgl.ui.FXGLDialogFactoryServiceProvider
20:07:35.220 [FXGL Background Thread 3 ] DEBUG Engine               - class com.almasb.fxgl.audio.AudioPlayer
20:07:35.220 [FXGL Background Thread 3 ] DEBUG Engine               - class com.almasb.fxgl.notification.impl.NotificationServiceProvider
20:07:35.220 [FXGL Background Thread 3 ] DEBUG Engine               - class com.almasb.fxgl.achievement.AchievementService
20:07:35.220 [FXGL Background Thread 3 ] DEBUG Engine               - class com.almasb.fxgl.cutscene.CutsceneService
20:07:35.220 [FXGL Background Thread 3 ] DEBUG Engine               - class com.almasb.fxgl.minigames.MiniGameService
20:07:35.220 [FXGL Background Thread 3 ] DEBUG Engine               - class com.almasb.fxgl.net.NetService
20:07:35.220 [FXGL Background Thread 3 ] DEBUG Engine               - class com.almasb.fxgl.app.services.UpdaterService
20:07:35.220 [FXGL Background Thread 3 ] DEBUG Engine               - class com.almasb.fxgl.dev.DevService
20:07:42.964 [JavaFX Application Thread] DEBUG FXGLAssetLoaderServi - Loading from file system: file:/C:/Users/Admin/Desktop/Bomberman/target/classes/assets/sounds/place_bomb.wav
20:07:43.025 [JavaFX Application Thread] DEBUG FXGLAssetLoaderServi - Loading from file system: file:/C:/Users/Admin/Desktop/Bomberman/target/classes/assets/textures/bomb.png
20:07:44.989 [JavaFX Application Thread] DEBUG FXGLAssetLoaderServi - Loading from file system: file:/C:/Users/Admin/Desktop/Bomberman/target/classes/assets/sounds/explosion.wav
20:07:44.994 [JavaFX Application Thread] DEBUG FXGLAssetLoaderServi - Loading from file system: file:/C:/Users/Admin/Desktop/Bomberman/target/classes/assets/textures/central_flame.png
20:07:44.995 [JavaFX Application Thread] DEBUG FXGLAssetLoaderServi - Loading from file system: file:/C:/Users/Admin/Desktop/Bomberman/target/classes/assets/textures/top_up_flame.png
20:07:44.996 [JavaFX Application Thread] DEBUG FXGLAssetLoaderServi - Loading from file system: file:/C:/Users/Admin/Desktop/Bomberman/target/classes/assets/textures/top_down_flame.png
20:07:44.997 [JavaFX Application Thread] DEBUG FXGLAssetLoaderServi - Loading from file system: file:/C:/Users/Admin/Desktop/Bomberman/target/classes/assets/textures/top_right_flame.png
20:07:44.998 [JavaFX Application Thread] DEBUG FXGLAssetLoaderServi - Loading from file system: file:/C:/Users/Admin/Desktop/Bomberman/target/classes/assets/textures/top_left_flame.png
20:08:00.216 [JavaFX Application Thread] DEBUG FXGLApplication      - Exiting FXGL
20:08:00.217 [JavaFX Application Thread] DEBUG LoopRunner           - Stopping loop
20:08:00.217 [JavaFX Application Thread] DEBUG SystemBundleService  - Saving FXGL system data
20:08:00.219 [JavaFX Application Thread] DEBUG FileSystemAccess     - Writing to: C:\Users\Admin\Desktop\Bomberman\system\fxgl.bundle
20:08:00.220 [JavaFX Application Thread] DEBUG Async                - Shutting down background threads
20:08:00.220 [JavaFX Application Thread] DEBUG PrimaryStageWindow   - Closing main window
20:08:00.231 [JavaFX Application Thread] DEBUG Logger               - Closing Logger
