12:05:19.868 [main                     ] DEBUG Logger               - Configured Logger
12:05:19.872 [main                     ] DEBUG GameApplication      - Logging settings
Title: BOMBERMAN
Version: 1.0
Width: 1488
Height: 624
Fullscreen: true
Intro: false
Profiling: false
Single step:false
App Mode: DEVELOPER
Menu Key: ESCAPE
Stage Style: DECORATED
Scene Factory: class com.almasb.fxgl.app.scene.SceneFactory

12:05:20.312 [JavaFX Application Thread] DEBUG FXGLApplication      - Initializing FXGL
12:05:20.315 [JavaFX Application Thread] INFO  Engine               - FXGL-11.17 (16.07.2021 15.46) on WINDOWS (J:11.0.16.1 FX:16)
12:05:20.315 [JavaFX Application Thread] DEBUG Engine               - JRE Vendor Name: Oracle Corporation
12:05:20.315 [JavaFX Application Thread] DEBUG Engine               - Running on OS: Windows 11 version 10.0
12:05:20.316 [JavaFX Application Thread] DEBUG Engine               - Architecture: amd64
12:05:20.316 [JavaFX Application Thread] INFO  Engine               - Source code and latest versions at: https://github.com/AlmasB/FXGL
12:05:20.316 [JavaFX Application Thread] INFO  Engine               -              Join the FXGL chat at: https://gitter.im/AlmasB/FXGL
12:05:20.444 [JavaFX Application Thread] DEBUG PrimaryStageWindow   - Creating a JavaFX scene
12:05:20.445 [JavaFX Application Thread] DEBUG PrimaryStageWindow   - Target size > screen size
12:05:20.508 [JavaFX Application Thread] DEBUG PrimaryStageWindow   - Target settings size: 1488.0 x 624.0
12:05:20.508 [JavaFX Application Thread] DEBUG PrimaryStageWindow   - Scaled scene size:    1415.0 x 603.0
12:05:20.509 [JavaFX Application Thread] DEBUG PrimaryStageWindow   - Scaled ratio: (0.9509408602150538, 0.9663461538461539)
12:05:20.510 [JavaFX Application Thread] DEBUG PrimaryStageWindow   - Set initial scene to FXGLStartupScene
12:05:20.521 [JavaFX Application Thread] DEBUG PrimaryStageWindow   - Opening main window
12:05:20.626 [JavaFX Application Thread] DEBUG PrimaryStageWindow   - Window border size: (13.0, 35.5)
12:05:20.626 [JavaFX Application Thread] DEBUG PrimaryStageWindow   - Scaled size: 1415.0 x 603.0
12:05:20.626 [JavaFX Application Thread] DEBUG PrimaryStageWindow   - Scaled ratio: (0.9509408602150538, 0.9663461538461539)
12:05:20.626 [JavaFX Application Thread] DEBUG PrimaryStageWindow   - Scene size: 1415.0 x 603.0
12:05:20.626 [JavaFX Application Thread] DEBUG PrimaryStageWindow   - Stage size: 1428.0 x 638.5
12:05:20.639 [FXGL Background Thread 1 ] DEBUG Engine               - Initializing environment variables
12:05:20.734 [FXGL Background Thread 1 ] DEBUG FXGLAssetLoaderServi - User app class for loading assets: class Bomberman.BombermanGame
12:05:20.735 [FXGL Background Thread 1 ] DEBUG GameApplicationServi - Applying CSS: fxgl_dark.css
12:05:20.736 [FXGL Background Thread 1 ] DEBUG FXGLAssetLoaderServi - Loading from file system: jar:file:/C:/Users/Admin/.m2/repository/com/github/almasb/fxgl/11.17/fxgl-11.17.jar!/fxglassets/ui/css/fxgl_dark.css
12:05:20.799 [FXGL Background Thread 1 ] DEBUG GameApplicationServi - Initializing application scenes
12:05:20.853 [FXGL Background Thread 1 ] DEBUG GameWorld            - Game world initialized
12:05:20.926 [FXGL Background Thread 1 ] DEBUG PhysicsWorld         - Physics world initialized: appHeight=624, physics.ppm=50.0
12:05:20.927 [FXGL Background Thread 1 ] DEBUG PhysicsWorld         - Using strategy: BRUTE_FORCE
12:05:20.930 [FXGL Background Thread 1 ] DEBUG GameScene            - Game scene initialized: 1488x624
12:05:20.945 [FXGL Background Thread 1 ] DEBUG FXGL.DefaultMenu     - createMenuBodyGameMenu()
12:05:20.972 [FXGL Background Thread 1 ] DEBUG FXGL.DefaultMenu     - createOptionsMenu()
12:05:20.994 [FXGL Background Thread 1 ] DEBUG FXGLAssetLoaderServi - Loading from file system: jar:file:/C:/Users/Admin/.m2/repository/com/github/almasb/fxgl/11.17/fxgl-11.17.jar!/fxglassets/textures/particles/smoke.png
12:05:21.110 [FXGL Background Thread 1 ] DEBUG FXGLAssetLoaderServi - Loading from file system: jar:file:/C:/Users/Admin/.m2/repository/com/github/almasb/fxgl/11.17/fxgl-11.17.jar!/fxglassets/textures/particles/trace_horizontal.png
12:05:21.141 [FXGL Background Thread 1 ] DEBUG GameApplicationServi - Application scenes initialized
12:05:21.156 [FXGL Background Thread 1 ] DEBUG SystemBundleService  - Loading FXGL system data
12:05:21.161 [FXGL Background Thread 1 ] DEBUG FileSystemAccess     - Reading from: C:\Users\Admin\Desktop\Bomberman\system\fxgl.bundle
12:05:21.168 [FXGL Background Thread 1 ] DEBUG SystemBundleService  - Bundle FXGL: {}
12:05:21.168 [FXGL Background Thread 1 ] DEBUG UpdaterService       - Checking for updates
12:05:21.172 [FXGL Background Thread 4 ] DEBUG FXGLApplication      - Loading fonts
12:05:21.173 [FXGL Background Thread 1 ] DEBUG FXGLApplication      - Loading default localization
12:05:21.173 [FXGL Background Thread 4 ] DEBUG FXGLAssetLoaderServi - Loading from file system: jar:file:/C:/Users/Admin/.m2/repository/com/github/almasb/fxgl/11.17/fxgl-11.17.jar!/fxglassets/ui/fonts/VarelaRound-Regular.ttf
12:05:21.174 [FXGL Background Thread 1 ] DEBUG FXGLAssetLoaderServi - Loading from file system: jar:file:/C:/Users/Admin/.m2/repository/com/github/almasb/fxgl/11.17/fxgl-11.17.jar!/fxglassets/languages/english.lang
12:05:21.192 [FXGL Background Thread 1 ] INFO  FXGLApplication      - FXGL initialization took: 0.553 sec
12:05:21.210 [JavaFX Application Thread] DEBUG Input                - Registered new binding: Move Left - A
12:05:21.211 [JavaFX Application Thread] DEBUG Input                - Registered new binding: Move Right - D
12:05:21.211 [JavaFX Application Thread] DEBUG Input                - Registered new binding: Move Up - W
12:05:21.211 [JavaFX Application Thread] DEBUG Input                - Registered new binding: Move Down - S
12:05:21.212 [JavaFX Application Thread] DEBUG Input                - Registered new binding: Place Bomb - Space
12:05:21.212 [JavaFX Application Thread] DEBUG Input                - Registered new binding: Switch to classic bomb - 1
12:05:21.212 [JavaFX Application Thread] DEBUG Input                - Registered new binding: Switch to lazer bomb - 2
12:05:21.213 [JavaFX Application Thread] DEBUG Input                - Registered new binding: Switch to light bomb - 3
12:05:21.214 [JavaFX Application Thread] DEBUG FXGLAssetLoaderServi - Loading from file system: jar:file:/C:/Users/Admin/.m2/repository/com/github/almasb/fxgl/11.17/fxgl-11.17.jar!/fxglassets/textures/fxgl_icon.png
12:05:21.260 [JavaFX Application Thread] DEBUG FXGLAssetLoaderServi - Loading from file system: jar:file:/C:/Users/Admin/.m2/repository/com/github/almasb/fxgl/11.17/fxgl-11.17.jar!/fxglassets/textures/fxgl_default_cursor.png
12:05:21.264 [JavaFX Application Thread] DEBUG Input                - Registered new binding: Screenshot - CTRL+8
12:05:21.265 [JavaFX Application Thread] DEBUG Input                - Registered new binding: System info dump - CTRL+9
12:05:21.265 [JavaFX Application Thread] DEBUG Input                - Registered new binding: Restart - CTRL+R
12:05:21.266 [JavaFX Application Thread] DEBUG Input                - Registered new binding: Toggle Debug Camera - CTRL+C
12:05:21.269 [JavaFX Application Thread] DEBUG LoopRunner           - Starting loop
12:05:21.270 [JavaFX Application Thread] DEBUG LoopRunner           - Initializing JavaFX AnimationTimerLoop
12:05:21.272 [JavaFX Application Thread] DEBUG GameApplicationServi - Starting new game
12:05:21.273 [JavaFX Application Thread] DEBUG Input                - Clearing active input actions
12:05:21.299 [JavaFX Application Thread] DEBUG GameApplicationServi - Removing overlay from FXGLStartupScene and adding to FXGLLoadingScene
12:05:21.300 [JavaFX Application Thread] DEBUG PrimaryStageWindow   - FXGLStartupScene -> FXGLLoadingScene
12:05:21.301 [JavaFX Application Thread] DEBUG GameApplicationServi - Clearing previous game
12:05:21.301 [JavaFX Application Thread] DEBUG GameScene            - Clearing game scene
12:05:21.301 [JavaFX Application Thread] DEBUG GameWorld            - Clearing game world
12:05:21.302 [JavaFX Application Thread] DEBUG PhysicsWorld         - Clearing physics world
12:05:21.303 [FXGL Background Thread 1 ] DEBUG FXGLApplication      - Initializing game
12:05:21.330 [FXGL Background Thread 1 ] DEBUG FXGLAssetLoaderServi - Loading from file system: file:/C:/Users/Admin/Desktop/Bomberman/target/classes/assets/textures/wall.png
12:05:21.408 [FXGL Background Thread 1 ] DEBUG FXGLAssetLoaderServi - Loading from file system: file:/C:/Users/Admin/Desktop/Bomberman/target/classes/assets/textures/player_die.png
12:05:21.411 [FXGL Background Thread 1 ] DEBUG FXGLAssetLoaderServi - Loading from file system: file:/C:/Users/Admin/Desktop/Bomberman/target/classes/assets/textures/player_down.png
12:05:21.412 [FXGL Background Thread 1 ] DEBUG FXGLAssetLoaderServi - Loading from file system: file:/C:/Users/Admin/Desktop/Bomberman/target/classes/assets/textures/player_right.png
12:05:21.415 [FXGL Background Thread 1 ] DEBUG FXGLAssetLoaderServi - Loading from file system: file:/C:/Users/Admin/Desktop/Bomberman/target/classes/assets/textures/player_up.png
12:05:21.415 [FXGL Background Thread 1 ] DEBUG FXGLAssetLoaderServi - Loading from file system: file:/C:/Users/Admin/Desktop/Bomberman/target/classes/assets/textures/player_left.png
12:05:21.424 [FXGL Background Thread 1 ] DEBUG FXGLAssetLoaderServi - Loading from file system: file:/C:/Users/Admin/Desktop/Bomberman/target/classes/assets/textures/brick.png
12:05:21.426 [FXGL Background Thread 1 ] DEBUG FXGLAssetLoaderServi - Loading from file system: file:/C:/Users/Admin/Desktop/Bomberman/target/classes/assets/textures/brick_break.png
12:05:21.437 [FXGL Background Thread 1 ] DEBUG FXGLAssetLoaderServi - Loading from file system: file:/C:/Users/Admin/Desktop/Bomberman/target/classes/assets/textures/enemy1.png
12:05:21.455 [FXGL Background Thread 1 ] DEBUG FXGLAssetLoaderServi - Loading from file system: file:/C:/Users/Admin/Desktop/Bomberman/target/classes/assets/textures/enemy2.png
12:05:21.508 [FXGL Background Thread 1 ] DEBUG FXGLAssetLoaderServi - Loading from file system: file:/C:/Users/Admin/Desktop/Bomberman/target/classes/assets/textures/portal.png
12:05:21.546 [FXGL Background Thread 1 ] DEBUG FXGLAssetLoaderServi - Loading from file system: file:/C:/Users/Admin/Desktop/Bomberman/target/classes/assets/textures/powerup_flames.png
12:05:21.602 [FXGL Background Thread 4 ] DEBUG FXGLAssetLoaderServi - Loading from file system: jar:file:/C:/Users/Admin/.m2/repository/com/github/almasb/fxgl/11.17/fxgl-11.17.jar!/fxglassets/ui/fonts/Abel-Regular.ttf
12:05:21.608 [FXGL Background Thread 4 ] DEBUG FXGLAssetLoaderServi - Loading from file system: jar:file:/C:/Users/Admin/.m2/repository/com/github/almasb/fxgl/11.17/fxgl-11.17.jar!/fxglassets/ui/fonts/lucida_console.ttf
12:05:21.617 [FXGL Background Thread 4 ] DEBUG FXGLAssetLoaderServi - Loading from file system: jar:file:/C:/Users/Admin/.m2/repository/com/github/almasb/fxgl/11.17/fxgl-11.17.jar!/fxglassets/ui/fonts/Courier-Prime.ttf
12:05:21.628 [FXGL Background Thread 1 ] DEBUG FXGLAssetLoaderServi - Loading from file system: file:/C:/Users/Admin/Desktop/Bomberman/target/classes/assets/textures/enemy4.png
12:05:21.628 [FXGL Background Thread 2 ] WARN  UpdaterService       - Failed to find updates: java.net.UnknownHostException: raw.githubusercontent.com
12:05:21.629 [JavaFX Application Thread] DEBUG FXGLApplication      - Registering font factories with UI factory
12:05:21.661 [FXGL Background Thread 1 ] INFO  FXGLApplication      - Game initialization took: 0.357 sec
12:05:21.662 [JavaFX Application Thread] DEBUG Input                - Clearing active input actions
12:05:21.688 [JavaFX Application Thread] DEBUG GameApplicationServi - Removing overlay from FXGLLoadingScene and adding to GameScene
12:05:21.688 [JavaFX Application Thread] DEBUG PrimaryStageWindow   - FXGLLoadingScene -> GameScene
12:05:22.913 [JavaFX Application Thread] DEBUG FXGLAssetLoaderServi - Loading from file system: file:/C:/Users/Admin/Desktop/Bomberman/target/classes/assets/sounds/place_bomb.wav
12:05:22.981 [JavaFX Application Thread] DEBUG FXGLAssetLoaderServi - Loading from file system: file:/C:/Users/Admin/Desktop/Bomberman/target/classes/assets/textures/bomb.png
12:05:24.172 [FXGL Background Thread 3 ] DEBUG Engine               - Logging environment variables
12:05:24.172 [FXGL Background Thread 3 ] DEBUG Engine               - achievements: []
12:05:24.172 [FXGL Background Thread 3 ] DEBUG Engine               - actualHeight: 603.0
12:05:24.172 [FXGL Background Thread 3 ] DEBUG Engine               - actualHeightProperty: ReadOnlyDoubleProperty [value: 603.0]
12:05:24.172 [FXGL Background Thread 3 ] DEBUG Engine               - actualWidth: 1415.0
12:05:24.172 [FXGL Background Thread 3 ] DEBUG Engine               - actualWidthProperty: ReadOnlyDoubleProperty [value: 1415.0]
12:05:24.172 [FXGL Background Thread 3 ] DEBUG Engine               - appIcon: fxgl_icon.png
12:05:24.172 [FXGL Background Thread 3 ] DEBUG Engine               - applicationMode: DEVELOPER
12:05:24.172 [FXGL Background Thread 3 ] DEBUG Engine               - cSSList: [fxgl_dark.css]
12:05:24.172 [FXGL Background Thread 3 ] DEBUG Engine               - collisionDetectionStrategy: BRUTE_FORCE
12:05:24.172 [FXGL Background Thread 3 ] DEBUG Engine               - configClass: Optional.empty
12:05:24.172 [FXGL Background Thread 3 ] DEBUG Engine               - credits: []
12:05:24.172 [FXGL Background Thread 3 ] DEBUG Engine               - defaultCursor: CursorInfo(imageName=fxgl_default_cursor.png, hotspotX=7.0, hotspotY=6.0)
12:05:24.173 [FXGL Background Thread 3 ] DEBUG Engine               - devBBoxColorProperty: ObjectProperty [value: 0xff0000ff]
12:05:24.173 [FXGL Background Thread 3 ] DEBUG Engine               - devEnableDebugCameraProperty: BooleanProperty [value: false]
12:05:24.173 [FXGL Background Thread 3 ] DEBUG Engine               - devSensorColorProperty: ObjectProperty [value: 0xffff00ff]
12:05:24.173 [FXGL Background Thread 3 ] DEBUG Engine               - devShowBBoxProperty: BooleanProperty [value: false]
12:05:24.173 [FXGL Background Thread 3 ] DEBUG Engine               - devShowPositionProperty: BooleanProperty [value: false]
12:05:24.173 [FXGL Background Thread 3 ] DEBUG Engine               - enabledMenuItems: []
12:05:24.173 [FXGL Background Thread 3 ] DEBUG Engine               - engineServices: [class com.almasb.fxgl.app.services.FXGLAssetLoaderService, class com.almasb.fxgl.app.FXGLApplication$GameApplicationService, class com.almasb.fxgl.app.services.FXGLDialogService, class com.almasb.fxgl.app.services.IOTaskExecutorService, class com.almasb.fxgl.io.FileSystemService, class com.almasb.fxgl.localization.LocalizationService, class com.almasb.fxgl.app.services.SystemBundleService, class com.almasb.fxgl.profile.SaveLoadService, class com.almasb.fxgl.ui.FXGLUIFactoryServiceProvider, class com.almasb.fxgl.ui.FXGLDialogFactoryServiceProvider, class com.almasb.fxgl.audio.AudioPlayer, class com.almasb.fxgl.notification.impl.NotificationServiceProvider, class com.almasb.fxgl.achievement.AchievementService, class com.almasb.fxgl.cutscene.CutsceneService, class com.almasb.fxgl.minigames.MiniGameService, class com.almasb.fxgl.net.NetService, class com.almasb.fxgl.app.services.UpdaterService, class com.almasb.fxgl.dev.DevService]
12:05:24.173 [FXGL Background Thread 3 ] DEBUG Engine               - fontGame: Abel-Regular.ttf
12:05:24.173 [FXGL Background Thread 3 ] DEBUG Engine               - fontMono: lucida_console.ttf
12:05:24.173 [FXGL Background Thread 3 ] DEBUG Engine               - fontText: Courier-Prime.ttf
12:05:24.173 [FXGL Background Thread 3 ] DEBUG Engine               - fontUI: VarelaRound-Regular.ttf
12:05:24.173 [FXGL Background Thread 3 ] DEBUG Engine               - fullScreen: BooleanProperty [value: false]
12:05:24.173 [FXGL Background Thread 3 ] DEBUG Engine               - gameDifficulty: MEDIUM
12:05:24.173 [FXGL Background Thread 3 ] DEBUG Engine               - gameDifficultyProperty: ObjectProperty [value: MEDIUM]
12:05:24.173 [FXGL Background Thread 3 ] DEBUG Engine               - globalMusicVolume: 0.5
12:05:24.173 [FXGL Background Thread 3 ] DEBUG Engine               - globalMusicVolumeProperty: DoubleProperty [value: 0.5]
12:05:24.173 [FXGL Background Thread 3 ] DEBUG Engine               - globalSoundVolume: 0.5
12:05:24.174 [FXGL Background Thread 3 ] DEBUG Engine               - globalSoundVolumeProperty: DoubleProperty [value: 0.5]
12:05:24.174 [FXGL Background Thread 3 ] DEBUG Engine               - height: 624
12:05:24.174 [FXGL Background Thread 3 ] DEBUG Engine               - is3D: false
12:05:24.174 [FXGL Background Thread 3 ] DEBUG Engine               - isAndroid: false
12:05:24.174 [FXGL Background Thread 3 ] DEBUG Engine               - isBrowser: false
12:05:24.174 [FXGL Background Thread 3 ] DEBUG Engine               - isClickFeedbackEnabled: false
12:05:24.174 [FXGL Background Thread 3 ] DEBUG Engine               - isCloseConfirmation: false
12:05:24.174 [FXGL Background Thread 3 ] DEBUG Engine               - isDesktop: true
12:05:24.174 [FXGL Background Thread 3 ] DEBUG Engine               - isDeveloperMenuEnabled: false
12:05:24.174 [FXGL Background Thread 3 ] DEBUG Engine               - isEntityPreloadEnabled: true
12:05:24.174 [FXGL Background Thread 3 ] DEBUG Engine               - isExperimentalTiledLargeMap: false
12:05:24.174 [FXGL Background Thread 3 ] DEBUG Engine               - isFileSystemWriteAllowed: true
12:05:24.174 [FXGL Background Thread 3 ] DEBUG Engine               - isFullScreenAllowed: true
12:05:24.174 [FXGL Background Thread 3 ] DEBUG Engine               - isFullScreenFromStart: false
12:05:24.174 [FXGL Background Thread 3 ] DEBUG Engine               - isGameMenuEnabled: true
12:05:24.174 [FXGL Background Thread 3 ] DEBUG Engine               - isIOS: false
12:05:24.174 [FXGL Background Thread 3 ] DEBUG Engine               - isIntroEnabled: false
12:05:24.174 [FXGL Background Thread 3 ] DEBUG Engine               - isLinux: false
12:05:24.174 [FXGL Background Thread 3 ] DEBUG Engine               - isMac: false
12:05:24.174 [FXGL Background Thread 3 ] DEBUG Engine               - isMainMenuEnabled: false
12:05:24.174 [FXGL Background Thread 3 ] DEBUG Engine               - isManualResizeEnabled: false
12:05:24.175 [FXGL Background Thread 3 ] DEBUG Engine               - isMobile: false
12:05:24.175 [FXGL Background Thread 3 ] DEBUG Engine               - isNative: false
12:05:24.175 [FXGL Background Thread 3 ] DEBUG Engine               - isPauseMusicWhenMinimized: true
12:05:24.175 [FXGL Background Thread 3 ] DEBUG Engine               - isPreserveResizeRatio: false
12:05:24.175 [FXGL Background Thread 3 ] DEBUG Engine               - isProfilingEnabled: false
12:05:24.175 [FXGL Background Thread 3 ] DEBUG Engine               - isScaleAffectedOnResize: true
12:05:24.175 [FXGL Background Thread 3 ] DEBUG Engine               - isSingleStep: false
12:05:24.175 [FXGL Background Thread 3 ] DEBUG Engine               - isUserProfileEnabled: false
12:05:24.175 [FXGL Background Thread 3 ] DEBUG Engine               - isWindows: true
12:05:24.175 [FXGL Background Thread 3 ] DEBUG Engine               - language: ObjectProperty [value: ENGLISH]
12:05:24.175 [FXGL Background Thread 3 ] DEBUG Engine               - menuKey: ESCAPE
12:05:24.175 [FXGL Background Thread 3 ] DEBUG Engine               - mouseSensitivity: 0.2
12:05:24.175 [FXGL Background Thread 3 ] DEBUG Engine               - notificationViewClass: class com.almasb.fxgl.notification.view.XboxNotificationView
12:05:24.175 [FXGL Background Thread 3 ] DEBUG Engine               - pixelsPerMeter: 50.0
12:05:24.175 [FXGL Background Thread 3 ] DEBUG Engine               - platform: WINDOWS
12:05:24.175 [FXGL Background Thread 3 ] DEBUG Engine               - prefHeightProperty: ReadOnlyDoubleProperty [value: 624.0]
12:05:24.175 [FXGL Background Thread 3 ] DEBUG Engine               - prefWidthProperty: ReadOnlyDoubleProperty [value: 1488.0]
12:05:24.175 [FXGL Background Thread 3 ] DEBUG Engine               - profileDir: profiles/
12:05:24.175 [FXGL Background Thread 3 ] DEBUG Engine               - profileName: StringProperty [value: DEFAULT]
12:05:24.175 [FXGL Background Thread 3 ] DEBUG Engine               - randomSeed: -1
12:05:24.175 [FXGL Background Thread 3 ] DEBUG Engine               - runtimeInfo: RuntimeInfo(platform=WINDOWS, version=11.17, build=16.07.2021 15.46)
12:05:24.175 [FXGL Background Thread 3 ] DEBUG Engine               - saveFileExt: sav
12:05:24.175 [FXGL Background Thread 3 ] DEBUG Engine               - scaledHeightProp$fxgl: DoubleProperty [bound, value: 603.0]
12:05:24.175 [FXGL Background Thread 3 ] DEBUG Engine               - scaledWidthProp$fxgl: DoubleProperty [bound, value: 1415.0]
12:05:24.176 [FXGL Background Thread 3 ] DEBUG Engine               - sceneFactory: com.almasb.fxgl.app.scene.SceneFactory@472e1e2d
12:05:24.176 [FXGL Background Thread 3 ] DEBUG Engine               - secondsIn24h: 60
12:05:24.176 [FXGL Background Thread 3 ] DEBUG Engine               - soundMenuBack: menu/back.wav
12:05:24.176 [FXGL Background Thread 3 ] DEBUG Engine               - soundMenuPress: menu/press.wav
12:05:24.176 [FXGL Background Thread 3 ] DEBUG Engine               - soundMenuSelect: menu/select.wav
12:05:24.176 [FXGL Background Thread 3 ] DEBUG Engine               - soundNotification: core/notification.wav
12:05:24.176 [FXGL Background Thread 3 ] DEBUG Engine               - stageStyle: DECORATED
12:05:24.176 [FXGL Background Thread 3 ] DEBUG Engine               - supportedLanguages: [ENGLISH, FRENCH, GERMAN, HUNGARIAN, RUSSIAN]
12:05:24.176 [FXGL Background Thread 3 ] DEBUG Engine               - ticksPerSecond: -1
12:05:24.176 [FXGL Background Thread 3 ] DEBUG Engine               - title: BOMBERMAN
12:05:24.176 [FXGL Background Thread 3 ] DEBUG Engine               - urlGithub: https://github.com/AlmasB/FXGL
12:05:24.176 [FXGL Background Thread 3 ] DEBUG Engine               - urlLeaderboard: http://fxgl-top.herokuapp.com/
12:05:24.176 [FXGL Background Thread 3 ] DEBUG Engine               - urlPOM: https://raw.githubusercontent.com/AlmasB/FXGL/release/README.md
12:05:24.176 [FXGL Background Thread 3 ] DEBUG Engine               - userAppClass: class Bomberman.BombermanGame
12:05:24.176 [FXGL Background Thread 3 ] DEBUG Engine               - version: 1.0
12:05:24.176 [FXGL Background Thread 3 ] DEBUG Engine               - versionCheckDays: 7
12:05:24.176 [FXGL Background Thread 3 ] DEBUG Engine               - width: 1488
12:05:24.176 [FXGL Background Thread 3 ] DEBUG Engine               - Logging services
12:05:24.176 [FXGL Background Thread 3 ] DEBUG Engine               - class com.almasb.fxgl.app.services.FXGLAssetLoaderService
12:05:24.176 [FXGL Background Thread 3 ] DEBUG Engine               - class com.almasb.fxgl.app.FXGLApplication$GameApplicationService
12:05:24.176 [FXGL Background Thread 3 ] DEBUG Engine               - class com.almasb.fxgl.app.services.FXGLDialogService
12:05:24.176 [FXGL Background Thread 3 ] DEBUG Engine               - class com.almasb.fxgl.app.services.IOTaskExecutorService
12:05:24.176 [FXGL Background Thread 3 ] DEBUG Engine               - class com.almasb.fxgl.io.FileSystemService
12:05:24.176 [FXGL Background Thread 3 ] DEBUG Engine               - class com.almasb.fxgl.localization.LocalizationService
12:05:24.176 [FXGL Background Thread 3 ] DEBUG Engine               - class com.almasb.fxgl.app.services.SystemBundleService
12:05:24.176 [FXGL Background Thread 3 ] DEBUG Engine               - class com.almasb.fxgl.profile.SaveLoadService
12:05:24.176 [FXGL Background Thread 3 ] DEBUG Engine               - class com.almasb.fxgl.ui.FXGLUIFactoryServiceProvider
12:05:24.176 [FXGL Background Thread 3 ] DEBUG Engine               - class com.almasb.fxgl.ui.FXGLDialogFactoryServiceProvider
12:05:24.176 [FXGL Background Thread 3 ] DEBUG Engine               - class com.almasb.fxgl.audio.AudioPlayer
12:05:24.176 [FXGL Background Thread 3 ] DEBUG Engine               - class com.almasb.fxgl.notification.impl.NotificationServiceProvider
12:05:24.176 [FXGL Background Thread 3 ] DEBUG Engine               - class com.almasb.fxgl.achievement.AchievementService
12:05:24.176 [FXGL Background Thread 3 ] DEBUG Engine               - class com.almasb.fxgl.cutscene.CutsceneService
12:05:24.176 [FXGL Background Thread 3 ] DEBUG Engine               - class com.almasb.fxgl.minigames.MiniGameService
12:05:24.176 [FXGL Background Thread 3 ] DEBUG Engine               - class com.almasb.fxgl.net.NetService
12:05:24.176 [FXGL Background Thread 3 ] DEBUG Engine               - class com.almasb.fxgl.app.services.UpdaterService
12:05:24.176 [FXGL Background Thread 3 ] DEBUG Engine               - class com.almasb.fxgl.dev.DevService
12:05:24.758 [JavaFX Application Thread] DEBUG FXGLAssetLoaderServi - Loading from file system: file:/C:/Users/Admin/Desktop/Bomberman/target/classes/assets/sounds/explosion.wav
12:05:24.764 [JavaFX Application Thread] DEBUG FXGLAssetLoaderServi - Loading from file system: file:/C:/Users/Admin/Desktop/Bomberman/target/classes/assets/textures/central_flame.png
12:05:24.765 [JavaFX Application Thread] DEBUG FXGLAssetLoaderServi - Loading from file system: file:/C:/Users/Admin/Desktop/Bomberman/target/classes/assets/textures/top_up_flame.png
12:05:24.766 [JavaFX Application Thread] DEBUG FXGLAssetLoaderServi - Loading from file system: file:/C:/Users/Admin/Desktop/Bomberman/target/classes/assets/textures/top_down_flame.png
12:05:24.767 [JavaFX Application Thread] DEBUG FXGLAssetLoaderServi - Loading from file system: file:/C:/Users/Admin/Desktop/Bomberman/target/classes/assets/textures/top_right_flame.png
12:05:24.768 [JavaFX Application Thread] DEBUG FXGLAssetLoaderServi - Loading from file system: file:/C:/Users/Admin/Desktop/Bomberman/target/classes/assets/textures/top_left_flame.png
12:05:25.734 [JavaFX Application Thread] DEBUG FXGLAssetLoaderServi - Loading from file system: file:/C:/Users/Admin/Desktop/Bomberman/target/classes/assets/sounds/powerup.wav
12:05:28.327 [JavaFX Application Thread] DEBUG FXGLAssetLoaderServi - Loading from file system: file:/C:/Users/Admin/Desktop/Bomberman/target/classes/assets/textures/right_flame.png
12:05:28.329 [JavaFX Application Thread] DEBUG FXGLAssetLoaderServi - Loading from file system: file:/C:/Users/Admin/Desktop/Bomberman/target/classes/assets/textures/left_flame.png
12:05:28.330 [JavaFX Application Thread] DEBUG FXGLAssetLoaderServi - Loading from file system: file:/C:/Users/Admin/Desktop/Bomberman/target/classes/assets/textures/down_flame.png
12:05:28.331 [JavaFX Application Thread] DEBUG FXGLAssetLoaderServi - Loading from file system: file:/C:/Users/Admin/Desktop/Bomberman/target/classes/assets/textures/up_flame.png
12:05:31.046 [JavaFX Application Thread] WARN  GameWorld            - Attempted to remove entity which is not active
12:05:31.317 [JavaFX Application Thread] WARN  GameWorld            - Attempted to remove entity which is not active
12:05:31.877 [JavaFX Application Thread] WARN  GameWorld            - Attempted to remove entity which is not active
12:05:32.262 [JavaFX Application Thread] WARN  GameWorld            - Attempted to remove entity which is not active
12:05:39.253 [JavaFX Application Thread] WARN  GameWorld            - Attempted to remove entity which is not active
12:05:41.717 [JavaFX Application Thread] WARN  GameWorld            - Attempted to remove entity which is not active
12:05:41.717 [JavaFX Application Thread] WARN  GameWorld            - Attempted to remove entity which is not active
12:05:41.781 [JavaFX Application Thread] WARN  GameWorld            - Attempted to remove entity which is not active
12:05:47.528 [JavaFX Application Thread] DEBUG FXGLApplication      - Exiting FXGL
12:05:47.528 [JavaFX Application Thread] DEBUG LoopRunner           - Stopping loop
12:05:47.528 [JavaFX Application Thread] DEBUG SystemBundleService  - Saving FXGL system data
12:05:47.531 [JavaFX Application Thread] DEBUG FileSystemAccess     - Writing to: C:\Users\Admin\Desktop\Bomberman\system\fxgl.bundle
12:05:47.532 [JavaFX Application Thread] DEBUG Async                - Shutting down background threads
12:05:47.532 [JavaFX Application Thread] DEBUG PrimaryStageWindow   - Closing main window
12:05:47.556 [JavaFX Application Thread] DEBUG Logger               - Closing Logger
