13:24:22.674 [main                     ] DEBUG Logger               - Configured Logger
13:24:22.680 [main                     ] DEBUG GameApplication      - Logging settings
Title: BOMBERMAN
Version: 1.0
Width: 1488
Height: 624
Fullscreen: true
Intro: false
Profiling: false
Single step:false
App Mode: DEVELOPER
Menu Key: ESCAPE
Stage Style: DECORATED
Scene Factory: class com.almasb.fxgl.app.scene.SceneFactory

13:24:23.401 [JavaFX Application Thread] DEBUG FXGLApplication      - Initializing FXGL
13:24:23.405 [JavaFX Application Thread] INFO  Engine               - FXGL-11.17 (16.07.2021 15.46) on WINDOWS (J:11.0.16.1 FX:16)
13:24:23.406 [JavaFX Application Thread] DEBUG Engine               - JRE Vendor Name: Oracle Corporation
13:24:23.406 [JavaFX Application Thread] DEBUG Engine               - Running on OS: Windows 11 version 10.0
13:24:23.406 [JavaFX Application Thread] DEBUG Engine               - Architecture: amd64
13:24:23.407 [JavaFX Application Thread] INFO  Engine               - Source code and latest versions at: https://github.com/AlmasB/FXGL
13:24:23.407 [JavaFX Application Thread] INFO  Engine               -              Join the FXGL chat at: https://gitter.im/AlmasB/FXGL
13:24:23.628 [JavaFX Application Thread] DEBUG PrimaryStageWindow   - Creating a JavaFX scene
13:24:23.628 [JavaFX Application Thread] DEBUG PrimaryStageWindow   - Target size > screen size
13:24:23.735 [JavaFX Application Thread] DEBUG PrimaryStageWindow   - Target settings size: 1488.0 x 624.0
13:24:23.736 [JavaFX Application Thread] DEBUG PrimaryStageWindow   - Scaled scene size:    1415.0 x 603.0
13:24:23.736 [JavaFX Application Thread] DEBUG PrimaryStageWindow   - Scaled ratio: (0.9509408602150538, 0.9663461538461539)
13:24:23.738 [JavaFX Application Thread] DEBUG PrimaryStageWindow   - Set initial scene to FXGLStartupScene
13:24:23.755 [JavaFX Application Thread] DEBUG PrimaryStageWindow   - Opening main window
13:24:23.931 [JavaFX Application Thread] DEBUG PrimaryStageWindow   - Window border size: (13.0, 35.5)
13:24:23.932 [JavaFX Application Thread] DEBUG PrimaryStageWindow   - Scaled size: 1415.0 x 603.0
13:24:23.932 [JavaFX Application Thread] DEBUG PrimaryStageWindow   - Scaled ratio: (0.9509408602150538, 0.9663461538461539)
13:24:23.932 [JavaFX Application Thread] DEBUG PrimaryStageWindow   - Scene size: 1415.0 x 603.0
13:24:23.932 [JavaFX Application Thread] DEBUG PrimaryStageWindow   - Stage size: 1428.0 x 638.5
13:24:23.950 [FXGL Background Thread 1 ] DEBUG Engine               - Initializing environment variables
13:24:24.057 [FXGL Background Thread 1 ] DEBUG FXGLAssetLoaderServi - User app class for loading assets: class Bomberman.BombermanGame
13:24:24.058 [FXGL Background Thread 1 ] DEBUG GameApplicationServi - Applying CSS: fxgl_dark.css
13:24:24.059 [FXGL Background Thread 1 ] DEBUG FXGLAssetLoaderServi - Loading from file system: jar:file:/C:/Users/Admin/.m2/repository/com/github/almasb/fxgl/11.17/fxgl-11.17.jar!/fxglassets/ui/css/fxgl_dark.css
13:24:24.145 [FXGL Background Thread 1 ] DEBUG GameApplicationServi - Initializing application scenes
13:24:24.216 [FXGL Background Thread 1 ] DEBUG GameWorld            - Game world initialized
13:24:24.335 [FXGL Background Thread 1 ] DEBUG PhysicsWorld         - Physics world initialized: appHeight=624, physics.ppm=50.0
13:24:24.335 [FXGL Background Thread 1 ] DEBUG PhysicsWorld         - Using strategy: BRUTE_FORCE
13:24:24.339 [FXGL Background Thread 1 ] DEBUG GameScene            - Game scene initialized: 1488x624
13:24:24.366 [FXGL Background Thread 1 ] DEBUG FXGL.DefaultMenu     - createMenuBodyGameMenu()
13:24:24.395 [FXGL Background Thread 1 ] DEBUG FXGL.DefaultMenu     - createOptionsMenu()
13:24:24.413 [FXGL Background Thread 1 ] DEBUG FXGLAssetLoaderServi - Loading from file system: jar:file:/C:/Users/Admin/.m2/repository/com/github/almasb/fxgl/11.17/fxgl-11.17.jar!/fxglassets/textures/particles/smoke.png
13:24:24.633 [FXGL Background Thread 1 ] DEBUG FXGLAssetLoaderServi - Loading from file system: jar:file:/C:/Users/Admin/.m2/repository/com/github/almasb/fxgl/11.17/fxgl-11.17.jar!/fxglassets/textures/particles/trace_horizontal.png
13:24:24.725 [FXGL Background Thread 1 ] DEBUG GameApplicationServi - Application scenes initialized
13:24:24.758 [FXGL Background Thread 1 ] DEBUG SystemBundleService  - Loading FXGL system data
13:24:24.770 [FXGL Background Thread 1 ] DEBUG FileSystemAccess     - Reading from: C:\Users\Admin\Desktop\Bomberman\system\fxgl.bundle
13:24:24.786 [FXGL Background Thread 1 ] DEBUG SystemBundleService  - Bundle FXGL: {}
13:24:24.786 [FXGL Background Thread 1 ] DEBUG UpdaterService       - Checking for updates
13:24:24.797 [FXGL Background Thread 4 ] DEBUG FXGLApplication      - Loading fonts
13:24:24.799 [FXGL Background Thread 4 ] DEBUG FXGLAssetLoaderServi - Loading from file system: jar:file:/C:/Users/Admin/.m2/repository/com/github/almasb/fxgl/11.17/fxgl-11.17.jar!/fxglassets/ui/fonts/VarelaRound-Regular.ttf
13:24:24.799 [FXGL Background Thread 1 ] DEBUG FXGLApplication      - Loading default localization
13:24:24.801 [FXGL Background Thread 1 ] DEBUG FXGLAssetLoaderServi - Loading from file system: jar:file:/C:/Users/Admin/.m2/repository/com/github/almasb/fxgl/11.17/fxgl-11.17.jar!/fxglassets/languages/english.lang
13:24:24.838 [FXGL Background Thread 1 ] INFO  FXGLApplication      - FXGL initialization took: 0.887 sec
13:24:24.874 [JavaFX Application Thread] DEBUG Input                - Registered new binding: Move Left - A
13:24:24.875 [JavaFX Application Thread] DEBUG Input                - Registered new binding: Move Right - D
13:24:24.875 [JavaFX Application Thread] DEBUG Input                - Registered new binding: Move Up - W
13:24:24.875 [JavaFX Application Thread] DEBUG Input                - Registered new binding: Move Down - S
13:24:24.876 [JavaFX Application Thread] DEBUG Input                - Registered new binding: Place Bomb - Space
13:24:24.876 [JavaFX Application Thread] DEBUG FXGLAssetLoaderServi - Loading from file system: jar:file:/C:/Users/Admin/.m2/repository/com/github/almasb/fxgl/11.17/fxgl-11.17.jar!/fxglassets/textures/fxgl_icon.png
13:24:24.931 [JavaFX Application Thread] DEBUG FXGLAssetLoaderServi - Loading from file system: jar:file:/C:/Users/Admin/.m2/repository/com/github/almasb/fxgl/11.17/fxgl-11.17.jar!/fxglassets/textures/fxgl_default_cursor.png
13:24:24.936 [JavaFX Application Thread] DEBUG Input                - Registered new binding: Screenshot - CTRL+8
13:24:24.937 [JavaFX Application Thread] DEBUG Input                - Registered new binding: System info dump - CTRL+9
13:24:24.938 [JavaFX Application Thread] DEBUG Input                - Registered new binding: Restart - CTRL+R
13:24:24.939 [JavaFX Application Thread] DEBUG Input                - Registered new binding: Toggle Debug Camera - CTRL+C
13:24:24.945 [JavaFX Application Thread] DEBUG LoopRunner           - Starting loop
13:24:24.946 [JavaFX Application Thread] DEBUG LoopRunner           - Initializing JavaFX AnimationTimerLoop
13:24:24.950 [JavaFX Application Thread] DEBUG GameApplicationServi - Starting new game
13:24:24.951 [JavaFX Application Thread] DEBUG Input                - Clearing active input actions
13:24:24.983 [JavaFX Application Thread] DEBUG GameApplicationServi - Removing overlay from FXGLStartupScene and adding to FXGLLoadingScene
13:24:24.984 [JavaFX Application Thread] DEBUG PrimaryStageWindow   - FXGLStartupScene -> FXGLLoadingScene
13:24:24.984 [JavaFX Application Thread] DEBUG GameApplicationServi - Clearing previous game
13:24:24.984 [JavaFX Application Thread] DEBUG GameScene            - Clearing game scene
13:24:24.985 [JavaFX Application Thread] DEBUG GameWorld            - Clearing game world
13:24:24.985 [JavaFX Application Thread] DEBUG PhysicsWorld         - Clearing physics world
13:24:24.987 [FXGL Background Thread 1 ] DEBUG FXGLApplication      - Initializing game
13:24:25.025 [FXGL Background Thread 1 ] DEBUG FXGLAssetLoaderServi - Loading from file system: file:/C:/Users/Admin/Desktop/Bomberman/target/classes/assets/textures/wall.png
13:24:25.153 [FXGL Background Thread 1 ] DEBUG FXGLAssetLoaderServi - Loading from file system: file:/C:/Users/Admin/Desktop/Bomberman/target/classes/assets/textures/player_die.png
13:24:25.174 [FXGL Background Thread 1 ] DEBUG FXGLAssetLoaderServi - Loading from file system: file:/C:/Users/Admin/Desktop/Bomberman/target/classes/assets/textures/player_down.png
13:24:25.176 [FXGL Background Thread 1 ] DEBUG FXGLAssetLoaderServi - Loading from file system: file:/C:/Users/Admin/Desktop/Bomberman/target/classes/assets/textures/player_right.png
13:24:25.178 [FXGL Background Thread 1 ] DEBUG FXGLAssetLoaderServi - Loading from file system: file:/C:/Users/Admin/Desktop/Bomberman/target/classes/assets/textures/player_up.png
13:24:25.179 [FXGL Background Thread 1 ] DEBUG FXGLAssetLoaderServi - Loading from file system: file:/C:/Users/Admin/Desktop/Bomberman/target/classes/assets/textures/player_left.png
13:24:25.188 [FXGL Background Thread 1 ] DEBUG FXGLAssetLoaderServi - Loading from file system: file:/C:/Users/Admin/Desktop/Bomberman/target/classes/assets/textures/brick.png
13:24:25.239 [FXGL Background Thread 1 ] DEBUG FXGLAssetLoaderServi - Loading from file system: file:/C:/Users/Admin/Desktop/Bomberman/target/classes/assets/textures/portal.png
13:24:25.285 [FXGL Background Thread 1 ] DEBUG FXGLAssetLoaderServi - Loading from file system: file:/C:/Users/Admin/Desktop/Bomberman/target/classes/assets/textures/powerup_bombs.png
13:24:25.289 [FXGL Background Thread 1 ] DEBUG FXGLAssetLoaderServi - Loading from file system: file:/C:/Users/Admin/Desktop/Bomberman/target/classes/assets/textures/powerup_flames.png
13:24:25.294 [FXGL Background Thread 1 ] DEBUG FXGLAssetLoaderServi - Loading from file system: file:/C:/Users/Admin/Desktop/Bomberman/target/classes/assets/textures/powerup_speed.png
13:24:25.362 [FXGL Background Thread 4 ] DEBUG FXGLAssetLoaderServi - Loading from file system: jar:file:/C:/Users/Admin/.m2/repository/com/github/almasb/fxgl/11.17/fxgl-11.17.jar!/fxglassets/ui/fonts/Abel-Regular.ttf
13:24:25.371 [FXGL Background Thread 4 ] DEBUG FXGLAssetLoaderServi - Loading from file system: jar:file:/C:/Users/Admin/.m2/repository/com/github/almasb/fxgl/11.17/fxgl-11.17.jar!/fxglassets/ui/fonts/lucida_console.ttf
13:24:25.385 [FXGL Background Thread 4 ] DEBUG FXGLAssetLoaderServi - Loading from file system: jar:file:/C:/Users/Admin/.m2/repository/com/github/almasb/fxgl/11.17/fxgl-11.17.jar!/fxglassets/ui/fonts/Courier-Prime.ttf
13:24:25.396 [JavaFX Application Thread] DEBUG FXGLApplication      - Registering font factories with UI factory
13:24:25.422 [FXGL Background Thread 1 ] INFO  FXGLApplication      - Game initialization took: 0.435 sec
13:24:25.426 [JavaFX Application Thread] DEBUG Input                - Clearing active input actions
13:24:25.457 [JavaFX Application Thread] DEBUG GameApplicationServi - Removing overlay from FXGLLoadingScene and adding to GameScene
13:24:25.458 [JavaFX Application Thread] DEBUG PrimaryStageWindow   - FXGLLoadingScene -> GameScene
13:24:26.112 [FXGL Background Thread 2 ] INFO  UpdaterService       - Your current version:  11.17
13:24:26.113 [FXGL Background Thread 2 ] INFO  UpdaterService       - Latest stable version: 17.2
13:24:26.960 [JavaFX Application Thread] DEBUG FXGLAssetLoaderServi - Loading from file system: file:/C:/Users/Admin/Desktop/Bomberman/target/classes/assets/textures/bomb.png
13:24:26.963 [JavaFX Application Thread] DEBUG FXGLAssetLoaderServi - Loading from file system: file:/C:/Users/Admin/Desktop/Bomberman/target/classes/assets/sounds/place_bomb.wav
13:24:27.793 [FXGL Background Thread 3 ] DEBUG Engine               - Logging environment variables
13:24:27.795 [FXGL Background Thread 3 ] DEBUG Engine               - achievements: []
13:24:27.795 [FXGL Background Thread 3 ] DEBUG Engine               - actualHeight: 603.0
13:24:27.795 [FXGL Background Thread 3 ] DEBUG Engine               - actualHeightProperty: ReadOnlyDoubleProperty [value: 603.0]
13:24:27.795 [FXGL Background Thread 3 ] DEBUG Engine               - actualWidth: 1415.0
13:24:27.795 [FXGL Background Thread 3 ] DEBUG Engine               - actualWidthProperty: ReadOnlyDoubleProperty [value: 1415.0]
13:24:27.795 [FXGL Background Thread 3 ] DEBUG Engine               - appIcon: fxgl_icon.png
13:24:27.795 [FXGL Background Thread 3 ] DEBUG Engine               - applicationMode: DEVELOPER
13:24:27.795 [FXGL Background Thread 3 ] DEBUG Engine               - cSSList: [fxgl_dark.css]
13:24:27.796 [FXGL Background Thread 3 ] DEBUG Engine               - collisionDetectionStrategy: BRUTE_FORCE
13:24:27.796 [FXGL Background Thread 3 ] DEBUG Engine               - configClass: Optional.empty
13:24:27.796 [FXGL Background Thread 3 ] DEBUG Engine               - credits: []
13:24:27.796 [FXGL Background Thread 3 ] DEBUG Engine               - defaultCursor: CursorInfo(imageName=fxgl_default_cursor.png, hotspotX=7.0, hotspotY=6.0)
13:24:27.796 [FXGL Background Thread 3 ] DEBUG Engine               - devBBoxColorProperty: ObjectProperty [value: 0xff0000ff]
13:24:27.796 [FXGL Background Thread 3 ] DEBUG Engine               - devEnableDebugCameraProperty: BooleanProperty [value: false]
13:24:27.796 [FXGL Background Thread 3 ] DEBUG Engine               - devSensorColorProperty: ObjectProperty [value: 0xffff00ff]
13:24:27.796 [FXGL Background Thread 3 ] DEBUG Engine               - devShowBBoxProperty: BooleanProperty [value: false]
13:24:27.796 [FXGL Background Thread 3 ] DEBUG Engine               - devShowPositionProperty: BooleanProperty [value: false]
13:24:27.796 [FXGL Background Thread 3 ] DEBUG Engine               - enabledMenuItems: []
13:24:27.796 [FXGL Background Thread 3 ] DEBUG Engine               - engineServices: [class com.almasb.fxgl.app.services.FXGLAssetLoaderService, class com.almasb.fxgl.app.FXGLApplication$GameApplicationService, class com.almasb.fxgl.app.services.FXGLDialogService, class com.almasb.fxgl.app.services.IOTaskExecutorService, class com.almasb.fxgl.io.FileSystemService, class com.almasb.fxgl.localization.LocalizationService, class com.almasb.fxgl.app.services.SystemBundleService, class com.almasb.fxgl.profile.SaveLoadService, class com.almasb.fxgl.ui.FXGLUIFactoryServiceProvider, class com.almasb.fxgl.ui.FXGLDialogFactoryServiceProvider, class com.almasb.fxgl.audio.AudioPlayer, class com.almasb.fxgl.notification.impl.NotificationServiceProvider, class com.almasb.fxgl.achievement.AchievementService, class com.almasb.fxgl.cutscene.CutsceneService, class com.almasb.fxgl.minigames.MiniGameService, class com.almasb.fxgl.net.NetService, class com.almasb.fxgl.app.services.UpdaterService, class com.almasb.fxgl.dev.DevService]
13:24:27.796 [FXGL Background Thread 3 ] DEBUG Engine               - fontGame: Abel-Regular.ttf
13:24:27.797 [FXGL Background Thread 3 ] DEBUG Engine               - fontMono: lucida_console.ttf
13:24:27.797 [FXGL Background Thread 3 ] DEBUG Engine               - fontText: Courier-Prime.ttf
13:24:27.797 [FXGL Background Thread 3 ] DEBUG Engine               - fontUI: VarelaRound-Regular.ttf
13:24:27.797 [FXGL Background Thread 3 ] DEBUG Engine               - fullScreen: BooleanProperty [value: false]
13:24:27.798 [FXGL Background Thread 3 ] DEBUG Engine               - gameDifficulty: MEDIUM
13:24:27.798 [FXGL Background Thread 3 ] DEBUG Engine               - gameDifficultyProperty: ObjectProperty [value: MEDIUM]
13:24:27.798 [FXGL Background Thread 3 ] DEBUG Engine               - globalMusicVolume: 0.5
13:24:27.798 [FXGL Background Thread 3 ] DEBUG Engine               - globalMusicVolumeProperty: DoubleProperty [value: 0.5]
13:24:27.798 [FXGL Background Thread 3 ] DEBUG Engine               - globalSoundVolume: 0.5
13:24:27.798 [FXGL Background Thread 3 ] DEBUG Engine               - globalSoundVolumeProperty: DoubleProperty [value: 0.5]
13:24:27.798 [FXGL Background Thread 3 ] DEBUG Engine               - height: 624
13:24:27.798 [FXGL Background Thread 3 ] DEBUG Engine               - is3D: false
13:24:27.798 [FXGL Background Thread 3 ] DEBUG Engine               - isAndroid: false
13:24:27.798 [FXGL Background Thread 3 ] DEBUG Engine               - isBrowser: false
13:24:27.798 [FXGL Background Thread 3 ] DEBUG Engine               - isClickFeedbackEnabled: false
13:24:27.798 [FXGL Background Thread 3 ] DEBUG Engine               - isCloseConfirmation: false
13:24:27.798 [FXGL Background Thread 3 ] DEBUG Engine               - isDesktop: true
13:24:27.798 [FXGL Background Thread 3 ] DEBUG Engine               - isDeveloperMenuEnabled: false
13:24:27.798 [FXGL Background Thread 3 ] DEBUG Engine               - isEntityPreloadEnabled: true
13:24:27.798 [FXGL Background Thread 3 ] DEBUG Engine               - isExperimentalTiledLargeMap: false
13:24:27.799 [FXGL Background Thread 3 ] DEBUG Engine               - isFileSystemWriteAllowed: true
13:24:27.799 [FXGL Background Thread 3 ] DEBUG Engine               - isFullScreenAllowed: true
13:24:27.799 [FXGL Background Thread 3 ] DEBUG Engine               - isFullScreenFromStart: false
13:24:27.799 [FXGL Background Thread 3 ] DEBUG Engine               - isGameMenuEnabled: true
13:24:27.799 [FXGL Background Thread 3 ] DEBUG Engine               - isIOS: false
13:24:27.799 [FXGL Background Thread 3 ] DEBUG Engine               - isIntroEnabled: false
13:24:27.799 [FXGL Background Thread 3 ] DEBUG Engine               - isLinux: false
13:24:27.799 [FXGL Background Thread 3 ] DEBUG Engine               - isMac: false
13:24:27.799 [FXGL Background Thread 3 ] DEBUG Engine               - isMainMenuEnabled: false
13:24:27.799 [FXGL Background Thread 3 ] DEBUG Engine               - isManualResizeEnabled: false
13:24:27.799 [FXGL Background Thread 3 ] DEBUG Engine               - isMobile: false
13:24:27.799 [FXGL Background Thread 3 ] DEBUG Engine               - isNative: false
13:24:27.799 [FXGL Background Thread 3 ] DEBUG Engine               - isPauseMusicWhenMinimized: true
13:24:27.799 [FXGL Background Thread 3 ] DEBUG Engine               - isPreserveResizeRatio: false
13:24:27.800 [FXGL Background Thread 3 ] DEBUG Engine               - isProfilingEnabled: false
13:24:27.800 [FXGL Background Thread 3 ] DEBUG Engine               - isScaleAffectedOnResize: true
13:24:27.800 [FXGL Background Thread 3 ] DEBUG Engine               - isSingleStep: false
13:24:27.800 [FXGL Background Thread 3 ] DEBUG Engine               - isUserProfileEnabled: false
13:24:27.800 [FXGL Background Thread 3 ] DEBUG Engine               - isWindows: true
13:24:27.800 [FXGL Background Thread 3 ] DEBUG Engine               - language: ObjectProperty [value: ENGLISH]
13:24:27.800 [FXGL Background Thread 3 ] DEBUG Engine               - menuKey: ESCAPE
13:24:27.800 [FXGL Background Thread 3 ] DEBUG Engine               - mouseSensitivity: 0.2
13:24:27.800 [FXGL Background Thread 3 ] DEBUG Engine               - notificationViewClass: class com.almasb.fxgl.notification.view.XboxNotificationView
13:24:27.800 [FXGL Background Thread 3 ] DEBUG Engine               - pixelsPerMeter: 50.0
13:24:27.800 [FXGL Background Thread 3 ] DEBUG Engine               - platform: WINDOWS
13:24:27.800 [FXGL Background Thread 3 ] DEBUG Engine               - prefHeightProperty: ReadOnlyDoubleProperty [value: 624.0]
13:24:27.800 [FXGL Background Thread 3 ] DEBUG Engine               - prefWidthProperty: ReadOnlyDoubleProperty [value: 1488.0]
13:24:27.800 [FXGL Background Thread 3 ] DEBUG Engine               - profileDir: profiles/
13:24:27.800 [FXGL Background Thread 3 ] DEBUG Engine               - profileName: StringProperty [value: DEFAULT]
13:24:27.800 [FXGL Background Thread 3 ] DEBUG Engine               - randomSeed: -1
13:24:27.801 [FXGL Background Thread 3 ] DEBUG Engine               - runtimeInfo: RuntimeInfo(platform=WINDOWS, version=11.17, build=16.07.2021 15.46)
13:24:27.801 [FXGL Background Thread 3 ] DEBUG Engine               - saveFileExt: sav
13:24:27.801 [FXGL Background Thread 3 ] DEBUG Engine               - scaledHeightProp$fxgl: DoubleProperty [bound, value: 603.0]
13:24:27.801 [FXGL Background Thread 3 ] DEBUG Engine               - scaledWidthProp$fxgl: DoubleProperty [bound, value: 1415.0]
13:24:27.801 [FXGL Background Thread 3 ] DEBUG Engine               - sceneFactory: com.almasb.fxgl.app.scene.SceneFactory@6ccfe477
13:24:27.801 [FXGL Background Thread 3 ] DEBUG Engine               - secondsIn24h: 60
13:24:27.801 [FXGL Background Thread 3 ] DEBUG Engine               - soundMenuBack: menu/back.wav
13:24:27.801 [FXGL Background Thread 3 ] DEBUG Engine               - soundMenuPress: menu/press.wav
13:24:27.801 [FXGL Background Thread 3 ] DEBUG Engine               - soundMenuSelect: menu/select.wav
13:24:27.801 [FXGL Background Thread 3 ] DEBUG Engine               - soundNotification: core/notification.wav
13:24:27.801 [FXGL Background Thread 3 ] DEBUG Engine               - stageStyle: DECORATED
13:24:27.801 [FXGL Background Thread 3 ] DEBUG Engine               - supportedLanguages: [ENGLISH, FRENCH, GERMAN, HUNGARIAN, RUSSIAN]
13:24:27.801 [FXGL Background Thread 3 ] DEBUG Engine               - ticksPerSecond: -1
13:24:27.801 [FXGL Background Thread 3 ] DEBUG Engine               - title: BOMBERMAN
13:24:27.801 [FXGL Background Thread 3 ] DEBUG Engine               - urlGithub: https://github.com/AlmasB/FXGL
13:24:27.801 [FXGL Background Thread 3 ] DEBUG Engine               - urlLeaderboard: http://fxgl-top.herokuapp.com/
13:24:27.801 [FXGL Background Thread 3 ] DEBUG Engine               - urlPOM: https://raw.githubusercontent.com/AlmasB/FXGL/release/README.md
13:24:27.801 [FXGL Background Thread 3 ] DEBUG Engine               - userAppClass: class Bomberman.BombermanGame
13:24:27.802 [FXGL Background Thread 3 ] DEBUG Engine               - version: 1.0
13:24:27.802 [FXGL Background Thread 3 ] DEBUG Engine               - versionCheckDays: 7
13:24:27.802 [FXGL Background Thread 3 ] DEBUG Engine               - width: 1488
13:24:27.802 [FXGL Background Thread 3 ] DEBUG Engine               - Logging services
13:24:27.802 [FXGL Background Thread 3 ] DEBUG Engine               - class com.almasb.fxgl.app.services.FXGLAssetLoaderService
13:24:27.802 [FXGL Background Thread 3 ] DEBUG Engine               - class com.almasb.fxgl.app.FXGLApplication$GameApplicationService
13:24:27.802 [FXGL Background Thread 3 ] DEBUG Engine               - class com.almasb.fxgl.app.services.FXGLDialogService
13:24:27.802 [FXGL Background Thread 3 ] DEBUG Engine               - class com.almasb.fxgl.app.services.IOTaskExecutorService
13:24:27.802 [FXGL Background Thread 3 ] DEBUG Engine               - class com.almasb.fxgl.io.FileSystemService
13:24:27.802 [FXGL Background Thread 3 ] DEBUG Engine               - class com.almasb.fxgl.localization.LocalizationService
13:24:27.802 [FXGL Background Thread 3 ] DEBUG Engine               - class com.almasb.fxgl.app.services.SystemBundleService
13:24:27.802 [FXGL Background Thread 3 ] DEBUG Engine               - class com.almasb.fxgl.profile.SaveLoadService
13:24:27.802 [FXGL Background Thread 3 ] DEBUG Engine               - class com.almasb.fxgl.ui.FXGLUIFactoryServiceProvider
13:24:27.802 [FXGL Background Thread 3 ] DEBUG Engine               - class com.almasb.fxgl.ui.FXGLDialogFactoryServiceProvider
13:24:27.802 [FXGL Background Thread 3 ] DEBUG Engine               - class com.almasb.fxgl.audio.AudioPlayer
13:24:27.802 [FXGL Background Thread 3 ] DEBUG Engine               - class com.almasb.fxgl.notification.impl.NotificationServiceProvider
13:24:27.802 [FXGL Background Thread 3 ] DEBUG Engine               - class com.almasb.fxgl.achievement.AchievementService
13:24:27.802 [FXGL Background Thread 3 ] DEBUG Engine               - class com.almasb.fxgl.cutscene.CutsceneService
13:24:27.802 [FXGL Background Thread 3 ] DEBUG Engine               - class com.almasb.fxgl.minigames.MiniGameService
13:24:27.802 [FXGL Background Thread 3 ] DEBUG Engine               - class com.almasb.fxgl.net.NetService
13:24:27.802 [FXGL Background Thread 3 ] DEBUG Engine               - class com.almasb.fxgl.app.services.UpdaterService
13:24:27.802 [FXGL Background Thread 3 ] DEBUG Engine               - class com.almasb.fxgl.dev.DevService
13:24:28.579 [JavaFX Application Thread] DEBUG FXGLAssetLoaderServi - Loading from file system: file:/C:/Users/Admin/Desktop/Bomberman/target/classes/assets/textures/central_flame.png
13:24:28.581 [JavaFX Application Thread] DEBUG FXGLAssetLoaderServi - Loading from file system: file:/C:/Users/Admin/Desktop/Bomberman/target/classes/assets/textures/top_right_flame.png
13:24:28.583 [JavaFX Application Thread] DEBUG FXGLAssetLoaderServi - Loading from file system: file:/C:/Users/Admin/Desktop/Bomberman/target/classes/assets/textures/top_left_flame.png
13:24:28.585 [JavaFX Application Thread] DEBUG FXGLAssetLoaderServi - Loading from file system: file:/C:/Users/Admin/Desktop/Bomberman/target/classes/assets/textures/top_down_flame.png
13:24:28.587 [JavaFX Application Thread] DEBUG FXGLAssetLoaderServi - Loading from file system: file:/C:/Users/Admin/Desktop/Bomberman/target/classes/assets/textures/top_up_flame.png
13:24:28.590 [JavaFX Application Thread] DEBUG FXGLAssetLoaderServi - Loading from file system: file:/C:/Users/Admin/Desktop/Bomberman/target/classes/assets/sounds/explosion.wav
13:24:28.602 [JavaFX Application Thread] DEBUG FXGLAssetLoaderServi - Loading from file system: file:/C:/Users/Admin/Desktop/Bomberman/target/classes/assets/textures/brick_break.png
13:24:29.661 [JavaFX Application Thread] DEBUG FXGLAssetLoaderServi - Loading from file system: file:/C:/Users/Admin/Desktop/Bomberman/target/classes/assets/sounds/powerup.wav
13:24:35.661 [JavaFX Application Thread] DEBUG FXGLAssetLoaderServi - Loading from file system: file:/C:/Users/Admin/Desktop/Bomberman/target/classes/assets/textures/right_flame.png
13:24:35.664 [JavaFX Application Thread] DEBUG FXGLAssetLoaderServi - Loading from file system: file:/C:/Users/Admin/Desktop/Bomberman/target/classes/assets/textures/left_flame.png
13:24:35.665 [JavaFX Application Thread] DEBUG FXGLAssetLoaderServi - Loading from file system: file:/C:/Users/Admin/Desktop/Bomberman/target/classes/assets/textures/down_flame.png
13:24:35.667 [JavaFX Application Thread] DEBUG FXGLAssetLoaderServi - Loading from file system: file:/C:/Users/Admin/Desktop/Bomberman/target/classes/assets/textures/up_flame.png
13:24:39.113 [JavaFX Application Thread] DEBUG LoopRunner           - Stopping loop
13:24:39.116 [JavaFX Application Thread] FATAL FXGLApplication      - Uncaught Exception:
java.util.ConcurrentModificationException
	at java.base/java.util.ArrayList.forEach(ArrayList.java:1543)
	at Bomberman.BombermanGame.nextLevel(BombermanGame.java:238)
	at com.almasb.fxgl.time.TimerAction.update(TimerAction.kt:69)
	at com.almasb.fxgl.time.Timer.update(Timer.kt:38)
	at com.almasb.fxgl.scene.Scene.update(Scene.kt:104)
	at com.almasb.fxgl.app.MainWindow$update$1.invoke(MainWindow.kt:110)
	at com.almasb.fxgl.app.MainWindow$update$1.invoke(MainWindow.kt:110)
	at com.almasb.fxgl.core.fsm.StateMachine.runOnActiveStates(StateMachine.kt:69)
	at com.almasb.fxgl.app.MainWindow.update(MainWindow.kt:110)
	at com.almasb.fxgl.app.FXGLApplication$GameApplicationService.onUpdate(FXGLApplication.kt:426)
	at com.almasb.fxgl.app.Engine.loop(Engine.kt:133)
	at com.almasb.fxgl.app.Engine.access$loop(Engine.kt:24)
	at com.almasb.fxgl.app.Engine$loop$1.invoke(Engine.kt:28)
	at com.almasb.fxgl.app.Engine$loop$1.invoke(Engine.kt:28)
	at com.almasb.fxgl.app.LoopRunner.frame(LoopRunner.kt:103)
	at com.almasb.fxgl.app.LoopRunner.access$frame(LoopRunner.kt:23)
	at com.almasb.fxgl.app.LoopRunner$impl$2$1.onTick(LoopRunner.kt:57)
	at com.almasb.fxgl.app.AnimationTimerLoop$timer$1.handle(LoopRunner.kt:137)
	at javafx.animation.AnimationTimer$AnimationTimerReceiver.lambda$handle$0(AnimationTimer.java:57)
	at java.base/java.security.AccessController.doPrivileged(Native Method)
	at javafx.animation.AnimationTimer$AnimationTimerReceiver.handle(AnimationTimer.java:56)
	at com.sun.scenario.animation.AbstractPrimaryTimer.timePulseImpl(AbstractPrimaryTimer.java:356)
	at com.sun.scenario.animation.AbstractPrimaryTimer$MainLoop.run(AbstractPrimaryTimer.java:266)
	at com.sun.javafx.tk.quantum.QuantumToolkit.pulse(QuantumToolkit.java:559)
	at com.sun.javafx.tk.quantum.QuantumToolkit.pulse(QuantumToolkit.java:543)
	at com.sun.javafx.tk.quantum.QuantumToolkit.pulseFromQueue(QuantumToolkit.java:536)
	at com.sun.javafx.tk.quantum.QuantumToolkit.lambda$runToolkit$11(QuantumToolkit.java:342)
	at com.sun.glass.ui.InvokeLaterDispatcher$Future.run(InvokeLaterDispatcher.java:96)
	at com.sun.glass.ui.win.WinApplication._runLoop(Native Method)
	at com.sun.glass.ui.win.WinApplication.lambda$runLoop$3(WinApplication.java:174)
	at java.base/java.lang.Thread.run(Thread.java:834)

13:24:39.116 [JavaFX Application Thread] FATAL FXGLApplication      - Application will now exit
13:24:39.142 [JavaFX Application Thread] DEBUG PrimaryStageWindow   - Push state: ErrorSubScene
13:24:39.143 [JavaFX Application Thread] DEBUG Input                - Clearing active input actions
13:24:39.154 [JavaFX Application Thread] DEBUG GameApplicationServi - Removing overlay from GameScene and adding to ErrorSubScene
13:24:39.154 [JavaFX Application Thread] DEBUG PrimaryStageWindow   - GameScene -> ErrorSubScene
13:25:15.267 [JavaFX Application Thread] DEBUG FXGLApplication      - Exiting FXGL
13:25:15.268 [JavaFX Application Thread] DEBUG Async                - Shutting down background threads
13:25:15.269 [JavaFX Application Thread] DEBUG PrimaryStageWindow   - Closing main window
13:25:15.348 [JavaFX Application Thread] DEBUG Logger               - Closing Logger
