15:00:30.760 [main                     ] DEBUG Logger               - Configured Logger
15:00:30.780 [main                     ] DEBUG GameApplication      - Logging settings
Title: BOMBER
 MAN
Version: 1.0
Width: 1280
Height: 720
Fullscreen: true
Intro: false
Profiling: false
Single step:false
App Mode: DEVELOPER
Menu Key: ESCAPE
Stage Style: DECORATED
Scene Factory: class Bomberman.BombermanGame$1

15:00:31.257 [JavaFX Application Thread] DEBUG FXGLApplication      - Initializing FXGL
15:00:31.260 [JavaFX Application Thread] INFO  Engine               - FXGL-11.17 (16.07.2021 15.46) on WINDOWS (J:11.0.16.1 FX:16)
15:00:31.260 [JavaFX Application Thread] DEBUG Engine               - JRE Vendor Name: Oracle Corporation
15:00:31.260 [JavaFX Application Thread] DEBUG Engine               - Running on OS: Windows 11 version 10.0
15:00:31.261 [JavaFX Application Thread] DEBUG Engine               - Architecture: amd64
15:00:31.261 [JavaFX Application Thread] INFO  Engine               - Source code and latest versions at: https://github.com/AlmasB/FXGL
15:00:31.261 [JavaFX Application Thread] INFO  Engine               -              Join the FXGL chat at: https://gitter.im/AlmasB/FXGL
15:00:31.383 [JavaFX Application Thread] DEBUG PrimaryStageWindow   - Creating a JavaFX scene
15:00:31.445 [JavaFX Application Thread] DEBUG PrimaryStageWindow   - Target settings size: 1280.0 x 720.0
15:00:31.445 [JavaFX Application Thread] DEBUG PrimaryStageWindow   - Scaled scene size:    1280.0 x 720.0
15:00:31.446 [JavaFX Application Thread] DEBUG PrimaryStageWindow   - Scaled ratio: (1.0, 1.0)
15:00:31.447 [JavaFX Application Thread] DEBUG PrimaryStageWindow   - Set initial scene to FXGLStartupScene
15:00:31.458 [JavaFX Application Thread] DEBUG PrimaryStageWindow   - Opening main window
15:00:31.571 [JavaFX Application Thread] DEBUG PrimaryStageWindow   - Window border size: (13.0, 35.5)
15:00:31.571 [JavaFX Application Thread] DEBUG PrimaryStageWindow   - Scaled size: 1280.0 x 720.0
15:00:31.571 [JavaFX Application Thread] DEBUG PrimaryStageWindow   - Scaled ratio: (1.0, 1.0)
15:00:31.572 [JavaFX Application Thread] DEBUG PrimaryStageWindow   - Scene size: 1280.0 x 720.0
15:00:31.572 [JavaFX Application Thread] DEBUG PrimaryStageWindow   - Stage size: 1293.0 x 755.5
15:00:31.582 [FXGL Background Thread 1 ] DEBUG Engine               - Initializing environment variables
15:00:31.672 [FXGL Background Thread 1 ] DEBUG FXGLAssetLoaderServi - User app class for loading assets: class Bomberman.BombermanGame
15:00:31.673 [FXGL Background Thread 1 ] DEBUG GameApplicationServi - Applying CSS: fxgl_dark.css
15:00:31.674 [FXGL Background Thread 1 ] DEBUG FXGLAssetLoaderServi - Loading from file system: jar:file:/C:/Users/Admin/.m2/repository/com/github/almasb/fxgl/11.17/fxgl-11.17.jar!/fxglassets/ui/css/fxgl_dark.css
15:00:31.731 [FXGL Background Thread 1 ] DEBUG GameApplicationServi - Initializing application scenes
15:00:31.787 [FXGL Background Thread 1 ] DEBUG GameWorld            - Game world initialized
15:00:31.858 [FXGL Background Thread 1 ] DEBUG PhysicsWorld         - Physics world initialized: appHeight=720, physics.ppm=50.0
15:00:31.859 [FXGL Background Thread 1 ] DEBUG PhysicsWorld         - Using strategy: BRUTE_FORCE
15:00:31.862 [FXGL Background Thread 1 ] DEBUG GameScene            - Game scene initialized: 1280x720
15:00:32.013 [FXGL Background Thread 1 ] DEBUG GameApplicationServi - Application scenes initialized
15:00:32.030 [FXGL Background Thread 1 ] DEBUG SystemBundleService  - Loading FXGL system data
15:00:32.036 [FXGL Background Thread 1 ] DEBUG FileSystemAccess     - Reading from: C:\Users\Admin\Desktop\Bomberman\system\fxgl.bundle
15:00:32.043 [FXGL Background Thread 1 ] DEBUG SystemBundleService  - Bundle FXGL: {}
15:00:32.043 [FXGL Background Thread 1 ] DEBUG UpdaterService       - Checking for updates
15:00:32.049 [FXGL Background Thread 4 ] DEBUG FXGLApplication      - Loading fonts
15:00:32.050 [FXGL Background Thread 4 ] DEBUG FXGLAssetLoaderServi - Loading from file system: file:/C:/Users/Admin/Desktop/Bomberman/target/classes/assets/ui/fonts/game_font.ttf
15:00:32.050 [FXGL Background Thread 1 ] DEBUG FXGLApplication      - Loading default localization
15:00:32.051 [FXGL Background Thread 1 ] DEBUG FXGLAssetLoaderServi - Loading from file system: jar:file:/C:/Users/Admin/.m2/repository/com/github/almasb/fxgl/11.17/fxgl-11.17.jar!/fxglassets/languages/english.lang
15:00:32.069 [FXGL Background Thread 1 ] INFO  FXGLApplication      - FXGL initialization took: 0.487 sec
15:00:32.088 [JavaFX Application Thread] DEBUG Input                - Registered new binding: Move Left - A
15:00:32.088 [JavaFX Application Thread] DEBUG Input                - Registered new binding: Move Right - D
15:00:32.088 [JavaFX Application Thread] DEBUG Input                - Registered new binding: Move Up - W
15:00:32.089 [JavaFX Application Thread] DEBUG Input                - Registered new binding: Move Down - S
15:00:32.089 [JavaFX Application Thread] DEBUG Input                - Registered new binding: Place Bomb - Space
15:00:32.089 [JavaFX Application Thread] DEBUG Input                - Registered new binding: Switch to classic bomb - 1
15:00:32.089 [JavaFX Application Thread] DEBUG Input                - Registered new binding: Switch to lazer bomb - 2
15:00:32.089 [JavaFX Application Thread] DEBUG Input                - Registered new binding: Switch to light bomb - 3
15:00:32.089 [JavaFX Application Thread] DEBUG Input                - Registered new binding: Exit game - Delete
15:00:32.091 [JavaFX Application Thread] DEBUG FXGLAssetLoaderServi - Loading from file system: file:/C:/Users/Admin/Desktop/Bomberman/target/classes/assets/music/stage_theme.mp3
15:00:32.357 [JavaFX Application Thread] DEBUG AudioPlayer          - Playing music com.almasb.fxgl.audio.Music@7070ae85
15:00:32.371 [JavaFX Application Thread] DEBUG FXGLAssetLoaderServi - Loading from file system: jar:file:/C:/Users/Admin/.m2/repository/com/github/almasb/fxgl/11.17/fxgl-11.17.jar!/fxglassets/textures/fxgl_icon.png
15:00:32.423 [JavaFX Application Thread] DEBUG FXGLAssetLoaderServi - Loading from file system: jar:file:/C:/Users/Admin/.m2/repository/com/github/almasb/fxgl/11.17/fxgl-11.17.jar!/fxglassets/textures/fxgl_default_cursor.png
15:00:32.427 [JavaFX Application Thread] DEBUG Input                - Registered new binding: Screenshot - CTRL+8
15:00:32.428 [JavaFX Application Thread] DEBUG Input                - Registered new binding: System info dump - CTRL+9
15:00:32.429 [JavaFX Application Thread] DEBUG Input                - Registered new binding: Restart - CTRL+R
15:00:32.431 [JavaFX Application Thread] DEBUG Input                - Registered new binding: Toggle Debug Camera - CTRL+C
15:00:32.435 [JavaFX Application Thread] DEBUG LoopRunner           - Starting loop
15:00:32.435 [JavaFX Application Thread] DEBUG LoopRunner           - Initializing JavaFX AnimationTimerLoop
15:00:32.441 [JavaFX Application Thread] DEBUG Input                - Clearing active input actions
15:00:32.457 [JavaFX Application Thread] DEBUG GameApplicationServi - Removing overlay from FXGLStartupScene and adding to FXGLMainMenuDummyScene
15:00:32.457 [JavaFX Application Thread] DEBUG PrimaryStageWindow   - FXGLStartupScene -> FXGLMainMenuDummyScene
15:00:32.458 [JavaFX Application Thread] DEBUG PrimaryStageWindow   - Push state: MainMenu
15:00:32.458 [JavaFX Application Thread] DEBUG Input                - Clearing active input actions
15:00:32.468 [JavaFX Application Thread] DEBUG GameApplicationServi - Removing overlay from FXGLMainMenuDummyScene and adding to MainMenu
15:00:32.469 [JavaFX Application Thread] DEBUG PrimaryStageWindow   - FXGLMainMenuDummyScene -> MainMenu
15:00:32.537 [FXGL Background Thread 4 ] DEBUG FXGLAssetLoaderServi - Loading from file system: jar:file:/C:/Users/Admin/.m2/repository/com/github/almasb/fxgl/11.17/fxgl-11.17.jar!/fxglassets/ui/fonts/Abel-Regular.ttf
15:00:32.544 [FXGL Background Thread 4 ] DEBUG FXGLAssetLoaderServi - Loading from file system: jar:file:/C:/Users/Admin/.m2/repository/com/github/almasb/fxgl/11.17/fxgl-11.17.jar!/fxglassets/ui/fonts/lucida_console.ttf
15:00:32.554 [FXGL Background Thread 4 ] DEBUG FXGLAssetLoaderServi - Loading from file system: jar:file:/C:/Users/Admin/.m2/repository/com/github/almasb/fxgl/11.17/fxgl-11.17.jar!/fxglassets/ui/fonts/Courier-Prime.ttf
15:00:32.591 [JavaFX Application Thread] DEBUG FXGLApplication      - Registering font factories with UI factory
15:00:33.271 [FXGL Background Thread 2 ] INFO  UpdaterService       - Your current version:  11.17
15:00:33.271 [FXGL Background Thread 2 ] INFO  UpdaterService       - Latest stable version: 17.2
15:00:33.398 [JavaFX Application Thread] DEBUG Menu                 - fireNewGame()
15:00:33.398 [JavaFX Application Thread] DEBUG GameApplicationServi - Starting new game
15:00:33.398 [JavaFX Application Thread] DEBUG PrimaryStageWindow   - Pop state: MainMenu
15:00:33.399 [JavaFX Application Thread] DEBUG Input                - Clearing active input actions
15:00:33.399 [JavaFX Application Thread] DEBUG GameApplicationServi - Removing overlay from MainMenu and adding to FXGLMainMenuDummyScene
15:00:33.399 [JavaFX Application Thread] DEBUG PrimaryStageWindow   - FXGLMainMenuDummyScene <- MainMenu
15:00:33.400 [JavaFX Application Thread] DEBUG Input                - Clearing active input actions
15:00:33.405 [JavaFX Application Thread] DEBUG GameApplicationServi - Removing overlay from FXGLMainMenuDummyScene and adding to FXGLLoadingScene
15:00:33.405 [JavaFX Application Thread] DEBUG PrimaryStageWindow   - FXGLMainMenuDummyScene -> FXGLLoadingScene
15:00:33.405 [JavaFX Application Thread] DEBUG GameApplicationServi - Clearing previous game
15:00:33.405 [JavaFX Application Thread] DEBUG GameScene            - Clearing game scene
15:00:33.405 [JavaFX Application Thread] DEBUG GameWorld            - Clearing game world
15:00:33.406 [JavaFX Application Thread] DEBUG PhysicsWorld         - Clearing physics world
15:00:33.407 [FXGL Background Thread 2 ] DEBUG FXGLApplication      - Initializing game
15:00:33.424 [FXGL Background Thread 2 ] DEBUG FXGLAssetLoaderServi - Loading from file system: file:/C:/Users/Admin/Desktop/Bomberman/target/classes/assets/textures/wall.png
15:00:33.488 [FXGL Background Thread 2 ] DEBUG FXGLAssetLoaderServi - Loading from file system: file:/C:/Users/Admin/Desktop/Bomberman/target/classes/assets/textures/player_die.png
15:00:33.491 [FXGL Background Thread 2 ] DEBUG FXGLAssetLoaderServi - Loading from file system: file:/C:/Users/Admin/Desktop/Bomberman/target/classes/assets/textures/player_down.png
15:00:33.492 [FXGL Background Thread 2 ] DEBUG FXGLAssetLoaderServi - Loading from file system: file:/C:/Users/Admin/Desktop/Bomberman/target/classes/assets/textures/player_right.png
15:00:33.494 [FXGL Background Thread 2 ] DEBUG FXGLAssetLoaderServi - Loading from file system: file:/C:/Users/Admin/Desktop/Bomberman/target/classes/assets/textures/player_up.png
15:00:33.495 [FXGL Background Thread 2 ] DEBUG FXGLAssetLoaderServi - Loading from file system: file:/C:/Users/Admin/Desktop/Bomberman/target/classes/assets/textures/player_left.png
15:00:33.503 [FXGL Background Thread 2 ] DEBUG FXGLAssetLoaderServi - Loading from file system: file:/C:/Users/Admin/Desktop/Bomberman/target/classes/assets/textures/brick.png
15:00:33.504 [FXGL Background Thread 2 ] DEBUG FXGLAssetLoaderServi - Loading from file system: file:/C:/Users/Admin/Desktop/Bomberman/target/classes/assets/textures/brick_break.png
15:00:33.509 [FXGL Background Thread 2 ] DEBUG FXGLAssetLoaderServi - Loading from file system: file:/C:/Users/Admin/Desktop/Bomberman/target/classes/assets/textures/enemy1.png
15:00:33.518 [FXGL Background Thread 2 ] DEBUG FXGLAssetLoaderServi - Loading from file system: file:/C:/Users/Admin/Desktop/Bomberman/target/classes/assets/textures/enemy2.png
15:00:33.547 [FXGL Background Thread 2 ] DEBUG FXGLAssetLoaderServi - Loading from file system: file:/C:/Users/Admin/Desktop/Bomberman/target/classes/assets/textures/portal.png
15:00:33.572 [FXGL Background Thread 2 ] DEBUG FXGLAssetLoaderServi - Loading from file system: file:/C:/Users/Admin/Desktop/Bomberman/target/classes/assets/textures/powerup_flames.png
15:00:33.617 [FXGL Background Thread 2 ] DEBUG FXGLAssetLoaderServi - Loading from file system: file:/C:/Users/Admin/Desktop/Bomberman/target/classes/assets/textures/enemy4.png
15:00:33.627 [FXGL Background Thread 2 ] DEBUG FXGLAssetLoaderServi - Loading from file system: file:/C:/Users/Admin/Desktop/Bomberman/target/classes/assets/textures/enemy3.png
15:00:33.658 [FXGL Background Thread 2 ] INFO  FXGLApplication      - Game initialization took: 0.251 sec
15:00:33.665 [JavaFX Application Thread] DEBUG Input                - Clearing active input actions
15:00:33.703 [JavaFX Application Thread] DEBUG GameApplicationServi - Removing overlay from FXGLLoadingScene and adding to GameScene
15:00:33.704 [JavaFX Application Thread] DEBUG PrimaryStageWindow   - FXGLLoadingScene -> GameScene
15:00:33.710 [JavaFX Application Thread] DEBUG FXGLAssetLoaderServi - Loading from file system: file:/C:/Users/Admin/Desktop/Bomberman/target/classes/assets/sounds/stage_start.wav
15:00:33.726 [JavaFX Application Thread] DEBUG PrimaryStageWindow   - Push state: StageStartScene
15:00:33.726 [JavaFX Application Thread] DEBUG Input                - Clearing active input actions
15:00:33.727 [JavaFX Application Thread] DEBUG GameApplicationServi - Removing overlay from GameScene and adding to StageStartScene
15:00:33.727 [JavaFX Application Thread] DEBUG PrimaryStageWindow   - GameScene -> StageStartScene
15:00:35.049 [FXGL Background Thread 3 ] DEBUG Engine               - Logging environment variables
15:00:35.049 [FXGL Background Thread 3 ] DEBUG Engine               - achievements: []
15:00:35.049 [FXGL Background Thread 3 ] DEBUG Engine               - actualHeight: 720.0
15:00:35.049 [FXGL Background Thread 3 ] DEBUG Engine               - actualHeightProperty: ReadOnlyDoubleProperty [value: 720.0]
15:00:35.050 [FXGL Background Thread 3 ] DEBUG Engine               - actualWidth: 1280.0
15:00:35.050 [FXGL Background Thread 3 ] DEBUG Engine               - actualWidthProperty: ReadOnlyDoubleProperty [value: 1280.0]
15:00:35.050 [FXGL Background Thread 3 ] DEBUG Engine               - appIcon: fxgl_icon.png
15:00:35.050 [FXGL Background Thread 3 ] DEBUG Engine               - applicationMode: DEVELOPER
15:00:35.050 [FXGL Background Thread 3 ] DEBUG Engine               - cSSList: [fxgl_dark.css]
15:00:35.050 [FXGL Background Thread 3 ] DEBUG Engine               - collisionDetectionStrategy: BRUTE_FORCE
15:00:35.050 [FXGL Background Thread 3 ] DEBUG Engine               - configClass: Optional.empty
15:00:35.050 [FXGL Background Thread 3 ] DEBUG Engine               - credits: []
15:00:35.050 [FXGL Background Thread 3 ] DEBUG Engine               - defaultCursor: CursorInfo(imageName=fxgl_default_cursor.png, hotspotX=7.0, hotspotY=6.0)
15:00:35.050 [FXGL Background Thread 3 ] DEBUG Engine               - devBBoxColorProperty: ObjectProperty [value: 0xff0000ff]
15:00:35.050 [FXGL Background Thread 3 ] DEBUG Engine               - devEnableDebugCameraProperty: BooleanProperty [value: false]
15:00:35.050 [FXGL Background Thread 3 ] DEBUG Engine               - devSensorColorProperty: ObjectProperty [value: 0xffff00ff]
15:00:35.050 [FXGL Background Thread 3 ] DEBUG Engine               - devShowBBoxProperty: BooleanProperty [value: false]
15:00:35.050 [FXGL Background Thread 3 ] DEBUG Engine               - devShowPositionProperty: BooleanProperty [value: false]
15:00:35.050 [FXGL Background Thread 3 ] DEBUG Engine               - enabledMenuItems: []
15:00:35.050 [FXGL Background Thread 3 ] DEBUG Engine               - engineServices: [class com.almasb.fxgl.app.services.FXGLAssetLoaderService, class com.almasb.fxgl.app.FXGLApplication$GameApplicationService, class com.almasb.fxgl.app.services.FXGLDialogService, class com.almasb.fxgl.app.services.IOTaskExecutorService, class com.almasb.fxgl.io.FileSystemService, class com.almasb.fxgl.localization.LocalizationService, class com.almasb.fxgl.app.services.SystemBundleService, class com.almasb.fxgl.profile.SaveLoadService, class com.almasb.fxgl.ui.FXGLUIFactoryServiceProvider, class com.almasb.fxgl.ui.FXGLDialogFactoryServiceProvider, class com.almasb.fxgl.audio.AudioPlayer, class com.almasb.fxgl.notification.impl.NotificationServiceProvider, class com.almasb.fxgl.achievement.AchievementService, class com.almasb.fxgl.cutscene.CutsceneService, class com.almasb.fxgl.minigames.MiniGameService, class com.almasb.fxgl.net.NetService, class com.almasb.fxgl.app.services.UpdaterService, class com.almasb.fxgl.dev.DevService]
15:00:35.051 [FXGL Background Thread 3 ] DEBUG Engine               - fontGame: Abel-Regular.ttf
15:00:35.051 [FXGL Background Thread 3 ] DEBUG Engine               - fontMono: lucida_console.ttf
15:00:35.051 [FXGL Background Thread 3 ] DEBUG Engine               - fontText: Courier-Prime.ttf
15:00:35.051 [FXGL Background Thread 3 ] DEBUG Engine               - fontUI: game_font.ttf
15:00:35.051 [FXGL Background Thread 3 ] DEBUG Engine               - fullScreen: BooleanProperty [value: false]
15:00:35.051 [FXGL Background Thread 3 ] DEBUG Engine               - gameDifficulty: MEDIUM
15:00:35.051 [FXGL Background Thread 3 ] DEBUG Engine               - gameDifficultyProperty: ObjectProperty [value: MEDIUM]
15:00:35.051 [FXGL Background Thread 3 ] DEBUG Engine               - globalMusicVolume: 0.5
15:00:35.051 [FXGL Background Thread 3 ] DEBUG Engine               - globalMusicVolumeProperty: DoubleProperty [value: 0.0]
15:00:35.051 [FXGL Background Thread 3 ] DEBUG Engine               - globalSoundVolume: 0.5
15:00:35.051 [FXGL Background Thread 3 ] DEBUG Engine               - globalSoundVolumeProperty: DoubleProperty [value: 0.5]
15:00:35.051 [FXGL Background Thread 3 ] DEBUG Engine               - height: 720
15:00:35.051 [FXGL Background Thread 3 ] DEBUG Engine               - is3D: false
15:00:35.051 [FXGL Background Thread 3 ] DEBUG Engine               - isAndroid: false
15:00:35.051 [FXGL Background Thread 3 ] DEBUG Engine               - isBrowser: false
15:00:35.051 [FXGL Background Thread 3 ] DEBUG Engine               - isClickFeedbackEnabled: false
15:00:35.051 [FXGL Background Thread 3 ] DEBUG Engine               - isCloseConfirmation: false
15:00:35.051 [FXGL Background Thread 3 ] DEBUG Engine               - isDesktop: true
15:00:35.051 [FXGL Background Thread 3 ] DEBUG Engine               - isDeveloperMenuEnabled: false
15:00:35.051 [FXGL Background Thread 3 ] DEBUG Engine               - isEntityPreloadEnabled: true
15:00:35.051 [FXGL Background Thread 3 ] DEBUG Engine               - isExperimentalTiledLargeMap: false
15:00:35.051 [FXGL Background Thread 3 ] DEBUG Engine               - isFileSystemWriteAllowed: true
15:00:35.051 [FXGL Background Thread 3 ] DEBUG Engine               - isFullScreenAllowed: true
15:00:35.051 [FXGL Background Thread 3 ] DEBUG Engine               - isFullScreenFromStart: false
15:00:35.051 [FXGL Background Thread 3 ] DEBUG Engine               - isGameMenuEnabled: true
15:00:35.051 [FXGL Background Thread 3 ] DEBUG Engine               - isIOS: false
15:00:35.051 [FXGL Background Thread 3 ] DEBUG Engine               - isIntroEnabled: false
15:00:35.051 [FXGL Background Thread 3 ] DEBUG Engine               - isLinux: false
15:00:35.051 [FXGL Background Thread 3 ] DEBUG Engine               - isMac: false
15:00:35.051 [FXGL Background Thread 3 ] DEBUG Engine               - isMainMenuEnabled: true
15:00:35.051 [FXGL Background Thread 3 ] DEBUG Engine               - isManualResizeEnabled: false
15:00:35.051 [FXGL Background Thread 3 ] DEBUG Engine               - isMobile: false
15:00:35.051 [FXGL Background Thread 3 ] DEBUG Engine               - isNative: false
15:00:35.052 [FXGL Background Thread 3 ] DEBUG Engine               - isPauseMusicWhenMinimized: true
15:00:35.052 [FXGL Background Thread 3 ] DEBUG Engine               - isPreserveResizeRatio: false
15:00:35.052 [FXGL Background Thread 3 ] DEBUG Engine               - isProfilingEnabled: false
15:00:35.052 [FXGL Background Thread 3 ] DEBUG Engine               - isScaleAffectedOnResize: true
15:00:35.052 [FXGL Background Thread 3 ] DEBUG Engine               - isSingleStep: false
15:00:35.052 [FXGL Background Thread 3 ] DEBUG Engine               - isUserProfileEnabled: false
15:00:35.052 [FXGL Background Thread 3 ] DEBUG Engine               - isWindows: true
15:00:35.052 [FXGL Background Thread 3 ] DEBUG Engine               - language: ObjectProperty [value: ENGLISH]
15:00:35.052 [FXGL Background Thread 3 ] DEBUG Engine               - menuKey: ESCAPE
15:00:35.052 [FXGL Background Thread 3 ] DEBUG Engine               - mouseSensitivity: 0.2
15:00:35.052 [FXGL Background Thread 3 ] DEBUG Engine               - notificationViewClass: class com.almasb.fxgl.notification.view.XboxNotificationView
15:00:35.052 [FXGL Background Thread 3 ] DEBUG Engine               - pixelsPerMeter: 50.0
15:00:35.052 [FXGL Background Thread 3 ] DEBUG Engine               - platform: WINDOWS
15:00:35.052 [FXGL Background Thread 3 ] DEBUG Engine               - prefHeightProperty: ReadOnlyDoubleProperty [value: 720.0]
15:00:35.052 [FXGL Background Thread 3 ] DEBUG Engine               - prefWidthProperty: ReadOnlyDoubleProperty [value: 1280.0]
15:00:35.052 [FXGL Background Thread 3 ] DEBUG Engine               - profileDir: profiles/
15:00:35.052 [FXGL Background Thread 3 ] DEBUG Engine               - profileName: StringProperty [value: DEFAULT]
15:00:35.052 [FXGL Background Thread 3 ] DEBUG Engine               - randomSeed: -1
15:00:35.052 [FXGL Background Thread 3 ] DEBUG Engine               - runtimeInfo: RuntimeInfo(platform=WINDOWS, version=11.17, build=16.07.2021 15.46)
15:00:35.052 [FXGL Background Thread 3 ] DEBUG Engine               - saveFileExt: sav
15:00:35.052 [FXGL Background Thread 3 ] DEBUG Engine               - scaledHeightProp$fxgl: DoubleProperty [bound, value: 720.0]
15:00:35.052 [FXGL Background Thread 3 ] DEBUG Engine               - scaledWidthProp$fxgl: DoubleProperty [bound, value: 1280.0]
15:00:35.052 [FXGL Background Thread 3 ] DEBUG Engine               - sceneFactory: Bomberman.BombermanGame$1@2f32d033
15:00:35.052 [FXGL Background Thread 3 ] DEBUG Engine               - secondsIn24h: 60
15:00:35.052 [FXGL Background Thread 3 ] DEBUG Engine               - soundMenuBack: menu/back.wav
15:00:35.052 [FXGL Background Thread 3 ] DEBUG Engine               - soundMenuPress: menu/press.wav
15:00:35.052 [FXGL Background Thread 3 ] DEBUG Engine               - soundMenuSelect: menu/select.wav
15:00:35.052 [FXGL Background Thread 3 ] DEBUG Engine               - soundNotification: core/notification.wav
15:00:35.052 [FXGL Background Thread 3 ] DEBUG Engine               - stageStyle: DECORATED
15:00:35.052 [FXGL Background Thread 3 ] DEBUG Engine               - supportedLanguages: [ENGLISH, FRENCH, GERMAN, HUNGARIAN, RUSSIAN]
15:00:35.052 [FXGL Background Thread 3 ] DEBUG Engine               - ticksPerSecond: -1
15:00:35.052 [FXGL Background Thread 3 ] DEBUG Engine               - title: BOMBER
 MAN
15:00:35.052 [FXGL Background Thread 3 ] DEBUG Engine               - urlGithub: https://github.com/AlmasB/FXGL
15:00:35.052 [FXGL Background Thread 3 ] DEBUG Engine               - urlLeaderboard: http://fxgl-top.herokuapp.com/
15:00:35.053 [FXGL Background Thread 3 ] DEBUG Engine               - urlPOM: https://raw.githubusercontent.com/AlmasB/FXGL/release/README.md
15:00:35.053 [FXGL Background Thread 3 ] DEBUG Engine               - userAppClass: class Bomberman.BombermanGame
15:00:35.053 [FXGL Background Thread 3 ] DEBUG Engine               - version: 1.0
15:00:35.053 [FXGL Background Thread 3 ] DEBUG Engine               - versionCheckDays: 7
15:00:35.053 [FXGL Background Thread 3 ] DEBUG Engine               - width: 1280
15:00:35.053 [FXGL Background Thread 3 ] DEBUG Engine               - Logging services
15:00:35.053 [FXGL Background Thread 3 ] DEBUG Engine               - class com.almasb.fxgl.app.services.FXGLAssetLoaderService
15:00:35.053 [FXGL Background Thread 3 ] DEBUG Engine               - class com.almasb.fxgl.app.FXGLApplication$GameApplicationService
15:00:35.053 [FXGL Background Thread 3 ] DEBUG Engine               - class com.almasb.fxgl.app.services.FXGLDialogService
15:00:35.053 [FXGL Background Thread 3 ] DEBUG Engine               - class com.almasb.fxgl.app.services.IOTaskExecutorService
15:00:35.053 [FXGL Background Thread 3 ] DEBUG Engine               - class com.almasb.fxgl.io.FileSystemService
15:00:35.053 [FXGL Background Thread 3 ] DEBUG Engine               - class com.almasb.fxgl.localization.LocalizationService
15:00:35.053 [FXGL Background Thread 3 ] DEBUG Engine               - class com.almasb.fxgl.app.services.SystemBundleService
15:00:35.053 [FXGL Background Thread 3 ] DEBUG Engine               - class com.almasb.fxgl.profile.SaveLoadService
15:00:35.053 [FXGL Background Thread 3 ] DEBUG Engine               - class com.almasb.fxgl.ui.FXGLUIFactoryServiceProvider
15:00:35.053 [FXGL Background Thread 3 ] DEBUG Engine               - class com.almasb.fxgl.ui.FXGLDialogFactoryServiceProvider
15:00:35.053 [FXGL Background Thread 3 ] DEBUG Engine               - class com.almasb.fxgl.audio.AudioPlayer
15:00:35.053 [FXGL Background Thread 3 ] DEBUG Engine               - class com.almasb.fxgl.notification.impl.NotificationServiceProvider
15:00:35.053 [FXGL Background Thread 3 ] DEBUG Engine               - class com.almasb.fxgl.achievement.AchievementService
15:00:35.053 [FXGL Background Thread 3 ] DEBUG Engine               - class com.almasb.fxgl.cutscene.CutsceneService
15:00:35.053 [FXGL Background Thread 3 ] DEBUG Engine               - class com.almasb.fxgl.minigames.MiniGameService
15:00:35.053 [FXGL Background Thread 3 ] DEBUG Engine               - class com.almasb.fxgl.net.NetService
15:00:35.053 [FXGL Background Thread 3 ] DEBUG Engine               - class com.almasb.fxgl.app.services.UpdaterService
15:00:35.053 [FXGL Background Thread 3 ] DEBUG Engine               - class com.almasb.fxgl.dev.DevService
15:00:37.461 [JavaFX Application Thread] DEBUG PrimaryStageWindow   - Pop state: StageStartScene
15:00:37.461 [JavaFX Application Thread] DEBUG Input                - Clearing active input actions
15:00:37.462 [JavaFX Application Thread] DEBUG GameApplicationServi - Removing overlay from StageStartScene and adding to GameScene
15:00:37.462 [JavaFX Application Thread] DEBUG PrimaryStageWindow   - GameScene <- StageStartScene
15:00:42.935 [JavaFX Application Thread] DEBUG FXGLAssetLoaderServi - Loading from file system: file:/C:/Users/Admin/Desktop/Bomberman/target/classes/assets/sounds/player_die.wav
15:00:49.055 [JavaFX Application Thread] DEBUG FXGLAssetLoaderServi - Loading from file system: file:/C:/Users/Admin/Desktop/Bomberman/target/classes/assets/sounds/place_bomb.wav
15:00:49.059 [JavaFX Application Thread] DEBUG FXGLAssetLoaderServi - Loading from file system: file:/C:/Users/Admin/Desktop/Bomberman/target/classes/assets/textures/bomb.png
15:00:51.061 [JavaFX Application Thread] DEBUG FXGLAssetLoaderServi - Loading from file system: file:/C:/Users/Admin/Desktop/Bomberman/target/classes/assets/sounds/explosion.wav
15:00:51.066 [JavaFX Application Thread] DEBUG FXGLAssetLoaderServi - Loading from file system: file:/C:/Users/Admin/Desktop/Bomberman/target/classes/assets/textures/central_flame.png
15:00:51.068 [JavaFX Application Thread] DEBUG FXGLAssetLoaderServi - Loading from file system: file:/C:/Users/Admin/Desktop/Bomberman/target/classes/assets/textures/top_up_flame.png
15:00:51.070 [JavaFX Application Thread] DEBUG FXGLAssetLoaderServi - Loading from file system: file:/C:/Users/Admin/Desktop/Bomberman/target/classes/assets/textures/top_down_flame.png
15:00:51.070 [JavaFX Application Thread] DEBUG FXGLAssetLoaderServi - Loading from file system: file:/C:/Users/Admin/Desktop/Bomberman/target/classes/assets/textures/top_right_flame.png
15:00:51.071 [JavaFX Application Thread] DEBUG FXGLAssetLoaderServi - Loading from file system: file:/C:/Users/Admin/Desktop/Bomberman/target/classes/assets/textures/top_left_flame.png
15:01:10.047 [JavaFX Application Thread] DEBUG FXGLApplication      - Exiting FXGL
15:01:10.048 [JavaFX Application Thread] DEBUG LoopRunner           - Stopping loop
15:01:10.048 [JavaFX Application Thread] DEBUG SystemBundleService  - Saving FXGL system data
15:01:10.049 [JavaFX Application Thread] DEBUG FileSystemAccess     - Writing to: C:\Users\Admin\Desktop\Bomberman\system\fxgl.bundle
15:01:10.051 [JavaFX Application Thread] DEBUG Async                - Shutting down background threads
15:01:10.051 [JavaFX Application Thread] DEBUG PrimaryStageWindow   - Closing main window
15:01:10.063 [JavaFX Application Thread] DEBUG Logger               - Closing Logger
