12:41:03.316 [main                     ] DEBUG Logger               - Configured Logger
12:41:03.321 [main                     ] DEBUG GameApplication      - Logging settings
Title: BOMBERMAN
Version: 1.0
Width: 1280
Height: 720
Fullscreen: true
Intro: false
Profiling: false
Single step:false
App Mode: DEVELOPER
Menu Key: ESCAPE
Stage Style: DECORATED
Scene Factory: class com.almasb.fxgl.app.scene.SceneFactory

12:41:03.833 [JavaFX Application Thread] DEBUG FXGLApplication      - Initializing FXGL
12:41:03.835 [JavaFX Application Thread] INFO  Engine               - FXGL-11.17 (16.07.2021 15.46) on WINDOWS (J:11.0.16.1 FX:16)
12:41:03.836 [JavaFX Application Thread] DEBUG Engine               - JRE Vendor Name: Oracle Corporation
12:41:03.836 [JavaFX Application Thread] DEBUG Engine               - Running on OS: Windows 11 version 10.0
12:41:03.836 [JavaFX Application Thread] DEBUG Engine               - Architecture: amd64
12:41:03.837 [JavaFX Application Thread] INFO  Engine               - Source code and latest versions at: https://github.com/AlmasB/FXGL
12:41:03.837 [JavaFX Application Thread] INFO  Engine               -              Join the FXGL chat at: https://gitter.im/AlmasB/FXGL
12:41:04.010 [JavaFX Application Thread] DEBUG PrimaryStageWindow   - Creating a JavaFX scene
12:41:04.094 [JavaFX Application Thread] DEBUG PrimaryStageWindow   - Target settings size: 1280.0 x 720.0
12:41:04.095 [JavaFX Application Thread] DEBUG PrimaryStageWindow   - Scaled scene size:    1280.0 x 720.0
12:41:04.095 [JavaFX Application Thread] DEBUG PrimaryStageWindow   - Scaled ratio: (1.0, 1.0)
12:41:04.096 [JavaFX Application Thread] DEBUG PrimaryStageWindow   - Set initial scene to FXGLStartupScene
12:41:04.109 [JavaFX Application Thread] DEBUG PrimaryStageWindow   - Opening main window
12:41:04.240 [JavaFX Application Thread] DEBUG PrimaryStageWindow   - Window border size: (13.0, 35.5)
12:41:04.240 [JavaFX Application Thread] DEBUG PrimaryStageWindow   - Scaled size: 1280.0 x 720.0
12:41:04.240 [JavaFX Application Thread] DEBUG PrimaryStageWindow   - Scaled ratio: (1.0, 1.0)
12:41:04.241 [JavaFX Application Thread] DEBUG PrimaryStageWindow   - Scene size: 1280.0 x 720.0
12:41:04.241 [JavaFX Application Thread] DEBUG PrimaryStageWindow   - Stage size: 1293.0 x 755.5
12:41:04.252 [FXGL Background Thread 1 ] DEBUG Engine               - Initializing environment variables
12:41:04.348 [FXGL Background Thread 1 ] DEBUG FXGLAssetLoaderServi - User app class for loading assets: class Bomberman.BombermanGame
12:41:04.349 [FXGL Background Thread 1 ] DEBUG GameApplicationServi - Applying CSS: fxgl_dark.css
12:41:04.350 [FXGL Background Thread 1 ] DEBUG FXGLAssetLoaderServi - Loading from file system: jar:file:/C:/Users/Admin/.m2/repository/com/github/almasb/fxgl/11.17/fxgl-11.17.jar!/fxglassets/ui/css/fxgl_dark.css
12:41:04.410 [FXGL Background Thread 1 ] DEBUG GameApplicationServi - Initializing application scenes
12:41:04.470 [FXGL Background Thread 1 ] DEBUG GameWorld            - Game world initialized
12:41:04.558 [FXGL Background Thread 1 ] DEBUG PhysicsWorld         - Physics world initialized: appHeight=720, physics.ppm=50.0
12:41:04.558 [FXGL Background Thread 1 ] DEBUG PhysicsWorld         - Using strategy: BRUTE_FORCE
12:41:04.562 [FXGL Background Thread 1 ] DEBUG GameScene            - Game scene initialized: 1280x720
12:41:04.579 [FXGL Background Thread 1 ] DEBUG FXGL.DefaultMenu     - createMenuBodyGameMenu()
12:41:04.605 [FXGL Background Thread 1 ] DEBUG FXGL.DefaultMenu     - createOptionsMenu()
12:41:04.620 [FXGL Background Thread 1 ] DEBUG FXGLAssetLoaderServi - Loading from file system: jar:file:/C:/Users/Admin/.m2/repository/com/github/almasb/fxgl/11.17/fxgl-11.17.jar!/fxglassets/textures/particles/smoke.png
12:41:04.730 [FXGL Background Thread 1 ] DEBUG FXGLAssetLoaderServi - Loading from file system: jar:file:/C:/Users/Admin/.m2/repository/com/github/almasb/fxgl/11.17/fxgl-11.17.jar!/fxglassets/textures/particles/trace_horizontal.png
12:41:04.766 [FXGL Background Thread 1 ] DEBUG GameApplicationServi - Application scenes initialized
12:41:04.782 [FXGL Background Thread 1 ] DEBUG SystemBundleService  - Loading FXGL system data
12:41:04.787 [FXGL Background Thread 1 ] DEBUG FileSystemAccess     - Reading from: C:\Users\Admin\Desktop\Bomberman\system\fxgl.bundle
12:41:04.796 [FXGL Background Thread 1 ] DEBUG SystemBundleService  - Bundle FXGL: {}
12:41:04.796 [FXGL Background Thread 1 ] DEBUG UpdaterService       - Checking for updates
12:41:04.800 [FXGL Background Thread 4 ] DEBUG FXGLApplication      - Loading fonts
12:41:04.801 [FXGL Background Thread 1 ] DEBUG FXGLApplication      - Loading default localization
12:41:04.801 [FXGL Background Thread 4 ] DEBUG FXGLAssetLoaderServi - Loading from file system: jar:file:/C:/Users/Admin/.m2/repository/com/github/almasb/fxgl/11.17/fxgl-11.17.jar!/fxglassets/ui/fonts/VarelaRound-Regular.ttf
12:41:04.802 [FXGL Background Thread 1 ] DEBUG FXGLAssetLoaderServi - Loading from file system: jar:file:/C:/Users/Admin/.m2/repository/com/github/almasb/fxgl/11.17/fxgl-11.17.jar!/fxglassets/languages/english.lang
12:41:04.832 [FXGL Background Thread 1 ] INFO  FXGLApplication      - FXGL initialization took: 0.581 sec
12:41:04.852 [JavaFX Application Thread] DEBUG Input                - Registered new binding: Move Left - A
12:41:04.852 [JavaFX Application Thread] DEBUG Input                - Registered new binding: Move Right - D
12:41:04.852 [JavaFX Application Thread] DEBUG Input                - Registered new binding: Move Up - W
12:41:04.853 [JavaFX Application Thread] DEBUG Input                - Registered new binding: Move Down - S
12:41:04.853 [JavaFX Application Thread] DEBUG Input                - Registered new binding: Place Bomb - Space
12:41:04.853 [JavaFX Application Thread] DEBUG Input                - Registered new binding: Switch to classic bomb - 1
12:41:04.853 [JavaFX Application Thread] DEBUG Input                - Registered new binding: Switch to lazer bomb - 2
12:41:04.854 [JavaFX Application Thread] DEBUG Input                - Registered new binding: Switch to light bomb - 3
12:41:04.854 [JavaFX Application Thread] DEBUG FXGLAssetLoaderServi - Loading from file system: jar:file:/C:/Users/Admin/.m2/repository/com/github/almasb/fxgl/11.17/fxgl-11.17.jar!/fxglassets/textures/fxgl_icon.png
12:41:04.888 [JavaFX Application Thread] DEBUG FXGLAssetLoaderServi - Loading from file system: jar:file:/C:/Users/Admin/.m2/repository/com/github/almasb/fxgl/11.17/fxgl-11.17.jar!/fxglassets/textures/fxgl_default_cursor.png
12:41:04.903 [JavaFX Application Thread] DEBUG Input                - Registered new binding: Screenshot - CTRL+8
12:41:04.904 [JavaFX Application Thread] DEBUG Input                - Registered new binding: System info dump - CTRL+9
12:41:04.905 [JavaFX Application Thread] DEBUG Input                - Registered new binding: Restart - CTRL+R
12:41:04.905 [JavaFX Application Thread] DEBUG Input                - Registered new binding: Toggle Debug Camera - CTRL+C
12:41:04.963 [JavaFX Application Thread] DEBUG LoopRunner           - Starting loop
12:41:04.963 [JavaFX Application Thread] DEBUG LoopRunner           - Initializing JavaFX AnimationTimerLoop
12:41:04.969 [JavaFX Application Thread] DEBUG GameApplicationServi - Starting new game
12:41:04.969 [JavaFX Application Thread] DEBUG Input                - Clearing active input actions
12:41:05.045 [JavaFX Application Thread] DEBUG GameApplicationServi - Removing overlay from FXGLStartupScene and adding to FXGLLoadingScene
12:41:05.045 [JavaFX Application Thread] DEBUG PrimaryStageWindow   - FXGLStartupScene -> FXGLLoadingScene
12:41:05.045 [JavaFX Application Thread] DEBUG GameApplicationServi - Clearing previous game
12:41:05.046 [JavaFX Application Thread] DEBUG GameScene            - Clearing game scene
12:41:05.046 [JavaFX Application Thread] DEBUG GameWorld            - Clearing game world
12:41:05.046 [JavaFX Application Thread] DEBUG PhysicsWorld         - Clearing physics world
12:41:05.048 [FXGL Background Thread 1 ] DEBUG FXGLApplication      - Initializing game
12:41:05.076 [FXGL Background Thread 1 ] DEBUG FXGLAssetLoaderServi - Loading from file system: file:/C:/Users/Admin/Desktop/Bomberman/target/classes/assets/textures/wall.png
12:41:05.166 [FXGL Background Thread 1 ] DEBUG FXGLAssetLoaderServi - Loading from file system: file:/C:/Users/Admin/Desktop/Bomberman/target/classes/assets/textures/player_die.png
12:41:05.170 [FXGL Background Thread 1 ] DEBUG FXGLAssetLoaderServi - Loading from file system: file:/C:/Users/Admin/Desktop/Bomberman/target/classes/assets/textures/player_down.png
12:41:05.172 [FXGL Background Thread 1 ] DEBUG FXGLAssetLoaderServi - Loading from file system: file:/C:/Users/Admin/Desktop/Bomberman/target/classes/assets/textures/player_right.png
12:41:05.173 [FXGL Background Thread 1 ] DEBUG FXGLAssetLoaderServi - Loading from file system: file:/C:/Users/Admin/Desktop/Bomberman/target/classes/assets/textures/player_up.png
12:41:05.175 [FXGL Background Thread 1 ] DEBUG FXGLAssetLoaderServi - Loading from file system: file:/C:/Users/Admin/Desktop/Bomberman/target/classes/assets/textures/player_left.png
12:41:05.189 [FXGL Background Thread 1 ] DEBUG FXGLAssetLoaderServi - Loading from file system: file:/C:/Users/Admin/Desktop/Bomberman/target/classes/assets/textures/brick.png
12:41:05.192 [FXGL Background Thread 1 ] DEBUG FXGLAssetLoaderServi - Loading from file system: file:/C:/Users/Admin/Desktop/Bomberman/target/classes/assets/textures/brick_break.png
12:41:05.203 [FXGL Background Thread 1 ] DEBUG FXGLAssetLoaderServi - Loading from file system: file:/C:/Users/Admin/Desktop/Bomberman/target/classes/assets/textures/enemy1.png
12:41:05.223 [FXGL Background Thread 1 ] DEBUG FXGLAssetLoaderServi - Loading from file system: file:/C:/Users/Admin/Desktop/Bomberman/target/classes/assets/textures/enemy2.png
12:41:05.290 [FXGL Background Thread 1 ] DEBUG FXGLAssetLoaderServi - Loading from file system: file:/C:/Users/Admin/Desktop/Bomberman/target/classes/assets/textures/portal.png
12:41:05.345 [FXGL Background Thread 1 ] DEBUG FXGLAssetLoaderServi - Loading from file system: file:/C:/Users/Admin/Desktop/Bomberman/target/classes/assets/textures/powerup_flames.png
12:41:05.454 [FXGL Background Thread 1 ] DEBUG FXGLAssetLoaderServi - Loading from file system: file:/C:/Users/Admin/Desktop/Bomberman/target/classes/assets/textures/enemy4.png
12:41:05.472 [FXGL Background Thread 1 ] DEBUG FXGLAssetLoaderServi - Loading from file system: file:/C:/Users/Admin/Desktop/Bomberman/target/classes/assets/textures/enemy3.png
12:41:05.501 [FXGL Background Thread 1 ] INFO  FXGLApplication      - Game initialization took: 0.452 sec
12:41:05.502 [JavaFX Application Thread] DEBUG Input                - Clearing active input actions
12:41:05.529 [JavaFX Application Thread] DEBUG GameApplicationServi - Removing overlay from FXGLLoadingScene and adding to GameScene
12:41:05.530 [JavaFX Application Thread] DEBUG PrimaryStageWindow   - FXGLLoadingScene -> GameScene
12:41:05.575 [FXGL Background Thread 4 ] DEBUG FXGLAssetLoaderServi - Loading from file system: jar:file:/C:/Users/Admin/.m2/repository/com/github/almasb/fxgl/11.17/fxgl-11.17.jar!/fxglassets/ui/fonts/Abel-Regular.ttf
12:41:05.581 [FXGL Background Thread 4 ] DEBUG FXGLAssetLoaderServi - Loading from file system: jar:file:/C:/Users/Admin/.m2/repository/com/github/almasb/fxgl/11.17/fxgl-11.17.jar!/fxglassets/ui/fonts/lucida_console.ttf
12:41:05.590 [FXGL Background Thread 4 ] DEBUG FXGLAssetLoaderServi - Loading from file system: jar:file:/C:/Users/Admin/.m2/repository/com/github/almasb/fxgl/11.17/fxgl-11.17.jar!/fxglassets/ui/fonts/Courier-Prime.ttf
12:41:05.610 [JavaFX Application Thread] DEBUG FXGLApplication      - Registering font factories with UI factory
12:41:06.179 [FXGL Background Thread 2 ] INFO  UpdaterService       - Your current version:  11.17
12:41:06.180 [FXGL Background Thread 2 ] INFO  UpdaterService       - Latest stable version: 17.2
12:41:06.920 [JavaFX Application Thread] DEBUG FXGLApplication      - Exiting FXGL
12:41:06.920 [JavaFX Application Thread] DEBUG LoopRunner           - Stopping loop
12:41:06.920 [JavaFX Application Thread] DEBUG SystemBundleService  - Saving FXGL system data
12:41:06.922 [JavaFX Application Thread] DEBUG FileSystemAccess     - Writing to: C:\Users\Admin\Desktop\Bomberman\system\fxgl.bundle
12:41:06.924 [JavaFX Application Thread] DEBUG Async                - Shutting down background threads
12:41:06.924 [JavaFX Application Thread] DEBUG PrimaryStageWindow   - Closing main window
12:41:06.960 [JavaFX Application Thread] DEBUG Logger               - Closing Logger
