10:50:18.675 [main                     ] DEBUG Logger               - Configured Logger
10:50:18.679 [main                     ] DEBUG GameApplication      - Logging settings
Title: BOMBERMAN
Version: 1.0
Width: 1488
Height: 624
Fullscreen: true
Intro: false
Profiling: false
Single step:false
App Mode: DEVELOPER
Menu Key: ESCAPE
Stage Style: DECORATED
Scene Factory: class com.almasb.fxgl.app.scene.SceneFactory

10:50:19.106 [JavaFX Application Thread] DEBUG FXGLApplication      - Initializing FXGL
10:50:19.108 [JavaFX Application Thread] INFO  Engine               - FXGL-11.17 (16.07.2021 15.46) on WINDOWS (J:11.0.16.1 FX:16)
10:50:19.109 [JavaFX Application Thread] DEBUG Engine               - JRE Vendor Name: Oracle Corporation
10:50:19.109 [JavaFX Application Thread] DEBUG Engine               - Running on OS: Windows 11 version 10.0
10:50:19.109 [JavaFX Application Thread] DEBUG Engine               - Architecture: amd64
10:50:19.109 [JavaFX Application Thread] INFO  Engine               - Source code and latest versions at: https://github.com/AlmasB/FXGL
10:50:19.110 [JavaFX Application Thread] INFO  Engine               -              Join the FXGL chat at: https://gitter.im/AlmasB/FXGL
10:50:19.234 [JavaFX Application Thread] DEBUG PrimaryStageWindow   - Creating a JavaFX scene
10:50:19.234 [JavaFX Application Thread] DEBUG PrimaryStageWindow   - Target size > screen size
10:50:19.295 [JavaFX Application Thread] DEBUG PrimaryStageWindow   - Target settings size: 1488.0 x 624.0
10:50:19.295 [JavaFX Application Thread] DEBUG PrimaryStageWindow   - Scaled scene size:    1415.0 x 603.0
10:50:19.295 [JavaFX Application Thread] DEBUG PrimaryStageWindow   - Scaled ratio: (0.9509408602150538, 0.9663461538461539)
10:50:19.296 [JavaFX Application Thread] DEBUG PrimaryStageWindow   - Set initial scene to FXGLStartupScene
10:50:19.307 [JavaFX Application Thread] DEBUG PrimaryStageWindow   - Opening main window
10:50:19.423 [JavaFX Application Thread] DEBUG PrimaryStageWindow   - Window border size: (13.0, 35.5)
10:50:19.423 [JavaFX Application Thread] DEBUG PrimaryStageWindow   - Scaled size: 1415.0 x 603.0
10:50:19.423 [JavaFX Application Thread] DEBUG PrimaryStageWindow   - Scaled ratio: (0.9509408602150538, 0.9663461538461539)
10:50:19.424 [JavaFX Application Thread] DEBUG PrimaryStageWindow   - Scene size: 1415.0 x 603.0
10:50:19.424 [JavaFX Application Thread] DEBUG PrimaryStageWindow   - Stage size: 1428.0 x 638.5
10:50:19.434 [FXGL Background Thread 1 ] DEBUG Engine               - Initializing environment variables
10:50:19.521 [FXGL Background Thread 1 ] DEBUG FXGLAssetLoaderServi - User app class for loading assets: class Bomberman.BombermanGame
10:50:19.521 [FXGL Background Thread 1 ] DEBUG GameApplicationServi - Applying CSS: fxgl_dark.css
10:50:19.522 [FXGL Background Thread 1 ] DEBUG FXGLAssetLoaderServi - Loading from file system: jar:file:/C:/Users/Admin/.m2/repository/com/github/almasb/fxgl/11.17/fxgl-11.17.jar!/fxglassets/ui/css/fxgl_dark.css
10:50:19.578 [FXGL Background Thread 1 ] DEBUG GameApplicationServi - Initializing application scenes
10:50:19.628 [FXGL Background Thread 1 ] DEBUG GameWorld            - Game world initialized
10:50:19.692 [FXGL Background Thread 1 ] DEBUG PhysicsWorld         - Physics world initialized: appHeight=624, physics.ppm=50.0
10:50:19.693 [FXGL Background Thread 1 ] DEBUG PhysicsWorld         - Using strategy: BRUTE_FORCE
10:50:19.695 [FXGL Background Thread 1 ] DEBUG GameScene            - Game scene initialized: 1488x624
10:50:19.708 [FXGL Background Thread 1 ] DEBUG FXGL.DefaultMenu     - createMenuBodyGameMenu()
10:50:19.738 [FXGL Background Thread 1 ] DEBUG FXGL.DefaultMenu     - createOptionsMenu()
10:50:19.753 [FXGL Background Thread 1 ] DEBUG FXGLAssetLoaderServi - Loading from file system: jar:file:/C:/Users/Admin/.m2/repository/com/github/almasb/fxgl/11.17/fxgl-11.17.jar!/fxglassets/textures/particles/smoke.png
10:50:19.884 [FXGL Background Thread 1 ] DEBUG FXGLAssetLoaderServi - Loading from file system: jar:file:/C:/Users/Admin/.m2/repository/com/github/almasb/fxgl/11.17/fxgl-11.17.jar!/fxglassets/textures/particles/trace_horizontal.png
10:50:19.919 [FXGL Background Thread 1 ] DEBUG GameApplicationServi - Application scenes initialized
10:50:19.935 [FXGL Background Thread 1 ] DEBUG SystemBundleService  - Loading FXGL system data
10:50:19.940 [FXGL Background Thread 1 ] DEBUG FileSystemAccess     - Reading from: C:\Users\Admin\Desktop\Bomberman\system\fxgl.bundle
10:50:19.948 [FXGL Background Thread 1 ] DEBUG SystemBundleService  - Bundle FXGL: {}
10:50:19.948 [FXGL Background Thread 1 ] DEBUG UpdaterService       - Checking for updates
10:50:19.952 [FXGL Background Thread 4 ] DEBUG FXGLApplication      - Loading fonts
10:50:19.953 [FXGL Background Thread 1 ] DEBUG FXGLApplication      - Loading default localization
10:50:19.953 [FXGL Background Thread 4 ] DEBUG FXGLAssetLoaderServi - Loading from file system: jar:file:/C:/Users/Admin/.m2/repository/com/github/almasb/fxgl/11.17/fxgl-11.17.jar!/fxglassets/ui/fonts/VarelaRound-Regular.ttf
10:50:19.954 [FXGL Background Thread 1 ] DEBUG FXGLAssetLoaderServi - Loading from file system: jar:file:/C:/Users/Admin/.m2/repository/com/github/almasb/fxgl/11.17/fxgl-11.17.jar!/fxglassets/languages/english.lang
10:50:19.970 [FXGL Background Thread 1 ] INFO  FXGLApplication      - FXGL initialization took: 0.537 sec
10:50:19.990 [JavaFX Application Thread] DEBUG Input                - Registered new binding: Move Left - A
10:50:19.990 [JavaFX Application Thread] DEBUG Input                - Registered new binding: Move Right - D
10:50:19.990 [JavaFX Application Thread] DEBUG Input                - Registered new binding: Move Up - W
10:50:19.990 [JavaFX Application Thread] DEBUG Input                - Registered new binding: Move Down - S
10:50:19.990 [JavaFX Application Thread] DEBUG Input                - Registered new binding: Place Bomb - Space
10:50:19.991 [JavaFX Application Thread] DEBUG Input                - Registered new binding: Switch to classic bomb - 1
10:50:19.991 [JavaFX Application Thread] DEBUG Input                - Registered new binding: Switch to lazer bomb - 2
10:50:19.992 [JavaFX Application Thread] DEBUG FXGLAssetLoaderServi - Loading from file system: jar:file:/C:/Users/Admin/.m2/repository/com/github/almasb/fxgl/11.17/fxgl-11.17.jar!/fxglassets/textures/fxgl_icon.png
10:50:20.018 [JavaFX Application Thread] DEBUG FXGLAssetLoaderServi - Loading from file system: jar:file:/C:/Users/Admin/.m2/repository/com/github/almasb/fxgl/11.17/fxgl-11.17.jar!/fxglassets/textures/fxgl_default_cursor.png
10:50:20.021 [JavaFX Application Thread] DEBUG Input                - Registered new binding: Screenshot - CTRL+8
10:50:20.022 [JavaFX Application Thread] DEBUG Input                - Registered new binding: System info dump - CTRL+9
10:50:20.022 [JavaFX Application Thread] DEBUG Input                - Registered new binding: Restart - CTRL+R
10:50:20.023 [JavaFX Application Thread] DEBUG Input                - Registered new binding: Toggle Debug Camera - CTRL+C
10:50:20.025 [JavaFX Application Thread] DEBUG LoopRunner           - Starting loop
10:50:20.025 [JavaFX Application Thread] DEBUG LoopRunner           - Initializing JavaFX AnimationTimerLoop
10:50:20.027 [JavaFX Application Thread] DEBUG GameApplicationServi - Starting new game
10:50:20.027 [JavaFX Application Thread] DEBUG Input                - Clearing active input actions
10:50:20.053 [JavaFX Application Thread] DEBUG GameApplicationServi - Removing overlay from FXGLStartupScene and adding to FXGLLoadingScene
10:50:20.054 [JavaFX Application Thread] DEBUG PrimaryStageWindow   - FXGLStartupScene -> FXGLLoadingScene
10:50:20.054 [JavaFX Application Thread] DEBUG GameApplicationServi - Clearing previous game
10:50:20.054 [JavaFX Application Thread] DEBUG GameScene            - Clearing game scene
10:50:20.055 [JavaFX Application Thread] DEBUG GameWorld            - Clearing game world
10:50:20.055 [JavaFX Application Thread] DEBUG PhysicsWorld         - Clearing physics world
10:50:20.056 [FXGL Background Thread 1 ] DEBUG FXGLApplication      - Initializing game
10:50:20.078 [FXGL Background Thread 1 ] DEBUG FXGLAssetLoaderServi - Loading from file system: file:/C:/Users/Admin/Desktop/Bomberman/target/classes/assets/textures/wall.png
10:50:20.166 [FXGL Background Thread 1 ] DEBUG FXGLAssetLoaderServi - Loading from file system: file:/C:/Users/Admin/Desktop/Bomberman/target/classes/assets/textures/player_die.png
10:50:20.171 [FXGL Background Thread 1 ] DEBUG FXGLAssetLoaderServi - Loading from file system: file:/C:/Users/Admin/Desktop/Bomberman/target/classes/assets/textures/player_down.png
10:50:20.173 [FXGL Background Thread 1 ] DEBUG FXGLAssetLoaderServi - Loading from file system: file:/C:/Users/Admin/Desktop/Bomberman/target/classes/assets/textures/player_right.png
10:50:20.175 [FXGL Background Thread 1 ] DEBUG FXGLAssetLoaderServi - Loading from file system: file:/C:/Users/Admin/Desktop/Bomberman/target/classes/assets/textures/player_up.png
10:50:20.177 [FXGL Background Thread 1 ] DEBUG FXGLAssetLoaderServi - Loading from file system: file:/C:/Users/Admin/Desktop/Bomberman/target/classes/assets/textures/player_left.png
10:50:20.191 [FXGL Background Thread 1 ] DEBUG FXGLAssetLoaderServi - Loading from file system: file:/C:/Users/Admin/Desktop/Bomberman/target/classes/assets/textures/brick.png
10:50:20.193 [FXGL Background Thread 1 ] DEBUG FXGLAssetLoaderServi - Loading from file system: file:/C:/Users/Admin/Desktop/Bomberman/target/classes/assets/textures/brick_break.png
10:50:20.204 [FXGL Background Thread 1 ] DEBUG FXGLAssetLoaderServi - Loading from file system: file:/C:/Users/Admin/Desktop/Bomberman/target/classes/assets/textures/enemy1.png
10:50:20.269 [FXGL Background Thread 1 ] DEBUG FXGLAssetLoaderServi - Loading from file system: file:/C:/Users/Admin/Desktop/Bomberman/target/classes/assets/textures/portal.png
10:50:20.344 [FXGL Background Thread 1 ] DEBUG FXGLAssetLoaderServi - Loading from file system: file:/C:/Users/Admin/Desktop/Bomberman/target/classes/assets/textures/powerup_flames.png
10:50:20.494 [FXGL Background Thread 1 ] INFO  FXGLApplication      - Game initialization took: 0.437 sec
10:50:20.495 [JavaFX Application Thread] DEBUG Input                - Clearing active input actions
10:50:20.530 [JavaFX Application Thread] DEBUG GameApplicationServi - Removing overlay from FXGLLoadingScene and adding to GameScene
10:50:20.530 [JavaFX Application Thread] DEBUG PrimaryStageWindow   - FXGLLoadingScene -> GameScene
10:50:20.619 [FXGL Background Thread 4 ] DEBUG FXGLAssetLoaderServi - Loading from file system: jar:file:/C:/Users/Admin/.m2/repository/com/github/almasb/fxgl/11.17/fxgl-11.17.jar!/fxglassets/ui/fonts/Abel-Regular.ttf
10:50:20.628 [FXGL Background Thread 4 ] DEBUG FXGLAssetLoaderServi - Loading from file system: jar:file:/C:/Users/Admin/.m2/repository/com/github/almasb/fxgl/11.17/fxgl-11.17.jar!/fxglassets/ui/fonts/lucida_console.ttf
10:50:20.639 [FXGL Background Thread 4 ] DEBUG FXGLAssetLoaderServi - Loading from file system: jar:file:/C:/Users/Admin/.m2/repository/com/github/almasb/fxgl/11.17/fxgl-11.17.jar!/fxglassets/ui/fonts/Courier-Prime.ttf
10:50:20.656 [JavaFX Application Thread] DEBUG FXGLApplication      - Registering font factories with UI factory
10:50:21.113 [FXGL Background Thread 2 ] INFO  UpdaterService       - Your current version:  11.17
10:50:21.114 [FXGL Background Thread 2 ] INFO  UpdaterService       - Latest stable version: 17.2
10:50:21.899 [JavaFX Application Thread] DEBUG FXGLAssetLoaderServi - Loading from file system: file:/C:/Users/Admin/Desktop/Bomberman/target/classes/assets/sounds/place_bomb.wav
10:50:21.959 [JavaFX Application Thread] DEBUG FXGLAssetLoaderServi - Loading from file system: file:/C:/Users/Admin/Desktop/Bomberman/target/classes/assets/textures/bomb.png
10:50:22.953 [FXGL Background Thread 3 ] DEBUG Engine               - Logging environment variables
10:50:22.953 [FXGL Background Thread 3 ] DEBUG Engine               - achievements: []
10:50:22.953 [FXGL Background Thread 3 ] DEBUG Engine               - actualHeight: 603.0
10:50:22.953 [FXGL Background Thread 3 ] DEBUG Engine               - actualHeightProperty: ReadOnlyDoubleProperty [value: 603.0]
10:50:22.953 [FXGL Background Thread 3 ] DEBUG Engine               - actualWidth: 1415.0
10:50:22.953 [FXGL Background Thread 3 ] DEBUG Engine               - actualWidthProperty: ReadOnlyDoubleProperty [value: 1415.0]
10:50:22.953 [FXGL Background Thread 3 ] DEBUG Engine               - appIcon: fxgl_icon.png
10:50:22.953 [FXGL Background Thread 3 ] DEBUG Engine               - applicationMode: DEVELOPER
10:50:22.954 [FXGL Background Thread 3 ] DEBUG Engine               - cSSList: [fxgl_dark.css]
10:50:22.954 [FXGL Background Thread 3 ] DEBUG Engine               - collisionDetectionStrategy: BRUTE_FORCE
10:50:22.954 [FXGL Background Thread 3 ] DEBUG Engine               - configClass: Optional.empty
10:50:22.954 [FXGL Background Thread 3 ] DEBUG Engine               - credits: []
10:50:22.954 [FXGL Background Thread 3 ] DEBUG Engine               - defaultCursor: CursorInfo(imageName=fxgl_default_cursor.png, hotspotX=7.0, hotspotY=6.0)
10:50:22.954 [FXGL Background Thread 3 ] DEBUG Engine               - devBBoxColorProperty: ObjectProperty [value: 0xff0000ff]
10:50:22.954 [FXGL Background Thread 3 ] DEBUG Engine               - devEnableDebugCameraProperty: BooleanProperty [value: false]
10:50:22.954 [FXGL Background Thread 3 ] DEBUG Engine               - devSensorColorProperty: ObjectProperty [value: 0xffff00ff]
10:50:22.954 [FXGL Background Thread 3 ] DEBUG Engine               - devShowBBoxProperty: BooleanProperty [value: false]
10:50:22.954 [FXGL Background Thread 3 ] DEBUG Engine               - devShowPositionProperty: BooleanProperty [value: false]
10:50:22.954 [FXGL Background Thread 3 ] DEBUG Engine               - enabledMenuItems: []
10:50:22.954 [FXGL Background Thread 3 ] DEBUG Engine               - engineServices: [class com.almasb.fxgl.app.services.FXGLAssetLoaderService, class com.almasb.fxgl.app.FXGLApplication$GameApplicationService, class com.almasb.fxgl.app.services.FXGLDialogService, class com.almasb.fxgl.app.services.IOTaskExecutorService, class com.almasb.fxgl.io.FileSystemService, class com.almasb.fxgl.localization.LocalizationService, class com.almasb.fxgl.app.services.SystemBundleService, class com.almasb.fxgl.profile.SaveLoadService, class com.almasb.fxgl.ui.FXGLUIFactoryServiceProvider, class com.almasb.fxgl.ui.FXGLDialogFactoryServiceProvider, class com.almasb.fxgl.audio.AudioPlayer, class com.almasb.fxgl.notification.impl.NotificationServiceProvider, class com.almasb.fxgl.achievement.AchievementService, class com.almasb.fxgl.cutscene.CutsceneService, class com.almasb.fxgl.minigames.MiniGameService, class com.almasb.fxgl.net.NetService, class com.almasb.fxgl.app.services.UpdaterService, class com.almasb.fxgl.dev.DevService]
10:50:22.954 [FXGL Background Thread 3 ] DEBUG Engine               - fontGame: Abel-Regular.ttf
10:50:22.954 [FXGL Background Thread 3 ] DEBUG Engine               - fontMono: lucida_console.ttf
10:50:22.954 [FXGL Background Thread 3 ] DEBUG Engine               - fontText: Courier-Prime.ttf
10:50:22.954 [FXGL Background Thread 3 ] DEBUG Engine               - fontUI: VarelaRound-Regular.ttf
10:50:22.954 [FXGL Background Thread 3 ] DEBUG Engine               - fullScreen: BooleanProperty [value: false]
10:50:22.954 [FXGL Background Thread 3 ] DEBUG Engine               - gameDifficulty: MEDIUM
10:50:22.954 [FXGL Background Thread 3 ] DEBUG Engine               - gameDifficultyProperty: ObjectProperty [value: MEDIUM]
10:50:22.954 [FXGL Background Thread 3 ] DEBUG Engine               - globalMusicVolume: 0.5
10:50:22.954 [FXGL Background Thread 3 ] DEBUG Engine               - globalMusicVolumeProperty: DoubleProperty [value: 0.5]
10:50:22.954 [FXGL Background Thread 3 ] DEBUG Engine               - globalSoundVolume: 0.5
10:50:22.955 [FXGL Background Thread 3 ] DEBUG Engine               - globalSoundVolumeProperty: DoubleProperty [value: 0.5]
10:50:22.955 [FXGL Background Thread 3 ] DEBUG Engine               - height: 624
10:50:22.955 [FXGL Background Thread 3 ] DEBUG Engine               - is3D: false
10:50:22.955 [FXGL Background Thread 3 ] DEBUG Engine               - isAndroid: false
10:50:22.955 [FXGL Background Thread 3 ] DEBUG Engine               - isBrowser: false
10:50:22.955 [FXGL Background Thread 3 ] DEBUG Engine               - isClickFeedbackEnabled: false
10:50:22.955 [FXGL Background Thread 3 ] DEBUG Engine               - isCloseConfirmation: false
10:50:22.955 [FXGL Background Thread 3 ] DEBUG Engine               - isDesktop: true
10:50:22.955 [FXGL Background Thread 3 ] DEBUG Engine               - isDeveloperMenuEnabled: false
10:50:22.955 [FXGL Background Thread 3 ] DEBUG Engine               - isEntityPreloadEnabled: true
10:50:22.955 [FXGL Background Thread 3 ] DEBUG Engine               - isExperimentalTiledLargeMap: false
10:50:22.955 [FXGL Background Thread 3 ] DEBUG Engine               - isFileSystemWriteAllowed: true
10:50:22.955 [FXGL Background Thread 3 ] DEBUG Engine               - isFullScreenAllowed: true
10:50:22.955 [FXGL Background Thread 3 ] DEBUG Engine               - isFullScreenFromStart: false
10:50:22.955 [FXGL Background Thread 3 ] DEBUG Engine               - isGameMenuEnabled: true
10:50:22.955 [FXGL Background Thread 3 ] DEBUG Engine               - isIOS: false
10:50:22.955 [FXGL Background Thread 3 ] DEBUG Engine               - isIntroEnabled: false
10:50:22.955 [FXGL Background Thread 3 ] DEBUG Engine               - isLinux: false
10:50:22.955 [FXGL Background Thread 3 ] DEBUG Engine               - isMac: false
10:50:22.955 [FXGL Background Thread 3 ] DEBUG Engine               - isMainMenuEnabled: false
10:50:22.955 [FXGL Background Thread 3 ] DEBUG Engine               - isManualResizeEnabled: false
10:50:22.955 [FXGL Background Thread 3 ] DEBUG Engine               - isMobile: false
10:50:22.956 [FXGL Background Thread 3 ] DEBUG Engine               - isNative: false
10:50:22.956 [FXGL Background Thread 3 ] DEBUG Engine               - isPauseMusicWhenMinimized: true
10:50:22.956 [FXGL Background Thread 3 ] DEBUG Engine               - isPreserveResizeRatio: false
10:50:22.956 [FXGL Background Thread 3 ] DEBUG Engine               - isProfilingEnabled: false
10:50:22.956 [FXGL Background Thread 3 ] DEBUG Engine               - isScaleAffectedOnResize: true
10:50:22.956 [FXGL Background Thread 3 ] DEBUG Engine               - isSingleStep: false
10:50:22.956 [FXGL Background Thread 3 ] DEBUG Engine               - isUserProfileEnabled: false
10:50:22.956 [FXGL Background Thread 3 ] DEBUG Engine               - isWindows: true
10:50:22.956 [FXGL Background Thread 3 ] DEBUG Engine               - language: ObjectProperty [value: ENGLISH]
10:50:22.956 [FXGL Background Thread 3 ] DEBUG Engine               - menuKey: ESCAPE
10:50:22.956 [FXGL Background Thread 3 ] DEBUG Engine               - mouseSensitivity: 0.2
10:50:22.956 [FXGL Background Thread 3 ] DEBUG Engine               - notificationViewClass: class com.almasb.fxgl.notification.view.XboxNotificationView
10:50:22.956 [FXGL Background Thread 3 ] DEBUG Engine               - pixelsPerMeter: 50.0
10:50:22.956 [FXGL Background Thread 3 ] DEBUG Engine               - platform: WINDOWS
10:50:22.956 [FXGL Background Thread 3 ] DEBUG Engine               - prefHeightProperty: ReadOnlyDoubleProperty [value: 624.0]
10:50:22.956 [FXGL Background Thread 3 ] DEBUG Engine               - prefWidthProperty: ReadOnlyDoubleProperty [value: 1488.0]
10:50:22.956 [FXGL Background Thread 3 ] DEBUG Engine               - profileDir: profiles/
10:50:22.956 [FXGL Background Thread 3 ] DEBUG Engine               - profileName: StringProperty [value: DEFAULT]
10:50:22.956 [FXGL Background Thread 3 ] DEBUG Engine               - randomSeed: -1
10:50:22.956 [FXGL Background Thread 3 ] DEBUG Engine               - runtimeInfo: RuntimeInfo(platform=WINDOWS, version=11.17, build=16.07.2021 15.46)
10:50:22.956 [FXGL Background Thread 3 ] DEBUG Engine               - saveFileExt: sav
10:50:22.956 [FXGL Background Thread 3 ] DEBUG Engine               - scaledHeightProp$fxgl: DoubleProperty [bound, value: 603.0]
10:50:22.956 [FXGL Background Thread 3 ] DEBUG Engine               - scaledWidthProp$fxgl: DoubleProperty [bound, value: 1415.0]
10:50:22.956 [FXGL Background Thread 3 ] DEBUG Engine               - sceneFactory: com.almasb.fxgl.app.scene.SceneFactory@4d7f4da7
10:50:22.956 [FXGL Background Thread 3 ] DEBUG Engine               - secondsIn24h: 60
10:50:22.956 [FXGL Background Thread 3 ] DEBUG Engine               - soundMenuBack: menu/back.wav
10:50:22.956 [FXGL Background Thread 3 ] DEBUG Engine               - soundMenuPress: menu/press.wav
10:50:22.957 [FXGL Background Thread 3 ] DEBUG Engine               - soundMenuSelect: menu/select.wav
10:50:22.957 [FXGL Background Thread 3 ] DEBUG Engine               - soundNotification: core/notification.wav
10:50:22.957 [FXGL Background Thread 3 ] DEBUG Engine               - stageStyle: DECORATED
10:50:22.957 [FXGL Background Thread 3 ] DEBUG Engine               - supportedLanguages: [ENGLISH, FRENCH, GERMAN, HUNGARIAN, RUSSIAN]
10:50:22.957 [FXGL Background Thread 3 ] DEBUG Engine               - ticksPerSecond: -1
10:50:22.957 [FXGL Background Thread 3 ] DEBUG Engine               - title: BOMBERMAN
10:50:22.957 [FXGL Background Thread 3 ] DEBUG Engine               - urlGithub: https://github.com/AlmasB/FXGL
10:50:22.957 [FXGL Background Thread 3 ] DEBUG Engine               - urlLeaderboard: http://fxgl-top.herokuapp.com/
10:50:22.957 [FXGL Background Thread 3 ] DEBUG Engine               - urlPOM: https://raw.githubusercontent.com/AlmasB/FXGL/release/README.md
10:50:22.957 [FXGL Background Thread 3 ] DEBUG Engine               - userAppClass: class Bomberman.BombermanGame
10:50:22.957 [FXGL Background Thread 3 ] DEBUG Engine               - version: 1.0
10:50:22.957 [FXGL Background Thread 3 ] DEBUG Engine               - versionCheckDays: 7
10:50:22.957 [FXGL Background Thread 3 ] DEBUG Engine               - width: 1488
10:50:22.957 [FXGL Background Thread 3 ] DEBUG Engine               - Logging services
10:50:22.957 [FXGL Background Thread 3 ] DEBUG Engine               - class com.almasb.fxgl.app.services.FXGLAssetLoaderService
10:50:22.957 [FXGL Background Thread 3 ] DEBUG Engine               - class com.almasb.fxgl.app.FXGLApplication$GameApplicationService
10:50:22.957 [FXGL Background Thread 3 ] DEBUG Engine               - class com.almasb.fxgl.app.services.FXGLDialogService
10:50:22.957 [FXGL Background Thread 3 ] DEBUG Engine               - class com.almasb.fxgl.app.services.IOTaskExecutorService
10:50:22.957 [FXGL Background Thread 3 ] DEBUG Engine               - class com.almasb.fxgl.io.FileSystemService
10:50:22.957 [FXGL Background Thread 3 ] DEBUG Engine               - class com.almasb.fxgl.localization.LocalizationService
10:50:22.957 [FXGL Background Thread 3 ] DEBUG Engine               - class com.almasb.fxgl.app.services.SystemBundleService
10:50:22.957 [FXGL Background Thread 3 ] DEBUG Engine               - class com.almasb.fxgl.profile.SaveLoadService
10:50:22.957 [FXGL Background Thread 3 ] DEBUG Engine               - class com.almasb.fxgl.ui.FXGLUIFactoryServiceProvider
10:50:22.957 [FXGL Background Thread 3 ] DEBUG Engine               - class com.almasb.fxgl.ui.FXGLDialogFactoryServiceProvider
10:50:22.957 [FXGL Background Thread 3 ] DEBUG Engine               - class com.almasb.fxgl.audio.AudioPlayer
10:50:22.957 [FXGL Background Thread 3 ] DEBUG Engine               - class com.almasb.fxgl.notification.impl.NotificationServiceProvider
10:50:22.957 [FXGL Background Thread 3 ] DEBUG Engine               - class com.almasb.fxgl.achievement.AchievementService
10:50:22.957 [FXGL Background Thread 3 ] DEBUG Engine               - class com.almasb.fxgl.cutscene.CutsceneService
10:50:22.957 [FXGL Background Thread 3 ] DEBUG Engine               - class com.almasb.fxgl.minigames.MiniGameService
10:50:22.957 [FXGL Background Thread 3 ] DEBUG Engine               - class com.almasb.fxgl.net.NetService
10:50:22.957 [FXGL Background Thread 3 ] DEBUG Engine               - class com.almasb.fxgl.app.services.UpdaterService
10:50:22.957 [FXGL Background Thread 3 ] DEBUG Engine               - class com.almasb.fxgl.dev.DevService
10:50:23.539 [JavaFX Application Thread] DEBUG FXGLAssetLoaderServi - Loading from file system: file:/C:/Users/Admin/Desktop/Bomberman/target/classes/assets/sounds/explosion.wav
10:50:23.543 [JavaFX Application Thread] DEBUG FXGLAssetLoaderServi - Loading from file system: file:/C:/Users/Admin/Desktop/Bomberman/target/classes/assets/textures/central_flame.png
10:50:23.544 [JavaFX Application Thread] DEBUG FXGLAssetLoaderServi - Loading from file system: file:/C:/Users/Admin/Desktop/Bomberman/target/classes/assets/textures/top_down_flame.png
10:50:23.545 [JavaFX Application Thread] DEBUG FXGLAssetLoaderServi - Loading from file system: file:/C:/Users/Admin/Desktop/Bomberman/target/classes/assets/textures/top_right_flame.png
10:50:23.545 [JavaFX Application Thread] DEBUG FXGLAssetLoaderServi - Loading from file system: file:/C:/Users/Admin/Desktop/Bomberman/target/classes/assets/textures/top_left_flame.png
10:50:23.546 [JavaFX Application Thread] DEBUG FXGLAssetLoaderServi - Loading from file system: file:/C:/Users/Admin/Desktop/Bomberman/target/classes/assets/textures/right_flame.png
10:50:23.547 [JavaFX Application Thread] DEBUG FXGLAssetLoaderServi - Loading from file system: file:/C:/Users/Admin/Desktop/Bomberman/target/classes/assets/textures/left_flame.png
10:50:23.549 [JavaFX Application Thread] DEBUG FXGLAssetLoaderServi - Loading from file system: file:/C:/Users/Admin/Desktop/Bomberman/target/classes/assets/textures/down_flame.png
10:50:23.551 [JavaFX Application Thread] DEBUG FXGLAssetLoaderServi - Loading from file system: file:/C:/Users/Admin/Desktop/Bomberman/target/classes/assets/textures/up_flame.png
10:50:23.552 [JavaFX Application Thread] DEBUG FXGLAssetLoaderServi - Loading from file system: file:/C:/Users/Admin/Desktop/Bomberman/target/classes/assets/textures/top_up_flame.png
10:50:23.871 [JavaFX Application Thread] WARN  GameWorld            - Attempted to remove entity which is not active
10:50:24.528 [JavaFX Application Thread] DEBUG FXGLAssetLoaderServi - Loading from file system: file:/C:/Users/Admin/Desktop/Bomberman/target/classes/assets/sounds/powerup.wav
10:50:28.095 [JavaFX Application Thread] WARN  GameWorld            - Attempted to remove entity which is not active
10:50:28.095 [JavaFX Application Thread] WARN  GameWorld            - Attempted to remove entity which is not active
10:50:28.143 [JavaFX Application Thread] WARN  GameWorld            - Attempted to remove entity which is not active
10:50:28.495 [JavaFX Application Thread] WARN  GameWorld            - Attempted to remove entity which is not active
10:50:28.815 [JavaFX Application Thread] WARN  GameWorld            - Attempted to remove entity which is not active
10:50:28.815 [JavaFX Application Thread] WARN  GameWorld            - Attempted to remove entity which is not active
10:50:30.064 [JavaFX Application Thread] WARN  GameWorld            - Attempted to remove entity which is not active
10:50:30.065 [JavaFX Application Thread] WARN  GameWorld            - Attempted to remove entity which is not active
10:50:30.591 [JavaFX Application Thread] WARN  GameWorld            - Attempted to remove entity which is not active
10:50:30.815 [JavaFX Application Thread] WARN  GameWorld            - Attempted to remove entity which is not active
10:50:30.815 [JavaFX Application Thread] WARN  GameWorld            - Attempted to remove entity which is not active
10:50:31.391 [JavaFX Application Thread] WARN  GameWorld            - Attempted to remove entity which is not active
10:50:32.881 [JavaFX Application Thread] WARN  GameWorld            - Attempted to remove entity which is not active
10:50:32.882 [JavaFX Application Thread] WARN  GameWorld            - Attempted to remove entity which is not active
10:50:32.882 [JavaFX Application Thread] WARN  GameWorld            - Attempted to remove entity which is not active
10:50:33.295 [JavaFX Application Thread] WARN  GameWorld            - Attempted to remove entity which is not active
10:50:33.295 [JavaFX Application Thread] WARN  GameWorld            - Attempted to remove entity which is not active
10:50:33.520 [JavaFX Application Thread] WARN  GameWorld            - Attempted to remove entity which is not active
10:50:33.520 [JavaFX Application Thread] WARN  GameWorld            - Attempted to remove entity which is not active
10:50:33.520 [JavaFX Application Thread] WARN  GameWorld            - Attempted to remove entity which is not active
10:50:33.791 [JavaFX Application Thread] WARN  GameWorld            - Attempted to remove entity which is not active
10:50:33.791 [JavaFX Application Thread] WARN  GameWorld            - Attempted to remove entity which is not active
10:50:34.239 [JavaFX Application Thread] WARN  GameWorld            - Attempted to remove entity which is not active
10:50:38.463 [JavaFX Application Thread] WARN  GameWorld            - Attempted to remove entity which is not active
10:50:38.463 [JavaFX Application Thread] WARN  GameWorld            - Attempted to remove entity which is not active
10:50:38.655 [JavaFX Application Thread] WARN  GameWorld            - Attempted to remove entity which is not active
10:50:38.815 [JavaFX Application Thread] WARN  GameWorld            - Attempted to remove entity which is not active
10:50:38.815 [JavaFX Application Thread] WARN  GameWorld            - Attempted to remove entity which is not active
10:50:38.815 [JavaFX Application Thread] WARN  GameWorld            - Attempted to remove entity which is not active
10:50:38.815 [JavaFX Application Thread] WARN  GameWorld            - Attempted to remove entity which is not active
10:50:38.927 [JavaFX Application Thread] WARN  GameWorld            - Attempted to remove entity which is not active
10:50:38.927 [JavaFX Application Thread] WARN  GameWorld            - Attempted to remove entity which is not active
10:50:38.927 [JavaFX Application Thread] WARN  GameWorld            - Attempted to remove entity which is not active
10:50:38.927 [JavaFX Application Thread] WARN  GameWorld            - Attempted to remove entity which is not active
10:50:38.927 [JavaFX Application Thread] WARN  GameWorld            - Attempted to remove entity which is not active
10:50:38.927 [JavaFX Application Thread] WARN  GameWorld            - Attempted to remove entity which is not active
10:50:38.927 [JavaFX Application Thread] WARN  GameWorld            - Attempted to remove entity which is not active
10:50:38.928 [JavaFX Application Thread] WARN  GameWorld            - Attempted to remove entity which is not active
10:50:38.928 [JavaFX Application Thread] WARN  GameWorld            - Attempted to remove entity which is not active
10:50:38.928 [JavaFX Application Thread] WARN  GameWorld            - Attempted to remove entity which is not active
10:50:38.928 [JavaFX Application Thread] WARN  GameWorld            - Attempted to remove entity which is not active
10:50:38.943 [JavaFX Application Thread] WARN  GameWorld            - Attempted to remove entity which is not active
10:50:40.127 [JavaFX Application Thread] WARN  GameWorld            - Attempted to remove entity which is not active
10:50:40.127 [JavaFX Application Thread] WARN  GameWorld            - Attempted to remove entity which is not active
10:50:41.135 [JavaFX Application Thread] WARN  GameWorld            - Attempted to remove entity which is not active
10:50:41.135 [JavaFX Application Thread] WARN  GameWorld            - Attempted to remove entity which is not active
10:50:41.135 [JavaFX Application Thread] WARN  GameWorld            - Attempted to remove entity which is not active
10:50:41.135 [JavaFX Application Thread] WARN  GameWorld            - Attempted to remove entity which is not active
10:50:41.599 [JavaFX Application Thread] WARN  GameWorld            - Attempted to remove entity which is not active
10:50:41.599 [JavaFX Application Thread] WARN  GameWorld            - Attempted to remove entity which is not active
10:50:42.223 [JavaFX Application Thread] WARN  GameWorld            - Attempted to remove entity which is not active
10:50:42.223 [JavaFX Application Thread] WARN  GameWorld            - Attempted to remove entity which is not active
10:50:42.223 [JavaFX Application Thread] WARN  GameWorld            - Attempted to remove entity which is not active
10:50:42.223 [JavaFX Application Thread] WARN  GameWorld            - Attempted to remove entity which is not active
10:50:42.767 [JavaFX Application Thread] WARN  GameWorld            - Attempted to remove entity which is not active
10:50:42.767 [JavaFX Application Thread] WARN  GameWorld            - Attempted to remove entity which is not active
10:50:42.767 [JavaFX Application Thread] WARN  GameWorld            - Attempted to remove entity which is not active
10:50:44.255 [JavaFX Application Thread] WARN  GameWorld            - Attempted to remove entity which is not active
10:50:44.255 [JavaFX Application Thread] WARN  GameWorld            - Attempted to remove entity which is not active
10:50:44.255 [JavaFX Application Thread] WARN  GameWorld            - Attempted to remove entity which is not active
10:50:44.256 [JavaFX Application Thread] WARN  GameWorld            - Attempted to remove entity which is not active
10:50:44.495 [JavaFX Application Thread] WARN  GameWorld            - Attempted to remove entity which is not active
10:50:44.495 [JavaFX Application Thread] WARN  GameWorld            - Attempted to remove entity which is not active
10:50:44.751 [JavaFX Application Thread] WARN  GameWorld            - Attempted to remove entity which is not active
10:50:44.751 [JavaFX Application Thread] WARN  GameWorld            - Attempted to remove entity which is not active
10:50:44.767 [JavaFX Application Thread] WARN  GameWorld            - Attempted to remove entity which is not active
10:50:44.767 [JavaFX Application Thread] WARN  GameWorld            - Attempted to remove entity which is not active
10:50:52.784 [JavaFX Application Thread] WARN  GameWorld            - Attempted to remove entity which is not active
10:50:52.784 [JavaFX Application Thread] WARN  GameWorld            - Attempted to remove entity which is not active
10:50:53.680 [JavaFX Application Thread] WARN  GameWorld            - Attempted to remove entity which is not active
10:50:53.680 [JavaFX Application Thread] WARN  GameWorld            - Attempted to remove entity which is not active
10:50:54.911 [JavaFX Application Thread] WARN  GameWorld            - Attempted to remove entity which is not active
10:50:56.255 [JavaFX Application Thread] WARN  GameWorld            - Attempted to remove entity which is not active
10:50:56.255 [JavaFX Application Thread] WARN  GameWorld            - Attempted to remove entity which is not active
10:50:56.303 [JavaFX Application Thread] WARN  GameWorld            - Attempted to remove entity which is not active
10:50:56.576 [JavaFX Application Thread] WARN  GameWorld            - Attempted to remove entity which is not active
10:50:57.183 [JavaFX Application Thread] WARN  GameWorld            - Attempted to remove entity which is not active
10:50:57.183 [JavaFX Application Thread] WARN  GameWorld            - Attempted to remove entity which is not active
10:50:57.712 [JavaFX Application Thread] WARN  GameWorld            - Attempted to remove entity which is not active
10:50:57.712 [JavaFX Application Thread] WARN  GameWorld            - Attempted to remove entity which is not active
10:50:57.712 [JavaFX Application Thread] WARN  GameWorld            - Attempted to remove entity which is not active
10:50:57.746 [JavaFX Application Thread] WARN  GameWorld            - Attempted to remove entity which is not active
10:50:58.159 [JavaFX Application Thread] WARN  GameWorld            - Attempted to remove entity which is not active
10:50:58.159 [JavaFX Application Thread] WARN  GameWorld            - Attempted to remove entity which is not active
10:50:59.103 [JavaFX Application Thread] WARN  GameWorld            - Attempted to remove entity which is not active
10:51:03.584 [JavaFX Application Thread] WARN  GameWorld            - Attempted to remove entity which is not active
10:51:03.584 [JavaFX Application Thread] WARN  GameWorld            - Attempted to remove entity which is not active
10:51:03.695 [JavaFX Application Thread] WARN  GameWorld            - Attempted to remove entity which is not active
10:51:05.311 [JavaFX Application Thread] WARN  GameWorld            - Attempted to remove entity which is not active
10:51:05.311 [JavaFX Application Thread] WARN  GameWorld            - Attempted to remove entity which is not active
10:51:11.855 [JavaFX Application Thread] WARN  GameWorld            - Attempted to remove entity which is not active
10:51:12.559 [JavaFX Application Thread] WARN  GameWorld            - Attempted to remove entity which is not active
10:51:13.233 [JavaFX Application Thread] WARN  GameWorld            - Attempted to remove entity which is not active
10:51:14.767 [JavaFX Application Thread] WARN  GameWorld            - Attempted to remove entity which is not active
10:51:14.767 [JavaFX Application Thread] WARN  GameWorld            - Attempted to remove entity which is not active
10:51:15.647 [JavaFX Application Thread] WARN  GameWorld            - Attempted to remove entity which is not active
10:51:15.648 [JavaFX Application Thread] WARN  GameWorld            - Attempted to remove entity which is not active
10:51:17.103 [JavaFX Application Thread] WARN  GameWorld            - Attempted to remove entity which is not active
10:51:17.103 [JavaFX Application Thread] WARN  GameWorld            - Attempted to remove entity which is not active
10:51:17.536 [JavaFX Application Thread] WARN  GameWorld            - Attempted to remove entity which is not active
10:51:17.537 [JavaFX Application Thread] WARN  GameWorld            - Attempted to remove entity which is not active
10:51:17.537 [JavaFX Application Thread] WARN  GameWorld            - Attempted to remove entity which is not active
10:51:20.991 [JavaFX Application Thread] WARN  GameWorld            - Attempted to remove entity which is not active
10:51:22.255 [JavaFX Application Thread] WARN  GameWorld            - Attempted to remove entity which is not active
10:51:22.303 [JavaFX Application Thread] WARN  GameWorld            - Attempted to remove entity which is not active
10:51:25.295 [JavaFX Application Thread] WARN  GameWorld            - Attempted to remove entity which is not active
10:51:25.295 [JavaFX Application Thread] WARN  GameWorld            - Attempted to remove entity which is not active
10:51:25.680 [JavaFX Application Thread] WARN  GameWorld            - Attempted to remove entity which is not active
10:51:25.680 [JavaFX Application Thread] WARN  GameWorld            - Attempted to remove entity which is not active
10:51:25.680 [JavaFX Application Thread] WARN  GameWorld            - Attempted to remove entity which is not active
10:51:26.096 [JavaFX Application Thread] WARN  GameWorld            - Attempted to remove entity which is not active
10:51:26.287 [JavaFX Application Thread] WARN  GameWorld            - Attempted to remove entity which is not active
10:51:26.687 [JavaFX Application Thread] WARN  GameWorld            - Attempted to remove entity which is not active
10:51:26.911 [JavaFX Application Thread] WARN  GameWorld            - Attempted to remove entity which is not active
10:51:29.713 [JavaFX Application Thread] WARN  GameWorld            - Attempted to remove entity which is not active
10:51:29.713 [JavaFX Application Thread] WARN  GameWorld            - Attempted to remove entity which is not active
10:51:29.713 [JavaFX Application Thread] WARN  GameWorld            - Attempted to remove entity which is not active
10:51:31.471 [JavaFX Application Thread] WARN  GameWorld            - Attempted to remove entity which is not active
10:51:31.471 [JavaFX Application Thread] WARN  GameWorld            - Attempted to remove entity which is not active
10:51:32.703 [JavaFX Application Thread] WARN  GameWorld            - Attempted to remove entity which is not active
10:51:33.919 [JavaFX Application Thread] WARN  GameWorld            - Attempted to remove entity which is not active
10:51:35.423 [JavaFX Application Thread] WARN  GameWorld            - Attempted to remove entity which is not active
10:51:36.351 [JavaFX Application Thread] WARN  GameWorld            - Attempted to remove entity which is not active
10:51:36.351 [JavaFX Application Thread] WARN  GameWorld            - Attempted to remove entity which is not active
10:51:36.351 [JavaFX Application Thread] WARN  GameWorld            - Attempted to remove entity which is not active
10:51:36.351 [JavaFX Application Thread] WARN  GameWorld            - Attempted to remove entity which is not active
10:51:36.352 [JavaFX Application Thread] WARN  GameWorld            - Attempted to remove entity which is not active
10:51:36.352 [JavaFX Application Thread] WARN  GameWorld            - Attempted to remove entity which is not active
10:51:37.231 [JavaFX Application Thread] WARN  GameWorld            - Attempted to remove entity which is not active
10:51:37.503 [JavaFX Application Thread] WARN  GameWorld            - Attempted to remove entity which is not active
10:51:37.983 [JavaFX Application Thread] WARN  GameWorld            - Attempted to remove entity which is not active
10:51:37.983 [JavaFX Application Thread] WARN  GameWorld            - Attempted to remove entity which is not active
10:51:38.511 [JavaFX Application Thread] WARN  GameWorld            - Attempted to remove entity which is not active
10:51:38.511 [JavaFX Application Thread] WARN  GameWorld            - Attempted to remove entity which is not active
10:51:39.663 [JavaFX Application Thread] WARN  GameWorld            - Attempted to remove entity which is not active
10:51:39.663 [JavaFX Application Thread] WARN  GameWorld            - Attempted to remove entity which is not active
10:51:39.727 [JavaFX Application Thread] WARN  GameWorld            - Attempted to remove entity which is not active
10:51:40.239 [JavaFX Application Thread] WARN  GameWorld            - Attempted to remove entity which is not active
10:51:41.231 [JavaFX Application Thread] WARN  GameWorld            - Attempted to remove entity which is not active
10:51:41.232 [JavaFX Application Thread] WARN  GameWorld            - Attempted to remove entity which is not active
10:51:42.639 [JavaFX Application Thread] WARN  GameWorld            - Attempted to remove entity which is not active
10:51:43.775 [JavaFX Application Thread] WARN  GameWorld            - Attempted to remove entity which is not active
10:51:44.463 [JavaFX Application Thread] WARN  GameWorld            - Attempted to remove entity which is not active
10:51:44.463 [JavaFX Application Thread] WARN  GameWorld            - Attempted to remove entity which is not active
10:51:44.831 [JavaFX Application Thread] WARN  GameWorld            - Attempted to remove entity which is not active
10:51:44.831 [JavaFX Application Thread] WARN  GameWorld            - Attempted to remove entity which is not active
10:51:45.808 [JavaFX Application Thread] WARN  GameWorld            - Attempted to remove entity which is not active
10:51:45.808 [JavaFX Application Thread] WARN  GameWorld            - Attempted to remove entity which is not active
10:51:46.111 [JavaFX Application Thread] WARN  GameWorld            - Attempted to remove entity which is not active
10:51:46.111 [JavaFX Application Thread] WARN  GameWorld            - Attempted to remove entity which is not active
10:51:46.559 [JavaFX Application Thread] WARN  GameWorld            - Attempted to remove entity which is not active
10:51:50.431 [JavaFX Application Thread] WARN  GameWorld            - Attempted to remove entity which is not active
10:51:50.431 [JavaFX Application Thread] WARN  GameWorld            - Attempted to remove entity which is not active
10:51:50.431 [JavaFX Application Thread] WARN  GameWorld            - Attempted to remove entity which is not active
10:51:50.431 [JavaFX Application Thread] WARN  GameWorld            - Attempted to remove entity which is not active
10:51:54.335 [JavaFX Application Thread] WARN  GameWorld            - Attempted to remove entity which is not active
10:51:54.943 [JavaFX Application Thread] WARN  GameWorld            - Attempted to remove entity which is not active
10:51:58.223 [JavaFX Application Thread] WARN  GameWorld            - Attempted to remove entity which is not active
10:51:58.223 [JavaFX Application Thread] WARN  GameWorld            - Attempted to remove entity which is not active
10:52:04.986 [JavaFX Application Thread] DEBUG FXGLApplication      - Exiting FXGL
10:52:04.986 [JavaFX Application Thread] DEBUG LoopRunner           - Stopping loop
10:52:04.986 [JavaFX Application Thread] DEBUG SystemBundleService  - Saving FXGL system data
10:52:04.988 [JavaFX Application Thread] DEBUG FileSystemAccess     - Writing to: C:\Users\Admin\Desktop\Bomberman\system\fxgl.bundle
10:52:04.990 [JavaFX Application Thread] DEBUG Async                - Shutting down background threads
10:52:04.990 [JavaFX Application Thread] DEBUG PrimaryStageWindow   - Closing main window
10:52:05.003 [JavaFX Application Thread] DEBUG Logger               - Closing Logger
