12:15:22.591 [main                     ] DEBUG Logger               - Configured Logger
12:15:22.627 [main                     ] DEBUG GameApplication      - Logging settings
Title: BOMBER
 MAN
Version: 1.0
Width: 1280
Height: 720
Fullscreen: true
Intro: false
Profiling: false
Single step:false
App Mode: DEVELOPER
Menu Key: ESCAPE
Stage Style: DECORATED
Scene Factory: class Bomberman.BombermanGame$1

12:15:23.412 [JavaFX Application Thread] DEBUG FXGLApplication      - Initializing FXGL
12:15:23.417 [JavaFX Application Thread] INFO  Engine               - FXGL-11.17 (16.07.2021 15.46) on WINDOWS (J:11.0.16.1 FX:16)
12:15:23.417 [JavaFX Application Thread] DEBUG Engine               - JRE Vendor Name: Oracle Corporation
12:15:23.417 [JavaFX Application Thread] DEBUG Engine               - Running on OS: Windows 11 version 10.0
12:15:23.418 [JavaFX Application Thread] DEBUG Engine               - Architecture: amd64
12:15:23.418 [JavaFX Application Thread] INFO  Engine               - Source code and latest versions at: https://github.com/AlmasB/FXGL
12:15:23.419 [JavaFX Application Thread] INFO  Engine               -              Join the FXGL chat at: https://gitter.im/AlmasB/FXGL
12:15:23.667 [JavaFX Application Thread] DEBUG PrimaryStageWindow   - Creating a JavaFX scene
12:15:23.784 [JavaFX Application Thread] DEBUG PrimaryStageWindow   - Target settings size: 1280.0 x 720.0
12:15:23.785 [JavaFX Application Thread] DEBUG PrimaryStageWindow   - Scaled scene size:    1280.0 x 720.0
12:15:23.785 [JavaFX Application Thread] DEBUG PrimaryStageWindow   - Scaled ratio: (1.0, 1.0)
12:15:23.787 [JavaFX Application Thread] DEBUG PrimaryStageWindow   - Set initial scene to FXGLStartupScene
12:15:23.804 [JavaFX Application Thread] DEBUG PrimaryStageWindow   - Opening main window
12:15:24.038 [JavaFX Application Thread] DEBUG PrimaryStageWindow   - Window border size: (13.0, 35.5)
12:15:24.039 [JavaFX Application Thread] DEBUG PrimaryStageWindow   - Scaled size: 1280.0 x 720.0
12:15:24.039 [JavaFX Application Thread] DEBUG PrimaryStageWindow   - Scaled ratio: (1.0, 1.0)
12:15:24.039 [JavaFX Application Thread] DEBUG PrimaryStageWindow   - Scene size: 1280.0 x 720.0
12:15:24.040 [JavaFX Application Thread] DEBUG PrimaryStageWindow   - Stage size: 1293.0 x 755.5
12:15:24.058 [FXGL Background Thread 1 ] DEBUG Engine               - Initializing environment variables
12:15:24.174 [FXGL Background Thread 1 ] DEBUG FXGLAssetLoaderServi - User app class for loading assets: class Bomberman.BombermanGame
12:15:24.174 [FXGL Background Thread 1 ] DEBUG GameApplicationServi - Applying CSS: fxgl_dark.css
12:15:24.176 [FXGL Background Thread 1 ] DEBUG FXGLAssetLoaderServi - Loading from file system: jar:file:/C:/Users/Admin/.m2/repository/com/github/almasb/fxgl/11.17/fxgl-11.17.jar!/fxglassets/ui/css/fxgl_dark.css
12:15:24.251 [FXGL Background Thread 1 ] DEBUG GameApplicationServi - Initializing application scenes
12:15:24.317 [FXGL Background Thread 1 ] DEBUG GameWorld            - Game world initialized
12:15:24.451 [FXGL Background Thread 1 ] DEBUG PhysicsWorld         - Physics world initialized: appHeight=720, physics.ppm=50.0
12:15:24.452 [FXGL Background Thread 1 ] DEBUG PhysicsWorld         - Using strategy: BRUTE_FORCE
12:15:24.460 [FXGL Background Thread 1 ] DEBUG GameScene            - Game scene initialized: 1280x720
12:15:24.815 [FXGL Background Thread 1 ] DEBUG GameApplicationServi - Application scenes initialized
12:15:24.846 [FXGL Background Thread 1 ] DEBUG SystemBundleService  - Loading FXGL system data
12:15:24.858 [FXGL Background Thread 1 ] DEBUG FileSystemAccess     - Reading from: C:\Users\Admin\Desktop\Bomberman\system\fxgl.bundle
12:15:24.873 [FXGL Background Thread 1 ] DEBUG SystemBundleService  - Bundle FXGL: {}
12:15:24.873 [FXGL Background Thread 1 ] DEBUG UpdaterService       - Checking for updates
12:15:24.886 [FXGL Background Thread 4 ] DEBUG FXGLApplication      - Loading fonts
12:15:24.888 [FXGL Background Thread 4 ] DEBUG FXGLAssetLoaderServi - Loading from file system: file:/C:/Users/Admin/Desktop/Bomberman/target/classes/assets/ui/fonts/game_font.ttf
12:15:24.888 [FXGL Background Thread 1 ] DEBUG FXGLApplication      - Loading default localization
12:15:24.889 [FXGL Background Thread 1 ] DEBUG FXGLAssetLoaderServi - Loading from file system: jar:file:/C:/Users/Admin/.m2/repository/com/github/almasb/fxgl/11.17/fxgl-11.17.jar!/fxglassets/languages/english.lang
12:15:24.929 [FXGL Background Thread 1 ] INFO  FXGLApplication      - FXGL initialization took: 0.870 sec
12:15:24.953 [JavaFX Application Thread] DEBUG Input                - Registered new binding: Move Left - A
12:15:24.953 [JavaFX Application Thread] DEBUG Input                - Registered new binding: Move Right - D
12:15:24.954 [JavaFX Application Thread] DEBUG Input                - Registered new binding: Move Up - W
12:15:24.954 [JavaFX Application Thread] DEBUG Input                - Registered new binding: Move Down - S
12:15:24.954 [JavaFX Application Thread] DEBUG Input                - Registered new binding: Place Bomb - Space
12:15:24.955 [JavaFX Application Thread] DEBUG Input                - Registered new binding: Switch to classic bomb - 1
12:15:24.955 [JavaFX Application Thread] DEBUG Input                - Registered new binding: Switch to lazer bomb - 2
12:15:24.955 [JavaFX Application Thread] DEBUG Input                - Registered new binding: Switch to light bomb - 3
12:15:24.956 [JavaFX Application Thread] DEBUG Input                - Registered new binding: Exit game - Esc
12:15:24.956 [JavaFX Application Thread] DEBUG Input                - Registered new binding: Next level - P
12:15:24.956 [JavaFX Application Thread] DEBUG Input                - Registered new binding: Developer Mode - O
12:15:24.958 [JavaFX Application Thread] DEBUG FXGLAssetLoaderServi - Loading from file system: file:/C:/Users/Admin/Desktop/Bomberman/target/classes/assets/music/stage_theme.mp3
12:15:25.239 [JavaFX Application Thread] DEBUG AudioPlayer          - Playing music com.almasb.fxgl.audio.Music@32af2d20
12:15:25.240 [JavaFX Application Thread] DEBUG FXGLAssetLoaderServi - Loading from file system: jar:file:/C:/Users/Admin/.m2/repository/com/github/almasb/fxgl/11.17/fxgl-11.17.jar!/fxglassets/textures/fxgl_icon.png
12:15:25.292 [JavaFX Application Thread] DEBUG FXGLAssetLoaderServi - Loading from file system: jar:file:/C:/Users/Admin/.m2/repository/com/github/almasb/fxgl/11.17/fxgl-11.17.jar!/fxglassets/textures/fxgl_default_cursor.png
12:15:25.297 [JavaFX Application Thread] DEBUG Input                - Registered new binding: Screenshot - CTRL+8
12:15:25.298 [JavaFX Application Thread] DEBUG Input                - Registered new binding: System info dump - CTRL+9
12:15:25.298 [JavaFX Application Thread] DEBUG Input                - Registered new binding: Restart - CTRL+R
12:15:25.299 [JavaFX Application Thread] DEBUG Input                - Registered new binding: Toggle Debug Camera - CTRL+C
12:15:25.302 [JavaFX Application Thread] DEBUG LoopRunner           - Starting loop
12:15:25.302 [JavaFX Application Thread] DEBUG LoopRunner           - Initializing JavaFX AnimationTimerLoop
12:15:25.309 [JavaFX Application Thread] DEBUG Input                - Clearing active input actions
12:15:25.334 [JavaFX Application Thread] DEBUG GameApplicationServi - Removing overlay from FXGLStartupScene and adding to FXGLMainMenuDummyScene
12:15:25.336 [JavaFX Application Thread] DEBUG PrimaryStageWindow   - FXGLStartupScene -> FXGLMainMenuDummyScene
12:15:25.336 [JavaFX Application Thread] DEBUG PrimaryStageWindow   - Push state: MainMenu
12:15:25.336 [JavaFX Application Thread] DEBUG Input                - Clearing active input actions
12:15:25.345 [JavaFX Application Thread] DEBUG GameApplicationServi - Removing overlay from FXGLMainMenuDummyScene and adding to MainMenu
12:15:25.345 [JavaFX Application Thread] DEBUG PrimaryStageWindow   - FXGLMainMenuDummyScene -> MainMenu
12:15:25.354 [FXGL Background Thread 4 ] DEBUG FXGLAssetLoaderServi - Loading from file system: jar:file:/C:/Users/Admin/.m2/repository/com/github/almasb/fxgl/11.17/fxgl-11.17.jar!/fxglassets/ui/fonts/Abel-Regular.ttf
12:15:25.360 [FXGL Background Thread 4 ] DEBUG FXGLAssetLoaderServi - Loading from file system: jar:file:/C:/Users/Admin/.m2/repository/com/github/almasb/fxgl/11.17/fxgl-11.17.jar!/fxglassets/ui/fonts/lucida_console.ttf
12:15:25.370 [FXGL Background Thread 4 ] DEBUG FXGLAssetLoaderServi - Loading from file system: jar:file:/C:/Users/Admin/.m2/repository/com/github/almasb/fxgl/11.17/fxgl-11.17.jar!/fxglassets/ui/fonts/Courier-Prime.ttf
12:15:25.422 [JavaFX Application Thread] DEBUG FXGLApplication      - Registering font factories with UI factory
12:15:26.507 [FXGL Background Thread 2 ] INFO  UpdaterService       - Your current version:  11.17
12:15:26.508 [FXGL Background Thread 2 ] INFO  UpdaterService       - Latest stable version: 17.2
12:15:26.748 [JavaFX Application Thread] DEBUG Menu                 - fireNewGame()
12:15:26.749 [JavaFX Application Thread] DEBUG GameApplicationServi - Starting new game
12:15:26.749 [JavaFX Application Thread] DEBUG PrimaryStageWindow   - Pop state: MainMenu
12:15:26.749 [JavaFX Application Thread] DEBUG Input                - Clearing active input actions
12:15:26.750 [JavaFX Application Thread] DEBUG GameApplicationServi - Removing overlay from MainMenu and adding to FXGLMainMenuDummyScene
12:15:26.751 [JavaFX Application Thread] DEBUG PrimaryStageWindow   - FXGLMainMenuDummyScene <- MainMenu
12:15:26.752 [JavaFX Application Thread] DEBUG Input                - Clearing active input actions
12:15:26.768 [JavaFX Application Thread] DEBUG GameApplicationServi - Removing overlay from FXGLMainMenuDummyScene and adding to FXGLLoadingScene
12:15:26.769 [JavaFX Application Thread] DEBUG PrimaryStageWindow   - FXGLMainMenuDummyScene -> FXGLLoadingScene
12:15:26.769 [JavaFX Application Thread] DEBUG GameApplicationServi - Clearing previous game
12:15:26.769 [JavaFX Application Thread] DEBUG GameScene            - Clearing game scene
12:15:26.769 [JavaFX Application Thread] DEBUG GameWorld            - Clearing game world
12:15:26.770 [JavaFX Application Thread] DEBUG PhysicsWorld         - Clearing physics world
12:15:26.773 [FXGL Background Thread 2 ] DEBUG FXGLApplication      - Initializing game
12:15:26.810 [FXGL Background Thread 2 ] DEBUG FXGLAssetLoaderServi - Loading from file system: file:/C:/Users/Admin/Desktop/Bomberman/target/classes/assets/textures/wall.png
12:15:26.921 [FXGL Background Thread 2 ] DEBUG FXGLAssetLoaderServi - Loading from file system: file:/C:/Users/Admin/Desktop/Bomberman/target/classes/assets/textures/player_die.png
12:15:26.925 [FXGL Background Thread 2 ] DEBUG FXGLAssetLoaderServi - Loading from file system: file:/C:/Users/Admin/Desktop/Bomberman/target/classes/assets/textures/player_down.png
12:15:26.928 [FXGL Background Thread 2 ] DEBUG FXGLAssetLoaderServi - Loading from file system: file:/C:/Users/Admin/Desktop/Bomberman/target/classes/assets/textures/player_right.png
12:15:26.931 [FXGL Background Thread 2 ] DEBUG FXGLAssetLoaderServi - Loading from file system: file:/C:/Users/Admin/Desktop/Bomberman/target/classes/assets/textures/player_up.png
12:15:26.934 [FXGL Background Thread 2 ] DEBUG FXGLAssetLoaderServi - Loading from file system: file:/C:/Users/Admin/Desktop/Bomberman/target/classes/assets/textures/player_left.png
12:15:26.949 [FXGL Background Thread 2 ] DEBUG FXGLAssetLoaderServi - Loading from file system: file:/C:/Users/Admin/Desktop/Bomberman/target/classes/assets/textures/brick.png
12:15:26.951 [FXGL Background Thread 2 ] DEBUG FXGLAssetLoaderServi - Loading from file system: file:/C:/Users/Admin/Desktop/Bomberman/target/classes/assets/textures/brick_break.png
12:15:26.959 [FXGL Background Thread 2 ] DEBUG FXGLAssetLoaderServi - Loading from file system: file:/C:/Users/Admin/Desktop/Bomberman/target/classes/assets/textures/enemy1.png
12:15:26.975 [FXGL Background Thread 2 ] DEBUG FXGLAssetLoaderServi - Loading from file system: file:/C:/Users/Admin/Desktop/Bomberman/target/classes/assets/textures/enemy2.png
12:15:27.038 [FXGL Background Thread 2 ] DEBUG FXGLAssetLoaderServi - Loading from file system: file:/C:/Users/Admin/Desktop/Bomberman/target/classes/assets/textures/portal.png
12:15:27.080 [FXGL Background Thread 2 ] DEBUG FXGLAssetLoaderServi - Loading from file system: file:/C:/Users/Admin/Desktop/Bomberman/target/classes/assets/textures/powerup_flames.png
12:15:27.083 [FXGL Background Thread 2 ] DEBUG FXGLAssetLoaderServi - Loading from file system: file:/C:/Users/Admin/Desktop/Bomberman/target/classes/assets/textures/powerup_bombs.png
12:15:27.195 [FXGL Background Thread 2 ] INFO  FXGLApplication      - Game initialization took: 0.421 sec
12:15:27.196 [JavaFX Application Thread] DEBUG Input                - Clearing active input actions
12:15:27.222 [JavaFX Application Thread] DEBUG GameApplicationServi - Removing overlay from FXGLLoadingScene and adding to GameScene
12:15:27.223 [JavaFX Application Thread] DEBUG PrimaryStageWindow   - FXGLLoadingScene -> GameScene
12:15:27.230 [JavaFX Application Thread] DEBUG FXGLAssetLoaderServi - Loading from file system: file:/C:/Users/Admin/Desktop/Bomberman/target/classes/assets/sounds/stage_start.wav
12:15:27.255 [JavaFX Application Thread] DEBUG PrimaryStageWindow   - Push state: StageStartScene
12:15:27.255 [JavaFX Application Thread] DEBUG Input                - Clearing active input actions
12:15:27.256 [JavaFX Application Thread] DEBUG GameApplicationServi - Removing overlay from GameScene and adding to StageStartScene
12:15:27.256 [JavaFX Application Thread] DEBUG PrimaryStageWindow   - GameScene -> StageStartScene
12:15:27.882 [FXGL Background Thread 3 ] DEBUG Engine               - Logging environment variables
12:15:27.884 [FXGL Background Thread 3 ] DEBUG Engine               - achievements: []
12:15:27.884 [FXGL Background Thread 3 ] DEBUG Engine               - actualHeight: 720.0
12:15:27.884 [FXGL Background Thread 3 ] DEBUG Engine               - actualHeightProperty: ReadOnlyDoubleProperty [value: 720.0]
12:15:27.884 [FXGL Background Thread 3 ] DEBUG Engine               - actualWidth: 1280.0
12:15:27.884 [FXGL Background Thread 3 ] DEBUG Engine               - actualWidthProperty: ReadOnlyDoubleProperty [value: 1280.0]
12:15:27.884 [FXGL Background Thread 3 ] DEBUG Engine               - appIcon: fxgl_icon.png
12:15:27.884 [FXGL Background Thread 3 ] DEBUG Engine               - applicationMode: DEVELOPER
12:15:27.884 [FXGL Background Thread 3 ] DEBUG Engine               - cSSList: [fxgl_dark.css]
12:15:27.884 [FXGL Background Thread 3 ] DEBUG Engine               - collisionDetectionStrategy: BRUTE_FORCE
12:15:27.884 [FXGL Background Thread 3 ] DEBUG Engine               - configClass: Optional.empty
12:15:27.884 [FXGL Background Thread 3 ] DEBUG Engine               - credits: []
12:15:27.885 [FXGL Background Thread 3 ] DEBUG Engine               - defaultCursor: CursorInfo(imageName=fxgl_default_cursor.png, hotspotX=7.0, hotspotY=6.0)
12:15:27.885 [FXGL Background Thread 3 ] DEBUG Engine               - devBBoxColorProperty: ObjectProperty [value: 0xff0000ff]
12:15:27.885 [FXGL Background Thread 3 ] DEBUG Engine               - devEnableDebugCameraProperty: BooleanProperty [value: false]
12:15:27.885 [FXGL Background Thread 3 ] DEBUG Engine               - devSensorColorProperty: ObjectProperty [value: 0xffff00ff]
12:15:27.885 [FXGL Background Thread 3 ] DEBUG Engine               - devShowBBoxProperty: BooleanProperty [value: false]
12:15:27.887 [FXGL Background Thread 3 ] DEBUG Engine               - devShowPositionProperty: BooleanProperty [value: false]
12:15:27.887 [FXGL Background Thread 3 ] DEBUG Engine               - enabledMenuItems: []
12:15:27.887 [FXGL Background Thread 3 ] DEBUG Engine               - engineServices: [class com.almasb.fxgl.app.services.FXGLAssetLoaderService, class com.almasb.fxgl.app.FXGLApplication$GameApplicationService, class com.almasb.fxgl.app.services.FXGLDialogService, class com.almasb.fxgl.app.services.IOTaskExecutorService, class com.almasb.fxgl.io.FileSystemService, class com.almasb.fxgl.localization.LocalizationService, class com.almasb.fxgl.app.services.SystemBundleService, class com.almasb.fxgl.profile.SaveLoadService, class com.almasb.fxgl.ui.FXGLUIFactoryServiceProvider, class com.almasb.fxgl.ui.FXGLDialogFactoryServiceProvider, class com.almasb.fxgl.audio.AudioPlayer, class com.almasb.fxgl.notification.impl.NotificationServiceProvider, class com.almasb.fxgl.achievement.AchievementService, class com.almasb.fxgl.cutscene.CutsceneService, class com.almasb.fxgl.minigames.MiniGameService, class com.almasb.fxgl.net.NetService, class com.almasb.fxgl.app.services.UpdaterService, class com.almasb.fxgl.dev.DevService]
12:15:27.887 [FXGL Background Thread 3 ] DEBUG Engine               - fontGame: Abel-Regular.ttf
12:15:27.887 [FXGL Background Thread 3 ] DEBUG Engine               - fontMono: lucida_console.ttf
12:15:27.887 [FXGL Background Thread 3 ] DEBUG Engine               - fontText: Courier-Prime.ttf
12:15:27.887 [FXGL Background Thread 3 ] DEBUG Engine               - fontUI: game_font.ttf
12:15:27.887 [FXGL Background Thread 3 ] DEBUG Engine               - fullScreen: BooleanProperty [value: false]
12:15:27.888 [FXGL Background Thread 3 ] DEBUG Engine               - gameDifficulty: MEDIUM
12:15:27.888 [FXGL Background Thread 3 ] DEBUG Engine               - gameDifficultyProperty: ObjectProperty [value: MEDIUM]
12:15:27.888 [FXGL Background Thread 3 ] DEBUG Engine               - globalMusicVolume: 0.5
12:15:27.888 [FXGL Background Thread 3 ] DEBUG Engine               - globalMusicVolumeProperty: DoubleProperty [value: 0.0]
12:15:27.888 [FXGL Background Thread 3 ] DEBUG Engine               - globalSoundVolume: 0.5
12:15:27.888 [FXGL Background Thread 3 ] DEBUG Engine               - globalSoundVolumeProperty: DoubleProperty [value: 0.5]
12:15:27.888 [FXGL Background Thread 3 ] DEBUG Engine               - height: 720
12:15:27.888 [FXGL Background Thread 3 ] DEBUG Engine               - is3D: false
12:15:27.888 [FXGL Background Thread 3 ] DEBUG Engine               - isAndroid: false
12:15:27.888 [FXGL Background Thread 3 ] DEBUG Engine               - isBrowser: false
12:15:27.888 [FXGL Background Thread 3 ] DEBUG Engine               - isClickFeedbackEnabled: false
12:15:27.888 [FXGL Background Thread 3 ] DEBUG Engine               - isCloseConfirmation: false
12:15:27.888 [FXGL Background Thread 3 ] DEBUG Engine               - isDesktop: true
12:15:27.888 [FXGL Background Thread 3 ] DEBUG Engine               - isDeveloperMenuEnabled: false
12:15:27.889 [FXGL Background Thread 3 ] DEBUG Engine               - isEntityPreloadEnabled: true
12:15:27.889 [FXGL Background Thread 3 ] DEBUG Engine               - isExperimentalTiledLargeMap: false
12:15:27.889 [FXGL Background Thread 3 ] DEBUG Engine               - isFileSystemWriteAllowed: true
12:15:27.889 [FXGL Background Thread 3 ] DEBUG Engine               - isFullScreenAllowed: true
12:15:27.889 [FXGL Background Thread 3 ] DEBUG Engine               - isFullScreenFromStart: false
12:15:27.889 [FXGL Background Thread 3 ] DEBUG Engine               - isGameMenuEnabled: true
12:15:27.889 [FXGL Background Thread 3 ] DEBUG Engine               - isIOS: false
12:15:27.889 [FXGL Background Thread 3 ] DEBUG Engine               - isIntroEnabled: false
12:15:27.889 [FXGL Background Thread 3 ] DEBUG Engine               - isLinux: false
12:15:27.889 [FXGL Background Thread 3 ] DEBUG Engine               - isMac: false
12:15:27.889 [FXGL Background Thread 3 ] DEBUG Engine               - isMainMenuEnabled: true
12:15:27.889 [FXGL Background Thread 3 ] DEBUG Engine               - isManualResizeEnabled: false
12:15:27.889 [FXGL Background Thread 3 ] DEBUG Engine               - isMobile: false
12:15:27.889 [FXGL Background Thread 3 ] DEBUG Engine               - isNative: false
12:15:27.889 [FXGL Background Thread 3 ] DEBUG Engine               - isPauseMusicWhenMinimized: true
12:15:27.889 [FXGL Background Thread 3 ] DEBUG Engine               - isPreserveResizeRatio: false
12:15:27.889 [FXGL Background Thread 3 ] DEBUG Engine               - isProfilingEnabled: false
12:15:27.889 [FXGL Background Thread 3 ] DEBUG Engine               - isScaleAffectedOnResize: true
12:15:27.889 [FXGL Background Thread 3 ] DEBUG Engine               - isSingleStep: false
12:15:27.889 [FXGL Background Thread 3 ] DEBUG Engine               - isUserProfileEnabled: false
12:15:27.889 [FXGL Background Thread 3 ] DEBUG Engine               - isWindows: true
12:15:27.890 [FXGL Background Thread 3 ] DEBUG Engine               - language: ObjectProperty [value: ENGLISH]
12:15:27.890 [FXGL Background Thread 3 ] DEBUG Engine               - menuKey: ESCAPE
12:15:27.890 [FXGL Background Thread 3 ] DEBUG Engine               - mouseSensitivity: 0.2
12:15:27.890 [FXGL Background Thread 3 ] DEBUG Engine               - notificationViewClass: class com.almasb.fxgl.notification.view.XboxNotificationView
12:15:27.890 [FXGL Background Thread 3 ] DEBUG Engine               - pixelsPerMeter: 50.0
12:15:27.890 [FXGL Background Thread 3 ] DEBUG Engine               - platform: WINDOWS
12:15:27.890 [FXGL Background Thread 3 ] DEBUG Engine               - prefHeightProperty: ReadOnlyDoubleProperty [value: 720.0]
12:15:27.890 [FXGL Background Thread 3 ] DEBUG Engine               - prefWidthProperty: ReadOnlyDoubleProperty [value: 1280.0]
12:15:27.890 [FXGL Background Thread 3 ] DEBUG Engine               - profileDir: profiles/
12:15:27.890 [FXGL Background Thread 3 ] DEBUG Engine               - profileName: StringProperty [value: DEFAULT]
12:15:27.890 [FXGL Background Thread 3 ] DEBUG Engine               - randomSeed: -1
12:15:27.891 [FXGL Background Thread 3 ] DEBUG Engine               - runtimeInfo: RuntimeInfo(platform=WINDOWS, version=11.17, build=16.07.2021 15.46)
12:15:27.891 [FXGL Background Thread 3 ] DEBUG Engine               - saveFileExt: sav
12:15:27.891 [FXGL Background Thread 3 ] DEBUG Engine               - scaledHeightProp$fxgl: DoubleProperty [bound, value: 720.0]
12:15:27.891 [FXGL Background Thread 3 ] DEBUG Engine               - scaledWidthProp$fxgl: DoubleProperty [bound, value: 1280.0]
12:15:27.892 [FXGL Background Thread 3 ] DEBUG Engine               - sceneFactory: Bomberman.BombermanGame$1@870b72d
12:15:27.892 [FXGL Background Thread 3 ] DEBUG Engine               - secondsIn24h: 60
12:15:27.892 [FXGL Background Thread 3 ] DEBUG Engine               - soundMenuBack: menu/back.wav
12:15:27.892 [FXGL Background Thread 3 ] DEBUG Engine               - soundMenuPress: menu/press.wav
12:15:27.892 [FXGL Background Thread 3 ] DEBUG Engine               - soundMenuSelect: menu/select.wav
12:15:27.892 [FXGL Background Thread 3 ] DEBUG Engine               - soundNotification: core/notification.wav
12:15:27.892 [FXGL Background Thread 3 ] DEBUG Engine               - stageStyle: DECORATED
12:15:27.892 [FXGL Background Thread 3 ] DEBUG Engine               - supportedLanguages: [ENGLISH, FRENCH, GERMAN, HUNGARIAN, RUSSIAN]
12:15:27.892 [FXGL Background Thread 3 ] DEBUG Engine               - ticksPerSecond: -1
12:15:27.892 [FXGL Background Thread 3 ] DEBUG Engine               - title: BOMBER
 MAN
12:15:27.892 [FXGL Background Thread 3 ] DEBUG Engine               - urlGithub: https://github.com/AlmasB/FXGL
12:15:27.892 [FXGL Background Thread 3 ] DEBUG Engine               - urlLeaderboard: http://fxgl-top.herokuapp.com/
12:15:27.892 [FXGL Background Thread 3 ] DEBUG Engine               - urlPOM: https://raw.githubusercontent.com/AlmasB/FXGL/release/README.md
12:15:27.892 [FXGL Background Thread 3 ] DEBUG Engine               - userAppClass: class Bomberman.BombermanGame
12:15:27.892 [FXGL Background Thread 3 ] DEBUG Engine               - version: 1.0
12:15:27.892 [FXGL Background Thread 3 ] DEBUG Engine               - versionCheckDays: 7
12:15:27.892 [FXGL Background Thread 3 ] DEBUG Engine               - width: 1280
12:15:27.892 [FXGL Background Thread 3 ] DEBUG Engine               - Logging services
12:15:27.892 [FXGL Background Thread 3 ] DEBUG Engine               - class com.almasb.fxgl.app.services.FXGLAssetLoaderService
12:15:27.892 [FXGL Background Thread 3 ] DEBUG Engine               - class com.almasb.fxgl.app.FXGLApplication$GameApplicationService
12:15:27.892 [FXGL Background Thread 3 ] DEBUG Engine               - class com.almasb.fxgl.app.services.FXGLDialogService
12:15:27.892 [FXGL Background Thread 3 ] DEBUG Engine               - class com.almasb.fxgl.app.services.IOTaskExecutorService
12:15:27.892 [FXGL Background Thread 3 ] DEBUG Engine               - class com.almasb.fxgl.io.FileSystemService
12:15:27.892 [FXGL Background Thread 3 ] DEBUG Engine               - class com.almasb.fxgl.localization.LocalizationService
12:15:27.892 [FXGL Background Thread 3 ] DEBUG Engine               - class com.almasb.fxgl.app.services.SystemBundleService
12:15:27.893 [FXGL Background Thread 3 ] DEBUG Engine               - class com.almasb.fxgl.profile.SaveLoadService
12:15:27.893 [FXGL Background Thread 3 ] DEBUG Engine               - class com.almasb.fxgl.ui.FXGLUIFactoryServiceProvider
12:15:27.893 [FXGL Background Thread 3 ] DEBUG Engine               - class com.almasb.fxgl.ui.FXGLDialogFactoryServiceProvider
12:15:27.893 [FXGL Background Thread 3 ] DEBUG Engine               - class com.almasb.fxgl.audio.AudioPlayer
12:15:27.893 [FXGL Background Thread 3 ] DEBUG Engine               - class com.almasb.fxgl.notification.impl.NotificationServiceProvider
12:15:27.893 [FXGL Background Thread 3 ] DEBUG Engine               - class com.almasb.fxgl.achievement.AchievementService
12:15:27.893 [FXGL Background Thread 3 ] DEBUG Engine               - class com.almasb.fxgl.cutscene.CutsceneService
12:15:27.893 [FXGL Background Thread 3 ] DEBUG Engine               - class com.almasb.fxgl.minigames.MiniGameService
12:15:27.893 [FXGL Background Thread 3 ] DEBUG Engine               - class com.almasb.fxgl.net.NetService
12:15:27.893 [FXGL Background Thread 3 ] DEBUG Engine               - class com.almasb.fxgl.app.services.UpdaterService
12:15:27.893 [FXGL Background Thread 3 ] DEBUG Engine               - class com.almasb.fxgl.dev.DevService
12:15:30.579 [JavaFX Application Thread] DEBUG PrimaryStageWindow   - Pop state: StageStartScene
12:15:30.580 [JavaFX Application Thread] DEBUG Input                - Clearing active input actions
12:15:30.581 [JavaFX Application Thread] DEBUG GameApplicationServi - Removing overlay from StageStartScene and adding to GameScene
12:15:30.581 [JavaFX Application Thread] DEBUG PrimaryStageWindow   - GameScene <- StageStartScene
12:15:32.030 [JavaFX Application Thread] DEBUG FXGLAssetLoaderServi - Loading from file system: file:/C:/Users/Admin/Desktop/Bomberman/target/classes/assets/sounds/place_bomb.wav
12:15:32.043 [JavaFX Application Thread] DEBUG FXGLAssetLoaderServi - Loading from file system: file:/C:/Users/Admin/Desktop/Bomberman/target/classes/assets/textures/bomb.png
12:15:34.069 [JavaFX Application Thread] DEBUG FXGLAssetLoaderServi - Loading from file system: file:/C:/Users/Admin/Desktop/Bomberman/target/classes/assets/sounds/explosion.wav
12:15:34.078 [JavaFX Application Thread] DEBUG FXGLAssetLoaderServi - Loading from file system: file:/C:/Users/Admin/Desktop/Bomberman/target/classes/assets/textures/central_flame.png
12:15:34.082 [JavaFX Application Thread] DEBUG FXGLAssetLoaderServi - Loading from file system: file:/C:/Users/Admin/Desktop/Bomberman/target/classes/assets/textures/top_up_flame.png
12:15:34.084 [JavaFX Application Thread] DEBUG FXGLAssetLoaderServi - Loading from file system: file:/C:/Users/Admin/Desktop/Bomberman/target/classes/assets/textures/top_down_flame.png
12:15:34.087 [JavaFX Application Thread] DEBUG FXGLAssetLoaderServi - Loading from file system: file:/C:/Users/Admin/Desktop/Bomberman/target/classes/assets/textures/top_right_flame.png
12:15:34.088 [JavaFX Application Thread] DEBUG FXGLAssetLoaderServi - Loading from file system: file:/C:/Users/Admin/Desktop/Bomberman/target/classes/assets/textures/top_left_flame.png
12:15:35.080 [JavaFX Application Thread] DEBUG FXGLAssetLoaderServi - Loading from file system: file:/C:/Users/Admin/Desktop/Bomberman/target/classes/assets/sounds/powerup.wav
12:15:40.365 [JavaFX Application Thread] DEBUG FXGLAssetLoaderServi - Loading from file system: file:/C:/Users/Admin/Desktop/Bomberman/target/classes/assets/textures/right_flame.png
12:15:40.371 [JavaFX Application Thread] DEBUG FXGLAssetLoaderServi - Loading from file system: file:/C:/Users/Admin/Desktop/Bomberman/target/classes/assets/textures/left_flame.png
12:15:40.373 [JavaFX Application Thread] DEBUG FXGLAssetLoaderServi - Loading from file system: file:/C:/Users/Admin/Desktop/Bomberman/target/classes/assets/textures/down_flame.png
12:15:40.375 [JavaFX Application Thread] DEBUG FXGLAssetLoaderServi - Loading from file system: file:/C:/Users/Admin/Desktop/Bomberman/target/classes/assets/textures/up_flame.png
12:15:40.772 [JavaFX Application Thread] WARN  GameWorld            - Attempted to remove entity which is not active
12:15:44.324 [JavaFX Application Thread] WARN  GameWorld            - Attempted to remove entity which is not active
12:15:44.324 [JavaFX Application Thread] WARN  GameWorld            - Attempted to remove entity which is not active
12:15:52.980 [JavaFX Application Thread] WARN  GameWorld            - Attempted to remove entity which is not active
12:16:07.172 [JavaFX Application Thread] WARN  GameWorld            - Attempted to remove entity which is not active
12:16:11.727 [JavaFX Application Thread] WARN  GameWorld            - Attempted to remove entity which is not active
12:16:16.211 [JavaFX Application Thread] WARN  GameWorld            - Attempted to remove entity which is not active
12:16:21.193 [JavaFX Application Thread] WARN  GameWorld            - Attempted to remove entity which is not active
12:16:22.213 [JavaFX Application Thread] DEBUG FXGLAssetLoaderServi - Loading from file system: file:/C:/Users/Admin/Desktop/Bomberman/target/classes/assets/sounds/next_level.wav
12:16:26.360 [JavaFX Application Thread] DEBUG PrimaryStageWindow   - Push state: StageStartScene
12:16:26.360 [JavaFX Application Thread] DEBUG Input                - Clearing active input actions
12:16:26.360 [JavaFX Application Thread] DEBUG GameApplicationServi - Removing overlay from GameScene and adding to StageStartScene
12:16:26.360 [JavaFX Application Thread] DEBUG PrimaryStageWindow   - GameScene -> StageStartScene
12:16:26.493 [JavaFX Application Thread] DEBUG FXGLAssetLoaderServi - Loading from file system: file:/C:/Users/Admin/Desktop/Bomberman/target/classes/assets/textures/enemy4.png
12:16:26.504 [JavaFX Application Thread] DEBUG FXGLAssetLoaderServi - Loading from file system: file:/C:/Users/Admin/Desktop/Bomberman/target/classes/assets/textures/enemy3.png
12:16:30.468 [JavaFX Application Thread] DEBUG PrimaryStageWindow   - Pop state: StageStartScene
12:16:30.468 [JavaFX Application Thread] DEBUG Input                - Clearing active input actions
12:16:30.470 [JavaFX Application Thread] DEBUG GameApplicationServi - Removing overlay from StageStartScene and adding to GameScene
12:16:30.470 [JavaFX Application Thread] DEBUG PrimaryStageWindow   - GameScene <- StageStartScene
12:16:34.292 [JavaFX Application Thread] WARN  GameWorld            - Attempted to remove entity which is not active
12:16:42.900 [JavaFX Application Thread] WARN  GameWorld            - Attempted to remove entity which is not active
12:16:42.900 [JavaFX Application Thread] WARN  GameWorld            - Attempted to remove entity which is not active
12:16:48.851 [JavaFX Application Thread] WARN  GameWorld            - Attempted to remove entity which is not active
12:16:48.851 [JavaFX Application Thread] WARN  GameWorld            - Attempted to remove entity which is not active
12:17:00.740 [JavaFX Application Thread] WARN  GameWorld            - Attempted to remove entity which is not active
12:17:00.740 [JavaFX Application Thread] WARN  GameWorld            - Attempted to remove entity which is not active
12:17:00.740 [JavaFX Application Thread] WARN  GameWorld            - Attempted to remove entity which is not active
12:17:00.740 [JavaFX Application Thread] WARN  GameWorld            - Attempted to remove entity which is not active
12:17:04.227 [JavaFX Application Thread] WARN  GameWorld            - Attempted to remove entity which is not active
12:17:10.548 [JavaFX Application Thread] WARN  GameWorld            - Attempted to remove entity which is not active
12:17:10.548 [JavaFX Application Thread] WARN  GameWorld            - Attempted to remove entity which is not active
12:17:10.595 [JavaFX Application Thread] WARN  GameWorld            - Attempted to remove entity which is not active
12:17:18.979 [JavaFX Application Thread] WARN  GameWorld            - Attempted to remove entity which is not active
12:17:22.387 [JavaFX Application Thread] WARN  GameWorld            - Attempted to remove entity which is not active
12:17:22.387 [JavaFX Application Thread] WARN  GameWorld            - Attempted to remove entity which is not active
12:17:32.052 [JavaFX Application Thread] WARN  GameWorld            - Attempted to remove entity which is not active
12:17:32.053 [JavaFX Application Thread] WARN  GameWorld            - Attempted to remove entity which is not active
12:17:37.861 [JavaFX Application Thread] DEBUG PrimaryStageWindow   - Push state: StageStartScene
12:17:37.861 [JavaFX Application Thread] DEBUG Input                - Clearing active input actions
12:17:37.861 [JavaFX Application Thread] DEBUG GameApplicationServi - Removing overlay from GameScene and adding to StageStartScene
12:17:37.861 [JavaFX Application Thread] DEBUG PrimaryStageWindow   - GameScene -> StageStartScene
12:17:41.988 [JavaFX Application Thread] DEBUG PrimaryStageWindow   - Pop state: StageStartScene
12:17:41.988 [JavaFX Application Thread] DEBUG Input                - Clearing active input actions
12:17:41.989 [JavaFX Application Thread] DEBUG GameApplicationServi - Removing overlay from StageStartScene and adding to GameScene
12:17:41.989 [JavaFX Application Thread] DEBUG PrimaryStageWindow   - GameScene <- StageStartScene
12:17:50.244 [JavaFX Application Thread] WARN  GameWorld            - Attempted to remove entity which is not active
12:17:52.790 [JavaFX Application Thread] DEBUG FXGLAssetLoaderServi - Loading from file system: file:/C:/Users/Admin/Desktop/Bomberman/target/classes/assets/sounds/player_die.wav
12:17:53.379 [JavaFX Application Thread] WARN  GameWorld            - Attempted to remove entity which is not active
12:17:53.379 [JavaFX Application Thread] WARN  GameWorld            - Attempted to remove entity which is not active
12:18:01.477 [JavaFX Application Thread] WARN  GameWorld            - Attempted to remove entity which is not active
12:18:08.644 [JavaFX Application Thread] WARN  GameWorld            - Attempted to remove entity which is not active
12:18:11.476 [JavaFX Application Thread] WARN  GameWorld            - Attempted to remove entity which is not active
12:18:11.476 [JavaFX Application Thread] WARN  GameWorld            - Attempted to remove entity which is not active
12:18:19.732 [JavaFX Application Thread] WARN  GameWorld            - Attempted to remove entity which is not active
12:18:23.396 [JavaFX Application Thread] WARN  GameWorld            - Attempted to remove entity which is not active
12:18:40.420 [JavaFX Application Thread] WARN  GameWorld            - Attempted to remove entity which is not active
12:18:40.420 [JavaFX Application Thread] WARN  GameWorld            - Attempted to remove entity which is not active
12:18:40.420 [JavaFX Application Thread] WARN  GameWorld            - Attempted to remove entity which is not active
12:18:40.469 [JavaFX Application Thread] WARN  GameWorld            - Attempted to remove entity which is not active
12:18:40.469 [JavaFX Application Thread] WARN  GameWorld            - Attempted to remove entity which is not active
12:18:40.516 [JavaFX Application Thread] WARN  GameWorld            - Attempted to remove entity which is not active
12:18:44.148 [JavaFX Application Thread] WARN  GameWorld            - Attempted to remove entity which is not active
12:18:44.149 [JavaFX Application Thread] WARN  GameWorld            - Attempted to remove entity which is not active
12:18:52.915 [JavaFX Application Thread] WARN  GameWorld            - Attempted to remove entity which is not active
12:18:52.916 [JavaFX Application Thread] WARN  GameWorld            - Attempted to remove entity which is not active
12:19:00.147 [JavaFX Application Thread] WARN  GameWorld            - Attempted to remove entity which is not active
12:19:00.148 [JavaFX Application Thread] WARN  GameWorld            - Attempted to remove entity which is not active
12:19:00.148 [JavaFX Application Thread] WARN  GameWorld            - Attempted to remove entity which is not active
12:19:03.652 [JavaFX Application Thread] WARN  GameWorld            - Attempted to remove entity which is not active
12:19:05.604 [JavaFX Application Thread] WARN  GameWorld            - Attempted to remove entity which is not active
12:19:08.932 [JavaFX Application Thread] WARN  GameWorld            - Attempted to remove entity which is not active
12:19:08.932 [JavaFX Application Thread] WARN  GameWorld            - Attempted to remove entity which is not active
12:19:08.932 [JavaFX Application Thread] WARN  GameWorld            - Attempted to remove entity which is not active
12:19:10.979 [JavaFX Application Thread] WARN  GameWorld            - Attempted to remove entity which is not active
12:19:14.132 [JavaFX Application Thread] WARN  GameWorld            - Attempted to remove entity which is not active
12:19:14.133 [JavaFX Application Thread] WARN  GameWorld            - Attempted to remove entity which is not active
12:19:14.133 [JavaFX Application Thread] WARN  GameWorld            - Attempted to remove entity which is not active
12:19:14.195 [JavaFX Application Thread] WARN  GameWorld            - Attempted to remove entity which is not active
12:19:14.195 [JavaFX Application Thread] WARN  GameWorld            - Attempted to remove entity which is not active
12:19:14.195 [JavaFX Application Thread] WARN  GameWorld            - Attempted to remove entity which is not active
12:19:14.244 [JavaFX Application Thread] WARN  GameWorld            - Attempted to remove entity which is not active
12:19:14.244 [JavaFX Application Thread] WARN  GameWorld            - Attempted to remove entity which is not active
12:19:16.180 [JavaFX Application Thread] WARN  GameWorld            - Attempted to remove entity which is not active
12:19:19.348 [JavaFX Application Thread] WARN  GameWorld            - Attempted to remove entity which is not active
12:19:19.348 [JavaFX Application Thread] WARN  GameWorld            - Attempted to remove entity which is not active
12:19:19.348 [JavaFX Application Thread] WARN  GameWorld            - Attempted to remove entity which is not active
12:19:19.445 [JavaFX Application Thread] WARN  GameWorld            - Attempted to remove entity which is not active
12:19:19.445 [JavaFX Application Thread] WARN  GameWorld            - Attempted to remove entity which is not active
12:19:21.396 [JavaFX Application Thread] WARN  GameWorld            - Attempted to remove entity which is not active
12:19:24.629 [JavaFX Application Thread] WARN  GameWorld            - Attempted to remove entity which is not active
12:19:24.629 [JavaFX Application Thread] WARN  GameWorld            - Attempted to remove entity which is not active
12:19:24.629 [JavaFX Application Thread] WARN  GameWorld            - Attempted to remove entity which is not active
12:19:24.629 [JavaFX Application Thread] WARN  GameWorld            - Attempted to remove entity which is not active
12:19:24.629 [JavaFX Application Thread] WARN  GameWorld            - Attempted to remove entity which is not active
12:19:24.629 [JavaFX Application Thread] WARN  GameWorld            - Attempted to remove entity which is not active
12:19:24.629 [JavaFX Application Thread] WARN  GameWorld            - Attempted to remove entity which is not active
12:19:24.629 [JavaFX Application Thread] WARN  GameWorld            - Attempted to remove entity which is not active
12:19:24.630 [JavaFX Application Thread] WARN  GameWorld            - Attempted to remove entity which is not active
12:19:27.844 [JavaFX Application Thread] WARN  GameWorld            - Attempted to remove entity which is not active
12:19:27.845 [JavaFX Application Thread] WARN  GameWorld            - Attempted to remove entity which is not active
12:19:37.444 [JavaFX Application Thread] WARN  GameWorld            - Attempted to remove entity which is not active
12:19:37.444 [JavaFX Application Thread] WARN  GameWorld            - Attempted to remove entity which is not active
12:19:37.444 [JavaFX Application Thread] WARN  GameWorld            - Attempted to remove entity which is not active
12:19:37.444 [JavaFX Application Thread] WARN  GameWorld            - Attempted to remove entity which is not active
12:19:46.005 [JavaFX Application Thread] DEBUG FXGLAssetLoaderServi - Loading from file system: file:/C:/Users/Admin/Desktop/Bomberman/target/classes/assets/sounds/ending.wav
12:19:46.016 [JavaFX Application Thread] DEBUG PrimaryStageWindow   - Push state: EndingScene
12:19:46.016 [JavaFX Application Thread] DEBUG Input                - Clearing active input actions
12:19:46.016 [JavaFX Application Thread] DEBUG GameApplicationServi - Removing overlay from GameScene and adding to EndingScene
12:19:46.016 [JavaFX Application Thread] DEBUG PrimaryStageWindow   - GameScene -> EndingScene
12:19:47.490 [JavaFX Application Thread] DEBUG FXGLApplication      - Exiting FXGL
12:19:47.490 [JavaFX Application Thread] DEBUG LoopRunner           - Stopping loop
12:19:47.490 [JavaFX Application Thread] DEBUG SystemBundleService  - Saving FXGL system data
12:19:47.493 [JavaFX Application Thread] DEBUG FileSystemAccess     - Writing to: C:\Users\Admin\Desktop\Bomberman\system\fxgl.bundle
12:19:47.496 [JavaFX Application Thread] DEBUG Async                - Shutting down background threads
12:19:47.497 [JavaFX Application Thread] DEBUG PrimaryStageWindow   - Closing main window
12:19:47.565 [JavaFX Application Thread] DEBUG Logger               - Closing Logger
