11:06:36.719 [main                     ] DEBUG Logger               - Configured Logger
11:06:36.743 [main                     ] DEBUG GameApplication      - Logging settings
Title: BOMBER
 MAN
Version: 1.0
Width: 1280
Height: 720
Fullscreen: true
Intro: false
Profiling: false
Single step:false
App Mode: DEVELOPER
Menu Key: ESCAPE
Stage Style: DECORATED
Scene Factory: class Bomberman.BombermanGame$1

11:06:37.183 [JavaFX Application Thread] DEBUG FXGLApplication      - Initializing FXGL
11:06:37.185 [JavaFX Application Thread] INFO  Engine               - FXGL-11.17 (16.07.2021 15.46) on WINDOWS (J:11.0.16.1 FX:16)
11:06:37.186 [JavaFX Application Thread] DEBUG Engine               - JRE Vendor Name: Oracle Corporation
11:06:37.186 [JavaFX Application Thread] DEBUG Engine               - Running on OS: Windows 11 version 10.0
11:06:37.187 [JavaFX Application Thread] DEBUG Engine               - Architecture: amd64
11:06:37.187 [JavaFX Application Thread] INFO  Engine               - Source code and latest versions at: https://github.com/AlmasB/FXGL
11:06:37.187 [JavaFX Application Thread] INFO  Engine               -              Join the FXGL chat at: https://gitter.im/AlmasB/FXGL
11:06:37.310 [JavaFX Application Thread] DEBUG PrimaryStageWindow   - Creating a JavaFX scene
11:06:37.374 [JavaFX Application Thread] DEBUG PrimaryStageWindow   - Target settings size: 1280.0 x 720.0
11:06:37.374 [JavaFX Application Thread] DEBUG PrimaryStageWindow   - Scaled scene size:    1280.0 x 720.0
11:06:37.374 [JavaFX Application Thread] DEBUG PrimaryStageWindow   - Scaled ratio: (1.0, 1.0)
11:06:37.375 [JavaFX Application Thread] DEBUG PrimaryStageWindow   - Set initial scene to FXGLStartupScene
11:06:37.385 [JavaFX Application Thread] DEBUG PrimaryStageWindow   - Opening main window
11:06:37.511 [JavaFX Application Thread] DEBUG PrimaryStageWindow   - Window border size: (13.0, 35.5)
11:06:37.511 [JavaFX Application Thread] DEBUG PrimaryStageWindow   - Scaled size: 1280.0 x 720.0
11:06:37.511 [JavaFX Application Thread] DEBUG PrimaryStageWindow   - Scaled ratio: (1.0, 1.0)
11:06:37.511 [JavaFX Application Thread] DEBUG PrimaryStageWindow   - Scene size: 1280.0 x 720.0
11:06:37.511 [JavaFX Application Thread] DEBUG PrimaryStageWindow   - Stage size: 1293.0 x 755.5
11:06:37.522 [FXGL Background Thread 1 ] DEBUG Engine               - Initializing environment variables
11:06:37.608 [FXGL Background Thread 1 ] DEBUG FXGLAssetLoaderServi - User app class for loading assets: class Bomberman.BombermanGame
11:06:37.609 [FXGL Background Thread 1 ] DEBUG GameApplicationServi - Applying CSS: fxgl_dark.css
11:06:37.610 [FXGL Background Thread 1 ] DEBUG FXGLAssetLoaderServi - Loading from file system: jar:file:/C:/Users/Admin/.m2/repository/com/github/almasb/fxgl/11.17/fxgl-11.17.jar!/fxglassets/ui/css/fxgl_dark.css
11:06:37.666 [FXGL Background Thread 1 ] DEBUG GameApplicationServi - Initializing application scenes
11:06:37.716 [FXGL Background Thread 1 ] DEBUG GameWorld            - Game world initialized
11:06:37.792 [FXGL Background Thread 1 ] DEBUG PhysicsWorld         - Physics world initialized: appHeight=720, physics.ppm=50.0
11:06:37.792 [FXGL Background Thread 1 ] DEBUG PhysicsWorld         - Using strategy: BRUTE_FORCE
11:06:37.795 [FXGL Background Thread 1 ] DEBUG GameScene            - Game scene initialized: 1280x720
11:06:37.957 [FXGL Background Thread 1 ] DEBUG GameApplicationServi - Application scenes initialized
11:06:37.974 [FXGL Background Thread 1 ] DEBUG SystemBundleService  - Loading FXGL system data
11:06:37.981 [FXGL Background Thread 1 ] DEBUG FileSystemAccess     - Reading from: C:\Users\Admin\Desktop\Bomberman\system\fxgl.bundle
11:06:37.990 [FXGL Background Thread 1 ] DEBUG SystemBundleService  - Bundle FXGL: {}
11:06:37.991 [FXGL Background Thread 1 ] DEBUG UpdaterService       - Checking for updates
11:06:37.998 [FXGL Background Thread 4 ] DEBUG FXGLApplication      - Loading fonts
11:06:37.998 [FXGL Background Thread 4 ] DEBUG FXGLAssetLoaderServi - Loading from file system: file:/C:/Users/Admin/Desktop/Bomberman/target/classes/assets/ui/fonts/game_font.ttf
11:06:37.998 [FXGL Background Thread 1 ] DEBUG FXGLApplication      - Loading default localization
11:06:37.999 [FXGL Background Thread 1 ] DEBUG FXGLAssetLoaderServi - Loading from file system: jar:file:/C:/Users/Admin/.m2/repository/com/github/almasb/fxgl/11.17/fxgl-11.17.jar!/fxglassets/languages/english.lang
11:06:38.020 [FXGL Background Thread 1 ] INFO  FXGLApplication      - FXGL initialization took: 0.498 sec
11:06:38.036 [JavaFX Application Thread] DEBUG Input                - Registered new binding: Move Left - A
11:06:38.036 [JavaFX Application Thread] DEBUG Input                - Registered new binding: Move Right - D
11:06:38.036 [JavaFX Application Thread] DEBUG Input                - Registered new binding: Move Up - W
11:06:38.037 [JavaFX Application Thread] DEBUG Input                - Registered new binding: Move Down - S
11:06:38.037 [JavaFX Application Thread] DEBUG Input                - Registered new binding: Place Bomb - Space
11:06:38.037 [JavaFX Application Thread] DEBUG Input                - Registered new binding: Switch to classic bomb - 1
11:06:38.037 [JavaFX Application Thread] DEBUG Input                - Registered new binding: Switch to lazer bomb - 2
11:06:38.038 [JavaFX Application Thread] DEBUG Input                - Registered new binding: Switch to light bomb - 3
11:06:38.039 [JavaFX Application Thread] DEBUG FXGLAssetLoaderServi - Loading from file system: file:/C:/Users/Admin/Desktop/Bomberman/target/classes/assets/music/stage_theme.mp3
11:06:38.262 [JavaFX Application Thread] DEBUG AudioPlayer          - Playing music com.almasb.fxgl.audio.Music@1e6491a8
11:06:38.263 [JavaFX Application Thread] DEBUG FXGLAssetLoaderServi - Loading from file system: jar:file:/C:/Users/Admin/.m2/repository/com/github/almasb/fxgl/11.17/fxgl-11.17.jar!/fxglassets/textures/fxgl_icon.png
11:06:38.303 [JavaFX Application Thread] DEBUG FXGLAssetLoaderServi - Loading from file system: jar:file:/C:/Users/Admin/.m2/repository/com/github/almasb/fxgl/11.17/fxgl-11.17.jar!/fxglassets/textures/fxgl_default_cursor.png
11:06:38.308 [JavaFX Application Thread] DEBUG Input                - Registered new binding: Screenshot - CTRL+8
11:06:38.309 [JavaFX Application Thread] DEBUG Input                - Registered new binding: System info dump - CTRL+9
11:06:38.310 [JavaFX Application Thread] DEBUG Input                - Registered new binding: Restart - CTRL+R
11:06:38.312 [JavaFX Application Thread] DEBUG Input                - Registered new binding: Toggle Debug Camera - CTRL+C
11:06:38.316 [JavaFX Application Thread] DEBUG LoopRunner           - Starting loop
11:06:38.318 [JavaFX Application Thread] DEBUG LoopRunner           - Initializing JavaFX AnimationTimerLoop
11:06:38.326 [JavaFX Application Thread] DEBUG Input                - Clearing active input actions
11:06:38.342 [JavaFX Application Thread] DEBUG GameApplicationServi - Removing overlay from FXGLStartupScene and adding to FXGLMainMenuDummyScene
11:06:38.343 [JavaFX Application Thread] DEBUG PrimaryStageWindow   - FXGLStartupScene -> FXGLMainMenuDummyScene
11:06:38.343 [JavaFX Application Thread] DEBUG PrimaryStageWindow   - Push state: MainMenu
11:06:38.343 [JavaFX Application Thread] DEBUG Input                - Clearing active input actions
11:06:38.372 [JavaFX Application Thread] DEBUG GameApplicationServi - Removing overlay from FXGLMainMenuDummyScene and adding to MainMenu
11:06:38.373 [JavaFX Application Thread] DEBUG PrimaryStageWindow   - FXGLMainMenuDummyScene -> MainMenu
11:06:38.500 [FXGL Background Thread 4 ] DEBUG FXGLAssetLoaderServi - Loading from file system: jar:file:/C:/Users/Admin/.m2/repository/com/github/almasb/fxgl/11.17/fxgl-11.17.jar!/fxglassets/ui/fonts/Abel-Regular.ttf
11:06:38.506 [FXGL Background Thread 4 ] DEBUG FXGLAssetLoaderServi - Loading from file system: jar:file:/C:/Users/Admin/.m2/repository/com/github/almasb/fxgl/11.17/fxgl-11.17.jar!/fxglassets/ui/fonts/lucida_console.ttf
11:06:38.514 [FXGL Background Thread 4 ] DEBUG FXGLAssetLoaderServi - Loading from file system: jar:file:/C:/Users/Admin/.m2/repository/com/github/almasb/fxgl/11.17/fxgl-11.17.jar!/fxglassets/ui/fonts/Courier-Prime.ttf
11:06:38.524 [JavaFX Application Thread] DEBUG FXGLApplication      - Registering font factories with UI factory
11:06:39.540 [FXGL Background Thread 2 ] INFO  UpdaterService       - Your current version:  11.17
11:06:39.540 [FXGL Background Thread 2 ] INFO  UpdaterService       - Latest stable version: 17.2
11:06:39.581 [JavaFX Application Thread] DEBUG Menu                 - fireNewGame()
11:06:39.581 [JavaFX Application Thread] DEBUG GameApplicationServi - Starting new game
11:06:39.581 [JavaFX Application Thread] DEBUG PrimaryStageWindow   - Pop state: MainMenu
11:06:39.581 [JavaFX Application Thread] DEBUG Input                - Clearing active input actions
11:06:39.582 [JavaFX Application Thread] DEBUG GameApplicationServi - Removing overlay from MainMenu and adding to FXGLMainMenuDummyScene
11:06:39.582 [JavaFX Application Thread] DEBUG PrimaryStageWindow   - FXGLMainMenuDummyScene <- MainMenu
11:06:39.582 [JavaFX Application Thread] DEBUG Input                - Clearing active input actions
11:06:39.587 [JavaFX Application Thread] DEBUG GameApplicationServi - Removing overlay from FXGLMainMenuDummyScene and adding to FXGLLoadingScene
11:06:39.588 [JavaFX Application Thread] DEBUG PrimaryStageWindow   - FXGLMainMenuDummyScene -> FXGLLoadingScene
11:06:39.588 [JavaFX Application Thread] DEBUG GameApplicationServi - Clearing previous game
11:06:39.588 [JavaFX Application Thread] DEBUG GameScene            - Clearing game scene
11:06:39.588 [JavaFX Application Thread] DEBUG GameWorld            - Clearing game world
11:06:39.588 [JavaFX Application Thread] DEBUG PhysicsWorld         - Clearing physics world
11:06:39.589 [FXGL Background Thread 2 ] DEBUG FXGLApplication      - Initializing game
11:06:39.606 [FXGL Background Thread 2 ] DEBUG FXGLAssetLoaderServi - Loading from file system: file:/C:/Users/Admin/Desktop/Bomberman/target/classes/assets/textures/wall.png
11:06:39.670 [FXGL Background Thread 2 ] DEBUG FXGLAssetLoaderServi - Loading from file system: file:/C:/Users/Admin/Desktop/Bomberman/target/classes/assets/textures/player_die.png
11:06:39.673 [FXGL Background Thread 2 ] DEBUG FXGLAssetLoaderServi - Loading from file system: file:/C:/Users/Admin/Desktop/Bomberman/target/classes/assets/textures/player_down.png
11:06:39.675 [FXGL Background Thread 2 ] DEBUG FXGLAssetLoaderServi - Loading from file system: file:/C:/Users/Admin/Desktop/Bomberman/target/classes/assets/textures/player_right.png
11:06:39.676 [FXGL Background Thread 2 ] DEBUG FXGLAssetLoaderServi - Loading from file system: file:/C:/Users/Admin/Desktop/Bomberman/target/classes/assets/textures/player_up.png
11:06:39.678 [FXGL Background Thread 2 ] DEBUG FXGLAssetLoaderServi - Loading from file system: file:/C:/Users/Admin/Desktop/Bomberman/target/classes/assets/textures/player_left.png
11:06:39.686 [FXGL Background Thread 2 ] DEBUG FXGLAssetLoaderServi - Loading from file system: file:/C:/Users/Admin/Desktop/Bomberman/target/classes/assets/textures/powerup_bombs.png
11:06:39.689 [FXGL Background Thread 2 ] DEBUG FXGLAssetLoaderServi - Loading from file system: file:/C:/Users/Admin/Desktop/Bomberman/target/classes/assets/textures/brick.png
11:06:39.690 [FXGL Background Thread 2 ] DEBUG FXGLAssetLoaderServi - Loading from file system: file:/C:/Users/Admin/Desktop/Bomberman/target/classes/assets/textures/brick_break.png
11:06:39.695 [FXGL Background Thread 2 ] DEBUG FXGLAssetLoaderServi - Loading from file system: file:/C:/Users/Admin/Desktop/Bomberman/target/classes/assets/textures/enemy1.png
11:06:39.703 [FXGL Background Thread 2 ] DEBUG FXGLAssetLoaderServi - Loading from file system: file:/C:/Users/Admin/Desktop/Bomberman/target/classes/assets/textures/enemy2.png
11:06:39.745 [FXGL Background Thread 2 ] DEBUG FXGLAssetLoaderServi - Loading from file system: file:/C:/Users/Admin/Desktop/Bomberman/target/classes/assets/textures/portal.png
11:06:39.792 [FXGL Background Thread 2 ] DEBUG FXGLAssetLoaderServi - Loading from file system: file:/C:/Users/Admin/Desktop/Bomberman/target/classes/assets/textures/powerup_flames.png
11:06:39.851 [FXGL Background Thread 2 ] DEBUG FXGLAssetLoaderServi - Loading from file system: file:/C:/Users/Admin/Desktop/Bomberman/target/classes/assets/textures/enemy4.png
11:06:39.860 [FXGL Background Thread 2 ] DEBUG FXGLAssetLoaderServi - Loading from file system: file:/C:/Users/Admin/Desktop/Bomberman/target/classes/assets/textures/powerup_speed.png
11:06:39.864 [FXGL Background Thread 2 ] DEBUG FXGLAssetLoaderServi - Loading from file system: file:/C:/Users/Admin/Desktop/Bomberman/target/classes/assets/textures/enemy3.png
11:06:39.891 [FXGL Background Thread 2 ] INFO  FXGLApplication      - Game initialization took: 0.302 sec
11:06:39.899 [JavaFX Application Thread] DEBUG Input                - Clearing active input actions
11:06:39.913 [JavaFX Application Thread] DEBUG GameApplicationServi - Removing overlay from FXGLLoadingScene and adding to GameScene
11:06:39.913 [JavaFX Application Thread] DEBUG PrimaryStageWindow   - FXGLLoadingScene -> GameScene
11:06:39.921 [JavaFX Application Thread] DEBUG FXGLAssetLoaderServi - Loading from file system: file:/C:/Users/Admin/Desktop/Bomberman/target/classes/assets/sounds/stage_start.wav
11:06:39.935 [JavaFX Application Thread] DEBUG PrimaryStageWindow   - Push state: StageStartScene
11:06:39.936 [JavaFX Application Thread] DEBUG Input                - Clearing active input actions
11:06:39.936 [JavaFX Application Thread] DEBUG GameApplicationServi - Removing overlay from GameScene and adding to StageStartScene
11:06:39.937 [JavaFX Application Thread] DEBUG PrimaryStageWindow   - GameScene -> StageStartScene
11:06:40.996 [FXGL Background Thread 3 ] DEBUG Engine               - Logging environment variables
11:06:40.996 [FXGL Background Thread 3 ] DEBUG Engine               - achievements: []
11:06:40.996 [FXGL Background Thread 3 ] DEBUG Engine               - actualHeight: 720.0
11:06:40.996 [FXGL Background Thread 3 ] DEBUG Engine               - actualHeightProperty: ReadOnlyDoubleProperty [value: 720.0]
11:06:40.996 [FXGL Background Thread 3 ] DEBUG Engine               - actualWidth: 1280.0
11:06:40.996 [FXGL Background Thread 3 ] DEBUG Engine               - actualWidthProperty: ReadOnlyDoubleProperty [value: 1280.0]
11:06:40.996 [FXGL Background Thread 3 ] DEBUG Engine               - appIcon: fxgl_icon.png
11:06:40.996 [FXGL Background Thread 3 ] DEBUG Engine               - applicationMode: DEVELOPER
11:06:40.996 [FXGL Background Thread 3 ] DEBUG Engine               - cSSList: [fxgl_dark.css]
11:06:40.996 [FXGL Background Thread 3 ] DEBUG Engine               - collisionDetectionStrategy: BRUTE_FORCE
11:06:40.996 [FXGL Background Thread 3 ] DEBUG Engine               - configClass: Optional.empty
11:06:40.996 [FXGL Background Thread 3 ] DEBUG Engine               - credits: []
11:06:40.996 [FXGL Background Thread 3 ] DEBUG Engine               - defaultCursor: CursorInfo(imageName=fxgl_default_cursor.png, hotspotX=7.0, hotspotY=6.0)
11:06:40.996 [FXGL Background Thread 3 ] DEBUG Engine               - devBBoxColorProperty: ObjectProperty [value: 0xff0000ff]
11:06:40.996 [FXGL Background Thread 3 ] DEBUG Engine               - devEnableDebugCameraProperty: BooleanProperty [value: false]
11:06:40.997 [FXGL Background Thread 3 ] DEBUG Engine               - devSensorColorProperty: ObjectProperty [value: 0xffff00ff]
11:06:40.997 [FXGL Background Thread 3 ] DEBUG Engine               - devShowBBoxProperty: BooleanProperty [value: false]
11:06:40.997 [FXGL Background Thread 3 ] DEBUG Engine               - devShowPositionProperty: BooleanProperty [value: false]
11:06:40.997 [FXGL Background Thread 3 ] DEBUG Engine               - enabledMenuItems: []
11:06:40.997 [FXGL Background Thread 3 ] DEBUG Engine               - engineServices: [class com.almasb.fxgl.app.services.FXGLAssetLoaderService, class com.almasb.fxgl.app.FXGLApplication$GameApplicationService, class com.almasb.fxgl.app.services.FXGLDialogService, class com.almasb.fxgl.app.services.IOTaskExecutorService, class com.almasb.fxgl.io.FileSystemService, class com.almasb.fxgl.localization.LocalizationService, class com.almasb.fxgl.app.services.SystemBundleService, class com.almasb.fxgl.profile.SaveLoadService, class com.almasb.fxgl.ui.FXGLUIFactoryServiceProvider, class com.almasb.fxgl.ui.FXGLDialogFactoryServiceProvider, class com.almasb.fxgl.audio.AudioPlayer, class com.almasb.fxgl.notification.impl.NotificationServiceProvider, class com.almasb.fxgl.achievement.AchievementService, class com.almasb.fxgl.cutscene.CutsceneService, class com.almasb.fxgl.minigames.MiniGameService, class com.almasb.fxgl.net.NetService, class com.almasb.fxgl.app.services.UpdaterService, class com.almasb.fxgl.dev.DevService]
11:06:40.997 [FXGL Background Thread 3 ] DEBUG Engine               - fontGame: Abel-Regular.ttf
11:06:40.997 [FXGL Background Thread 3 ] DEBUG Engine               - fontMono: lucida_console.ttf
11:06:40.997 [FXGL Background Thread 3 ] DEBUG Engine               - fontText: Courier-Prime.ttf
11:06:40.997 [FXGL Background Thread 3 ] DEBUG Engine               - fontUI: game_font.ttf
11:06:40.997 [FXGL Background Thread 3 ] DEBUG Engine               - fullScreen: BooleanProperty [value: false]
11:06:40.997 [FXGL Background Thread 3 ] DEBUG Engine               - gameDifficulty: MEDIUM
11:06:40.997 [FXGL Background Thread 3 ] DEBUG Engine               - gameDifficultyProperty: ObjectProperty [value: MEDIUM]
11:06:40.997 [FXGL Background Thread 3 ] DEBUG Engine               - globalMusicVolume: 0.5
11:06:40.997 [FXGL Background Thread 3 ] DEBUG Engine               - globalMusicVolumeProperty: DoubleProperty [value: 0.0]
11:06:40.997 [FXGL Background Thread 3 ] DEBUG Engine               - globalSoundVolume: 0.5
11:06:40.997 [FXGL Background Thread 3 ] DEBUG Engine               - globalSoundVolumeProperty: DoubleProperty [value: 0.5]
11:06:40.997 [FXGL Background Thread 3 ] DEBUG Engine               - height: 720
11:06:40.997 [FXGL Background Thread 3 ] DEBUG Engine               - is3D: false
11:06:40.997 [FXGL Background Thread 3 ] DEBUG Engine               - isAndroid: false
11:06:40.997 [FXGL Background Thread 3 ] DEBUG Engine               - isBrowser: false
11:06:40.997 [FXGL Background Thread 3 ] DEBUG Engine               - isClickFeedbackEnabled: false
11:06:40.997 [FXGL Background Thread 3 ] DEBUG Engine               - isCloseConfirmation: false
11:06:40.997 [FXGL Background Thread 3 ] DEBUG Engine               - isDesktop: true
11:06:40.997 [FXGL Background Thread 3 ] DEBUG Engine               - isDeveloperMenuEnabled: false
11:06:40.998 [FXGL Background Thread 3 ] DEBUG Engine               - isEntityPreloadEnabled: true
11:06:40.998 [FXGL Background Thread 3 ] DEBUG Engine               - isExperimentalTiledLargeMap: false
11:06:40.998 [FXGL Background Thread 3 ] DEBUG Engine               - isFileSystemWriteAllowed: true
11:06:40.998 [FXGL Background Thread 3 ] DEBUG Engine               - isFullScreenAllowed: true
11:06:40.998 [FXGL Background Thread 3 ] DEBUG Engine               - isFullScreenFromStart: false
11:06:40.998 [FXGL Background Thread 3 ] DEBUG Engine               - isGameMenuEnabled: true
11:06:40.998 [FXGL Background Thread 3 ] DEBUG Engine               - isIOS: false
11:06:40.998 [FXGL Background Thread 3 ] DEBUG Engine               - isIntroEnabled: false
11:06:40.998 [FXGL Background Thread 3 ] DEBUG Engine               - isLinux: false
11:06:40.998 [FXGL Background Thread 3 ] DEBUG Engine               - isMac: false
11:06:40.998 [FXGL Background Thread 3 ] DEBUG Engine               - isMainMenuEnabled: true
11:06:40.998 [FXGL Background Thread 3 ] DEBUG Engine               - isManualResizeEnabled: false
11:06:40.998 [FXGL Background Thread 3 ] DEBUG Engine               - isMobile: false
11:06:40.998 [FXGL Background Thread 3 ] DEBUG Engine               - isNative: false
11:06:40.998 [FXGL Background Thread 3 ] DEBUG Engine               - isPauseMusicWhenMinimized: true
11:06:40.998 [FXGL Background Thread 3 ] DEBUG Engine               - isPreserveResizeRatio: false
11:06:40.998 [FXGL Background Thread 3 ] DEBUG Engine               - isProfilingEnabled: false
11:06:40.998 [FXGL Background Thread 3 ] DEBUG Engine               - isScaleAffectedOnResize: true
11:06:40.998 [FXGL Background Thread 3 ] DEBUG Engine               - isSingleStep: false
11:06:40.998 [FXGL Background Thread 3 ] DEBUG Engine               - isUserProfileEnabled: false
11:06:40.998 [FXGL Background Thread 3 ] DEBUG Engine               - isWindows: true
11:06:40.998 [FXGL Background Thread 3 ] DEBUG Engine               - language: ObjectProperty [value: ENGLISH]
11:06:40.998 [FXGL Background Thread 3 ] DEBUG Engine               - menuKey: ESCAPE
11:06:40.998 [FXGL Background Thread 3 ] DEBUG Engine               - mouseSensitivity: 0.2
11:06:40.998 [FXGL Background Thread 3 ] DEBUG Engine               - notificationViewClass: class com.almasb.fxgl.notification.view.XboxNotificationView
11:06:40.998 [FXGL Background Thread 3 ] DEBUG Engine               - pixelsPerMeter: 50.0
11:06:40.998 [FXGL Background Thread 3 ] DEBUG Engine               - platform: WINDOWS
11:06:40.998 [FXGL Background Thread 3 ] DEBUG Engine               - prefHeightProperty: ReadOnlyDoubleProperty [value: 720.0]
11:06:40.998 [FXGL Background Thread 3 ] DEBUG Engine               - prefWidthProperty: ReadOnlyDoubleProperty [value: 1280.0]
11:06:40.998 [FXGL Background Thread 3 ] DEBUG Engine               - profileDir: profiles/
11:06:40.998 [FXGL Background Thread 3 ] DEBUG Engine               - profileName: StringProperty [value: DEFAULT]
11:06:40.998 [FXGL Background Thread 3 ] DEBUG Engine               - randomSeed: -1
11:06:40.998 [FXGL Background Thread 3 ] DEBUG Engine               - runtimeInfo: RuntimeInfo(platform=WINDOWS, version=11.17, build=16.07.2021 15.46)
11:06:40.998 [FXGL Background Thread 3 ] DEBUG Engine               - saveFileExt: sav
11:06:40.998 [FXGL Background Thread 3 ] DEBUG Engine               - scaledHeightProp$fxgl: DoubleProperty [bound, value: 720.0]
11:06:40.998 [FXGL Background Thread 3 ] DEBUG Engine               - scaledWidthProp$fxgl: DoubleProperty [bound, value: 1280.0]
11:06:40.998 [FXGL Background Thread 3 ] DEBUG Engine               - sceneFactory: Bomberman.BombermanGame$1@f1a39ff
11:06:40.998 [FXGL Background Thread 3 ] DEBUG Engine               - secondsIn24h: 60
11:06:40.998 [FXGL Background Thread 3 ] DEBUG Engine               - soundMenuBack: menu/back.wav
11:06:40.998 [FXGL Background Thread 3 ] DEBUG Engine               - soundMenuPress: menu/press.wav
11:06:40.998 [FXGL Background Thread 3 ] DEBUG Engine               - soundMenuSelect: menu/select.wav
11:06:40.999 [FXGL Background Thread 3 ] DEBUG Engine               - soundNotification: core/notification.wav
11:06:40.999 [FXGL Background Thread 3 ] DEBUG Engine               - stageStyle: DECORATED
11:06:41.000 [FXGL Background Thread 3 ] DEBUG Engine               - supportedLanguages: [ENGLISH, FRENCH, GERMAN, HUNGARIAN, RUSSIAN]
11:06:41.000 [FXGL Background Thread 3 ] DEBUG Engine               - ticksPerSecond: -1
11:06:41.000 [FXGL Background Thread 3 ] DEBUG Engine               - title: BOMBER
 MAN
11:06:41.000 [FXGL Background Thread 3 ] DEBUG Engine               - urlGithub: https://github.com/AlmasB/FXGL
11:06:41.000 [FXGL Background Thread 3 ] DEBUG Engine               - urlLeaderboard: http://fxgl-top.herokuapp.com/
11:06:41.000 [FXGL Background Thread 3 ] DEBUG Engine               - urlPOM: https://raw.githubusercontent.com/AlmasB/FXGL/release/README.md
11:06:41.000 [FXGL Background Thread 3 ] DEBUG Engine               - userAppClass: class Bomberman.BombermanGame
11:06:41.000 [FXGL Background Thread 3 ] DEBUG Engine               - version: 1.0
11:06:41.000 [FXGL Background Thread 3 ] DEBUG Engine               - versionCheckDays: 7
11:06:41.000 [FXGL Background Thread 3 ] DEBUG Engine               - width: 1280
11:06:41.000 [FXGL Background Thread 3 ] DEBUG Engine               - Logging services
11:06:41.000 [FXGL Background Thread 3 ] DEBUG Engine               - class com.almasb.fxgl.app.services.FXGLAssetLoaderService
11:06:41.000 [FXGL Background Thread 3 ] DEBUG Engine               - class com.almasb.fxgl.app.FXGLApplication$GameApplicationService
11:06:41.000 [FXGL Background Thread 3 ] DEBUG Engine               - class com.almasb.fxgl.app.services.FXGLDialogService
11:06:41.000 [FXGL Background Thread 3 ] DEBUG Engine               - class com.almasb.fxgl.app.services.IOTaskExecutorService
11:06:41.000 [FXGL Background Thread 3 ] DEBUG Engine               - class com.almasb.fxgl.io.FileSystemService
11:06:41.000 [FXGL Background Thread 3 ] DEBUG Engine               - class com.almasb.fxgl.localization.LocalizationService
11:06:41.000 [FXGL Background Thread 3 ] DEBUG Engine               - class com.almasb.fxgl.app.services.SystemBundleService
11:06:41.000 [FXGL Background Thread 3 ] DEBUG Engine               - class com.almasb.fxgl.profile.SaveLoadService
11:06:41.000 [FXGL Background Thread 3 ] DEBUG Engine               - class com.almasb.fxgl.ui.FXGLUIFactoryServiceProvider
11:06:41.000 [FXGL Background Thread 3 ] DEBUG Engine               - class com.almasb.fxgl.ui.FXGLDialogFactoryServiceProvider
11:06:41.000 [FXGL Background Thread 3 ] DEBUG Engine               - class com.almasb.fxgl.audio.AudioPlayer
11:06:41.000 [FXGL Background Thread 3 ] DEBUG Engine               - class com.almasb.fxgl.notification.impl.NotificationServiceProvider
11:06:41.000 [FXGL Background Thread 3 ] DEBUG Engine               - class com.almasb.fxgl.achievement.AchievementService
11:06:41.000 [FXGL Background Thread 3 ] DEBUG Engine               - class com.almasb.fxgl.cutscene.CutsceneService
11:06:41.000 [FXGL Background Thread 3 ] DEBUG Engine               - class com.almasb.fxgl.minigames.MiniGameService
11:06:41.000 [FXGL Background Thread 3 ] DEBUG Engine               - class com.almasb.fxgl.net.NetService
11:06:41.000 [FXGL Background Thread 3 ] DEBUG Engine               - class com.almasb.fxgl.app.services.UpdaterService
11:06:41.000 [FXGL Background Thread 3 ] DEBUG Engine               - class com.almasb.fxgl.dev.DevService
11:06:43.724 [JavaFX Application Thread] DEBUG PrimaryStageWindow   - Pop state: StageStartScene
11:06:43.724 [JavaFX Application Thread] DEBUG Input                - Clearing active input actions
11:06:43.725 [JavaFX Application Thread] DEBUG GameApplicationServi - Removing overlay from StageStartScene and adding to GameScene
11:06:43.725 [JavaFX Application Thread] DEBUG PrimaryStageWindow   - GameScene <- StageStartScene
11:06:45.318 [JavaFX Application Thread] DEBUG FXGLAssetLoaderServi - Loading from file system: file:/C:/Users/Admin/Desktop/Bomberman/target/classes/assets/sounds/place_bomb.wav
11:06:45.325 [JavaFX Application Thread] DEBUG FXGLAssetLoaderServi - Loading from file system: file:/C:/Users/Admin/Desktop/Bomberman/target/classes/assets/textures/bomb.png
11:06:47.356 [JavaFX Application Thread] DEBUG FXGLAssetLoaderServi - Loading from file system: file:/C:/Users/Admin/Desktop/Bomberman/target/classes/assets/sounds/explosion.wav
11:06:47.361 [JavaFX Application Thread] DEBUG FXGLAssetLoaderServi - Loading from file system: file:/C:/Users/Admin/Desktop/Bomberman/target/classes/assets/textures/central_flame.png
11:06:47.362 [JavaFX Application Thread] DEBUG FXGLAssetLoaderServi - Loading from file system: file:/C:/Users/Admin/Desktop/Bomberman/target/classes/assets/textures/top_up_flame.png
11:06:47.363 [JavaFX Application Thread] DEBUG FXGLAssetLoaderServi - Loading from file system: file:/C:/Users/Admin/Desktop/Bomberman/target/classes/assets/textures/top_down_flame.png
11:06:47.363 [JavaFX Application Thread] DEBUG FXGLAssetLoaderServi - Loading from file system: file:/C:/Users/Admin/Desktop/Bomberman/target/classes/assets/textures/top_right_flame.png
11:06:47.364 [JavaFX Application Thread] DEBUG FXGLAssetLoaderServi - Loading from file system: file:/C:/Users/Admin/Desktop/Bomberman/target/classes/assets/textures/top_left_flame.png
11:06:50.878 [JavaFX Application Thread] DEBUG FXGLAssetLoaderServi - Loading from file system: file:/C:/Users/Admin/Desktop/Bomberman/target/classes/assets/sounds/powerup.wav
11:06:55.405 [JavaFX Application Thread] DEBUG FXGLAssetLoaderServi - Loading from file system: file:/C:/Users/Admin/Desktop/Bomberman/target/classes/assets/textures/right_flame.png
11:06:55.406 [JavaFX Application Thread] DEBUG FXGLAssetLoaderServi - Loading from file system: file:/C:/Users/Admin/Desktop/Bomberman/target/classes/assets/textures/left_flame.png
11:06:55.407 [JavaFX Application Thread] DEBUG FXGLAssetLoaderServi - Loading from file system: file:/C:/Users/Admin/Desktop/Bomberman/target/classes/assets/textures/down_flame.png
11:06:55.408 [JavaFX Application Thread] DEBUG FXGLAssetLoaderServi - Loading from file system: file:/C:/Users/Admin/Desktop/Bomberman/target/classes/assets/textures/up_flame.png
11:07:04.125 [JavaFX Application Thread] WARN  GameWorld            - Attempted to remove entity which is not active
11:07:17.325 [JavaFX Application Thread] WARN  GameWorld            - Attempted to remove entity which is not active
11:07:25.262 [JavaFX Application Thread] DEBUG FXGLAssetLoaderServi - Loading from file system: file:/C:/Users/Admin/Desktop/Bomberman/target/classes/assets/sounds/player_die.wav
11:07:41.021 [JavaFX Application Thread] WARN  GameWorld            - Attempted to remove entity which is not active
11:07:46.589 [JavaFX Application Thread] WARN  GameWorld            - Attempted to remove entity which is not active
11:07:53.565 [JavaFX Application Thread] WARN  GameWorld            - Attempted to remove entity which is not active
11:08:07.131 [JavaFX Application Thread] DEBUG PrimaryStageWindow   - Push state: GameMenu
11:08:07.131 [JavaFX Application Thread] DEBUG Input                - Clearing active input actions
11:08:07.132 [JavaFX Application Thread] DEBUG GameApplicationServi - Removing overlay from GameScene and adding to GameMenu
11:08:07.133 [JavaFX Application Thread] DEBUG PrimaryStageWindow   - GameScene -> GameMenu
11:08:08.123 [JavaFX Application Thread] DEBUG Menu                 - fireExit()
11:08:08.129 [JavaFX Application Thread] DEBUG PrimaryStageWindow   - Push state: DialogSubScene
11:08:08.130 [JavaFX Application Thread] DEBUG Input                - Clearing active input actions
11:08:08.130 [JavaFX Application Thread] DEBUG GameApplicationServi - Removing overlay from GameMenu and adding to DialogSubScene
11:08:08.130 [JavaFX Application Thread] DEBUG PrimaryStageWindow   - GameMenu -> DialogSubScene
11:08:09.004 [JavaFX Application Thread] DEBUG PrimaryStageWindow   - Pop state: DialogSubScene
11:08:09.004 [JavaFX Application Thread] DEBUG Input                - Clearing active input actions
11:08:09.005 [JavaFX Application Thread] DEBUG GameApplicationServi - Removing overlay from DialogSubScene and adding to GameMenu
11:08:09.005 [JavaFX Application Thread] DEBUG PrimaryStageWindow   - GameMenu <- DialogSubScene
11:08:09.005 [JavaFX Application Thread] DEBUG FXGLApplication      - Exiting FXGL
11:08:09.005 [JavaFX Application Thread] DEBUG LoopRunner           - Stopping loop
11:08:09.005 [JavaFX Application Thread] DEBUG SystemBundleService  - Saving FXGL system data
11:08:09.007 [JavaFX Application Thread] DEBUG FileSystemAccess     - Writing to: C:\Users\Admin\Desktop\Bomberman\system\fxgl.bundle
11:08:09.008 [JavaFX Application Thread] DEBUG Async                - Shutting down background threads
11:08:09.008 [JavaFX Application Thread] DEBUG PrimaryStageWindow   - Closing main window
11:08:09.022 [JavaFX Application Thread] DEBUG Logger               - Closing Logger
