20:52:02.161 [main                     ] DEBUG Logger               - Configured Logger
20:52:02.184 [main                     ] DEBUG GameApplication      - Logging settings
Title: BOMBER
 MAN
Version: 1.0
Width: 1280
Height: 720
Fullscreen: true
Intro: false
Profiling: false
Single step:false
App Mode: DEVELOPER
Menu Key: ESCAPE
Stage Style: DECORATED
Scene Factory: class Bomberman.BombermanGame$1

20:52:03.262 [JavaFX Application Thread] DEBUG FXGLApplication      - Initializing FXGL
20:52:03.265 [JavaFX Application Thread] INFO  Engine               - FXGL-11.17 (16.07.2021 15.46) on WINDOWS (J:11.0.16.1 FX:16)
20:52:03.265 [JavaFX Application Thread] DEBUG Engine               - JRE Vendor Name: Oracle Corporation
20:52:03.265 [JavaFX Application Thread] DEBUG Engine               - Running on OS: Windows 11 version 10.0
20:52:03.265 [JavaFX Application Thread] DEBUG Engine               - Architecture: amd64
20:52:03.265 [JavaFX Application Thread] INFO  Engine               - Source code and latest versions at: https://github.com/AlmasB/FXGL
20:52:03.266 [JavaFX Application Thread] INFO  Engine               -              Join the FXGL chat at: https://gitter.im/AlmasB/FXGL
20:52:03.393 [JavaFX Application Thread] DEBUG PrimaryStageWindow   - Creating a JavaFX scene
20:52:03.451 [JavaFX Application Thread] DEBUG PrimaryStageWindow   - Target settings size: 1280.0 x 720.0
20:52:03.452 [JavaFX Application Thread] DEBUG PrimaryStageWindow   - Scaled scene size:    1280.0 x 720.0
20:52:03.452 [JavaFX Application Thread] DEBUG PrimaryStageWindow   - Scaled ratio: (1.0, 1.0)
20:52:03.453 [JavaFX Application Thread] DEBUG PrimaryStageWindow   - Set initial scene to FXGLStartupScene
20:52:03.460 [JavaFX Application Thread] DEBUG PrimaryStageWindow   - Opening main window
20:52:03.573 [JavaFX Application Thread] DEBUG PrimaryStageWindow   - Window border size: (13.0, 35.5)
20:52:03.573 [JavaFX Application Thread] DEBUG PrimaryStageWindow   - Scaled size: 1280.0 x 720.0
20:52:03.573 [JavaFX Application Thread] DEBUG PrimaryStageWindow   - Scaled ratio: (1.0, 1.0)
20:52:03.574 [JavaFX Application Thread] DEBUG PrimaryStageWindow   - Scene size: 1280.0 x 720.0
20:52:03.574 [JavaFX Application Thread] DEBUG PrimaryStageWindow   - Stage size: 1293.0 x 755.5
20:52:03.584 [FXGL Background Thread 1 ] DEBUG Engine               - Initializing environment variables
20:52:03.687 [FXGL Background Thread 1 ] DEBUG FXGLAssetLoaderServi - User app class for loading assets: class Bomberman.BombermanGame
20:52:03.687 [FXGL Background Thread 1 ] DEBUG GameApplicationServi - Applying CSS: fxgl_dark.css
20:52:03.688 [FXGL Background Thread 1 ] DEBUG FXGLAssetLoaderServi - Loading from file system: jar:file:/C:/Users/Admin/.m2/repository/com/github/almasb/fxgl/11.17/fxgl-11.17.jar!/fxglassets/ui/css/fxgl_dark.css
20:52:03.742 [FXGL Background Thread 1 ] DEBUG GameApplicationServi - Initializing application scenes
20:52:03.795 [FXGL Background Thread 1 ] DEBUG GameWorld            - Game world initialized
20:52:03.875 [FXGL Background Thread 1 ] DEBUG PhysicsWorld         - Physics world initialized: appHeight=720, physics.ppm=50.0
20:52:03.875 [FXGL Background Thread 1 ] DEBUG PhysicsWorld         - Using strategy: BRUTE_FORCE
20:52:03.879 [FXGL Background Thread 1 ] DEBUG GameScene            - Game scene initialized: 1280x720
20:52:03.888 [JavaFX Application Thread] DEBUG LoopRunner           - Stopping loop
20:52:03.888 [JavaFX Application Thread] DEBUG LoopRunner           - Initializing JavaFX AnimationTimerLoop
20:52:03.892 [JavaFX Application Thread] FATAL FXGLApplication      - Uncaught Exception:
java.lang.IllegalArgumentException: Invalid URL: Invalid URL or resource not found
	at javafx.scene.image.Image.validateUrl(Image.java:1125)
	at javafx.scene.image.Image.<init>(Image.java:618)
	at Bomberman.Menu.MainMenu.<init>(MainMenu.java:38)
	at Bomberman.BombermanGame$1.newMainMenu(BombermanGame.java:81)
	at com.almasb.fxgl.app.FXGLApplication$GameApplicationService.initAppScenes(FXGLApplication.kt:457)
	at com.almasb.fxgl.app.FXGLApplication$GameApplicationService.onInit(FXGLApplication.kt:417)
	at com.almasb.fxgl.app.Engine.initServices(Engine.kt:84)
	at com.almasb.fxgl.app.FXGLApplication.startImpl$lambda-2(FXGLApplication.kt:138)
	at com.almasb.fxgl.core.concurrent.IOTask.lambda$ofVoid$5(IOTask.java:184)
	at com.almasb.fxgl.core.concurrent.IOTask$2.onExecute(IOTask.java:197)
	at com.almasb.fxgl.core.concurrent.IOTask$1.call(IOTask.java:148)
	at javafx.concurrent.Task$TaskCallable.call(Task.java:1425)
	at java.base/java.util.concurrent.FutureTask.run(FutureTask.java:264)
	at java.base/java.util.concurrent.Executors$RunnableAdapter.call(Executors.java:515)
	at java.base/java.util.concurrent.FutureTask.run(FutureTask.java:264)
	at java.base/java.util.concurrent.ThreadPoolExecutor.runWorker(ThreadPoolExecutor.java:1128)
	at java.base/java.util.concurrent.ThreadPoolExecutor$Worker.run(ThreadPoolExecutor.java:628)
	at java.base/java.lang.Thread.run(Thread.java:834)
Caused by: java.lang.IllegalArgumentException: Invalid URL or resource not found
	at javafx.scene.image.Image.validateUrl(Image.java:1117)
	... 17 more

20:52:03.892 [JavaFX Application Thread] FATAL FXGLApplication      - Application will now exit
20:52:03.949 [JavaFX Application Thread] DEBUG PrimaryStageWindow   - Push state: ErrorSubScene
20:52:03.950 [JavaFX Application Thread] DEBUG Input                - Clearing active input actions
20:52:03.958 [JavaFX Application Thread] DEBUG GameApplicationServi - Removing overlay from FXGLStartupScene and adding to ErrorSubScene
20:52:03.958 [JavaFX Application Thread] DEBUG PrimaryStageWindow   - FXGLStartupScene -> ErrorSubScene
20:52:06.621 [JavaFX Application Thread] DEBUG FXGLApplication      - Exiting FXGL
20:52:06.621 [JavaFX Application Thread] DEBUG Async                - Shutting down background threads
20:52:06.621 [JavaFX Application Thread] DEBUG PrimaryStageWindow   - Closing main window
20:52:06.634 [JavaFX Application Thread] DEBUG Logger               - Closing Logger
