07:55:29.636 [main                     ] DEBUG Logger               - Configured Logger
07:55:29.639 [main                     ] DEBUG GameApplication      - Logging settings
Title: BOMBERMAN
Version: 1.0
Width: 1488
Height: 624
Fullscreen: true
Intro: false
Profiling: false
Single step:false
App Mode: DEVELOPER
Menu Key: ESCAPE
Stage Style: DECORATED
Scene Factory: class com.almasb.fxgl.app.scene.SceneFactory

07:55:29.953 [JavaFX Application Thread] DEBUG FXGLApplication      - Initializing FXGL
07:55:29.953 [JavaFX Application Thread] INFO  Engine               - FXGL-11.17 (16.07.2021 15.46) on WINDOWS (J:11.0.16.1 FX:16)
07:55:29.954 [JavaFX Application Thread] DEBUG Engine               - JRE Vendor Name: Oracle Corporation
07:55:29.954 [JavaFX Application Thread] DEBUG Engine               - Running on OS: Windows 11 version 10.0
07:55:29.954 [JavaFX Application Thread] DEBUG Engine               - Architecture: amd64
07:55:29.954 [JavaFX Application Thread] INFO  Engine               - Source code and latest versions at: https://github.com/AlmasB/FXGL
07:55:29.954 [JavaFX Application Thread] INFO  Engine               -              Join the FXGL chat at: https://gitter.im/AlmasB/FXGL
07:55:30.046 [JavaFX Application Thread] DEBUG PrimaryStageWindow   - Creating a JavaFX scene
07:55:30.046 [JavaFX Application Thread] DEBUG PrimaryStageWindow   - Target size > screen size
07:55:30.093 [JavaFX Application Thread] DEBUG PrimaryStageWindow   - Target settings size: 1488.0 x 624.0
07:55:30.093 [JavaFX Application Thread] DEBUG PrimaryStageWindow   - Scaled scene size:    1415.0 x 603.0
07:55:30.093 [JavaFX Application Thread] DEBUG PrimaryStageWindow   - Scaled ratio: (0.9509408602150538, 0.9663461538461539)
07:55:30.095 [JavaFX Application Thread] DEBUG PrimaryStageWindow   - Set initial scene to FXGLStartupScene
07:55:30.102 [JavaFX Application Thread] DEBUG PrimaryStageWindow   - Opening main window
07:55:30.187 [JavaFX Application Thread] DEBUG PrimaryStageWindow   - Window border size: (13.0, 35.5)
07:55:30.187 [JavaFX Application Thread] DEBUG PrimaryStageWindow   - Scaled size: 1415.0 x 603.0
07:55:30.187 [JavaFX Application Thread] DEBUG PrimaryStageWindow   - Scaled ratio: (0.9509408602150538, 0.9663461538461539)
07:55:30.187 [JavaFX Application Thread] DEBUG PrimaryStageWindow   - Scene size: 1415.0 x 603.0
07:55:30.187 [JavaFX Application Thread] DEBUG PrimaryStageWindow   - Stage size: 1428.0 x 638.5
07:55:30.196 [FXGL Background Thread 1 ] DEBUG Engine               - Initializing environment variables
07:55:30.261 [FXGL Background Thread 1 ] DEBUG FXGLAssetLoaderServi - User app class for loading assets: class Bomberman.BombermanGame
07:55:30.261 [FXGL Background Thread 1 ] DEBUG GameApplicationServi - Applying CSS: fxgl_dark.css
07:55:30.262 [FXGL Background Thread 1 ] DEBUG FXGLAssetLoaderServi - Loading from file system: jar:file:/C:/Users/Admin/.m2/repository/com/github/almasb/fxgl/11.17/fxgl-11.17.jar!/fxglassets/ui/css/fxgl_dark.css
07:55:30.299 [FXGL Background Thread 1 ] DEBUG GameApplicationServi - Initializing application scenes
07:55:30.332 [FXGL Background Thread 1 ] DEBUG GameWorld            - Game world initialized
07:55:30.371 [FXGL Background Thread 1 ] DEBUG PhysicsWorld         - Physics world initialized: appHeight=624, physics.ppm=50.0
07:55:30.372 [FXGL Background Thread 1 ] DEBUG PhysicsWorld         - Using strategy: BRUTE_FORCE
07:55:30.374 [FXGL Background Thread 1 ] DEBUG GameScene            - Game scene initialized: 1488x624
07:55:30.384 [FXGL Background Thread 1 ] DEBUG FXGL.DefaultMenu     - createMenuBodyGameMenu()
07:55:30.397 [FXGL Background Thread 1 ] DEBUG FXGL.DefaultMenu     - createOptionsMenu()
07:55:30.404 [FXGL Background Thread 1 ] DEBUG FXGLAssetLoaderServi - Loading from file system: jar:file:/C:/Users/Admin/.m2/repository/com/github/almasb/fxgl/11.17/fxgl-11.17.jar!/fxglassets/textures/particles/smoke.png
07:55:30.483 [FXGL Background Thread 1 ] DEBUG FXGLAssetLoaderServi - Loading from file system: jar:file:/C:/Users/Admin/.m2/repository/com/github/almasb/fxgl/11.17/fxgl-11.17.jar!/fxglassets/textures/particles/trace_horizontal.png
07:55:30.517 [FXGL Background Thread 1 ] DEBUG GameApplicationServi - Application scenes initialized
07:55:30.529 [FXGL Background Thread 1 ] DEBUG SystemBundleService  - Loading FXGL system data
07:55:30.534 [FXGL Background Thread 1 ] DEBUG FileSystemAccess     - Reading from: C:\Users\Admin\Desktop\Bomberman\system\fxgl.bundle
07:55:30.540 [FXGL Background Thread 1 ] DEBUG SystemBundleService  - Bundle FXGL: {}
07:55:30.541 [FXGL Background Thread 1 ] DEBUG UpdaterService       - Checking for updates
07:55:30.544 [FXGL Background Thread 4 ] DEBUG FXGLApplication      - Loading fonts
07:55:30.544 [FXGL Background Thread 4 ] DEBUG FXGLAssetLoaderServi - Loading from file system: jar:file:/C:/Users/Admin/.m2/repository/com/github/almasb/fxgl/11.17/fxgl-11.17.jar!/fxglassets/ui/fonts/VarelaRound-Regular.ttf
07:55:30.545 [FXGL Background Thread 1 ] DEBUG FXGLApplication      - Loading default localization
07:55:30.545 [FXGL Background Thread 1 ] DEBUG FXGLAssetLoaderServi - Loading from file system: jar:file:/C:/Users/Admin/.m2/repository/com/github/almasb/fxgl/11.17/fxgl-11.17.jar!/fxglassets/languages/english.lang
07:55:30.558 [FXGL Background Thread 1 ] INFO  FXGLApplication      - FXGL initialization took: 0.361 sec
07:55:30.567 [JavaFX Application Thread] DEBUG Input                - Registered new binding: Move Left - A
07:55:30.567 [JavaFX Application Thread] DEBUG Input                - Registered new binding: Move Right - D
07:55:30.567 [JavaFX Application Thread] DEBUG Input                - Registered new binding: Move Up - W
07:55:30.568 [JavaFX Application Thread] DEBUG Input                - Registered new binding: Move Down - S
07:55:30.568 [JavaFX Application Thread] DEBUG Input                - Registered new binding: Place Bomb - Space
07:55:30.568 [JavaFX Application Thread] DEBUG FXGLAssetLoaderServi - Loading from file system: jar:file:/C:/Users/Admin/.m2/repository/com/github/almasb/fxgl/11.17/fxgl-11.17.jar!/fxglassets/textures/fxgl_icon.png
07:55:30.586 [JavaFX Application Thread] DEBUG FXGLAssetLoaderServi - Loading from file system: jar:file:/C:/Users/Admin/.m2/repository/com/github/almasb/fxgl/11.17/fxgl-11.17.jar!/fxglassets/textures/fxgl_default_cursor.png
07:55:30.589 [JavaFX Application Thread] DEBUG Input                - Registered new binding: Screenshot - CTRL+8
07:55:30.589 [JavaFX Application Thread] DEBUG Input                - Registered new binding: System info dump - CTRL+9
07:55:30.589 [JavaFX Application Thread] DEBUG Input                - Registered new binding: Restart - CTRL+R
07:55:30.590 [JavaFX Application Thread] DEBUG Input                - Registered new binding: Toggle Debug Camera - CTRL+C
07:55:30.592 [JavaFX Application Thread] DEBUG LoopRunner           - Starting loop
07:55:30.593 [JavaFX Application Thread] DEBUG LoopRunner           - Initializing JavaFX AnimationTimerLoop
07:55:30.593 [JavaFX Application Thread] DEBUG GameApplicationServi - Starting new game
07:55:30.593 [JavaFX Application Thread] DEBUG Input                - Clearing active input actions
07:55:30.608 [JavaFX Application Thread] DEBUG GameApplicationServi - Removing overlay from FXGLStartupScene and adding to FXGLLoadingScene
07:55:30.609 [JavaFX Application Thread] DEBUG PrimaryStageWindow   - FXGLStartupScene -> FXGLLoadingScene
07:55:30.609 [JavaFX Application Thread] DEBUG GameApplicationServi - Clearing previous game
07:55:30.609 [JavaFX Application Thread] DEBUG GameScene            - Clearing game scene
07:55:30.609 [JavaFX Application Thread] DEBUG GameWorld            - Clearing game world
07:55:30.610 [JavaFX Application Thread] DEBUG PhysicsWorld         - Clearing physics world
07:55:30.611 [FXGL Background Thread 1 ] DEBUG FXGLApplication      - Initializing game
07:55:30.625 [FXGL Background Thread 1 ] DEBUG FXGLAssetLoaderServi - Loading from file system: file:/C:/Users/Admin/Desktop/Bomberman/target/classes/assets/textures/wall.png
07:55:30.672 [FXGL Background Thread 1 ] DEBUG FXGLAssetLoaderServi - Loading from file system: file:/C:/Users/Admin/Desktop/Bomberman/target/classes/assets/textures/player_die.png
07:55:30.674 [FXGL Background Thread 1 ] DEBUG FXGLAssetLoaderServi - Loading from file system: file:/C:/Users/Admin/Desktop/Bomberman/target/classes/assets/textures/player_down.png
07:55:30.675 [FXGL Background Thread 1 ] DEBUG FXGLAssetLoaderServi - Loading from file system: file:/C:/Users/Admin/Desktop/Bomberman/target/classes/assets/textures/player_right.png
07:55:30.675 [FXGL Background Thread 1 ] DEBUG FXGLAssetLoaderServi - Loading from file system: file:/C:/Users/Admin/Desktop/Bomberman/target/classes/assets/textures/player_up.png
07:55:30.676 [FXGL Background Thread 1 ] DEBUG FXGLAssetLoaderServi - Loading from file system: file:/C:/Users/Admin/Desktop/Bomberman/target/classes/assets/textures/player_left.png
07:55:30.681 [FXGL Background Thread 1 ] DEBUG FXGLAssetLoaderServi - Loading from file system: file:/C:/Users/Admin/Desktop/Bomberman/target/classes/assets/textures/brick.png
07:55:30.682 [FXGL Background Thread 1 ] DEBUG FXGLAssetLoaderServi - Loading from file system: file:/C:/Users/Admin/Desktop/Bomberman/target/classes/assets/textures/brick_break.png
07:55:30.723 [FXGL Background Thread 1 ] DEBUG FXGLAssetLoaderServi - Loading from file system: file:/C:/Users/Admin/Desktop/Bomberman/target/classes/assets/textures/portal.png
07:55:30.755 [FXGL Background Thread 1 ] DEBUG FXGLAssetLoaderServi - Loading from file system: file:/C:/Users/Admin/Desktop/Bomberman/target/classes/assets/textures/powerup_bombs.png
07:55:30.758 [FXGL Background Thread 1 ] DEBUG FXGLAssetLoaderServi - Loading from file system: file:/C:/Users/Admin/Desktop/Bomberman/target/classes/assets/textures/powerup_flames.png
07:55:30.760 [FXGL Background Thread 1 ] DEBUG FXGLAssetLoaderServi - Loading from file system: file:/C:/Users/Admin/Desktop/Bomberman/target/classes/assets/textures/powerup_speed.png
07:55:30.781 [FXGL Background Thread 4 ] DEBUG FXGLAssetLoaderServi - Loading from file system: jar:file:/C:/Users/Admin/.m2/repository/com/github/almasb/fxgl/11.17/fxgl-11.17.jar!/fxglassets/ui/fonts/Abel-Regular.ttf
07:55:30.802 [FXGL Background Thread 4 ] DEBUG FXGLAssetLoaderServi - Loading from file system: jar:file:/C:/Users/Admin/.m2/repository/com/github/almasb/fxgl/11.17/fxgl-11.17.jar!/fxglassets/ui/fonts/lucida_console.ttf
07:55:30.810 [FXGL Background Thread 4 ] DEBUG FXGLAssetLoaderServi - Loading from file system: jar:file:/C:/Users/Admin/.m2/repository/com/github/almasb/fxgl/11.17/fxgl-11.17.jar!/fxglassets/ui/fonts/Courier-Prime.ttf
07:55:30.827 [JavaFX Application Thread] DEBUG FXGLApplication      - Registering font factories with UI factory
07:55:30.866 [FXGL Background Thread 1 ] INFO  FXGLApplication      - Game initialization took: 0.254 sec
07:55:30.866 [JavaFX Application Thread] DEBUG Input                - Clearing active input actions
07:55:30.883 [JavaFX Application Thread] DEBUG GameApplicationServi - Removing overlay from FXGLLoadingScene and adding to GameScene
07:55:30.884 [JavaFX Application Thread] DEBUG PrimaryStageWindow   - FXGLLoadingScene -> GameScene
07:55:32.375 [JavaFX Application Thread] DEBUG FXGLAssetLoaderServi - Loading from file system: file:/C:/Users/Admin/Desktop/Bomberman/target/classes/assets/textures/bomb.png
07:55:32.377 [JavaFX Application Thread] DEBUG FXGLAssetLoaderServi - Loading from file system: file:/C:/Users/Admin/Desktop/Bomberman/target/classes/assets/sounds/place_bomb.wav
07:55:33.223 [FXGL Background Thread 2 ] INFO  UpdaterService       - Your current version:  11.17
07:55:33.224 [FXGL Background Thread 2 ] INFO  UpdaterService       - Latest stable version: 17.2
07:55:33.544 [FXGL Background Thread 3 ] DEBUG Engine               - Logging environment variables
07:55:33.544 [FXGL Background Thread 3 ] DEBUG Engine               - achievements: []
07:55:33.544 [FXGL Background Thread 3 ] DEBUG Engine               - actualHeight: 603.0
07:55:33.544 [FXGL Background Thread 3 ] DEBUG Engine               - actualHeightProperty: ReadOnlyDoubleProperty [value: 603.0]
07:55:33.544 [FXGL Background Thread 3 ] DEBUG Engine               - actualWidth: 1415.0
07:55:33.544 [FXGL Background Thread 3 ] DEBUG Engine               - actualWidthProperty: ReadOnlyDoubleProperty [value: 1415.0]
07:55:33.544 [FXGL Background Thread 3 ] DEBUG Engine               - appIcon: fxgl_icon.png
07:55:33.545 [FXGL Background Thread 3 ] DEBUG Engine               - applicationMode: DEVELOPER
07:55:33.545 [FXGL Background Thread 3 ] DEBUG Engine               - cSSList: [fxgl_dark.css]
07:55:33.545 [FXGL Background Thread 3 ] DEBUG Engine               - collisionDetectionStrategy: BRUTE_FORCE
07:55:33.545 [FXGL Background Thread 3 ] DEBUG Engine               - configClass: Optional.empty
07:55:33.545 [FXGL Background Thread 3 ] DEBUG Engine               - credits: []
07:55:33.545 [FXGL Background Thread 3 ] DEBUG Engine               - defaultCursor: CursorInfo(imageName=fxgl_default_cursor.png, hotspotX=7.0, hotspotY=6.0)
07:55:33.545 [FXGL Background Thread 3 ] DEBUG Engine               - devBBoxColorProperty: ObjectProperty [value: 0xff0000ff]
07:55:33.545 [FXGL Background Thread 3 ] DEBUG Engine               - devEnableDebugCameraProperty: BooleanProperty [value: false]
07:55:33.545 [FXGL Background Thread 3 ] DEBUG Engine               - devSensorColorProperty: ObjectProperty [value: 0xffff00ff]
07:55:33.545 [FXGL Background Thread 3 ] DEBUG Engine               - devShowBBoxProperty: BooleanProperty [value: false]
07:55:33.545 [FXGL Background Thread 3 ] DEBUG Engine               - devShowPositionProperty: BooleanProperty [value: false]
07:55:33.545 [FXGL Background Thread 3 ] DEBUG Engine               - enabledMenuItems: []
07:55:33.545 [FXGL Background Thread 3 ] DEBUG Engine               - engineServices: [class com.almasb.fxgl.app.services.FXGLAssetLoaderService, class com.almasb.fxgl.app.FXGLApplication$GameApplicationService, class com.almasb.fxgl.app.services.FXGLDialogService, class com.almasb.fxgl.app.services.IOTaskExecutorService, class com.almasb.fxgl.io.FileSystemService, class com.almasb.fxgl.localization.LocalizationService, class com.almasb.fxgl.app.services.SystemBundleService, class com.almasb.fxgl.profile.SaveLoadService, class com.almasb.fxgl.ui.FXGLUIFactoryServiceProvider, class com.almasb.fxgl.ui.FXGLDialogFactoryServiceProvider, class com.almasb.fxgl.audio.AudioPlayer, class com.almasb.fxgl.notification.impl.NotificationServiceProvider, class com.almasb.fxgl.achievement.AchievementService, class com.almasb.fxgl.cutscene.CutsceneService, class com.almasb.fxgl.minigames.MiniGameService, class com.almasb.fxgl.net.NetService, class com.almasb.fxgl.app.services.UpdaterService, class com.almasb.fxgl.dev.DevService]
07:55:33.545 [FXGL Background Thread 3 ] DEBUG Engine               - fontGame: Abel-Regular.ttf
07:55:33.545 [FXGL Background Thread 3 ] DEBUG Engine               - fontMono: lucida_console.ttf
07:55:33.545 [FXGL Background Thread 3 ] DEBUG Engine               - fontText: Courier-Prime.ttf
07:55:33.545 [FXGL Background Thread 3 ] DEBUG Engine               - fontUI: VarelaRound-Regular.ttf
07:55:33.545 [FXGL Background Thread 3 ] DEBUG Engine               - fullScreen: BooleanProperty [value: false]
07:55:33.545 [FXGL Background Thread 3 ] DEBUG Engine               - gameDifficulty: MEDIUM
07:55:33.545 [FXGL Background Thread 3 ] DEBUG Engine               - gameDifficultyProperty: ObjectProperty [value: MEDIUM]
07:55:33.545 [FXGL Background Thread 3 ] DEBUG Engine               - globalMusicVolume: 0.5
07:55:33.545 [FXGL Background Thread 3 ] DEBUG Engine               - globalMusicVolumeProperty: DoubleProperty [value: 0.5]
07:55:33.545 [FXGL Background Thread 3 ] DEBUG Engine               - globalSoundVolume: 0.5
07:55:33.545 [FXGL Background Thread 3 ] DEBUG Engine               - globalSoundVolumeProperty: DoubleProperty [value: 0.5]
07:55:33.545 [FXGL Background Thread 3 ] DEBUG Engine               - height: 624
07:55:33.545 [FXGL Background Thread 3 ] DEBUG Engine               - is3D: false
07:55:33.546 [FXGL Background Thread 3 ] DEBUG Engine               - isAndroid: false
07:55:33.546 [FXGL Background Thread 3 ] DEBUG Engine               - isBrowser: false
07:55:33.546 [FXGL Background Thread 3 ] DEBUG Engine               - isClickFeedbackEnabled: false
07:55:33.546 [FXGL Background Thread 3 ] DEBUG Engine               - isCloseConfirmation: false
07:55:33.546 [FXGL Background Thread 3 ] DEBUG Engine               - isDesktop: true
07:55:33.546 [FXGL Background Thread 3 ] DEBUG Engine               - isDeveloperMenuEnabled: false
07:55:33.546 [FXGL Background Thread 3 ] DEBUG Engine               - isEntityPreloadEnabled: true
07:55:33.546 [FXGL Background Thread 3 ] DEBUG Engine               - isExperimentalTiledLargeMap: false
07:55:33.546 [FXGL Background Thread 3 ] DEBUG Engine               - isFileSystemWriteAllowed: true
07:55:33.546 [FXGL Background Thread 3 ] DEBUG Engine               - isFullScreenAllowed: true
07:55:33.546 [FXGL Background Thread 3 ] DEBUG Engine               - isFullScreenFromStart: false
07:55:33.546 [FXGL Background Thread 3 ] DEBUG Engine               - isGameMenuEnabled: true
07:55:33.546 [FXGL Background Thread 3 ] DEBUG Engine               - isIOS: false
07:55:33.546 [FXGL Background Thread 3 ] DEBUG Engine               - isIntroEnabled: false
07:55:33.546 [FXGL Background Thread 3 ] DEBUG Engine               - isLinux: false
07:55:33.546 [FXGL Background Thread 3 ] DEBUG Engine               - isMac: false
07:55:33.546 [FXGL Background Thread 3 ] DEBUG Engine               - isMainMenuEnabled: false
07:55:33.546 [FXGL Background Thread 3 ] DEBUG Engine               - isManualResizeEnabled: false
07:55:33.546 [FXGL Background Thread 3 ] DEBUG Engine               - isMobile: false
07:55:33.546 [FXGL Background Thread 3 ] DEBUG Engine               - isNative: false
07:55:33.546 [FXGL Background Thread 3 ] DEBUG Engine               - isPauseMusicWhenMinimized: true
07:55:33.546 [FXGL Background Thread 3 ] DEBUG Engine               - isPreserveResizeRatio: false
07:55:33.546 [FXGL Background Thread 3 ] DEBUG Engine               - isProfilingEnabled: false
07:55:33.546 [FXGL Background Thread 3 ] DEBUG Engine               - isScaleAffectedOnResize: true
07:55:33.546 [FXGL Background Thread 3 ] DEBUG Engine               - isSingleStep: false
07:55:33.546 [FXGL Background Thread 3 ] DEBUG Engine               - isUserProfileEnabled: false
07:55:33.546 [FXGL Background Thread 3 ] DEBUG Engine               - isWindows: true
07:55:33.546 [FXGL Background Thread 3 ] DEBUG Engine               - language: ObjectProperty [value: ENGLISH]
07:55:33.546 [FXGL Background Thread 3 ] DEBUG Engine               - menuKey: ESCAPE
07:55:33.546 [FXGL Background Thread 3 ] DEBUG Engine               - mouseSensitivity: 0.2
07:55:33.546 [FXGL Background Thread 3 ] DEBUG Engine               - notificationViewClass: class com.almasb.fxgl.notification.view.XboxNotificationView
07:55:33.546 [FXGL Background Thread 3 ] DEBUG Engine               - pixelsPerMeter: 50.0
07:55:33.546 [FXGL Background Thread 3 ] DEBUG Engine               - platform: WINDOWS
07:55:33.547 [FXGL Background Thread 3 ] DEBUG Engine               - prefHeightProperty: ReadOnlyDoubleProperty [value: 624.0]
07:55:33.547 [FXGL Background Thread 3 ] DEBUG Engine               - prefWidthProperty: ReadOnlyDoubleProperty [value: 1488.0]
07:55:33.547 [FXGL Background Thread 3 ] DEBUG Engine               - profileDir: profiles/
07:55:33.547 [FXGL Background Thread 3 ] DEBUG Engine               - profileName: StringProperty [value: DEFAULT]
07:55:33.547 [FXGL Background Thread 3 ] DEBUG Engine               - randomSeed: -1
07:55:33.547 [FXGL Background Thread 3 ] DEBUG Engine               - runtimeInfo: RuntimeInfo(platform=WINDOWS, version=11.17, build=16.07.2021 15.46)
07:55:33.547 [FXGL Background Thread 3 ] DEBUG Engine               - saveFileExt: sav
07:55:33.547 [FXGL Background Thread 3 ] DEBUG Engine               - scaledHeightProp$fxgl: DoubleProperty [bound, value: 603.0]
07:55:33.547 [FXGL Background Thread 3 ] DEBUG Engine               - scaledWidthProp$fxgl: DoubleProperty [bound, value: 1415.0]
07:55:33.547 [FXGL Background Thread 3 ] DEBUG Engine               - sceneFactory: com.almasb.fxgl.app.scene.SceneFactory@9161e65
07:55:33.547 [FXGL Background Thread 3 ] DEBUG Engine               - secondsIn24h: 60
07:55:33.547 [FXGL Background Thread 3 ] DEBUG Engine               - soundMenuBack: menu/back.wav
07:55:33.547 [FXGL Background Thread 3 ] DEBUG Engine               - soundMenuPress: menu/press.wav
07:55:33.547 [FXGL Background Thread 3 ] DEBUG Engine               - soundMenuSelect: menu/select.wav
07:55:33.547 [FXGL Background Thread 3 ] DEBUG Engine               - soundNotification: core/notification.wav
07:55:33.547 [FXGL Background Thread 3 ] DEBUG Engine               - stageStyle: DECORATED
07:55:33.547 [FXGL Background Thread 3 ] DEBUG Engine               - supportedLanguages: [ENGLISH, FRENCH, GERMAN, HUNGARIAN, RUSSIAN]
07:55:33.547 [FXGL Background Thread 3 ] DEBUG Engine               - ticksPerSecond: -1
07:55:33.547 [FXGL Background Thread 3 ] DEBUG Engine               - title: BOMBERMAN
07:55:33.547 [FXGL Background Thread 3 ] DEBUG Engine               - urlGithub: https://github.com/AlmasB/FXGL
07:55:33.547 [FXGL Background Thread 3 ] DEBUG Engine               - urlLeaderboard: http://fxgl-top.herokuapp.com/
07:55:33.547 [FXGL Background Thread 3 ] DEBUG Engine               - urlPOM: https://raw.githubusercontent.com/AlmasB/FXGL/release/README.md
07:55:33.547 [FXGL Background Thread 3 ] DEBUG Engine               - userAppClass: class Bomberman.BombermanGame
07:55:33.547 [FXGL Background Thread 3 ] DEBUG Engine               - version: 1.0
07:55:33.547 [FXGL Background Thread 3 ] DEBUG Engine               - versionCheckDays: 7
07:55:33.547 [FXGL Background Thread 3 ] DEBUG Engine               - width: 1488
07:55:33.547 [FXGL Background Thread 3 ] DEBUG Engine               - Logging services
07:55:33.547 [FXGL Background Thread 3 ] DEBUG Engine               - class com.almasb.fxgl.app.services.FXGLAssetLoaderService
07:55:33.547 [FXGL Background Thread 3 ] DEBUG Engine               - class com.almasb.fxgl.app.FXGLApplication$GameApplicationService
07:55:33.547 [FXGL Background Thread 3 ] DEBUG Engine               - class com.almasb.fxgl.app.services.FXGLDialogService
07:55:33.547 [FXGL Background Thread 3 ] DEBUG Engine               - class com.almasb.fxgl.app.services.IOTaskExecutorService
07:55:33.547 [FXGL Background Thread 3 ] DEBUG Engine               - class com.almasb.fxgl.io.FileSystemService
07:55:33.547 [FXGL Background Thread 3 ] DEBUG Engine               - class com.almasb.fxgl.localization.LocalizationService
07:55:33.547 [FXGL Background Thread 3 ] DEBUG Engine               - class com.almasb.fxgl.app.services.SystemBundleService
07:55:33.547 [FXGL Background Thread 3 ] DEBUG Engine               - class com.almasb.fxgl.profile.SaveLoadService
07:55:33.547 [FXGL Background Thread 3 ] DEBUG Engine               - class com.almasb.fxgl.ui.FXGLUIFactoryServiceProvider
07:55:33.547 [FXGL Background Thread 3 ] DEBUG Engine               - class com.almasb.fxgl.ui.FXGLDialogFactoryServiceProvider
07:55:33.547 [FXGL Background Thread 3 ] DEBUG Engine               - class com.almasb.fxgl.audio.AudioPlayer
07:55:33.547 [FXGL Background Thread 3 ] DEBUG Engine               - class com.almasb.fxgl.notification.impl.NotificationServiceProvider
07:55:33.547 [FXGL Background Thread 3 ] DEBUG Engine               - class com.almasb.fxgl.achievement.AchievementService
07:55:33.547 [FXGL Background Thread 3 ] DEBUG Engine               - class com.almasb.fxgl.cutscene.CutsceneService
07:55:33.547 [FXGL Background Thread 3 ] DEBUG Engine               - class com.almasb.fxgl.minigames.MiniGameService
07:55:33.547 [FXGL Background Thread 3 ] DEBUG Engine               - class com.almasb.fxgl.net.NetService
07:55:33.547 [FXGL Background Thread 3 ] DEBUG Engine               - class com.almasb.fxgl.app.services.UpdaterService
07:55:33.547 [FXGL Background Thread 3 ] DEBUG Engine               - class com.almasb.fxgl.dev.DevService
07:55:34.023 [JavaFX Application Thread] DEBUG FXGLAssetLoaderServi - Loading from file system: file:/C:/Users/Admin/Desktop/Bomberman/target/classes/assets/textures/central_flame.png
07:55:34.026 [JavaFX Application Thread] DEBUG FXGLAssetLoaderServi - Loading from file system: file:/C:/Users/Admin/Desktop/Bomberman/target/classes/assets/textures/top_right_flame.png
07:55:34.026 [JavaFX Application Thread] DEBUG FXGLAssetLoaderServi - Loading from file system: file:/C:/Users/Admin/Desktop/Bomberman/target/classes/assets/textures/top_left_flame.png
07:55:34.027 [JavaFX Application Thread] DEBUG FXGLAssetLoaderServi - Loading from file system: file:/C:/Users/Admin/Desktop/Bomberman/target/classes/assets/textures/top_down_flame.png
07:55:34.028 [JavaFX Application Thread] DEBUG FXGLAssetLoaderServi - Loading from file system: file:/C:/Users/Admin/Desktop/Bomberman/target/classes/assets/textures/top_up_flame.png
07:55:34.029 [JavaFX Application Thread] DEBUG FXGLAssetLoaderServi - Loading from file system: file:/C:/Users/Admin/Desktop/Bomberman/target/classes/assets/sounds/explosion.wav
07:55:38.518 [JavaFX Application Thread] DEBUG FXGLAssetLoaderServi - Loading from file system: file:/C:/Users/Admin/Desktop/Bomberman/target/classes/assets/sounds/powerup.wav
07:55:45.670 [JavaFX Application Thread] DEBUG LoopRunner           - Stopping loop
07:55:45.671 [JavaFX Application Thread] FATAL FXGLApplication      - Uncaught Exception:
java.util.ConcurrentModificationException
	at java.base/java.util.ArrayList.forEach(ArrayList.java:1543)
	at Bomberman.BombermanGame.nextLevel(BombermanGame.java:241)
	at com.almasb.fxgl.time.TimerAction.update(TimerAction.kt:69)
	at com.almasb.fxgl.time.Timer.update(Timer.kt:38)
	at com.almasb.fxgl.scene.Scene.update(Scene.kt:104)
	at com.almasb.fxgl.app.MainWindow$update$1.invoke(MainWindow.kt:110)
	at com.almasb.fxgl.app.MainWindow$update$1.invoke(MainWindow.kt:110)
	at com.almasb.fxgl.core.fsm.StateMachine.runOnActiveStates(StateMachine.kt:69)
	at com.almasb.fxgl.app.MainWindow.update(MainWindow.kt:110)
	at com.almasb.fxgl.app.FXGLApplication$GameApplicationService.onUpdate(FXGLApplication.kt:426)
	at com.almasb.fxgl.app.Engine.loop(Engine.kt:133)
	at com.almasb.fxgl.app.Engine.access$loop(Engine.kt:24)
	at com.almasb.fxgl.app.Engine$loop$1.invoke(Engine.kt:28)
	at com.almasb.fxgl.app.Engine$loop$1.invoke(Engine.kt:28)
	at com.almasb.fxgl.app.LoopRunner.frame(LoopRunner.kt:103)
	at com.almasb.fxgl.app.LoopRunner.access$frame(LoopRunner.kt:23)
	at com.almasb.fxgl.app.LoopRunner$impl$2$1.onTick(LoopRunner.kt:57)
	at com.almasb.fxgl.app.AnimationTimerLoop$timer$1.handle(LoopRunner.kt:137)
	at javafx.animation.AnimationTimer$AnimationTimerReceiver.lambda$handle$0(AnimationTimer.java:57)
	at java.base/java.security.AccessController.doPrivileged(Native Method)
	at javafx.animation.AnimationTimer$AnimationTimerReceiver.handle(AnimationTimer.java:56)
	at com.sun.scenario.animation.AbstractPrimaryTimer.timePulseImpl(AbstractPrimaryTimer.java:356)
	at com.sun.scenario.animation.AbstractPrimaryTimer$MainLoop.run(AbstractPrimaryTimer.java:266)
	at com.sun.javafx.tk.quantum.QuantumToolkit.pulse(QuantumToolkit.java:559)
	at com.sun.javafx.tk.quantum.QuantumToolkit.pulse(QuantumToolkit.java:543)
	at com.sun.javafx.tk.quantum.QuantumToolkit.pulseFromQueue(QuantumToolkit.java:536)
	at com.sun.javafx.tk.quantum.QuantumToolkit.lambda$runToolkit$11(QuantumToolkit.java:342)
	at com.sun.glass.ui.InvokeLaterDispatcher$Future.run(InvokeLaterDispatcher.java:96)
	at com.sun.glass.ui.win.WinApplication._runLoop(Native Method)
	at com.sun.glass.ui.win.WinApplication.lambda$runLoop$3(WinApplication.java:174)
	at java.base/java.lang.Thread.run(Thread.java:834)

07:55:45.671 [JavaFX Application Thread] FATAL FXGLApplication      - Application will now exit
07:55:45.685 [JavaFX Application Thread] DEBUG PrimaryStageWindow   - Push state: ErrorSubScene
07:55:45.685 [JavaFX Application Thread] DEBUG Input                - Clearing active input actions
07:55:45.689 [JavaFX Application Thread] DEBUG GameApplicationServi - Removing overlay from GameScene and adding to ErrorSubScene
07:55:45.689 [JavaFX Application Thread] DEBUG PrimaryStageWindow   - GameScene -> ErrorSubScene
07:55:53.180 [JavaFX Application Thread] DEBUG FXGLApplication      - Exiting FXGL
07:55:53.180 [JavaFX Application Thread] DEBUG Async                - Shutting down background threads
07:55:53.180 [JavaFX Application Thread] DEBUG PrimaryStageWindow   - Closing main window
07:55:53.190 [JavaFX Application Thread] DEBUG Logger               - Closing Logger
