11:10:34.418 [main                     ] DEBUG Logger               - Configured Logger
11:10:34.437 [main                     ] DEBUG GameApplication      - Logging settings
Title: BOMBER
 MAN
Version: 1.0
Width: 1280
Height: 720
Fullscreen: true
Intro: false
Profiling: false
Single step:false
App Mode: DEVELOPER
Menu Key: ESCAPE
Stage Style: DECORATED
Scene Factory: class Bomberman.BombermanGame$1

11:10:34.891 [JavaFX Application Thread] DEBUG FXGLApplication      - Initializing FXGL
11:10:34.894 [JavaFX Application Thread] INFO  Engine               - FXGL-11.17 (16.07.2021 15.46) on WINDOWS (J:11.0.16.1 FX:16)
11:10:34.894 [JavaFX Application Thread] DEBUG Engine               - JRE Vendor Name: Oracle Corporation
11:10:34.894 [JavaFX Application Thread] DEBUG Engine               - Running on OS: Windows 11 version 10.0
11:10:34.894 [JavaFX Application Thread] DEBUG Engine               - Architecture: amd64
11:10:34.895 [JavaFX Application Thread] INFO  Engine               - Source code and latest versions at: https://github.com/AlmasB/FXGL
11:10:34.895 [JavaFX Application Thread] INFO  Engine               -              Join the FXGL chat at: https://gitter.im/AlmasB/FXGL
11:10:35.015 [JavaFX Application Thread] DEBUG PrimaryStageWindow   - Creating a JavaFX scene
11:10:35.083 [JavaFX Application Thread] DEBUG PrimaryStageWindow   - Target settings size: 1280.0 x 720.0
11:10:35.084 [JavaFX Application Thread] DEBUG PrimaryStageWindow   - Scaled scene size:    1280.0 x 720.0
11:10:35.084 [JavaFX Application Thread] DEBUG PrimaryStageWindow   - Scaled ratio: (1.0, 1.0)
11:10:35.085 [JavaFX Application Thread] DEBUG PrimaryStageWindow   - Set initial scene to FXGLStartupScene
11:10:35.100 [JavaFX Application Thread] DEBUG PrimaryStageWindow   - Opening main window
11:10:35.217 [JavaFX Application Thread] DEBUG PrimaryStageWindow   - Window border size: (13.0, 35.5)
11:10:35.217 [JavaFX Application Thread] DEBUG PrimaryStageWindow   - Scaled size: 1280.0 x 720.0
11:10:35.217 [JavaFX Application Thread] DEBUG PrimaryStageWindow   - Scaled ratio: (1.0, 1.0)
11:10:35.217 [JavaFX Application Thread] DEBUG PrimaryStageWindow   - Scene size: 1280.0 x 720.0
11:10:35.217 [JavaFX Application Thread] DEBUG PrimaryStageWindow   - Stage size: 1293.0 x 755.5
11:10:35.230 [FXGL Background Thread 1 ] DEBUG Engine               - Initializing environment variables
11:10:35.323 [FXGL Background Thread 1 ] DEBUG FXGLAssetLoaderServi - User app class for loading assets: class Bomberman.BombermanGame
11:10:35.323 [FXGL Background Thread 1 ] DEBUG GameApplicationServi - Applying CSS: fxgl_dark.css
11:10:35.324 [FXGL Background Thread 1 ] DEBUG FXGLAssetLoaderServi - Loading from file system: jar:file:/C:/Users/Admin/.m2/repository/com/github/almasb/fxgl/11.17/fxgl-11.17.jar!/fxglassets/ui/css/fxgl_dark.css
11:10:35.388 [FXGL Background Thread 1 ] DEBUG GameApplicationServi - Initializing application scenes
11:10:35.439 [FXGL Background Thread 1 ] DEBUG GameWorld            - Game world initialized
11:10:35.506 [FXGL Background Thread 1 ] DEBUG PhysicsWorld         - Physics world initialized: appHeight=720, physics.ppm=50.0
11:10:35.507 [FXGL Background Thread 1 ] DEBUG PhysicsWorld         - Using strategy: BRUTE_FORCE
11:10:35.511 [FXGL Background Thread 1 ] DEBUG GameScene            - Game scene initialized: 1280x720
11:10:35.645 [FXGL Background Thread 1 ] DEBUG GameApplicationServi - Application scenes initialized
11:10:35.656 [FXGL Background Thread 1 ] DEBUG SystemBundleService  - Loading FXGL system data
11:10:35.660 [FXGL Background Thread 1 ] DEBUG FileSystemAccess     - Reading from: C:\Users\Admin\Desktop\Bomberman\system\fxgl.bundle
11:10:35.667 [FXGL Background Thread 1 ] DEBUG SystemBundleService  - Bundle FXGL: {}
11:10:35.668 [FXGL Background Thread 1 ] DEBUG UpdaterService       - Checking for updates
11:10:35.674 [FXGL Background Thread 4 ] DEBUG FXGLApplication      - Loading fonts
11:10:35.674 [FXGL Background Thread 4 ] DEBUG FXGLAssetLoaderServi - Loading from file system: file:/C:/Users/Admin/Desktop/Bomberman/target/classes/assets/ui/fonts/game_font.ttf
11:10:35.674 [FXGL Background Thread 1 ] DEBUG FXGLApplication      - Loading default localization
11:10:35.674 [FXGL Background Thread 1 ] DEBUG FXGLAssetLoaderServi - Loading from file system: jar:file:/C:/Users/Admin/.m2/repository/com/github/almasb/fxgl/11.17/fxgl-11.17.jar!/fxglassets/languages/english.lang
11:10:35.692 [FXGL Background Thread 1 ] INFO  FXGLApplication      - FXGL initialization took: 0.461 sec
11:10:35.714 [JavaFX Application Thread] DEBUG Input                - Registered new binding: Move Left - A
11:10:35.714 [JavaFX Application Thread] DEBUG Input                - Registered new binding: Move Right - D
11:10:35.715 [JavaFX Application Thread] DEBUG Input                - Registered new binding: Move Up - W
11:10:35.715 [JavaFX Application Thread] DEBUG Input                - Registered new binding: Move Down - S
11:10:35.715 [JavaFX Application Thread] DEBUG Input                - Registered new binding: Place Bomb - Space
11:10:35.715 [JavaFX Application Thread] DEBUG Input                - Registered new binding: Switch to classic bomb - 1
11:10:35.715 [JavaFX Application Thread] DEBUG Input                - Registered new binding: Switch to lazer bomb - 2
11:10:35.716 [JavaFX Application Thread] DEBUG Input                - Registered new binding: Switch to light bomb - 3
11:10:35.717 [JavaFX Application Thread] DEBUG FXGLAssetLoaderServi - Loading from file system: file:/C:/Users/Admin/Desktop/Bomberman/target/classes/assets/music/stage_theme.mp3
11:10:35.964 [JavaFX Application Thread] DEBUG AudioPlayer          - Playing music com.almasb.fxgl.audio.Music@5b1f97d1
11:10:35.966 [JavaFX Application Thread] DEBUG FXGLAssetLoaderServi - Loading from file system: jar:file:/C:/Users/Admin/.m2/repository/com/github/almasb/fxgl/11.17/fxgl-11.17.jar!/fxglassets/textures/fxgl_icon.png
11:10:36.014 [JavaFX Application Thread] DEBUG FXGLAssetLoaderServi - Loading from file system: jar:file:/C:/Users/Admin/.m2/repository/com/github/almasb/fxgl/11.17/fxgl-11.17.jar!/fxglassets/textures/fxgl_default_cursor.png
11:10:36.019 [JavaFX Application Thread] DEBUG Input                - Registered new binding: Screenshot - CTRL+8
11:10:36.020 [JavaFX Application Thread] DEBUG Input                - Registered new binding: System info dump - CTRL+9
11:10:36.021 [JavaFX Application Thread] DEBUG Input                - Registered new binding: Restart - CTRL+R
11:10:36.023 [JavaFX Application Thread] DEBUG Input                - Registered new binding: Toggle Debug Camera - CTRL+C
11:10:36.027 [JavaFX Application Thread] DEBUG LoopRunner           - Starting loop
11:10:36.027 [JavaFX Application Thread] DEBUG LoopRunner           - Initializing JavaFX AnimationTimerLoop
11:10:36.033 [JavaFX Application Thread] DEBUG Input                - Clearing active input actions
11:10:36.053 [JavaFX Application Thread] DEBUG GameApplicationServi - Removing overlay from FXGLStartupScene and adding to FXGLMainMenuDummyScene
11:10:36.053 [JavaFX Application Thread] DEBUG PrimaryStageWindow   - FXGLStartupScene -> FXGLMainMenuDummyScene
11:10:36.053 [JavaFX Application Thread] DEBUG PrimaryStageWindow   - Push state: MainMenu
11:10:36.054 [JavaFX Application Thread] DEBUG Input                - Clearing active input actions
11:10:36.064 [JavaFX Application Thread] DEBUG GameApplicationServi - Removing overlay from FXGLMainMenuDummyScene and adding to MainMenu
11:10:36.065 [JavaFX Application Thread] DEBUG PrimaryStageWindow   - FXGLMainMenuDummyScene -> MainMenu
11:10:36.208 [FXGL Background Thread 4 ] DEBUG FXGLAssetLoaderServi - Loading from file system: jar:file:/C:/Users/Admin/.m2/repository/com/github/almasb/fxgl/11.17/fxgl-11.17.jar!/fxglassets/ui/fonts/Abel-Regular.ttf
11:10:36.215 [FXGL Background Thread 4 ] DEBUG FXGLAssetLoaderServi - Loading from file system: jar:file:/C:/Users/Admin/.m2/repository/com/github/almasb/fxgl/11.17/fxgl-11.17.jar!/fxglassets/ui/fonts/lucida_console.ttf
11:10:36.225 [FXGL Background Thread 4 ] DEBUG FXGLAssetLoaderServi - Loading from file system: jar:file:/C:/Users/Admin/.m2/repository/com/github/almasb/fxgl/11.17/fxgl-11.17.jar!/fxglassets/ui/fonts/Courier-Prime.ttf
11:10:36.238 [JavaFX Application Thread] DEBUG FXGLApplication      - Registering font factories with UI factory
11:10:36.664 [FXGL Background Thread 2 ] INFO  UpdaterService       - Your current version:  11.17
11:10:36.664 [FXGL Background Thread 2 ] INFO  UpdaterService       - Latest stable version: 17.2
11:10:37.108 [JavaFX Application Thread] DEBUG Menu                 - fireNewGame()
11:10:37.108 [JavaFX Application Thread] DEBUG GameApplicationServi - Starting new game
11:10:37.108 [JavaFX Application Thread] DEBUG PrimaryStageWindow   - Pop state: MainMenu
11:10:37.108 [JavaFX Application Thread] DEBUG Input                - Clearing active input actions
11:10:37.109 [JavaFX Application Thread] DEBUG GameApplicationServi - Removing overlay from MainMenu and adding to FXGLMainMenuDummyScene
11:10:37.109 [JavaFX Application Thread] DEBUG PrimaryStageWindow   - FXGLMainMenuDummyScene <- MainMenu
11:10:37.109 [JavaFX Application Thread] DEBUG Input                - Clearing active input actions
11:10:37.116 [JavaFX Application Thread] DEBUG GameApplicationServi - Removing overlay from FXGLMainMenuDummyScene and adding to FXGLLoadingScene
11:10:37.116 [JavaFX Application Thread] DEBUG PrimaryStageWindow   - FXGLMainMenuDummyScene -> FXGLLoadingScene
11:10:37.116 [JavaFX Application Thread] DEBUG GameApplicationServi - Clearing previous game
11:10:37.116 [JavaFX Application Thread] DEBUG GameScene            - Clearing game scene
11:10:37.117 [JavaFX Application Thread] DEBUG GameWorld            - Clearing game world
11:10:37.117 [JavaFX Application Thread] DEBUG PhysicsWorld         - Clearing physics world
11:10:37.118 [FXGL Background Thread 2 ] DEBUG FXGLApplication      - Initializing game
11:10:37.140 [FXGL Background Thread 2 ] DEBUG FXGLAssetLoaderServi - Loading from file system: file:/C:/Users/Admin/Desktop/Bomberman/target/classes/assets/textures/wall.png
11:10:37.214 [FXGL Background Thread 2 ] DEBUG FXGLAssetLoaderServi - Loading from file system: file:/C:/Users/Admin/Desktop/Bomberman/target/classes/assets/textures/player_die.png
11:10:37.217 [FXGL Background Thread 2 ] DEBUG FXGLAssetLoaderServi - Loading from file system: file:/C:/Users/Admin/Desktop/Bomberman/target/classes/assets/textures/player_down.png
11:10:37.219 [FXGL Background Thread 2 ] DEBUG FXGLAssetLoaderServi - Loading from file system: file:/C:/Users/Admin/Desktop/Bomberman/target/classes/assets/textures/player_right.png
11:10:37.220 [FXGL Background Thread 2 ] DEBUG FXGLAssetLoaderServi - Loading from file system: file:/C:/Users/Admin/Desktop/Bomberman/target/classes/assets/textures/player_up.png
11:10:37.221 [FXGL Background Thread 2 ] DEBUG FXGLAssetLoaderServi - Loading from file system: file:/C:/Users/Admin/Desktop/Bomberman/target/classes/assets/textures/player_left.png
11:10:37.229 [FXGL Background Thread 2 ] DEBUG FXGLAssetLoaderServi - Loading from file system: file:/C:/Users/Admin/Desktop/Bomberman/target/classes/assets/textures/powerup_bombs.png
11:10:37.233 [FXGL Background Thread 2 ] DEBUG FXGLAssetLoaderServi - Loading from file system: file:/C:/Users/Admin/Desktop/Bomberman/target/classes/assets/textures/brick.png
11:10:37.234 [FXGL Background Thread 2 ] DEBUG FXGLAssetLoaderServi - Loading from file system: file:/C:/Users/Admin/Desktop/Bomberman/target/classes/assets/textures/brick_break.png
11:10:37.240 [FXGL Background Thread 2 ] DEBUG FXGLAssetLoaderServi - Loading from file system: file:/C:/Users/Admin/Desktop/Bomberman/target/classes/assets/textures/enemy1.png
11:10:37.251 [FXGL Background Thread 2 ] DEBUG FXGLAssetLoaderServi - Loading from file system: file:/C:/Users/Admin/Desktop/Bomberman/target/classes/assets/textures/enemy2.png
11:10:37.283 [FXGL Background Thread 2 ] DEBUG FXGLAssetLoaderServi - Loading from file system: file:/C:/Users/Admin/Desktop/Bomberman/target/classes/assets/textures/portal.png
11:10:37.308 [FXGL Background Thread 2 ] DEBUG FXGLAssetLoaderServi - Loading from file system: file:/C:/Users/Admin/Desktop/Bomberman/target/classes/assets/textures/powerup_flames.png
11:10:37.364 [FXGL Background Thread 2 ] DEBUG FXGLAssetLoaderServi - Loading from file system: file:/C:/Users/Admin/Desktop/Bomberman/target/classes/assets/textures/enemy4.png
11:10:37.371 [FXGL Background Thread 2 ] DEBUG FXGLAssetLoaderServi - Loading from file system: file:/C:/Users/Admin/Desktop/Bomberman/target/classes/assets/textures/powerup_speed.png
11:10:37.375 [FXGL Background Thread 2 ] DEBUG FXGLAssetLoaderServi - Loading from file system: file:/C:/Users/Admin/Desktop/Bomberman/target/classes/assets/textures/enemy3.png
11:10:37.402 [FXGL Background Thread 2 ] INFO  FXGLApplication      - Game initialization took: 0.283 sec
11:10:37.410 [JavaFX Application Thread] DEBUG Input                - Clearing active input actions
11:10:37.442 [JavaFX Application Thread] DEBUG GameApplicationServi - Removing overlay from FXGLLoadingScene and adding to GameScene
11:10:37.442 [JavaFX Application Thread] DEBUG PrimaryStageWindow   - FXGLLoadingScene -> GameScene
11:10:37.449 [JavaFX Application Thread] DEBUG FXGLAssetLoaderServi - Loading from file system: file:/C:/Users/Admin/Desktop/Bomberman/target/classes/assets/sounds/stage_start.wav
11:10:37.472 [JavaFX Application Thread] DEBUG PrimaryStageWindow   - Push state: StageStartScene
11:10:37.472 [JavaFX Application Thread] DEBUG Input                - Clearing active input actions
11:10:37.473 [JavaFX Application Thread] DEBUG GameApplicationServi - Removing overlay from GameScene and adding to StageStartScene
11:10:37.473 [JavaFX Application Thread] DEBUG PrimaryStageWindow   - GameScene -> StageStartScene
11:10:38.672 [FXGL Background Thread 3 ] DEBUG Engine               - Logging environment variables
11:10:38.672 [FXGL Background Thread 3 ] DEBUG Engine               - achievements: []
11:10:38.672 [FXGL Background Thread 3 ] DEBUG Engine               - actualHeight: 720.0
11:10:38.672 [FXGL Background Thread 3 ] DEBUG Engine               - actualHeightProperty: ReadOnlyDoubleProperty [value: 720.0]
11:10:38.672 [FXGL Background Thread 3 ] DEBUG Engine               - actualWidth: 1280.0
11:10:38.672 [FXGL Background Thread 3 ] DEBUG Engine               - actualWidthProperty: ReadOnlyDoubleProperty [value: 1280.0]
11:10:38.672 [FXGL Background Thread 3 ] DEBUG Engine               - appIcon: fxgl_icon.png
11:10:38.672 [FXGL Background Thread 3 ] DEBUG Engine               - applicationMode: DEVELOPER
11:10:38.672 [FXGL Background Thread 3 ] DEBUG Engine               - cSSList: [fxgl_dark.css]
11:10:38.673 [FXGL Background Thread 3 ] DEBUG Engine               - collisionDetectionStrategy: BRUTE_FORCE
11:10:38.673 [FXGL Background Thread 3 ] DEBUG Engine               - configClass: Optional.empty
11:10:38.673 [FXGL Background Thread 3 ] DEBUG Engine               - credits: []
11:10:38.673 [FXGL Background Thread 3 ] DEBUG Engine               - defaultCursor: CursorInfo(imageName=fxgl_default_cursor.png, hotspotX=7.0, hotspotY=6.0)
11:10:38.673 [FXGL Background Thread 3 ] DEBUG Engine               - devBBoxColorProperty: ObjectProperty [value: 0xff0000ff]
11:10:38.673 [FXGL Background Thread 3 ] DEBUG Engine               - devEnableDebugCameraProperty: BooleanProperty [value: false]
11:10:38.673 [FXGL Background Thread 3 ] DEBUG Engine               - devSensorColorProperty: ObjectProperty [value: 0xffff00ff]
11:10:38.673 [FXGL Background Thread 3 ] DEBUG Engine               - devShowBBoxProperty: BooleanProperty [value: false]
11:10:38.673 [FXGL Background Thread 3 ] DEBUG Engine               - devShowPositionProperty: BooleanProperty [value: false]
11:10:38.673 [FXGL Background Thread 3 ] DEBUG Engine               - enabledMenuItems: []
11:10:38.673 [FXGL Background Thread 3 ] DEBUG Engine               - engineServices: [class com.almasb.fxgl.app.services.FXGLAssetLoaderService, class com.almasb.fxgl.app.FXGLApplication$GameApplicationService, class com.almasb.fxgl.app.services.FXGLDialogService, class com.almasb.fxgl.app.services.IOTaskExecutorService, class com.almasb.fxgl.io.FileSystemService, class com.almasb.fxgl.localization.LocalizationService, class com.almasb.fxgl.app.services.SystemBundleService, class com.almasb.fxgl.profile.SaveLoadService, class com.almasb.fxgl.ui.FXGLUIFactoryServiceProvider, class com.almasb.fxgl.ui.FXGLDialogFactoryServiceProvider, class com.almasb.fxgl.audio.AudioPlayer, class com.almasb.fxgl.notification.impl.NotificationServiceProvider, class com.almasb.fxgl.achievement.AchievementService, class com.almasb.fxgl.cutscene.CutsceneService, class com.almasb.fxgl.minigames.MiniGameService, class com.almasb.fxgl.net.NetService, class com.almasb.fxgl.app.services.UpdaterService, class com.almasb.fxgl.dev.DevService]
11:10:38.673 [FXGL Background Thread 3 ] DEBUG Engine               - fontGame: Abel-Regular.ttf
11:10:38.673 [FXGL Background Thread 3 ] DEBUG Engine               - fontMono: lucida_console.ttf
11:10:38.673 [FXGL Background Thread 3 ] DEBUG Engine               - fontText: Courier-Prime.ttf
11:10:38.673 [FXGL Background Thread 3 ] DEBUG Engine               - fontUI: game_font.ttf
11:10:38.673 [FXGL Background Thread 3 ] DEBUG Engine               - fullScreen: BooleanProperty [value: false]
11:10:38.673 [FXGL Background Thread 3 ] DEBUG Engine               - gameDifficulty: MEDIUM
11:10:38.673 [FXGL Background Thread 3 ] DEBUG Engine               - gameDifficultyProperty: ObjectProperty [value: MEDIUM]
11:10:38.673 [FXGL Background Thread 3 ] DEBUG Engine               - globalMusicVolume: 0.5
11:10:38.673 [FXGL Background Thread 3 ] DEBUG Engine               - globalMusicVolumeProperty: DoubleProperty [value: 0.0]
11:10:38.673 [FXGL Background Thread 3 ] DEBUG Engine               - globalSoundVolume: 0.5
11:10:38.673 [FXGL Background Thread 3 ] DEBUG Engine               - globalSoundVolumeProperty: DoubleProperty [value: 0.5]
11:10:38.674 [FXGL Background Thread 3 ] DEBUG Engine               - height: 720
11:10:38.674 [FXGL Background Thread 3 ] DEBUG Engine               - is3D: false
11:10:38.674 [FXGL Background Thread 3 ] DEBUG Engine               - isAndroid: false
11:10:38.674 [FXGL Background Thread 3 ] DEBUG Engine               - isBrowser: false
11:10:38.674 [FXGL Background Thread 3 ] DEBUG Engine               - isClickFeedbackEnabled: false
11:10:38.674 [FXGL Background Thread 3 ] DEBUG Engine               - isCloseConfirmation: false
11:10:38.674 [FXGL Background Thread 3 ] DEBUG Engine               - isDesktop: true
11:10:38.674 [FXGL Background Thread 3 ] DEBUG Engine               - isDeveloperMenuEnabled: false
11:10:38.674 [FXGL Background Thread 3 ] DEBUG Engine               - isEntityPreloadEnabled: true
11:10:38.674 [FXGL Background Thread 3 ] DEBUG Engine               - isExperimentalTiledLargeMap: false
11:10:38.674 [FXGL Background Thread 3 ] DEBUG Engine               - isFileSystemWriteAllowed: true
11:10:38.674 [FXGL Background Thread 3 ] DEBUG Engine               - isFullScreenAllowed: true
11:10:38.674 [FXGL Background Thread 3 ] DEBUG Engine               - isFullScreenFromStart: false
11:10:38.674 [FXGL Background Thread 3 ] DEBUG Engine               - isGameMenuEnabled: true
11:10:38.674 [FXGL Background Thread 3 ] DEBUG Engine               - isIOS: false
11:10:38.674 [FXGL Background Thread 3 ] DEBUG Engine               - isIntroEnabled: false
11:10:38.674 [FXGL Background Thread 3 ] DEBUG Engine               - isLinux: false
11:10:38.674 [FXGL Background Thread 3 ] DEBUG Engine               - isMac: false
11:10:38.674 [FXGL Background Thread 3 ] DEBUG Engine               - isMainMenuEnabled: true
11:10:38.674 [FXGL Background Thread 3 ] DEBUG Engine               - isManualResizeEnabled: false
11:10:38.674 [FXGL Background Thread 3 ] DEBUG Engine               - isMobile: false
11:10:38.674 [FXGL Background Thread 3 ] DEBUG Engine               - isNative: false
11:10:38.674 [FXGL Background Thread 3 ] DEBUG Engine               - isPauseMusicWhenMinimized: true
11:10:38.674 [FXGL Background Thread 3 ] DEBUG Engine               - isPreserveResizeRatio: false
11:10:38.674 [FXGL Background Thread 3 ] DEBUG Engine               - isProfilingEnabled: false
11:10:38.674 [FXGL Background Thread 3 ] DEBUG Engine               - isScaleAffectedOnResize: true
11:10:38.674 [FXGL Background Thread 3 ] DEBUG Engine               - isSingleStep: false
11:10:38.674 [FXGL Background Thread 3 ] DEBUG Engine               - isUserProfileEnabled: false
11:10:38.674 [FXGL Background Thread 3 ] DEBUG Engine               - isWindows: true
11:10:38.674 [FXGL Background Thread 3 ] DEBUG Engine               - language: ObjectProperty [value: ENGLISH]
11:10:38.674 [FXGL Background Thread 3 ] DEBUG Engine               - menuKey: ESCAPE
11:10:38.674 [FXGL Background Thread 3 ] DEBUG Engine               - mouseSensitivity: 0.2
11:10:38.674 [FXGL Background Thread 3 ] DEBUG Engine               - notificationViewClass: class com.almasb.fxgl.notification.view.XboxNotificationView
11:10:38.674 [FXGL Background Thread 3 ] DEBUG Engine               - pixelsPerMeter: 50.0
11:10:38.674 [FXGL Background Thread 3 ] DEBUG Engine               - platform: WINDOWS
11:10:38.674 [FXGL Background Thread 3 ] DEBUG Engine               - prefHeightProperty: ReadOnlyDoubleProperty [value: 720.0]
11:10:38.674 [FXGL Background Thread 3 ] DEBUG Engine               - prefWidthProperty: ReadOnlyDoubleProperty [value: 1280.0]
11:10:38.674 [FXGL Background Thread 3 ] DEBUG Engine               - profileDir: profiles/
11:10:38.675 [FXGL Background Thread 3 ] DEBUG Engine               - profileName: StringProperty [value: DEFAULT]
11:10:38.675 [FXGL Background Thread 3 ] DEBUG Engine               - randomSeed: -1
11:10:38.675 [FXGL Background Thread 3 ] DEBUG Engine               - runtimeInfo: RuntimeInfo(platform=WINDOWS, version=11.17, build=16.07.2021 15.46)
11:10:38.675 [FXGL Background Thread 3 ] DEBUG Engine               - saveFileExt: sav
11:10:38.675 [FXGL Background Thread 3 ] DEBUG Engine               - scaledHeightProp$fxgl: DoubleProperty [bound, value: 720.0]
11:10:38.675 [FXGL Background Thread 3 ] DEBUG Engine               - scaledWidthProp$fxgl: DoubleProperty [bound, value: 1280.0]
11:10:38.675 [FXGL Background Thread 3 ] DEBUG Engine               - sceneFactory: Bomberman.BombermanGame$1@56e150f3
11:10:38.675 [FXGL Background Thread 3 ] DEBUG Engine               - secondsIn24h: 60
11:10:38.675 [FXGL Background Thread 3 ] DEBUG Engine               - soundMenuBack: menu/back.wav
11:10:38.675 [FXGL Background Thread 3 ] DEBUG Engine               - soundMenuPress: menu/press.wav
11:10:38.675 [FXGL Background Thread 3 ] DEBUG Engine               - soundMenuSelect: menu/select.wav
11:10:38.675 [FXGL Background Thread 3 ] DEBUG Engine               - soundNotification: core/notification.wav
11:10:38.675 [FXGL Background Thread 3 ] DEBUG Engine               - stageStyle: DECORATED
11:10:38.675 [FXGL Background Thread 3 ] DEBUG Engine               - supportedLanguages: [ENGLISH, FRENCH, GERMAN, HUNGARIAN, RUSSIAN]
11:10:38.675 [FXGL Background Thread 3 ] DEBUG Engine               - ticksPerSecond: -1
11:10:38.675 [FXGL Background Thread 3 ] DEBUG Engine               - title: BOMBER
 MAN
11:10:38.675 [FXGL Background Thread 3 ] DEBUG Engine               - urlGithub: https://github.com/AlmasB/FXGL
11:10:38.675 [FXGL Background Thread 3 ] DEBUG Engine               - urlLeaderboard: http://fxgl-top.herokuapp.com/
11:10:38.675 [FXGL Background Thread 3 ] DEBUG Engine               - urlPOM: https://raw.githubusercontent.com/AlmasB/FXGL/release/README.md
11:10:38.675 [FXGL Background Thread 3 ] DEBUG Engine               - userAppClass: class Bomberman.BombermanGame
11:10:38.675 [FXGL Background Thread 3 ] DEBUG Engine               - version: 1.0
11:10:38.675 [FXGL Background Thread 3 ] DEBUG Engine               - versionCheckDays: 7
11:10:38.675 [FXGL Background Thread 3 ] DEBUG Engine               - width: 1280
11:10:38.675 [FXGL Background Thread 3 ] DEBUG Engine               - Logging services
11:10:38.675 [FXGL Background Thread 3 ] DEBUG Engine               - class com.almasb.fxgl.app.services.FXGLAssetLoaderService
11:10:38.675 [FXGL Background Thread 3 ] DEBUG Engine               - class com.almasb.fxgl.app.FXGLApplication$GameApplicationService
11:10:38.675 [FXGL Background Thread 3 ] DEBUG Engine               - class com.almasb.fxgl.app.services.FXGLDialogService
11:10:38.675 [FXGL Background Thread 3 ] DEBUG Engine               - class com.almasb.fxgl.app.services.IOTaskExecutorService
11:10:38.675 [FXGL Background Thread 3 ] DEBUG Engine               - class com.almasb.fxgl.io.FileSystemService
11:10:38.675 [FXGL Background Thread 3 ] DEBUG Engine               - class com.almasb.fxgl.localization.LocalizationService
11:10:38.675 [FXGL Background Thread 3 ] DEBUG Engine               - class com.almasb.fxgl.app.services.SystemBundleService
11:10:38.675 [FXGL Background Thread 3 ] DEBUG Engine               - class com.almasb.fxgl.profile.SaveLoadService
11:10:38.675 [FXGL Background Thread 3 ] DEBUG Engine               - class com.almasb.fxgl.ui.FXGLUIFactoryServiceProvider
11:10:38.675 [FXGL Background Thread 3 ] DEBUG Engine               - class com.almasb.fxgl.ui.FXGLDialogFactoryServiceProvider
11:10:38.675 [FXGL Background Thread 3 ] DEBUG Engine               - class com.almasb.fxgl.audio.AudioPlayer
11:10:38.675 [FXGL Background Thread 3 ] DEBUG Engine               - class com.almasb.fxgl.notification.impl.NotificationServiceProvider
11:10:38.675 [FXGL Background Thread 3 ] DEBUG Engine               - class com.almasb.fxgl.achievement.AchievementService
11:10:38.675 [FXGL Background Thread 3 ] DEBUG Engine               - class com.almasb.fxgl.cutscene.CutsceneService
11:10:38.675 [FXGL Background Thread 3 ] DEBUG Engine               - class com.almasb.fxgl.minigames.MiniGameService
11:10:38.676 [FXGL Background Thread 3 ] DEBUG Engine               - class com.almasb.fxgl.net.NetService
11:10:38.676 [FXGL Background Thread 3 ] DEBUG Engine               - class com.almasb.fxgl.app.services.UpdaterService
11:10:38.676 [FXGL Background Thread 3 ] DEBUG Engine               - class com.almasb.fxgl.dev.DevService
11:10:41.176 [JavaFX Application Thread] DEBUG PrimaryStageWindow   - Pop state: StageStartScene
11:10:41.176 [JavaFX Application Thread] DEBUG Input                - Clearing active input actions
11:10:41.177 [JavaFX Application Thread] DEBUG GameApplicationServi - Removing overlay from StageStartScene and adding to GameScene
11:10:41.177 [JavaFX Application Thread] DEBUG PrimaryStageWindow   - GameScene <- StageStartScene
11:10:42.380 [JavaFX Application Thread] DEBUG FXGLAssetLoaderServi - Loading from file system: file:/C:/Users/Admin/Desktop/Bomberman/target/classes/assets/sounds/place_bomb.wav
11:10:42.386 [JavaFX Application Thread] DEBUG FXGLAssetLoaderServi - Loading from file system: file:/C:/Users/Admin/Desktop/Bomberman/target/classes/assets/textures/bomb.png
11:10:44.441 [JavaFX Application Thread] DEBUG FXGLAssetLoaderServi - Loading from file system: file:/C:/Users/Admin/Desktop/Bomberman/target/classes/assets/sounds/explosion.wav
11:10:44.446 [JavaFX Application Thread] DEBUG FXGLAssetLoaderServi - Loading from file system: file:/C:/Users/Admin/Desktop/Bomberman/target/classes/assets/textures/central_flame.png
11:10:44.447 [JavaFX Application Thread] DEBUG FXGLAssetLoaderServi - Loading from file system: file:/C:/Users/Admin/Desktop/Bomberman/target/classes/assets/textures/top_up_flame.png
11:10:44.449 [JavaFX Application Thread] DEBUG FXGLAssetLoaderServi - Loading from file system: file:/C:/Users/Admin/Desktop/Bomberman/target/classes/assets/textures/top_down_flame.png
11:10:44.450 [JavaFX Application Thread] DEBUG FXGLAssetLoaderServi - Loading from file system: file:/C:/Users/Admin/Desktop/Bomberman/target/classes/assets/textures/top_right_flame.png
11:10:44.451 [JavaFX Application Thread] DEBUG FXGLAssetLoaderServi - Loading from file system: file:/C:/Users/Admin/Desktop/Bomberman/target/classes/assets/textures/top_left_flame.png
11:10:44.454 [JavaFX Application Thread] DEBUG FXGLAssetLoaderServi - Loading from file system: file:/C:/Users/Admin/Desktop/Bomberman/target/classes/assets/sounds/player_die.wav
11:10:52.073 [JavaFX Application Thread] DEBUG FXGLAssetLoaderServi - Loading from file system: file:/C:/Users/Admin/Desktop/Bomberman/target/classes/assets/sounds/powerup.wav
11:10:55.498 [JavaFX Application Thread] DEBUG FXGLAssetLoaderServi - Loading from file system: file:/C:/Users/Admin/Desktop/Bomberman/target/classes/assets/textures/right_flame.png
11:10:55.499 [JavaFX Application Thread] DEBUG FXGLAssetLoaderServi - Loading from file system: file:/C:/Users/Admin/Desktop/Bomberman/target/classes/assets/textures/left_flame.png
11:10:55.500 [JavaFX Application Thread] DEBUG FXGLAssetLoaderServi - Loading from file system: file:/C:/Users/Admin/Desktop/Bomberman/target/classes/assets/textures/down_flame.png
11:10:55.501 [JavaFX Application Thread] DEBUG FXGLAssetLoaderServi - Loading from file system: file:/C:/Users/Admin/Desktop/Bomberman/target/classes/assets/textures/up_flame.png
11:10:58.296 [JavaFX Application Thread] WARN  GameWorld            - Attempted to remove entity which is not active
11:11:00.696 [JavaFX Application Thread] WARN  GameWorld            - Attempted to remove entity which is not active
11:11:02.520 [JavaFX Application Thread] WARN  GameWorld            - Attempted to remove entity which is not active
11:11:02.520 [JavaFX Application Thread] WARN  GameWorld            - Attempted to remove entity which is not active
11:11:05.016 [JavaFX Application Thread] WARN  GameWorld            - Attempted to remove entity which is not active
11:11:15.208 [JavaFX Application Thread] WARN  GameWorld            - Attempted to remove entity which is not active
11:11:32.184 [JavaFX Application Thread] WARN  GameWorld            - Attempted to remove entity which is not active
11:11:38.441 [JavaFX Application Thread] WARN  GameWorld            - Attempted to remove entity which is not active
11:11:44.089 [JavaFX Application Thread] WARN  GameWorld            - Attempted to remove entity which is not active
11:11:51.784 [JavaFX Application Thread] WARN  GameWorld            - Attempted to remove entity which is not active
11:11:51.784 [JavaFX Application Thread] WARN  GameWorld            - Attempted to remove entity which is not active
11:11:51.848 [JavaFX Application Thread] WARN  GameWorld            - Attempted to remove entity which is not active
11:11:55.640 [JavaFX Application Thread] WARN  GameWorld            - Attempted to remove entity which is not active
11:12:09.641 [JavaFX Application Thread] WARN  GameWorld            - Attempted to remove entity which is not active
11:12:17.128 [JavaFX Application Thread] WARN  GameWorld            - Attempted to remove entity which is not active
11:12:17.128 [JavaFX Application Thread] WARN  GameWorld            - Attempted to remove entity which is not active
11:12:21.721 [JavaFX Application Thread] WARN  GameWorld            - Attempted to remove entity which is not active
11:12:22.569 [JavaFX Application Thread] DEBUG FXGLAssetLoaderServi - Loading from file system: file:/C:/Users/Admin/Desktop/Bomberman/target/classes/assets/sounds/ending.wav
11:12:22.574 [JavaFX Application Thread] DEBUG PrimaryStageWindow   - Push state: EndingScene
11:12:22.574 [JavaFX Application Thread] DEBUG Input                - Clearing active input actions
11:12:22.575 [JavaFX Application Thread] DEBUG GameApplicationServi - Removing overlay from GameScene and adding to EndingScene
11:12:22.575 [JavaFX Application Thread] DEBUG PrimaryStageWindow   - GameScene -> EndingScene
11:12:36.600 [JavaFX Application Thread] DEBUG PrimaryStageWindow   - Pop state: EndingScene
11:12:36.600 [JavaFX Application Thread] DEBUG Input                - Clearing active input actions
11:12:36.600 [JavaFX Application Thread] DEBUG GameApplicationServi - Removing overlay from EndingScene and adding to GameScene
11:12:36.600 [JavaFX Application Thread] DEBUG PrimaryStageWindow   - GameScene <- EndingScene
11:12:36.600 [JavaFX Application Thread] DEBUG Input                - Clearing active input actions
11:12:36.605 [JavaFX Application Thread] DEBUG GameApplicationServi - Removing overlay from GameScene and adding to FXGLMainMenuDummyScene
11:12:36.605 [JavaFX Application Thread] DEBUG PrimaryStageWindow   - GameScene -> FXGLMainMenuDummyScene
11:12:36.605 [JavaFX Application Thread] DEBUG PrimaryStageWindow   - Push state: MainMenu
11:12:36.605 [JavaFX Application Thread] DEBUG Input                - Clearing active input actions
11:12:36.606 [JavaFX Application Thread] DEBUG GameApplicationServi - Removing overlay from FXGLMainMenuDummyScene and adding to MainMenu
11:12:36.606 [JavaFX Application Thread] DEBUG PrimaryStageWindow   - FXGLMainMenuDummyScene -> MainMenu
11:12:43.343 [JavaFX Application Thread] DEBUG Menu                 - fireNewGame()
11:12:43.343 [JavaFX Application Thread] DEBUG GameApplicationServi - Starting new game
11:12:43.343 [JavaFX Application Thread] DEBUG PrimaryStageWindow   - Pop state: MainMenu
11:12:43.343 [JavaFX Application Thread] DEBUG Input                - Clearing active input actions
11:12:43.344 [JavaFX Application Thread] DEBUG GameApplicationServi - Removing overlay from MainMenu and adding to FXGLMainMenuDummyScene
11:12:43.344 [JavaFX Application Thread] DEBUG PrimaryStageWindow   - FXGLMainMenuDummyScene <- MainMenu
11:12:43.344 [JavaFX Application Thread] DEBUG Input                - Clearing active input actions
11:12:43.348 [JavaFX Application Thread] DEBUG GameApplicationServi - Removing overlay from FXGLMainMenuDummyScene and adding to FXGLLoadingScene
11:12:43.348 [JavaFX Application Thread] DEBUG PrimaryStageWindow   - FXGLMainMenuDummyScene -> FXGLLoadingScene
11:12:43.348 [JavaFX Application Thread] DEBUG GameApplicationServi - Clearing previous game
11:12:43.348 [JavaFX Application Thread] DEBUG GameScene            - Clearing game scene
11:12:43.348 [JavaFX Application Thread] DEBUG GameWorld            - Clearing game world
11:12:43.351 [JavaFX Application Thread] DEBUG PhysicsWorld         - Clearing physics world
11:12:43.352 [FXGL Background Thread 5 ] DEBUG FXGLApplication      - Initializing game
11:12:44.517 [FXGL Background Thread 5 ] INFO  FXGLApplication      - Game initialization took: 1.164 sec
11:12:44.518 [JavaFX Application Thread] DEBUG Input                - Clearing active input actions
11:12:44.524 [JavaFX Application Thread] DEBUG GameApplicationServi - Removing overlay from FXGLLoadingScene and adding to GameScene
11:12:44.525 [JavaFX Application Thread] DEBUG PrimaryStageWindow   - FXGLLoadingScene -> GameScene
11:13:22.280 [JavaFX Application Thread] WARN  GameWorld            - Attempted to remove entity which is not active
11:13:22.280 [JavaFX Application Thread] WARN  GameWorld            - Attempted to remove entity which is not active
11:13:22.280 [JavaFX Application Thread] WARN  GameWorld            - Attempted to remove entity which is not active
11:13:22.280 [JavaFX Application Thread] WARN  GameWorld            - Attempted to remove entity which is not active
11:13:22.328 [JavaFX Application Thread] WARN  GameWorld            - Attempted to remove entity which is not active
11:13:22.328 [JavaFX Application Thread] WARN  GameWorld            - Attempted to remove entity which is not active
11:13:22.360 [JavaFX Application Thread] WARN  GameWorld            - Attempted to remove entity which is not active
11:13:25.368 [JavaFX Application Thread] WARN  GameWorld            - Attempted to remove entity which is not active
11:13:25.368 [JavaFX Application Thread] WARN  GameWorld            - Attempted to remove entity which is not active
11:13:25.440 [JavaFX Application Thread] WARN  GameWorld            - Attempted to remove entity which is not active
11:13:25.440 [JavaFX Application Thread] WARN  GameWorld            - Attempted to remove entity which is not active
11:13:25.490 [JavaFX Application Thread] WARN  GameWorld            - Attempted to remove entity which is not active
11:13:28.770 [JavaFX Application Thread] DEBUG PrimaryStageWindow   - Push state: GameMenu
11:13:28.770 [JavaFX Application Thread] DEBUG Input                - Clearing active input actions
11:13:28.770 [JavaFX Application Thread] DEBUG GameApplicationServi - Removing overlay from GameScene and adding to GameMenu
11:13:28.770 [JavaFX Application Thread] DEBUG PrimaryStageWindow   - GameScene -> GameMenu
11:13:30.122 [JavaFX Application Thread] DEBUG PrimaryStageWindow   - Pop state: GameMenu
11:13:30.122 [JavaFX Application Thread] DEBUG Input                - Clearing active input actions
11:13:30.122 [JavaFX Application Thread] DEBUG GameApplicationServi - Removing overlay from GameMenu and adding to GameScene
11:13:30.122 [JavaFX Application Thread] DEBUG PrimaryStageWindow   - GameScene <- GameMenu
11:13:32.472 [JavaFX Application Thread] WARN  GameWorld            - Attempted to remove entity which is not active
11:13:32.472 [JavaFX Application Thread] WARN  GameWorld            - Attempted to remove entity which is not active
11:13:32.472 [JavaFX Application Thread] WARN  GameWorld            - Attempted to remove entity which is not active
11:13:32.472 [JavaFX Application Thread] WARN  GameWorld            - Attempted to remove entity which is not active
11:13:32.472 [JavaFX Application Thread] WARN  GameWorld            - Attempted to remove entity which is not active
11:13:32.472 [JavaFX Application Thread] WARN  GameWorld            - Attempted to remove entity which is not active
11:13:37.352 [JavaFX Application Thread] WARN  GameWorld            - Attempted to remove entity which is not active
11:13:37.352 [JavaFX Application Thread] WARN  GameWorld            - Attempted to remove entity which is not active
11:13:42.264 [JavaFX Application Thread] WARN  GameWorld            - Attempted to remove entity which is not active
11:13:42.264 [JavaFX Application Thread] WARN  GameWorld            - Attempted to remove entity which is not active
11:13:47.048 [JavaFX Application Thread] WARN  GameWorld            - Attempted to remove entity which is not active
11:13:47.048 [JavaFX Application Thread] WARN  GameWorld            - Attempted to remove entity which is not active
11:13:47.048 [JavaFX Application Thread] WARN  GameWorld            - Attempted to remove entity which is not active
11:13:47.048 [JavaFX Application Thread] WARN  GameWorld            - Attempted to remove entity which is not active
11:13:47.048 [JavaFX Application Thread] WARN  GameWorld            - Attempted to remove entity which is not active
11:13:47.048 [JavaFX Application Thread] WARN  GameWorld            - Attempted to remove entity which is not active
11:13:47.048 [JavaFX Application Thread] WARN  GameWorld            - Attempted to remove entity which is not active
11:13:47.048 [JavaFX Application Thread] WARN  GameWorld            - Attempted to remove entity which is not active
11:13:54.424 [JavaFX Application Thread] WARN  GameWorld            - Attempted to remove entity which is not active
11:13:54.424 [JavaFX Application Thread] WARN  GameWorld            - Attempted to remove entity which is not active
11:13:54.488 [JavaFX Application Thread] WARN  GameWorld            - Attempted to remove entity which is not active
11:13:54.488 [JavaFX Application Thread] WARN  GameWorld            - Attempted to remove entity which is not active
11:13:54.489 [JavaFX Application Thread] WARN  GameWorld            - Attempted to remove entity which is not active
11:13:54.489 [JavaFX Application Thread] WARN  GameWorld            - Attempted to remove entity which is not active
11:13:54.523 [JavaFX Application Thread] WARN  GameWorld            - Attempted to remove entity which is not active
11:13:54.523 [JavaFX Application Thread] WARN  GameWorld            - Attempted to remove entity which is not active
11:13:54.524 [JavaFX Application Thread] WARN  GameWorld            - Attempted to remove entity which is not active
11:13:54.524 [JavaFX Application Thread] WARN  GameWorld            - Attempted to remove entity which is not active
11:13:54.552 [JavaFX Application Thread] WARN  GameWorld            - Attempted to remove entity which is not active
11:14:11.742 [JavaFX Application Thread] DEBUG PrimaryStageWindow   - Push state: GameMenu
11:14:11.742 [JavaFX Application Thread] DEBUG Input                - Clearing active input actions
11:14:11.742 [JavaFX Application Thread] DEBUG GameApplicationServi - Removing overlay from GameScene and adding to GameMenu
11:14:11.742 [JavaFX Application Thread] DEBUG PrimaryStageWindow   - GameScene -> GameMenu
11:14:14.418 [JavaFX Application Thread] DEBUG Menu                 - fireExit()
11:14:14.424 [JavaFX Application Thread] DEBUG PrimaryStageWindow   - Push state: DialogSubScene
11:14:14.424 [JavaFX Application Thread] DEBUG Input                - Clearing active input actions
11:14:14.424 [JavaFX Application Thread] DEBUG GameApplicationServi - Removing overlay from GameMenu and adding to DialogSubScene
11:14:14.424 [JavaFX Application Thread] DEBUG PrimaryStageWindow   - GameMenu -> DialogSubScene
11:14:15.227 [JavaFX Application Thread] DEBUG PrimaryStageWindow   - Pop state: DialogSubScene
11:14:15.228 [JavaFX Application Thread] DEBUG Input                - Clearing active input actions
11:14:15.228 [JavaFX Application Thread] DEBUG GameApplicationServi - Removing overlay from DialogSubScene and adding to GameMenu
11:14:15.228 [JavaFX Application Thread] DEBUG PrimaryStageWindow   - GameMenu <- DialogSubScene
11:14:15.228 [JavaFX Application Thread] DEBUG FXGLApplication      - Exiting FXGL
11:14:15.228 [JavaFX Application Thread] DEBUG LoopRunner           - Stopping loop
11:14:15.228 [JavaFX Application Thread] DEBUG SystemBundleService  - Saving FXGL system data
11:14:15.230 [JavaFX Application Thread] DEBUG FileSystemAccess     - Writing to: C:\Users\Admin\Desktop\Bomberman\system\fxgl.bundle
11:14:15.231 [JavaFX Application Thread] DEBUG Async                - Shutting down background threads
11:14:15.231 [JavaFX Application Thread] DEBUG PrimaryStageWindow   - Closing main window
11:14:15.251 [JavaFX Application Thread] DEBUG Logger               - Closing Logger
