12:40:10.459 [main                     ] DEBUG Logger               - Configured Logger
12:40:10.464 [main                     ] DEBUG GameApplication      - Logging settings
Title: BOMBERMAN
Version: 1.0
Width: 1280
Height: 720
Fullscreen: true
Intro: false
Profiling: false
Single step:false
App Mode: DEVELOPER
Menu Key: ESCAPE
Stage Style: DECORATED
Scene Factory: class com.almasb.fxgl.app.scene.SceneFactory

12:40:10.989 [JavaFX Application Thread] DEBUG FXGLApplication      - Initializing FXGL
12:40:10.993 [JavaFX Application Thread] INFO  Engine               - FXGL-11.17 (16.07.2021 15.46) on WINDOWS (J:11.0.16.1 FX:16)
12:40:10.993 [JavaFX Application Thread] DEBUG Engine               - JRE Vendor Name: Oracle Corporation
12:40:10.993 [JavaFX Application Thread] DEBUG Engine               - Running on OS: Windows 11 version 10.0
12:40:10.994 [JavaFX Application Thread] DEBUG Engine               - Architecture: amd64
12:40:10.994 [JavaFX Application Thread] INFO  Engine               - Source code and latest versions at: https://github.com/AlmasB/FXGL
12:40:10.994 [JavaFX Application Thread] INFO  Engine               -              Join the FXGL chat at: https://gitter.im/AlmasB/FXGL
12:40:11.168 [JavaFX Application Thread] DEBUG PrimaryStageWindow   - Creating a JavaFX scene
12:40:11.246 [JavaFX Application Thread] DEBUG PrimaryStageWindow   - Target settings size: 1280.0 x 720.0
12:40:11.247 [JavaFX Application Thread] DEBUG PrimaryStageWindow   - Scaled scene size:    1280.0 x 720.0
12:40:11.247 [JavaFX Application Thread] DEBUG PrimaryStageWindow   - Scaled ratio: (1.0, 1.0)
12:40:11.248 [JavaFX Application Thread] DEBUG PrimaryStageWindow   - Set initial scene to FXGLStartupScene
12:40:11.263 [JavaFX Application Thread] DEBUG PrimaryStageWindow   - Opening main window
12:40:11.396 [JavaFX Application Thread] DEBUG PrimaryStageWindow   - Window border size: (13.0, 35.5)
12:40:11.396 [JavaFX Application Thread] DEBUG PrimaryStageWindow   - Scaled size: 1280.0 x 720.0
12:40:11.396 [JavaFX Application Thread] DEBUG PrimaryStageWindow   - Scaled ratio: (1.0, 1.0)
12:40:11.397 [JavaFX Application Thread] DEBUG PrimaryStageWindow   - Scene size: 1280.0 x 720.0
12:40:11.398 [JavaFX Application Thread] DEBUG PrimaryStageWindow   - Stage size: 1293.0 x 755.5
12:40:11.410 [FXGL Background Thread 1 ] DEBUG Engine               - Initializing environment variables
12:40:11.510 [FXGL Background Thread 1 ] DEBUG FXGLAssetLoaderServi - User app class for loading assets: class Bomberman.BombermanGame
12:40:11.510 [FXGL Background Thread 1 ] DEBUG GameApplicationServi - Applying CSS: fxgl_dark.css
12:40:11.511 [FXGL Background Thread 1 ] DEBUG FXGLAssetLoaderServi - Loading from file system: jar:file:/C:/Users/Admin/.m2/repository/com/github/almasb/fxgl/11.17/fxgl-11.17.jar!/fxglassets/ui/css/fxgl_dark.css
12:40:11.568 [FXGL Background Thread 1 ] DEBUG GameApplicationServi - Initializing application scenes
12:40:11.625 [FXGL Background Thread 1 ] DEBUG GameWorld            - Game world initialized
12:40:11.712 [FXGL Background Thread 1 ] DEBUG PhysicsWorld         - Physics world initialized: appHeight=720, physics.ppm=50.0
12:40:11.713 [FXGL Background Thread 1 ] DEBUG PhysicsWorld         - Using strategy: BRUTE_FORCE
12:40:11.717 [FXGL Background Thread 1 ] DEBUG GameScene            - Game scene initialized: 1280x720
12:40:11.740 [FXGL Background Thread 1 ] DEBUG FXGL.DefaultMenu     - createMenuBodyGameMenu()
12:40:11.768 [FXGL Background Thread 1 ] DEBUG FXGL.DefaultMenu     - createOptionsMenu()
12:40:11.782 [FXGL Background Thread 1 ] DEBUG FXGLAssetLoaderServi - Loading from file system: jar:file:/C:/Users/Admin/.m2/repository/com/github/almasb/fxgl/11.17/fxgl-11.17.jar!/fxglassets/textures/particles/smoke.png
12:40:11.899 [FXGL Background Thread 1 ] DEBUG FXGLAssetLoaderServi - Loading from file system: jar:file:/C:/Users/Admin/.m2/repository/com/github/almasb/fxgl/11.17/fxgl-11.17.jar!/fxglassets/textures/particles/trace_horizontal.png
12:40:11.931 [FXGL Background Thread 1 ] DEBUG GameApplicationServi - Application scenes initialized
12:40:11.944 [FXGL Background Thread 1 ] DEBUG SystemBundleService  - Loading FXGL system data
12:40:11.950 [FXGL Background Thread 1 ] DEBUG FileSystemAccess     - Reading from: C:\Users\Admin\Desktop\Bomberman\system\fxgl.bundle
12:40:11.956 [FXGL Background Thread 1 ] DEBUG SystemBundleService  - Bundle FXGL: {}
12:40:11.957 [FXGL Background Thread 1 ] DEBUG UpdaterService       - Checking for updates
12:40:11.968 [FXGL Background Thread 4 ] DEBUG FXGLApplication      - Loading fonts
12:40:11.969 [FXGL Background Thread 1 ] DEBUG FXGLApplication      - Loading default localization
12:40:11.969 [FXGL Background Thread 4 ] DEBUG FXGLAssetLoaderServi - Loading from file system: jar:file:/C:/Users/Admin/.m2/repository/com/github/almasb/fxgl/11.17/fxgl-11.17.jar!/fxglassets/ui/fonts/VarelaRound-Regular.ttf
12:40:11.970 [FXGL Background Thread 1 ] DEBUG FXGLAssetLoaderServi - Loading from file system: jar:file:/C:/Users/Admin/.m2/repository/com/github/almasb/fxgl/11.17/fxgl-11.17.jar!/fxglassets/languages/english.lang
12:40:12.000 [FXGL Background Thread 1 ] INFO  FXGLApplication      - FXGL initialization took: 0.589 sec
12:40:12.031 [JavaFX Application Thread] DEBUG Input                - Registered new binding: Move Left - A
12:40:12.031 [JavaFX Application Thread] DEBUG Input                - Registered new binding: Move Right - D
12:40:12.032 [JavaFX Application Thread] DEBUG Input                - Registered new binding: Move Up - W
12:40:12.032 [JavaFX Application Thread] DEBUG Input                - Registered new binding: Move Down - S
12:40:12.032 [JavaFX Application Thread] DEBUG Input                - Registered new binding: Place Bomb - Space
12:40:12.033 [JavaFX Application Thread] DEBUG Input                - Registered new binding: Switch to classic bomb - 1
12:40:12.033 [JavaFX Application Thread] DEBUG Input                - Registered new binding: Switch to lazer bomb - 2
12:40:12.033 [JavaFX Application Thread] DEBUG Input                - Registered new binding: Switch to light bomb - 3
12:40:12.035 [JavaFX Application Thread] DEBUG FXGLAssetLoaderServi - Loading from file system: jar:file:/C:/Users/Admin/.m2/repository/com/github/almasb/fxgl/11.17/fxgl-11.17.jar!/fxglassets/textures/fxgl_icon.png
12:40:12.086 [JavaFX Application Thread] DEBUG FXGLAssetLoaderServi - Loading from file system: jar:file:/C:/Users/Admin/.m2/repository/com/github/almasb/fxgl/11.17/fxgl-11.17.jar!/fxglassets/textures/fxgl_default_cursor.png
12:40:12.092 [JavaFX Application Thread] DEBUG Input                - Registered new binding: Screenshot - CTRL+8
12:40:12.092 [JavaFX Application Thread] DEBUG Input                - Registered new binding: System info dump - CTRL+9
12:40:12.093 [JavaFX Application Thread] DEBUG Input                - Registered new binding: Restart - CTRL+R
12:40:12.095 [JavaFX Application Thread] DEBUG Input                - Registered new binding: Toggle Debug Camera - CTRL+C
12:40:12.100 [JavaFX Application Thread] DEBUG LoopRunner           - Starting loop
12:40:12.100 [JavaFX Application Thread] DEBUG LoopRunner           - Initializing JavaFX AnimationTimerLoop
12:40:12.103 [JavaFX Application Thread] DEBUG GameApplicationServi - Starting new game
12:40:12.105 [JavaFX Application Thread] DEBUG Input                - Clearing active input actions
12:40:12.130 [JavaFX Application Thread] DEBUG GameApplicationServi - Removing overlay from FXGLStartupScene and adding to FXGLLoadingScene
12:40:12.131 [JavaFX Application Thread] DEBUG PrimaryStageWindow   - FXGLStartupScene -> FXGLLoadingScene
12:40:12.131 [JavaFX Application Thread] DEBUG GameApplicationServi - Clearing previous game
12:40:12.131 [JavaFX Application Thread] DEBUG GameScene            - Clearing game scene
12:40:12.132 [JavaFX Application Thread] DEBUG GameWorld            - Clearing game world
12:40:12.132 [JavaFX Application Thread] DEBUG PhysicsWorld         - Clearing physics world
12:40:12.134 [FXGL Background Thread 1 ] DEBUG FXGLApplication      - Initializing game
12:40:12.167 [FXGL Background Thread 1 ] DEBUG FXGLAssetLoaderServi - Loading from file system: file:/C:/Users/Admin/Desktop/Bomberman/target/classes/assets/textures/wall.png
12:40:12.276 [FXGL Background Thread 1 ] DEBUG FXGLAssetLoaderServi - Loading from file system: file:/C:/Users/Admin/Desktop/Bomberman/target/classes/assets/textures/player_die.png
12:40:12.281 [FXGL Background Thread 1 ] DEBUG FXGLAssetLoaderServi - Loading from file system: file:/C:/Users/Admin/Desktop/Bomberman/target/classes/assets/textures/player_down.png
12:40:12.283 [FXGL Background Thread 1 ] DEBUG FXGLAssetLoaderServi - Loading from file system: file:/C:/Users/Admin/Desktop/Bomberman/target/classes/assets/textures/player_right.png
12:40:12.286 [FXGL Background Thread 1 ] DEBUG FXGLAssetLoaderServi - Loading from file system: file:/C:/Users/Admin/Desktop/Bomberman/target/classes/assets/textures/player_up.png
12:40:12.288 [FXGL Background Thread 1 ] DEBUG FXGLAssetLoaderServi - Loading from file system: file:/C:/Users/Admin/Desktop/Bomberman/target/classes/assets/textures/player_left.png
12:40:12.301 [FXGL Background Thread 1 ] DEBUG FXGLAssetLoaderServi - Loading from file system: file:/C:/Users/Admin/Desktop/Bomberman/target/classes/assets/textures/brick.png
12:40:12.303 [FXGL Background Thread 1 ] DEBUG FXGLAssetLoaderServi - Loading from file system: file:/C:/Users/Admin/Desktop/Bomberman/target/classes/assets/textures/brick_break.png
12:40:12.317 [FXGL Background Thread 1 ] DEBUG FXGLAssetLoaderServi - Loading from file system: file:/C:/Users/Admin/Desktop/Bomberman/target/classes/assets/textures/enemy1.png
12:40:12.335 [FXGL Background Thread 1 ] DEBUG FXGLAssetLoaderServi - Loading from file system: file:/C:/Users/Admin/Desktop/Bomberman/target/classes/assets/textures/enemy2.png
12:40:12.426 [FXGL Background Thread 1 ] DEBUG FXGLAssetLoaderServi - Loading from file system: file:/C:/Users/Admin/Desktop/Bomberman/target/classes/assets/textures/portal.png
12:40:12.483 [FXGL Background Thread 1 ] DEBUG FXGLAssetLoaderServi - Loading from file system: file:/C:/Users/Admin/Desktop/Bomberman/target/classes/assets/textures/powerup_flames.png
12:40:12.569 [FXGL Background Thread 1 ] DEBUG FXGLAssetLoaderServi - Loading from file system: file:/C:/Users/Admin/Desktop/Bomberman/target/classes/assets/textures/enemy4.png
12:40:12.587 [FXGL Background Thread 4 ] DEBUG FXGLAssetLoaderServi - Loading from file system: jar:file:/C:/Users/Admin/.m2/repository/com/github/almasb/fxgl/11.17/fxgl-11.17.jar!/fxglassets/ui/fonts/Abel-Regular.ttf
12:40:12.590 [FXGL Background Thread 1 ] DEBUG FXGLAssetLoaderServi - Loading from file system: file:/C:/Users/Admin/Desktop/Bomberman/target/classes/assets/textures/enemy3.png
12:40:12.596 [FXGL Background Thread 4 ] DEBUG FXGLAssetLoaderServi - Loading from file system: jar:file:/C:/Users/Admin/.m2/repository/com/github/almasb/fxgl/11.17/fxgl-11.17.jar!/fxglassets/ui/fonts/lucida_console.ttf
12:40:12.608 [FXGL Background Thread 4 ] DEBUG FXGLAssetLoaderServi - Loading from file system: jar:file:/C:/Users/Admin/.m2/repository/com/github/almasb/fxgl/11.17/fxgl-11.17.jar!/fxglassets/ui/fonts/Courier-Prime.ttf
12:40:12.620 [JavaFX Application Thread] DEBUG FXGLApplication      - Registering font factories with UI factory
12:40:12.630 [FXGL Background Thread 1 ] INFO  FXGLApplication      - Game initialization took: 0.496 sec
12:40:12.632 [JavaFX Application Thread] DEBUG Input                - Clearing active input actions
12:40:12.672 [JavaFX Application Thread] DEBUG GameApplicationServi - Removing overlay from FXGLLoadingScene and adding to GameScene
12:40:12.673 [JavaFX Application Thread] DEBUG PrimaryStageWindow   - FXGLLoadingScene -> GameScene
12:40:13.958 [FXGL Background Thread 2 ] INFO  UpdaterService       - Your current version:  11.17
12:40:13.958 [FXGL Background Thread 2 ] INFO  UpdaterService       - Latest stable version: 17.2
12:40:14.934 [JavaFX Application Thread] DEBUG FXGLApplication      - Exiting FXGL
12:40:14.934 [JavaFX Application Thread] DEBUG LoopRunner           - Stopping loop
12:40:14.934 [JavaFX Application Thread] DEBUG SystemBundleService  - Saving FXGL system data
12:40:14.937 [JavaFX Application Thread] DEBUG FileSystemAccess     - Writing to: C:\Users\Admin\Desktop\Bomberman\system\fxgl.bundle
12:40:14.939 [JavaFX Application Thread] DEBUG Async                - Shutting down background threads
12:40:14.939 [JavaFX Application Thread] DEBUG PrimaryStageWindow   - Closing main window
12:40:14.974 [JavaFX Application Thread] DEBUG Logger               - Closing Logger
