07:40:27.328 [main                     ] DEBUG Logger               - Configured Logger
07:40:27.331 [main                     ] DEBUG GameApplication      - Logging settings
Title: BOMBERMAN
Version: 1.0
Width: 1488
Height: 624
Fullscreen: true
Intro: false
Profiling: false
Single step:false
App Mode: DEVELOPER
Menu Key: ESCAPE
Stage Style: DECORATED
Scene Factory: class com.almasb.fxgl.app.scene.SceneFactory

07:40:27.663 [JavaFX Application Thread] DEBUG FXGLApplication      - Initializing FXGL
07:40:27.665 [JavaFX Application Thread] INFO  Engine               - FXGL-11.17 (16.07.2021 15.46) on WINDOWS (J:11.0.16.1 FX:16)
07:40:27.665 [JavaFX Application Thread] DEBUG Engine               - JRE Vendor Name: Oracle Corporation
07:40:27.666 [JavaFX Application Thread] DEBUG Engine               - Running on OS: Windows 11 version 10.0
07:40:27.666 [JavaFX Application Thread] DEBUG Engine               - Architecture: amd64
07:40:27.666 [JavaFX Application Thread] INFO  Engine               - Source code and latest versions at: https://github.com/AlmasB/FXGL
07:40:27.666 [JavaFX Application Thread] INFO  Engine               -              Join the FXGL chat at: https://gitter.im/AlmasB/FXGL
07:40:27.765 [JavaFX Application Thread] DEBUG PrimaryStageWindow   - Creating a JavaFX scene
07:40:27.765 [JavaFX Application Thread] DEBUG PrimaryStageWindow   - Target size > screen size
07:40:27.812 [JavaFX Application Thread] DEBUG PrimaryStageWindow   - Target settings size: 1488.0 x 624.0
07:40:27.813 [JavaFX Application Thread] DEBUG PrimaryStageWindow   - Scaled scene size:    1415.0 x 603.0
07:40:27.813 [JavaFX Application Thread] DEBUG PrimaryStageWindow   - Scaled ratio: (0.9509408602150538, 0.9663461538461539)
07:40:27.814 [JavaFX Application Thread] DEBUG PrimaryStageWindow   - Set initial scene to FXGLStartupScene
07:40:27.822 [JavaFX Application Thread] DEBUG PrimaryStageWindow   - Opening main window
07:40:27.908 [JavaFX Application Thread] DEBUG PrimaryStageWindow   - Window border size: (13.0, 35.5)
07:40:27.908 [JavaFX Application Thread] DEBUG PrimaryStageWindow   - Scaled size: 1415.0 x 603.0
07:40:27.909 [JavaFX Application Thread] DEBUG PrimaryStageWindow   - Scaled ratio: (0.9509408602150538, 0.9663461538461539)
07:40:27.909 [JavaFX Application Thread] DEBUG PrimaryStageWindow   - Scene size: 1415.0 x 603.0
07:40:27.909 [JavaFX Application Thread] DEBUG PrimaryStageWindow   - Stage size: 1428.0 x 638.5
07:40:27.917 [FXGL Background Thread 1 ] DEBUG Engine               - Initializing environment variables
07:40:27.975 [FXGL Background Thread 1 ] DEBUG FXGLAssetLoaderServi - User app class for loading assets: class Bomberman.BombermanGame
07:40:27.975 [FXGL Background Thread 1 ] DEBUG GameApplicationServi - Applying CSS: fxgl_dark.css
07:40:27.975 [FXGL Background Thread 1 ] DEBUG FXGLAssetLoaderServi - Loading from file system: jar:file:/C:/Users/Admin/.m2/repository/com/github/almasb/fxgl/11.17/fxgl-11.17.jar!/fxglassets/ui/css/fxgl_dark.css
07:40:28.010 [FXGL Background Thread 1 ] DEBUG GameApplicationServi - Initializing application scenes
07:40:28.042 [FXGL Background Thread 1 ] DEBUG GameWorld            - Game world initialized
07:40:28.084 [FXGL Background Thread 1 ] DEBUG PhysicsWorld         - Physics world initialized: appHeight=624, physics.ppm=50.0
07:40:28.085 [FXGL Background Thread 1 ] DEBUG PhysicsWorld         - Using strategy: BRUTE_FORCE
07:40:28.087 [FXGL Background Thread 1 ] DEBUG GameScene            - Game scene initialized: 1488x624
07:40:28.097 [FXGL Background Thread 1 ] DEBUG FXGL.DefaultMenu     - createMenuBodyGameMenu()
07:40:28.111 [FXGL Background Thread 1 ] DEBUG FXGL.DefaultMenu     - createOptionsMenu()
07:40:28.119 [FXGL Background Thread 1 ] DEBUG FXGLAssetLoaderServi - Loading from file system: jar:file:/C:/Users/Admin/.m2/repository/com/github/almasb/fxgl/11.17/fxgl-11.17.jar!/fxglassets/textures/particles/smoke.png
07:40:28.200 [FXGL Background Thread 1 ] DEBUG FXGLAssetLoaderServi - Loading from file system: jar:file:/C:/Users/Admin/.m2/repository/com/github/almasb/fxgl/11.17/fxgl-11.17.jar!/fxglassets/textures/particles/trace_horizontal.png
07:40:28.226 [FXGL Background Thread 1 ] DEBUG GameApplicationServi - Application scenes initialized
07:40:28.241 [FXGL Background Thread 1 ] DEBUG SystemBundleService  - Loading FXGL system data
07:40:28.246 [FXGL Background Thread 1 ] DEBUG FileSystemAccess     - Reading from: C:\Users\Admin\Desktop\Bomberman\system\fxgl.bundle
07:40:28.252 [FXGL Background Thread 1 ] DEBUG SystemBundleService  - Bundle FXGL: {}
07:40:28.253 [FXGL Background Thread 1 ] DEBUG UpdaterService       - Checking for updates
07:40:28.256 [FXGL Background Thread 4 ] DEBUG FXGLApplication      - Loading fonts
07:40:28.257 [FXGL Background Thread 4 ] DEBUG FXGLAssetLoaderServi - Loading from file system: jar:file:/C:/Users/Admin/.m2/repository/com/github/almasb/fxgl/11.17/fxgl-11.17.jar!/fxglassets/ui/fonts/VarelaRound-Regular.ttf
07:40:28.257 [FXGL Background Thread 1 ] DEBUG FXGLApplication      - Loading default localization
07:40:28.258 [FXGL Background Thread 1 ] DEBUG FXGLAssetLoaderServi - Loading from file system: jar:file:/C:/Users/Admin/.m2/repository/com/github/almasb/fxgl/11.17/fxgl-11.17.jar!/fxglassets/languages/english.lang
07:40:28.271 [FXGL Background Thread 1 ] INFO  FXGLApplication      - FXGL initialization took: 0.354 sec
07:40:28.287 [JavaFX Application Thread] DEBUG Input                - Registered new binding: Move Left - A
07:40:28.287 [JavaFX Application Thread] DEBUG Input                - Registered new binding: Move Right - D
07:40:28.287 [JavaFX Application Thread] DEBUG Input                - Registered new binding: Move Up - W
07:40:28.287 [JavaFX Application Thread] DEBUG Input                - Registered new binding: Move Down - S
07:40:28.287 [JavaFX Application Thread] DEBUG Input                - Registered new binding: Place Bomb - Space
07:40:28.288 [JavaFX Application Thread] DEBUG FXGLAssetLoaderServi - Loading from file system: jar:file:/C:/Users/Admin/.m2/repository/com/github/almasb/fxgl/11.17/fxgl-11.17.jar!/fxglassets/textures/fxgl_icon.png
07:40:28.309 [JavaFX Application Thread] DEBUG FXGLAssetLoaderServi - Loading from file system: jar:file:/C:/Users/Admin/.m2/repository/com/github/almasb/fxgl/11.17/fxgl-11.17.jar!/fxglassets/textures/fxgl_default_cursor.png
07:40:28.312 [JavaFX Application Thread] DEBUG Input                - Registered new binding: Screenshot - CTRL+8
07:40:28.312 [JavaFX Application Thread] DEBUG Input                - Registered new binding: System info dump - CTRL+9
07:40:28.312 [JavaFX Application Thread] DEBUG Input                - Registered new binding: Restart - CTRL+R
07:40:28.313 [JavaFX Application Thread] DEBUG Input                - Registered new binding: Toggle Debug Camera - CTRL+C
07:40:28.315 [JavaFX Application Thread] DEBUG LoopRunner           - Starting loop
07:40:28.315 [JavaFX Application Thread] DEBUG LoopRunner           - Initializing JavaFX AnimationTimerLoop
07:40:28.316 [JavaFX Application Thread] DEBUG GameApplicationServi - Starting new game
07:40:28.317 [JavaFX Application Thread] DEBUG Input                - Clearing active input actions
07:40:28.332 [JavaFX Application Thread] DEBUG GameApplicationServi - Removing overlay from FXGLStartupScene and adding to FXGLLoadingScene
07:40:28.333 [JavaFX Application Thread] DEBUG PrimaryStageWindow   - FXGLStartupScene -> FXGLLoadingScene
07:40:28.333 [JavaFX Application Thread] DEBUG GameApplicationServi - Clearing previous game
07:40:28.333 [JavaFX Application Thread] DEBUG GameScene            - Clearing game scene
07:40:28.334 [JavaFX Application Thread] DEBUG GameWorld            - Clearing game world
07:40:28.334 [JavaFX Application Thread] DEBUG PhysicsWorld         - Clearing physics world
07:40:28.334 [FXGL Background Thread 1 ] DEBUG FXGLApplication      - Initializing game
07:40:28.350 [FXGL Background Thread 1 ] DEBUG FXGLAssetLoaderServi - Loading from file system: file:/C:/Users/Admin/Desktop/Bomberman/target/classes/assets/textures/wall.png
07:40:28.399 [FXGL Background Thread 1 ] DEBUG FXGLAssetLoaderServi - Loading from file system: file:/C:/Users/Admin/Desktop/Bomberman/target/classes/assets/textures/player_die.png
07:40:28.401 [FXGL Background Thread 1 ] DEBUG FXGLAssetLoaderServi - Loading from file system: file:/C:/Users/Admin/Desktop/Bomberman/target/classes/assets/textures/player_down.png
07:40:28.402 [FXGL Background Thread 1 ] DEBUG FXGLAssetLoaderServi - Loading from file system: file:/C:/Users/Admin/Desktop/Bomberman/target/classes/assets/textures/player_right.png
07:40:28.403 [FXGL Background Thread 1 ] DEBUG FXGLAssetLoaderServi - Loading from file system: file:/C:/Users/Admin/Desktop/Bomberman/target/classes/assets/textures/player_up.png
07:40:28.404 [FXGL Background Thread 1 ] DEBUG FXGLAssetLoaderServi - Loading from file system: file:/C:/Users/Admin/Desktop/Bomberman/target/classes/assets/textures/player_left.png
07:40:28.409 [FXGL Background Thread 1 ] DEBUG FXGLAssetLoaderServi - Loading from file system: file:/C:/Users/Admin/Desktop/Bomberman/target/classes/assets/textures/brick.png
07:40:28.410 [FXGL Background Thread 1 ] DEBUG FXGLAssetLoaderServi - Loading from file system: file:/C:/Users/Admin/Desktop/Bomberman/target/classes/assets/textures/brick_break.png
07:40:28.437 [FXGL Background Thread 1 ] DEBUG FXGLAssetLoaderServi - Loading from file system: file:/C:/Users/Admin/Desktop/Bomberman/target/classes/assets/textures/portal.png
07:40:28.462 [FXGL Background Thread 1 ] DEBUG FXGLAssetLoaderServi - Loading from file system: file:/C:/Users/Admin/Desktop/Bomberman/target/classes/assets/textures/powerup_bombs.png
07:40:28.465 [FXGL Background Thread 1 ] DEBUG FXGLAssetLoaderServi - Loading from file system: file:/C:/Users/Admin/Desktop/Bomberman/target/classes/assets/textures/powerup_flames.png
07:40:28.467 [FXGL Background Thread 1 ] DEBUG FXGLAssetLoaderServi - Loading from file system: file:/C:/Users/Admin/Desktop/Bomberman/target/classes/assets/textures/powerup_speed.png
07:40:28.505 [FXGL Background Thread 4 ] DEBUG FXGLAssetLoaderServi - Loading from file system: jar:file:/C:/Users/Admin/.m2/repository/com/github/almasb/fxgl/11.17/fxgl-11.17.jar!/fxglassets/ui/fonts/Abel-Regular.ttf
07:40:28.509 [FXGL Background Thread 4 ] DEBUG FXGLAssetLoaderServi - Loading from file system: jar:file:/C:/Users/Admin/.m2/repository/com/github/almasb/fxgl/11.17/fxgl-11.17.jar!/fxglassets/ui/fonts/lucida_console.ttf
07:40:28.514 [FXGL Background Thread 4 ] DEBUG FXGLAssetLoaderServi - Loading from file system: jar:file:/C:/Users/Admin/.m2/repository/com/github/almasb/fxgl/11.17/fxgl-11.17.jar!/fxglassets/ui/fonts/Courier-Prime.ttf
07:40:28.520 [JavaFX Application Thread] DEBUG FXGLApplication      - Registering font factories with UI factory
07:40:28.537 [FXGL Background Thread 1 ] INFO  FXGLApplication      - Game initialization took: 0.203 sec
07:40:28.538 [JavaFX Application Thread] DEBUG Input                - Clearing active input actions
07:40:28.553 [JavaFX Application Thread] DEBUG GameApplicationServi - Removing overlay from FXGLLoadingScene and adding to GameScene
07:40:28.553 [JavaFX Application Thread] DEBUG PrimaryStageWindow   - FXGLLoadingScene -> GameScene
07:40:29.294 [FXGL Background Thread 2 ] INFO  UpdaterService       - Your current version:  11.17
07:40:29.294 [FXGL Background Thread 2 ] INFO  UpdaterService       - Latest stable version: 17.2
07:40:29.829 [JavaFX Application Thread] DEBUG FXGLAssetLoaderServi - Loading from file system: file:/C:/Users/Admin/Desktop/Bomberman/target/classes/assets/textures/bomb.png
07:40:29.831 [JavaFX Application Thread] DEBUG FXGLAssetLoaderServi - Loading from file system: file:/C:/Users/Admin/Desktop/Bomberman/target/classes/assets/sounds/place_bomb.wav
07:40:31.255 [FXGL Background Thread 3 ] DEBUG Engine               - Logging environment variables
07:40:31.255 [FXGL Background Thread 3 ] DEBUG Engine               - achievements: []
07:40:31.255 [FXGL Background Thread 3 ] DEBUG Engine               - actualHeight: 603.0
07:40:31.255 [FXGL Background Thread 3 ] DEBUG Engine               - actualHeightProperty: ReadOnlyDoubleProperty [value: 603.0]
07:40:31.256 [FXGL Background Thread 3 ] DEBUG Engine               - actualWidth: 1415.0
07:40:31.256 [FXGL Background Thread 3 ] DEBUG Engine               - actualWidthProperty: ReadOnlyDoubleProperty [value: 1415.0]
07:40:31.256 [FXGL Background Thread 3 ] DEBUG Engine               - appIcon: fxgl_icon.png
07:40:31.256 [FXGL Background Thread 3 ] DEBUG Engine               - applicationMode: DEVELOPER
07:40:31.256 [FXGL Background Thread 3 ] DEBUG Engine               - cSSList: [fxgl_dark.css]
07:40:31.256 [FXGL Background Thread 3 ] DEBUG Engine               - collisionDetectionStrategy: BRUTE_FORCE
07:40:31.256 [FXGL Background Thread 3 ] DEBUG Engine               - configClass: Optional.empty
07:40:31.256 [FXGL Background Thread 3 ] DEBUG Engine               - credits: []
07:40:31.256 [FXGL Background Thread 3 ] DEBUG Engine               - defaultCursor: CursorInfo(imageName=fxgl_default_cursor.png, hotspotX=7.0, hotspotY=6.0)
07:40:31.256 [FXGL Background Thread 3 ] DEBUG Engine               - devBBoxColorProperty: ObjectProperty [value: 0xff0000ff]
07:40:31.256 [FXGL Background Thread 3 ] DEBUG Engine               - devEnableDebugCameraProperty: BooleanProperty [value: false]
07:40:31.256 [FXGL Background Thread 3 ] DEBUG Engine               - devSensorColorProperty: ObjectProperty [value: 0xffff00ff]
07:40:31.256 [FXGL Background Thread 3 ] DEBUG Engine               - devShowBBoxProperty: BooleanProperty [value: false]
07:40:31.256 [FXGL Background Thread 3 ] DEBUG Engine               - devShowPositionProperty: BooleanProperty [value: false]
07:40:31.256 [FXGL Background Thread 3 ] DEBUG Engine               - enabledMenuItems: []
07:40:31.256 [FXGL Background Thread 3 ] DEBUG Engine               - engineServices: [class com.almasb.fxgl.app.services.FXGLAssetLoaderService, class com.almasb.fxgl.app.FXGLApplication$GameApplicationService, class com.almasb.fxgl.app.services.FXGLDialogService, class com.almasb.fxgl.app.services.IOTaskExecutorService, class com.almasb.fxgl.io.FileSystemService, class com.almasb.fxgl.localization.LocalizationService, class com.almasb.fxgl.app.services.SystemBundleService, class com.almasb.fxgl.profile.SaveLoadService, class com.almasb.fxgl.ui.FXGLUIFactoryServiceProvider, class com.almasb.fxgl.ui.FXGLDialogFactoryServiceProvider, class com.almasb.fxgl.audio.AudioPlayer, class com.almasb.fxgl.notification.impl.NotificationServiceProvider, class com.almasb.fxgl.achievement.AchievementService, class com.almasb.fxgl.cutscene.CutsceneService, class com.almasb.fxgl.minigames.MiniGameService, class com.almasb.fxgl.net.NetService, class com.almasb.fxgl.app.services.UpdaterService, class com.almasb.fxgl.dev.DevService]
07:40:31.256 [FXGL Background Thread 3 ] DEBUG Engine               - fontGame: Abel-Regular.ttf
07:40:31.256 [FXGL Background Thread 3 ] DEBUG Engine               - fontMono: lucida_console.ttf
07:40:31.256 [FXGL Background Thread 3 ] DEBUG Engine               - fontText: Courier-Prime.ttf
07:40:31.256 [FXGL Background Thread 3 ] DEBUG Engine               - fontUI: VarelaRound-Regular.ttf
07:40:31.257 [FXGL Background Thread 3 ] DEBUG Engine               - fullScreen: BooleanProperty [value: false]
07:40:31.257 [FXGL Background Thread 3 ] DEBUG Engine               - gameDifficulty: MEDIUM
07:40:31.257 [FXGL Background Thread 3 ] DEBUG Engine               - gameDifficultyProperty: ObjectProperty [value: MEDIUM]
07:40:31.257 [FXGL Background Thread 3 ] DEBUG Engine               - globalMusicVolume: 0.5
07:40:31.257 [FXGL Background Thread 3 ] DEBUG Engine               - globalMusicVolumeProperty: DoubleProperty [value: 0.5]
07:40:31.257 [FXGL Background Thread 3 ] DEBUG Engine               - globalSoundVolume: 0.5
07:40:31.257 [FXGL Background Thread 3 ] DEBUG Engine               - globalSoundVolumeProperty: DoubleProperty [value: 0.5]
07:40:31.257 [FXGL Background Thread 3 ] DEBUG Engine               - height: 624
07:40:31.257 [FXGL Background Thread 3 ] DEBUG Engine               - is3D: false
07:40:31.257 [FXGL Background Thread 3 ] DEBUG Engine               - isAndroid: false
07:40:31.257 [FXGL Background Thread 3 ] DEBUG Engine               - isBrowser: false
07:40:31.257 [FXGL Background Thread 3 ] DEBUG Engine               - isClickFeedbackEnabled: false
07:40:31.257 [FXGL Background Thread 3 ] DEBUG Engine               - isCloseConfirmation: false
07:40:31.257 [FXGL Background Thread 3 ] DEBUG Engine               - isDesktop: true
07:40:31.257 [FXGL Background Thread 3 ] DEBUG Engine               - isDeveloperMenuEnabled: false
07:40:31.257 [FXGL Background Thread 3 ] DEBUG Engine               - isEntityPreloadEnabled: true
07:40:31.257 [FXGL Background Thread 3 ] DEBUG Engine               - isExperimentalTiledLargeMap: false
07:40:31.257 [FXGL Background Thread 3 ] DEBUG Engine               - isFileSystemWriteAllowed: true
07:40:31.257 [FXGL Background Thread 3 ] DEBUG Engine               - isFullScreenAllowed: true
07:40:31.257 [FXGL Background Thread 3 ] DEBUG Engine               - isFullScreenFromStart: false
07:40:31.257 [FXGL Background Thread 3 ] DEBUG Engine               - isGameMenuEnabled: true
07:40:31.257 [FXGL Background Thread 3 ] DEBUG Engine               - isIOS: false
07:40:31.257 [FXGL Background Thread 3 ] DEBUG Engine               - isIntroEnabled: false
07:40:31.257 [FXGL Background Thread 3 ] DEBUG Engine               - isLinux: false
07:40:31.257 [FXGL Background Thread 3 ] DEBUG Engine               - isMac: false
07:40:31.257 [FXGL Background Thread 3 ] DEBUG Engine               - isMainMenuEnabled: false
07:40:31.257 [FXGL Background Thread 3 ] DEBUG Engine               - isManualResizeEnabled: false
07:40:31.259 [FXGL Background Thread 3 ] DEBUG Engine               - isMobile: false
07:40:31.259 [FXGL Background Thread 3 ] DEBUG Engine               - isNative: false
07:40:31.259 [FXGL Background Thread 3 ] DEBUG Engine               - isPauseMusicWhenMinimized: true
07:40:31.259 [FXGL Background Thread 3 ] DEBUG Engine               - isPreserveResizeRatio: false
07:40:31.259 [FXGL Background Thread 3 ] DEBUG Engine               - isProfilingEnabled: false
07:40:31.259 [FXGL Background Thread 3 ] DEBUG Engine               - isScaleAffectedOnResize: true
07:40:31.259 [FXGL Background Thread 3 ] DEBUG Engine               - isSingleStep: false
07:40:31.259 [FXGL Background Thread 3 ] DEBUG Engine               - isUserProfileEnabled: false
07:40:31.259 [FXGL Background Thread 3 ] DEBUG Engine               - isWindows: true
07:40:31.259 [FXGL Background Thread 3 ] DEBUG Engine               - language: ObjectProperty [value: ENGLISH]
07:40:31.259 [FXGL Background Thread 3 ] DEBUG Engine               - menuKey: ESCAPE
07:40:31.259 [FXGL Background Thread 3 ] DEBUG Engine               - mouseSensitivity: 0.2
07:40:31.259 [FXGL Background Thread 3 ] DEBUG Engine               - notificationViewClass: class com.almasb.fxgl.notification.view.XboxNotificationView
07:40:31.259 [FXGL Background Thread 3 ] DEBUG Engine               - pixelsPerMeter: 50.0
07:40:31.259 [FXGL Background Thread 3 ] DEBUG Engine               - platform: WINDOWS
07:40:31.259 [FXGL Background Thread 3 ] DEBUG Engine               - prefHeightProperty: ReadOnlyDoubleProperty [value: 624.0]
07:40:31.259 [FXGL Background Thread 3 ] DEBUG Engine               - prefWidthProperty: ReadOnlyDoubleProperty [value: 1488.0]
07:40:31.259 [FXGL Background Thread 3 ] DEBUG Engine               - profileDir: profiles/
07:40:31.259 [FXGL Background Thread 3 ] DEBUG Engine               - profileName: StringProperty [value: DEFAULT]
07:40:31.259 [FXGL Background Thread 3 ] DEBUG Engine               - randomSeed: -1
07:40:31.259 [FXGL Background Thread 3 ] DEBUG Engine               - runtimeInfo: RuntimeInfo(platform=WINDOWS, version=11.17, build=16.07.2021 15.46)
07:40:31.259 [FXGL Background Thread 3 ] DEBUG Engine               - saveFileExt: sav
07:40:31.259 [FXGL Background Thread 3 ] DEBUG Engine               - scaledHeightProp$fxgl: DoubleProperty [bound, value: 603.0]
07:40:31.259 [FXGL Background Thread 3 ] DEBUG Engine               - scaledWidthProp$fxgl: DoubleProperty [bound, value: 1415.0]
07:40:31.259 [FXGL Background Thread 3 ] DEBUG Engine               - sceneFactory: com.almasb.fxgl.app.scene.SceneFactory@3e02c542
07:40:31.259 [FXGL Background Thread 3 ] DEBUG Engine               - secondsIn24h: 60
07:40:31.259 [FXGL Background Thread 3 ] DEBUG Engine               - soundMenuBack: menu/back.wav
07:40:31.259 [FXGL Background Thread 3 ] DEBUG Engine               - soundMenuPress: menu/press.wav
07:40:31.259 [FXGL Background Thread 3 ] DEBUG Engine               - soundMenuSelect: menu/select.wav
07:40:31.259 [FXGL Background Thread 3 ] DEBUG Engine               - soundNotification: core/notification.wav
07:40:31.259 [FXGL Background Thread 3 ] DEBUG Engine               - stageStyle: DECORATED
07:40:31.259 [FXGL Background Thread 3 ] DEBUG Engine               - supportedLanguages: [ENGLISH, FRENCH, GERMAN, HUNGARIAN, RUSSIAN]
07:40:31.259 [FXGL Background Thread 3 ] DEBUG Engine               - ticksPerSecond: -1
07:40:31.259 [FXGL Background Thread 3 ] DEBUG Engine               - title: BOMBERMAN
07:40:31.260 [FXGL Background Thread 3 ] DEBUG Engine               - urlGithub: https://github.com/AlmasB/FXGL
07:40:31.260 [FXGL Background Thread 3 ] DEBUG Engine               - urlLeaderboard: http://fxgl-top.herokuapp.com/
07:40:31.260 [FXGL Background Thread 3 ] DEBUG Engine               - urlPOM: https://raw.githubusercontent.com/AlmasB/FXGL/release/README.md
07:40:31.260 [FXGL Background Thread 3 ] DEBUG Engine               - userAppClass: class Bomberman.BombermanGame
07:40:31.260 [FXGL Background Thread 3 ] DEBUG Engine               - version: 1.0
07:40:31.260 [FXGL Background Thread 3 ] DEBUG Engine               - versionCheckDays: 7
07:40:31.260 [FXGL Background Thread 3 ] DEBUG Engine               - width: 1488
07:40:31.260 [FXGL Background Thread 3 ] DEBUG Engine               - Logging services
07:40:31.260 [FXGL Background Thread 3 ] DEBUG Engine               - class com.almasb.fxgl.app.services.FXGLAssetLoaderService
07:40:31.260 [FXGL Background Thread 3 ] DEBUG Engine               - class com.almasb.fxgl.app.FXGLApplication$GameApplicationService
07:40:31.260 [FXGL Background Thread 3 ] DEBUG Engine               - class com.almasb.fxgl.app.services.FXGLDialogService
07:40:31.260 [FXGL Background Thread 3 ] DEBUG Engine               - class com.almasb.fxgl.app.services.IOTaskExecutorService
07:40:31.260 [FXGL Background Thread 3 ] DEBUG Engine               - class com.almasb.fxgl.io.FileSystemService
07:40:31.260 [FXGL Background Thread 3 ] DEBUG Engine               - class com.almasb.fxgl.localization.LocalizationService
07:40:31.260 [FXGL Background Thread 3 ] DEBUG Engine               - class com.almasb.fxgl.app.services.SystemBundleService
07:40:31.260 [FXGL Background Thread 3 ] DEBUG Engine               - class com.almasb.fxgl.profile.SaveLoadService
07:40:31.260 [FXGL Background Thread 3 ] DEBUG Engine               - class com.almasb.fxgl.ui.FXGLUIFactoryServiceProvider
07:40:31.260 [FXGL Background Thread 3 ] DEBUG Engine               - class com.almasb.fxgl.ui.FXGLDialogFactoryServiceProvider
07:40:31.260 [FXGL Background Thread 3 ] DEBUG Engine               - class com.almasb.fxgl.audio.AudioPlayer
07:40:31.260 [FXGL Background Thread 3 ] DEBUG Engine               - class com.almasb.fxgl.notification.impl.NotificationServiceProvider
07:40:31.260 [FXGL Background Thread 3 ] DEBUG Engine               - class com.almasb.fxgl.achievement.AchievementService
07:40:31.260 [FXGL Background Thread 3 ] DEBUG Engine               - class com.almasb.fxgl.cutscene.CutsceneService
07:40:31.260 [FXGL Background Thread 3 ] DEBUG Engine               - class com.almasb.fxgl.minigames.MiniGameService
07:40:31.260 [FXGL Background Thread 3 ] DEBUG Engine               - class com.almasb.fxgl.net.NetService
07:40:31.260 [FXGL Background Thread 3 ] DEBUG Engine               - class com.almasb.fxgl.app.services.UpdaterService
07:40:31.260 [FXGL Background Thread 3 ] DEBUG Engine               - class com.almasb.fxgl.dev.DevService
07:40:31.506 [JavaFX Application Thread] DEBUG FXGLAssetLoaderServi - Loading from file system: file:/C:/Users/Admin/Desktop/Bomberman/target/classes/assets/textures/top_right_flame.png
07:40:31.508 [JavaFX Application Thread] DEBUG FXGLAssetLoaderServi - Loading from file system: file:/C:/Users/Admin/Desktop/Bomberman/target/classes/assets/textures/top_left_flame.png
07:40:31.509 [JavaFX Application Thread] DEBUG FXGLAssetLoaderServi - Loading from file system: file:/C:/Users/Admin/Desktop/Bomberman/target/classes/assets/textures/top_down_flame.png
07:40:31.510 [JavaFX Application Thread] DEBUG FXGLAssetLoaderServi - Loading from file system: file:/C:/Users/Admin/Desktop/Bomberman/target/classes/assets/textures/top_up_flame.png
07:40:31.511 [JavaFX Application Thread] DEBUG FXGLAssetLoaderServi - Loading from file system: file:/C:/Users/Admin/Desktop/Bomberman/target/classes/assets/textures/central_flame.png
07:40:31.513 [JavaFX Application Thread] DEBUG FXGLAssetLoaderServi - Loading from file system: file:/C:/Users/Admin/Desktop/Bomberman/target/classes/assets/sounds/explosion.wav
07:40:35.635 [JavaFX Application Thread] DEBUG FXGLAssetLoaderServi - Loading from file system: file:/C:/Users/Admin/Desktop/Bomberman/target/classes/assets/sounds/powerup.wav
07:40:44.339 [JavaFX Application Thread] DEBUG FXGLAssetLoaderServi - Loading from file system: file:/C:/Users/Admin/Desktop/Bomberman/target/classes/assets/textures/right_flame.png
07:40:44.341 [JavaFX Application Thread] DEBUG FXGLAssetLoaderServi - Loading from file system: file:/C:/Users/Admin/Desktop/Bomberman/target/classes/assets/textures/left_flame.png
07:40:44.342 [JavaFX Application Thread] DEBUG FXGLAssetLoaderServi - Loading from file system: file:/C:/Users/Admin/Desktop/Bomberman/target/classes/assets/textures/down_flame.png
07:40:44.343 [JavaFX Application Thread] DEBUG FXGLAssetLoaderServi - Loading from file system: file:/C:/Users/Admin/Desktop/Bomberman/target/classes/assets/textures/up_flame.png
07:40:44.769 [JavaFX Application Thread] WARN  GameWorld            - Attempted to remove entity which is not active
07:40:46.737 [JavaFX Application Thread] WARN  GameWorld            - Attempted to remove entity which is not active
07:41:02.045 [JavaFX Application Thread] DEBUG FXGLApplication      - Exiting FXGL
07:41:02.045 [JavaFX Application Thread] DEBUG LoopRunner           - Stopping loop
07:41:02.045 [JavaFX Application Thread] DEBUG SystemBundleService  - Saving FXGL system data
07:41:02.047 [JavaFX Application Thread] DEBUG FileSystemAccess     - Writing to: C:\Users\Admin\Desktop\Bomberman\system\fxgl.bundle
07:41:02.049 [JavaFX Application Thread] DEBUG Async                - Shutting down background threads
07:41:02.049 [JavaFX Application Thread] DEBUG PrimaryStageWindow   - Closing main window
07:41:02.070 [JavaFX Application Thread] DEBUG Logger               - Closing Logger
