14:56:46.691 [main                     ] DEBUG Logger               - Configured Logger
14:56:46.713 [main                     ] DEBUG GameApplication      - Logging settings
Title: BOMBER
 MAN
Version: 1.0
Width: 1280
Height: 720
Fullscreen: true
Intro: false
Profiling: false
Single step:false
App Mode: DEVELOPER
Menu Key: ESCAPE
Stage Style: DECORATED
Scene Factory: class Bomberman.BombermanGame$1

14:56:47.169 [JavaFX Application Thread] DEBUG FXGLApplication      - Initializing FXGL
14:56:47.172 [JavaFX Application Thread] INFO  Engine               - FXGL-11.17 (16.07.2021 15.46) on WINDOWS (J:11.0.16.1 FX:16)
14:56:47.172 [JavaFX Application Thread] DEBUG Engine               - JRE Vendor Name: Oracle Corporation
14:56:47.172 [JavaFX Application Thread] DEBUG Engine               - Running on OS: Windows 11 version 10.0
14:56:47.173 [JavaFX Application Thread] DEBUG Engine               - Architecture: amd64
14:56:47.173 [JavaFX Application Thread] INFO  Engine               - Source code and latest versions at: https://github.com/AlmasB/FXGL
14:56:47.173 [JavaFX Application Thread] INFO  Engine               -              Join the FXGL chat at: https://gitter.im/AlmasB/FXGL
14:56:47.303 [JavaFX Application Thread] DEBUG PrimaryStageWindow   - Creating a JavaFX scene
14:56:47.363 [JavaFX Application Thread] DEBUG PrimaryStageWindow   - Target settings size: 1280.0 x 720.0
14:56:47.363 [JavaFX Application Thread] DEBUG PrimaryStageWindow   - Scaled scene size:    1280.0 x 720.0
14:56:47.364 [JavaFX Application Thread] DEBUG PrimaryStageWindow   - Scaled ratio: (1.0, 1.0)
14:56:47.365 [JavaFX Application Thread] DEBUG PrimaryStageWindow   - Set initial scene to FXGLStartupScene
14:56:47.376 [JavaFX Application Thread] DEBUG PrimaryStageWindow   - Opening main window
14:56:47.497 [JavaFX Application Thread] DEBUG PrimaryStageWindow   - Window border size: (13.0, 35.5)
14:56:47.497 [JavaFX Application Thread] DEBUG PrimaryStageWindow   - Scaled size: 1280.0 x 720.0
14:56:47.497 [JavaFX Application Thread] DEBUG PrimaryStageWindow   - Scaled ratio: (1.0, 1.0)
14:56:47.498 [JavaFX Application Thread] DEBUG PrimaryStageWindow   - Scene size: 1280.0 x 720.0
14:56:47.498 [JavaFX Application Thread] DEBUG PrimaryStageWindow   - Stage size: 1293.0 x 755.5
14:56:47.508 [FXGL Background Thread 1 ] DEBUG Engine               - Initializing environment variables
14:56:47.605 [FXGL Background Thread 1 ] DEBUG FXGLAssetLoaderServi - User app class for loading assets: class Bomberman.BombermanGame
14:56:47.606 [FXGL Background Thread 1 ] DEBUG GameApplicationServi - Applying CSS: fxgl_dark.css
14:56:47.607 [FXGL Background Thread 1 ] DEBUG FXGLAssetLoaderServi - Loading from file system: jar:file:/C:/Users/Admin/.m2/repository/com/github/almasb/fxgl/11.17/fxgl-11.17.jar!/fxglassets/ui/css/fxgl_dark.css
14:56:47.668 [FXGL Background Thread 1 ] DEBUG GameApplicationServi - Initializing application scenes
14:56:47.729 [FXGL Background Thread 1 ] DEBUG GameWorld            - Game world initialized
14:56:47.804 [FXGL Background Thread 1 ] DEBUG PhysicsWorld         - Physics world initialized: appHeight=720, physics.ppm=50.0
14:56:47.804 [FXGL Background Thread 1 ] DEBUG PhysicsWorld         - Using strategy: BRUTE_FORCE
14:56:47.808 [FXGL Background Thread 1 ] DEBUG GameScene            - Game scene initialized: 1280x720
14:56:47.958 [FXGL Background Thread 1 ] DEBUG GameApplicationServi - Application scenes initialized
14:56:47.979 [FXGL Background Thread 1 ] DEBUG SystemBundleService  - Loading FXGL system data
14:56:47.987 [FXGL Background Thread 1 ] DEBUG FileSystemAccess     - Reading from: C:\Users\Admin\Desktop\Bomberman\system\fxgl.bundle
14:56:47.997 [FXGL Background Thread 1 ] DEBUG SystemBundleService  - Bundle FXGL: {}
14:56:47.997 [FXGL Background Thread 1 ] DEBUG UpdaterService       - Checking for updates
14:56:48.005 [FXGL Background Thread 4 ] DEBUG FXGLApplication      - Loading fonts
14:56:48.005 [FXGL Background Thread 4 ] DEBUG FXGLAssetLoaderServi - Loading from file system: file:/C:/Users/Admin/Desktop/Bomberman/target/classes/assets/ui/fonts/game_font.ttf
14:56:48.006 [FXGL Background Thread 1 ] DEBUG FXGLApplication      - Loading default localization
14:56:48.007 [FXGL Background Thread 1 ] DEBUG FXGLAssetLoaderServi - Loading from file system: jar:file:/C:/Users/Admin/.m2/repository/com/github/almasb/fxgl/11.17/fxgl-11.17.jar!/fxglassets/languages/english.lang
14:56:48.028 [FXGL Background Thread 1 ] INFO  FXGLApplication      - FXGL initialization took: 0.520 sec
14:56:48.045 [JavaFX Application Thread] DEBUG Input                - Registered new binding: Move Left - A
14:56:48.046 [JavaFX Application Thread] DEBUG Input                - Registered new binding: Move Right - D
14:56:48.046 [JavaFX Application Thread] DEBUG Input                - Registered new binding: Move Up - W
14:56:48.046 [JavaFX Application Thread] DEBUG Input                - Registered new binding: Move Down - S
14:56:48.046 [JavaFX Application Thread] DEBUG Input                - Registered new binding: Place Bomb - Space
14:56:48.047 [JavaFX Application Thread] DEBUG Input                - Registered new binding: Switch to classic bomb - 1
14:56:48.047 [JavaFX Application Thread] DEBUG Input                - Registered new binding: Switch to lazer bomb - 2
14:56:48.047 [JavaFX Application Thread] DEBUG Input                - Registered new binding: Switch to light bomb - 3
14:56:48.047 [JavaFX Application Thread] DEBUG Input                - Registered new binding: Exit game - Delete
14:56:48.049 [JavaFX Application Thread] DEBUG FXGLAssetLoaderServi - Loading from file system: file:/C:/Users/Admin/Desktop/Bomberman/target/classes/assets/music/stage_theme.mp3
14:56:48.283 [JavaFX Application Thread] DEBUG AudioPlayer          - Playing music com.almasb.fxgl.audio.Music@70c719f5
14:56:48.297 [JavaFX Application Thread] DEBUG FXGLAssetLoaderServi - Loading from file system: jar:file:/C:/Users/Admin/.m2/repository/com/github/almasb/fxgl/11.17/fxgl-11.17.jar!/fxglassets/textures/fxgl_icon.png
14:56:48.342 [JavaFX Application Thread] DEBUG FXGLAssetLoaderServi - Loading from file system: jar:file:/C:/Users/Admin/.m2/repository/com/github/almasb/fxgl/11.17/fxgl-11.17.jar!/fxglassets/textures/fxgl_default_cursor.png
14:56:48.347 [JavaFX Application Thread] DEBUG Input                - Registered new binding: Screenshot - CTRL+8
14:56:48.348 [JavaFX Application Thread] DEBUG Input                - Registered new binding: System info dump - CTRL+9
14:56:48.349 [JavaFX Application Thread] DEBUG Input                - Registered new binding: Restart - CTRL+R
14:56:48.350 [JavaFX Application Thread] DEBUG Input                - Registered new binding: Toggle Debug Camera - CTRL+C
14:56:48.354 [JavaFX Application Thread] DEBUG LoopRunner           - Starting loop
14:56:48.354 [JavaFX Application Thread] DEBUG LoopRunner           - Initializing JavaFX AnimationTimerLoop
14:56:48.360 [JavaFX Application Thread] DEBUG Input                - Clearing active input actions
14:56:48.375 [JavaFX Application Thread] DEBUG GameApplicationServi - Removing overlay from FXGLStartupScene and adding to FXGLMainMenuDummyScene
14:56:48.376 [JavaFX Application Thread] DEBUG PrimaryStageWindow   - FXGLStartupScene -> FXGLMainMenuDummyScene
14:56:48.376 [JavaFX Application Thread] DEBUG PrimaryStageWindow   - Push state: MainMenu
14:56:48.377 [JavaFX Application Thread] DEBUG Input                - Clearing active input actions
14:56:48.385 [JavaFX Application Thread] DEBUG GameApplicationServi - Removing overlay from FXGLMainMenuDummyScene and adding to MainMenu
14:56:48.386 [JavaFX Application Thread] DEBUG PrimaryStageWindow   - FXGLMainMenuDummyScene -> MainMenu
14:56:48.492 [FXGL Background Thread 4 ] DEBUG FXGLAssetLoaderServi - Loading from file system: jar:file:/C:/Users/Admin/.m2/repository/com/github/almasb/fxgl/11.17/fxgl-11.17.jar!/fxglassets/ui/fonts/Abel-Regular.ttf
14:56:48.500 [FXGL Background Thread 4 ] DEBUG FXGLAssetLoaderServi - Loading from file system: jar:file:/C:/Users/Admin/.m2/repository/com/github/almasb/fxgl/11.17/fxgl-11.17.jar!/fxglassets/ui/fonts/lucida_console.ttf
14:56:48.512 [FXGL Background Thread 4 ] DEBUG FXGLAssetLoaderServi - Loading from file system: jar:file:/C:/Users/Admin/.m2/repository/com/github/almasb/fxgl/11.17/fxgl-11.17.jar!/fxglassets/ui/fonts/Courier-Prime.ttf
14:56:48.523 [JavaFX Application Thread] DEBUG FXGLApplication      - Registering font factories with UI factory
14:56:49.059 [FXGL Background Thread 2 ] INFO  UpdaterService       - Your current version:  11.17
14:56:49.060 [FXGL Background Thread 2 ] INFO  UpdaterService       - Latest stable version: 17.2
14:56:49.477 [JavaFX Application Thread] DEBUG Menu                 - fireNewGame()
14:56:49.477 [JavaFX Application Thread] DEBUG GameApplicationServi - Starting new game
14:56:49.477 [JavaFX Application Thread] DEBUG PrimaryStageWindow   - Pop state: MainMenu
14:56:49.477 [JavaFX Application Thread] DEBUG Input                - Clearing active input actions
14:56:49.477 [JavaFX Application Thread] DEBUG GameApplicationServi - Removing overlay from MainMenu and adding to FXGLMainMenuDummyScene
14:56:49.478 [JavaFX Application Thread] DEBUG PrimaryStageWindow   - FXGLMainMenuDummyScene <- MainMenu
14:56:49.478 [JavaFX Application Thread] DEBUG Input                - Clearing active input actions
14:56:49.483 [JavaFX Application Thread] DEBUG GameApplicationServi - Removing overlay from FXGLMainMenuDummyScene and adding to FXGLLoadingScene
14:56:49.484 [JavaFX Application Thread] DEBUG PrimaryStageWindow   - FXGLMainMenuDummyScene -> FXGLLoadingScene
14:56:49.484 [JavaFX Application Thread] DEBUG GameApplicationServi - Clearing previous game
14:56:49.484 [JavaFX Application Thread] DEBUG GameScene            - Clearing game scene
14:56:49.484 [JavaFX Application Thread] DEBUG GameWorld            - Clearing game world
14:56:49.484 [JavaFX Application Thread] DEBUG PhysicsWorld         - Clearing physics world
14:56:49.485 [FXGL Background Thread 2 ] DEBUG FXGLApplication      - Initializing game
14:56:49.503 [FXGL Background Thread 2 ] DEBUG FXGLAssetLoaderServi - Loading from file system: file:/C:/Users/Admin/Desktop/Bomberman/target/classes/assets/textures/wall.png
14:56:49.569 [FXGL Background Thread 2 ] DEBUG FXGLAssetLoaderServi - Loading from file system: file:/C:/Users/Admin/Desktop/Bomberman/target/classes/assets/textures/player_die.png
14:56:49.572 [FXGL Background Thread 2 ] DEBUG FXGLAssetLoaderServi - Loading from file system: file:/C:/Users/Admin/Desktop/Bomberman/target/classes/assets/textures/player_down.png
14:56:49.574 [FXGL Background Thread 2 ] DEBUG FXGLAssetLoaderServi - Loading from file system: file:/C:/Users/Admin/Desktop/Bomberman/target/classes/assets/textures/player_right.png
14:56:49.575 [FXGL Background Thread 2 ] DEBUG FXGLAssetLoaderServi - Loading from file system: file:/C:/Users/Admin/Desktop/Bomberman/target/classes/assets/textures/player_up.png
14:56:49.577 [FXGL Background Thread 2 ] DEBUG FXGLAssetLoaderServi - Loading from file system: file:/C:/Users/Admin/Desktop/Bomberman/target/classes/assets/textures/player_left.png
14:56:49.587 [FXGL Background Thread 2 ] DEBUG FXGLAssetLoaderServi - Loading from file system: file:/C:/Users/Admin/Desktop/Bomberman/target/classes/assets/textures/brick.png
14:56:49.588 [FXGL Background Thread 2 ] DEBUG FXGLAssetLoaderServi - Loading from file system: file:/C:/Users/Admin/Desktop/Bomberman/target/classes/assets/textures/brick_break.png
14:56:49.593 [FXGL Background Thread 2 ] DEBUG FXGLAssetLoaderServi - Loading from file system: file:/C:/Users/Admin/Desktop/Bomberman/target/classes/assets/textures/enemy1.png
14:56:49.604 [FXGL Background Thread 2 ] DEBUG FXGLAssetLoaderServi - Loading from file system: file:/C:/Users/Admin/Desktop/Bomberman/target/classes/assets/textures/enemy2.png
14:56:49.650 [FXGL Background Thread 2 ] DEBUG FXGLAssetLoaderServi - Loading from file system: file:/C:/Users/Admin/Desktop/Bomberman/target/classes/assets/textures/portal.png
14:56:49.675 [FXGL Background Thread 2 ] DEBUG FXGLAssetLoaderServi - Loading from file system: file:/C:/Users/Admin/Desktop/Bomberman/target/classes/assets/textures/powerup_flames.png
14:56:49.720 [FXGL Background Thread 2 ] DEBUG FXGLAssetLoaderServi - Loading from file system: file:/C:/Users/Admin/Desktop/Bomberman/target/classes/assets/textures/enemy4.png
14:56:49.729 [FXGL Background Thread 2 ] DEBUG FXGLAssetLoaderServi - Loading from file system: file:/C:/Users/Admin/Desktop/Bomberman/target/classes/assets/textures/enemy3.png
14:56:49.752 [FXGL Background Thread 2 ] INFO  FXGLApplication      - Game initialization took: 0.267 sec
14:56:49.759 [JavaFX Application Thread] DEBUG Input                - Clearing active input actions
14:56:49.776 [JavaFX Application Thread] DEBUG GameApplicationServi - Removing overlay from FXGLLoadingScene and adding to GameScene
14:56:49.777 [JavaFX Application Thread] DEBUG PrimaryStageWindow   - FXGLLoadingScene -> GameScene
14:56:49.783 [JavaFX Application Thread] DEBUG FXGLAssetLoaderServi - Loading from file system: file:/C:/Users/Admin/Desktop/Bomberman/target/classes/assets/sounds/stage_start.wav
14:56:49.798 [JavaFX Application Thread] DEBUG PrimaryStageWindow   - Push state: StageStartScene
14:56:49.798 [JavaFX Application Thread] DEBUG Input                - Clearing active input actions
14:56:49.799 [JavaFX Application Thread] DEBUG GameApplicationServi - Removing overlay from GameScene and adding to StageStartScene
14:56:49.799 [JavaFX Application Thread] DEBUG PrimaryStageWindow   - GameScene -> StageStartScene
14:56:51.002 [FXGL Background Thread 3 ] DEBUG Engine               - Logging environment variables
14:56:51.003 [FXGL Background Thread 3 ] DEBUG Engine               - achievements: []
14:56:51.003 [FXGL Background Thread 3 ] DEBUG Engine               - actualHeight: 720.0
14:56:51.003 [FXGL Background Thread 3 ] DEBUG Engine               - actualHeightProperty: ReadOnlyDoubleProperty [value: 720.0]
14:56:51.003 [FXGL Background Thread 3 ] DEBUG Engine               - actualWidth: 1280.0
14:56:51.003 [FXGL Background Thread 3 ] DEBUG Engine               - actualWidthProperty: ReadOnlyDoubleProperty [value: 1280.0]
14:56:51.003 [FXGL Background Thread 3 ] DEBUG Engine               - appIcon: fxgl_icon.png
14:56:51.003 [FXGL Background Thread 3 ] DEBUG Engine               - applicationMode: DEVELOPER
14:56:51.003 [FXGL Background Thread 3 ] DEBUG Engine               - cSSList: [fxgl_dark.css]
14:56:51.003 [FXGL Background Thread 3 ] DEBUG Engine               - collisionDetectionStrategy: BRUTE_FORCE
14:56:51.003 [FXGL Background Thread 3 ] DEBUG Engine               - configClass: Optional.empty
14:56:51.003 [FXGL Background Thread 3 ] DEBUG Engine               - credits: []
14:56:51.003 [FXGL Background Thread 3 ] DEBUG Engine               - defaultCursor: CursorInfo(imageName=fxgl_default_cursor.png, hotspotX=7.0, hotspotY=6.0)
14:56:51.003 [FXGL Background Thread 3 ] DEBUG Engine               - devBBoxColorProperty: ObjectProperty [value: 0xff0000ff]
14:56:51.003 [FXGL Background Thread 3 ] DEBUG Engine               - devEnableDebugCameraProperty: BooleanProperty [value: false]
14:56:51.004 [FXGL Background Thread 3 ] DEBUG Engine               - devSensorColorProperty: ObjectProperty [value: 0xffff00ff]
14:56:51.004 [FXGL Background Thread 3 ] DEBUG Engine               - devShowBBoxProperty: BooleanProperty [value: false]
14:56:51.004 [FXGL Background Thread 3 ] DEBUG Engine               - devShowPositionProperty: BooleanProperty [value: false]
14:56:51.004 [FXGL Background Thread 3 ] DEBUG Engine               - enabledMenuItems: []
14:56:51.004 [FXGL Background Thread 3 ] DEBUG Engine               - engineServices: [class com.almasb.fxgl.app.services.FXGLAssetLoaderService, class com.almasb.fxgl.app.FXGLApplication$GameApplicationService, class com.almasb.fxgl.app.services.FXGLDialogService, class com.almasb.fxgl.app.services.IOTaskExecutorService, class com.almasb.fxgl.io.FileSystemService, class com.almasb.fxgl.localization.LocalizationService, class com.almasb.fxgl.app.services.SystemBundleService, class com.almasb.fxgl.profile.SaveLoadService, class com.almasb.fxgl.ui.FXGLUIFactoryServiceProvider, class com.almasb.fxgl.ui.FXGLDialogFactoryServiceProvider, class com.almasb.fxgl.audio.AudioPlayer, class com.almasb.fxgl.notification.impl.NotificationServiceProvider, class com.almasb.fxgl.achievement.AchievementService, class com.almasb.fxgl.cutscene.CutsceneService, class com.almasb.fxgl.minigames.MiniGameService, class com.almasb.fxgl.net.NetService, class com.almasb.fxgl.app.services.UpdaterService, class com.almasb.fxgl.dev.DevService]
14:56:51.004 [FXGL Background Thread 3 ] DEBUG Engine               - fontGame: Abel-Regular.ttf
14:56:51.004 [FXGL Background Thread 3 ] DEBUG Engine               - fontMono: lucida_console.ttf
14:56:51.004 [FXGL Background Thread 3 ] DEBUG Engine               - fontText: Courier-Prime.ttf
14:56:51.004 [FXGL Background Thread 3 ] DEBUG Engine               - fontUI: game_font.ttf
14:56:51.004 [FXGL Background Thread 3 ] DEBUG Engine               - fullScreen: BooleanProperty [value: false]
14:56:51.004 [FXGL Background Thread 3 ] DEBUG Engine               - gameDifficulty: MEDIUM
14:56:51.004 [FXGL Background Thread 3 ] DEBUG Engine               - gameDifficultyProperty: ObjectProperty [value: MEDIUM]
14:56:51.004 [FXGL Background Thread 3 ] DEBUG Engine               - globalMusicVolume: 0.5
14:56:51.004 [FXGL Background Thread 3 ] DEBUG Engine               - globalMusicVolumeProperty: DoubleProperty [value: 0.0]
14:56:51.004 [FXGL Background Thread 3 ] DEBUG Engine               - globalSoundVolume: 0.5
14:56:51.004 [FXGL Background Thread 3 ] DEBUG Engine               - globalSoundVolumeProperty: DoubleProperty [value: 0.5]
14:56:51.004 [FXGL Background Thread 3 ] DEBUG Engine               - height: 720
14:56:51.004 [FXGL Background Thread 3 ] DEBUG Engine               - is3D: false
14:56:51.004 [FXGL Background Thread 3 ] DEBUG Engine               - isAndroid: false
14:56:51.004 [FXGL Background Thread 3 ] DEBUG Engine               - isBrowser: false
14:56:51.004 [FXGL Background Thread 3 ] DEBUG Engine               - isClickFeedbackEnabled: false
14:56:51.004 [FXGL Background Thread 3 ] DEBUG Engine               - isCloseConfirmation: false
14:56:51.004 [FXGL Background Thread 3 ] DEBUG Engine               - isDesktop: true
14:56:51.004 [FXGL Background Thread 3 ] DEBUG Engine               - isDeveloperMenuEnabled: false
14:56:51.005 [FXGL Background Thread 3 ] DEBUG Engine               - isEntityPreloadEnabled: true
14:56:51.005 [FXGL Background Thread 3 ] DEBUG Engine               - isExperimentalTiledLargeMap: false
14:56:51.005 [FXGL Background Thread 3 ] DEBUG Engine               - isFileSystemWriteAllowed: true
14:56:51.005 [FXGL Background Thread 3 ] DEBUG Engine               - isFullScreenAllowed: true
14:56:51.005 [FXGL Background Thread 3 ] DEBUG Engine               - isFullScreenFromStart: false
14:56:51.005 [FXGL Background Thread 3 ] DEBUG Engine               - isGameMenuEnabled: true
14:56:51.005 [FXGL Background Thread 3 ] DEBUG Engine               - isIOS: false
14:56:51.005 [FXGL Background Thread 3 ] DEBUG Engine               - isIntroEnabled: false
14:56:51.005 [FXGL Background Thread 3 ] DEBUG Engine               - isLinux: false
14:56:51.005 [FXGL Background Thread 3 ] DEBUG Engine               - isMac: false
14:56:51.005 [FXGL Background Thread 3 ] DEBUG Engine               - isMainMenuEnabled: true
14:56:51.005 [FXGL Background Thread 3 ] DEBUG Engine               - isManualResizeEnabled: false
14:56:51.005 [FXGL Background Thread 3 ] DEBUG Engine               - isMobile: false
14:56:51.005 [FXGL Background Thread 3 ] DEBUG Engine               - isNative: false
14:56:51.005 [FXGL Background Thread 3 ] DEBUG Engine               - isPauseMusicWhenMinimized: true
14:56:51.005 [FXGL Background Thread 3 ] DEBUG Engine               - isPreserveResizeRatio: false
14:56:51.005 [FXGL Background Thread 3 ] DEBUG Engine               - isProfilingEnabled: false
14:56:51.005 [FXGL Background Thread 3 ] DEBUG Engine               - isScaleAffectedOnResize: true
14:56:51.005 [FXGL Background Thread 3 ] DEBUG Engine               - isSingleStep: false
14:56:51.005 [FXGL Background Thread 3 ] DEBUG Engine               - isUserProfileEnabled: false
14:56:51.005 [FXGL Background Thread 3 ] DEBUG Engine               - isWindows: true
14:56:51.005 [FXGL Background Thread 3 ] DEBUG Engine               - language: ObjectProperty [value: ENGLISH]
14:56:51.005 [FXGL Background Thread 3 ] DEBUG Engine               - menuKey: ESCAPE
14:56:51.005 [FXGL Background Thread 3 ] DEBUG Engine               - mouseSensitivity: 0.2
14:56:51.005 [FXGL Background Thread 3 ] DEBUG Engine               - notificationViewClass: class com.almasb.fxgl.notification.view.XboxNotificationView
14:56:51.005 [FXGL Background Thread 3 ] DEBUG Engine               - pixelsPerMeter: 50.0
14:56:51.005 [FXGL Background Thread 3 ] DEBUG Engine               - platform: WINDOWS
14:56:51.005 [FXGL Background Thread 3 ] DEBUG Engine               - prefHeightProperty: ReadOnlyDoubleProperty [value: 720.0]
14:56:51.005 [FXGL Background Thread 3 ] DEBUG Engine               - prefWidthProperty: ReadOnlyDoubleProperty [value: 1280.0]
14:56:51.005 [FXGL Background Thread 3 ] DEBUG Engine               - profileDir: profiles/
14:56:51.005 [FXGL Background Thread 3 ] DEBUG Engine               - profileName: StringProperty [value: DEFAULT]
14:56:51.005 [FXGL Background Thread 3 ] DEBUG Engine               - randomSeed: -1
14:56:51.005 [FXGL Background Thread 3 ] DEBUG Engine               - runtimeInfo: RuntimeInfo(platform=WINDOWS, version=11.17, build=16.07.2021 15.46)
14:56:51.005 [FXGL Background Thread 3 ] DEBUG Engine               - saveFileExt: sav
14:56:51.005 [FXGL Background Thread 3 ] DEBUG Engine               - scaledHeightProp$fxgl: DoubleProperty [bound, value: 720.0]
14:56:51.006 [FXGL Background Thread 3 ] DEBUG Engine               - scaledWidthProp$fxgl: DoubleProperty [bound, value: 1280.0]
14:56:51.006 [FXGL Background Thread 3 ] DEBUG Engine               - sceneFactory: Bomberman.BombermanGame$1@6366b8d
14:56:51.006 [FXGL Background Thread 3 ] DEBUG Engine               - secondsIn24h: 60
14:56:51.006 [FXGL Background Thread 3 ] DEBUG Engine               - soundMenuBack: menu/back.wav
14:56:51.006 [FXGL Background Thread 3 ] DEBUG Engine               - soundMenuPress: menu/press.wav
14:56:51.006 [FXGL Background Thread 3 ] DEBUG Engine               - soundMenuSelect: menu/select.wav
14:56:51.006 [FXGL Background Thread 3 ] DEBUG Engine               - soundNotification: core/notification.wav
14:56:51.006 [FXGL Background Thread 3 ] DEBUG Engine               - stageStyle: DECORATED
14:56:51.006 [FXGL Background Thread 3 ] DEBUG Engine               - supportedLanguages: [ENGLISH, FRENCH, GERMAN, HUNGARIAN, RUSSIAN]
14:56:51.006 [FXGL Background Thread 3 ] DEBUG Engine               - ticksPerSecond: -1
14:56:51.006 [FXGL Background Thread 3 ] DEBUG Engine               - title: BOMBER
 MAN
14:56:51.006 [FXGL Background Thread 3 ] DEBUG Engine               - urlGithub: https://github.com/AlmasB/FXGL
14:56:51.006 [FXGL Background Thread 3 ] DEBUG Engine               - urlLeaderboard: http://fxgl-top.herokuapp.com/
14:56:51.006 [FXGL Background Thread 3 ] DEBUG Engine               - urlPOM: https://raw.githubusercontent.com/AlmasB/FXGL/release/README.md
14:56:51.006 [FXGL Background Thread 3 ] DEBUG Engine               - userAppClass: class Bomberman.BombermanGame
14:56:51.006 [FXGL Background Thread 3 ] DEBUG Engine               - version: 1.0
14:56:51.006 [FXGL Background Thread 3 ] DEBUG Engine               - versionCheckDays: 7
14:56:51.006 [FXGL Background Thread 3 ] DEBUG Engine               - width: 1280
14:56:51.006 [FXGL Background Thread 3 ] DEBUG Engine               - Logging services
14:56:51.006 [FXGL Background Thread 3 ] DEBUG Engine               - class com.almasb.fxgl.app.services.FXGLAssetLoaderService
14:56:51.006 [FXGL Background Thread 3 ] DEBUG Engine               - class com.almasb.fxgl.app.FXGLApplication$GameApplicationService
14:56:51.006 [FXGL Background Thread 3 ] DEBUG Engine               - class com.almasb.fxgl.app.services.FXGLDialogService
14:56:51.006 [FXGL Background Thread 3 ] DEBUG Engine               - class com.almasb.fxgl.app.services.IOTaskExecutorService
14:56:51.006 [FXGL Background Thread 3 ] DEBUG Engine               - class com.almasb.fxgl.io.FileSystemService
14:56:51.006 [FXGL Background Thread 3 ] DEBUG Engine               - class com.almasb.fxgl.localization.LocalizationService
14:56:51.006 [FXGL Background Thread 3 ] DEBUG Engine               - class com.almasb.fxgl.app.services.SystemBundleService
14:56:51.006 [FXGL Background Thread 3 ] DEBUG Engine               - class com.almasb.fxgl.profile.SaveLoadService
14:56:51.006 [FXGL Background Thread 3 ] DEBUG Engine               - class com.almasb.fxgl.ui.FXGLUIFactoryServiceProvider
14:56:51.006 [FXGL Background Thread 3 ] DEBUG Engine               - class com.almasb.fxgl.ui.FXGLDialogFactoryServiceProvider
14:56:51.006 [FXGL Background Thread 3 ] DEBUG Engine               - class com.almasb.fxgl.audio.AudioPlayer
14:56:51.006 [FXGL Background Thread 3 ] DEBUG Engine               - class com.almasb.fxgl.notification.impl.NotificationServiceProvider
14:56:51.006 [FXGL Background Thread 3 ] DEBUG Engine               - class com.almasb.fxgl.achievement.AchievementService
14:56:51.006 [FXGL Background Thread 3 ] DEBUG Engine               - class com.almasb.fxgl.cutscene.CutsceneService
14:56:51.006 [FXGL Background Thread 3 ] DEBUG Engine               - class com.almasb.fxgl.minigames.MiniGameService
14:56:51.006 [FXGL Background Thread 3 ] DEBUG Engine               - class com.almasb.fxgl.net.NetService
14:56:51.007 [FXGL Background Thread 3 ] DEBUG Engine               - class com.almasb.fxgl.app.services.UpdaterService
14:56:51.007 [FXGL Background Thread 3 ] DEBUG Engine               - class com.almasb.fxgl.dev.DevService
14:56:53.423 [JavaFX Application Thread] DEBUG PrimaryStageWindow   - Pop state: StageStartScene
14:56:53.423 [JavaFX Application Thread] DEBUG Input                - Clearing active input actions
14:56:53.424 [JavaFX Application Thread] DEBUG GameApplicationServi - Removing overlay from StageStartScene and adding to GameScene
14:56:53.424 [JavaFX Application Thread] DEBUG PrimaryStageWindow   - GameScene <- StageStartScene
14:56:57.762 [JavaFX Application Thread] DEBUG FXGLAssetLoaderServi - Loading from file system: file:/C:/Users/Admin/Desktop/Bomberman/target/classes/assets/sounds/player_die.wav
14:57:03.742 [JavaFX Application Thread] DEBUG PrimaryStageWindow   - Push state: GameMenu
14:57:03.742 [JavaFX Application Thread] DEBUG Input                - Clearing active input actions
14:57:03.743 [JavaFX Application Thread] DEBUG GameApplicationServi - Removing overlay from GameScene and adding to GameMenu
14:57:03.743 [JavaFX Application Thread] DEBUG PrimaryStageWindow   - GameScene -> GameMenu
14:57:05.220 [JavaFX Application Thread] DEBUG Menu                 - fireExit()
14:57:05.225 [JavaFX Application Thread] DEBUG PrimaryStageWindow   - Push state: DialogSubScene
14:57:05.225 [JavaFX Application Thread] DEBUG Input                - Clearing active input actions
14:57:05.225 [JavaFX Application Thread] DEBUG GameApplicationServi - Removing overlay from GameMenu and adding to DialogSubScene
14:57:05.226 [JavaFX Application Thread] DEBUG PrimaryStageWindow   - GameMenu -> DialogSubScene
14:57:05.940 [JavaFX Application Thread] DEBUG PrimaryStageWindow   - Pop state: DialogSubScene
14:57:05.940 [JavaFX Application Thread] DEBUG Input                - Clearing active input actions
14:57:05.941 [JavaFX Application Thread] DEBUG GameApplicationServi - Removing overlay from DialogSubScene and adding to GameMenu
14:57:05.941 [JavaFX Application Thread] DEBUG PrimaryStageWindow   - GameMenu <- DialogSubScene
14:57:05.941 [JavaFX Application Thread] DEBUG FXGLApplication      - Exiting FXGL
14:57:05.941 [JavaFX Application Thread] DEBUG LoopRunner           - Stopping loop
14:57:05.941 [JavaFX Application Thread] DEBUG SystemBundleService  - Saving FXGL system data
14:57:05.943 [JavaFX Application Thread] DEBUG FileSystemAccess     - Writing to: C:\Users\Admin\Desktop\Bomberman\system\fxgl.bundle
14:57:05.944 [JavaFX Application Thread] DEBUG Async                - Shutting down background threads
14:57:05.945 [JavaFX Application Thread] DEBUG PrimaryStageWindow   - Closing main window
14:57:05.958 [JavaFX Application Thread] DEBUG Logger               - Closing Logger
