21:35:14.118 [main                     ] DEBUG Logger               - Configured Logger
21:35:14.122 [main                     ] DEBUG GameApplication      - Logging settings
Title: BOMBERMAN
Version: 1.0
Width: 624
Height: 624
Fullscreen: true
Intro: false
Profiling: false
Single step:false
App Mode: DEVELOPER
Menu Key: ESCAPE
Stage Style: DECORATED
Scene Factory: class Bomberman.BombermanGame$1

21:35:14.558 [JavaFX Application Thread] DEBUG FXGLApplication      - Initializing FXGL
21:35:14.561 [JavaFX Application Thread] INFO  Engine               - FXGL-11.17 (16.07.2021 15.46) on WINDOWS (J:11.0.16.1 FX:16)
21:35:14.561 [JavaFX Application Thread] DEBUG Engine               - JRE Vendor Name: Oracle Corporation
21:35:14.561 [JavaFX Application Thread] DEBUG Engine               - Running on OS: Windows 11 version 10.0
21:35:14.562 [JavaFX Application Thread] DEBUG Engine               - Architecture: amd64
21:35:14.562 [JavaFX Application Thread] INFO  Engine               - Source code and latest versions at: https://github.com/AlmasB/FXGL
21:35:14.562 [JavaFX Application Thread] INFO  Engine               -              Join the FXGL chat at: https://gitter.im/AlmasB/FXGL
21:35:14.688 [JavaFX Application Thread] DEBUG PrimaryStageWindow   - Creating a JavaFX scene
21:35:14.752 [JavaFX Application Thread] DEBUG PrimaryStageWindow   - Target settings size: 624.0 x 624.0
21:35:14.752 [JavaFX Application Thread] DEBUG PrimaryStageWindow   - Scaled scene size:    624.0 x 624.0
21:35:14.753 [JavaFX Application Thread] DEBUG PrimaryStageWindow   - Scaled ratio: (1.0, 1.0)
21:35:14.754 [JavaFX Application Thread] DEBUG PrimaryStageWindow   - Set initial scene to FXGLStartupScene
21:35:14.764 [JavaFX Application Thread] DEBUG PrimaryStageWindow   - Opening main window
21:35:14.884 [JavaFX Application Thread] DEBUG PrimaryStageWindow   - Window border size: (13.0, 35.5)
21:35:14.884 [JavaFX Application Thread] DEBUG PrimaryStageWindow   - Scaled size: 624.0 x 624.0
21:35:14.885 [JavaFX Application Thread] DEBUG PrimaryStageWindow   - Scaled ratio: (1.0, 1.0)
21:35:14.885 [JavaFX Application Thread] DEBUG PrimaryStageWindow   - Scene size: 624.0 x 624.0
21:35:14.885 [JavaFX Application Thread] DEBUG PrimaryStageWindow   - Stage size: 637.0 x 659.5
21:35:14.899 [FXGL Background Thread 1 ] DEBUG Engine               - Initializing environment variables
21:35:14.979 [FXGL Background Thread 1 ] DEBUG FXGLAssetLoaderServi - User app class for loading assets: class Bomberman.BombermanGame
21:35:14.980 [FXGL Background Thread 1 ] DEBUG GameApplicationServi - Applying CSS: fxgl_dark.css
21:35:14.981 [FXGL Background Thread 1 ] DEBUG FXGLAssetLoaderServi - Loading from file system: jar:file:/C:/Users/Admin/.m2/repository/com/github/almasb/fxgl/11.17/fxgl-11.17.jar!/fxglassets/ui/css/fxgl_dark.css
21:35:15.037 [FXGL Background Thread 1 ] DEBUG GameApplicationServi - Initializing application scenes
21:35:15.088 [FXGL Background Thread 1 ] DEBUG GameWorld            - Game world initialized
21:35:15.168 [FXGL Background Thread 1 ] DEBUG PhysicsWorld         - Physics world initialized: appHeight=624, physics.ppm=50.0
21:35:15.168 [FXGL Background Thread 1 ] DEBUG PhysicsWorld         - Using strategy: BRUTE_FORCE
21:35:15.171 [FXGL Background Thread 1 ] DEBUG GameScene            - Game scene initialized: 624x624
21:35:15.286 [FXGL Background Thread 1 ] DEBUG GameApplicationServi - Application scenes initialized
21:35:15.304 [FXGL Background Thread 1 ] DEBUG SystemBundleService  - Loading FXGL system data
21:35:15.309 [FXGL Background Thread 1 ] DEBUG FileSystemAccess     - Reading from: C:\Users\Admin\Desktop\Bomberman\system\fxgl.bundle
21:35:15.317 [FXGL Background Thread 1 ] DEBUG SystemBundleService  - Bundle FXGL: {}
21:35:15.317 [FXGL Background Thread 1 ] DEBUG UpdaterService       - Checking for updates
21:35:15.323 [FXGL Background Thread 4 ] DEBUG FXGLApplication      - Loading fonts
21:35:15.323 [FXGL Background Thread 1 ] DEBUG FXGLApplication      - Loading default localization
21:35:15.323 [FXGL Background Thread 4 ] DEBUG FXGLAssetLoaderServi - Loading from file system: jar:file:/C:/Users/Admin/.m2/repository/com/github/almasb/fxgl/11.17/fxgl-11.17.jar!/fxglassets/ui/fonts/VarelaRound-Regular.ttf
21:35:15.324 [FXGL Background Thread 1 ] DEBUG FXGLAssetLoaderServi - Loading from file system: jar:file:/C:/Users/Admin/.m2/repository/com/github/almasb/fxgl/11.17/fxgl-11.17.jar!/fxglassets/languages/english.lang
21:35:15.343 [FXGL Background Thread 1 ] INFO  FXGLApplication      - FXGL initialization took: 0.444 sec
21:35:15.361 [JavaFX Application Thread] DEBUG Input                - Registered new binding: Move Left - A
21:35:15.362 [JavaFX Application Thread] DEBUG Input                - Registered new binding: Move Right - D
21:35:15.362 [JavaFX Application Thread] DEBUG Input                - Registered new binding: Move Up - W
21:35:15.362 [JavaFX Application Thread] DEBUG Input                - Registered new binding: Move Down - S
21:35:15.363 [JavaFX Application Thread] DEBUG Input                - Registered new binding: Place Bomb - Space
21:35:15.363 [JavaFX Application Thread] DEBUG Input                - Registered new binding: Switch to classic bomb - 1
21:35:15.363 [JavaFX Application Thread] DEBUG Input                - Registered new binding: Switch to lazer bomb - 2
21:35:15.363 [JavaFX Application Thread] DEBUG Input                - Registered new binding: Switch to light bomb - 3
21:35:15.363 [JavaFX Application Thread] DEBUG Input                - Registered new binding: Exit game - Esc
21:35:15.364 [JavaFX Application Thread] DEBUG FXGLAssetLoaderServi - Loading from file system: jar:file:/C:/Users/Admin/.m2/repository/com/github/almasb/fxgl/11.17/fxgl-11.17.jar!/fxglassets/textures/fxgl_icon.png
21:35:15.399 [JavaFX Application Thread] DEBUG FXGLAssetLoaderServi - Loading from file system: jar:file:/C:/Users/Admin/.m2/repository/com/github/almasb/fxgl/11.17/fxgl-11.17.jar!/fxglassets/textures/fxgl_default_cursor.png
21:35:15.403 [JavaFX Application Thread] DEBUG Input                - Registered new binding: Screenshot - CTRL+8
21:35:15.404 [JavaFX Application Thread] DEBUG Input                - Registered new binding: System info dump - CTRL+9
21:35:15.405 [JavaFX Application Thread] DEBUG Input                - Registered new binding: Restart - CTRL+R
21:35:15.406 [JavaFX Application Thread] DEBUG Input                - Registered new binding: Toggle Debug Camera - CTRL+C
21:35:15.409 [JavaFX Application Thread] DEBUG LoopRunner           - Starting loop
21:35:15.409 [JavaFX Application Thread] DEBUG LoopRunner           - Initializing JavaFX AnimationTimerLoop
21:35:15.411 [JavaFX Application Thread] DEBUG GameApplicationServi - Starting new game
21:35:15.412 [JavaFX Application Thread] DEBUG Input                - Clearing active input actions
21:35:15.429 [JavaFX Application Thread] DEBUG GameApplicationServi - Removing overlay from FXGLStartupScene and adding to FXGLLoadingScene
21:35:15.430 [JavaFX Application Thread] DEBUG PrimaryStageWindow   - FXGLStartupScene -> FXGLLoadingScene
21:35:15.430 [JavaFX Application Thread] DEBUG GameApplicationServi - Clearing previous game
21:35:15.430 [JavaFX Application Thread] DEBUG GameScene            - Clearing game scene
21:35:15.430 [JavaFX Application Thread] DEBUG GameWorld            - Clearing game world
21:35:15.430 [JavaFX Application Thread] DEBUG PhysicsWorld         - Clearing physics world
21:35:15.433 [FXGL Background Thread 1 ] DEBUG FXGLApplication      - Initializing game
21:35:15.458 [FXGL Background Thread 1 ] DEBUG FXGLAssetLoaderServi - Loading from file system: file:/C:/Users/Admin/Desktop/Bomberman/target/classes/assets/textures/wall.png
21:35:15.511 [FXGL Background Thread 1 ] DEBUG FXGLAssetLoaderServi - Loading from file system: file:/C:/Users/Admin/Desktop/Bomberman/target/classes/assets/textures/brick.png
21:35:15.513 [FXGL Background Thread 1 ] DEBUG FXGLAssetLoaderServi - Loading from file system: file:/C:/Users/Admin/Desktop/Bomberman/target/classes/assets/textures/brick_break.png
21:35:15.533 [FXGL Background Thread 1 ] DEBUG FXGLAssetLoaderServi - Loading from file system: file:/C:/Users/Admin/Desktop/Bomberman/target/classes/assets/textures/portal.png
21:35:15.549 [FXGL Background Thread 1 ] DEBUG FXGLAssetLoaderServi - Loading from file system: file:/C:/Users/Admin/Desktop/Bomberman/target/classes/assets/textures/powerup_flames.png
21:35:15.553 [FXGL Background Thread 1 ] DEBUG FXGLAssetLoaderServi - Loading from file system: file:/C:/Users/Admin/Desktop/Bomberman/target/classes/assets/textures/powerup_bombs.png
21:35:15.567 [FXGL Background Thread 1 ] DEBUG FXGLAssetLoaderServi - Loading from file system: file:/C:/Users/Admin/Desktop/Bomberman/target/classes/assets/textures/powerup_speed.png
21:35:15.640 [JavaFX Application Thread] DEBUG LoopRunner           - Stopping loop
21:35:15.644 [JavaFX Application Thread] FATAL FXGLApplication      - Uncaught Exception:
java.lang.RuntimeException: Initialization failed
	at com.almasb.fxgl.app.FXGLApplication$InitAppTask.failed(FXGLApplication.kt:343)
	at javafx.concurrent.Task.setState(Task.java:710)
	at javafx.concurrent.Task$TaskCallable.lambda$call$2(Task.java:1455)
	at com.sun.javafx.application.PlatformImpl.lambda$runLater$10(PlatformImpl.java:447)
	at java.base/java.security.AccessController.doPrivileged(Native Method)
	at com.sun.javafx.application.PlatformImpl.lambda$runLater$11(PlatformImpl.java:446)
	at com.sun.glass.ui.InvokeLaterDispatcher$Future.run(InvokeLaterDispatcher.java:96)
	at com.sun.glass.ui.win.WinApplication._runLoop(Native Method)
	at com.sun.glass.ui.win.WinApplication.lambda$runLoop$3(WinApplication.java:174)
	at java.base/java.lang.Thread.run(Thread.java:834)
Caused by: java.lang.NullPointerException: Parameter specified as non-null is null: method com.almasb.fxgl.entity.GameWorld.addEntity, parameter entity
	at com.almasb.fxgl.entity.GameWorld.addEntity(GameWorld.kt)
	at Bomberman.BombermanGame.initGame(BombermanGame.java:122)
	at com.almasb.fxgl.app.FXGLApplication$InitAppTask.initGame(FXGLApplication.kt:339)
	at com.almasb.fxgl.app.FXGLApplication$InitAppTask.call(FXGLApplication.kt:319)
	at com.almasb.fxgl.app.FXGLApplication$InitAppTask.call(FXGLApplication.kt:311)
	at javafx.concurrent.Task$TaskCallable.call(Task.java:1425)
	at java.base/java.util.concurrent.FutureTask.run(FutureTask.java:264)
	at java.base/java.util.concurrent.Executors$RunnableAdapter.call(Executors.java:515)
	at java.base/java.util.concurrent.FutureTask.run(FutureTask.java:264)
	at java.base/java.util.concurrent.ThreadPoolExecutor.runWorker(ThreadPoolExecutor.java:1128)
	at java.base/java.util.concurrent.ThreadPoolExecutor$Worker.run(ThreadPoolExecutor.java:628)
	... 1 more

21:35:15.645 [JavaFX Application Thread] FATAL FXGLApplication      - Application will now exit
21:35:15.693 [JavaFX Application Thread] DEBUG PrimaryStageWindow   - Push state: ErrorSubScene
21:35:15.694 [JavaFX Application Thread] DEBUG Input                - Clearing active input actions
21:35:15.708 [JavaFX Application Thread] DEBUG GameApplicationServi - Removing overlay from FXGLLoadingScene and adding to ErrorSubScene
21:35:15.709 [JavaFX Application Thread] DEBUG PrimaryStageWindow   - FXGLLoadingScene -> ErrorSubScene
21:35:15.747 [FXGL Background Thread 4 ] DEBUG FXGLAssetLoaderServi - Loading from file system: jar:file:/C:/Users/Admin/.m2/repository/com/github/almasb/fxgl/11.17/fxgl-11.17.jar!/fxglassets/ui/fonts/Abel-Regular.ttf
21:35:15.755 [FXGL Background Thread 4 ] DEBUG FXGLAssetLoaderServi - Loading from file system: jar:file:/C:/Users/Admin/.m2/repository/com/github/almasb/fxgl/11.17/fxgl-11.17.jar!/fxglassets/ui/fonts/lucida_console.ttf
21:35:15.765 [FXGL Background Thread 4 ] DEBUG FXGLAssetLoaderServi - Loading from file system: jar:file:/C:/Users/Admin/.m2/repository/com/github/almasb/fxgl/11.17/fxgl-11.17.jar!/fxglassets/ui/fonts/Courier-Prime.ttf
21:35:16.198 [JavaFX Application Thread] DEBUG FXGLApplication      - Registering font factories with UI factory
21:35:16.408 [FXGL Background Thread 2 ] INFO  UpdaterService       - Your current version:  11.17
21:35:16.408 [FXGL Background Thread 2 ] INFO  UpdaterService       - Latest stable version: 17.2
21:35:18.322 [FXGL Background Thread 3 ] DEBUG Engine               - Logging environment variables
21:35:18.322 [FXGL Background Thread 3 ] DEBUG Engine               - achievements: []
21:35:18.322 [FXGL Background Thread 3 ] DEBUG Engine               - actualHeight: 624.0
21:35:18.322 [FXGL Background Thread 3 ] DEBUG Engine               - actualHeightProperty: ReadOnlyDoubleProperty [value: 624.0]
21:35:18.322 [FXGL Background Thread 3 ] DEBUG Engine               - actualWidth: 624.0
21:35:18.322 [FXGL Background Thread 3 ] DEBUG Engine               - actualWidthProperty: ReadOnlyDoubleProperty [value: 624.0]
21:35:18.323 [FXGL Background Thread 3 ] DEBUG Engine               - appIcon: fxgl_icon.png
21:35:18.323 [FXGL Background Thread 3 ] DEBUG Engine               - applicationMode: DEVELOPER
21:35:18.323 [FXGL Background Thread 3 ] DEBUG Engine               - cSSList: [fxgl_dark.css]
21:35:18.323 [FXGL Background Thread 3 ] DEBUG Engine               - collisionDetectionStrategy: BRUTE_FORCE
21:35:18.323 [FXGL Background Thread 3 ] DEBUG Engine               - configClass: Optional.empty
21:35:18.323 [FXGL Background Thread 3 ] DEBUG Engine               - credits: []
21:35:18.323 [FXGL Background Thread 3 ] DEBUG Engine               - defaultCursor: CursorInfo(imageName=fxgl_default_cursor.png, hotspotX=7.0, hotspotY=6.0)
21:35:18.323 [FXGL Background Thread 3 ] DEBUG Engine               - devBBoxColorProperty: ObjectProperty [value: 0xff0000ff]
21:35:18.323 [FXGL Background Thread 3 ] DEBUG Engine               - devEnableDebugCameraProperty: BooleanProperty [value: false]
21:35:18.323 [FXGL Background Thread 3 ] DEBUG Engine               - devSensorColorProperty: ObjectProperty [value: 0xffff00ff]
21:35:18.323 [FXGL Background Thread 3 ] DEBUG Engine               - devShowBBoxProperty: BooleanProperty [value: false]
21:35:18.323 [FXGL Background Thread 3 ] DEBUG Engine               - devShowPositionProperty: BooleanProperty [value: false]
21:35:18.323 [FXGL Background Thread 3 ] DEBUG Engine               - enabledMenuItems: []
21:35:18.323 [FXGL Background Thread 3 ] DEBUG Engine               - engineServices: [class com.almasb.fxgl.app.services.FXGLAssetLoaderService, class com.almasb.fxgl.app.FXGLApplication$GameApplicationService, class com.almasb.fxgl.app.services.FXGLDialogService, class com.almasb.fxgl.app.services.IOTaskExecutorService, class com.almasb.fxgl.io.FileSystemService, class com.almasb.fxgl.localization.LocalizationService, class com.almasb.fxgl.app.services.SystemBundleService, class com.almasb.fxgl.profile.SaveLoadService, class com.almasb.fxgl.ui.FXGLUIFactoryServiceProvider, class com.almasb.fxgl.ui.FXGLDialogFactoryServiceProvider, class com.almasb.fxgl.audio.AudioPlayer, class com.almasb.fxgl.notification.impl.NotificationServiceProvider, class com.almasb.fxgl.achievement.AchievementService, class com.almasb.fxgl.cutscene.CutsceneService, class com.almasb.fxgl.minigames.MiniGameService, class com.almasb.fxgl.net.NetService, class com.almasb.fxgl.app.services.UpdaterService, class com.almasb.fxgl.dev.DevService]
21:35:18.323 [FXGL Background Thread 3 ] DEBUG Engine               - fontGame: Abel-Regular.ttf
21:35:18.323 [FXGL Background Thread 3 ] DEBUG Engine               - fontMono: lucida_console.ttf
21:35:18.323 [FXGL Background Thread 3 ] DEBUG Engine               - fontText: Courier-Prime.ttf
21:35:18.323 [FXGL Background Thread 3 ] DEBUG Engine               - fontUI: VarelaRound-Regular.ttf
21:35:18.323 [FXGL Background Thread 3 ] DEBUG Engine               - fullScreen: BooleanProperty [value: false]
21:35:18.323 [FXGL Background Thread 3 ] DEBUG Engine               - gameDifficulty: MEDIUM
21:35:18.323 [FXGL Background Thread 3 ] DEBUG Engine               - gameDifficultyProperty: ObjectProperty [value: MEDIUM]
21:35:18.324 [FXGL Background Thread 3 ] DEBUG Engine               - globalMusicVolume: 0.5
21:35:18.324 [FXGL Background Thread 3 ] DEBUG Engine               - globalMusicVolumeProperty: DoubleProperty [value: 0.5]
21:35:18.324 [FXGL Background Thread 3 ] DEBUG Engine               - globalSoundVolume: 0.5
21:35:18.324 [FXGL Background Thread 3 ] DEBUG Engine               - globalSoundVolumeProperty: DoubleProperty [value: 0.5]
21:35:18.324 [FXGL Background Thread 3 ] DEBUG Engine               - height: 624
21:35:18.324 [FXGL Background Thread 3 ] DEBUG Engine               - is3D: false
21:35:18.324 [FXGL Background Thread 3 ] DEBUG Engine               - isAndroid: false
21:35:18.324 [FXGL Background Thread 3 ] DEBUG Engine               - isBrowser: false
21:35:18.324 [FXGL Background Thread 3 ] DEBUG Engine               - isClickFeedbackEnabled: false
21:35:18.324 [FXGL Background Thread 3 ] DEBUG Engine               - isCloseConfirmation: false
21:35:18.324 [FXGL Background Thread 3 ] DEBUG Engine               - isDesktop: true
21:35:18.324 [FXGL Background Thread 3 ] DEBUG Engine               - isDeveloperMenuEnabled: false
21:35:18.324 [FXGL Background Thread 3 ] DEBUG Engine               - isEntityPreloadEnabled: true
21:35:18.324 [FXGL Background Thread 3 ] DEBUG Engine               - isExperimentalTiledLargeMap: false
21:35:18.324 [FXGL Background Thread 3 ] DEBUG Engine               - isFileSystemWriteAllowed: true
21:35:18.324 [FXGL Background Thread 3 ] DEBUG Engine               - isFullScreenAllowed: true
21:35:18.324 [FXGL Background Thread 3 ] DEBUG Engine               - isFullScreenFromStart: false
21:35:18.324 [FXGL Background Thread 3 ] DEBUG Engine               - isGameMenuEnabled: true
21:35:18.324 [FXGL Background Thread 3 ] DEBUG Engine               - isIOS: false
21:35:18.324 [FXGL Background Thread 3 ] DEBUG Engine               - isIntroEnabled: false
21:35:18.324 [FXGL Background Thread 3 ] DEBUG Engine               - isLinux: false
21:35:18.324 [FXGL Background Thread 3 ] DEBUG Engine               - isMac: false
21:35:18.324 [FXGL Background Thread 3 ] DEBUG Engine               - isMainMenuEnabled: false
21:35:18.324 [FXGL Background Thread 3 ] DEBUG Engine               - isManualResizeEnabled: false
21:35:18.324 [FXGL Background Thread 3 ] DEBUG Engine               - isMobile: false
21:35:18.324 [FXGL Background Thread 3 ] DEBUG Engine               - isNative: false
21:35:18.324 [FXGL Background Thread 3 ] DEBUG Engine               - isPauseMusicWhenMinimized: true
21:35:18.324 [FXGL Background Thread 3 ] DEBUG Engine               - isPreserveResizeRatio: false
21:35:18.324 [FXGL Background Thread 3 ] DEBUG Engine               - isProfilingEnabled: false
21:35:18.324 [FXGL Background Thread 3 ] DEBUG Engine               - isScaleAffectedOnResize: true
21:35:18.325 [FXGL Background Thread 3 ] DEBUG Engine               - isSingleStep: false
21:35:18.325 [FXGL Background Thread 3 ] DEBUG Engine               - isUserProfileEnabled: false
21:35:18.325 [FXGL Background Thread 3 ] DEBUG Engine               - isWindows: true
21:35:18.325 [FXGL Background Thread 3 ] DEBUG Engine               - language: ObjectProperty [value: ENGLISH]
21:35:18.325 [FXGL Background Thread 3 ] DEBUG Engine               - menuKey: ESCAPE
21:35:18.325 [FXGL Background Thread 3 ] DEBUG Engine               - mouseSensitivity: 0.2
21:35:18.325 [FXGL Background Thread 3 ] DEBUG Engine               - notificationViewClass: class com.almasb.fxgl.notification.view.XboxNotificationView
21:35:18.325 [FXGL Background Thread 3 ] DEBUG Engine               - pixelsPerMeter: 50.0
21:35:18.325 [FXGL Background Thread 3 ] DEBUG Engine               - platform: WINDOWS
21:35:18.325 [FXGL Background Thread 3 ] DEBUG Engine               - prefHeightProperty: ReadOnlyDoubleProperty [value: 624.0]
21:35:18.325 [FXGL Background Thread 3 ] DEBUG Engine               - prefWidthProperty: ReadOnlyDoubleProperty [value: 624.0]
21:35:18.325 [FXGL Background Thread 3 ] DEBUG Engine               - profileDir: profiles/
21:35:18.325 [FXGL Background Thread 3 ] DEBUG Engine               - profileName: StringProperty [value: DEFAULT]
21:35:18.325 [FXGL Background Thread 3 ] DEBUG Engine               - randomSeed: -1
21:35:18.325 [FXGL Background Thread 3 ] DEBUG Engine               - runtimeInfo: RuntimeInfo(platform=WINDOWS, version=11.17, build=16.07.2021 15.46)
21:35:18.325 [FXGL Background Thread 3 ] DEBUG Engine               - saveFileExt: sav
21:35:18.325 [FXGL Background Thread 3 ] DEBUG Engine               - scaledHeightProp$fxgl: DoubleProperty [bound, value: 624.0]
21:35:18.325 [FXGL Background Thread 3 ] DEBUG Engine               - scaledWidthProp$fxgl: DoubleProperty [bound, value: 624.0]
21:35:18.325 [FXGL Background Thread 3 ] DEBUG Engine               - sceneFactory: Bomberman.BombermanGame$1@5634d451
21:35:18.325 [FXGL Background Thread 3 ] DEBUG Engine               - secondsIn24h: 60
21:35:18.325 [FXGL Background Thread 3 ] DEBUG Engine               - soundMenuBack: menu/back.wav
21:35:18.325 [FXGL Background Thread 3 ] DEBUG Engine               - soundMenuPress: menu/press.wav
21:35:18.325 [FXGL Background Thread 3 ] DEBUG Engine               - soundMenuSelect: menu/select.wav
21:35:18.325 [FXGL Background Thread 3 ] DEBUG Engine               - soundNotification: core/notification.wav
21:35:18.325 [FXGL Background Thread 3 ] DEBUG Engine               - stageStyle: DECORATED
21:35:18.325 [FXGL Background Thread 3 ] DEBUG Engine               - supportedLanguages: [ENGLISH, FRENCH, GERMAN, HUNGARIAN, RUSSIAN]
21:35:18.326 [FXGL Background Thread 3 ] DEBUG Engine               - ticksPerSecond: -1
21:35:18.326 [FXGL Background Thread 3 ] DEBUG Engine               - title: BOMBERMAN
21:35:18.326 [FXGL Background Thread 3 ] DEBUG Engine               - urlGithub: https://github.com/AlmasB/FXGL
21:35:18.326 [FXGL Background Thread 3 ] DEBUG Engine               - urlLeaderboard: http://fxgl-top.herokuapp.com/
21:35:18.326 [FXGL Background Thread 3 ] DEBUG Engine               - urlPOM: https://raw.githubusercontent.com/AlmasB/FXGL/release/README.md
21:35:18.326 [FXGL Background Thread 3 ] DEBUG Engine               - userAppClass: class Bomberman.BombermanGame
21:35:18.326 [FXGL Background Thread 3 ] DEBUG Engine               - version: 1.0
21:35:18.326 [FXGL Background Thread 3 ] DEBUG Engine               - versionCheckDays: 7
21:35:18.326 [FXGL Background Thread 3 ] DEBUG Engine               - width: 624
21:35:18.326 [FXGL Background Thread 3 ] DEBUG Engine               - Logging services
21:35:18.326 [FXGL Background Thread 3 ] DEBUG Engine               - class com.almasb.fxgl.app.services.FXGLAssetLoaderService
21:35:18.326 [FXGL Background Thread 3 ] DEBUG Engine               - class com.almasb.fxgl.app.FXGLApplication$GameApplicationService
21:35:18.326 [FXGL Background Thread 3 ] DEBUG Engine               - class com.almasb.fxgl.app.services.FXGLDialogService
21:35:18.326 [FXGL Background Thread 3 ] DEBUG Engine               - class com.almasb.fxgl.app.services.IOTaskExecutorService
21:35:18.326 [FXGL Background Thread 3 ] DEBUG Engine               - class com.almasb.fxgl.io.FileSystemService
21:35:18.326 [FXGL Background Thread 3 ] DEBUG Engine               - class com.almasb.fxgl.localization.LocalizationService
21:35:18.326 [FXGL Background Thread 3 ] DEBUG Engine               - class com.almasb.fxgl.app.services.SystemBundleService
21:35:18.326 [FXGL Background Thread 3 ] DEBUG Engine               - class com.almasb.fxgl.profile.SaveLoadService
21:35:18.326 [FXGL Background Thread 3 ] DEBUG Engine               - class com.almasb.fxgl.ui.FXGLUIFactoryServiceProvider
21:35:18.326 [FXGL Background Thread 3 ] DEBUG Engine               - class com.almasb.fxgl.ui.FXGLDialogFactoryServiceProvider
21:35:18.326 [FXGL Background Thread 3 ] DEBUG Engine               - class com.almasb.fxgl.audio.AudioPlayer
21:35:18.326 [FXGL Background Thread 3 ] DEBUG Engine               - class com.almasb.fxgl.notification.impl.NotificationServiceProvider
21:35:18.326 [FXGL Background Thread 3 ] DEBUG Engine               - class com.almasb.fxgl.achievement.AchievementService
21:35:18.326 [FXGL Background Thread 3 ] DEBUG Engine               - class com.almasb.fxgl.cutscene.CutsceneService
21:35:18.326 [FXGL Background Thread 3 ] DEBUG Engine               - class com.almasb.fxgl.minigames.MiniGameService
21:35:18.326 [FXGL Background Thread 3 ] DEBUG Engine               - class com.almasb.fxgl.net.NetService
21:35:18.326 [FXGL Background Thread 3 ] DEBUG Engine               - class com.almasb.fxgl.app.services.UpdaterService
21:35:18.326 [FXGL Background Thread 3 ] DEBUG Engine               - class com.almasb.fxgl.dev.DevService
21:35:18.951 [JavaFX Application Thread] DEBUG FXGLApplication      - Exiting FXGL
21:35:18.951 [JavaFX Application Thread] DEBUG Async                - Shutting down background threads
21:35:18.951 [JavaFX Application Thread] DEBUG PrimaryStageWindow   - Closing main window
21:35:18.962 [JavaFX Application Thread] DEBUG Logger               - Closing Logger
