23:11:25.983 [main                     ] DEBUG Logger               - Configured Logger
23:11:26.003 [main                     ] DEBUG GameApplication      - Logging settings
Title: BOMBER
 MAN
Version: 1.0
Width: 1280
Height: 720
Fullscreen: true
Intro: false
Profiling: false
Single step:false
App Mode: DEVELOPER
Menu Key: ESCAPE
Stage Style: DECORATED
Scene Factory: class Bomberman.BombermanGame$1

23:11:26.444 [JavaFX Application Thread] DEBUG FXGLApplication      - Initializing FXGL
23:11:26.448 [JavaFX Application Thread] INFO  Engine               - FXGL-11.17 (16.07.2021 15.46) on WINDOWS (J:11.0.16.1 FX:16)
23:11:26.448 [JavaFX Application Thread] DEBUG Engine               - JRE Vendor Name: Oracle Corporation
23:11:26.449 [JavaFX Application Thread] DEBUG Engine               - Running on OS: Windows 11 version 10.0
23:11:26.449 [JavaFX Application Thread] DEBUG Engine               - Architecture: amd64
23:11:26.449 [JavaFX Application Thread] INFO  Engine               - Source code and latest versions at: https://github.com/AlmasB/FXGL
23:11:26.449 [JavaFX Application Thread] INFO  Engine               -              Join the FXGL chat at: https://gitter.im/AlmasB/FXGL
23:11:26.585 [JavaFX Application Thread] DEBUG PrimaryStageWindow   - Creating a JavaFX scene
23:11:26.649 [JavaFX Application Thread] DEBUG PrimaryStageWindow   - Target settings size: 1280.0 x 720.0
23:11:26.649 [JavaFX Application Thread] DEBUG PrimaryStageWindow   - Scaled scene size:    1280.0 x 720.0
23:11:26.650 [JavaFX Application Thread] DEBUG PrimaryStageWindow   - Scaled ratio: (1.0, 1.0)
23:11:26.651 [JavaFX Application Thread] DEBUG PrimaryStageWindow   - Set initial scene to FXGLStartupScene
23:11:26.664 [JavaFX Application Thread] DEBUG PrimaryStageWindow   - Opening main window
23:11:26.775 [JavaFX Application Thread] DEBUG PrimaryStageWindow   - Window border size: (13.0, 35.5)
23:11:26.775 [JavaFX Application Thread] DEBUG PrimaryStageWindow   - Scaled size: 1280.0 x 720.0
23:11:26.775 [JavaFX Application Thread] DEBUG PrimaryStageWindow   - Scaled ratio: (1.0, 1.0)
23:11:26.775 [JavaFX Application Thread] DEBUG PrimaryStageWindow   - Scene size: 1280.0 x 720.0
23:11:26.776 [JavaFX Application Thread] DEBUG PrimaryStageWindow   - Stage size: 1293.0 x 755.5
23:11:26.786 [FXGL Background Thread 1 ] DEBUG Engine               - Initializing environment variables
23:11:26.881 [FXGL Background Thread 1 ] DEBUG FXGLAssetLoaderServi - User app class for loading assets: class Bomberman.BombermanGame
23:11:26.882 [FXGL Background Thread 1 ] DEBUG GameApplicationServi - Applying CSS: fxgl_dark.css
23:11:26.883 [FXGL Background Thread 1 ] DEBUG FXGLAssetLoaderServi - Loading from file system: jar:file:/C:/Users/Admin/.m2/repository/com/github/almasb/fxgl/11.17/fxgl-11.17.jar!/fxglassets/ui/css/fxgl_dark.css
23:11:26.945 [FXGL Background Thread 1 ] DEBUG GameApplicationServi - Initializing application scenes
23:11:27.001 [FXGL Background Thread 1 ] DEBUG GameWorld            - Game world initialized
23:11:27.071 [FXGL Background Thread 1 ] DEBUG PhysicsWorld         - Physics world initialized: appHeight=720, physics.ppm=50.0
23:11:27.072 [FXGL Background Thread 1 ] DEBUG PhysicsWorld         - Using strategy: BRUTE_FORCE
23:11:27.075 [FXGL Background Thread 1 ] DEBUG GameScene            - Game scene initialized: 1280x720
23:11:27.206 [FXGL Background Thread 1 ] DEBUG GameApplicationServi - Application scenes initialized
23:11:27.219 [FXGL Background Thread 1 ] DEBUG SystemBundleService  - Loading FXGL system data
23:11:27.225 [FXGL Background Thread 1 ] DEBUG FileSystemAccess     - Reading from: C:\Users\Admin\Desktop\Bomberman\system\fxgl.bundle
23:11:27.231 [FXGL Background Thread 1 ] DEBUG SystemBundleService  - Bundle FXGL: {}
23:11:27.232 [FXGL Background Thread 1 ] DEBUG UpdaterService       - Checking for updates
23:11:27.238 [FXGL Background Thread 4 ] DEBUG FXGLApplication      - Loading fonts
23:11:27.238 [FXGL Background Thread 4 ] DEBUG FXGLAssetLoaderServi - Loading from file system: file:/C:/Users/Admin/Desktop/Bomberman/target/classes/assets/ui/fonts/game_font.ttf
23:11:27.238 [FXGL Background Thread 1 ] DEBUG FXGLApplication      - Loading default localization
23:11:27.239 [FXGL Background Thread 1 ] DEBUG FXGLAssetLoaderServi - Loading from file system: jar:file:/C:/Users/Admin/.m2/repository/com/github/almasb/fxgl/11.17/fxgl-11.17.jar!/fxglassets/languages/english.lang
23:11:27.256 [FXGL Background Thread 1 ] INFO  FXGLApplication      - FXGL initialization took: 0.471 sec
23:11:27.270 [JavaFX Application Thread] DEBUG Input                - Registered new binding: Move Left - A
23:11:27.271 [JavaFX Application Thread] DEBUG Input                - Registered new binding: Move Right - D
23:11:27.271 [JavaFX Application Thread] DEBUG Input                - Registered new binding: Move Up - W
23:11:27.271 [JavaFX Application Thread] DEBUG Input                - Registered new binding: Move Down - S
23:11:27.271 [JavaFX Application Thread] DEBUG Input                - Registered new binding: Place Bomb - Space
23:11:27.271 [JavaFX Application Thread] DEBUG Input                - Registered new binding: Switch to classic bomb - 1
23:11:27.271 [JavaFX Application Thread] DEBUG Input                - Registered new binding: Switch to lazer bomb - 2
23:11:27.272 [JavaFX Application Thread] DEBUG Input                - Registered new binding: Switch to light bomb - 3
23:11:27.272 [JavaFX Application Thread] DEBUG Input                - Registered new binding: Exit game - Delete
23:11:27.273 [JavaFX Application Thread] DEBUG FXGLAssetLoaderServi - Loading from file system: file:/C:/Users/Admin/Desktop/Bomberman/target/classes/assets/music/stage_theme.mp3
23:11:27.508 [JavaFX Application Thread] DEBUG AudioPlayer          - Playing music com.almasb.fxgl.audio.Music@47cc90de
23:11:27.519 [JavaFX Application Thread] DEBUG FXGLAssetLoaderServi - Loading from file system: jar:file:/C:/Users/Admin/.m2/repository/com/github/almasb/fxgl/11.17/fxgl-11.17.jar!/fxglassets/textures/fxgl_icon.png
23:11:27.561 [JavaFX Application Thread] DEBUG FXGLAssetLoaderServi - Loading from file system: jar:file:/C:/Users/Admin/.m2/repository/com/github/almasb/fxgl/11.17/fxgl-11.17.jar!/fxglassets/textures/fxgl_default_cursor.png
23:11:27.565 [JavaFX Application Thread] DEBUG Input                - Registered new binding: Screenshot - CTRL+8
23:11:27.566 [JavaFX Application Thread] DEBUG Input                - Registered new binding: System info dump - CTRL+9
23:11:27.566 [JavaFX Application Thread] DEBUG Input                - Registered new binding: Restart - CTRL+R
23:11:27.567 [JavaFX Application Thread] DEBUG Input                - Registered new binding: Toggle Debug Camera - CTRL+C
23:11:27.571 [JavaFX Application Thread] DEBUG LoopRunner           - Starting loop
23:11:27.571 [JavaFX Application Thread] DEBUG LoopRunner           - Initializing JavaFX AnimationTimerLoop
23:11:27.576 [JavaFX Application Thread] DEBUG Input                - Clearing active input actions
23:11:27.592 [JavaFX Application Thread] DEBUG GameApplicationServi - Removing overlay from FXGLStartupScene and adding to FXGLMainMenuDummyScene
23:11:27.593 [JavaFX Application Thread] DEBUG PrimaryStageWindow   - FXGLStartupScene -> FXGLMainMenuDummyScene
23:11:27.593 [JavaFX Application Thread] DEBUG PrimaryStageWindow   - Push state: MainMenu
23:11:27.593 [JavaFX Application Thread] DEBUG Input                - Clearing active input actions
23:11:27.601 [JavaFX Application Thread] DEBUG GameApplicationServi - Removing overlay from FXGLMainMenuDummyScene and adding to MainMenu
23:11:27.602 [JavaFX Application Thread] DEBUG PrimaryStageWindow   - FXGLMainMenuDummyScene -> MainMenu
23:11:27.634 [FXGL Background Thread 4 ] DEBUG FXGLAssetLoaderServi - Loading from file system: jar:file:/C:/Users/Admin/.m2/repository/com/github/almasb/fxgl/11.17/fxgl-11.17.jar!/fxglassets/ui/fonts/Abel-Regular.ttf
23:11:27.639 [FXGL Background Thread 4 ] DEBUG FXGLAssetLoaderServi - Loading from file system: jar:file:/C:/Users/Admin/.m2/repository/com/github/almasb/fxgl/11.17/fxgl-11.17.jar!/fxglassets/ui/fonts/lucida_console.ttf
23:11:27.645 [FXGL Background Thread 4 ] DEBUG FXGLAssetLoaderServi - Loading from file system: jar:file:/C:/Users/Admin/.m2/repository/com/github/almasb/fxgl/11.17/fxgl-11.17.jar!/fxglassets/ui/fonts/Courier-Prime.ttf
23:11:27.655 [JavaFX Application Thread] DEBUG FXGLApplication      - Registering font factories with UI factory
23:11:28.030 [FXGL Background Thread 2 ] INFO  UpdaterService       - Your current version:  11.17
23:11:28.030 [FXGL Background Thread 2 ] INFO  UpdaterService       - Latest stable version: 17.2
23:11:28.944 [JavaFX Application Thread] DEBUG Menu                 - fireNewGame()
23:11:28.944 [JavaFX Application Thread] DEBUG GameApplicationServi - Starting new game
23:11:28.944 [JavaFX Application Thread] DEBUG PrimaryStageWindow   - Pop state: MainMenu
23:11:28.944 [JavaFX Application Thread] DEBUG Input                - Clearing active input actions
23:11:28.944 [JavaFX Application Thread] DEBUG GameApplicationServi - Removing overlay from MainMenu and adding to FXGLMainMenuDummyScene
23:11:28.945 [JavaFX Application Thread] DEBUG PrimaryStageWindow   - FXGLMainMenuDummyScene <- MainMenu
23:11:28.945 [JavaFX Application Thread] DEBUG Input                - Clearing active input actions
23:11:28.950 [JavaFX Application Thread] DEBUG GameApplicationServi - Removing overlay from FXGLMainMenuDummyScene and adding to FXGLLoadingScene
23:11:28.951 [JavaFX Application Thread] DEBUG PrimaryStageWindow   - FXGLMainMenuDummyScene -> FXGLLoadingScene
23:11:28.951 [JavaFX Application Thread] DEBUG GameApplicationServi - Clearing previous game
23:11:28.951 [JavaFX Application Thread] DEBUG GameScene            - Clearing game scene
23:11:28.951 [JavaFX Application Thread] DEBUG GameWorld            - Clearing game world
23:11:28.951 [JavaFX Application Thread] DEBUG PhysicsWorld         - Clearing physics world
23:11:28.953 [FXGL Background Thread 2 ] DEBUG FXGLApplication      - Initializing game
23:11:28.970 [FXGL Background Thread 2 ] DEBUG FXGLAssetLoaderServi - Loading from file system: file:/C:/Users/Admin/Desktop/Bomberman/target/classes/assets/textures/wall.png
23:11:29.040 [FXGL Background Thread 2 ] DEBUG FXGLAssetLoaderServi - Loading from file system: file:/C:/Users/Admin/Desktop/Bomberman/target/classes/assets/textures/player_die.png
23:11:29.044 [FXGL Background Thread 2 ] DEBUG FXGLAssetLoaderServi - Loading from file system: file:/C:/Users/Admin/Desktop/Bomberman/target/classes/assets/textures/player_down.png
23:11:29.045 [FXGL Background Thread 2 ] DEBUG FXGLAssetLoaderServi - Loading from file system: file:/C:/Users/Admin/Desktop/Bomberman/target/classes/assets/textures/player_right.png
23:11:29.046 [FXGL Background Thread 2 ] DEBUG FXGLAssetLoaderServi - Loading from file system: file:/C:/Users/Admin/Desktop/Bomberman/target/classes/assets/textures/player_up.png
23:11:29.047 [FXGL Background Thread 2 ] DEBUG FXGLAssetLoaderServi - Loading from file system: file:/C:/Users/Admin/Desktop/Bomberman/target/classes/assets/textures/player_left.png
23:11:29.056 [FXGL Background Thread 2 ] DEBUG FXGLAssetLoaderServi - Loading from file system: file:/C:/Users/Admin/Desktop/Bomberman/target/classes/assets/textures/brick.png
23:11:29.058 [FXGL Background Thread 2 ] DEBUG FXGLAssetLoaderServi - Loading from file system: file:/C:/Users/Admin/Desktop/Bomberman/target/classes/assets/textures/brick_break.png
23:11:29.063 [FXGL Background Thread 2 ] DEBUG FXGLAssetLoaderServi - Loading from file system: file:/C:/Users/Admin/Desktop/Bomberman/target/classes/assets/textures/enemy1.png
23:11:29.075 [FXGL Background Thread 2 ] DEBUG FXGLAssetLoaderServi - Loading from file system: file:/C:/Users/Admin/Desktop/Bomberman/target/classes/assets/textures/enemy2.png
23:11:29.117 [FXGL Background Thread 2 ] DEBUG FXGLAssetLoaderServi - Loading from file system: file:/C:/Users/Admin/Desktop/Bomberman/target/classes/assets/textures/portal.png
23:11:29.152 [FXGL Background Thread 2 ] DEBUG FXGLAssetLoaderServi - Loading from file system: file:/C:/Users/Admin/Desktop/Bomberman/target/classes/assets/textures/powerup_flames.png
23:11:29.180 [FXGL Background Thread 2 ] DEBUG FXGLAssetLoaderServi - Loading from file system: file:/C:/Users/Admin/Desktop/Bomberman/target/classes/assets/textures/powerup_bombs.png
23:11:29.213 [FXGL Background Thread 2 ] DEBUG FXGLAssetLoaderServi - Loading from file system: file:/C:/Users/Admin/Desktop/Bomberman/target/classes/assets/textures/enemy4.png
23:11:29.221 [FXGL Background Thread 2 ] DEBUG FXGLAssetLoaderServi - Loading from file system: file:/C:/Users/Admin/Desktop/Bomberman/target/classes/assets/textures/powerup_speed.png
23:11:29.226 [FXGL Background Thread 2 ] DEBUG FXGLAssetLoaderServi - Loading from file system: file:/C:/Users/Admin/Desktop/Bomberman/target/classes/assets/textures/enemy3.png
23:11:29.262 [FXGL Background Thread 2 ] INFO  FXGLApplication      - Game initialization took: 0.309 sec
23:11:29.269 [JavaFX Application Thread] DEBUG Input                - Clearing active input actions
23:11:29.288 [JavaFX Application Thread] DEBUG GameApplicationServi - Removing overlay from FXGLLoadingScene and adding to GameScene
23:11:29.288 [JavaFX Application Thread] DEBUG PrimaryStageWindow   - FXGLLoadingScene -> GameScene
23:11:29.294 [JavaFX Application Thread] DEBUG FXGLAssetLoaderServi - Loading from file system: file:/C:/Users/Admin/Desktop/Bomberman/target/classes/assets/sounds/stage_start.wav
23:11:29.312 [JavaFX Application Thread] DEBUG PrimaryStageWindow   - Push state: StageStartScene
23:11:29.312 [JavaFX Application Thread] DEBUG Input                - Clearing active input actions
23:11:29.312 [JavaFX Application Thread] DEBUG GameApplicationServi - Removing overlay from GameScene and adding to StageStartScene
23:11:29.313 [JavaFX Application Thread] DEBUG PrimaryStageWindow   - GameScene -> StageStartScene
23:11:30.238 [FXGL Background Thread 3 ] DEBUG Engine               - Logging environment variables
23:11:30.239 [FXGL Background Thread 3 ] DEBUG Engine               - achievements: []
23:11:30.239 [FXGL Background Thread 3 ] DEBUG Engine               - actualHeight: 720.0
23:11:30.239 [FXGL Background Thread 3 ] DEBUG Engine               - actualHeightProperty: ReadOnlyDoubleProperty [value: 720.0]
23:11:30.239 [FXGL Background Thread 3 ] DEBUG Engine               - actualWidth: 1280.0
23:11:30.239 [FXGL Background Thread 3 ] DEBUG Engine               - actualWidthProperty: ReadOnlyDoubleProperty [value: 1280.0]
23:11:30.239 [FXGL Background Thread 3 ] DEBUG Engine               - appIcon: fxgl_icon.png
23:11:30.239 [FXGL Background Thread 3 ] DEBUG Engine               - applicationMode: DEVELOPER
23:11:30.239 [FXGL Background Thread 3 ] DEBUG Engine               - cSSList: [fxgl_dark.css]
23:11:30.239 [FXGL Background Thread 3 ] DEBUG Engine               - collisionDetectionStrategy: BRUTE_FORCE
23:11:30.239 [FXGL Background Thread 3 ] DEBUG Engine               - configClass: Optional.empty
23:11:30.239 [FXGL Background Thread 3 ] DEBUG Engine               - credits: []
23:11:30.239 [FXGL Background Thread 3 ] DEBUG Engine               - defaultCursor: CursorInfo(imageName=fxgl_default_cursor.png, hotspotX=7.0, hotspotY=6.0)
23:11:30.239 [FXGL Background Thread 3 ] DEBUG Engine               - devBBoxColorProperty: ObjectProperty [value: 0xff0000ff]
23:11:30.239 [FXGL Background Thread 3 ] DEBUG Engine               - devEnableDebugCameraProperty: BooleanProperty [value: false]
23:11:30.239 [FXGL Background Thread 3 ] DEBUG Engine               - devSensorColorProperty: ObjectProperty [value: 0xffff00ff]
23:11:30.239 [FXGL Background Thread 3 ] DEBUG Engine               - devShowBBoxProperty: BooleanProperty [value: false]
23:11:30.239 [FXGL Background Thread 3 ] DEBUG Engine               - devShowPositionProperty: BooleanProperty [value: false]
23:11:30.240 [FXGL Background Thread 3 ] DEBUG Engine               - enabledMenuItems: []
23:11:30.240 [FXGL Background Thread 3 ] DEBUG Engine               - engineServices: [class com.almasb.fxgl.app.services.FXGLAssetLoaderService, class com.almasb.fxgl.app.FXGLApplication$GameApplicationService, class com.almasb.fxgl.app.services.FXGLDialogService, class com.almasb.fxgl.app.services.IOTaskExecutorService, class com.almasb.fxgl.io.FileSystemService, class com.almasb.fxgl.localization.LocalizationService, class com.almasb.fxgl.app.services.SystemBundleService, class com.almasb.fxgl.profile.SaveLoadService, class com.almasb.fxgl.ui.FXGLUIFactoryServiceProvider, class com.almasb.fxgl.ui.FXGLDialogFactoryServiceProvider, class com.almasb.fxgl.audio.AudioPlayer, class com.almasb.fxgl.notification.impl.NotificationServiceProvider, class com.almasb.fxgl.achievement.AchievementService, class com.almasb.fxgl.cutscene.CutsceneService, class com.almasb.fxgl.minigames.MiniGameService, class com.almasb.fxgl.net.NetService, class com.almasb.fxgl.app.services.UpdaterService, class com.almasb.fxgl.dev.DevService]
23:11:30.240 [FXGL Background Thread 3 ] DEBUG Engine               - fontGame: Abel-Regular.ttf
23:11:30.240 [FXGL Background Thread 3 ] DEBUG Engine               - fontMono: lucida_console.ttf
23:11:30.240 [FXGL Background Thread 3 ] DEBUG Engine               - fontText: Courier-Prime.ttf
23:11:30.240 [FXGL Background Thread 3 ] DEBUG Engine               - fontUI: game_font.ttf
23:11:30.240 [FXGL Background Thread 3 ] DEBUG Engine               - fullScreen: BooleanProperty [value: false]
23:11:30.240 [FXGL Background Thread 3 ] DEBUG Engine               - gameDifficulty: MEDIUM
23:11:30.240 [FXGL Background Thread 3 ] DEBUG Engine               - gameDifficultyProperty: ObjectProperty [value: MEDIUM]
23:11:30.240 [FXGL Background Thread 3 ] DEBUG Engine               - globalMusicVolume: 0.5
23:11:30.240 [FXGL Background Thread 3 ] DEBUG Engine               - globalMusicVolumeProperty: DoubleProperty [value: 0.0]
23:11:30.240 [FXGL Background Thread 3 ] DEBUG Engine               - globalSoundVolume: 0.5
23:11:30.240 [FXGL Background Thread 3 ] DEBUG Engine               - globalSoundVolumeProperty: DoubleProperty [value: 0.5]
23:11:30.240 [FXGL Background Thread 3 ] DEBUG Engine               - height: 720
23:11:30.240 [FXGL Background Thread 3 ] DEBUG Engine               - is3D: false
23:11:30.240 [FXGL Background Thread 3 ] DEBUG Engine               - isAndroid: false
23:11:30.240 [FXGL Background Thread 3 ] DEBUG Engine               - isBrowser: false
23:11:30.240 [FXGL Background Thread 3 ] DEBUG Engine               - isClickFeedbackEnabled: false
23:11:30.240 [FXGL Background Thread 3 ] DEBUG Engine               - isCloseConfirmation: false
23:11:30.240 [FXGL Background Thread 3 ] DEBUG Engine               - isDesktop: true
23:11:30.240 [FXGL Background Thread 3 ] DEBUG Engine               - isDeveloperMenuEnabled: false
23:11:30.240 [FXGL Background Thread 3 ] DEBUG Engine               - isEntityPreloadEnabled: true
23:11:30.240 [FXGL Background Thread 3 ] DEBUG Engine               - isExperimentalTiledLargeMap: false
23:11:30.240 [FXGL Background Thread 3 ] DEBUG Engine               - isFileSystemWriteAllowed: true
23:11:30.240 [FXGL Background Thread 3 ] DEBUG Engine               - isFullScreenAllowed: true
23:11:30.240 [FXGL Background Thread 3 ] DEBUG Engine               - isFullScreenFromStart: false
23:11:30.240 [FXGL Background Thread 3 ] DEBUG Engine               - isGameMenuEnabled: true
23:11:30.240 [FXGL Background Thread 3 ] DEBUG Engine               - isIOS: false
23:11:30.240 [FXGL Background Thread 3 ] DEBUG Engine               - isIntroEnabled: false
23:11:30.240 [FXGL Background Thread 3 ] DEBUG Engine               - isLinux: false
23:11:30.240 [FXGL Background Thread 3 ] DEBUG Engine               - isMac: false
23:11:30.240 [FXGL Background Thread 3 ] DEBUG Engine               - isMainMenuEnabled: true
23:11:30.241 [FXGL Background Thread 3 ] DEBUG Engine               - isManualResizeEnabled: false
23:11:30.241 [FXGL Background Thread 3 ] DEBUG Engine               - isMobile: false
23:11:30.241 [FXGL Background Thread 3 ] DEBUG Engine               - isNative: false
23:11:30.241 [FXGL Background Thread 3 ] DEBUG Engine               - isPauseMusicWhenMinimized: true
23:11:30.241 [FXGL Background Thread 3 ] DEBUG Engine               - isPreserveResizeRatio: false
23:11:30.241 [FXGL Background Thread 3 ] DEBUG Engine               - isProfilingEnabled: false
23:11:30.241 [FXGL Background Thread 3 ] DEBUG Engine               - isScaleAffectedOnResize: true
23:11:30.241 [FXGL Background Thread 3 ] DEBUG Engine               - isSingleStep: false
23:11:30.241 [FXGL Background Thread 3 ] DEBUG Engine               - isUserProfileEnabled: false
23:11:30.241 [FXGL Background Thread 3 ] DEBUG Engine               - isWindows: true
23:11:30.241 [FXGL Background Thread 3 ] DEBUG Engine               - language: ObjectProperty [value: ENGLISH]
23:11:30.241 [FXGL Background Thread 3 ] DEBUG Engine               - menuKey: ESCAPE
23:11:30.241 [FXGL Background Thread 3 ] DEBUG Engine               - mouseSensitivity: 0.2
23:11:30.241 [FXGL Background Thread 3 ] DEBUG Engine               - notificationViewClass: class com.almasb.fxgl.notification.view.XboxNotificationView
23:11:30.241 [FXGL Background Thread 3 ] DEBUG Engine               - pixelsPerMeter: 50.0
23:11:30.241 [FXGL Background Thread 3 ] DEBUG Engine               - platform: WINDOWS
23:11:30.241 [FXGL Background Thread 3 ] DEBUG Engine               - prefHeightProperty: ReadOnlyDoubleProperty [value: 720.0]
23:11:30.241 [FXGL Background Thread 3 ] DEBUG Engine               - prefWidthProperty: ReadOnlyDoubleProperty [value: 1280.0]
23:11:30.241 [FXGL Background Thread 3 ] DEBUG Engine               - profileDir: profiles/
23:11:30.241 [FXGL Background Thread 3 ] DEBUG Engine               - profileName: StringProperty [value: DEFAULT]
23:11:30.241 [FXGL Background Thread 3 ] DEBUG Engine               - randomSeed: -1
23:11:30.241 [FXGL Background Thread 3 ] DEBUG Engine               - runtimeInfo: RuntimeInfo(platform=WINDOWS, version=11.17, build=16.07.2021 15.46)
23:11:30.241 [FXGL Background Thread 3 ] DEBUG Engine               - saveFileExt: sav
23:11:30.241 [FXGL Background Thread 3 ] DEBUG Engine               - scaledHeightProp$fxgl: DoubleProperty [bound, value: 720.0]
23:11:30.241 [FXGL Background Thread 3 ] DEBUG Engine               - scaledWidthProp$fxgl: DoubleProperty [bound, value: 1280.0]
23:11:30.241 [FXGL Background Thread 3 ] DEBUG Engine               - sceneFactory: Bomberman.BombermanGame$1@38f63940
23:11:30.241 [FXGL Background Thread 3 ] DEBUG Engine               - secondsIn24h: 60
23:11:30.241 [FXGL Background Thread 3 ] DEBUG Engine               - soundMenuBack: menu/back.wav
23:11:30.241 [FXGL Background Thread 3 ] DEBUG Engine               - soundMenuPress: menu/press.wav
23:11:30.242 [FXGL Background Thread 3 ] DEBUG Engine               - soundMenuSelect: menu/select.wav
23:11:30.242 [FXGL Background Thread 3 ] DEBUG Engine               - soundNotification: core/notification.wav
23:11:30.242 [FXGL Background Thread 3 ] DEBUG Engine               - stageStyle: DECORATED
23:11:30.242 [FXGL Background Thread 3 ] DEBUG Engine               - supportedLanguages: [ENGLISH, FRENCH, GERMAN, HUNGARIAN, RUSSIAN]
23:11:30.242 [FXGL Background Thread 3 ] DEBUG Engine               - ticksPerSecond: -1
23:11:30.242 [FXGL Background Thread 3 ] DEBUG Engine               - title: BOMBER
 MAN
23:11:30.242 [FXGL Background Thread 3 ] DEBUG Engine               - urlGithub: https://github.com/AlmasB/FXGL
23:11:30.242 [FXGL Background Thread 3 ] DEBUG Engine               - urlLeaderboard: http://fxgl-top.herokuapp.com/
23:11:30.242 [FXGL Background Thread 3 ] DEBUG Engine               - urlPOM: https://raw.githubusercontent.com/AlmasB/FXGL/release/README.md
23:11:30.242 [FXGL Background Thread 3 ] DEBUG Engine               - userAppClass: class Bomberman.BombermanGame
23:11:30.242 [FXGL Background Thread 3 ] DEBUG Engine               - version: 1.0
23:11:30.242 [FXGL Background Thread 3 ] DEBUG Engine               - versionCheckDays: 7
23:11:30.242 [FXGL Background Thread 3 ] DEBUG Engine               - width: 1280
23:11:30.242 [FXGL Background Thread 3 ] DEBUG Engine               - Logging services
23:11:30.242 [FXGL Background Thread 3 ] DEBUG Engine               - class com.almasb.fxgl.app.services.FXGLAssetLoaderService
23:11:30.242 [FXGL Background Thread 3 ] DEBUG Engine               - class com.almasb.fxgl.app.FXGLApplication$GameApplicationService
23:11:30.242 [FXGL Background Thread 3 ] DEBUG Engine               - class com.almasb.fxgl.app.services.FXGLDialogService
23:11:30.242 [FXGL Background Thread 3 ] DEBUG Engine               - class com.almasb.fxgl.app.services.IOTaskExecutorService
23:11:30.242 [FXGL Background Thread 3 ] DEBUG Engine               - class com.almasb.fxgl.io.FileSystemService
23:11:30.242 [FXGL Background Thread 3 ] DEBUG Engine               - class com.almasb.fxgl.localization.LocalizationService
23:11:30.242 [FXGL Background Thread 3 ] DEBUG Engine               - class com.almasb.fxgl.app.services.SystemBundleService
23:11:30.242 [FXGL Background Thread 3 ] DEBUG Engine               - class com.almasb.fxgl.profile.SaveLoadService
23:11:30.242 [FXGL Background Thread 3 ] DEBUG Engine               - class com.almasb.fxgl.ui.FXGLUIFactoryServiceProvider
23:11:30.242 [FXGL Background Thread 3 ] DEBUG Engine               - class com.almasb.fxgl.ui.FXGLDialogFactoryServiceProvider
23:11:30.242 [FXGL Background Thread 3 ] DEBUG Engine               - class com.almasb.fxgl.audio.AudioPlayer
23:11:30.242 [FXGL Background Thread 3 ] DEBUG Engine               - class com.almasb.fxgl.notification.impl.NotificationServiceProvider
23:11:30.242 [FXGL Background Thread 3 ] DEBUG Engine               - class com.almasb.fxgl.achievement.AchievementService
23:11:30.242 [FXGL Background Thread 3 ] DEBUG Engine               - class com.almasb.fxgl.cutscene.CutsceneService
23:11:30.242 [FXGL Background Thread 3 ] DEBUG Engine               - class com.almasb.fxgl.minigames.MiniGameService
23:11:30.242 [FXGL Background Thread 3 ] DEBUG Engine               - class com.almasb.fxgl.net.NetService
23:11:30.242 [FXGL Background Thread 3 ] DEBUG Engine               - class com.almasb.fxgl.app.services.UpdaterService
23:11:30.242 [FXGL Background Thread 3 ] DEBUG Engine               - class com.almasb.fxgl.dev.DevService
23:11:33.096 [JavaFX Application Thread] DEBUG PrimaryStageWindow   - Pop state: StageStartScene
23:11:33.096 [JavaFX Application Thread] DEBUG Input                - Clearing active input actions
23:11:33.097 [JavaFX Application Thread] DEBUG GameApplicationServi - Removing overlay from StageStartScene and adding to GameScene
23:11:33.097 [JavaFX Application Thread] DEBUG PrimaryStageWindow   - GameScene <- StageStartScene
23:11:34.570 [JavaFX Application Thread] DEBUG FXGLAssetLoaderServi - Loading from file system: file:/C:/Users/Admin/Desktop/Bomberman/target/classes/assets/sounds/place_bomb.wav
23:11:34.576 [JavaFX Application Thread] DEBUG FXGLAssetLoaderServi - Loading from file system: file:/C:/Users/Admin/Desktop/Bomberman/target/classes/assets/textures/bomb.png
23:11:36.616 [JavaFX Application Thread] DEBUG FXGLAssetLoaderServi - Loading from file system: file:/C:/Users/Admin/Desktop/Bomberman/target/classes/assets/sounds/explosion.wav
23:11:36.622 [JavaFX Application Thread] DEBUG FXGLAssetLoaderServi - Loading from file system: file:/C:/Users/Admin/Desktop/Bomberman/target/classes/assets/textures/central_flame.png
23:11:36.623 [JavaFX Application Thread] DEBUG FXGLAssetLoaderServi - Loading from file system: file:/C:/Users/Admin/Desktop/Bomberman/target/classes/assets/textures/top_up_flame.png
23:11:36.624 [JavaFX Application Thread] DEBUG FXGLAssetLoaderServi - Loading from file system: file:/C:/Users/Admin/Desktop/Bomberman/target/classes/assets/textures/top_down_flame.png
23:11:36.625 [JavaFX Application Thread] DEBUG FXGLAssetLoaderServi - Loading from file system: file:/C:/Users/Admin/Desktop/Bomberman/target/classes/assets/textures/top_right_flame.png
23:11:36.626 [JavaFX Application Thread] DEBUG FXGLAssetLoaderServi - Loading from file system: file:/C:/Users/Admin/Desktop/Bomberman/target/classes/assets/textures/top_left_flame.png
23:11:37.689 [JavaFX Application Thread] DEBUG FXGLAssetLoaderServi - Loading from file system: file:/C:/Users/Admin/Desktop/Bomberman/target/classes/assets/sounds/powerup.wav
23:11:43.145 [JavaFX Application Thread] DEBUG FXGLAssetLoaderServi - Loading from file system: file:/C:/Users/Admin/Desktop/Bomberman/target/classes/assets/textures/right_flame.png
23:11:43.147 [JavaFX Application Thread] DEBUG FXGLAssetLoaderServi - Loading from file system: file:/C:/Users/Admin/Desktop/Bomberman/target/classes/assets/textures/left_flame.png
23:11:43.148 [JavaFX Application Thread] DEBUG FXGLAssetLoaderServi - Loading from file system: file:/C:/Users/Admin/Desktop/Bomberman/target/classes/assets/textures/down_flame.png
23:11:43.148 [JavaFX Application Thread] DEBUG FXGLAssetLoaderServi - Loading from file system: file:/C:/Users/Admin/Desktop/Bomberman/target/classes/assets/textures/up_flame.png
23:11:43.560 [JavaFX Application Thread] WARN  GameWorld            - Attempted to remove entity which is not active
23:11:51.450 [JavaFX Application Thread] DEBUG FXGLAssetLoaderServi - Loading from file system: file:/C:/Users/Admin/Desktop/Bomberman/target/classes/assets/sounds/player_die.wav
23:12:06.121 [JavaFX Application Thread] WARN  GameWorld            - Attempted to remove entity which is not active
23:12:11.112 [JavaFX Application Thread] WARN  GameWorld            - Attempted to remove entity which is not active
23:12:37.432 [JavaFX Application Thread] WARN  GameWorld            - Attempted to remove entity which is not active
23:12:37.432 [JavaFX Application Thread] WARN  GameWorld            - Attempted to remove entity which is not active
23:12:51.177 [JavaFX Application Thread] WARN  GameWorld            - Attempted to remove entity which is not active
23:12:55.224 [JavaFX Application Thread] WARN  GameWorld            - Attempted to remove entity which is not active
23:13:01.385 [JavaFX Application Thread] WARN  GameWorld            - Attempted to remove entity which is not active
23:13:21.273 [JavaFX Application Thread] WARN  GameWorld            - Attempted to remove entity which is not active
23:13:21.273 [JavaFX Application Thread] WARN  GameWorld            - Attempted to remove entity which is not active
23:13:24.312 [JavaFX Application Thread] WARN  GameWorld            - Attempted to remove entity which is not active
23:13:26.728 [JavaFX Application Thread] WARN  GameWorld            - Attempted to remove entity which is not active
23:13:30.297 [JavaFX Application Thread] WARN  GameWorld            - Attempted to remove entity which is not active
23:13:32.840 [JavaFX Application Thread] WARN  GameWorld            - Attempted to remove entity which is not active
23:13:35.289 [JavaFX Application Thread] WARN  GameWorld            - Attempted to remove entity which is not active
23:13:42.649 [JavaFX Application Thread] WARN  GameWorld            - Attempted to remove entity which is not active
23:13:47.848 [JavaFX Application Thread] WARN  GameWorld            - Attempted to remove entity which is not active
23:14:02.152 [JavaFX Application Thread] WARN  GameWorld            - Attempted to remove entity which is not active
23:14:19.865 [JavaFX Application Thread] WARN  GameWorld            - Attempted to remove entity which is not active
23:14:23.960 [JavaFX Application Thread] WARN  GameWorld            - Attempted to remove entity which is not active
23:14:29.464 [JavaFX Application Thread] WARN  GameWorld            - Attempted to remove entity which is not active
23:14:29.464 [JavaFX Application Thread] WARN  GameWorld            - Attempted to remove entity which is not active
23:14:34.584 [JavaFX Application Thread] WARN  GameWorld            - Attempted to remove entity which is not active
23:14:37.544 [JavaFX Application Thread] WARN  GameWorld            - Attempted to remove entity which is not active
23:14:40.936 [JavaFX Application Thread] WARN  GameWorld            - Attempted to remove entity which is not active
23:14:43.337 [JavaFX Application Thread] WARN  GameWorld            - Attempted to remove entity which is not active
23:14:51.880 [JavaFX Application Thread] WARN  GameWorld            - Attempted to remove entity which is not active
23:14:55.001 [JavaFX Application Thread] WARN  GameWorld            - Attempted to remove entity which is not active
23:14:57.641 [JavaFX Application Thread] DEBUG FXGLAssetLoaderServi - Loading from file system: file:/C:/Users/Admin/Desktop/Bomberman/target/classes/assets/sounds/ending.wav
23:14:57.656 [JavaFX Application Thread] DEBUG PrimaryStageWindow   - Push state: EndingScene
23:14:57.656 [JavaFX Application Thread] DEBUG Input                - Clearing active input actions
23:14:57.656 [JavaFX Application Thread] DEBUG GameApplicationServi - Removing overlay from GameScene and adding to EndingScene
23:14:57.656 [JavaFX Application Thread] DEBUG PrimaryStageWindow   - GameScene -> EndingScene
23:15:12.009 [JavaFX Application Thread] DEBUG PrimaryStageWindow   - Pop state: EndingScene
23:15:12.009 [JavaFX Application Thread] DEBUG Input                - Clearing active input actions
23:15:12.009 [JavaFX Application Thread] DEBUG GameApplicationServi - Removing overlay from EndingScene and adding to GameScene
23:15:12.009 [JavaFX Application Thread] DEBUG PrimaryStageWindow   - GameScene <- EndingScene
23:15:12.009 [JavaFX Application Thread] DEBUG Input                - Clearing active input actions
23:15:12.016 [JavaFX Application Thread] DEBUG GameApplicationServi - Removing overlay from GameScene and adding to FXGLMainMenuDummyScene
23:15:12.016 [JavaFX Application Thread] DEBUG PrimaryStageWindow   - GameScene -> FXGLMainMenuDummyScene
23:15:12.017 [JavaFX Application Thread] DEBUG PrimaryStageWindow   - Push state: MainMenu
23:15:12.018 [JavaFX Application Thread] DEBUG Input                - Clearing active input actions
23:15:12.018 [JavaFX Application Thread] DEBUG GameApplicationServi - Removing overlay from FXGLMainMenuDummyScene and adding to MainMenu
23:15:12.018 [JavaFX Application Thread] DEBUG PrimaryStageWindow   - FXGLMainMenuDummyScene -> MainMenu
23:15:19.550 [JavaFX Application Thread] DEBUG Menu                 - fireNewGame()
23:15:19.550 [JavaFX Application Thread] DEBUG GameApplicationServi - Starting new game
23:15:19.550 [JavaFX Application Thread] DEBUG PrimaryStageWindow   - Pop state: MainMenu
23:15:19.550 [JavaFX Application Thread] DEBUG Input                - Clearing active input actions
23:15:19.551 [JavaFX Application Thread] DEBUG GameApplicationServi - Removing overlay from MainMenu and adding to FXGLMainMenuDummyScene
23:15:19.551 [JavaFX Application Thread] DEBUG PrimaryStageWindow   - FXGLMainMenuDummyScene <- MainMenu
23:15:19.551 [JavaFX Application Thread] DEBUG Input                - Clearing active input actions
23:15:19.556 [JavaFX Application Thread] DEBUG GameApplicationServi - Removing overlay from FXGLMainMenuDummyScene and adding to FXGLLoadingScene
23:15:19.556 [JavaFX Application Thread] DEBUG PrimaryStageWindow   - FXGLMainMenuDummyScene -> FXGLLoadingScene
23:15:19.556 [JavaFX Application Thread] DEBUG GameApplicationServi - Clearing previous game
23:15:19.556 [JavaFX Application Thread] DEBUG GameScene            - Clearing game scene
23:15:19.556 [JavaFX Application Thread] DEBUG GameWorld            - Clearing game world
23:15:19.561 [JavaFX Application Thread] DEBUG PhysicsWorld         - Clearing physics world
23:15:19.562 [FXGL Background Thread 5 ] DEBUG FXGLApplication      - Initializing game
23:15:20.282 [FXGL Background Thread 5 ] INFO  FXGLApplication      - Game initialization took: 0.719 sec
23:15:20.287 [JavaFX Application Thread] DEBUG Input                - Clearing active input actions
23:15:20.292 [JavaFX Application Thread] DEBUG GameApplicationServi - Removing overlay from FXGLLoadingScene and adding to GameScene
23:15:20.292 [JavaFX Application Thread] DEBUG PrimaryStageWindow   - FXGLLoadingScene -> GameScene
23:16:31.968 [JavaFX Application Thread] WARN  GameWorld            - Attempted to remove entity which is not active
23:16:31.968 [JavaFX Application Thread] WARN  GameWorld            - Attempted to remove entity which is not active
23:16:31.969 [JavaFX Application Thread] WARN  GameWorld            - Attempted to remove entity which is not active
23:16:31.969 [JavaFX Application Thread] WARN  GameWorld            - Attempted to remove entity which is not active
23:16:31.969 [JavaFX Application Thread] WARN  GameWorld            - Attempted to remove entity which is not active
23:16:31.969 [JavaFX Application Thread] WARN  GameWorld            - Attempted to remove entity which is not active
23:16:31.969 [JavaFX Application Thread] WARN  GameWorld            - Attempted to remove entity which is not active
23:16:31.969 [JavaFX Application Thread] WARN  GameWorld            - Attempted to remove entity which is not active
23:16:31.969 [JavaFX Application Thread] WARN  GameWorld            - Attempted to remove entity which is not active
23:16:31.969 [JavaFX Application Thread] WARN  GameWorld            - Attempted to remove entity which is not active
23:16:31.969 [JavaFX Application Thread] WARN  GameWorld            - Attempted to remove entity which is not active
23:16:31.969 [JavaFX Application Thread] WARN  GameWorld            - Attempted to remove entity which is not active
23:16:31.969 [JavaFX Application Thread] WARN  GameWorld            - Attempted to remove entity which is not active
23:16:31.969 [JavaFX Application Thread] WARN  GameWorld            - Attempted to remove entity which is not active
23:16:31.969 [JavaFX Application Thread] WARN  GameWorld            - Attempted to remove entity which is not active
23:16:31.969 [JavaFX Application Thread] WARN  GameWorld            - Attempted to remove entity which is not active
23:16:31.969 [JavaFX Application Thread] WARN  GameWorld            - Attempted to remove entity which is not active
23:16:31.969 [JavaFX Application Thread] WARN  GameWorld            - Attempted to remove entity which is not active
23:16:31.969 [JavaFX Application Thread] WARN  GameWorld            - Attempted to remove entity which is not active
23:16:31.969 [JavaFX Application Thread] WARN  GameWorld            - Attempted to remove entity which is not active
23:16:31.969 [JavaFX Application Thread] WARN  GameWorld            - Attempted to remove entity which is not active
23:16:31.969 [JavaFX Application Thread] WARN  GameWorld            - Attempted to remove entity which is not active
23:16:31.969 [JavaFX Application Thread] WARN  GameWorld            - Attempted to remove entity which is not active
23:16:31.969 [JavaFX Application Thread] WARN  GameWorld            - Attempted to remove entity which is not active
23:16:31.969 [JavaFX Application Thread] WARN  GameWorld            - Attempted to remove entity which is not active
23:16:31.969 [JavaFX Application Thread] WARN  GameWorld            - Attempted to remove entity which is not active
23:16:31.970 [JavaFX Application Thread] WARN  GameWorld            - Attempted to remove entity which is not active
23:16:31.970 [JavaFX Application Thread] WARN  GameWorld            - Attempted to remove entity which is not active
23:16:31.970 [JavaFX Application Thread] WARN  GameWorld            - Attempted to remove entity which is not active
23:16:31.970 [JavaFX Application Thread] WARN  GameWorld            - Attempted to remove entity which is not active
23:16:31.970 [JavaFX Application Thread] WARN  GameWorld            - Attempted to remove entity which is not active
23:16:31.970 [JavaFX Application Thread] WARN  GameWorld            - Attempted to remove entity which is not active
23:16:31.970 [JavaFX Application Thread] WARN  GameWorld            - Attempted to remove entity which is not active
23:16:31.970 [JavaFX Application Thread] WARN  GameWorld            - Attempted to remove entity which is not active
23:16:31.970 [JavaFX Application Thread] WARN  GameWorld            - Attempted to remove entity which is not active
23:16:31.970 [JavaFX Application Thread] WARN  GameWorld            - Attempted to remove entity which is not active
23:16:31.970 [JavaFX Application Thread] WARN  GameWorld            - Attempted to remove entity which is not active
23:16:31.970 [JavaFX Application Thread] WARN  GameWorld            - Attempted to remove entity which is not active
23:16:31.970 [JavaFX Application Thread] WARN  GameWorld            - Attempted to remove entity which is not active
23:16:31.970 [JavaFX Application Thread] WARN  GameWorld            - Attempted to remove entity which is not active
23:16:31.971 [JavaFX Application Thread] WARN  GameWorld            - Attempted to remove entity which is not active
23:16:31.971 [JavaFX Application Thread] WARN  GameWorld            - Attempted to remove entity which is not active
23:16:31.971 [JavaFX Application Thread] WARN  GameWorld            - Attempted to remove entity which is not active
23:16:31.971 [JavaFX Application Thread] WARN  GameWorld            - Attempted to remove entity which is not active
23:16:31.971 [JavaFX Application Thread] WARN  GameWorld            - Attempted to remove entity which is not active
23:16:31.971 [JavaFX Application Thread] WARN  GameWorld            - Attempted to remove entity which is not active
23:16:31.971 [JavaFX Application Thread] WARN  GameWorld            - Attempted to remove entity which is not active
23:16:31.971 [JavaFX Application Thread] WARN  GameWorld            - Attempted to remove entity which is not active
23:16:31.971 [JavaFX Application Thread] WARN  GameWorld            - Attempted to remove entity which is not active
23:16:31.971 [JavaFX Application Thread] WARN  GameWorld            - Attempted to remove entity which is not active
23:16:31.971 [JavaFX Application Thread] WARN  GameWorld            - Attempted to remove entity which is not active
23:16:31.971 [JavaFX Application Thread] WARN  GameWorld            - Attempted to remove entity which is not active
23:16:31.971 [JavaFX Application Thread] WARN  GameWorld            - Attempted to remove entity which is not active
23:16:31.971 [JavaFX Application Thread] WARN  GameWorld            - Attempted to remove entity which is not active
23:16:31.971 [JavaFX Application Thread] WARN  GameWorld            - Attempted to remove entity which is not active
23:16:31.971 [JavaFX Application Thread] WARN  GameWorld            - Attempted to remove entity which is not active
23:16:31.971 [JavaFX Application Thread] WARN  GameWorld            - Attempted to remove entity which is not active
23:16:31.971 [JavaFX Application Thread] WARN  GameWorld            - Attempted to remove entity which is not active
23:16:31.971 [JavaFX Application Thread] WARN  GameWorld            - Attempted to remove entity which is not active
23:16:31.971 [JavaFX Application Thread] WARN  GameWorld            - Attempted to remove entity which is not active
23:16:31.971 [JavaFX Application Thread] WARN  GameWorld            - Attempted to remove entity which is not active
23:16:31.971 [JavaFX Application Thread] WARN  GameWorld            - Attempted to remove entity which is not active
23:16:31.971 [JavaFX Application Thread] WARN  GameWorld            - Attempted to remove entity which is not active
23:16:31.972 [JavaFX Application Thread] WARN  GameWorld            - Attempted to remove entity which is not active
23:16:31.972 [JavaFX Application Thread] WARN  GameWorld            - Attempted to remove entity which is not active
23:16:31.972 [JavaFX Application Thread] WARN  GameWorld            - Attempted to remove entity which is not active
23:16:31.972 [JavaFX Application Thread] WARN  GameWorld            - Attempted to remove entity which is not active
23:16:31.972 [JavaFX Application Thread] WARN  GameWorld            - Attempted to remove entity which is not active
23:16:31.972 [JavaFX Application Thread] WARN  GameWorld            - Attempted to remove entity which is not active
23:16:31.972 [JavaFX Application Thread] WARN  GameWorld            - Attempted to remove entity which is not active
23:16:31.972 [JavaFX Application Thread] WARN  GameWorld            - Attempted to remove entity which is not active
23:16:31.972 [JavaFX Application Thread] WARN  GameWorld            - Attempted to remove entity which is not active
23:16:31.972 [JavaFX Application Thread] WARN  GameWorld            - Attempted to remove entity which is not active
23:16:31.972 [JavaFX Application Thread] WARN  GameWorld            - Attempted to remove entity which is not active
23:16:31.972 [JavaFX Application Thread] WARN  GameWorld            - Attempted to remove entity which is not active
23:16:31.972 [JavaFX Application Thread] WARN  GameWorld            - Attempted to remove entity which is not active
23:16:31.972 [JavaFX Application Thread] WARN  GameWorld            - Attempted to remove entity which is not active
23:16:31.972 [JavaFX Application Thread] WARN  GameWorld            - Attempted to remove entity which is not active
23:16:31.972 [JavaFX Application Thread] WARN  GameWorld            - Attempted to remove entity which is not active
23:16:31.972 [JavaFX Application Thread] WARN  GameWorld            - Attempted to remove entity which is not active
23:16:31.973 [JavaFX Application Thread] WARN  GameWorld            - Attempted to remove entity which is not active
23:16:31.973 [JavaFX Application Thread] WARN  GameWorld            - Attempted to remove entity which is not active
23:16:31.973 [JavaFX Application Thread] WARN  GameWorld            - Attempted to remove entity which is not active
23:16:31.973 [JavaFX Application Thread] WARN  GameWorld            - Attempted to remove entity which is not active
23:16:31.973 [JavaFX Application Thread] WARN  GameWorld            - Attempted to remove entity which is not active
23:16:31.973 [JavaFX Application Thread] WARN  GameWorld            - Attempted to remove entity which is not active
23:16:31.973 [JavaFX Application Thread] WARN  GameWorld            - Attempted to remove entity which is not active
23:16:31.973 [JavaFX Application Thread] WARN  GameWorld            - Attempted to remove entity which is not active
23:16:31.973 [JavaFX Application Thread] WARN  GameWorld            - Attempted to remove entity which is not active
23:16:31.973 [JavaFX Application Thread] WARN  GameWorld            - Attempted to remove entity which is not active
23:16:31.973 [JavaFX Application Thread] WARN  GameWorld            - Attempted to remove entity which is not active
23:16:31.973 [JavaFX Application Thread] WARN  GameWorld            - Attempted to remove entity which is not active
23:16:31.973 [JavaFX Application Thread] WARN  GameWorld            - Attempted to remove entity which is not active
23:16:31.976 [JavaFX Application Thread] WARN  GameWorld            - Attempted to remove entity which is not active
23:16:31.979 [JavaFX Application Thread] DEBUG LoopRunner           - Stopping loop
23:16:31.981 [JavaFX Application Thread] FATAL FXGLApplication      - Uncaught Exception:
java.lang.IllegalArgumentException: Component PlayerComponent not found!
	at com.almasb.fxgl.entity.Entity.getComponent(Entity.java:369)
	at Bomberman.BombermanGame.lambda$movePlayerMP$12(BombermanGame.java:511)
	at java.base/java.util.ArrayList.forEach(ArrayList.java:1541)
	at Bomberman.BombermanGame.lambda$movePlayerMP$13(BombermanGame.java:510)
	at com.sun.javafx.application.PlatformImpl.lambda$runLater$10(PlatformImpl.java:447)
	at java.base/java.security.AccessController.doPrivileged(Native Method)
	at com.sun.javafx.application.PlatformImpl.lambda$runLater$11(PlatformImpl.java:446)
	at com.sun.glass.ui.InvokeLaterDispatcher$Future.run(InvokeLaterDispatcher.java:96)
	at com.sun.glass.ui.win.WinApplication._runLoop(Native Method)
	at com.sun.glass.ui.win.WinApplication.lambda$runLoop$3(WinApplication.java:174)
	at java.base/java.lang.Thread.run(Thread.java:834)

23:16:31.981 [JavaFX Application Thread] FATAL FXGLApplication      - Application will now exit
23:16:32.001 [JavaFX Application Thread] DEBUG PrimaryStageWindow   - Push state: ErrorSubScene
23:16:32.001 [JavaFX Application Thread] DEBUG Input                - Clearing active input actions
23:16:32.004 [JavaFX Application Thread] DEBUG GameApplicationServi - Removing overlay from GameScene and adding to ErrorSubScene
23:16:32.004 [JavaFX Application Thread] DEBUG PrimaryStageWindow   - GameScene -> ErrorSubScene
23:16:35.558 [JavaFX Application Thread] DEBUG FXGLApplication      - Exiting FXGL
23:16:35.558 [JavaFX Application Thread] DEBUG Async                - Shutting down background threads
23:16:35.558 [JavaFX Application Thread] DEBUG PrimaryStageWindow   - Closing main window
23:16:35.570 [JavaFX Application Thread] DEBUG Logger               - Closing Logger
