13:43:00.977 [main                     ] DEBUG Logger               - Configured Logger
13:43:00.990 [main                     ] DEBUG GameApplication      - Logging settings
Title: BOMBERMAN
Version: 1.0
Width: 1280
Height: 720
Fullscreen: false
Intro: false
Profiling: false
Single step:false
App Mode: DEVELOPER
Menu Key: ESCAPE
Stage Style: DECORATED
Scene Factory: class com.almasb.fxgl.app.scene.SceneFactory

13:43:01.350 [JavaFX Application Thread] DEBUG FXGLApplication      - Initializing FXGL
13:43:01.352 [JavaFX Application Thread] INFO  Engine               - FXGL-11.17 (16.07.2021 15.46) on WINDOWS (J:11.0.16.1 FX:16)
13:43:01.352 [JavaFX Application Thread] DEBUG Engine               - JRE Vendor Name: Oracle Corporation
13:43:01.352 [JavaFX Application Thread] DEBUG Engine               - Running on OS: Windows 11 version 10.0
13:43:01.352 [JavaFX Application Thread] DEBUG Engine               - Architecture: amd64
13:43:01.352 [JavaFX Application Thread] INFO  Engine               - Source code and latest versions at: https://github.com/AlmasB/FXGL
13:43:01.352 [JavaFX Application Thread] INFO  Engine               -              Join the FXGL chat at: https://gitter.im/AlmasB/FXGL
13:43:01.443 [JavaFX Application Thread] DEBUG PrimaryStageWindow   - Creating a JavaFX scene
13:43:01.489 [JavaFX Application Thread] DEBUG PrimaryStageWindow   - Target settings size: 1280.0 x 720.0
13:43:01.490 [JavaFX Application Thread] DEBUG PrimaryStageWindow   - Scaled scene size:    1280.0 x 720.0
13:43:01.490 [JavaFX Application Thread] DEBUG PrimaryStageWindow   - Scaled ratio: (1.0, 1.0)
13:43:01.490 [JavaFX Application Thread] DEBUG PrimaryStageWindow   - Set initial scene to FXGLStartupScene
13:43:01.496 [JavaFX Application Thread] DEBUG PrimaryStageWindow   - Opening main window
13:43:01.583 [JavaFX Application Thread] DEBUG PrimaryStageWindow   - Window border size: (13.0, 35.5)
13:43:01.583 [JavaFX Application Thread] DEBUG PrimaryStageWindow   - Scaled size: 1280.0 x 720.0
13:43:01.584 [JavaFX Application Thread] DEBUG PrimaryStageWindow   - Scaled ratio: (1.0, 1.0)
13:43:01.584 [JavaFX Application Thread] DEBUG PrimaryStageWindow   - Scene size: 1280.0 x 720.0
13:43:01.584 [JavaFX Application Thread] DEBUG PrimaryStageWindow   - Stage size: 1293.0 x 755.5
13:43:01.593 [FXGL Background Thread 1 ] DEBUG Engine               - Initializing environment variables
13:43:01.653 [FXGL Background Thread 1 ] DEBUG FXGLAssetLoaderServi - User app class for loading assets: class Bomberman.BombermanGame
13:43:01.653 [FXGL Background Thread 1 ] DEBUG GameApplicationServi - Applying CSS: fxgl_dark.css
13:43:01.654 [FXGL Background Thread 1 ] DEBUG FXGLAssetLoaderServi - Loading from file system: jar:file:/C:/Users/Admin/.m2/repository/com/github/almasb/fxgl/11.17/fxgl-11.17.jar!/fxglassets/ui/css/fxgl_dark.css
13:43:01.687 [FXGL Background Thread 1 ] DEBUG GameApplicationServi - Initializing application scenes
13:43:01.718 [FXGL Background Thread 1 ] DEBUG GameWorld            - Game world initialized
13:43:01.762 [FXGL Background Thread 1 ] DEBUG PhysicsWorld         - Physics world initialized: appHeight=720, physics.ppm=50.0
13:43:01.763 [FXGL Background Thread 1 ] DEBUG PhysicsWorld         - Using strategy: BRUTE_FORCE
13:43:01.765 [FXGL Background Thread 1 ] DEBUG GameScene            - Game scene initialized: 1280x720
13:43:01.780 [FXGL Background Thread 1 ] DEBUG FXGL.DefaultMenu     - createMenuBodyGameMenu()
13:43:01.802 [FXGL Background Thread 1 ] DEBUG FXGL.DefaultMenu     - createOptionsMenu()
13:43:01.816 [FXGL Background Thread 1 ] DEBUG FXGLAssetLoaderServi - Loading from file system: jar:file:/C:/Users/Admin/.m2/repository/com/github/almasb/fxgl/11.17/fxgl-11.17.jar!/fxglassets/textures/particles/smoke.png
13:43:01.919 [FXGL Background Thread 1 ] DEBUG FXGLAssetLoaderServi - Loading from file system: jar:file:/C:/Users/Admin/.m2/repository/com/github/almasb/fxgl/11.17/fxgl-11.17.jar!/fxglassets/textures/particles/trace_horizontal.png
13:43:01.942 [FXGL Background Thread 1 ] DEBUG GameApplicationServi - Application scenes initialized
13:43:01.961 [FXGL Background Thread 1 ] DEBUG SystemBundleService  - Loading default FXGL system data
13:43:01.962 [FXGL Background Thread 1 ] DEBUG UpdaterService       - Checking for updates
13:43:01.966 [FXGL Background Thread 4 ] DEBUG FXGLApplication      - Loading fonts
13:43:01.966 [FXGL Background Thread 4 ] DEBUG FXGLAssetLoaderServi - Loading from file system: jar:file:/C:/Users/Admin/.m2/repository/com/github/almasb/fxgl/11.17/fxgl-11.17.jar!/fxglassets/ui/fonts/VarelaRound-Regular.ttf
13:43:01.966 [FXGL Background Thread 1 ] DEBUG FXGLApplication      - Loading default localization
13:43:01.967 [FXGL Background Thread 1 ] DEBUG FXGLAssetLoaderServi - Loading from file system: jar:file:/C:/Users/Admin/.m2/repository/com/github/almasb/fxgl/11.17/fxgl-11.17.jar!/fxglassets/languages/english.lang
13:43:01.982 [FXGL Background Thread 1 ] INFO  FXGLApplication      - FXGL initialization took: 0.389 sec
13:43:01.993 [JavaFX Application Thread] DEBUG Input                - Registered new binding: Move Left - A
13:43:01.993 [JavaFX Application Thread] DEBUG Input                - Registered new binding: Move Right - D
13:43:01.994 [JavaFX Application Thread] DEBUG Input                - Registered new binding: Move Up - W
13:43:01.994 [JavaFX Application Thread] DEBUG Input                - Registered new binding: Move Down - S
13:43:01.994 [JavaFX Application Thread] DEBUG Input                - Registered new binding: Place Bomb - Space
13:43:01.995 [JavaFX Application Thread] DEBUG FXGLAssetLoaderServi - Loading from file system: jar:file:/C:/Users/Admin/.m2/repository/com/github/almasb/fxgl/11.17/fxgl-11.17.jar!/fxglassets/textures/fxgl_icon.png
13:43:02.016 [JavaFX Application Thread] DEBUG FXGLAssetLoaderServi - Loading from file system: jar:file:/C:/Users/Admin/.m2/repository/com/github/almasb/fxgl/11.17/fxgl-11.17.jar!/fxglassets/textures/fxgl_default_cursor.png
13:43:02.018 [JavaFX Application Thread] DEBUG Input                - Registered new binding: Screenshot - CTRL+8
13:43:02.019 [JavaFX Application Thread] DEBUG Input                - Registered new binding: System info dump - CTRL+9
13:43:02.020 [JavaFX Application Thread] DEBUG Input                - Registered new binding: Restart - CTRL+R
13:43:02.021 [JavaFX Application Thread] DEBUG Input                - Registered new binding: Toggle Debug Camera - CTRL+C
13:43:02.024 [JavaFX Application Thread] DEBUG LoopRunner           - Starting loop
13:43:02.024 [JavaFX Application Thread] DEBUG LoopRunner           - Initializing JavaFX AnimationTimerLoop
13:43:02.026 [JavaFX Application Thread] DEBUG GameApplicationServi - Starting new game
13:43:02.026 [JavaFX Application Thread] DEBUG Input                - Clearing active input actions
13:43:02.040 [JavaFX Application Thread] DEBUG GameApplicationServi - Removing overlay from FXGLStartupScene and adding to FXGLLoadingScene
13:43:02.041 [JavaFX Application Thread] DEBUG PrimaryStageWindow   - FXGLStartupScene -> FXGLLoadingScene
13:43:02.041 [JavaFX Application Thread] DEBUG GameApplicationServi - Clearing previous game
13:43:02.041 [JavaFX Application Thread] DEBUG GameScene            - Clearing game scene
13:43:02.041 [JavaFX Application Thread] DEBUG GameWorld            - Clearing game world
13:43:02.041 [JavaFX Application Thread] DEBUG PhysicsWorld         - Clearing physics world
13:43:02.042 [FXGL Background Thread 1 ] DEBUG FXGLApplication      - Initializing game
13:43:02.062 [FXGL Background Thread 1 ] DEBUG FXGLAssetLoaderServi - Loading from file system: file:/C:/Users/Admin/Desktop/Bomberman/target/classes/assets/textures/player_die.png
13:43:02.065 [FXGL Background Thread 1 ] DEBUG FXGLAssetLoaderServi - Loading from file system: file:/C:/Users/Admin/Desktop/Bomberman/target/classes/assets/textures/player_down.png
13:43:02.067 [FXGL Background Thread 1 ] DEBUG FXGLAssetLoaderServi - Loading from file system: file:/C:/Users/Admin/Desktop/Bomberman/target/classes/assets/textures/player_right.png
13:43:02.068 [FXGL Background Thread 1 ] DEBUG FXGLAssetLoaderServi - Loading from file system: file:/C:/Users/Admin/Desktop/Bomberman/target/classes/assets/textures/player_up.png
13:43:02.069 [FXGL Background Thread 1 ] DEBUG FXGLAssetLoaderServi - Loading from file system: file:/C:/Users/Admin/Desktop/Bomberman/target/classes/assets/textures/player_left.png
13:43:02.092 [FXGL Background Thread 1 ] INFO  FXGLApplication      - Game initialization took: 0.050 sec
13:43:02.130 [JavaFX Application Thread] DEBUG Input                - Clearing active input actions
13:43:02.139 [JavaFX Application Thread] DEBUG GameApplicationServi - Removing overlay from FXGLLoadingScene and adding to GameScene
13:43:02.139 [JavaFX Application Thread] DEBUG PrimaryStageWindow   - FXGLLoadingScene -> GameScene
13:43:02.194 [FXGL Background Thread 4 ] DEBUG FXGLAssetLoaderServi - Loading from file system: jar:file:/C:/Users/Admin/.m2/repository/com/github/almasb/fxgl/11.17/fxgl-11.17.jar!/fxglassets/ui/fonts/Abel-Regular.ttf
13:43:02.202 [FXGL Background Thread 4 ] DEBUG FXGLAssetLoaderServi - Loading from file system: jar:file:/C:/Users/Admin/.m2/repository/com/github/almasb/fxgl/11.17/fxgl-11.17.jar!/fxglassets/ui/fonts/lucida_console.ttf
13:43:02.213 [FXGL Background Thread 4 ] DEBUG FXGLAssetLoaderServi - Loading from file system: jar:file:/C:/Users/Admin/.m2/repository/com/github/almasb/fxgl/11.17/fxgl-11.17.jar!/fxglassets/ui/fonts/Courier-Prime.ttf
13:43:02.228 [JavaFX Application Thread] DEBUG FXGLApplication      - Registering font factories with UI factory
13:43:02.630 [FXGL Background Thread 2 ] INFO  UpdaterService       - Your current version:  11.17
13:43:02.630 [FXGL Background Thread 2 ] INFO  UpdaterService       - Latest stable version: 17.2
13:43:04.922 [JavaFX Application Thread] DEBUG FXGLApplication      - Exiting FXGL
13:43:04.922 [JavaFX Application Thread] DEBUG LoopRunner           - Stopping loop
13:43:04.922 [JavaFX Application Thread] DEBUG SystemBundleService  - Saving FXGL system data
13:43:04.924 [JavaFX Application Thread] DEBUG FileSystemAccess     - Writing to: C:\Users\Admin\Desktop\Bomberman\system\fxgl.bundle
13:43:04.929 [JavaFX Application Thread] DEBUG Async                - Shutting down background threads
13:43:04.929 [JavaFX Application Thread] DEBUG PrimaryStageWindow   - Closing main window
13:43:04.943 [JavaFX Application Thread] DEBUG Logger               - Closing Logger
