16:04:28.643 [main                     ] DEBUG Logger               - Configured Logger
16:04:28.668 [main                     ] DEBUG GameApplication      - Logging settings
Title: BOMBER
 MAN
Version: 1.0
Width: 1280
Height: 720
Fullscreen: true
Intro: false
Profiling: false
Single step:false
App Mode: DEVELOPER
Menu Key: ESCAPE
Stage Style: DECORATED
Scene Factory: class Bomberman.BombermanGame$1

16:04:29.419 [JavaFX Application Thread] DEBUG FXGLApplication      - Initializing FXGL
16:04:29.422 [JavaFX Application Thread] INFO  Engine               - FXGL-11.17 (16.07.2021 15.46) on WINDOWS (J:11.0.16.1 FX:16)
16:04:29.423 [JavaFX Application Thread] DEBUG Engine               - JRE Vendor Name: Oracle Corporation
16:04:29.423 [JavaFX Application Thread] DEBUG Engine               - Running on OS: Windows 11 version 10.0
16:04:29.423 [JavaFX Application Thread] DEBUG Engine               - Architecture: amd64
16:04:29.423 [JavaFX Application Thread] INFO  Engine               - Source code and latest versions at: https://github.com/AlmasB/FXGL
16:04:29.424 [JavaFX Application Thread] INFO  Engine               -              Join the FXGL chat at: https://gitter.im/AlmasB/FXGL
16:04:29.608 [JavaFX Application Thread] DEBUG PrimaryStageWindow   - Creating a JavaFX scene
16:04:29.682 [JavaFX Application Thread] DEBUG PrimaryStageWindow   - Target settings size: 1280.0 x 720.0
16:04:29.682 [JavaFX Application Thread] DEBUG PrimaryStageWindow   - Scaled scene size:    1280.0 x 720.0
16:04:29.682 [JavaFX Application Thread] DEBUG PrimaryStageWindow   - Scaled ratio: (1.0, 1.0)
16:04:29.683 [JavaFX Application Thread] DEBUG PrimaryStageWindow   - Set initial scene to FXGLStartupScene
16:04:29.695 [JavaFX Application Thread] DEBUG PrimaryStageWindow   - Opening main window
16:04:29.813 [JavaFX Application Thread] DEBUG PrimaryStageWindow   - Window border size: (13.0, 35.5)
16:04:29.813 [JavaFX Application Thread] DEBUG PrimaryStageWindow   - Scaled size: 1280.0 x 720.0
16:04:29.814 [JavaFX Application Thread] DEBUG PrimaryStageWindow   - Scaled ratio: (1.0, 1.0)
16:04:29.814 [JavaFX Application Thread] DEBUG PrimaryStageWindow   - Scene size: 1280.0 x 720.0
16:04:29.814 [JavaFX Application Thread] DEBUG PrimaryStageWindow   - Stage size: 1293.0 x 755.5
16:04:29.831 [FXGL Background Thread 1 ] DEBUG Engine               - Initializing environment variables
16:04:29.949 [FXGL Background Thread 1 ] DEBUG FXGLAssetLoaderServi - User app class for loading assets: class Bomberman.BombermanGame
16:04:29.950 [FXGL Background Thread 1 ] DEBUG GameApplicationServi - Applying CSS: fxgl_dark.css
16:04:29.951 [FXGL Background Thread 1 ] DEBUG FXGLAssetLoaderServi - Loading from file system: jar:file:/C:/Users/Admin/.m2/repository/com/github/almasb/fxgl/11.17/fxgl-11.17.jar!/fxglassets/ui/css/fxgl_dark.css
16:04:30.012 [FXGL Background Thread 1 ] DEBUG GameApplicationServi - Initializing application scenes
16:04:30.075 [FXGL Background Thread 1 ] DEBUG GameWorld            - Game world initialized
16:04:30.149 [FXGL Background Thread 1 ] DEBUG PhysicsWorld         - Physics world initialized: appHeight=720, physics.ppm=50.0
16:04:30.149 [FXGL Background Thread 1 ] DEBUG PhysicsWorld         - Using strategy: BRUTE_FORCE
16:04:30.152 [FXGL Background Thread 1 ] DEBUG GameScene            - Game scene initialized: 1280x720
16:04:30.281 [FXGL Background Thread 1 ] DEBUG GameApplicationServi - Application scenes initialized
16:04:30.296 [FXGL Background Thread 1 ] DEBUG SystemBundleService  - Loading FXGL system data
16:04:30.301 [FXGL Background Thread 1 ] DEBUG FileSystemAccess     - Reading from: C:\Users\Admin\Desktop\Bomberman\system\fxgl.bundle
16:04:30.310 [FXGL Background Thread 1 ] DEBUG SystemBundleService  - Bundle FXGL: {}
16:04:30.310 [FXGL Background Thread 1 ] DEBUG UpdaterService       - Checking for updates
16:04:30.316 [FXGL Background Thread 4 ] DEBUG FXGLApplication      - Loading fonts
16:04:30.316 [FXGL Background Thread 1 ] DEBUG FXGLApplication      - Loading default localization
16:04:30.316 [FXGL Background Thread 4 ] DEBUG FXGLAssetLoaderServi - Loading from file system: file:/C:/Users/Admin/Desktop/Bomberman/target/classes/assets/ui/fonts/game_font.ttf
16:04:30.316 [FXGL Background Thread 1 ] DEBUG FXGLAssetLoaderServi - Loading from file system: jar:file:/C:/Users/Admin/.m2/repository/com/github/almasb/fxgl/11.17/fxgl-11.17.jar!/fxglassets/languages/english.lang
16:04:30.333 [FXGL Background Thread 1 ] INFO  FXGLApplication      - FXGL initialization took: 0.503 sec
16:04:30.349 [JavaFX Application Thread] DEBUG Input                - Registered new binding: Move Left - A
16:04:30.350 [JavaFX Application Thread] DEBUG Input                - Registered new binding: Move Right - D
16:04:30.350 [JavaFX Application Thread] DEBUG Input                - Registered new binding: Move Up - W
16:04:30.350 [JavaFX Application Thread] DEBUG Input                - Registered new binding: Move Down - S
16:04:30.350 [JavaFX Application Thread] DEBUG Input                - Registered new binding: Place Bomb - Space
16:04:30.350 [JavaFX Application Thread] DEBUG Input                - Registered new binding: Switch to classic bomb - 1
16:04:30.351 [JavaFX Application Thread] DEBUG Input                - Registered new binding: Switch to lazer bomb - 2
16:04:30.351 [JavaFX Application Thread] DEBUG Input                - Registered new binding: Switch to light bomb - 3
16:04:30.351 [JavaFX Application Thread] DEBUG Input                - Registered new binding: Next level - P
16:04:30.352 [JavaFX Application Thread] DEBUG Input                - Registered new binding: Developer Mode - O
16:04:30.353 [JavaFX Application Thread] DEBUG FXGLAssetLoaderServi - Loading from file system: file:/C:/Users/Admin/Desktop/Bomberman/target/classes/assets/music/stage_theme.mp3
16:04:30.546 [JavaFX Application Thread] DEBUG AudioPlayer          - Playing music com.almasb.fxgl.audio.Music@51fa711d
16:04:30.547 [JavaFX Application Thread] DEBUG FXGLAssetLoaderServi - Loading from file system: jar:file:/C:/Users/Admin/.m2/repository/com/github/almasb/fxgl/11.17/fxgl-11.17.jar!/fxglassets/textures/fxgl_icon.png
16:04:30.574 [JavaFX Application Thread] DEBUG FXGLAssetLoaderServi - Loading from file system: jar:file:/C:/Users/Admin/.m2/repository/com/github/almasb/fxgl/11.17/fxgl-11.17.jar!/fxglassets/textures/fxgl_default_cursor.png
16:04:30.577 [JavaFX Application Thread] DEBUG Input                - Registered new binding: Screenshot - CTRL+8
16:04:30.578 [JavaFX Application Thread] DEBUG Input                - Registered new binding: System info dump - CTRL+9
16:04:30.579 [JavaFX Application Thread] DEBUG Input                - Registered new binding: Restart - CTRL+R
16:04:30.579 [JavaFX Application Thread] DEBUG Input                - Registered new binding: Toggle Debug Camera - CTRL+C
16:04:30.582 [JavaFX Application Thread] DEBUG LoopRunner           - Starting loop
16:04:30.583 [JavaFX Application Thread] DEBUG LoopRunner           - Initializing JavaFX AnimationTimerLoop
16:04:30.586 [JavaFX Application Thread] DEBUG Input                - Clearing active input actions
16:04:30.601 [JavaFX Application Thread] DEBUG GameApplicationServi - Removing overlay from FXGLStartupScene and adding to FXGLMainMenuDummyScene
16:04:30.602 [JavaFX Application Thread] DEBUG PrimaryStageWindow   - FXGLStartupScene -> FXGLMainMenuDummyScene
16:04:30.602 [JavaFX Application Thread] DEBUG PrimaryStageWindow   - Push state: MainMenu
16:04:30.605 [JavaFX Application Thread] DEBUG Input                - Clearing active input actions
16:04:30.615 [JavaFX Application Thread] DEBUG GameApplicationServi - Removing overlay from FXGLMainMenuDummyScene and adding to MainMenu
16:04:30.616 [JavaFX Application Thread] DEBUG PrimaryStageWindow   - FXGLMainMenuDummyScene -> MainMenu
16:04:30.661 [FXGL Background Thread 4 ] DEBUG FXGLAssetLoaderServi - Loading from file system: jar:file:/C:/Users/Admin/.m2/repository/com/github/almasb/fxgl/11.17/fxgl-11.17.jar!/fxglassets/ui/fonts/Abel-Regular.ttf
16:04:30.670 [FXGL Background Thread 4 ] DEBUG FXGLAssetLoaderServi - Loading from file system: jar:file:/C:/Users/Admin/.m2/repository/com/github/almasb/fxgl/11.17/fxgl-11.17.jar!/fxglassets/ui/fonts/lucida_console.ttf
16:04:30.684 [FXGL Background Thread 4 ] DEBUG FXGLAssetLoaderServi - Loading from file system: jar:file:/C:/Users/Admin/.m2/repository/com/github/almasb/fxgl/11.17/fxgl-11.17.jar!/fxglassets/ui/fonts/Courier-Prime.ttf
16:04:30.706 [JavaFX Application Thread] DEBUG FXGLApplication      - Registering font factories with UI factory
16:04:31.186 [FXGL Background Thread 2 ] INFO  UpdaterService       - Your current version:  11.17
16:04:31.187 [FXGL Background Thread 2 ] INFO  UpdaterService       - Latest stable version: 17.2
16:04:33.315 [FXGL Background Thread 3 ] DEBUG Engine               - Logging environment variables
16:04:33.315 [FXGL Background Thread 3 ] DEBUG Engine               - achievements: []
16:04:33.315 [FXGL Background Thread 3 ] DEBUG Engine               - actualHeight: 720.0
16:04:33.316 [FXGL Background Thread 3 ] DEBUG Engine               - actualHeightProperty: ReadOnlyDoubleProperty [value: 720.0]
16:04:33.316 [FXGL Background Thread 3 ] DEBUG Engine               - actualWidth: 1280.0
16:04:33.316 [FXGL Background Thread 3 ] DEBUG Engine               - actualWidthProperty: ReadOnlyDoubleProperty [value: 1280.0]
16:04:33.316 [FXGL Background Thread 3 ] DEBUG Engine               - appIcon: fxgl_icon.png
16:04:33.316 [FXGL Background Thread 3 ] DEBUG Engine               - applicationMode: DEVELOPER
16:04:33.316 [FXGL Background Thread 3 ] DEBUG Engine               - cSSList: [fxgl_dark.css]
16:04:33.316 [FXGL Background Thread 3 ] DEBUG Engine               - collisionDetectionStrategy: BRUTE_FORCE
16:04:33.316 [FXGL Background Thread 3 ] DEBUG Engine               - configClass: Optional.empty
16:04:33.316 [FXGL Background Thread 3 ] DEBUG Engine               - credits: []
16:04:33.316 [FXGL Background Thread 3 ] DEBUG Engine               - defaultCursor: CursorInfo(imageName=fxgl_default_cursor.png, hotspotX=7.0, hotspotY=6.0)
16:04:33.317 [FXGL Background Thread 3 ] DEBUG Engine               - devBBoxColorProperty: ObjectProperty [value: 0xff0000ff]
16:04:33.317 [FXGL Background Thread 3 ] DEBUG Engine               - devEnableDebugCameraProperty: BooleanProperty [value: false]
16:04:33.317 [FXGL Background Thread 3 ] DEBUG Engine               - devSensorColorProperty: ObjectProperty [value: 0xffff00ff]
16:04:33.317 [FXGL Background Thread 3 ] DEBUG Engine               - devShowBBoxProperty: BooleanProperty [value: false]
16:04:33.317 [FXGL Background Thread 3 ] DEBUG Engine               - devShowPositionProperty: BooleanProperty [value: false]
16:04:33.317 [FXGL Background Thread 3 ] DEBUG Engine               - enabledMenuItems: []
16:04:33.317 [FXGL Background Thread 3 ] DEBUG Engine               - engineServices: [class com.almasb.fxgl.app.services.FXGLAssetLoaderService, class com.almasb.fxgl.app.FXGLApplication$GameApplicationService, class com.almasb.fxgl.app.services.FXGLDialogService, class com.almasb.fxgl.app.services.IOTaskExecutorService, class com.almasb.fxgl.io.FileSystemService, class com.almasb.fxgl.localization.LocalizationService, class com.almasb.fxgl.app.services.SystemBundleService, class com.almasb.fxgl.profile.SaveLoadService, class com.almasb.fxgl.ui.FXGLUIFactoryServiceProvider, class com.almasb.fxgl.ui.FXGLDialogFactoryServiceProvider, class com.almasb.fxgl.audio.AudioPlayer, class com.almasb.fxgl.notification.impl.NotificationServiceProvider, class com.almasb.fxgl.achievement.AchievementService, class com.almasb.fxgl.cutscene.CutsceneService, class com.almasb.fxgl.minigames.MiniGameService, class com.almasb.fxgl.net.NetService, class com.almasb.fxgl.app.services.UpdaterService, class com.almasb.fxgl.dev.DevService]
16:04:33.317 [FXGL Background Thread 3 ] DEBUG Engine               - fontGame: Abel-Regular.ttf
16:04:33.318 [FXGL Background Thread 3 ] DEBUG Engine               - fontMono: lucida_console.ttf
16:04:33.318 [FXGL Background Thread 3 ] DEBUG Engine               - fontText: Courier-Prime.ttf
16:04:33.318 [FXGL Background Thread 3 ] DEBUG Engine               - fontUI: game_font.ttf
16:04:33.318 [FXGL Background Thread 3 ] DEBUG Engine               - fullScreen: BooleanProperty [value: false]
16:04:33.318 [FXGL Background Thread 3 ] DEBUG Engine               - gameDifficulty: MEDIUM
16:04:33.318 [FXGL Background Thread 3 ] DEBUG Engine               - gameDifficultyProperty: ObjectProperty [value: MEDIUM]
16:04:33.318 [FXGL Background Thread 3 ] DEBUG Engine               - globalMusicVolume: 0.5
16:04:33.318 [FXGL Background Thread 3 ] DEBUG Engine               - globalMusicVolumeProperty: DoubleProperty [value: 0.5]
16:04:33.318 [FXGL Background Thread 3 ] DEBUG Engine               - globalSoundVolume: 0.5
16:04:33.318 [FXGL Background Thread 3 ] DEBUG Engine               - globalSoundVolumeProperty: DoubleProperty [value: 0.5]
16:04:33.318 [FXGL Background Thread 3 ] DEBUG Engine               - height: 720
16:04:33.318 [FXGL Background Thread 3 ] DEBUG Engine               - is3D: false
16:04:33.318 [FXGL Background Thread 3 ] DEBUG Engine               - isAndroid: false
16:04:33.318 [FXGL Background Thread 3 ] DEBUG Engine               - isBrowser: false
16:04:33.318 [FXGL Background Thread 3 ] DEBUG Engine               - isClickFeedbackEnabled: false
16:04:33.318 [FXGL Background Thread 3 ] DEBUG Engine               - isCloseConfirmation: false
16:04:33.318 [FXGL Background Thread 3 ] DEBUG Engine               - isDesktop: true
16:04:33.318 [FXGL Background Thread 3 ] DEBUG Engine               - isDeveloperMenuEnabled: false
16:04:33.319 [FXGL Background Thread 3 ] DEBUG Engine               - isEntityPreloadEnabled: true
16:04:33.319 [FXGL Background Thread 3 ] DEBUG Engine               - isExperimentalTiledLargeMap: false
16:04:33.319 [FXGL Background Thread 3 ] DEBUG Engine               - isFileSystemWriteAllowed: true
16:04:33.319 [FXGL Background Thread 3 ] DEBUG Engine               - isFullScreenAllowed: true
16:04:33.319 [FXGL Background Thread 3 ] DEBUG Engine               - isFullScreenFromStart: false
16:04:33.319 [FXGL Background Thread 3 ] DEBUG Engine               - isGameMenuEnabled: true
16:04:33.319 [FXGL Background Thread 3 ] DEBUG Engine               - isIOS: false
16:04:33.319 [FXGL Background Thread 3 ] DEBUG Engine               - isIntroEnabled: false
16:04:33.319 [FXGL Background Thread 3 ] DEBUG Engine               - isLinux: false
16:04:33.319 [FXGL Background Thread 3 ] DEBUG Engine               - isMac: false
16:04:33.319 [FXGL Background Thread 3 ] DEBUG Engine               - isMainMenuEnabled: true
16:04:33.319 [FXGL Background Thread 3 ] DEBUG Engine               - isManualResizeEnabled: false
16:04:33.319 [FXGL Background Thread 3 ] DEBUG Engine               - isMobile: false
16:04:33.319 [FXGL Background Thread 3 ] DEBUG Engine               - isNative: false
16:04:33.319 [FXGL Background Thread 3 ] DEBUG Engine               - isPauseMusicWhenMinimized: true
16:04:33.320 [FXGL Background Thread 3 ] DEBUG Engine               - isPreserveResizeRatio: false
16:04:33.320 [FXGL Background Thread 3 ] DEBUG Engine               - isProfilingEnabled: false
16:04:33.320 [FXGL Background Thread 3 ] DEBUG Engine               - isScaleAffectedOnResize: true
16:04:33.320 [FXGL Background Thread 3 ] DEBUG Engine               - isSingleStep: false
16:04:33.320 [FXGL Background Thread 3 ] DEBUG Engine               - isUserProfileEnabled: false
16:04:33.320 [FXGL Background Thread 3 ] DEBUG Engine               - isWindows: true
16:04:33.320 [FXGL Background Thread 3 ] DEBUG Engine               - language: ObjectProperty [value: ENGLISH]
16:04:33.320 [FXGL Background Thread 3 ] DEBUG Engine               - menuKey: ESCAPE
16:04:33.320 [FXGL Background Thread 3 ] DEBUG Engine               - mouseSensitivity: 0.2
16:04:33.320 [FXGL Background Thread 3 ] DEBUG Engine               - notificationViewClass: class com.almasb.fxgl.notification.view.XboxNotificationView
16:04:33.320 [FXGL Background Thread 3 ] DEBUG Engine               - pixelsPerMeter: 50.0
16:04:33.320 [FXGL Background Thread 3 ] DEBUG Engine               - platform: WINDOWS
16:04:33.320 [FXGL Background Thread 3 ] DEBUG Engine               - prefHeightProperty: ReadOnlyDoubleProperty [value: 720.0]
16:04:33.320 [FXGL Background Thread 3 ] DEBUG Engine               - prefWidthProperty: ReadOnlyDoubleProperty [value: 1280.0]
16:04:33.320 [FXGL Background Thread 3 ] DEBUG Engine               - profileDir: profiles/
16:04:33.320 [FXGL Background Thread 3 ] DEBUG Engine               - profileName: StringProperty [value: DEFAULT]
16:04:33.320 [FXGL Background Thread 3 ] DEBUG Engine               - randomSeed: -1
16:04:33.320 [FXGL Background Thread 3 ] DEBUG Engine               - runtimeInfo: RuntimeInfo(platform=WINDOWS, version=11.17, build=16.07.2021 15.46)
16:04:33.320 [FXGL Background Thread 3 ] DEBUG Engine               - saveFileExt: sav
16:04:33.321 [FXGL Background Thread 3 ] DEBUG Engine               - scaledHeightProp$fxgl: DoubleProperty [bound, value: 720.0]
16:04:33.321 [FXGL Background Thread 3 ] DEBUG Engine               - scaledWidthProp$fxgl: DoubleProperty [bound, value: 1280.0]
16:04:33.321 [FXGL Background Thread 3 ] DEBUG Engine               - sceneFactory: Bomberman.BombermanGame$1@4c273063
16:04:33.321 [FXGL Background Thread 3 ] DEBUG Engine               - secondsIn24h: 60
16:04:33.321 [FXGL Background Thread 3 ] DEBUG Engine               - soundMenuBack: menu/back.wav
16:04:33.321 [FXGL Background Thread 3 ] DEBUG Engine               - soundMenuPress: menu/press.wav
16:04:33.321 [FXGL Background Thread 3 ] DEBUG Engine               - soundMenuSelect: menu/select.wav
16:04:33.321 [FXGL Background Thread 3 ] DEBUG Engine               - soundNotification: core/notification.wav
16:04:33.321 [FXGL Background Thread 3 ] DEBUG Engine               - stageStyle: DECORATED
16:04:33.321 [FXGL Background Thread 3 ] DEBUG Engine               - supportedLanguages: [ENGLISH, FRENCH, GERMAN, HUNGARIAN, RUSSIAN]
16:04:33.321 [FXGL Background Thread 3 ] DEBUG Engine               - ticksPerSecond: -1
16:04:33.321 [FXGL Background Thread 3 ] DEBUG Engine               - title: BOMBER
 MAN
16:04:33.321 [FXGL Background Thread 3 ] DEBUG Engine               - urlGithub: https://github.com/AlmasB/FXGL
16:04:33.321 [FXGL Background Thread 3 ] DEBUG Engine               - urlLeaderboard: http://fxgl-top.herokuapp.com/
16:04:33.321 [FXGL Background Thread 3 ] DEBUG Engine               - urlPOM: https://raw.githubusercontent.com/AlmasB/FXGL/release/README.md
16:04:33.321 [FXGL Background Thread 3 ] DEBUG Engine               - userAppClass: class Bomberman.BombermanGame
16:04:33.321 [FXGL Background Thread 3 ] DEBUG Engine               - version: 1.0
16:04:33.321 [FXGL Background Thread 3 ] DEBUG Engine               - versionCheckDays: 7
16:04:33.321 [FXGL Background Thread 3 ] DEBUG Engine               - width: 1280
16:04:33.321 [FXGL Background Thread 3 ] DEBUG Engine               - Logging services
16:04:33.321 [FXGL Background Thread 3 ] DEBUG Engine               - class com.almasb.fxgl.app.services.FXGLAssetLoaderService
16:04:33.321 [FXGL Background Thread 3 ] DEBUG Engine               - class com.almasb.fxgl.app.FXGLApplication$GameApplicationService
16:04:33.321 [FXGL Background Thread 3 ] DEBUG Engine               - class com.almasb.fxgl.app.services.FXGLDialogService
16:04:33.321 [FXGL Background Thread 3 ] DEBUG Engine               - class com.almasb.fxgl.app.services.IOTaskExecutorService
16:04:33.321 [FXGL Background Thread 3 ] DEBUG Engine               - class com.almasb.fxgl.io.FileSystemService
16:04:33.321 [FXGL Background Thread 3 ] DEBUG Engine               - class com.almasb.fxgl.localization.LocalizationService
16:04:33.321 [FXGL Background Thread 3 ] DEBUG Engine               - class com.almasb.fxgl.app.services.SystemBundleService
16:04:33.321 [FXGL Background Thread 3 ] DEBUG Engine               - class com.almasb.fxgl.profile.SaveLoadService
16:04:33.321 [FXGL Background Thread 3 ] DEBUG Engine               - class com.almasb.fxgl.ui.FXGLUIFactoryServiceProvider
16:04:33.321 [FXGL Background Thread 3 ] DEBUG Engine               - class com.almasb.fxgl.ui.FXGLDialogFactoryServiceProvider
16:04:33.322 [FXGL Background Thread 3 ] DEBUG Engine               - class com.almasb.fxgl.audio.AudioPlayer
16:04:33.322 [FXGL Background Thread 3 ] DEBUG Engine               - class com.almasb.fxgl.notification.impl.NotificationServiceProvider
16:04:33.322 [FXGL Background Thread 3 ] DEBUG Engine               - class com.almasb.fxgl.achievement.AchievementService
16:04:33.322 [FXGL Background Thread 3 ] DEBUG Engine               - class com.almasb.fxgl.cutscene.CutsceneService
16:04:33.322 [FXGL Background Thread 3 ] DEBUG Engine               - class com.almasb.fxgl.minigames.MiniGameService
16:04:33.322 [FXGL Background Thread 3 ] DEBUG Engine               - class com.almasb.fxgl.net.NetService
16:04:33.322 [FXGL Background Thread 3 ] DEBUG Engine               - class com.almasb.fxgl.app.services.UpdaterService
16:04:33.322 [FXGL Background Thread 3 ] DEBUG Engine               - class com.almasb.fxgl.dev.DevService
16:04:40.933 [JavaFX Application Thread] DEBUG Menu                 - fireNewGame()
16:04:40.934 [JavaFX Application Thread] DEBUG GameApplicationServi - Starting new game
16:04:40.934 [JavaFX Application Thread] DEBUG PrimaryStageWindow   - Pop state: MainMenu
16:04:40.934 [JavaFX Application Thread] DEBUG Input                - Clearing active input actions
16:04:40.935 [JavaFX Application Thread] DEBUG GameApplicationServi - Removing overlay from MainMenu and adding to FXGLMainMenuDummyScene
16:04:40.935 [JavaFX Application Thread] DEBUG PrimaryStageWindow   - FXGLMainMenuDummyScene <- MainMenu
16:04:40.935 [JavaFX Application Thread] DEBUG Input                - Clearing active input actions
16:04:40.946 [JavaFX Application Thread] DEBUG GameApplicationServi - Removing overlay from FXGLMainMenuDummyScene and adding to FXGLLoadingScene
16:04:40.947 [JavaFX Application Thread] DEBUG PrimaryStageWindow   - FXGLMainMenuDummyScene -> FXGLLoadingScene
16:04:40.947 [JavaFX Application Thread] DEBUG GameApplicationServi - Clearing previous game
16:04:40.947 [JavaFX Application Thread] DEBUG GameScene            - Clearing game scene
16:04:40.947 [JavaFX Application Thread] DEBUG GameWorld            - Clearing game world
16:04:40.947 [JavaFX Application Thread] DEBUG PhysicsWorld         - Clearing physics world
16:04:40.949 [FXGL Background Thread 2 ] DEBUG FXGLApplication      - Initializing game
16:04:40.955 [JavaFX Application Thread] DEBUG AudioPlayer          - Pausing music com.almasb.fxgl.audio.Music@51fa711d
16:04:40.955 [JavaFX Application Thread] DEBUG LoopRunner           - Pausing loop
16:04:41.668 [FXGL Background Thread 2 ] DEBUG FXGLAssetLoaderServi - Loading from file system: file:/C:/Users/Admin/Desktop/Bomberman/target/classes/assets/textures/player_die.png
16:04:41.671 [FXGL Background Thread 2 ] DEBUG FXGLAssetLoaderServi - Loading from file system: file:/C:/Users/Admin/Desktop/Bomberman/target/classes/assets/textures/player_down.png
16:04:41.672 [FXGL Background Thread 2 ] DEBUG FXGLAssetLoaderServi - Loading from file system: file:/C:/Users/Admin/Desktop/Bomberman/target/classes/assets/textures/player_right.png
16:04:41.673 [FXGL Background Thread 2 ] DEBUG FXGLAssetLoaderServi - Loading from file system: file:/C:/Users/Admin/Desktop/Bomberman/target/classes/assets/textures/player_up.png
16:04:41.674 [FXGL Background Thread 2 ] DEBUG FXGLAssetLoaderServi - Loading from file system: file:/C:/Users/Admin/Desktop/Bomberman/target/classes/assets/textures/player_left.png
16:04:41.699 [FXGL Background Thread 2 ] DEBUG FXGLAssetLoaderServi - Loading from file system: file:/C:/Users/Admin/Desktop/Bomberman/target/classes/assets/textures/brick.png
16:04:41.701 [FXGL Background Thread 2 ] DEBUG FXGLAssetLoaderServi - Loading from file system: file:/C:/Users/Admin/Desktop/Bomberman/target/classes/assets/textures/brick_break.png
16:04:41.775 [FXGL Background Thread 2 ] DEBUG FXGLAssetLoaderServi - Loading from file system: file:/C:/Users/Admin/Desktop/Bomberman/target/classes/assets/textures/wall.png
16:04:41.896 [FXGL Background Thread 2 ] DEBUG FXGLAssetLoaderServi - Loading from file system: file:/C:/Users/Admin/Desktop/Bomberman/target/classes/assets/textures/powerup_bombs.png
16:04:41.954 [FXGL Background Thread 2 ] DEBUG FXGLAssetLoaderServi - Loading from file system: file:/C:/Users/Admin/Desktop/Bomberman/target/classes/assets/textures/powerup_flames.png
16:04:42.019 [FXGL Background Thread 2 ] DEBUG FXGLAssetLoaderServi - Loading from file system: file:/C:/Users/Admin/Desktop/Bomberman/target/classes/assets/textures/powerup_speed.png
16:04:42.125 [FXGL Background Thread 2 ] INFO  FXGLApplication      - Game initialization took: 1.176 sec
16:04:42.126 [JavaFX Application Thread] DEBUG Input                - Clearing active input actions
16:04:42.154 [JavaFX Application Thread] DEBUG GameApplicationServi - Removing overlay from FXGLLoadingScene and adding to GameScene
16:04:42.154 [JavaFX Application Thread] DEBUG PrimaryStageWindow   - FXGLLoadingScene -> GameScene
16:04:43.758 [JavaFX Application Thread] DEBUG LoopRunner           - Resuming loop
16:04:43.759 [JavaFX Application Thread] DEBUG AudioPlayer          - Resuming music com.almasb.fxgl.audio.Music@51fa711d
16:04:45.255 [JavaFX Application Thread] DEBUG FXGLAssetLoaderServi - Loading from file system: file:/C:/Users/Admin/Desktop/Bomberman/target/classes/assets/sounds/place_bomb.wav
16:04:45.279 [JavaFX Application Thread] DEBUG FXGLAssetLoaderServi - Loading from file system: file:/C:/Users/Admin/Desktop/Bomberman/target/classes/assets/textures/bomb.png
16:04:47.001 [JavaFX Application Thread] DEBUG FXGLAssetLoaderServi - Loading from file system: file:/C:/Users/Admin/Desktop/Bomberman/target/classes/assets/sounds/explosion.wav
16:04:47.005 [JavaFX Application Thread] DEBUG FXGLAssetLoaderServi - Loading from file system: file:/C:/Users/Admin/Desktop/Bomberman/target/classes/assets/textures/central_flame.png
16:04:47.007 [JavaFX Application Thread] DEBUG FXGLAssetLoaderServi - Loading from file system: file:/C:/Users/Admin/Desktop/Bomberman/target/classes/assets/textures/top_up_flame.png
16:04:47.008 [JavaFX Application Thread] DEBUG FXGLAssetLoaderServi - Loading from file system: file:/C:/Users/Admin/Desktop/Bomberman/target/classes/assets/textures/top_down_flame.png
16:04:47.009 [JavaFX Application Thread] DEBUG FXGLAssetLoaderServi - Loading from file system: file:/C:/Users/Admin/Desktop/Bomberman/target/classes/assets/textures/top_right_flame.png
16:04:47.010 [JavaFX Application Thread] DEBUG FXGLAssetLoaderServi - Loading from file system: file:/C:/Users/Admin/Desktop/Bomberman/target/classes/assets/textures/top_left_flame.png
16:05:09.002 [JavaFX Application Thread] DEBUG FXGLAssetLoaderServi - Loading from file system: file:/C:/Users/Admin/Desktop/Bomberman/target/classes/assets/sounds/powerup.wav
16:05:17.630 [JavaFX Application Thread] DEBUG FXGLAssetLoaderServi - Loading from file system: file:/C:/Users/Admin/Desktop/Bomberman/target/classes/assets/textures/right_flame.png
16:05:17.631 [JavaFX Application Thread] DEBUG FXGLAssetLoaderServi - Loading from file system: file:/C:/Users/Admin/Desktop/Bomberman/target/classes/assets/textures/left_flame.png
16:05:17.633 [JavaFX Application Thread] DEBUG FXGLAssetLoaderServi - Loading from file system: file:/C:/Users/Admin/Desktop/Bomberman/target/classes/assets/textures/down_flame.png
16:05:17.634 [JavaFX Application Thread] DEBUG FXGLAssetLoaderServi - Loading from file system: file:/C:/Users/Admin/Desktop/Bomberman/target/classes/assets/textures/up_flame.png
16:05:17.897 [JavaFX Application Thread] WARN  GameWorld            - Attempted to remove entity which is not active
16:05:40.025 [JavaFX Application Thread] WARN  GameWorld            - Attempted to remove entity which is not active
16:05:40.025 [JavaFX Application Thread] WARN  GameWorld            - Attempted to remove entity which is not active
16:05:40.025 [JavaFX Application Thread] WARN  GameWorld            - Attempted to remove entity which is not active
16:05:40.025 [JavaFX Application Thread] WARN  GameWorld            - Attempted to remove entity which is not active
16:06:02.772 [JavaFX Application Thread] DEBUG PrimaryStageWindow   - Push state: GameMenu
16:06:02.772 [JavaFX Application Thread] DEBUG Input                - Clearing active input actions
16:06:02.772 [JavaFX Application Thread] DEBUG GameApplicationServi - Removing overlay from GameScene and adding to GameMenu
16:06:02.772 [JavaFX Application Thread] DEBUG PrimaryStageWindow   - GameScene -> GameMenu
16:06:04.670 [JavaFX Application Thread] DEBUG Menu                 - fireExit()
16:06:04.675 [JavaFX Application Thread] DEBUG PrimaryStageWindow   - Push state: DialogSubScene
16:06:04.675 [JavaFX Application Thread] DEBUG Input                - Clearing active input actions
16:06:04.676 [JavaFX Application Thread] DEBUG GameApplicationServi - Removing overlay from GameMenu and adding to DialogSubScene
16:06:04.676 [JavaFX Application Thread] DEBUG PrimaryStageWindow   - GameMenu -> DialogSubScene
16:06:05.430 [JavaFX Application Thread] DEBUG PrimaryStageWindow   - Pop state: DialogSubScene
16:06:05.430 [JavaFX Application Thread] DEBUG Input                - Clearing active input actions
16:06:05.431 [JavaFX Application Thread] DEBUG GameApplicationServi - Removing overlay from DialogSubScene and adding to GameMenu
16:06:05.431 [JavaFX Application Thread] DEBUG PrimaryStageWindow   - GameMenu <- DialogSubScene
16:06:05.431 [JavaFX Application Thread] DEBUG FXGLApplication      - Exiting FXGL
16:06:05.431 [JavaFX Application Thread] DEBUG LoopRunner           - Stopping loop
16:06:05.431 [JavaFX Application Thread] DEBUG SystemBundleService  - Saving FXGL system data
16:06:05.433 [JavaFX Application Thread] DEBUG FileSystemAccess     - Writing to: C:\Users\Admin\Desktop\Bomberman\system\fxgl.bundle
16:06:05.434 [JavaFX Application Thread] DEBUG Async                - Shutting down background threads
16:06:05.434 [JavaFX Application Thread] DEBUG PrimaryStageWindow   - Closing main window
16:06:05.453 [JavaFX Application Thread] DEBUG Logger               - Closing Logger
