09:49:57.986 [main                     ] DEBUG Logger               - Configured Logger
09:49:58.021 [main                     ] DEBUG GameApplication      - Logging settings
Title: BOMBER
 MAN
Version: 1.0
Width: 1280
Height: 720
Fullscreen: true
Intro: false
Profiling: false
Single step:false
App Mode: DEVELOPER
Menu Key: ESCAPE
Stage Style: DECORATED
Scene Factory: class Bomberman.BombermanGame$1

09:49:58.770 [JavaFX Application Thread] DEBUG FXGLApplication      - Initializing FXGL
09:49:58.775 [JavaFX Application Thread] INFO  Engine               - FXGL-11.17 (16.07.2021 15.46) on WINDOWS (J:11.0.16.1 FX:16)
09:49:58.775 [JavaFX Application Thread] DEBUG Engine               - JRE Vendor Name: Oracle Corporation
09:49:58.775 [JavaFX Application Thread] DEBUG Engine               - Running on OS: Windows 11 version 10.0
09:49:58.776 [JavaFX Application Thread] DEBUG Engine               - Architecture: amd64
09:49:58.776 [JavaFX Application Thread] INFO  Engine               - Source code and latest versions at: https://github.com/AlmasB/FXGL
09:49:58.776 [JavaFX Application Thread] INFO  Engine               -              Join the FXGL chat at: https://gitter.im/AlmasB/FXGL
09:49:58.990 [JavaFX Application Thread] DEBUG PrimaryStageWindow   - Creating a JavaFX scene
09:49:59.092 [JavaFX Application Thread] DEBUG PrimaryStageWindow   - Target settings size: 1280.0 x 720.0
09:49:59.092 [JavaFX Application Thread] DEBUG PrimaryStageWindow   - Scaled scene size:    1280.0 x 720.0
09:49:59.093 [JavaFX Application Thread] DEBUG PrimaryStageWindow   - Scaled ratio: (1.0, 1.0)
09:49:59.095 [JavaFX Application Thread] DEBUG PrimaryStageWindow   - Set initial scene to FXGLStartupScene
09:49:59.113 [JavaFX Application Thread] DEBUG PrimaryStageWindow   - Opening main window
09:49:59.276 [JavaFX Application Thread] DEBUG PrimaryStageWindow   - Window border size: (13.0, 35.5)
09:49:59.277 [JavaFX Application Thread] DEBUG PrimaryStageWindow   - Scaled size: 1280.0 x 720.0
09:49:59.277 [JavaFX Application Thread] DEBUG PrimaryStageWindow   - Scaled ratio: (1.0, 1.0)
09:49:59.277 [JavaFX Application Thread] DEBUG PrimaryStageWindow   - Scene size: 1280.0 x 720.0
09:49:59.277 [JavaFX Application Thread] DEBUG PrimaryStageWindow   - Stage size: 1293.0 x 755.5
09:49:59.291 [FXGL Background Thread 1 ] DEBUG Engine               - Initializing environment variables
09:49:59.393 [FXGL Background Thread 1 ] DEBUG FXGLAssetLoaderServi - User app class for loading assets: class Bomberman.BombermanGame
09:49:59.393 [FXGL Background Thread 1 ] DEBUG GameApplicationServi - Applying CSS: fxgl_dark.css
09:49:59.394 [FXGL Background Thread 1 ] DEBUG FXGLAssetLoaderServi - Loading from file system: jar:file:/C:/Users/Admin/.m2/repository/com/github/almasb/fxgl/11.17/fxgl-11.17.jar!/fxglassets/ui/css/fxgl_dark.css
09:49:59.473 [FXGL Background Thread 1 ] DEBUG GameApplicationServi - Initializing application scenes
09:49:59.538 [FXGL Background Thread 1 ] DEBUG GameWorld            - Game world initialized
09:49:59.636 [FXGL Background Thread 1 ] DEBUG PhysicsWorld         - Physics world initialized: appHeight=720, physics.ppm=50.0
09:49:59.636 [FXGL Background Thread 1 ] DEBUG PhysicsWorld         - Using strategy: BRUTE_FORCE
09:49:59.641 [FXGL Background Thread 1 ] DEBUG GameScene            - Game scene initialized: 1280x720
09:49:59.855 [FXGL Background Thread 1 ] DEBUG GameApplicationServi - Application scenes initialized
09:49:59.881 [FXGL Background Thread 1 ] DEBUG SystemBundleService  - Loading FXGL system data
09:49:59.892 [FXGL Background Thread 1 ] DEBUG FileSystemAccess     - Reading from: C:\Users\Admin\Desktop\Github\Bomberman\system\fxgl.bundle
09:49:59.905 [FXGL Background Thread 1 ] DEBUG SystemBundleService  - Bundle FXGL: {}
09:49:59.906 [FXGL Background Thread 1 ] DEBUG UpdaterService       - Checking for updates
09:49:59.919 [FXGL Background Thread 1 ] DEBUG FXGLApplication      - Loading default localization
09:49:59.920 [FXGL Background Thread 1 ] DEBUG FXGLAssetLoaderServi - Loading from file system: jar:file:/C:/Users/Admin/.m2/repository/com/github/almasb/fxgl/11.17/fxgl-11.17.jar!/fxglassets/languages/english.lang
09:49:59.923 [FXGL Background Thread 4 ] DEBUG FXGLApplication      - Loading fonts
09:49:59.924 [FXGL Background Thread 4 ] DEBUG FXGLAssetLoaderServi - Loading from file system: file:/C:/Users/Admin/Desktop/Github/Bomberman/target/classes/assets/ui/fonts/game_font.ttf
09:49:59.951 [FXGL Background Thread 1 ] INFO  FXGLApplication      - FXGL initialization took: 0.660 sec
09:49:59.978 [JavaFX Application Thread] DEBUG Input                - Registered new binding: Move Left - A
09:49:59.979 [JavaFX Application Thread] DEBUG Input                - Registered new binding: Move Right - D
09:49:59.979 [JavaFX Application Thread] DEBUG Input                - Registered new binding: Move Up - W
09:49:59.980 [JavaFX Application Thread] DEBUG Input                - Registered new binding: Move Down - S
09:49:59.980 [JavaFX Application Thread] DEBUG Input                - Registered new binding: Place Bomb - Space
09:49:59.980 [JavaFX Application Thread] DEBUG Input                - Registered new binding: Switch to classic bomb - 1
09:49:59.981 [JavaFX Application Thread] DEBUG Input                - Registered new binding: Switch to lazer bomb - 2
09:49:59.981 [JavaFX Application Thread] DEBUG Input                - Registered new binding: Switch to light bomb - 3
09:49:59.981 [JavaFX Application Thread] DEBUG Input                - Registered new binding: Exit game - Esc
09:49:59.981 [JavaFX Application Thread] DEBUG Input                - Registered new binding: Next level - P
09:49:59.982 [JavaFX Application Thread] DEBUG Input                - Registered new binding: Developer Mode - O
09:49:59.984 [JavaFX Application Thread] DEBUG FXGLAssetLoaderServi - Loading from file system: file:/C:/Users/Admin/Desktop/Github/Bomberman/target/classes/assets/music/stage_theme.mp3
09:50:00.240 [JavaFX Application Thread] DEBUG AudioPlayer          - Playing music com.almasb.fxgl.audio.Music@6cf25560
09:50:00.241 [JavaFX Application Thread] DEBUG FXGLAssetLoaderServi - Loading from file system: jar:file:/C:/Users/Admin/.m2/repository/com/github/almasb/fxgl/11.17/fxgl-11.17.jar!/fxglassets/textures/fxgl_icon.png
09:50:00.281 [JavaFX Application Thread] DEBUG FXGLAssetLoaderServi - Loading from file system: jar:file:/C:/Users/Admin/.m2/repository/com/github/almasb/fxgl/11.17/fxgl-11.17.jar!/fxglassets/textures/fxgl_default_cursor.png
09:50:00.285 [JavaFX Application Thread] DEBUG Input                - Registered new binding: Screenshot - CTRL+8
09:50:00.286 [JavaFX Application Thread] DEBUG Input                - Registered new binding: System info dump - CTRL+9
09:50:00.287 [JavaFX Application Thread] DEBUG Input                - Registered new binding: Restart - CTRL+R
09:50:00.287 [JavaFX Application Thread] DEBUG Input                - Registered new binding: Toggle Debug Camera - CTRL+C
09:50:00.291 [JavaFX Application Thread] DEBUG LoopRunner           - Starting loop
09:50:00.291 [JavaFX Application Thread] DEBUG LoopRunner           - Initializing JavaFX AnimationTimerLoop
09:50:00.296 [JavaFX Application Thread] DEBUG Input                - Clearing active input actions
09:50:00.308 [JavaFX Application Thread] DEBUG GameApplicationServi - Removing overlay from FXGLStartupScene and adding to FXGLMainMenuDummyScene
09:50:00.309 [JavaFX Application Thread] DEBUG PrimaryStageWindow   - FXGLStartupScene -> FXGLMainMenuDummyScene
09:50:00.309 [JavaFX Application Thread] DEBUG PrimaryStageWindow   - Push state: MainMenu
09:50:00.309 [JavaFX Application Thread] DEBUG Input                - Clearing active input actions
09:50:00.317 [JavaFX Application Thread] DEBUG GameApplicationServi - Removing overlay from FXGLMainMenuDummyScene and adding to MainMenu
09:50:00.318 [JavaFX Application Thread] DEBUG PrimaryStageWindow   - FXGLMainMenuDummyScene -> MainMenu
09:50:00.367 [FXGL Background Thread 4 ] DEBUG FXGLAssetLoaderServi - Loading from file system: jar:file:/C:/Users/Admin/.m2/repository/com/github/almasb/fxgl/11.17/fxgl-11.17.jar!/fxglassets/ui/fonts/Abel-Regular.ttf
09:50:00.374 [FXGL Background Thread 4 ] DEBUG FXGLAssetLoaderServi - Loading from file system: jar:file:/C:/Users/Admin/.m2/repository/com/github/almasb/fxgl/11.17/fxgl-11.17.jar!/fxglassets/ui/fonts/lucida_console.ttf
09:50:00.383 [FXGL Background Thread 4 ] DEBUG FXGLAssetLoaderServi - Loading from file system: jar:file:/C:/Users/Admin/.m2/repository/com/github/almasb/fxgl/11.17/fxgl-11.17.jar!/fxglassets/ui/fonts/Courier-Prime.ttf
09:50:00.396 [JavaFX Application Thread] DEBUG FXGLApplication      - Registering font factories with UI factory
09:50:01.506 [FXGL Background Thread 2 ] INFO  UpdaterService       - Your current version:  11.17
09:50:01.507 [FXGL Background Thread 2 ] INFO  UpdaterService       - Latest stable version: 17.2
09:50:02.737 [JavaFX Application Thread] DEBUG Menu                 - fireNewGame()
09:50:02.738 [JavaFX Application Thread] DEBUG GameApplicationServi - Starting new game
09:50:02.738 [JavaFX Application Thread] DEBUG PrimaryStageWindow   - Pop state: MainMenu
09:50:02.739 [JavaFX Application Thread] DEBUG Input                - Clearing active input actions
09:50:02.740 [JavaFX Application Thread] DEBUG GameApplicationServi - Removing overlay from MainMenu and adding to FXGLMainMenuDummyScene
09:50:02.741 [JavaFX Application Thread] DEBUG PrimaryStageWindow   - FXGLMainMenuDummyScene <- MainMenu
09:50:02.741 [JavaFX Application Thread] DEBUG Input                - Clearing active input actions
09:50:02.755 [JavaFX Application Thread] DEBUG GameApplicationServi - Removing overlay from FXGLMainMenuDummyScene and adding to FXGLLoadingScene
09:50:02.755 [JavaFX Application Thread] DEBUG PrimaryStageWindow   - FXGLMainMenuDummyScene -> FXGLLoadingScene
09:50:02.755 [JavaFX Application Thread] DEBUG GameApplicationServi - Clearing previous game
09:50:02.755 [JavaFX Application Thread] DEBUG GameScene            - Clearing game scene
09:50:02.755 [JavaFX Application Thread] DEBUG GameWorld            - Clearing game world
09:50:02.756 [JavaFX Application Thread] DEBUG PhysicsWorld         - Clearing physics world
09:50:02.758 [FXGL Background Thread 2 ] DEBUG FXGLApplication      - Initializing game
09:50:02.916 [FXGL Background Thread 3 ] DEBUG Engine               - Logging environment variables
09:50:02.917 [FXGL Background Thread 3 ] DEBUG Engine               - achievements: []
09:50:02.917 [FXGL Background Thread 3 ] DEBUG Engine               - actualHeight: 720.0
09:50:02.917 [FXGL Background Thread 3 ] DEBUG Engine               - actualHeightProperty: ReadOnlyDoubleProperty [value: 720.0]
09:50:02.917 [FXGL Background Thread 3 ] DEBUG Engine               - actualWidth: 1280.0
09:50:02.917 [FXGL Background Thread 3 ] DEBUG Engine               - actualWidthProperty: ReadOnlyDoubleProperty [value: 1280.0]
09:50:02.917 [FXGL Background Thread 3 ] DEBUG Engine               - appIcon: fxgl_icon.png
09:50:02.917 [FXGL Background Thread 3 ] DEBUG Engine               - applicationMode: DEVELOPER
09:50:02.917 [FXGL Background Thread 3 ] DEBUG Engine               - cSSList: [fxgl_dark.css]
09:50:02.917 [FXGL Background Thread 3 ] DEBUG Engine               - collisionDetectionStrategy: BRUTE_FORCE
09:50:02.918 [FXGL Background Thread 3 ] DEBUG Engine               - configClass: Optional.empty
09:50:02.918 [FXGL Background Thread 3 ] DEBUG Engine               - credits: []
09:50:02.918 [FXGL Background Thread 3 ] DEBUG Engine               - defaultCursor: CursorInfo(imageName=fxgl_default_cursor.png, hotspotX=7.0, hotspotY=6.0)
09:50:02.918 [FXGL Background Thread 3 ] DEBUG Engine               - devBBoxColorProperty: ObjectProperty [value: 0xff0000ff]
09:50:02.918 [FXGL Background Thread 3 ] DEBUG Engine               - devEnableDebugCameraProperty: BooleanProperty [value: false]
09:50:02.918 [FXGL Background Thread 3 ] DEBUG Engine               - devSensorColorProperty: ObjectProperty [value: 0xffff00ff]
09:50:02.918 [FXGL Background Thread 3 ] DEBUG Engine               - devShowBBoxProperty: BooleanProperty [value: false]
09:50:02.918 [FXGL Background Thread 3 ] DEBUG Engine               - devShowPositionProperty: BooleanProperty [value: false]
09:50:02.918 [FXGL Background Thread 3 ] DEBUG Engine               - enabledMenuItems: []
09:50:02.919 [FXGL Background Thread 3 ] DEBUG Engine               - engineServices: [class com.almasb.fxgl.app.services.FXGLAssetLoaderService, class com.almasb.fxgl.app.FXGLApplication$GameApplicationService, class com.almasb.fxgl.app.services.FXGLDialogService, class com.almasb.fxgl.app.services.IOTaskExecutorService, class com.almasb.fxgl.io.FileSystemService, class com.almasb.fxgl.localization.LocalizationService, class com.almasb.fxgl.app.services.SystemBundleService, class com.almasb.fxgl.profile.SaveLoadService, class com.almasb.fxgl.ui.FXGLUIFactoryServiceProvider, class com.almasb.fxgl.ui.FXGLDialogFactoryServiceProvider, class com.almasb.fxgl.audio.AudioPlayer, class com.almasb.fxgl.notification.impl.NotificationServiceProvider, class com.almasb.fxgl.achievement.AchievementService, class com.almasb.fxgl.cutscene.CutsceneService, class com.almasb.fxgl.minigames.MiniGameService, class com.almasb.fxgl.net.NetService, class com.almasb.fxgl.app.services.UpdaterService, class com.almasb.fxgl.dev.DevService]
09:50:02.919 [FXGL Background Thread 3 ] DEBUG Engine               - fontGame: Abel-Regular.ttf
09:50:02.919 [FXGL Background Thread 3 ] DEBUG Engine               - fontMono: lucida_console.ttf
09:50:02.919 [FXGL Background Thread 3 ] DEBUG Engine               - fontText: Courier-Prime.ttf
09:50:02.919 [FXGL Background Thread 3 ] DEBUG Engine               - fontUI: game_font.ttf
09:50:02.919 [FXGL Background Thread 3 ] DEBUG Engine               - fullScreen: BooleanProperty [value: false]
09:50:02.919 [FXGL Background Thread 3 ] DEBUG Engine               - gameDifficulty: MEDIUM
09:50:02.919 [FXGL Background Thread 3 ] DEBUG Engine               - gameDifficultyProperty: ObjectProperty [value: MEDIUM]
09:50:02.919 [FXGL Background Thread 3 ] DEBUG Engine               - globalMusicVolume: 0.5
09:50:02.919 [FXGL Background Thread 3 ] DEBUG Engine               - globalMusicVolumeProperty: DoubleProperty [value: 0.0]
09:50:02.919 [FXGL Background Thread 3 ] DEBUG Engine               - globalSoundVolume: 0.5
09:50:02.920 [FXGL Background Thread 3 ] DEBUG Engine               - globalSoundVolumeProperty: DoubleProperty [value: 0.5]
09:50:02.920 [FXGL Background Thread 3 ] DEBUG Engine               - height: 720
09:50:02.920 [FXGL Background Thread 3 ] DEBUG Engine               - is3D: false
09:50:02.920 [FXGL Background Thread 3 ] DEBUG Engine               - isAndroid: false
09:50:02.920 [FXGL Background Thread 3 ] DEBUG Engine               - isBrowser: false
09:50:02.920 [FXGL Background Thread 3 ] DEBUG Engine               - isClickFeedbackEnabled: false
09:50:02.920 [FXGL Background Thread 3 ] DEBUG Engine               - isCloseConfirmation: false
09:50:02.920 [FXGL Background Thread 3 ] DEBUG Engine               - isDesktop: true
09:50:02.921 [FXGL Background Thread 3 ] DEBUG Engine               - isDeveloperMenuEnabled: false
09:50:02.921 [FXGL Background Thread 3 ] DEBUG Engine               - isEntityPreloadEnabled: true
09:50:02.921 [FXGL Background Thread 3 ] DEBUG Engine               - isExperimentalTiledLargeMap: false
09:50:02.921 [FXGL Background Thread 3 ] DEBUG Engine               - isFileSystemWriteAllowed: true
09:50:02.921 [FXGL Background Thread 3 ] DEBUG Engine               - isFullScreenAllowed: true
09:50:02.921 [FXGL Background Thread 3 ] DEBUG Engine               - isFullScreenFromStart: false
09:50:02.921 [FXGL Background Thread 3 ] DEBUG Engine               - isGameMenuEnabled: true
09:50:02.921 [FXGL Background Thread 3 ] DEBUG Engine               - isIOS: false
09:50:02.921 [FXGL Background Thread 3 ] DEBUG Engine               - isIntroEnabled: false
09:50:02.922 [FXGL Background Thread 3 ] DEBUG Engine               - isLinux: false
09:50:02.922 [FXGL Background Thread 3 ] DEBUG Engine               - isMac: false
09:50:02.922 [FXGL Background Thread 3 ] DEBUG Engine               - isMainMenuEnabled: true
09:50:02.922 [FXGL Background Thread 3 ] DEBUG Engine               - isManualResizeEnabled: false
09:50:02.922 [FXGL Background Thread 3 ] DEBUG Engine               - isMobile: false
09:50:02.922 [FXGL Background Thread 3 ] DEBUG Engine               - isNative: false
09:50:02.922 [FXGL Background Thread 3 ] DEBUG Engine               - isPauseMusicWhenMinimized: true
09:50:02.922 [FXGL Background Thread 3 ] DEBUG Engine               - isPreserveResizeRatio: false
09:50:02.922 [FXGL Background Thread 3 ] DEBUG Engine               - isProfilingEnabled: false
09:50:02.922 [FXGL Background Thread 3 ] DEBUG Engine               - isScaleAffectedOnResize: true
09:50:02.922 [FXGL Background Thread 3 ] DEBUG Engine               - isSingleStep: false
09:50:02.922 [FXGL Background Thread 3 ] DEBUG Engine               - isUserProfileEnabled: false
09:50:02.922 [FXGL Background Thread 3 ] DEBUG Engine               - isWindows: true
09:50:02.923 [FXGL Background Thread 3 ] DEBUG Engine               - language: ObjectProperty [value: ENGLISH]
09:50:02.923 [FXGL Background Thread 3 ] DEBUG Engine               - menuKey: ESCAPE
09:50:02.923 [FXGL Background Thread 3 ] DEBUG Engine               - mouseSensitivity: 0.2
09:50:02.923 [FXGL Background Thread 3 ] DEBUG Engine               - notificationViewClass: class com.almasb.fxgl.notification.view.XboxNotificationView
09:50:02.923 [FXGL Background Thread 3 ] DEBUG Engine               - pixelsPerMeter: 50.0
09:50:02.923 [FXGL Background Thread 3 ] DEBUG Engine               - platform: WINDOWS
09:50:02.923 [FXGL Background Thread 3 ] DEBUG Engine               - prefHeightProperty: ReadOnlyDoubleProperty [value: 720.0]
09:50:02.923 [FXGL Background Thread 3 ] DEBUG Engine               - prefWidthProperty: ReadOnlyDoubleProperty [value: 1280.0]
09:50:02.924 [FXGL Background Thread 3 ] DEBUG Engine               - profileDir: profiles/
09:50:02.924 [FXGL Background Thread 3 ] DEBUG Engine               - profileName: StringProperty [value: DEFAULT]
09:50:02.924 [FXGL Background Thread 3 ] DEBUG Engine               - randomSeed: -1
09:50:02.924 [FXGL Background Thread 3 ] DEBUG Engine               - runtimeInfo: RuntimeInfo(platform=WINDOWS, version=11.17, build=16.07.2021 15.46)
09:50:02.924 [FXGL Background Thread 3 ] DEBUG Engine               - saveFileExt: sav
09:50:02.924 [FXGL Background Thread 3 ] DEBUG Engine               - scaledHeightProp$fxgl: DoubleProperty [bound, value: 720.0]
09:50:02.924 [FXGL Background Thread 3 ] DEBUG Engine               - scaledWidthProp$fxgl: DoubleProperty [bound, value: 1280.0]
09:50:02.924 [FXGL Background Thread 3 ] DEBUG Engine               - sceneFactory: Bomberman.BombermanGame$1@4730f002
09:50:02.925 [FXGL Background Thread 3 ] DEBUG Engine               - secondsIn24h: 60
09:50:02.925 [FXGL Background Thread 3 ] DEBUG Engine               - soundMenuBack: menu/back.wav
09:50:02.925 [FXGL Background Thread 3 ] DEBUG Engine               - soundMenuPress: menu/press.wav
09:50:02.925 [FXGL Background Thread 3 ] DEBUG Engine               - soundMenuSelect: menu/select.wav
09:50:02.925 [FXGL Background Thread 3 ] DEBUG Engine               - soundNotification: core/notification.wav
09:50:02.925 [FXGL Background Thread 3 ] DEBUG Engine               - stageStyle: DECORATED
09:50:02.925 [FXGL Background Thread 3 ] DEBUG Engine               - supportedLanguages: [ENGLISH, FRENCH, GERMAN, HUNGARIAN, RUSSIAN]
09:50:02.925 [FXGL Background Thread 3 ] DEBUG Engine               - ticksPerSecond: -1
09:50:02.926 [FXGL Background Thread 3 ] DEBUG Engine               - title: BOMBER
 MAN
09:50:02.926 [FXGL Background Thread 3 ] DEBUG Engine               - urlGithub: https://github.com/AlmasB/FXGL
09:50:02.926 [FXGL Background Thread 3 ] DEBUG Engine               - urlLeaderboard: http://fxgl-top.herokuapp.com/
09:50:02.926 [FXGL Background Thread 3 ] DEBUG Engine               - urlPOM: https://raw.githubusercontent.com/AlmasB/FXGL/release/README.md
09:50:02.926 [FXGL Background Thread 3 ] DEBUG Engine               - userAppClass: class Bomberman.BombermanGame
09:50:02.926 [FXGL Background Thread 3 ] DEBUG Engine               - version: 1.0
09:50:02.926 [FXGL Background Thread 3 ] DEBUG Engine               - versionCheckDays: 7
09:50:02.926 [FXGL Background Thread 3 ] DEBUG Engine               - width: 1280
09:50:02.926 [FXGL Background Thread 3 ] DEBUG Engine               - Logging services
09:50:02.926 [FXGL Background Thread 3 ] DEBUG Engine               - class com.almasb.fxgl.app.services.FXGLAssetLoaderService
09:50:02.926 [FXGL Background Thread 3 ] DEBUG Engine               - class com.almasb.fxgl.app.FXGLApplication$GameApplicationService
09:50:02.926 [FXGL Background Thread 3 ] DEBUG Engine               - class com.almasb.fxgl.app.services.FXGLDialogService
09:50:02.926 [FXGL Background Thread 3 ] DEBUG Engine               - class com.almasb.fxgl.app.services.IOTaskExecutorService
09:50:02.926 [FXGL Background Thread 3 ] DEBUG Engine               - class com.almasb.fxgl.io.FileSystemService
09:50:02.927 [FXGL Background Thread 3 ] DEBUG Engine               - class com.almasb.fxgl.localization.LocalizationService
09:50:02.927 [FXGL Background Thread 3 ] DEBUG Engine               - class com.almasb.fxgl.app.services.SystemBundleService
09:50:02.927 [FXGL Background Thread 3 ] DEBUG Engine               - class com.almasb.fxgl.profile.SaveLoadService
09:50:02.927 [FXGL Background Thread 3 ] DEBUG Engine               - class com.almasb.fxgl.ui.FXGLUIFactoryServiceProvider
09:50:02.927 [FXGL Background Thread 3 ] DEBUG Engine               - class com.almasb.fxgl.ui.FXGLDialogFactoryServiceProvider
09:50:02.927 [FXGL Background Thread 3 ] DEBUG Engine               - class com.almasb.fxgl.audio.AudioPlayer
09:50:02.927 [FXGL Background Thread 3 ] DEBUG Engine               - class com.almasb.fxgl.notification.impl.NotificationServiceProvider
09:50:02.927 [FXGL Background Thread 3 ] DEBUG Engine               - class com.almasb.fxgl.achievement.AchievementService
09:50:02.927 [FXGL Background Thread 3 ] DEBUG Engine               - class com.almasb.fxgl.cutscene.CutsceneService
09:50:02.927 [FXGL Background Thread 3 ] DEBUG Engine               - class com.almasb.fxgl.minigames.MiniGameService
09:50:02.927 [FXGL Background Thread 3 ] DEBUG Engine               - class com.almasb.fxgl.net.NetService
09:50:02.928 [FXGL Background Thread 3 ] DEBUG Engine               - class com.almasb.fxgl.app.services.UpdaterService
09:50:02.928 [FXGL Background Thread 3 ] DEBUG Engine               - class com.almasb.fxgl.dev.DevService
09:50:03.416 [FXGL Background Thread 2 ] DEBUG FXGLAssetLoaderServi - Loading from file system: file:/C:/Users/Admin/Desktop/Github/Bomberman/target/classes/assets/textures/player_die.png
09:50:03.419 [FXGL Background Thread 2 ] DEBUG FXGLAssetLoaderServi - Loading from file system: file:/C:/Users/Admin/Desktop/Github/Bomberman/target/classes/assets/textures/player_down.png
09:50:03.422 [FXGL Background Thread 2 ] DEBUG FXGLAssetLoaderServi - Loading from file system: file:/C:/Users/Admin/Desktop/Github/Bomberman/target/classes/assets/textures/player_right.png
09:50:03.424 [FXGL Background Thread 2 ] DEBUG FXGLAssetLoaderServi - Loading from file system: file:/C:/Users/Admin/Desktop/Github/Bomberman/target/classes/assets/textures/player_up.png
09:50:03.426 [FXGL Background Thread 2 ] DEBUG FXGLAssetLoaderServi - Loading from file system: file:/C:/Users/Admin/Desktop/Github/Bomberman/target/classes/assets/textures/player_left.png
09:50:03.461 [FXGL Background Thread 2 ] DEBUG FXGLAssetLoaderServi - Loading from file system: file:/C:/Users/Admin/Desktop/Github/Bomberman/target/classes/assets/textures/brick.png
09:50:03.462 [FXGL Background Thread 2 ] DEBUG FXGLAssetLoaderServi - Loading from file system: file:/C:/Users/Admin/Desktop/Github/Bomberman/target/classes/assets/textures/brick_break.png
09:50:03.482 [FXGL Background Thread 2 ] DEBUG FXGLAssetLoaderServi - Loading from file system: file:/C:/Users/Admin/Desktop/Github/Bomberman/target/classes/assets/textures/wall.png
09:50:03.521 [FXGL Background Thread 2 ] DEBUG FXGLAssetLoaderServi - Loading from file system: file:/C:/Users/Admin/Desktop/Github/Bomberman/target/classes/assets/textures/powerup_bombs.png
09:50:03.568 [FXGL Background Thread 2 ] DEBUG FXGLAssetLoaderServi - Loading from file system: file:/C:/Users/Admin/Desktop/Github/Bomberman/target/classes/assets/textures/powerup_flames.png
09:50:03.646 [FXGL Background Thread 2 ] DEBUG FXGLAssetLoaderServi - Loading from file system: file:/C:/Users/Admin/Desktop/Github/Bomberman/target/classes/assets/textures/powerup_speed.png
09:50:03.775 [FXGL Background Thread 2 ] INFO  FXGLApplication      - Game initialization took: 1.016 sec
09:50:03.778 [JavaFX Application Thread] DEBUG Input                - Clearing active input actions
09:50:03.815 [JavaFX Application Thread] DEBUG GameApplicationServi - Removing overlay from FXGLLoadingScene and adding to GameScene
09:50:03.815 [JavaFX Application Thread] DEBUG PrimaryStageWindow   - FXGLLoadingScene -> GameScene
09:50:11.810 [JavaFX Application Thread] DEBUG FXGLAssetLoaderServi - Loading from file system: file:/C:/Users/Admin/Desktop/Github/Bomberman/target/classes/assets/sounds/place_bomb.wav
09:50:11.832 [JavaFX Application Thread] DEBUG FXGLAssetLoaderServi - Loading from file system: file:/C:/Users/Admin/Desktop/Github/Bomberman/target/classes/assets/textures/bomb.png
09:50:12.744 [JavaFX Application Thread] DEBUG FXGLAssetLoaderServi - Loading from file system: file:/C:/Users/Admin/Desktop/Github/Bomberman/target/classes/assets/sounds/powerup.wav
09:50:13.925 [JavaFX Application Thread] DEBUG FXGLAssetLoaderServi - Loading from file system: file:/C:/Users/Admin/Desktop/Github/Bomberman/target/classes/assets/sounds/explosion.wav
09:50:13.935 [JavaFX Application Thread] DEBUG FXGLAssetLoaderServi - Loading from file system: file:/C:/Users/Admin/Desktop/Github/Bomberman/target/classes/assets/textures/central_flame.png
09:50:13.937 [JavaFX Application Thread] DEBUG FXGLAssetLoaderServi - Loading from file system: file:/C:/Users/Admin/Desktop/Github/Bomberman/target/classes/assets/textures/top_up_flame.png
09:50:13.940 [JavaFX Application Thread] DEBUG FXGLAssetLoaderServi - Loading from file system: file:/C:/Users/Admin/Desktop/Github/Bomberman/target/classes/assets/textures/top_down_flame.png
09:50:13.941 [JavaFX Application Thread] DEBUG FXGLAssetLoaderServi - Loading from file system: file:/C:/Users/Admin/Desktop/Github/Bomberman/target/classes/assets/textures/top_right_flame.png
09:50:13.944 [JavaFX Application Thread] DEBUG FXGLAssetLoaderServi - Loading from file system: file:/C:/Users/Admin/Desktop/Github/Bomberman/target/classes/assets/textures/top_left_flame.png
09:50:16.886 [JavaFX Application Thread] DEBUG FXGLAssetLoaderServi - Loading from file system: file:/C:/Users/Admin/Desktop/Github/Bomberman/target/classes/assets/textures/right_flame.png
09:50:17.208 [JavaFX Application Thread] WARN  GameWorld            - Attempted to remove entity which is not active
09:50:19.141 [JavaFX Application Thread] DEBUG FXGLAssetLoaderServi - Loading from file system: file:/C:/Users/Admin/Desktop/Github/Bomberman/target/classes/assets/textures/down_flame.png
09:50:19.570 [JavaFX Application Thread] WARN  GameWorld            - Attempted to remove entity which is not active
09:50:24.313 [JavaFX Application Thread] WARN  GameWorld            - Attempted to remove entity which is not active
09:50:24.313 [JavaFX Application Thread] WARN  GameWorld            - Attempted to remove entity which is not active
09:50:29.027 [JavaFX Application Thread] WARN  GameWorld            - Attempted to remove entity which is not active
09:50:29.027 [JavaFX Application Thread] WARN  GameWorld            - Attempted to remove entity which is not active
09:50:33.075 [JavaFX Application Thread] WARN  GameWorld            - Attempted to remove entity which is not active
09:50:33.075 [JavaFX Application Thread] WARN  GameWorld            - Attempted to remove entity which is not active
09:50:39.803 [JavaFX Application Thread] DEBUG LoopRunner           - Stopping loop
09:50:39.807 [JavaFX Application Thread] FATAL FXGLApplication      - Uncaught Exception:
java.lang.IllegalArgumentException: Component ClassicBomb not found!
	at com.almasb.fxgl.entity.Entity.getComponent(Entity.java:369)
	at Bomberman.Components.Bomb.ClassicBomb.lambda$new$0(ClassicBomb.java:16)
	at com.almasb.fxgl.dsl.FXGL$Companion$onCollision$1.onCollision(FXGL.kt:550)
	at com.almasb.fxgl.physics.CollisionPair.collision(CollisionPair.java:41)
	at com.almasb.fxgl.physics.PhysicsWorld.notifyCollisions(PhysicsWorld.java:489)
	at com.almasb.fxgl.physics.PhysicsWorld.onUpdate(PhysicsWorld.java:183)
	at com.almasb.fxgl.app.scene.GameScene.step(GameScene.kt:224)
	at com.almasb.fxgl.app.scene.GameScene.onUpdate(GameScene.kt:219)
	at com.almasb.fxgl.scene.Scene.update(Scene.kt:105)
	at com.almasb.fxgl.app.MainWindow$update$1.invoke(MainWindow.kt:110)
	at com.almasb.fxgl.app.MainWindow$update$1.invoke(MainWindow.kt:110)
	at com.almasb.fxgl.core.fsm.StateMachine.runOnActiveStates(StateMachine.kt:69)
	at com.almasb.fxgl.app.MainWindow.update(MainWindow.kt:110)
	at com.almasb.fxgl.app.FXGLApplication$GameApplicationService.onUpdate(FXGLApplication.kt:426)
	at com.almasb.fxgl.app.Engine.loop(Engine.kt:133)
	at com.almasb.fxgl.app.Engine.access$loop(Engine.kt:24)
	at com.almasb.fxgl.app.Engine$loop$1.invoke(Engine.kt:28)
	at com.almasb.fxgl.app.Engine$loop$1.invoke(Engine.kt:28)
	at com.almasb.fxgl.app.LoopRunner.frame(LoopRunner.kt:103)
	at com.almasb.fxgl.app.LoopRunner.access$frame(LoopRunner.kt:23)
	at com.almasb.fxgl.app.LoopRunner$impl$2$1.onTick(LoopRunner.kt:57)
	at com.almasb.fxgl.app.AnimationTimerLoop$timer$1.handle(LoopRunner.kt:137)
	at javafx.animation.AnimationTimer$AnimationTimerReceiver.lambda$handle$0(AnimationTimer.java:57)
	at java.base/java.security.AccessController.doPrivileged(Native Method)
	at javafx.animation.AnimationTimer$AnimationTimerReceiver.handle(AnimationTimer.java:56)
	at com.sun.scenario.animation.AbstractPrimaryTimer.timePulseImpl(AbstractPrimaryTimer.java:356)
	at com.sun.scenario.animation.AbstractPrimaryTimer$MainLoop.run(AbstractPrimaryTimer.java:266)
	at com.sun.javafx.tk.quantum.QuantumToolkit.pulse(QuantumToolkit.java:559)
	at com.sun.javafx.tk.quantum.QuantumToolkit.pulse(QuantumToolkit.java:543)
	at com.sun.javafx.tk.quantum.QuantumToolkit.pulseFromQueue(QuantumToolkit.java:536)
	at com.sun.javafx.tk.quantum.QuantumToolkit.lambda$runToolkit$11(QuantumToolkit.java:342)
	at com.sun.glass.ui.InvokeLaterDispatcher$Future.run(InvokeLaterDispatcher.java:96)
	at com.sun.glass.ui.win.WinApplication._runLoop(Native Method)
	at com.sun.glass.ui.win.WinApplication.lambda$runLoop$3(WinApplication.java:174)
	at java.base/java.lang.Thread.run(Thread.java:834)

09:50:39.808 [JavaFX Application Thread] FATAL FXGLApplication      - Application will now exit
09:50:39.836 [JavaFX Application Thread] DEBUG PrimaryStageWindow   - Push state: ErrorSubScene
09:50:39.836 [JavaFX Application Thread] DEBUG Input                - Clearing active input actions
09:50:39.842 [JavaFX Application Thread] DEBUG GameApplicationServi - Removing overlay from GameScene and adding to ErrorSubScene
09:50:39.842 [JavaFX Application Thread] DEBUG PrimaryStageWindow   - GameScene -> ErrorSubScene
09:50:45.603 [JavaFX Application Thread] DEBUG FXGLApplication      - Exiting FXGL
09:50:45.603 [JavaFX Application Thread] DEBUG Async                - Shutting down background threads
09:50:45.603 [JavaFX Application Thread] DEBUG PrimaryStageWindow   - Closing main window
09:50:45.659 [JavaFX Application Thread] DEBUG Logger               - Closing Logger
