19:39:25.489 [main                     ] DEBUG Logger               - Configured Logger
19:39:25.493 [main                     ] DEBUG GameApplication      - Logging settings
Title: BOMBERMAN
Version: 1.0
Width: 640
Height: 624
Fullscreen: true
Intro: false
Profiling: false
Single step:false
App Mode: DEVELOPER
Menu Key: ESCAPE
Stage Style: DECORATED
Scene Factory: class com.almasb.fxgl.app.scene.SceneFactory

19:39:26.034 [JavaFX Application Thread] DEBUG FXGLApplication      - Initializing FXGL
19:39:26.037 [JavaFX Application Thread] INFO  Engine               - FXGL-11.17 (16.07.2021 15.46) on WINDOWS (J:11.0.16.1 FX:16)
19:39:26.038 [JavaFX Application Thread] DEBUG Engine               - JRE Vendor Name: Oracle Corporation
19:39:26.038 [JavaFX Application Thread] DEBUG Engine               - Running on OS: Windows 11 version 10.0
19:39:26.038 [JavaFX Application Thread] DEBUG Engine               - Architecture: amd64
19:39:26.038 [JavaFX Application Thread] INFO  Engine               - Source code and latest versions at: https://github.com/AlmasB/FXGL
19:39:26.039 [JavaFX Application Thread] INFO  Engine               -              Join the FXGL chat at: https://gitter.im/AlmasB/FXGL
19:39:26.195 [JavaFX Application Thread] DEBUG PrimaryStageWindow   - Creating a JavaFX scene
19:39:26.272 [JavaFX Application Thread] DEBUG PrimaryStageWindow   - Target settings size: 640.0 x 624.0
19:39:26.272 [JavaFX Application Thread] DEBUG PrimaryStageWindow   - Scaled scene size:    640.0 x 624.0
19:39:26.273 [JavaFX Application Thread] DEBUG PrimaryStageWindow   - Scaled ratio: (1.0, 1.0)
19:39:26.274 [JavaFX Application Thread] DEBUG PrimaryStageWindow   - Set initial scene to FXGLStartupScene
19:39:26.286 [JavaFX Application Thread] DEBUG PrimaryStageWindow   - Opening main window
19:39:26.408 [JavaFX Application Thread] DEBUG PrimaryStageWindow   - Window border size: (13.0, 35.5)
19:39:26.409 [JavaFX Application Thread] DEBUG PrimaryStageWindow   - Scaled size: 640.0 x 624.0
19:39:26.409 [JavaFX Application Thread] DEBUG PrimaryStageWindow   - Scaled ratio: (1.0, 1.0)
19:39:26.409 [JavaFX Application Thread] DEBUG PrimaryStageWindow   - Scene size: 640.0 x 624.0
19:39:26.410 [JavaFX Application Thread] DEBUG PrimaryStageWindow   - Stage size: 653.0 x 659.5
19:39:26.423 [FXGL Background Thread 1 ] DEBUG Engine               - Initializing environment variables
19:39:26.532 [FXGL Background Thread 1 ] DEBUG FXGLAssetLoaderServi - User app class for loading assets: class Bomberman.BombermanGame
19:39:26.533 [FXGL Background Thread 1 ] DEBUG GameApplicationServi - Applying CSS: fxgl_dark.css
19:39:26.535 [FXGL Background Thread 1 ] DEBUG FXGLAssetLoaderServi - Loading from file system: jar:file:/C:/Users/Admin/.m2/repository/com/github/almasb/fxgl/11.17/fxgl-11.17.jar!/fxglassets/ui/css/fxgl_dark.css
19:39:26.625 [FXGL Background Thread 1 ] DEBUG GameApplicationServi - Initializing application scenes
19:39:26.689 [FXGL Background Thread 1 ] DEBUG GameWorld            - Game world initialized
19:39:26.767 [FXGL Background Thread 1 ] DEBUG PhysicsWorld         - Physics world initialized: appHeight=624, physics.ppm=50.0
19:39:26.768 [FXGL Background Thread 1 ] DEBUG PhysicsWorld         - Using strategy: BRUTE_FORCE
19:39:26.773 [FXGL Background Thread 1 ] DEBUG GameScene            - Game scene initialized: 640x624
19:39:26.788 [FXGL Background Thread 1 ] WARN  FXGL.DefaultMenu     - FXGLDefaultMenu is not designed for resolutions < 800x600
19:39:26.789 [FXGL Background Thread 1 ] DEBUG FXGL.DefaultMenu     - createMenuBodyGameMenu()
19:39:26.812 [FXGL Background Thread 1 ] DEBUG FXGL.DefaultMenu     - createOptionsMenu()
19:39:26.829 [FXGL Background Thread 1 ] DEBUG FXGLAssetLoaderServi - Loading from file system: jar:file:/C:/Users/Admin/.m2/repository/com/github/almasb/fxgl/11.17/fxgl-11.17.jar!/fxglassets/textures/particles/smoke.png
19:39:26.995 [FXGL Background Thread 1 ] DEBUG FXGLAssetLoaderServi - Loading from file system: jar:file:/C:/Users/Admin/.m2/repository/com/github/almasb/fxgl/11.17/fxgl-11.17.jar!/fxglassets/textures/particles/trace_horizontal.png
19:39:27.039 [FXGL Background Thread 1 ] DEBUG GameApplicationServi - Application scenes initialized
19:39:27.054 [FXGL Background Thread 1 ] DEBUG SystemBundleService  - Loading FXGL system data
19:39:27.060 [FXGL Background Thread 1 ] DEBUG FileSystemAccess     - Reading from: C:\Users\Admin\Desktop\Bomberman\system\fxgl.bundle
19:39:27.066 [FXGL Background Thread 1 ] DEBUG SystemBundleService  - Bundle FXGL: {}
19:39:27.067 [FXGL Background Thread 1 ] DEBUG UpdaterService       - Checking for updates
19:39:27.070 [FXGL Background Thread 4 ] DEBUG FXGLApplication      - Loading fonts
19:39:27.071 [FXGL Background Thread 1 ] DEBUG FXGLApplication      - Loading default localization
19:39:27.071 [FXGL Background Thread 4 ] DEBUG FXGLAssetLoaderServi - Loading from file system: jar:file:/C:/Users/Admin/.m2/repository/com/github/almasb/fxgl/11.17/fxgl-11.17.jar!/fxglassets/ui/fonts/VarelaRound-Regular.ttf
19:39:27.073 [FXGL Background Thread 1 ] DEBUG FXGLAssetLoaderServi - Loading from file system: jar:file:/C:/Users/Admin/.m2/repository/com/github/almasb/fxgl/11.17/fxgl-11.17.jar!/fxglassets/languages/english.lang
19:39:27.094 [FXGL Background Thread 1 ] INFO  FXGLApplication      - FXGL initialization took: 0.672 sec
19:39:27.142 [JavaFX Application Thread] DEBUG Input                - Registered new binding: Move Left - A
19:39:27.142 [JavaFX Application Thread] DEBUG Input                - Registered new binding: Move Right - D
19:39:27.142 [JavaFX Application Thread] DEBUG Input                - Registered new binding: Move Up - W
19:39:27.142 [JavaFX Application Thread] DEBUG Input                - Registered new binding: Move Down - S
19:39:27.143 [JavaFX Application Thread] DEBUG Input                - Registered new binding: Place Bomb - Space
19:39:27.143 [JavaFX Application Thread] DEBUG Input                - Registered new binding: Switch to classic bomb - 1
19:39:27.143 [JavaFX Application Thread] DEBUG Input                - Registered new binding: Switch to lazer bomb - 2
19:39:27.143 [JavaFX Application Thread] DEBUG Input                - Registered new binding: Switch to light bomb - 3
19:39:27.144 [JavaFX Application Thread] DEBUG Input                - Registered new binding: Exit game - Esc
19:39:27.145 [JavaFX Application Thread] DEBUG FXGLAssetLoaderServi - Loading from file system: jar:file:/C:/Users/Admin/.m2/repository/com/github/almasb/fxgl/11.17/fxgl-11.17.jar!/fxglassets/textures/fxgl_icon.png
19:39:27.202 [JavaFX Application Thread] DEBUG FXGLAssetLoaderServi - Loading from file system: jar:file:/C:/Users/Admin/.m2/repository/com/github/almasb/fxgl/11.17/fxgl-11.17.jar!/fxglassets/textures/fxgl_default_cursor.png
19:39:27.206 [JavaFX Application Thread] DEBUG Input                - Registered new binding: Screenshot - CTRL+8
19:39:27.207 [JavaFX Application Thread] DEBUG Input                - Registered new binding: System info dump - CTRL+9
19:39:27.208 [JavaFX Application Thread] DEBUG Input                - Registered new binding: Restart - CTRL+R
19:39:27.209 [JavaFX Application Thread] DEBUG Input                - Registered new binding: Toggle Debug Camera - CTRL+C
19:39:27.215 [JavaFX Application Thread] DEBUG LoopRunner           - Starting loop
19:39:27.215 [JavaFX Application Thread] DEBUG LoopRunner           - Initializing JavaFX AnimationTimerLoop
19:39:27.218 [JavaFX Application Thread] DEBUG GameApplicationServi - Starting new game
19:39:27.219 [JavaFX Application Thread] DEBUG Input                - Clearing active input actions
19:39:27.255 [JavaFX Application Thread] DEBUG GameApplicationServi - Removing overlay from FXGLStartupScene and adding to FXGLLoadingScene
19:39:27.256 [JavaFX Application Thread] DEBUG PrimaryStageWindow   - FXGLStartupScene -> FXGLLoadingScene
19:39:27.256 [JavaFX Application Thread] DEBUG GameApplicationServi - Clearing previous game
19:39:27.256 [JavaFX Application Thread] DEBUG GameScene            - Clearing game scene
19:39:27.256 [JavaFX Application Thread] DEBUG GameWorld            - Clearing game world
19:39:27.257 [JavaFX Application Thread] DEBUG PhysicsWorld         - Clearing physics world
19:39:27.259 [FXGL Background Thread 1 ] DEBUG FXGLApplication      - Initializing game
19:39:27.297 [FXGL Background Thread 1 ] DEBUG FXGLAssetLoaderServi - Loading from file system: file:/C:/Users/Admin/Desktop/Bomberman/target/classes/assets/textures/wall.png
19:39:27.385 [FXGL Background Thread 1 ] DEBUG FXGLAssetLoaderServi - Loading from file system: file:/C:/Users/Admin/Desktop/Bomberman/target/classes/assets/textures/brick.png
19:39:27.388 [FXGL Background Thread 1 ] DEBUG FXGLAssetLoaderServi - Loading from file system: file:/C:/Users/Admin/Desktop/Bomberman/target/classes/assets/textures/brick_break.png
19:39:27.428 [FXGL Background Thread 1 ] DEBUG FXGLAssetLoaderServi - Loading from file system: file:/C:/Users/Admin/Desktop/Bomberman/target/classes/assets/textures/portal.png
19:39:27.477 [FXGL Background Thread 1 ] DEBUG FXGLAssetLoaderServi - Loading from file system: file:/C:/Users/Admin/Desktop/Bomberman/target/classes/assets/textures/powerup_flames.png
19:39:27.498 [FXGL Background Thread 4 ] DEBUG FXGLAssetLoaderServi - Loading from file system: jar:file:/C:/Users/Admin/.m2/repository/com/github/almasb/fxgl/11.17/fxgl-11.17.jar!/fxglassets/ui/fonts/Abel-Regular.ttf
19:39:27.506 [FXGL Background Thread 4 ] DEBUG FXGLAssetLoaderServi - Loading from file system: jar:file:/C:/Users/Admin/.m2/repository/com/github/almasb/fxgl/11.17/fxgl-11.17.jar!/fxglassets/ui/fonts/lucida_console.ttf
19:39:27.515 [FXGL Background Thread 4 ] DEBUG FXGLAssetLoaderServi - Loading from file system: jar:file:/C:/Users/Admin/.m2/repository/com/github/almasb/fxgl/11.17/fxgl-11.17.jar!/fxglassets/ui/fonts/Courier-Prime.ttf
19:39:27.530 [JavaFX Application Thread] DEBUG FXGLApplication      - Registering font factories with UI factory
19:39:27.556 [FXGL Background Thread 1 ] DEBUG FXGLAssetLoaderServi - Loading from file system: file:/C:/Users/Admin/Desktop/Bomberman/target/classes/assets/textures/enemy4.png
19:39:27.578 [FXGL Background Thread 1 ] DEBUG FXGLAssetLoaderServi - Loading from file system: file:/C:/Users/Admin/Desktop/Bomberman/target/classes/assets/textures/enemy3.png
19:39:28.535 [FXGL Background Thread 2 ] INFO  UpdaterService       - Your current version:  11.17
19:39:28.535 [FXGL Background Thread 2 ] INFO  UpdaterService       - Latest stable version: 17.2
19:39:30.071 [FXGL Background Thread 3 ] DEBUG Engine               - Logging environment variables
19:39:30.071 [FXGL Background Thread 3 ] DEBUG Engine               - achievements: []
19:39:30.071 [FXGL Background Thread 3 ] DEBUG Engine               - actualHeight: 624.0
19:39:30.071 [FXGL Background Thread 3 ] DEBUG Engine               - actualHeightProperty: ReadOnlyDoubleProperty [value: 624.0]
19:39:30.072 [FXGL Background Thread 3 ] DEBUG Engine               - actualWidth: 640.0
19:39:30.072 [FXGL Background Thread 3 ] DEBUG Engine               - actualWidthProperty: ReadOnlyDoubleProperty [value: 640.0]
19:39:30.072 [FXGL Background Thread 3 ] DEBUG Engine               - appIcon: fxgl_icon.png
19:39:30.072 [FXGL Background Thread 3 ] DEBUG Engine               - applicationMode: DEVELOPER
19:39:30.072 [FXGL Background Thread 3 ] DEBUG Engine               - cSSList: [fxgl_dark.css]
19:39:30.072 [FXGL Background Thread 3 ] DEBUG Engine               - collisionDetectionStrategy: BRUTE_FORCE
19:39:30.072 [FXGL Background Thread 3 ] DEBUG Engine               - configClass: Optional.empty
19:39:30.072 [FXGL Background Thread 3 ] DEBUG Engine               - credits: []
19:39:30.072 [FXGL Background Thread 3 ] DEBUG Engine               - defaultCursor: CursorInfo(imageName=fxgl_default_cursor.png, hotspotX=7.0, hotspotY=6.0)
19:39:30.072 [FXGL Background Thread 3 ] DEBUG Engine               - devBBoxColorProperty: ObjectProperty [value: 0xff0000ff]
19:39:30.073 [FXGL Background Thread 3 ] DEBUG Engine               - devEnableDebugCameraProperty: BooleanProperty [value: false]
19:39:30.073 [FXGL Background Thread 3 ] DEBUG Engine               - devSensorColorProperty: ObjectProperty [value: 0xffff00ff]
19:39:30.073 [FXGL Background Thread 3 ] DEBUG Engine               - devShowBBoxProperty: BooleanProperty [value: false]
19:39:30.073 [FXGL Background Thread 3 ] DEBUG Engine               - devShowPositionProperty: BooleanProperty [value: false]
19:39:30.073 [FXGL Background Thread 3 ] DEBUG Engine               - enabledMenuItems: []
19:39:30.073 [FXGL Background Thread 3 ] DEBUG Engine               - engineServices: [class com.almasb.fxgl.app.services.FXGLAssetLoaderService, class com.almasb.fxgl.app.FXGLApplication$GameApplicationService, class com.almasb.fxgl.app.services.FXGLDialogService, class com.almasb.fxgl.app.services.IOTaskExecutorService, class com.almasb.fxgl.io.FileSystemService, class com.almasb.fxgl.localization.LocalizationService, class com.almasb.fxgl.app.services.SystemBundleService, class com.almasb.fxgl.profile.SaveLoadService, class com.almasb.fxgl.ui.FXGLUIFactoryServiceProvider, class com.almasb.fxgl.ui.FXGLDialogFactoryServiceProvider, class com.almasb.fxgl.audio.AudioPlayer, class com.almasb.fxgl.notification.impl.NotificationServiceProvider, class com.almasb.fxgl.achievement.AchievementService, class com.almasb.fxgl.cutscene.CutsceneService, class com.almasb.fxgl.minigames.MiniGameService, class com.almasb.fxgl.net.NetService, class com.almasb.fxgl.app.services.UpdaterService, class com.almasb.fxgl.dev.DevService]
19:39:30.073 [FXGL Background Thread 3 ] DEBUG Engine               - fontGame: Abel-Regular.ttf
19:39:30.073 [FXGL Background Thread 3 ] DEBUG Engine               - fontMono: lucida_console.ttf
19:39:30.073 [FXGL Background Thread 3 ] DEBUG Engine               - fontText: Courier-Prime.ttf
19:39:30.073 [FXGL Background Thread 3 ] DEBUG Engine               - fontUI: VarelaRound-Regular.ttf
19:39:30.073 [FXGL Background Thread 3 ] DEBUG Engine               - fullScreen: BooleanProperty [value: false]
19:39:30.073 [FXGL Background Thread 3 ] DEBUG Engine               - gameDifficulty: MEDIUM
19:39:30.073 [FXGL Background Thread 3 ] DEBUG Engine               - gameDifficultyProperty: ObjectProperty [value: MEDIUM]
19:39:30.073 [FXGL Background Thread 3 ] DEBUG Engine               - globalMusicVolume: 0.5
19:39:30.074 [FXGL Background Thread 3 ] DEBUG Engine               - globalMusicVolumeProperty: DoubleProperty [value: 0.5]
19:39:30.074 [FXGL Background Thread 3 ] DEBUG Engine               - globalSoundVolume: 0.5
19:39:30.074 [FXGL Background Thread 3 ] DEBUG Engine               - globalSoundVolumeProperty: DoubleProperty [value: 0.5]
19:39:30.074 [FXGL Background Thread 3 ] DEBUG Engine               - height: 624
19:39:30.074 [FXGL Background Thread 3 ] DEBUG Engine               - is3D: false
19:39:30.074 [FXGL Background Thread 3 ] DEBUG Engine               - isAndroid: false
19:39:30.074 [FXGL Background Thread 3 ] DEBUG Engine               - isBrowser: false
19:39:30.074 [FXGL Background Thread 3 ] DEBUG Engine               - isClickFeedbackEnabled: false
19:39:30.074 [FXGL Background Thread 3 ] DEBUG Engine               - isCloseConfirmation: false
19:39:30.074 [FXGL Background Thread 3 ] DEBUG Engine               - isDesktop: true
19:39:30.074 [FXGL Background Thread 3 ] DEBUG Engine               - isDeveloperMenuEnabled: false
19:39:30.074 [FXGL Background Thread 3 ] DEBUG Engine               - isEntityPreloadEnabled: true
19:39:30.075 [FXGL Background Thread 3 ] DEBUG Engine               - isExperimentalTiledLargeMap: false
19:39:30.075 [FXGL Background Thread 3 ] DEBUG Engine               - isFileSystemWriteAllowed: true
19:39:30.075 [FXGL Background Thread 3 ] DEBUG Engine               - isFullScreenAllowed: true
19:39:30.075 [FXGL Background Thread 3 ] DEBUG Engine               - isFullScreenFromStart: false
19:39:30.075 [FXGL Background Thread 3 ] DEBUG Engine               - isGameMenuEnabled: true
19:39:30.075 [FXGL Background Thread 3 ] DEBUG Engine               - isIOS: false
19:39:30.075 [FXGL Background Thread 3 ] DEBUG Engine               - isIntroEnabled: false
19:39:30.075 [FXGL Background Thread 3 ] DEBUG Engine               - isLinux: false
19:39:30.075 [FXGL Background Thread 3 ] DEBUG Engine               - isMac: false
19:39:30.075 [FXGL Background Thread 3 ] DEBUG Engine               - isMainMenuEnabled: false
19:39:30.075 [FXGL Background Thread 3 ] DEBUG Engine               - isManualResizeEnabled: false
19:39:30.075 [FXGL Background Thread 3 ] DEBUG Engine               - isMobile: false
19:39:30.075 [FXGL Background Thread 3 ] DEBUG Engine               - isNative: false
19:39:30.075 [FXGL Background Thread 3 ] DEBUG Engine               - isPauseMusicWhenMinimized: true
19:39:30.076 [FXGL Background Thread 3 ] DEBUG Engine               - isPreserveResizeRatio: false
19:39:30.076 [FXGL Background Thread 3 ] DEBUG Engine               - isProfilingEnabled: false
19:39:30.076 [FXGL Background Thread 3 ] DEBUG Engine               - isScaleAffectedOnResize: true
19:39:30.076 [FXGL Background Thread 3 ] DEBUG Engine               - isSingleStep: false
19:39:30.076 [FXGL Background Thread 3 ] DEBUG Engine               - isUserProfileEnabled: false
19:39:30.076 [FXGL Background Thread 3 ] DEBUG Engine               - isWindows: true
19:39:30.076 [FXGL Background Thread 3 ] DEBUG Engine               - language: ObjectProperty [value: ENGLISH]
19:39:30.076 [FXGL Background Thread 3 ] DEBUG Engine               - menuKey: ESCAPE
19:39:30.076 [FXGL Background Thread 3 ] DEBUG Engine               - mouseSensitivity: 0.2
19:39:30.076 [FXGL Background Thread 3 ] DEBUG Engine               - notificationViewClass: class com.almasb.fxgl.notification.view.XboxNotificationView
19:39:30.076 [FXGL Background Thread 3 ] DEBUG Engine               - pixelsPerMeter: 50.0
19:39:30.076 [FXGL Background Thread 3 ] DEBUG Engine               - platform: WINDOWS
19:39:30.076 [FXGL Background Thread 3 ] DEBUG Engine               - prefHeightProperty: ReadOnlyDoubleProperty [value: 624.0]
19:39:30.076 [FXGL Background Thread 3 ] DEBUG Engine               - prefWidthProperty: ReadOnlyDoubleProperty [value: 640.0]
19:39:30.076 [FXGL Background Thread 3 ] DEBUG Engine               - profileDir: profiles/
19:39:30.076 [FXGL Background Thread 3 ] DEBUG Engine               - profileName: StringProperty [value: DEFAULT]
19:39:30.076 [FXGL Background Thread 3 ] DEBUG Engine               - randomSeed: -1
19:39:30.076 [FXGL Background Thread 3 ] DEBUG Engine               - runtimeInfo: RuntimeInfo(platform=WINDOWS, version=11.17, build=16.07.2021 15.46)
19:39:30.077 [FXGL Background Thread 3 ] DEBUG Engine               - saveFileExt: sav
19:39:30.077 [FXGL Background Thread 3 ] DEBUG Engine               - scaledHeightProp$fxgl: DoubleProperty [bound, value: 624.0]
19:39:30.077 [FXGL Background Thread 3 ] DEBUG Engine               - scaledWidthProp$fxgl: DoubleProperty [bound, value: 640.0]
19:39:30.077 [FXGL Background Thread 3 ] DEBUG Engine               - sceneFactory: com.almasb.fxgl.app.scene.SceneFactory@338d9ee0
19:39:30.077 [FXGL Background Thread 3 ] DEBUG Engine               - secondsIn24h: 60
19:39:30.077 [FXGL Background Thread 3 ] DEBUG Engine               - soundMenuBack: menu/back.wav
19:39:30.077 [FXGL Background Thread 3 ] DEBUG Engine               - soundMenuPress: menu/press.wav
19:39:30.077 [FXGL Background Thread 3 ] DEBUG Engine               - soundMenuSelect: menu/select.wav
19:39:30.077 [FXGL Background Thread 3 ] DEBUG Engine               - soundNotification: core/notification.wav
19:39:30.077 [FXGL Background Thread 3 ] DEBUG Engine               - stageStyle: DECORATED
19:39:30.077 [FXGL Background Thread 3 ] DEBUG Engine               - supportedLanguages: [ENGLISH, FRENCH, GERMAN, HUNGARIAN, RUSSIAN]
19:39:30.077 [FXGL Background Thread 3 ] DEBUG Engine               - ticksPerSecond: -1
19:39:30.077 [FXGL Background Thread 3 ] DEBUG Engine               - title: BOMBERMAN
19:39:30.077 [FXGL Background Thread 3 ] DEBUG Engine               - urlGithub: https://github.com/AlmasB/FXGL
19:39:30.077 [FXGL Background Thread 3 ] DEBUG Engine               - urlLeaderboard: http://fxgl-top.herokuapp.com/
19:39:30.077 [FXGL Background Thread 3 ] DEBUG Engine               - urlPOM: https://raw.githubusercontent.com/AlmasB/FXGL/release/README.md
19:39:30.077 [FXGL Background Thread 3 ] DEBUG Engine               - userAppClass: class Bomberman.BombermanGame
19:39:30.078 [FXGL Background Thread 3 ] DEBUG Engine               - version: 1.0
19:39:30.078 [FXGL Background Thread 3 ] DEBUG Engine               - versionCheckDays: 7
19:39:30.078 [FXGL Background Thread 3 ] DEBUG Engine               - width: 640
19:39:30.078 [FXGL Background Thread 3 ] DEBUG Engine               - Logging services
19:39:30.079 [FXGL Background Thread 3 ] DEBUG Engine               - class com.almasb.fxgl.app.services.FXGLAssetLoaderService
19:39:30.079 [FXGL Background Thread 3 ] DEBUG Engine               - class com.almasb.fxgl.app.FXGLApplication$GameApplicationService
19:39:30.079 [FXGL Background Thread 3 ] DEBUG Engine               - class com.almasb.fxgl.app.services.FXGLDialogService
19:39:30.079 [FXGL Background Thread 3 ] DEBUG Engine               - class com.almasb.fxgl.app.services.IOTaskExecutorService
19:39:30.079 [FXGL Background Thread 3 ] DEBUG Engine               - class com.almasb.fxgl.io.FileSystemService
19:39:30.079 [FXGL Background Thread 3 ] DEBUG Engine               - class com.almasb.fxgl.localization.LocalizationService
19:39:30.079 [FXGL Background Thread 3 ] DEBUG Engine               - class com.almasb.fxgl.app.services.SystemBundleService
19:39:30.079 [FXGL Background Thread 3 ] DEBUG Engine               - class com.almasb.fxgl.profile.SaveLoadService
19:39:30.079 [FXGL Background Thread 3 ] DEBUG Engine               - class com.almasb.fxgl.ui.FXGLUIFactoryServiceProvider
19:39:30.079 [FXGL Background Thread 3 ] DEBUG Engine               - class com.almasb.fxgl.ui.FXGLDialogFactoryServiceProvider
19:39:30.079 [FXGL Background Thread 3 ] DEBUG Engine               - class com.almasb.fxgl.audio.AudioPlayer
19:39:30.079 [FXGL Background Thread 3 ] DEBUG Engine               - class com.almasb.fxgl.notification.impl.NotificationServiceProvider
19:39:30.079 [FXGL Background Thread 3 ] DEBUG Engine               - class com.almasb.fxgl.achievement.AchievementService
19:39:30.080 [FXGL Background Thread 3 ] DEBUG Engine               - class com.almasb.fxgl.cutscene.CutsceneService
19:39:30.080 [FXGL Background Thread 3 ] DEBUG Engine               - class com.almasb.fxgl.minigames.MiniGameService
19:39:30.080 [FXGL Background Thread 3 ] DEBUG Engine               - class com.almasb.fxgl.net.NetService
19:39:30.080 [FXGL Background Thread 3 ] DEBUG Engine               - class com.almasb.fxgl.app.services.UpdaterService
19:39:30.080 [FXGL Background Thread 3 ] DEBUG Engine               - class com.almasb.fxgl.dev.DevService
19:39:30.106 [FXGL Background Thread 1 ] DEBUG FXGLAssetLoaderServi - Loading from file system: file:/C:/Users/Admin/Desktop/Bomberman/target/classes/assets/textures/player_die.png
19:39:30.108 [FXGL Background Thread 1 ] DEBUG FXGLAssetLoaderServi - Loading from file system: file:/C:/Users/Admin/Desktop/Bomberman/target/classes/assets/textures/player_down.png
19:39:30.109 [FXGL Background Thread 1 ] DEBUG FXGLAssetLoaderServi - Loading from file system: file:/C:/Users/Admin/Desktop/Bomberman/target/classes/assets/textures/player_right.png
19:39:30.110 [FXGL Background Thread 1 ] DEBUG FXGLAssetLoaderServi - Loading from file system: file:/C:/Users/Admin/Desktop/Bomberman/target/classes/assets/textures/player_up.png
19:39:30.111 [FXGL Background Thread 1 ] DEBUG FXGLAssetLoaderServi - Loading from file system: file:/C:/Users/Admin/Desktop/Bomberman/target/classes/assets/textures/player_left.png
19:39:30.123 [FXGL Background Thread 1 ] INFO  FXGLApplication      - Game initialization took: 2.863 sec
19:39:30.136 [JavaFX Application Thread] DEBUG Input                - Clearing active input actions
19:39:30.152 [JavaFX Application Thread] DEBUG GameApplicationServi - Removing overlay from FXGLLoadingScene and adding to GameScene
19:39:30.153 [JavaFX Application Thread] DEBUG PrimaryStageWindow   - FXGLLoadingScene -> GameScene
19:39:33.025 [JavaFX Application Thread] DEBUG FXGLAssetLoaderServi - Loading from file system: file:/C:/Users/Admin/Desktop/Bomberman/target/classes/assets/sounds/place_bomb.wav
19:39:33.109 [JavaFX Application Thread] DEBUG FXGLAssetLoaderServi - Loading from file system: file:/C:/Users/Admin/Desktop/Bomberman/target/classes/assets/textures/bomb.png
19:39:34.972 [JavaFX Application Thread] DEBUG FXGLAssetLoaderServi - Loading from file system: file:/C:/Users/Admin/Desktop/Bomberman/target/classes/assets/sounds/explosion.wav
19:39:34.983 [JavaFX Application Thread] DEBUG FXGLAssetLoaderServi - Loading from file system: file:/C:/Users/Admin/Desktop/Bomberman/target/classes/assets/textures/central_flame.png
19:39:34.986 [JavaFX Application Thread] DEBUG FXGLAssetLoaderServi - Loading from file system: file:/C:/Users/Admin/Desktop/Bomberman/target/classes/assets/textures/top_up_flame.png
19:39:34.987 [JavaFX Application Thread] DEBUG FXGLAssetLoaderServi - Loading from file system: file:/C:/Users/Admin/Desktop/Bomberman/target/classes/assets/textures/top_down_flame.png
19:39:34.988 [JavaFX Application Thread] DEBUG FXGLAssetLoaderServi - Loading from file system: file:/C:/Users/Admin/Desktop/Bomberman/target/classes/assets/textures/top_right_flame.png
19:39:34.990 [JavaFX Application Thread] DEBUG FXGLAssetLoaderServi - Loading from file system: file:/C:/Users/Admin/Desktop/Bomberman/target/classes/assets/textures/top_left_flame.png
19:40:05.694 [JavaFX Application Thread] DEBUG FXGLAssetLoaderServi - Loading from file system: file:/C:/Users/Admin/Desktop/Bomberman/target/classes/assets/sounds/powerup.wav
19:40:18.501 [JavaFX Application Thread] DEBUG FXGLApplication      - Exiting FXGL
19:40:18.501 [JavaFX Application Thread] DEBUG LoopRunner           - Stopping loop
19:40:18.501 [JavaFX Application Thread] DEBUG SystemBundleService  - Saving FXGL system data
19:40:18.503 [JavaFX Application Thread] DEBUG FileSystemAccess     - Writing to: C:\Users\Admin\Desktop\Bomberman\system\fxgl.bundle
19:40:18.505 [JavaFX Application Thread] DEBUG Async                - Shutting down background threads
19:40:18.506 [JavaFX Application Thread] DEBUG PrimaryStageWindow   - Closing main window
19:40:18.520 [JavaFX Application Thread] DEBUG Logger               - Closing Logger
