08:49:54.278 [main                     ] DEBUG Logger               - Configured Logger
08:49:54.282 [main                     ] DEBUG GameApplication      - Logging settings
Title: BOMBERMAN
Version: 1.0
Width: 1488
Height: 624
Fullscreen: true
Intro: false
Profiling: false
Single step:false
App Mode: DEVELOPER
Menu Key: ESCAPE
Stage Style: DECORATED
Scene Factory: class com.almasb.fxgl.app.scene.SceneFactory

08:49:54.704 [JavaFX Application Thread] DEBUG FXGLApplication      - Initializing FXGL
08:49:54.707 [JavaFX Application Thread] INFO  Engine               - FXGL-11.17 (16.07.2021 15.46) on WINDOWS (J:11.0.16.1 FX:16)
08:49:54.707 [JavaFX Application Thread] DEBUG Engine               - JRE Vendor Name: Oracle Corporation
08:49:54.708 [JavaFX Application Thread] DEBUG Engine               - Running on OS: Windows 11 version 10.0
08:49:54.708 [JavaFX Application Thread] DEBUG Engine               - Architecture: amd64
08:49:54.708 [JavaFX Application Thread] INFO  Engine               - Source code and latest versions at: https://github.com/AlmasB/FXGL
08:49:54.708 [JavaFX Application Thread] INFO  Engine               -              Join the FXGL chat at: https://gitter.im/AlmasB/FXGL
08:49:54.848 [JavaFX Application Thread] DEBUG PrimaryStageWindow   - Creating a JavaFX scene
08:49:54.848 [JavaFX Application Thread] DEBUG PrimaryStageWindow   - Target size > screen size
08:49:54.922 [JavaFX Application Thread] DEBUG PrimaryStageWindow   - Target settings size: 1488.0 x 624.0
08:49:54.923 [JavaFX Application Thread] DEBUG PrimaryStageWindow   - Scaled scene size:    1415.0 x 603.0
08:49:54.923 [JavaFX Application Thread] DEBUG PrimaryStageWindow   - Scaled ratio: (0.9509408602150538, 0.9663461538461539)
08:49:54.925 [JavaFX Application Thread] DEBUG PrimaryStageWindow   - Set initial scene to FXGLStartupScene
08:49:54.938 [JavaFX Application Thread] DEBUG PrimaryStageWindow   - Opening main window
08:49:55.066 [JavaFX Application Thread] DEBUG PrimaryStageWindow   - Window border size: (13.0, 35.5)
08:49:55.066 [JavaFX Application Thread] DEBUG PrimaryStageWindow   - Scaled size: 1415.0 x 603.0
08:49:55.067 [JavaFX Application Thread] DEBUG PrimaryStageWindow   - Scaled ratio: (0.9509408602150538, 0.9663461538461539)
08:49:55.067 [JavaFX Application Thread] DEBUG PrimaryStageWindow   - Scene size: 1415.0 x 603.0
08:49:55.067 [JavaFX Application Thread] DEBUG PrimaryStageWindow   - Stage size: 1428.0 x 638.5
08:49:55.079 [FXGL Background Thread 1 ] DEBUG Engine               - Initializing environment variables
08:49:55.164 [FXGL Background Thread 1 ] DEBUG FXGLAssetLoaderServi - User app class for loading assets: class Bomberman.BombermanGame
08:49:55.164 [FXGL Background Thread 1 ] DEBUG GameApplicationServi - Applying CSS: fxgl_dark.css
08:49:55.165 [FXGL Background Thread 1 ] DEBUG FXGLAssetLoaderServi - Loading from file system: jar:file:/C:/Users/Admin/.m2/repository/com/github/almasb/fxgl/11.17/fxgl-11.17.jar!/fxglassets/ui/css/fxgl_dark.css
08:49:55.223 [FXGL Background Thread 1 ] DEBUG GameApplicationServi - Initializing application scenes
08:49:55.269 [FXGL Background Thread 1 ] DEBUG GameWorld            - Game world initialized
08:49:55.342 [FXGL Background Thread 1 ] DEBUG PhysicsWorld         - Physics world initialized: appHeight=624, physics.ppm=50.0
08:49:55.342 [FXGL Background Thread 1 ] DEBUG PhysicsWorld         - Using strategy: BRUTE_FORCE
08:49:55.345 [FXGL Background Thread 1 ] DEBUG GameScene            - Game scene initialized: 1488x624
08:49:55.359 [FXGL Background Thread 1 ] DEBUG FXGL.DefaultMenu     - createMenuBodyGameMenu()
08:49:55.381 [FXGL Background Thread 1 ] DEBUG FXGL.DefaultMenu     - createOptionsMenu()
08:49:55.393 [FXGL Background Thread 1 ] DEBUG FXGLAssetLoaderServi - Loading from file system: jar:file:/C:/Users/Admin/.m2/repository/com/github/almasb/fxgl/11.17/fxgl-11.17.jar!/fxglassets/textures/particles/smoke.png
08:49:55.508 [FXGL Background Thread 1 ] DEBUG FXGLAssetLoaderServi - Loading from file system: jar:file:/C:/Users/Admin/.m2/repository/com/github/almasb/fxgl/11.17/fxgl-11.17.jar!/fxglassets/textures/particles/trace_horizontal.png
08:49:55.536 [FXGL Background Thread 1 ] DEBUG GameApplicationServi - Application scenes initialized
08:49:55.548 [FXGL Background Thread 1 ] DEBUG SystemBundleService  - Loading FXGL system data
08:49:55.553 [FXGL Background Thread 1 ] DEBUG FileSystemAccess     - Reading from: C:\Users\Admin\Desktop\Bomberman\system\fxgl.bundle
08:49:55.558 [FXGL Background Thread 1 ] DEBUG SystemBundleService  - Bundle FXGL: {}
08:49:55.558 [FXGL Background Thread 1 ] DEBUG UpdaterService       - Checking for updates
08:49:55.562 [FXGL Background Thread 4 ] DEBUG FXGLApplication      - Loading fonts
08:49:55.562 [FXGL Background Thread 1 ] DEBUG FXGLApplication      - Loading default localization
08:49:55.562 [FXGL Background Thread 4 ] DEBUG FXGLAssetLoaderServi - Loading from file system: jar:file:/C:/Users/Admin/.m2/repository/com/github/almasb/fxgl/11.17/fxgl-11.17.jar!/fxglassets/ui/fonts/VarelaRound-Regular.ttf
08:49:55.563 [FXGL Background Thread 1 ] DEBUG FXGLAssetLoaderServi - Loading from file system: jar:file:/C:/Users/Admin/.m2/repository/com/github/almasb/fxgl/11.17/fxgl-11.17.jar!/fxglassets/languages/english.lang
08:49:55.579 [FXGL Background Thread 1 ] INFO  FXGLApplication      - FXGL initialization took: 0.500 sec
08:49:55.593 [JavaFX Application Thread] DEBUG Input                - Registered new binding: Move Left - A
08:49:55.593 [JavaFX Application Thread] DEBUG Input                - Registered new binding: Move Right - D
08:49:55.593 [JavaFX Application Thread] DEBUG Input                - Registered new binding: Move Up - W
08:49:55.593 [JavaFX Application Thread] DEBUG Input                - Registered new binding: Move Down - S
08:49:55.594 [JavaFX Application Thread] DEBUG Input                - Registered new binding: Place Bomb - Space
08:49:55.594 [JavaFX Application Thread] DEBUG Input                - Registered new binding: Switch to classic bomb - 1
08:49:55.594 [JavaFX Application Thread] DEBUG Input                - Registered new binding: Switch to lazer bomb - 2
08:49:55.594 [JavaFX Application Thread] DEBUG Input                - Registered new binding: Switch to light bomb - 3
08:49:55.595 [JavaFX Application Thread] DEBUG FXGLAssetLoaderServi - Loading from file system: jar:file:/C:/Users/Admin/.m2/repository/com/github/almasb/fxgl/11.17/fxgl-11.17.jar!/fxglassets/textures/fxgl_icon.png
08:49:55.623 [JavaFX Application Thread] DEBUG FXGLAssetLoaderServi - Loading from file system: jar:file:/C:/Users/Admin/.m2/repository/com/github/almasb/fxgl/11.17/fxgl-11.17.jar!/fxglassets/textures/fxgl_default_cursor.png
08:49:55.627 [JavaFX Application Thread] DEBUG Input                - Registered new binding: Screenshot - CTRL+8
08:49:55.627 [JavaFX Application Thread] DEBUG Input                - Registered new binding: System info dump - CTRL+9
08:49:55.628 [JavaFX Application Thread] DEBUG Input                - Registered new binding: Restart - CTRL+R
08:49:55.629 [JavaFX Application Thread] DEBUG Input                - Registered new binding: Toggle Debug Camera - CTRL+C
08:49:55.633 [JavaFX Application Thread] DEBUG LoopRunner           - Starting loop
08:49:55.633 [JavaFX Application Thread] DEBUG LoopRunner           - Initializing JavaFX AnimationTimerLoop
08:49:55.635 [JavaFX Application Thread] DEBUG GameApplicationServi - Starting new game
08:49:55.638 [JavaFX Application Thread] DEBUG Input                - Clearing active input actions
08:49:55.697 [JavaFX Application Thread] DEBUG GameApplicationServi - Removing overlay from FXGLStartupScene and adding to FXGLLoadingScene
08:49:55.698 [JavaFX Application Thread] DEBUG PrimaryStageWindow   - FXGLStartupScene -> FXGLLoadingScene
08:49:55.698 [JavaFX Application Thread] DEBUG GameApplicationServi - Clearing previous game
08:49:55.699 [JavaFX Application Thread] DEBUG GameScene            - Clearing game scene
08:49:55.699 [JavaFX Application Thread] DEBUG GameWorld            - Clearing game world
08:49:55.699 [JavaFX Application Thread] DEBUG PhysicsWorld         - Clearing physics world
08:49:55.701 [FXGL Background Thread 1 ] DEBUG FXGLApplication      - Initializing game
08:49:55.731 [FXGL Background Thread 1 ] DEBUG FXGLAssetLoaderServi - Loading from file system: file:/C:/Users/Admin/Desktop/Bomberman/target/classes/assets/textures/wall.png
08:49:55.835 [FXGL Background Thread 1 ] DEBUG FXGLAssetLoaderServi - Loading from file system: file:/C:/Users/Admin/Desktop/Bomberman/target/classes/assets/textures/player_die.png
08:49:55.840 [FXGL Background Thread 1 ] DEBUG FXGLAssetLoaderServi - Loading from file system: file:/C:/Users/Admin/Desktop/Bomberman/target/classes/assets/textures/player_down.png
08:49:55.842 [FXGL Background Thread 1 ] DEBUG FXGLAssetLoaderServi - Loading from file system: file:/C:/Users/Admin/Desktop/Bomberman/target/classes/assets/textures/player_right.png
08:49:55.844 [FXGL Background Thread 1 ] DEBUG FXGLAssetLoaderServi - Loading from file system: file:/C:/Users/Admin/Desktop/Bomberman/target/classes/assets/textures/player_up.png
08:49:55.846 [FXGL Background Thread 1 ] DEBUG FXGLAssetLoaderServi - Loading from file system: file:/C:/Users/Admin/Desktop/Bomberman/target/classes/assets/textures/player_left.png
08:49:55.861 [FXGL Background Thread 1 ] DEBUG FXGLAssetLoaderServi - Loading from file system: file:/C:/Users/Admin/Desktop/Bomberman/target/classes/assets/textures/powerup_bombs.png
08:49:55.867 [FXGL Background Thread 1 ] DEBUG FXGLAssetLoaderServi - Loading from file system: file:/C:/Users/Admin/Desktop/Bomberman/target/classes/assets/textures/brick.png
08:49:55.869 [FXGL Background Thread 1 ] DEBUG FXGLAssetLoaderServi - Loading from file system: file:/C:/Users/Admin/Desktop/Bomberman/target/classes/assets/textures/brick_break.png
08:49:55.875 [FXGL Background Thread 1 ] DEBUG FXGLAssetLoaderServi - Loading from file system: file:/C:/Users/Admin/Desktop/Bomberman/target/classes/assets/textures/powerup_speed.png
08:49:55.883 [FXGL Background Thread 1 ] DEBUG FXGLAssetLoaderServi - Loading from file system: file:/C:/Users/Admin/Desktop/Bomberman/target/classes/assets/textures/enemy1.png
08:49:55.907 [FXGL Background Thread 1 ] DEBUG FXGLAssetLoaderServi - Loading from file system: file:/C:/Users/Admin/Desktop/Bomberman/target/classes/assets/textures/enemy2.png
08:49:55.986 [FXGL Background Thread 1 ] DEBUG FXGLAssetLoaderServi - Loading from file system: file:/C:/Users/Admin/Desktop/Bomberman/target/classes/assets/textures/portal.png
08:49:56.040 [FXGL Background Thread 1 ] DEBUG FXGLAssetLoaderServi - Loading from file system: file:/C:/Users/Admin/Desktop/Bomberman/target/classes/assets/textures/powerup_flames.png
08:49:56.159 [FXGL Background Thread 1 ] INFO  FXGLApplication      - Game initialization took: 0.458 sec
08:49:56.160 [JavaFX Application Thread] DEBUG Input                - Clearing active input actions
08:49:56.161 [FXGL Background Thread 4 ] DEBUG FXGLAssetLoaderServi - Loading from file system: jar:file:/C:/Users/Admin/.m2/repository/com/github/almasb/fxgl/11.17/fxgl-11.17.jar!/fxglassets/ui/fonts/Abel-Regular.ttf
08:49:56.168 [FXGL Background Thread 4 ] DEBUG FXGLAssetLoaderServi - Loading from file system: jar:file:/C:/Users/Admin/.m2/repository/com/github/almasb/fxgl/11.17/fxgl-11.17.jar!/fxglassets/ui/fonts/lucida_console.ttf
08:49:56.178 [FXGL Background Thread 4 ] DEBUG FXGLAssetLoaderServi - Loading from file system: jar:file:/C:/Users/Admin/.m2/repository/com/github/almasb/fxgl/11.17/fxgl-11.17.jar!/fxglassets/ui/fonts/Courier-Prime.ttf
08:49:56.189 [JavaFX Application Thread] DEBUG GameApplicationServi - Removing overlay from FXGLLoadingScene and adding to GameScene
08:49:56.189 [JavaFX Application Thread] DEBUG PrimaryStageWindow   - FXGLLoadingScene -> GameScene
08:49:56.264 [JavaFX Application Thread] DEBUG FXGLApplication      - Registering font factories with UI factory
08:49:56.694 [FXGL Background Thread 2 ] INFO  UpdaterService       - Your current version:  11.17
08:49:56.694 [FXGL Background Thread 2 ] INFO  UpdaterService       - Latest stable version: 17.2
08:49:57.066 [JavaFX Application Thread] DEBUG FXGLApplication      - Exiting FXGL
08:49:57.066 [JavaFX Application Thread] DEBUG LoopRunner           - Stopping loop
08:49:57.066 [JavaFX Application Thread] DEBUG SystemBundleService  - Saving FXGL system data
08:49:57.068 [JavaFX Application Thread] DEBUG FileSystemAccess     - Writing to: C:\Users\Admin\Desktop\Bomberman\system\fxgl.bundle
08:49:57.069 [JavaFX Application Thread] DEBUG Async                - Shutting down background threads
08:49:57.070 [JavaFX Application Thread] DEBUG PrimaryStageWindow   - Closing main window
08:49:57.081 [JavaFX Application Thread] DEBUG Logger               - Closing Logger
