15:44:37.885 [main                     ] DEBUG Logger               - Configured Logger
15:44:37.905 [main                     ] DEBUG GameApplication      - Logging settings
Title: BOMBER
 MAN
Version: 1.0
Width: 1280
Height: 720
Fullscreen: true
Intro: false
Profiling: false
Single step:false
App Mode: DEVELOPER
Menu Key: ESCAPE
Stage Style: DECORATED
Scene Factory: class Bomberman.BombermanGame$1

15:44:38.352 [JavaFX Application Thread] DEBUG FXGLApplication      - Initializing FXGL
15:44:38.356 [JavaFX Application Thread] INFO  Engine               - FXGL-11.17 (16.07.2021 15.46) on WINDOWS (J:11.0.16.1 FX:16)
15:44:38.356 [JavaFX Application Thread] DEBUG Engine               - JRE Vendor Name: Oracle Corporation
15:44:38.357 [JavaFX Application Thread] DEBUG Engine               - Running on OS: Windows 11 version 10.0
15:44:38.357 [JavaFX Application Thread] DEBUG Engine               - Architecture: amd64
15:44:38.357 [JavaFX Application Thread] INFO  Engine               - Source code and latest versions at: https://github.com/AlmasB/FXGL
15:44:38.358 [JavaFX Application Thread] INFO  Engine               -              Join the FXGL chat at: https://gitter.im/AlmasB/FXGL
15:44:38.487 [JavaFX Application Thread] DEBUG PrimaryStageWindow   - Creating a JavaFX scene
15:44:38.552 [JavaFX Application Thread] DEBUG PrimaryStageWindow   - Target settings size: 1280.0 x 720.0
15:44:38.553 [JavaFX Application Thread] DEBUG PrimaryStageWindow   - Scaled scene size:    1280.0 x 720.0
15:44:38.553 [JavaFX Application Thread] DEBUG PrimaryStageWindow   - Scaled ratio: (1.0, 1.0)
15:44:38.554 [JavaFX Application Thread] DEBUG PrimaryStageWindow   - Set initial scene to FXGLStartupScene
15:44:38.567 [JavaFX Application Thread] DEBUG PrimaryStageWindow   - Opening main window
15:44:38.673 [JavaFX Application Thread] DEBUG PrimaryStageWindow   - Window border size: (13.0, 35.5)
15:44:38.673 [JavaFX Application Thread] DEBUG PrimaryStageWindow   - Scaled size: 1280.0 x 720.0
15:44:38.673 [JavaFX Application Thread] DEBUG PrimaryStageWindow   - Scaled ratio: (1.0, 1.0)
15:44:38.673 [JavaFX Application Thread] DEBUG PrimaryStageWindow   - Scene size: 1280.0 x 720.0
15:44:38.674 [JavaFX Application Thread] DEBUG PrimaryStageWindow   - Stage size: 1293.0 x 755.5
15:44:38.684 [FXGL Background Thread 1 ] DEBUG Engine               - Initializing environment variables
15:44:38.800 [FXGL Background Thread 1 ] DEBUG FXGLAssetLoaderServi - User app class for loading assets: class Bomberman.BombermanGame
15:44:38.800 [FXGL Background Thread 1 ] DEBUG GameApplicationServi - Applying CSS: fxgl_dark.css
15:44:38.802 [FXGL Background Thread 1 ] DEBUG FXGLAssetLoaderServi - Loading from file system: jar:file:/C:/Users/Admin/.m2/repository/com/github/almasb/fxgl/11.17/fxgl-11.17.jar!/fxglassets/ui/css/fxgl_dark.css
15:44:38.888 [FXGL Background Thread 1 ] DEBUG GameApplicationServi - Initializing application scenes
15:44:38.950 [FXGL Background Thread 1 ] DEBUG GameWorld            - Game world initialized
15:44:39.034 [FXGL Background Thread 1 ] DEBUG PhysicsWorld         - Physics world initialized: appHeight=720, physics.ppm=50.0
15:44:39.034 [FXGL Background Thread 1 ] DEBUG PhysicsWorld         - Using strategy: BRUTE_FORCE
15:44:39.037 [FXGL Background Thread 1 ] DEBUG GameScene            - Game scene initialized: 1280x720
15:44:39.175 [FXGL Background Thread 1 ] DEBUG GameApplicationServi - Application scenes initialized
15:44:39.189 [FXGL Background Thread 1 ] DEBUG SystemBundleService  - Loading FXGL system data
15:44:39.194 [FXGL Background Thread 1 ] DEBUG FileSystemAccess     - Reading from: C:\Users\Admin\Desktop\Bomberman\system\fxgl.bundle
15:44:39.200 [FXGL Background Thread 1 ] DEBUG SystemBundleService  - Bundle FXGL: {}
15:44:39.201 [FXGL Background Thread 1 ] DEBUG UpdaterService       - Checking for updates
15:44:39.206 [FXGL Background Thread 4 ] DEBUG FXGLApplication      - Loading fonts
15:44:39.207 [FXGL Background Thread 1 ] DEBUG FXGLApplication      - Loading default localization
15:44:39.207 [FXGL Background Thread 4 ] DEBUG FXGLAssetLoaderServi - Loading from file system: file:/C:/Users/Admin/Desktop/Bomberman/target/classes/assets/ui/fonts/game_font.ttf
15:44:39.207 [FXGL Background Thread 1 ] DEBUG FXGLAssetLoaderServi - Loading from file system: jar:file:/C:/Users/Admin/.m2/repository/com/github/almasb/fxgl/11.17/fxgl-11.17.jar!/fxglassets/languages/english.lang
15:44:39.224 [FXGL Background Thread 1 ] INFO  FXGLApplication      - FXGL initialization took: 0.539 sec
15:44:39.238 [JavaFX Application Thread] DEBUG Input                - Registered new binding: Move Left - A
15:44:39.239 [JavaFX Application Thread] DEBUG Input                - Registered new binding: Move Right - D
15:44:39.239 [JavaFX Application Thread] DEBUG Input                - Registered new binding: Move Up - W
15:44:39.239 [JavaFX Application Thread] DEBUG Input                - Registered new binding: Move Down - S
15:44:39.239 [JavaFX Application Thread] DEBUG Input                - Registered new binding: Place Bomb - Space
15:44:39.239 [JavaFX Application Thread] DEBUG Input                - Registered new binding: Switch to classic bomb - 1
15:44:39.239 [JavaFX Application Thread] DEBUG Input                - Registered new binding: Switch to lazer bomb - 2
15:44:39.240 [JavaFX Application Thread] DEBUG Input                - Registered new binding: Switch to light bomb - 3
15:44:39.240 [JavaFX Application Thread] DEBUG Input                - Registered new binding: Next level - P
15:44:39.240 [JavaFX Application Thread] DEBUG LoopRunner           - Stopping loop
15:44:39.241 [JavaFX Application Thread] DEBUG LoopRunner           - Initializing JavaFX AnimationTimerLoop
15:44:39.245 [JavaFX Application Thread] FATAL FXGLApplication      - Uncaught Exception:
java.lang.IllegalArgumentException: Trigger is already bound: P
	at com.almasb.fxgl.input.Input.addBinding(Input.kt:451)
	at com.almasb.fxgl.input.Input.addAction(Input.kt:446)
	at com.almasb.fxgl.input.Input.addAction$default(Input.kt:443)
	at com.almasb.fxgl.input.Input.addAction(Input.kt)
	at Bomberman.BombermanGame.initInput(BombermanGame.java:238)
	at com.almasb.fxgl.app.FXGLApplication$GameApplicationService.onMainLoopStarting(FXGLApplication.kt:529)
	at com.almasb.fxgl.app.Engine.startLoop(Engine.kt:149)
	at com.almasb.fxgl.app.FXGLApplication.startImpl$lambda-3(FXGLApplication.kt:145)
	at com.almasb.fxgl.core.concurrent.IOTask.succeed(IOTask.java:164)
	at com.almasb.fxgl.core.concurrent.IOTask$1.succeeded(IOTask.java:153)
	at javafx.concurrent.Task.setState(Task.java:726)
	at javafx.concurrent.Task$TaskCallable.lambda$call$1(Task.java:1436)
	at com.sun.javafx.application.PlatformImpl.lambda$runLater$10(PlatformImpl.java:447)
	at java.base/java.security.AccessController.doPrivileged(Native Method)
	at com.sun.javafx.application.PlatformImpl.lambda$runLater$11(PlatformImpl.java:446)
	at com.sun.glass.ui.InvokeLaterDispatcher$Future.run(InvokeLaterDispatcher.java:96)
	at com.sun.glass.ui.win.WinApplication._runLoop(Native Method)
	at com.sun.glass.ui.win.WinApplication.lambda$runLoop$3(WinApplication.java:174)
	at java.base/java.lang.Thread.run(Thread.java:834)

15:44:39.245 [JavaFX Application Thread] FATAL FXGLApplication      - Application will now exit
15:44:39.284 [JavaFX Application Thread] DEBUG PrimaryStageWindow   - Push state: ErrorSubScene
15:44:39.284 [JavaFX Application Thread] DEBUG Input                - Clearing active input actions
15:44:39.305 [JavaFX Application Thread] DEBUG GameApplicationServi - Removing overlay from FXGLStartupScene and adding to ErrorSubScene
15:44:39.306 [JavaFX Application Thread] DEBUG PrimaryStageWindow   - FXGLStartupScene -> ErrorSubScene
15:44:39.627 [FXGL Background Thread 4 ] DEBUG FXGLAssetLoaderServi - Loading from file system: jar:file:/C:/Users/Admin/.m2/repository/com/github/almasb/fxgl/11.17/fxgl-11.17.jar!/fxglassets/ui/fonts/Abel-Regular.ttf
15:44:39.634 [FXGL Background Thread 4 ] DEBUG FXGLAssetLoaderServi - Loading from file system: jar:file:/C:/Users/Admin/.m2/repository/com/github/almasb/fxgl/11.17/fxgl-11.17.jar!/fxglassets/ui/fonts/lucida_console.ttf
15:44:39.644 [FXGL Background Thread 4 ] DEBUG FXGLAssetLoaderServi - Loading from file system: jar:file:/C:/Users/Admin/.m2/repository/com/github/almasb/fxgl/11.17/fxgl-11.17.jar!/fxglassets/ui/fonts/Courier-Prime.ttf
15:44:39.870 [JavaFX Application Thread] DEBUG FXGLApplication      - Registering font factories with UI factory
15:44:40.538 [FXGL Background Thread 2 ] INFO  UpdaterService       - Your current version:  11.17
15:44:40.538 [FXGL Background Thread 2 ] INFO  UpdaterService       - Latest stable version: 17.2
15:44:42.206 [FXGL Background Thread 3 ] DEBUG Engine               - Logging environment variables
15:44:42.206 [FXGL Background Thread 3 ] DEBUG Engine               - achievements: []
15:44:42.207 [FXGL Background Thread 3 ] DEBUG Engine               - actualHeight: 720.0
15:44:42.207 [FXGL Background Thread 3 ] DEBUG Engine               - actualHeightProperty: ReadOnlyDoubleProperty [value: 720.0]
15:44:42.207 [FXGL Background Thread 3 ] DEBUG Engine               - actualWidth: 1280.0
15:44:42.207 [FXGL Background Thread 3 ] DEBUG Engine               - actualWidthProperty: ReadOnlyDoubleProperty [value: 1280.0]
15:44:42.207 [FXGL Background Thread 3 ] DEBUG Engine               - appIcon: fxgl_icon.png
15:44:42.207 [FXGL Background Thread 3 ] DEBUG Engine               - applicationMode: DEVELOPER
15:44:42.207 [FXGL Background Thread 3 ] DEBUG Engine               - cSSList: [fxgl_dark.css]
15:44:42.207 [FXGL Background Thread 3 ] DEBUG Engine               - collisionDetectionStrategy: BRUTE_FORCE
15:44:42.207 [FXGL Background Thread 3 ] DEBUG Engine               - configClass: Optional.empty
15:44:42.207 [FXGL Background Thread 3 ] DEBUG Engine               - credits: []
15:44:42.207 [FXGL Background Thread 3 ] DEBUG Engine               - defaultCursor: CursorInfo(imageName=fxgl_default_cursor.png, hotspotX=7.0, hotspotY=6.0)
15:44:42.208 [FXGL Background Thread 3 ] DEBUG Engine               - devBBoxColorProperty: ObjectProperty [value: 0xff0000ff]
15:44:42.208 [FXGL Background Thread 3 ] DEBUG Engine               - devEnableDebugCameraProperty: BooleanProperty [value: false]
15:44:42.208 [JavaFX Application Thread] DEBUG FXGLApplication      - Exiting FXGL
15:44:42.208 [FXGL Background Thread 3 ] DEBUG Engine               - devSensorColorProperty: ObjectProperty [value: 0xffff00ff]
15:44:42.208 [FXGL Background Thread 3 ] DEBUG Engine               - devShowBBoxProperty: BooleanProperty [value: false]
15:44:42.208 [JavaFX Application Thread] DEBUG Async                - Shutting down background threads
15:44:42.208 [FXGL Background Thread 3 ] DEBUG Engine               - devShowPositionProperty: BooleanProperty [value: false]
15:44:42.208 [FXGL Background Thread 3 ] DEBUG Engine               - enabledMenuItems: []
15:44:42.208 [FXGL Background Thread 3 ] DEBUG Engine               - engineServices: [class com.almasb.fxgl.app.services.FXGLAssetLoaderService, class com.almasb.fxgl.app.FXGLApplication$GameApplicationService, class com.almasb.fxgl.app.services.FXGLDialogService, class com.almasb.fxgl.app.services.IOTaskExecutorService, class com.almasb.fxgl.io.FileSystemService, class com.almasb.fxgl.localization.LocalizationService, class com.almasb.fxgl.app.services.SystemBundleService, class com.almasb.fxgl.profile.SaveLoadService, class com.almasb.fxgl.ui.FXGLUIFactoryServiceProvider, class com.almasb.fxgl.ui.FXGLDialogFactoryServiceProvider, class com.almasb.fxgl.audio.AudioPlayer, class com.almasb.fxgl.notification.impl.NotificationServiceProvider, class com.almasb.fxgl.achievement.AchievementService, class com.almasb.fxgl.cutscene.CutsceneService, class com.almasb.fxgl.minigames.MiniGameService, class com.almasb.fxgl.net.NetService, class com.almasb.fxgl.app.services.UpdaterService, class com.almasb.fxgl.dev.DevService]
15:44:42.208 [FXGL Background Thread 3 ] DEBUG Engine               - fontGame: Abel-Regular.ttf
15:44:42.208 [FXGL Background Thread 3 ] DEBUG Engine               - fontMono: lucida_console.ttf
15:44:42.208 [JavaFX Application Thread] DEBUG PrimaryStageWindow   - Closing main window
15:44:42.208 [FXGL Background Thread 3 ] DEBUG Engine               - fontText: Courier-Prime.ttf
15:44:42.208 [FXGL Background Thread 3 ] DEBUG Engine               - fontUI: game_font.ttf
15:44:42.208 [FXGL Background Thread 3 ] DEBUG Engine               - fullScreen: BooleanProperty [value: false]
15:44:42.209 [FXGL Background Thread 3 ] DEBUG Engine               - gameDifficulty: MEDIUM
15:44:42.209 [FXGL Background Thread 3 ] DEBUG Engine               - gameDifficultyProperty: ObjectProperty [value: MEDIUM]
15:44:42.209 [FXGL Background Thread 3 ] DEBUG Engine               - globalMusicVolume: 0.5
15:44:42.209 [FXGL Background Thread 3 ] DEBUG Engine               - globalMusicVolumeProperty: DoubleProperty [value: 0.5]
15:44:42.209 [FXGL Background Thread 3 ] DEBUG Engine               - globalSoundVolume: 0.5
15:44:42.209 [FXGL Background Thread 3 ] DEBUG Engine               - globalSoundVolumeProperty: DoubleProperty [value: 0.5]
15:44:42.209 [FXGL Background Thread 3 ] DEBUG Engine               - height: 720
15:44:42.209 [FXGL Background Thread 3 ] DEBUG Engine               - is3D: false
15:44:42.209 [FXGL Background Thread 3 ] DEBUG Engine               - isAndroid: false
15:44:42.209 [FXGL Background Thread 3 ] DEBUG Engine               - isBrowser: false
15:44:42.209 [FXGL Background Thread 3 ] DEBUG Engine               - isClickFeedbackEnabled: false
15:44:42.209 [FXGL Background Thread 3 ] DEBUG Engine               - isCloseConfirmation: false
15:44:42.209 [FXGL Background Thread 3 ] DEBUG Engine               - isDesktop: true
15:44:42.210 [FXGL Background Thread 3 ] DEBUG Engine               - isDeveloperMenuEnabled: false
15:44:42.210 [FXGL Background Thread 3 ] DEBUG Engine               - isEntityPreloadEnabled: true
15:44:42.210 [FXGL Background Thread 3 ] DEBUG Engine               - isExperimentalTiledLargeMap: false
15:44:42.210 [FXGL Background Thread 3 ] DEBUG Engine               - isFileSystemWriteAllowed: true
15:44:42.210 [FXGL Background Thread 3 ] DEBUG Engine               - isFullScreenAllowed: true
15:44:42.210 [FXGL Background Thread 3 ] DEBUG Engine               - isFullScreenFromStart: false
15:44:42.210 [FXGL Background Thread 3 ] DEBUG Engine               - isGameMenuEnabled: true
15:44:42.210 [FXGL Background Thread 3 ] DEBUG Engine               - isIOS: false
15:44:42.210 [FXGL Background Thread 3 ] DEBUG Engine               - isIntroEnabled: false
15:44:42.210 [FXGL Background Thread 3 ] DEBUG Engine               - isLinux: false
15:44:42.210 [FXGL Background Thread 3 ] DEBUG Engine               - isMac: false
15:44:42.210 [FXGL Background Thread 3 ] DEBUG Engine               - isMainMenuEnabled: true
15:44:42.210 [FXGL Background Thread 3 ] DEBUG Engine               - isManualResizeEnabled: false
15:44:42.210 [FXGL Background Thread 3 ] DEBUG Engine               - isMobile: false
15:44:42.210 [FXGL Background Thread 3 ] DEBUG Engine               - isNative: false
15:44:42.210 [FXGL Background Thread 3 ] DEBUG Engine               - isPauseMusicWhenMinimized: true
15:44:42.210 [FXGL Background Thread 3 ] DEBUG Engine               - isPreserveResizeRatio: false
15:44:42.210 [FXGL Background Thread 3 ] DEBUG Engine               - isProfilingEnabled: false
15:44:42.210 [FXGL Background Thread 3 ] DEBUG Engine               - isScaleAffectedOnResize: true
15:44:42.210 [FXGL Background Thread 3 ] DEBUG Engine               - isSingleStep: false
15:44:42.210 [FXGL Background Thread 3 ] DEBUG Engine               - isUserProfileEnabled: false
15:44:42.210 [FXGL Background Thread 3 ] DEBUG Engine               - isWindows: true
15:44:42.210 [FXGL Background Thread 3 ] DEBUG Engine               - language: ObjectProperty [value: ENGLISH]
15:44:42.211 [FXGL Background Thread 3 ] DEBUG Engine               - menuKey: ESCAPE
15:44:42.211 [FXGL Background Thread 3 ] DEBUG Engine               - mouseSensitivity: 0.2
15:44:42.211 [FXGL Background Thread 3 ] DEBUG Engine               - notificationViewClass: class com.almasb.fxgl.notification.view.XboxNotificationView
15:44:42.211 [FXGL Background Thread 3 ] DEBUG Engine               - pixelsPerMeter: 50.0
15:44:42.211 [FXGL Background Thread 3 ] DEBUG Engine               - platform: WINDOWS
15:44:42.211 [FXGL Background Thread 3 ] DEBUG Engine               - prefHeightProperty: ReadOnlyDoubleProperty [value: 720.0]
15:44:42.211 [FXGL Background Thread 3 ] DEBUG Engine               - prefWidthProperty: ReadOnlyDoubleProperty [value: 1280.0]
15:44:42.211 [FXGL Background Thread 3 ] DEBUG Engine               - profileDir: profiles/
15:44:42.211 [FXGL Background Thread 3 ] DEBUG Engine               - profileName: StringProperty [value: DEFAULT]
15:44:42.211 [FXGL Background Thread 3 ] DEBUG Engine               - randomSeed: -1
15:44:42.211 [FXGL Background Thread 3 ] DEBUG Engine               - runtimeInfo: RuntimeInfo(platform=WINDOWS, version=11.17, build=16.07.2021 15.46)
15:44:42.211 [FXGL Background Thread 3 ] DEBUG Engine               - saveFileExt: sav
15:44:42.211 [FXGL Background Thread 3 ] DEBUG Engine               - scaledHeightProp$fxgl: DoubleProperty [bound, value: 720.0]
15:44:42.211 [FXGL Background Thread 3 ] DEBUG Engine               - scaledWidthProp$fxgl: DoubleProperty [bound, value: 1280.0]
15:44:42.211 [FXGL Background Thread 3 ] DEBUG Engine               - sceneFactory: Bomberman.BombermanGame$1@4aa9b3e0
15:44:42.211 [FXGL Background Thread 3 ] DEBUG Engine               - secondsIn24h: 60
15:44:42.211 [FXGL Background Thread 3 ] DEBUG Engine               - soundMenuBack: menu/back.wav
15:44:42.211 [FXGL Background Thread 3 ] DEBUG Engine               - soundMenuPress: menu/press.wav
15:44:42.212 [FXGL Background Thread 3 ] DEBUG Engine               - soundMenuSelect: menu/select.wav
15:44:42.212 [FXGL Background Thread 3 ] DEBUG Engine               - soundNotification: core/notification.wav
15:44:42.212 [FXGL Background Thread 3 ] DEBUG Engine               - stageStyle: DECORATED
15:44:42.212 [FXGL Background Thread 3 ] DEBUG Engine               - supportedLanguages: [ENGLISH, FRENCH, GERMAN, HUNGARIAN, RUSSIAN]
15:44:42.212 [FXGL Background Thread 3 ] DEBUG Engine               - ticksPerSecond: -1
15:44:42.212 [FXGL Background Thread 3 ] DEBUG Engine               - title: BOMBER
 MAN
15:44:42.212 [FXGL Background Thread 3 ] DEBUG Engine               - urlGithub: https://github.com/AlmasB/FXGL
15:44:42.212 [FXGL Background Thread 3 ] DEBUG Engine               - urlLeaderboard: http://fxgl-top.herokuapp.com/
15:44:42.212 [FXGL Background Thread 3 ] DEBUG Engine               - urlPOM: https://raw.githubusercontent.com/AlmasB/FXGL/release/README.md
15:44:42.212 [FXGL Background Thread 3 ] DEBUG Engine               - userAppClass: class Bomberman.BombermanGame
15:44:42.212 [FXGL Background Thread 3 ] DEBUG Engine               - version: 1.0
15:44:42.212 [FXGL Background Thread 3 ] DEBUG Engine               - versionCheckDays: 7
15:44:42.212 [FXGL Background Thread 3 ] DEBUG Engine               - width: 1280
15:44:42.212 [FXGL Background Thread 3 ] DEBUG Engine               - Logging services
15:44:42.212 [FXGL Background Thread 3 ] DEBUG Engine               - class com.almasb.fxgl.app.services.FXGLAssetLoaderService
15:44:42.212 [FXGL Background Thread 3 ] DEBUG Engine               - class com.almasb.fxgl.app.FXGLApplication$GameApplicationService
15:44:42.212 [FXGL Background Thread 3 ] DEBUG Engine               - class com.almasb.fxgl.app.services.FXGLDialogService
15:44:42.212 [FXGL Background Thread 3 ] DEBUG Engine               - class com.almasb.fxgl.app.services.IOTaskExecutorService
15:44:42.212 [FXGL Background Thread 3 ] DEBUG Engine               - class com.almasb.fxgl.io.FileSystemService
15:44:42.212 [FXGL Background Thread 3 ] DEBUG Engine               - class com.almasb.fxgl.localization.LocalizationService
15:44:42.212 [FXGL Background Thread 3 ] DEBUG Engine               - class com.almasb.fxgl.app.services.SystemBundleService
15:44:42.213 [FXGL Background Thread 3 ] DEBUG Engine               - class com.almasb.fxgl.profile.SaveLoadService
15:44:42.213 [FXGL Background Thread 3 ] DEBUG Engine               - class com.almasb.fxgl.ui.FXGLUIFactoryServiceProvider
15:44:42.213 [FXGL Background Thread 3 ] DEBUG Engine               - class com.almasb.fxgl.ui.FXGLDialogFactoryServiceProvider
15:44:42.213 [FXGL Background Thread 3 ] DEBUG Engine               - class com.almasb.fxgl.audio.AudioPlayer
15:44:42.213 [FXGL Background Thread 3 ] DEBUG Engine               - class com.almasb.fxgl.notification.impl.NotificationServiceProvider
15:44:42.213 [FXGL Background Thread 3 ] DEBUG Engine               - class com.almasb.fxgl.achievement.AchievementService
15:44:42.213 [FXGL Background Thread 3 ] DEBUG Engine               - class com.almasb.fxgl.cutscene.CutsceneService
15:44:42.213 [FXGL Background Thread 3 ] DEBUG Engine               - class com.almasb.fxgl.minigames.MiniGameService
15:44:42.213 [FXGL Background Thread 3 ] DEBUG Engine               - class com.almasb.fxgl.net.NetService
15:44:42.213 [FXGL Background Thread 3 ] DEBUG Engine               - class com.almasb.fxgl.app.services.UpdaterService
15:44:42.213 [FXGL Background Thread 3 ] DEBUG Engine               - class com.almasb.fxgl.dev.DevService
15:44:42.224 [JavaFX Application Thread] DEBUG Logger               - Closing Logger
