12:43:24.966 [main                     ] DEBUG Logger               - Configured Logger
12:43:24.970 [main                     ] DEBUG GameApplication      - Logging settings
Title: BOMBERMAN
Version: 1.0
Width: 1280
Height: 720
Fullscreen: true
Intro: false
Profiling: false
Single step:false
App Mode: DEVELOPER
Menu Key: ESCAPE
Stage Style: DECORATED
Scene Factory: class com.almasb.fxgl.app.scene.SceneFactory

12:43:25.496 [JavaFX Application Thread] DEBUG FXGLApplication      - Initializing FXGL
12:43:25.499 [JavaFX Application Thread] INFO  Engine               - FXGL-11.17 (16.07.2021 15.46) on WINDOWS (J:11.0.16.1 FX:16)
12:43:25.500 [JavaFX Application Thread] DEBUG Engine               - JRE Vendor Name: Oracle Corporation
12:43:25.500 [JavaFX Application Thread] DEBUG Engine               - Running on OS: Windows 11 version 10.0
12:43:25.500 [JavaFX Application Thread] DEBUG Engine               - Architecture: amd64
12:43:25.501 [JavaFX Application Thread] INFO  Engine               - Source code and latest versions at: https://github.com/AlmasB/FXGL
12:43:25.501 [JavaFX Application Thread] INFO  Engine               -              Join the FXGL chat at: https://gitter.im/AlmasB/FXGL
12:43:25.670 [JavaFX Application Thread] DEBUG PrimaryStageWindow   - Creating a JavaFX scene
12:43:25.745 [JavaFX Application Thread] DEBUG PrimaryStageWindow   - Target settings size: 1280.0 x 720.0
12:43:25.745 [JavaFX Application Thread] DEBUG PrimaryStageWindow   - Scaled scene size:    1280.0 x 720.0
12:43:25.745 [JavaFX Application Thread] DEBUG PrimaryStageWindow   - Scaled ratio: (1.0, 1.0)
12:43:25.747 [JavaFX Application Thread] DEBUG PrimaryStageWindow   - Set initial scene to FXGLStartupScene
12:43:25.759 [JavaFX Application Thread] DEBUG PrimaryStageWindow   - Opening main window
12:43:25.888 [JavaFX Application Thread] DEBUG PrimaryStageWindow   - Window border size: (13.0, 35.5)
12:43:25.888 [JavaFX Application Thread] DEBUG PrimaryStageWindow   - Scaled size: 1280.0 x 720.0
12:43:25.888 [JavaFX Application Thread] DEBUG PrimaryStageWindow   - Scaled ratio: (1.0, 1.0)
12:43:25.889 [JavaFX Application Thread] DEBUG PrimaryStageWindow   - Scene size: 1280.0 x 720.0
12:43:25.889 [JavaFX Application Thread] DEBUG PrimaryStageWindow   - Stage size: 1293.0 x 755.5
12:43:25.900 [FXGL Background Thread 1 ] DEBUG Engine               - Initializing environment variables
12:43:25.998 [FXGL Background Thread 1 ] DEBUG FXGLAssetLoaderServi - User app class for loading assets: class Bomberman.BombermanGame
12:43:25.998 [FXGL Background Thread 1 ] DEBUG GameApplicationServi - Applying CSS: fxgl_dark.css
12:43:26.000 [FXGL Background Thread 1 ] DEBUG FXGLAssetLoaderServi - Loading from file system: jar:file:/C:/Users/Admin/.m2/repository/com/github/almasb/fxgl/11.17/fxgl-11.17.jar!/fxglassets/ui/css/fxgl_dark.css
12:43:26.071 [FXGL Background Thread 1 ] DEBUG GameApplicationServi - Initializing application scenes
12:43:26.126 [FXGL Background Thread 1 ] DEBUG GameWorld            - Game world initialized
12:43:26.206 [FXGL Background Thread 1 ] DEBUG PhysicsWorld         - Physics world initialized: appHeight=720, physics.ppm=50.0
12:43:26.207 [FXGL Background Thread 1 ] DEBUG PhysicsWorld         - Using strategy: BRUTE_FORCE
12:43:26.212 [FXGL Background Thread 1 ] DEBUG GameScene            - Game scene initialized: 1280x720
12:43:26.229 [FXGL Background Thread 1 ] DEBUG FXGL.DefaultMenu     - createMenuBodyGameMenu()
12:43:26.254 [FXGL Background Thread 1 ] DEBUG FXGL.DefaultMenu     - createOptionsMenu()
12:43:26.269 [FXGL Background Thread 1 ] DEBUG FXGLAssetLoaderServi - Loading from file system: jar:file:/C:/Users/Admin/.m2/repository/com/github/almasb/fxgl/11.17/fxgl-11.17.jar!/fxglassets/textures/particles/smoke.png
12:43:26.393 [FXGL Background Thread 1 ] DEBUG FXGLAssetLoaderServi - Loading from file system: jar:file:/C:/Users/Admin/.m2/repository/com/github/almasb/fxgl/11.17/fxgl-11.17.jar!/fxglassets/textures/particles/trace_horizontal.png
12:43:26.436 [FXGL Background Thread 1 ] DEBUG GameApplicationServi - Application scenes initialized
12:43:26.451 [FXGL Background Thread 1 ] DEBUG SystemBundleService  - Loading FXGL system data
12:43:26.456 [FXGL Background Thread 1 ] DEBUG FileSystemAccess     - Reading from: C:\Users\Admin\Desktop\Bomberman\system\fxgl.bundle
12:43:26.463 [FXGL Background Thread 1 ] DEBUG SystemBundleService  - Bundle FXGL: {}
12:43:26.464 [FXGL Background Thread 1 ] DEBUG UpdaterService       - Checking for updates
12:43:26.468 [FXGL Background Thread 4 ] DEBUG FXGLApplication      - Loading fonts
12:43:26.469 [FXGL Background Thread 1 ] DEBUG FXGLApplication      - Loading default localization
12:43:26.469 [FXGL Background Thread 4 ] DEBUG FXGLAssetLoaderServi - Loading from file system: jar:file:/C:/Users/Admin/.m2/repository/com/github/almasb/fxgl/11.17/fxgl-11.17.jar!/fxglassets/ui/fonts/VarelaRound-Regular.ttf
12:43:26.470 [FXGL Background Thread 1 ] DEBUG FXGLAssetLoaderServi - Loading from file system: jar:file:/C:/Users/Admin/.m2/repository/com/github/almasb/fxgl/11.17/fxgl-11.17.jar!/fxglassets/languages/english.lang
12:43:26.487 [FXGL Background Thread 1 ] INFO  FXGLApplication      - FXGL initialization took: 0.586 sec
12:43:26.502 [JavaFX Application Thread] DEBUG Input                - Registered new binding: Move Left - A
12:43:26.503 [JavaFX Application Thread] DEBUG Input                - Registered new binding: Move Right - D
12:43:26.503 [JavaFX Application Thread] DEBUG Input                - Registered new binding: Move Up - W
12:43:26.503 [JavaFX Application Thread] DEBUG Input                - Registered new binding: Move Down - S
12:43:26.503 [JavaFX Application Thread] DEBUG Input                - Registered new binding: Place Bomb - Space
12:43:26.503 [JavaFX Application Thread] DEBUG Input                - Registered new binding: Switch to classic bomb - 1
12:43:26.504 [JavaFX Application Thread] DEBUG Input                - Registered new binding: Switch to lazer bomb - 2
12:43:26.504 [JavaFX Application Thread] DEBUG Input                - Registered new binding: Switch to light bomb - 3
12:43:26.505 [JavaFX Application Thread] DEBUG FXGLAssetLoaderServi - Loading from file system: jar:file:/C:/Users/Admin/.m2/repository/com/github/almasb/fxgl/11.17/fxgl-11.17.jar!/fxglassets/textures/fxgl_icon.png
12:43:26.541 [JavaFX Application Thread] DEBUG FXGLAssetLoaderServi - Loading from file system: jar:file:/C:/Users/Admin/.m2/repository/com/github/almasb/fxgl/11.17/fxgl-11.17.jar!/fxglassets/textures/fxgl_default_cursor.png
12:43:26.548 [JavaFX Application Thread] DEBUG Input                - Registered new binding: Screenshot - CTRL+8
12:43:26.549 [JavaFX Application Thread] DEBUG Input                - Registered new binding: System info dump - CTRL+9
12:43:26.550 [JavaFX Application Thread] DEBUG Input                - Registered new binding: Restart - CTRL+R
12:43:26.551 [JavaFX Application Thread] DEBUG Input                - Registered new binding: Toggle Debug Camera - CTRL+C
12:43:26.556 [JavaFX Application Thread] DEBUG LoopRunner           - Starting loop
12:43:26.556 [JavaFX Application Thread] DEBUG LoopRunner           - Initializing JavaFX AnimationTimerLoop
12:43:26.558 [JavaFX Application Thread] DEBUG GameApplicationServi - Starting new game
12:43:26.559 [JavaFX Application Thread] DEBUG Input                - Clearing active input actions
12:43:26.604 [JavaFX Application Thread] DEBUG GameApplicationServi - Removing overlay from FXGLStartupScene and adding to FXGLLoadingScene
12:43:26.604 [JavaFX Application Thread] DEBUG PrimaryStageWindow   - FXGLStartupScene -> FXGLLoadingScene
12:43:26.605 [JavaFX Application Thread] DEBUG GameApplicationServi - Clearing previous game
12:43:26.605 [JavaFX Application Thread] DEBUG GameScene            - Clearing game scene
12:43:26.605 [JavaFX Application Thread] DEBUG GameWorld            - Clearing game world
12:43:26.605 [JavaFX Application Thread] DEBUG PhysicsWorld         - Clearing physics world
12:43:26.609 [FXGL Background Thread 1 ] DEBUG FXGLApplication      - Initializing game
12:43:26.648 [FXGL Background Thread 1 ] DEBUG FXGLAssetLoaderServi - Loading from file system: file:/C:/Users/Admin/Desktop/Bomberman/target/classes/assets/textures/wall.png
12:43:26.744 [FXGL Background Thread 1 ] DEBUG FXGLAssetLoaderServi - Loading from file system: file:/C:/Users/Admin/Desktop/Bomberman/target/classes/assets/textures/player_die.png
12:43:26.749 [FXGL Background Thread 1 ] DEBUG FXGLAssetLoaderServi - Loading from file system: file:/C:/Users/Admin/Desktop/Bomberman/target/classes/assets/textures/player_down.png
12:43:26.751 [FXGL Background Thread 1 ] DEBUG FXGLAssetLoaderServi - Loading from file system: file:/C:/Users/Admin/Desktop/Bomberman/target/classes/assets/textures/player_right.png
12:43:26.753 [FXGL Background Thread 1 ] DEBUG FXGLAssetLoaderServi - Loading from file system: file:/C:/Users/Admin/Desktop/Bomberman/target/classes/assets/textures/player_up.png
12:43:26.756 [FXGL Background Thread 1 ] DEBUG FXGLAssetLoaderServi - Loading from file system: file:/C:/Users/Admin/Desktop/Bomberman/target/classes/assets/textures/player_left.png
12:43:26.770 [FXGL Background Thread 1 ] DEBUG FXGLAssetLoaderServi - Loading from file system: file:/C:/Users/Admin/Desktop/Bomberman/target/classes/assets/textures/brick.png
12:43:26.772 [FXGL Background Thread 1 ] DEBUG FXGLAssetLoaderServi - Loading from file system: file:/C:/Users/Admin/Desktop/Bomberman/target/classes/assets/textures/brick_break.png
12:43:26.783 [FXGL Background Thread 1 ] DEBUG FXGLAssetLoaderServi - Loading from file system: file:/C:/Users/Admin/Desktop/Bomberman/target/classes/assets/textures/enemy1.png
12:43:26.800 [FXGL Background Thread 1 ] DEBUG FXGLAssetLoaderServi - Loading from file system: file:/C:/Users/Admin/Desktop/Bomberman/target/classes/assets/textures/enemy2.png
12:43:26.872 [FXGL Background Thread 1 ] DEBUG FXGLAssetLoaderServi - Loading from file system: file:/C:/Users/Admin/Desktop/Bomberman/target/classes/assets/textures/portal.png
12:43:26.922 [FXGL Background Thread 1 ] DEBUG FXGLAssetLoaderServi - Loading from file system: file:/C:/Users/Admin/Desktop/Bomberman/target/classes/assets/textures/powerup_flames.png
12:43:27.080 [FXGL Background Thread 1 ] DEBUG FXGLAssetLoaderServi - Loading from file system: file:/C:/Users/Admin/Desktop/Bomberman/target/classes/assets/textures/enemy4.png
12:43:27.102 [FXGL Background Thread 1 ] DEBUG FXGLAssetLoaderServi - Loading from file system: file:/C:/Users/Admin/Desktop/Bomberman/target/classes/assets/textures/enemy3.png
12:43:27.140 [FXGL Background Thread 1 ] INFO  FXGLApplication      - Game initialization took: 0.530 sec
12:43:27.148 [JavaFX Application Thread] DEBUG Input                - Clearing active input actions
12:43:27.191 [JavaFX Application Thread] DEBUG GameApplicationServi - Removing overlay from FXGLLoadingScene and adding to GameScene
12:43:27.192 [JavaFX Application Thread] DEBUG PrimaryStageWindow   - FXGLLoadingScene -> GameScene
12:43:27.203 [FXGL Background Thread 4 ] DEBUG FXGLAssetLoaderServi - Loading from file system: jar:file:/C:/Users/Admin/.m2/repository/com/github/almasb/fxgl/11.17/fxgl-11.17.jar!/fxglassets/ui/fonts/Abel-Regular.ttf
12:43:27.210 [FXGL Background Thread 4 ] DEBUG FXGLAssetLoaderServi - Loading from file system: jar:file:/C:/Users/Admin/.m2/repository/com/github/almasb/fxgl/11.17/fxgl-11.17.jar!/fxglassets/ui/fonts/lucida_console.ttf
12:43:27.221 [FXGL Background Thread 4 ] DEBUG FXGLAssetLoaderServi - Loading from file system: jar:file:/C:/Users/Admin/.m2/repository/com/github/almasb/fxgl/11.17/fxgl-11.17.jar!/fxglassets/ui/fonts/Courier-Prime.ttf
12:43:27.306 [JavaFX Application Thread] DEBUG FXGLApplication      - Registering font factories with UI factory
12:43:27.754 [FXGL Background Thread 2 ] INFO  UpdaterService       - Your current version:  11.17
12:43:27.755 [FXGL Background Thread 2 ] INFO  UpdaterService       - Latest stable version: 17.2
12:43:28.779 [JavaFX Application Thread] DEBUG FXGLApplication      - Exiting FXGL
12:43:28.780 [JavaFX Application Thread] DEBUG LoopRunner           - Stopping loop
12:43:28.780 [JavaFX Application Thread] DEBUG SystemBundleService  - Saving FXGL system data
12:43:28.782 [JavaFX Application Thread] DEBUG FileSystemAccess     - Writing to: C:\Users\Admin\Desktop\Bomberman\system\fxgl.bundle
12:43:28.784 [JavaFX Application Thread] DEBUG Async                - Shutting down background threads
12:43:28.785 [JavaFX Application Thread] DEBUG PrimaryStageWindow   - Closing main window
12:43:28.821 [JavaFX Application Thread] DEBUG Logger               - Closing Logger
