20:45:57.806 [main                     ] DEBUG Logger               - Configured Logger
20:45:57.810 [main                     ] DEBUG GameApplication      - Logging settings
Title: BOMBERMAN
Version: 1.0
Width: 624
Height: 624
Fullscreen: true
Intro: false
Profiling: false
Single step:false
App Mode: DEVELOPER
Menu Key: ESCAPE
Stage Style: DECORATED
Scene Factory: class com.almasb.fxgl.app.scene.SceneFactory

20:45:58.347 [JavaFX Application Thread] DEBUG FXGLApplication      - Initializing FXGL
20:45:58.350 [JavaFX Application Thread] INFO  Engine               - FXGL-11.17 (16.07.2021 15.46) on WINDOWS (J:11.0.16.1 FX:16)
20:45:58.351 [JavaFX Application Thread] DEBUG Engine               - JRE Vendor Name: Oracle Corporation
20:45:58.351 [JavaFX Application Thread] DEBUG Engine               - Running on OS: Windows 11 version 10.0
20:45:58.351 [JavaFX Application Thread] DEBUG Engine               - Architecture: amd64
20:45:58.351 [JavaFX Application Thread] INFO  Engine               - Source code and latest versions at: https://github.com/AlmasB/FXGL
20:45:58.352 [JavaFX Application Thread] INFO  Engine               -              Join the FXGL chat at: https://gitter.im/AlmasB/FXGL
20:45:58.502 [JavaFX Application Thread] DEBUG PrimaryStageWindow   - Creating a JavaFX scene
20:45:58.576 [JavaFX Application Thread] DEBUG PrimaryStageWindow   - Target settings size: 624.0 x 624.0
20:45:58.577 [JavaFX Application Thread] DEBUG PrimaryStageWindow   - Scaled scene size:    624.0 x 624.0
20:45:58.577 [JavaFX Application Thread] DEBUG PrimaryStageWindow   - Scaled ratio: (1.0, 1.0)
20:45:58.579 [JavaFX Application Thread] DEBUG PrimaryStageWindow   - Set initial scene to FXGLStartupScene
20:45:58.590 [JavaFX Application Thread] DEBUG PrimaryStageWindow   - Opening main window
20:45:58.703 [JavaFX Application Thread] DEBUG PrimaryStageWindow   - Window border size: (13.0, 35.5)
20:45:58.703 [JavaFX Application Thread] DEBUG PrimaryStageWindow   - Scaled size: 624.0 x 624.0
20:45:58.703 [JavaFX Application Thread] DEBUG PrimaryStageWindow   - Scaled ratio: (1.0, 1.0)
20:45:58.703 [JavaFX Application Thread] DEBUG PrimaryStageWindow   - Scene size: 624.0 x 624.0
20:45:58.703 [JavaFX Application Thread] DEBUG PrimaryStageWindow   - Stage size: 637.0 x 659.5
20:45:58.716 [FXGL Background Thread 1 ] DEBUG Engine               - Initializing environment variables
20:45:58.795 [FXGL Background Thread 1 ] DEBUG FXGLAssetLoaderServi - User app class for loading assets: class Bomberman.BombermanGame
20:45:58.795 [FXGL Background Thread 1 ] DEBUG GameApplicationServi - Applying CSS: fxgl_dark.css
20:45:58.796 [FXGL Background Thread 1 ] DEBUG FXGLAssetLoaderServi - Loading from file system: jar:file:/C:/Users/Admin/.m2/repository/com/github/almasb/fxgl/11.17/fxgl-11.17.jar!/fxglassets/ui/css/fxgl_dark.css
20:45:58.847 [FXGL Background Thread 1 ] DEBUG GameApplicationServi - Initializing application scenes
20:45:58.898 [FXGL Background Thread 1 ] DEBUG GameWorld            - Game world initialized
20:45:58.978 [FXGL Background Thread 1 ] DEBUG PhysicsWorld         - Physics world initialized: appHeight=624, physics.ppm=50.0
20:45:58.979 [FXGL Background Thread 1 ] DEBUG PhysicsWorld         - Using strategy: BRUTE_FORCE
20:45:58.982 [FXGL Background Thread 1 ] DEBUG GameScene            - Game scene initialized: 624x624
20:45:58.999 [FXGL Background Thread 1 ] WARN  FXGL.DefaultMenu     - FXGLDefaultMenu is not designed for resolutions < 800x600
20:45:59.000 [FXGL Background Thread 1 ] DEBUG FXGL.DefaultMenu     - createMenuBodyGameMenu()
20:45:59.020 [FXGL Background Thread 1 ] DEBUG FXGL.DefaultMenu     - createOptionsMenu()
20:45:59.032 [FXGL Background Thread 1 ] DEBUG FXGLAssetLoaderServi - Loading from file system: jar:file:/C:/Users/Admin/.m2/repository/com/github/almasb/fxgl/11.17/fxgl-11.17.jar!/fxglassets/textures/particles/smoke.png
20:45:59.150 [FXGL Background Thread 1 ] DEBUG FXGLAssetLoaderServi - Loading from file system: jar:file:/C:/Users/Admin/.m2/repository/com/github/almasb/fxgl/11.17/fxgl-11.17.jar!/fxglassets/textures/particles/trace_horizontal.png
20:45:59.185 [FXGL Background Thread 1 ] DEBUG GameApplicationServi - Application scenes initialized
20:45:59.200 [FXGL Background Thread 1 ] DEBUG SystemBundleService  - Loading FXGL system data
20:45:59.205 [FXGL Background Thread 1 ] DEBUG FileSystemAccess     - Reading from: C:\Users\Admin\Desktop\Bomberman\system\fxgl.bundle
20:45:59.213 [FXGL Background Thread 1 ] DEBUG SystemBundleService  - Bundle FXGL: {}
20:45:59.213 [FXGL Background Thread 1 ] DEBUG UpdaterService       - Checking for updates
20:45:59.218 [FXGL Background Thread 4 ] DEBUG FXGLApplication      - Loading fonts
20:45:59.218 [FXGL Background Thread 4 ] DEBUG FXGLAssetLoaderServi - Loading from file system: jar:file:/C:/Users/Admin/.m2/repository/com/github/almasb/fxgl/11.17/fxgl-11.17.jar!/fxglassets/ui/fonts/VarelaRound-Regular.ttf
20:45:59.218 [FXGL Background Thread 1 ] DEBUG FXGLApplication      - Loading default localization
20:45:59.219 [FXGL Background Thread 1 ] DEBUG FXGLAssetLoaderServi - Loading from file system: jar:file:/C:/Users/Admin/.m2/repository/com/github/almasb/fxgl/11.17/fxgl-11.17.jar!/fxglassets/languages/english.lang
20:45:59.239 [FXGL Background Thread 1 ] INFO  FXGLApplication      - FXGL initialization took: 0.524 sec
20:45:59.257 [JavaFX Application Thread] DEBUG Input                - Registered new binding: Move Left - A
20:45:59.258 [JavaFX Application Thread] DEBUG Input                - Registered new binding: Move Right - D
20:45:59.258 [JavaFX Application Thread] DEBUG Input                - Registered new binding: Move Up - W
20:45:59.258 [JavaFX Application Thread] DEBUG Input                - Registered new binding: Move Down - S
20:45:59.258 [JavaFX Application Thread] DEBUG Input                - Registered new binding: Place Bomb - Space
20:45:59.259 [JavaFX Application Thread] DEBUG Input                - Registered new binding: Switch to classic bomb - 1
20:45:59.259 [JavaFX Application Thread] DEBUG Input                - Registered new binding: Switch to lazer bomb - 2
20:45:59.259 [JavaFX Application Thread] DEBUG Input                - Registered new binding: Switch to light bomb - 3
20:45:59.259 [JavaFX Application Thread] DEBUG Input                - Registered new binding: Exit game - Esc
20:45:59.549 [FXGL Background Thread 4 ] DEBUG FXGLAssetLoaderServi - Loading from file system: jar:file:/C:/Users/Admin/.m2/repository/com/github/almasb/fxgl/11.17/fxgl-11.17.jar!/fxglassets/ui/fonts/Abel-Regular.ttf
20:45:59.553 [FXGL Background Thread 4 ] DEBUG FXGLAssetLoaderServi - Loading from file system: jar:file:/C:/Users/Admin/.m2/repository/com/github/almasb/fxgl/11.17/fxgl-11.17.jar!/fxglassets/ui/fonts/lucida_console.ttf
20:45:59.559 [FXGL Background Thread 4 ] DEBUG FXGLAssetLoaderServi - Loading from file system: jar:file:/C:/Users/Admin/.m2/repository/com/github/almasb/fxgl/11.17/fxgl-11.17.jar!/fxglassets/ui/fonts/Courier-Prime.ttf
20:46:00.079 [FXGL Background Thread 2 ] INFO  UpdaterService       - Your current version:  11.17
20:46:00.080 [FXGL Background Thread 2 ] INFO  UpdaterService       - Latest stable version: 17.2
20:46:00.873 [JavaFX Application Thread] DEBUG FXGLAssetLoaderServi - Loading from file system: file:/C:/Users/Admin/Desktop/Bomberman/target/classes/assets/textures/player_die.png
20:46:00.877 [JavaFX Application Thread] DEBUG FXGLAssetLoaderServi - Loading from file system: file:/C:/Users/Admin/Desktop/Bomberman/target/classes/assets/textures/player_down.png
20:46:00.880 [JavaFX Application Thread] DEBUG FXGLAssetLoaderServi - Loading from file system: file:/C:/Users/Admin/Desktop/Bomberman/target/classes/assets/textures/player_right.png
20:46:00.882 [JavaFX Application Thread] DEBUG FXGLAssetLoaderServi - Loading from file system: file:/C:/Users/Admin/Desktop/Bomberman/target/classes/assets/textures/player_up.png
20:46:00.885 [JavaFX Application Thread] DEBUG FXGLAssetLoaderServi - Loading from file system: file:/C:/Users/Admin/Desktop/Bomberman/target/classes/assets/textures/player_left.png
20:46:00.895 [JavaFX Application Thread] DEBUG FXGLAssetLoaderServi - Loading from file system: jar:file:/C:/Users/Admin/.m2/repository/com/github/almasb/fxgl/11.17/fxgl-11.17.jar!/fxglassets/textures/fxgl_icon.png
20:46:00.909 [JavaFX Application Thread] DEBUG FXGLAssetLoaderServi - Loading from file system: jar:file:/C:/Users/Admin/.m2/repository/com/github/almasb/fxgl/11.17/fxgl-11.17.jar!/fxglassets/textures/fxgl_default_cursor.png
20:46:00.912 [JavaFX Application Thread] DEBUG Input                - Registered new binding: Screenshot - CTRL+8
20:46:00.912 [JavaFX Application Thread] DEBUG Input                - Registered new binding: System info dump - CTRL+9
20:46:00.912 [JavaFX Application Thread] DEBUG Input                - Registered new binding: Restart - CTRL+R
20:46:00.913 [JavaFX Application Thread] DEBUG Input                - Registered new binding: Toggle Debug Camera - CTRL+C
20:46:00.915 [JavaFX Application Thread] DEBUG LoopRunner           - Starting loop
20:46:00.915 [JavaFX Application Thread] DEBUG LoopRunner           - Initializing JavaFX AnimationTimerLoop
20:46:00.916 [JavaFX Application Thread] DEBUG GameApplicationServi - Starting new game
20:46:00.916 [JavaFX Application Thread] DEBUG Input                - Clearing active input actions
20:46:00.929 [JavaFX Application Thread] DEBUG GameApplicationServi - Removing overlay from FXGLStartupScene and adding to FXGLLoadingScene
20:46:00.930 [JavaFX Application Thread] DEBUG PrimaryStageWindow   - FXGLStartupScene -> FXGLLoadingScene
20:46:00.930 [JavaFX Application Thread] DEBUG GameApplicationServi - Clearing previous game
20:46:00.930 [JavaFX Application Thread] DEBUG GameScene            - Clearing game scene
20:46:00.930 [JavaFX Application Thread] DEBUG GameWorld            - Clearing game world
20:46:00.930 [JavaFX Application Thread] DEBUG PhysicsWorld         - Clearing physics world
20:46:00.931 [FXGL Background Thread 2 ] DEBUG FXGLApplication      - Initializing game
20:46:00.939 [JavaFX Application Thread] DEBUG FXGLApplication      - Registering font factories with UI factory
20:46:00.944 [FXGL Background Thread 2 ] DEBUG FXGLAssetLoaderServi - Loading from file system: file:/C:/Users/Admin/Desktop/Bomberman/target/classes/assets/textures/wall.png
20:46:00.965 [FXGL Background Thread 2 ] DEBUG FXGLAssetLoaderServi - Loading from file system: file:/C:/Users/Admin/Desktop/Bomberman/target/classes/assets/textures/brick.png
20:46:00.966 [FXGL Background Thread 2 ] DEBUG FXGLAssetLoaderServi - Loading from file system: file:/C:/Users/Admin/Desktop/Bomberman/target/classes/assets/textures/brick_break.png
20:46:00.979 [FXGL Background Thread 2 ] DEBUG FXGLAssetLoaderServi - Loading from file system: file:/C:/Users/Admin/Desktop/Bomberman/target/classes/assets/textures/portal.png
20:46:00.993 [FXGL Background Thread 2 ] DEBUG FXGLAssetLoaderServi - Loading from file system: file:/C:/Users/Admin/Desktop/Bomberman/target/classes/assets/textures/powerup_flames.png
20:46:00.997 [FXGL Background Thread 2 ] DEBUG FXGLAssetLoaderServi - Loading from file system: file:/C:/Users/Admin/Desktop/Bomberman/target/classes/assets/textures/powerup_bombs.png
20:46:01.011 [FXGL Background Thread 2 ] DEBUG FXGLAssetLoaderServi - Loading from file system: file:/C:/Users/Admin/Desktop/Bomberman/target/classes/assets/textures/powerup_speed.png
20:46:01.049 [FXGL Background Thread 2 ] INFO  FXGLApplication      - Game initialization took: 0.117 sec
20:46:01.050 [JavaFX Application Thread] DEBUG Input                - Clearing active input actions
20:46:01.069 [JavaFX Application Thread] DEBUG GameApplicationServi - Removing overlay from FXGLLoadingScene and adding to GameScene
20:46:01.070 [JavaFX Application Thread] DEBUG PrimaryStageWindow   - FXGLLoadingScene -> GameScene
20:46:02.218 [FXGL Background Thread 3 ] DEBUG Engine               - Logging environment variables
20:46:02.219 [FXGL Background Thread 3 ] DEBUG Engine               - achievements: []
20:46:02.219 [FXGL Background Thread 3 ] DEBUG Engine               - actualHeight: 624.0
20:46:02.219 [FXGL Background Thread 3 ] DEBUG Engine               - actualHeightProperty: ReadOnlyDoubleProperty [value: 624.0]
20:46:02.219 [FXGL Background Thread 3 ] DEBUG Engine               - actualWidth: 624.0
20:46:02.219 [FXGL Background Thread 3 ] DEBUG Engine               - actualWidthProperty: ReadOnlyDoubleProperty [value: 624.0]
20:46:02.219 [FXGL Background Thread 3 ] DEBUG Engine               - appIcon: fxgl_icon.png
20:46:02.219 [FXGL Background Thread 3 ] DEBUG Engine               - applicationMode: DEVELOPER
20:46:02.220 [FXGL Background Thread 3 ] DEBUG Engine               - cSSList: [fxgl_dark.css]
20:46:02.220 [FXGL Background Thread 3 ] DEBUG Engine               - collisionDetectionStrategy: BRUTE_FORCE
20:46:02.220 [FXGL Background Thread 3 ] DEBUG Engine               - configClass: Optional.empty
20:46:02.220 [FXGL Background Thread 3 ] DEBUG Engine               - credits: []
20:46:02.220 [FXGL Background Thread 3 ] DEBUG Engine               - defaultCursor: CursorInfo(imageName=fxgl_default_cursor.png, hotspotX=7.0, hotspotY=6.0)
20:46:02.220 [FXGL Background Thread 3 ] DEBUG Engine               - devBBoxColorProperty: ObjectProperty [value: 0xff0000ff]
20:46:02.220 [FXGL Background Thread 3 ] DEBUG Engine               - devEnableDebugCameraProperty: BooleanProperty [value: false]
20:46:02.220 [FXGL Background Thread 3 ] DEBUG Engine               - devSensorColorProperty: ObjectProperty [value: 0xffff00ff]
20:46:02.220 [FXGL Background Thread 3 ] DEBUG Engine               - devShowBBoxProperty: BooleanProperty [value: false]
20:46:02.220 [FXGL Background Thread 3 ] DEBUG Engine               - devShowPositionProperty: BooleanProperty [value: false]
20:46:02.220 [FXGL Background Thread 3 ] DEBUG Engine               - enabledMenuItems: []
20:46:02.220 [FXGL Background Thread 3 ] DEBUG Engine               - engineServices: [class com.almasb.fxgl.app.services.FXGLAssetLoaderService, class com.almasb.fxgl.app.FXGLApplication$GameApplicationService, class com.almasb.fxgl.app.services.FXGLDialogService, class com.almasb.fxgl.app.services.IOTaskExecutorService, class com.almasb.fxgl.io.FileSystemService, class com.almasb.fxgl.localization.LocalizationService, class com.almasb.fxgl.app.services.SystemBundleService, class com.almasb.fxgl.profile.SaveLoadService, class com.almasb.fxgl.ui.FXGLUIFactoryServiceProvider, class com.almasb.fxgl.ui.FXGLDialogFactoryServiceProvider, class com.almasb.fxgl.audio.AudioPlayer, class com.almasb.fxgl.notification.impl.NotificationServiceProvider, class com.almasb.fxgl.achievement.AchievementService, class com.almasb.fxgl.cutscene.CutsceneService, class com.almasb.fxgl.minigames.MiniGameService, class com.almasb.fxgl.net.NetService, class com.almasb.fxgl.app.services.UpdaterService, class com.almasb.fxgl.dev.DevService]
20:46:02.220 [FXGL Background Thread 3 ] DEBUG Engine               - fontGame: Abel-Regular.ttf
20:46:02.220 [FXGL Background Thread 3 ] DEBUG Engine               - fontMono: lucida_console.ttf
20:46:02.220 [FXGL Background Thread 3 ] DEBUG Engine               - fontText: Courier-Prime.ttf
20:46:02.220 [FXGL Background Thread 3 ] DEBUG Engine               - fontUI: VarelaRound-Regular.ttf
20:46:02.220 [FXGL Background Thread 3 ] DEBUG Engine               - fullScreen: BooleanProperty [value: false]
20:46:02.220 [FXGL Background Thread 3 ] DEBUG Engine               - gameDifficulty: MEDIUM
20:46:02.220 [FXGL Background Thread 3 ] DEBUG Engine               - gameDifficultyProperty: ObjectProperty [value: MEDIUM]
20:46:02.220 [FXGL Background Thread 3 ] DEBUG Engine               - globalMusicVolume: 0.5
20:46:02.220 [FXGL Background Thread 3 ] DEBUG Engine               - globalMusicVolumeProperty: DoubleProperty [value: 0.5]
20:46:02.220 [FXGL Background Thread 3 ] DEBUG Engine               - globalSoundVolume: 0.5
20:46:02.220 [FXGL Background Thread 3 ] DEBUG Engine               - globalSoundVolumeProperty: DoubleProperty [value: 0.5]
20:46:02.220 [FXGL Background Thread 3 ] DEBUG Engine               - height: 624
20:46:02.220 [FXGL Background Thread 3 ] DEBUG Engine               - is3D: false
20:46:02.220 [FXGL Background Thread 3 ] DEBUG Engine               - isAndroid: false
20:46:02.221 [FXGL Background Thread 3 ] DEBUG Engine               - isBrowser: false
20:46:02.221 [FXGL Background Thread 3 ] DEBUG Engine               - isClickFeedbackEnabled: false
20:46:02.221 [FXGL Background Thread 3 ] DEBUG Engine               - isCloseConfirmation: false
20:46:02.221 [FXGL Background Thread 3 ] DEBUG Engine               - isDesktop: true
20:46:02.221 [FXGL Background Thread 3 ] DEBUG Engine               - isDeveloperMenuEnabled: false
20:46:02.221 [FXGL Background Thread 3 ] DEBUG Engine               - isEntityPreloadEnabled: true
20:46:02.221 [FXGL Background Thread 3 ] DEBUG Engine               - isExperimentalTiledLargeMap: false
20:46:02.221 [FXGL Background Thread 3 ] DEBUG Engine               - isFileSystemWriteAllowed: true
20:46:02.221 [FXGL Background Thread 3 ] DEBUG Engine               - isFullScreenAllowed: true
20:46:02.221 [FXGL Background Thread 3 ] DEBUG Engine               - isFullScreenFromStart: false
20:46:02.221 [FXGL Background Thread 3 ] DEBUG Engine               - isGameMenuEnabled: true
20:46:02.221 [FXGL Background Thread 3 ] DEBUG Engine               - isIOS: false
20:46:02.221 [FXGL Background Thread 3 ] DEBUG Engine               - isIntroEnabled: false
20:46:02.221 [FXGL Background Thread 3 ] DEBUG Engine               - isLinux: false
20:46:02.221 [FXGL Background Thread 3 ] DEBUG Engine               - isMac: false
20:46:02.221 [FXGL Background Thread 3 ] DEBUG Engine               - isMainMenuEnabled: false
20:46:02.221 [FXGL Background Thread 3 ] DEBUG Engine               - isManualResizeEnabled: false
20:46:02.221 [FXGL Background Thread 3 ] DEBUG Engine               - isMobile: false
20:46:02.221 [FXGL Background Thread 3 ] DEBUG Engine               - isNative: false
20:46:02.221 [FXGL Background Thread 3 ] DEBUG Engine               - isPauseMusicWhenMinimized: true
20:46:02.221 [FXGL Background Thread 3 ] DEBUG Engine               - isPreserveResizeRatio: false
20:46:02.221 [FXGL Background Thread 3 ] DEBUG Engine               - isProfilingEnabled: false
20:46:02.221 [FXGL Background Thread 3 ] DEBUG Engine               - isScaleAffectedOnResize: true
20:46:02.221 [FXGL Background Thread 3 ] DEBUG Engine               - isSingleStep: false
20:46:02.221 [FXGL Background Thread 3 ] DEBUG Engine               - isUserProfileEnabled: false
20:46:02.221 [FXGL Background Thread 3 ] DEBUG Engine               - isWindows: true
20:46:02.221 [FXGL Background Thread 3 ] DEBUG Engine               - language: ObjectProperty [value: ENGLISH]
20:46:02.221 [FXGL Background Thread 3 ] DEBUG Engine               - menuKey: ESCAPE
20:46:02.221 [FXGL Background Thread 3 ] DEBUG Engine               - mouseSensitivity: 0.2
20:46:02.221 [FXGL Background Thread 3 ] DEBUG Engine               - notificationViewClass: class com.almasb.fxgl.notification.view.XboxNotificationView
20:46:02.221 [FXGL Background Thread 3 ] DEBUG Engine               - pixelsPerMeter: 50.0
20:46:02.221 [FXGL Background Thread 3 ] DEBUG Engine               - platform: WINDOWS
20:46:02.222 [FXGL Background Thread 3 ] DEBUG Engine               - prefHeightProperty: ReadOnlyDoubleProperty [value: 624.0]
20:46:02.222 [FXGL Background Thread 3 ] DEBUG Engine               - prefWidthProperty: ReadOnlyDoubleProperty [value: 624.0]
20:46:02.222 [FXGL Background Thread 3 ] DEBUG Engine               - profileDir: profiles/
20:46:02.222 [FXGL Background Thread 3 ] DEBUG Engine               - profileName: StringProperty [value: DEFAULT]
20:46:02.222 [FXGL Background Thread 3 ] DEBUG Engine               - randomSeed: -1
20:46:02.222 [FXGL Background Thread 3 ] DEBUG Engine               - runtimeInfo: RuntimeInfo(platform=WINDOWS, version=11.17, build=16.07.2021 15.46)
20:46:02.222 [FXGL Background Thread 3 ] DEBUG Engine               - saveFileExt: sav
20:46:02.222 [FXGL Background Thread 3 ] DEBUG Engine               - scaledHeightProp$fxgl: DoubleProperty [bound, value: 624.0]
20:46:02.222 [FXGL Background Thread 3 ] DEBUG Engine               - scaledWidthProp$fxgl: DoubleProperty [bound, value: 624.0]
20:46:02.222 [FXGL Background Thread 3 ] DEBUG Engine               - sceneFactory: com.almasb.fxgl.app.scene.SceneFactory@5d04d24e
20:46:02.222 [FXGL Background Thread 3 ] DEBUG Engine               - secondsIn24h: 60
20:46:02.222 [FXGL Background Thread 3 ] DEBUG Engine               - soundMenuBack: menu/back.wav
20:46:02.222 [FXGL Background Thread 3 ] DEBUG Engine               - soundMenuPress: menu/press.wav
20:46:02.222 [FXGL Background Thread 3 ] DEBUG Engine               - soundMenuSelect: menu/select.wav
20:46:02.222 [FXGL Background Thread 3 ] DEBUG Engine               - soundNotification: core/notification.wav
20:46:02.222 [FXGL Background Thread 3 ] DEBUG Engine               - stageStyle: DECORATED
20:46:02.223 [FXGL Background Thread 3 ] DEBUG Engine               - supportedLanguages: [ENGLISH, FRENCH, GERMAN, HUNGARIAN, RUSSIAN]
20:46:02.223 [FXGL Background Thread 3 ] DEBUG Engine               - ticksPerSecond: -1
20:46:02.223 [FXGL Background Thread 3 ] DEBUG Engine               - title: BOMBERMAN
20:46:02.223 [FXGL Background Thread 3 ] DEBUG Engine               - urlGithub: https://github.com/AlmasB/FXGL
20:46:02.223 [FXGL Background Thread 3 ] DEBUG Engine               - urlLeaderboard: http://fxgl-top.herokuapp.com/
20:46:02.223 [FXGL Background Thread 3 ] DEBUG Engine               - urlPOM: https://raw.githubusercontent.com/AlmasB/FXGL/release/README.md
20:46:02.223 [FXGL Background Thread 3 ] DEBUG Engine               - userAppClass: class Bomberman.BombermanGame
20:46:02.223 [FXGL Background Thread 3 ] DEBUG Engine               - version: 1.0
20:46:02.223 [FXGL Background Thread 3 ] DEBUG Engine               - versionCheckDays: 7
20:46:02.223 [FXGL Background Thread 3 ] DEBUG Engine               - width: 624
20:46:02.223 [FXGL Background Thread 3 ] DEBUG Engine               - Logging services
20:46:02.223 [FXGL Background Thread 3 ] DEBUG Engine               - class com.almasb.fxgl.app.services.FXGLAssetLoaderService
20:46:02.223 [FXGL Background Thread 3 ] DEBUG Engine               - class com.almasb.fxgl.app.FXGLApplication$GameApplicationService
20:46:02.223 [FXGL Background Thread 3 ] DEBUG Engine               - class com.almasb.fxgl.app.services.FXGLDialogService
20:46:02.223 [FXGL Background Thread 3 ] DEBUG Engine               - class com.almasb.fxgl.app.services.IOTaskExecutorService
20:46:02.223 [FXGL Background Thread 3 ] DEBUG Engine               - class com.almasb.fxgl.io.FileSystemService
20:46:02.223 [FXGL Background Thread 3 ] DEBUG Engine               - class com.almasb.fxgl.localization.LocalizationService
20:46:02.223 [FXGL Background Thread 3 ] DEBUG Engine               - class com.almasb.fxgl.app.services.SystemBundleService
20:46:02.223 [FXGL Background Thread 3 ] DEBUG Engine               - class com.almasb.fxgl.profile.SaveLoadService
20:46:02.223 [FXGL Background Thread 3 ] DEBUG Engine               - class com.almasb.fxgl.ui.FXGLUIFactoryServiceProvider
20:46:02.223 [FXGL Background Thread 3 ] DEBUG Engine               - class com.almasb.fxgl.ui.FXGLDialogFactoryServiceProvider
20:46:02.223 [FXGL Background Thread 3 ] DEBUG Engine               - class com.almasb.fxgl.audio.AudioPlayer
20:46:02.223 [FXGL Background Thread 3 ] DEBUG Engine               - class com.almasb.fxgl.notification.impl.NotificationServiceProvider
20:46:02.223 [FXGL Background Thread 3 ] DEBUG Engine               - class com.almasb.fxgl.achievement.AchievementService
20:46:02.223 [FXGL Background Thread 3 ] DEBUG Engine               - class com.almasb.fxgl.cutscene.CutsceneService
20:46:02.223 [FXGL Background Thread 3 ] DEBUG Engine               - class com.almasb.fxgl.minigames.MiniGameService
20:46:02.223 [FXGL Background Thread 3 ] DEBUG Engine               - class com.almasb.fxgl.net.NetService
20:46:02.223 [FXGL Background Thread 3 ] DEBUG Engine               - class com.almasb.fxgl.app.services.UpdaterService
20:46:02.223 [FXGL Background Thread 3 ] DEBUG Engine               - class com.almasb.fxgl.dev.DevService
20:46:04.846 [JavaFX Application Thread] DEBUG FXGLAssetLoaderServi - Loading from file system: file:/C:/Users/Admin/Desktop/Bomberman/target/classes/assets/sounds/place_bomb.wav
20:46:04.935 [JavaFX Application Thread] DEBUG FXGLAssetLoaderServi - Loading from file system: file:/C:/Users/Admin/Desktop/Bomberman/target/classes/assets/textures/bomb.png
20:46:06.815 [JavaFX Application Thread] DEBUG FXGLAssetLoaderServi - Loading from file system: file:/C:/Users/Admin/Desktop/Bomberman/target/classes/assets/sounds/explosion.wav
20:46:06.819 [JavaFX Application Thread] DEBUG FXGLAssetLoaderServi - Loading from file system: file:/C:/Users/Admin/Desktop/Bomberman/target/classes/assets/textures/central_flame.png
20:46:06.820 [JavaFX Application Thread] DEBUG FXGLAssetLoaderServi - Loading from file system: file:/C:/Users/Admin/Desktop/Bomberman/target/classes/assets/textures/top_up_flame.png
20:46:06.821 [JavaFX Application Thread] DEBUG FXGLAssetLoaderServi - Loading from file system: file:/C:/Users/Admin/Desktop/Bomberman/target/classes/assets/textures/top_down_flame.png
20:46:06.822 [JavaFX Application Thread] DEBUG FXGLAssetLoaderServi - Loading from file system: file:/C:/Users/Admin/Desktop/Bomberman/target/classes/assets/textures/top_right_flame.png
20:46:06.823 [JavaFX Application Thread] DEBUG FXGLAssetLoaderServi - Loading from file system: file:/C:/Users/Admin/Desktop/Bomberman/target/classes/assets/textures/top_left_flame.png
20:46:11.407 [JavaFX Application Thread] DEBUG FXGLAssetLoaderServi - Loading from file system: file:/C:/Users/Admin/Desktop/Bomberman/target/classes/assets/sounds/powerup.wav
20:46:48.647 [JavaFX Application Thread] DEBUG LoopRunner           - Stopping loop
20:46:48.648 [JavaFX Application Thread] FATAL FXGLApplication      - Uncaught Exception:
java.lang.IllegalArgumentException: Component ClassicBomb not found!
	at com.almasb.fxgl.entity.Entity.getComponent(Entity.java:369)
	at Bomberman.Components.PlayerComponent.placeBomb(PlayerComponent.java:223)
	at Bomberman.BombermanGame$5.onActionBegin(BombermanGame.java:160)
	at com.almasb.fxgl.input.UserAction.begin$fxgl_core(UserAction.kt:37)
	at com.almasb.fxgl.input.Input.handlePressed(Input.kt:350)
	at com.almasb.fxgl.input.Input.onKeyEvent(Input.kt:291)
	at com.almasb.fxgl.app.PrimaryStageWindow$1$1.invoke(MainWindow.kt:289)
	at com.almasb.fxgl.app.PrimaryStageWindow$1$1.invoke(MainWindow.kt:289)
	at com.almasb.fxgl.core.fsm.StateMachine.runOnActiveStates(StateMachine.kt:69)
	at com.almasb.fxgl.app.PrimaryStageWindow$1.invoke(MainWindow.kt:289)
	at com.almasb.fxgl.app.PrimaryStageWindow$1.invoke(MainWindow.kt:287)
	at com.almasb.fxgl.app.MainWindow.addKeyHandler$lambda-1(MainWindow.kt:216)
	at com.sun.javafx.event.CompositeEventHandler$NormalEventHandlerRecord.handleBubblingEvent(CompositeEventHandler.java:247)
	at com.sun.javafx.event.CompositeEventHandler.dispatchBubblingEvent(CompositeEventHandler.java:80)
	at com.sun.javafx.event.EventHandlerManager.dispatchBubblingEvent(EventHandlerManager.java:234)
	at com.sun.javafx.event.EventHandlerManager.dispatchBubblingEvent(EventHandlerManager.java:191)
	at com.sun.javafx.event.CompositeEventDispatcher.dispatchBubblingEvent(CompositeEventDispatcher.java:59)
	at com.sun.javafx.event.BasicEventDispatcher.dispatchEvent(BasicEventDispatcher.java:58)
	at com.sun.javafx.event.EventDispatchChainImpl.dispatchEvent(EventDispatchChainImpl.java:114)
	at com.sun.javafx.event.BasicEventDispatcher.dispatchEvent(BasicEventDispatcher.java:56)
	at com.sun.javafx.event.EventDispatchChainImpl.dispatchEvent(EventDispatchChainImpl.java:114)
	at com.sun.javafx.event.EventUtil.fireEventImpl(EventUtil.java:74)
	at com.sun.javafx.event.EventUtil.fireEvent(EventUtil.java:54)
	at javafx.event.Event.fireEvent(Event.java:198)
	at javafx.scene.Scene$KeyHandler.process(Scene.java:4064)
	at javafx.scene.Scene.processKeyEvent(Scene.java:2123)
	at javafx.scene.Scene$ScenePeerListener.keyEvent(Scene.java:2591)
	at com.sun.javafx.tk.quantum.GlassViewEventHandler$KeyEventNotification.run(GlassViewEventHandler.java:217)
	at com.sun.javafx.tk.quantum.GlassViewEventHandler$KeyEventNotification.run(GlassViewEventHandler.java:149)
	at java.base/java.security.AccessController.doPrivileged(Native Method)
	at com.sun.javafx.tk.quantum.GlassViewEventHandler.lambda$handleKeyEvent$1(GlassViewEventHandler.java:248)
	at com.sun.javafx.tk.quantum.QuantumToolkit.runWithoutRenderLock(QuantumToolkit.java:412)
	at com.sun.javafx.tk.quantum.GlassViewEventHandler.handleKeyEvent(GlassViewEventHandler.java:247)
	at com.sun.glass.ui.View.handleKeyEvent(View.java:547)
	at com.sun.glass.ui.View.notifyKey(View.java:971)
	at com.sun.glass.ui.win.WinApplication._runLoop(Native Method)
	at com.sun.glass.ui.win.WinApplication.lambda$runLoop$3(WinApplication.java:174)
	at java.base/java.lang.Thread.run(Thread.java:834)

20:46:48.648 [JavaFX Application Thread] FATAL FXGLApplication      - Application will now exit
20:46:48.662 [JavaFX Application Thread] DEBUG PrimaryStageWindow   - Push state: ErrorSubScene
20:46:48.663 [JavaFX Application Thread] DEBUG Input                - Clearing active input actions
20:46:48.667 [JavaFX Application Thread] DEBUG GameApplicationServi - Removing overlay from GameScene and adding to ErrorSubScene
20:46:48.668 [JavaFX Application Thread] DEBUG PrimaryStageWindow   - GameScene -> ErrorSubScene
20:46:49.055 [JavaFX Application Thread] DEBUG FXGLApplication      - Exiting FXGL
20:46:49.055 [JavaFX Application Thread] DEBUG Async                - Shutting down background threads
20:46:49.055 [JavaFX Application Thread] DEBUG PrimaryStageWindow   - Closing main window
20:46:49.085 [JavaFX Application Thread] DEBUG Logger               - Closing Logger
