20:05:58.649 [main                     ] DEBUG Logger               - Configured Logger
20:05:58.652 [main                     ] DEBUG GameApplication      - Logging settings
Title: BOMBERMAN
Version: 1.0
Width: 1488
Height: 624
Fullscreen: true
Intro: false
Profiling: false
Single step:false
App Mode: DEVELOPER
Menu Key: ESCAPE
Stage Style: DECORATED
Scene Factory: class com.almasb.fxgl.app.scene.SceneFactory

20:05:59.129 [JavaFX Application Thread] DEBUG FXGLApplication      - Initializing FXGL
20:05:59.131 [JavaFX Application Thread] INFO  Engine               - FXGL-11.17 (16.07.2021 15.46) on WINDOWS (J:11.0.16.1 FX:16)
20:05:59.132 [JavaFX Application Thread] DEBUG Engine               - JRE Vendor Name: Oracle Corporation
20:05:59.132 [JavaFX Application Thread] DEBUG Engine               - Running on OS: Windows 11 version 10.0
20:05:59.132 [JavaFX Application Thread] DEBUG Engine               - Architecture: amd64
20:05:59.132 [JavaFX Application Thread] INFO  Engine               - Source code and latest versions at: https://github.com/AlmasB/FXGL
20:05:59.133 [JavaFX Application Thread] INFO  Engine               -              Join the FXGL chat at: https://gitter.im/AlmasB/FXGL
20:05:59.270 [JavaFX Application Thread] DEBUG PrimaryStageWindow   - Creating a JavaFX scene
20:05:59.270 [JavaFX Application Thread] DEBUG PrimaryStageWindow   - Target size > screen size
20:05:59.335 [JavaFX Application Thread] DEBUG PrimaryStageWindow   - Target settings size: 1488.0 x 624.0
20:05:59.336 [JavaFX Application Thread] DEBUG PrimaryStageWindow   - Scaled scene size:    1415.0 x 603.0
20:05:59.336 [JavaFX Application Thread] DEBUG PrimaryStageWindow   - Scaled ratio: (0.9509408602150538, 0.9663461538461539)
20:05:59.338 [JavaFX Application Thread] DEBUG PrimaryStageWindow   - Set initial scene to FXGLStartupScene
20:05:59.350 [JavaFX Application Thread] DEBUG PrimaryStageWindow   - Opening main window
20:05:59.450 [JavaFX Application Thread] DEBUG PrimaryStageWindow   - Window border size: (13.0, 35.5)
20:05:59.450 [JavaFX Application Thread] DEBUG PrimaryStageWindow   - Scaled size: 1415.0 x 603.0
20:05:59.451 [JavaFX Application Thread] DEBUG PrimaryStageWindow   - Scaled ratio: (0.9509408602150538, 0.9663461538461539)
20:05:59.451 [JavaFX Application Thread] DEBUG PrimaryStageWindow   - Scene size: 1415.0 x 603.0
20:05:59.451 [JavaFX Application Thread] DEBUG PrimaryStageWindow   - Stage size: 1428.0 x 638.5
20:05:59.462 [FXGL Background Thread 1 ] DEBUG Engine               - Initializing environment variables
20:05:59.556 [FXGL Background Thread 1 ] DEBUG FXGLAssetLoaderServi - User app class for loading assets: class Bomberman.BombermanGame
20:05:59.556 [FXGL Background Thread 1 ] DEBUG GameApplicationServi - Applying CSS: fxgl_dark.css
20:05:59.557 [FXGL Background Thread 1 ] DEBUG FXGLAssetLoaderServi - Loading from file system: jar:file:/C:/Users/Admin/.m2/repository/com/github/almasb/fxgl/11.17/fxgl-11.17.jar!/fxglassets/ui/css/fxgl_dark.css
20:05:59.614 [FXGL Background Thread 1 ] DEBUG GameApplicationServi - Initializing application scenes
20:05:59.663 [FXGL Background Thread 1 ] DEBUG GameWorld            - Game world initialized
20:05:59.731 [FXGL Background Thread 1 ] DEBUG PhysicsWorld         - Physics world initialized: appHeight=624, physics.ppm=50.0
20:05:59.731 [FXGL Background Thread 1 ] DEBUG PhysicsWorld         - Using strategy: BRUTE_FORCE
20:05:59.734 [FXGL Background Thread 1 ] DEBUG GameScene            - Game scene initialized: 1488x624
20:05:59.748 [FXGL Background Thread 1 ] DEBUG FXGL.DefaultMenu     - createMenuBodyGameMenu()
20:05:59.768 [FXGL Background Thread 1 ] DEBUG FXGL.DefaultMenu     - createOptionsMenu()
20:05:59.783 [FXGL Background Thread 1 ] DEBUG FXGLAssetLoaderServi - Loading from file system: jar:file:/C:/Users/Admin/.m2/repository/com/github/almasb/fxgl/11.17/fxgl-11.17.jar!/fxglassets/textures/particles/smoke.png
20:05:59.885 [FXGL Background Thread 1 ] DEBUG FXGLAssetLoaderServi - Loading from file system: jar:file:/C:/Users/Admin/.m2/repository/com/github/almasb/fxgl/11.17/fxgl-11.17.jar!/fxglassets/textures/particles/trace_horizontal.png
20:05:59.920 [FXGL Background Thread 1 ] DEBUG GameApplicationServi - Application scenes initialized
20:05:59.933 [FXGL Background Thread 1 ] DEBUG SystemBundleService  - Loading FXGL system data
20:05:59.937 [FXGL Background Thread 1 ] DEBUG FileSystemAccess     - Reading from: C:\Users\Admin\Desktop\Bomberman\system\fxgl.bundle
20:05:59.943 [FXGL Background Thread 1 ] DEBUG SystemBundleService  - Bundle FXGL: {}
20:05:59.943 [FXGL Background Thread 1 ] DEBUG UpdaterService       - Checking for updates
20:05:59.947 [FXGL Background Thread 4 ] DEBUG FXGLApplication      - Loading fonts
20:05:59.947 [FXGL Background Thread 4 ] DEBUG FXGLAssetLoaderServi - Loading from file system: jar:file:/C:/Users/Admin/.m2/repository/com/github/almasb/fxgl/11.17/fxgl-11.17.jar!/fxglassets/ui/fonts/VarelaRound-Regular.ttf
20:05:59.948 [FXGL Background Thread 1 ] DEBUG FXGLApplication      - Loading default localization
20:05:59.948 [FXGL Background Thread 1 ] DEBUG FXGLAssetLoaderServi - Loading from file system: jar:file:/C:/Users/Admin/.m2/repository/com/github/almasb/fxgl/11.17/fxgl-11.17.jar!/fxglassets/languages/english.lang
20:05:59.963 [FXGL Background Thread 1 ] INFO  FXGLApplication      - FXGL initialization took: 0.501 sec
20:05:59.978 [JavaFX Application Thread] DEBUG Input                - Registered new binding: Move Left - A
20:05:59.978 [JavaFX Application Thread] DEBUG Input                - Registered new binding: Move Right - D
20:05:59.978 [JavaFX Application Thread] DEBUG Input                - Registered new binding: Move Up - W
20:05:59.978 [JavaFX Application Thread] DEBUG Input                - Registered new binding: Move Down - S
20:05:59.978 [JavaFX Application Thread] DEBUG Input                - Registered new binding: Place Bomb - Space
20:05:59.979 [JavaFX Application Thread] DEBUG Input                - Registered new binding: Switch to classic bomb - 1
20:05:59.979 [JavaFX Application Thread] DEBUG Input                - Registered new binding: Switch to lazer bomb - 2
20:05:59.979 [JavaFX Application Thread] DEBUG Input                - Registered new binding: Switch to light bomb - 3
20:05:59.980 [JavaFX Application Thread] DEBUG FXGLAssetLoaderServi - Loading from file system: jar:file:/C:/Users/Admin/.m2/repository/com/github/almasb/fxgl/11.17/fxgl-11.17.jar!/fxglassets/textures/fxgl_icon.png
20:06:00.003 [JavaFX Application Thread] DEBUG FXGLAssetLoaderServi - Loading from file system: jar:file:/C:/Users/Admin/.m2/repository/com/github/almasb/fxgl/11.17/fxgl-11.17.jar!/fxglassets/textures/fxgl_default_cursor.png
20:06:00.006 [JavaFX Application Thread] DEBUG Input                - Registered new binding: Screenshot - CTRL+8
20:06:00.006 [JavaFX Application Thread] DEBUG Input                - Registered new binding: System info dump - CTRL+9
20:06:00.007 [JavaFX Application Thread] DEBUG Input                - Registered new binding: Restart - CTRL+R
20:06:00.007 [JavaFX Application Thread] DEBUG Input                - Registered new binding: Toggle Debug Camera - CTRL+C
20:06:00.010 [JavaFX Application Thread] DEBUG LoopRunner           - Starting loop
20:06:00.010 [JavaFX Application Thread] DEBUG LoopRunner           - Initializing JavaFX AnimationTimerLoop
20:06:00.012 [JavaFX Application Thread] DEBUG GameApplicationServi - Starting new game
20:06:00.013 [JavaFX Application Thread] DEBUG Input                - Clearing active input actions
20:06:00.037 [JavaFX Application Thread] DEBUG GameApplicationServi - Removing overlay from FXGLStartupScene and adding to FXGLLoadingScene
20:06:00.037 [JavaFX Application Thread] DEBUG PrimaryStageWindow   - FXGLStartupScene -> FXGLLoadingScene
20:06:00.038 [JavaFX Application Thread] DEBUG GameApplicationServi - Clearing previous game
20:06:00.038 [JavaFX Application Thread] DEBUG GameScene            - Clearing game scene
20:06:00.038 [JavaFX Application Thread] DEBUG GameWorld            - Clearing game world
20:06:00.038 [JavaFX Application Thread] DEBUG PhysicsWorld         - Clearing physics world
20:06:00.041 [FXGL Background Thread 1 ] DEBUG FXGLApplication      - Initializing game
20:06:00.073 [FXGL Background Thread 1 ] DEBUG FXGLAssetLoaderServi - Loading from file system: file:/C:/Users/Admin/Desktop/Bomberman/target/classes/assets/textures/wall.png
20:06:00.173 [FXGL Background Thread 1 ] DEBUG FXGLAssetLoaderServi - Loading from file system: file:/C:/Users/Admin/Desktop/Bomberman/target/classes/assets/textures/player_die.png
20:06:00.176 [FXGL Background Thread 1 ] DEBUG FXGLAssetLoaderServi - Loading from file system: file:/C:/Users/Admin/Desktop/Bomberman/target/classes/assets/textures/player_down.png
20:06:00.178 [FXGL Background Thread 1 ] DEBUG FXGLAssetLoaderServi - Loading from file system: file:/C:/Users/Admin/Desktop/Bomberman/target/classes/assets/textures/player_right.png
20:06:00.180 [FXGL Background Thread 1 ] DEBUG FXGLAssetLoaderServi - Loading from file system: file:/C:/Users/Admin/Desktop/Bomberman/target/classes/assets/textures/player_up.png
20:06:00.182 [FXGL Background Thread 1 ] DEBUG FXGLAssetLoaderServi - Loading from file system: file:/C:/Users/Admin/Desktop/Bomberman/target/classes/assets/textures/player_left.png
20:06:00.195 [FXGL Background Thread 1 ] DEBUG FXGLAssetLoaderServi - Loading from file system: file:/C:/Users/Admin/Desktop/Bomberman/target/classes/assets/textures/brick.png
20:06:00.196 [FXGL Background Thread 1 ] DEBUG FXGLAssetLoaderServi - Loading from file system: file:/C:/Users/Admin/Desktop/Bomberman/target/classes/assets/textures/brick_break.png
20:06:00.205 [FXGL Background Thread 1 ] DEBUG FXGLAssetLoaderServi - Loading from file system: file:/C:/Users/Admin/Desktop/Bomberman/target/classes/assets/textures/enemy1.png
20:06:00.219 [FXGL Background Thread 1 ] DEBUG FXGLAssetLoaderServi - Loading from file system: file:/C:/Users/Admin/Desktop/Bomberman/target/classes/assets/textures/enemy2.png
20:06:00.271 [FXGL Background Thread 1 ] DEBUG FXGLAssetLoaderServi - Loading from file system: file:/C:/Users/Admin/Desktop/Bomberman/target/classes/assets/textures/portal.png
20:06:00.318 [FXGL Background Thread 1 ] DEBUG FXGLAssetLoaderServi - Loading from file system: file:/C:/Users/Admin/Desktop/Bomberman/target/classes/assets/textures/powerup_flames.png
20:06:00.371 [FXGL Background Thread 1 ] DEBUG FXGLAssetLoaderServi - Loading from file system: file:/C:/Users/Admin/Desktop/Bomberman/target/classes/assets/textures/enemy3.png
20:06:00.394 [FXGL Background Thread 4 ] DEBUG FXGLAssetLoaderServi - Loading from file system: jar:file:/C:/Users/Admin/.m2/repository/com/github/almasb/fxgl/11.17/fxgl-11.17.jar!/fxglassets/ui/fonts/Abel-Regular.ttf
20:06:00.400 [FXGL Background Thread 4 ] DEBUG FXGLAssetLoaderServi - Loading from file system: jar:file:/C:/Users/Admin/.m2/repository/com/github/almasb/fxgl/11.17/fxgl-11.17.jar!/fxglassets/ui/fonts/lucida_console.ttf
20:06:00.402 [FXGL Background Thread 1 ] INFO  FXGLApplication      - Game initialization took: 0.361 sec
20:06:00.406 [FXGL Background Thread 4 ] DEBUG FXGLAssetLoaderServi - Loading from file system: jar:file:/C:/Users/Admin/.m2/repository/com/github/almasb/fxgl/11.17/fxgl-11.17.jar!/fxglassets/ui/fonts/Courier-Prime.ttf
20:06:00.410 [JavaFX Application Thread] DEBUG Input                - Clearing active input actions
20:06:00.432 [JavaFX Application Thread] DEBUG GameApplicationServi - Removing overlay from FXGLLoadingScene and adding to GameScene
20:06:00.433 [JavaFX Application Thread] DEBUG PrimaryStageWindow   - FXGLLoadingScene -> GameScene
20:06:00.441 [JavaFX Application Thread] DEBUG FXGLApplication      - Registering font factories with UI factory
20:06:00.886 [FXGL Background Thread 2 ] INFO  UpdaterService       - Your current version:  11.17
20:06:00.886 [FXGL Background Thread 2 ] INFO  UpdaterService       - Latest stable version: 17.2
20:06:02.947 [FXGL Background Thread 3 ] DEBUG Engine               - Logging environment variables
20:06:02.947 [FXGL Background Thread 3 ] DEBUG Engine               - achievements: []
20:06:02.948 [FXGL Background Thread 3 ] DEBUG Engine               - actualHeight: 603.0
20:06:02.948 [FXGL Background Thread 3 ] DEBUG Engine               - actualHeightProperty: ReadOnlyDoubleProperty [value: 603.0]
20:06:02.948 [FXGL Background Thread 3 ] DEBUG Engine               - actualWidth: 1415.0
20:06:02.948 [FXGL Background Thread 3 ] DEBUG Engine               - actualWidthProperty: ReadOnlyDoubleProperty [value: 1415.0]
20:06:02.948 [FXGL Background Thread 3 ] DEBUG Engine               - appIcon: fxgl_icon.png
20:06:02.948 [FXGL Background Thread 3 ] DEBUG Engine               - applicationMode: DEVELOPER
20:06:02.948 [FXGL Background Thread 3 ] DEBUG Engine               - cSSList: [fxgl_dark.css]
20:06:02.948 [FXGL Background Thread 3 ] DEBUG Engine               - collisionDetectionStrategy: BRUTE_FORCE
20:06:02.948 [FXGL Background Thread 3 ] DEBUG Engine               - configClass: Optional.empty
20:06:02.948 [FXGL Background Thread 3 ] DEBUG Engine               - credits: []
20:06:02.948 [FXGL Background Thread 3 ] DEBUG Engine               - defaultCursor: CursorInfo(imageName=fxgl_default_cursor.png, hotspotX=7.0, hotspotY=6.0)
20:06:02.948 [FXGL Background Thread 3 ] DEBUG Engine               - devBBoxColorProperty: ObjectProperty [value: 0xff0000ff]
20:06:02.948 [FXGL Background Thread 3 ] DEBUG Engine               - devEnableDebugCameraProperty: BooleanProperty [value: false]
20:06:02.948 [FXGL Background Thread 3 ] DEBUG Engine               - devSensorColorProperty: ObjectProperty [value: 0xffff00ff]
20:06:02.949 [FXGL Background Thread 3 ] DEBUG Engine               - devShowBBoxProperty: BooleanProperty [value: false]
20:06:02.949 [FXGL Background Thread 3 ] DEBUG Engine               - devShowPositionProperty: BooleanProperty [value: false]
20:06:02.949 [FXGL Background Thread 3 ] DEBUG Engine               - enabledMenuItems: []
20:06:02.949 [FXGL Background Thread 3 ] DEBUG Engine               - engineServices: [class com.almasb.fxgl.app.services.FXGLAssetLoaderService, class com.almasb.fxgl.app.FXGLApplication$GameApplicationService, class com.almasb.fxgl.app.services.FXGLDialogService, class com.almasb.fxgl.app.services.IOTaskExecutorService, class com.almasb.fxgl.io.FileSystemService, class com.almasb.fxgl.localization.LocalizationService, class com.almasb.fxgl.app.services.SystemBundleService, class com.almasb.fxgl.profile.SaveLoadService, class com.almasb.fxgl.ui.FXGLUIFactoryServiceProvider, class com.almasb.fxgl.ui.FXGLDialogFactoryServiceProvider, class com.almasb.fxgl.audio.AudioPlayer, class com.almasb.fxgl.notification.impl.NotificationServiceProvider, class com.almasb.fxgl.achievement.AchievementService, class com.almasb.fxgl.cutscene.CutsceneService, class com.almasb.fxgl.minigames.MiniGameService, class com.almasb.fxgl.net.NetService, class com.almasb.fxgl.app.services.UpdaterService, class com.almasb.fxgl.dev.DevService]
20:06:02.949 [FXGL Background Thread 3 ] DEBUG Engine               - fontGame: Abel-Regular.ttf
20:06:02.949 [FXGL Background Thread 3 ] DEBUG Engine               - fontMono: lucida_console.ttf
20:06:02.949 [FXGL Background Thread 3 ] DEBUG Engine               - fontText: Courier-Prime.ttf
20:06:02.949 [FXGL Background Thread 3 ] DEBUG Engine               - fontUI: VarelaRound-Regular.ttf
20:06:02.949 [FXGL Background Thread 3 ] DEBUG Engine               - fullScreen: BooleanProperty [value: false]
20:06:02.949 [FXGL Background Thread 3 ] DEBUG Engine               - gameDifficulty: MEDIUM
20:06:02.949 [FXGL Background Thread 3 ] DEBUG Engine               - gameDifficultyProperty: ObjectProperty [value: MEDIUM]
20:06:02.949 [FXGL Background Thread 3 ] DEBUG Engine               - globalMusicVolume: 0.5
20:06:02.949 [FXGL Background Thread 3 ] DEBUG Engine               - globalMusicVolumeProperty: DoubleProperty [value: 0.5]
20:06:02.949 [FXGL Background Thread 3 ] DEBUG Engine               - globalSoundVolume: 0.5
20:06:02.949 [FXGL Background Thread 3 ] DEBUG Engine               - globalSoundVolumeProperty: DoubleProperty [value: 0.5]
20:06:02.949 [FXGL Background Thread 3 ] DEBUG Engine               - height: 624
20:06:02.949 [FXGL Background Thread 3 ] DEBUG Engine               - is3D: false
20:06:02.949 [FXGL Background Thread 3 ] DEBUG Engine               - isAndroid: false
20:06:02.950 [FXGL Background Thread 3 ] DEBUG Engine               - isBrowser: false
20:06:02.950 [FXGL Background Thread 3 ] DEBUG Engine               - isClickFeedbackEnabled: false
20:06:02.950 [FXGL Background Thread 3 ] DEBUG Engine               - isCloseConfirmation: false
20:06:02.950 [FXGL Background Thread 3 ] DEBUG Engine               - isDesktop: true
20:06:02.950 [FXGL Background Thread 3 ] DEBUG Engine               - isDeveloperMenuEnabled: false
20:06:02.950 [FXGL Background Thread 3 ] DEBUG Engine               - isEntityPreloadEnabled: true
20:06:02.950 [FXGL Background Thread 3 ] DEBUG Engine               - isExperimentalTiledLargeMap: false
20:06:02.950 [FXGL Background Thread 3 ] DEBUG Engine               - isFileSystemWriteAllowed: true
20:06:02.950 [FXGL Background Thread 3 ] DEBUG Engine               - isFullScreenAllowed: true
20:06:02.950 [FXGL Background Thread 3 ] DEBUG Engine               - isFullScreenFromStart: false
20:06:02.950 [FXGL Background Thread 3 ] DEBUG Engine               - isGameMenuEnabled: true
20:06:02.950 [FXGL Background Thread 3 ] DEBUG Engine               - isIOS: false
20:06:02.950 [FXGL Background Thread 3 ] DEBUG Engine               - isIntroEnabled: false
20:06:02.950 [FXGL Background Thread 3 ] DEBUG Engine               - isLinux: false
20:06:02.950 [FXGL Background Thread 3 ] DEBUG Engine               - isMac: false
20:06:02.950 [FXGL Background Thread 3 ] DEBUG Engine               - isMainMenuEnabled: false
20:06:02.950 [FXGL Background Thread 3 ] DEBUG Engine               - isManualResizeEnabled: false
20:06:02.950 [FXGL Background Thread 3 ] DEBUG Engine               - isMobile: false
20:06:02.950 [FXGL Background Thread 3 ] DEBUG Engine               - isNative: false
20:06:02.950 [FXGL Background Thread 3 ] DEBUG Engine               - isPauseMusicWhenMinimized: true
20:06:02.950 [FXGL Background Thread 3 ] DEBUG Engine               - isPreserveResizeRatio: false
20:06:02.950 [FXGL Background Thread 3 ] DEBUG Engine               - isProfilingEnabled: false
20:06:02.951 [FXGL Background Thread 3 ] DEBUG Engine               - isScaleAffectedOnResize: true
20:06:02.951 [FXGL Background Thread 3 ] DEBUG Engine               - isSingleStep: false
20:06:02.951 [FXGL Background Thread 3 ] DEBUG Engine               - isUserProfileEnabled: false
20:06:02.951 [FXGL Background Thread 3 ] DEBUG Engine               - isWindows: true
20:06:02.951 [FXGL Background Thread 3 ] DEBUG Engine               - language: ObjectProperty [value: ENGLISH]
20:06:02.951 [FXGL Background Thread 3 ] DEBUG Engine               - menuKey: ESCAPE
20:06:02.951 [FXGL Background Thread 3 ] DEBUG Engine               - mouseSensitivity: 0.2
20:06:02.951 [FXGL Background Thread 3 ] DEBUG Engine               - notificationViewClass: class com.almasb.fxgl.notification.view.XboxNotificationView
20:06:02.951 [FXGL Background Thread 3 ] DEBUG Engine               - pixelsPerMeter: 50.0
20:06:02.951 [FXGL Background Thread 3 ] DEBUG Engine               - platform: WINDOWS
20:06:02.951 [FXGL Background Thread 3 ] DEBUG Engine               - prefHeightProperty: ReadOnlyDoubleProperty [value: 624.0]
20:06:02.951 [FXGL Background Thread 3 ] DEBUG Engine               - prefWidthProperty: ReadOnlyDoubleProperty [value: 1488.0]
20:06:02.951 [FXGL Background Thread 3 ] DEBUG Engine               - profileDir: profiles/
20:06:02.951 [FXGL Background Thread 3 ] DEBUG Engine               - profileName: StringProperty [value: DEFAULT]
20:06:02.951 [FXGL Background Thread 3 ] DEBUG Engine               - randomSeed: -1
20:06:02.951 [FXGL Background Thread 3 ] DEBUG Engine               - runtimeInfo: RuntimeInfo(platform=WINDOWS, version=11.17, build=16.07.2021 15.46)
20:06:02.951 [FXGL Background Thread 3 ] DEBUG Engine               - saveFileExt: sav
20:06:02.951 [FXGL Background Thread 3 ] DEBUG Engine               - scaledHeightProp$fxgl: DoubleProperty [bound, value: 603.0]
20:06:02.951 [FXGL Background Thread 3 ] DEBUG Engine               - scaledWidthProp$fxgl: DoubleProperty [bound, value: 1415.0]
20:06:02.951 [FXGL Background Thread 3 ] DEBUG Engine               - sceneFactory: com.almasb.fxgl.app.scene.SceneFactory@5cb74a50
20:06:02.951 [FXGL Background Thread 3 ] DEBUG Engine               - secondsIn24h: 60
20:06:02.951 [FXGL Background Thread 3 ] DEBUG Engine               - soundMenuBack: menu/back.wav
20:06:02.952 [FXGL Background Thread 3 ] DEBUG Engine               - soundMenuPress: menu/press.wav
20:06:02.952 [FXGL Background Thread 3 ] DEBUG Engine               - soundMenuSelect: menu/select.wav
20:06:02.952 [FXGL Background Thread 3 ] DEBUG Engine               - soundNotification: core/notification.wav
20:06:02.952 [FXGL Background Thread 3 ] DEBUG Engine               - stageStyle: DECORATED
20:06:02.952 [FXGL Background Thread 3 ] DEBUG Engine               - supportedLanguages: [ENGLISH, FRENCH, GERMAN, HUNGARIAN, RUSSIAN]
20:06:02.952 [FXGL Background Thread 3 ] DEBUG Engine               - ticksPerSecond: -1
20:06:02.952 [FXGL Background Thread 3 ] DEBUG Engine               - title: BOMBERMAN
20:06:02.952 [FXGL Background Thread 3 ] DEBUG Engine               - urlGithub: https://github.com/AlmasB/FXGL
20:06:02.952 [FXGL Background Thread 3 ] DEBUG Engine               - urlLeaderboard: http://fxgl-top.herokuapp.com/
20:06:02.952 [FXGL Background Thread 3 ] DEBUG Engine               - urlPOM: https://raw.githubusercontent.com/AlmasB/FXGL/release/README.md
20:06:02.952 [FXGL Background Thread 3 ] DEBUG Engine               - userAppClass: class Bomberman.BombermanGame
20:06:02.952 [FXGL Background Thread 3 ] DEBUG Engine               - version: 1.0
20:06:02.952 [FXGL Background Thread 3 ] DEBUG Engine               - versionCheckDays: 7
20:06:02.952 [FXGL Background Thread 3 ] DEBUG Engine               - width: 1488
20:06:02.952 [FXGL Background Thread 3 ] DEBUG Engine               - Logging services
20:06:02.952 [FXGL Background Thread 3 ] DEBUG Engine               - class com.almasb.fxgl.app.services.FXGLAssetLoaderService
20:06:02.952 [FXGL Background Thread 3 ] DEBUG Engine               - class com.almasb.fxgl.app.FXGLApplication$GameApplicationService
20:06:02.952 [FXGL Background Thread 3 ] DEBUG Engine               - class com.almasb.fxgl.app.services.FXGLDialogService
20:06:02.952 [FXGL Background Thread 3 ] DEBUG Engine               - class com.almasb.fxgl.app.services.IOTaskExecutorService
20:06:02.952 [FXGL Background Thread 3 ] DEBUG Engine               - class com.almasb.fxgl.io.FileSystemService
20:06:02.952 [FXGL Background Thread 3 ] DEBUG Engine               - class com.almasb.fxgl.localization.LocalizationService
20:06:02.952 [FXGL Background Thread 3 ] DEBUG Engine               - class com.almasb.fxgl.app.services.SystemBundleService
20:06:02.952 [FXGL Background Thread 3 ] DEBUG Engine               - class com.almasb.fxgl.profile.SaveLoadService
20:06:02.952 [FXGL Background Thread 3 ] DEBUG Engine               - class com.almasb.fxgl.ui.FXGLUIFactoryServiceProvider
20:06:02.952 [FXGL Background Thread 3 ] DEBUG Engine               - class com.almasb.fxgl.ui.FXGLDialogFactoryServiceProvider
20:06:02.952 [FXGL Background Thread 3 ] DEBUG Engine               - class com.almasb.fxgl.audio.AudioPlayer
20:06:02.952 [FXGL Background Thread 3 ] DEBUG Engine               - class com.almasb.fxgl.notification.impl.NotificationServiceProvider
20:06:02.952 [FXGL Background Thread 3 ] DEBUG Engine               - class com.almasb.fxgl.achievement.AchievementService
20:06:02.952 [FXGL Background Thread 3 ] DEBUG Engine               - class com.almasb.fxgl.cutscene.CutsceneService
20:06:02.952 [FXGL Background Thread 3 ] DEBUG Engine               - class com.almasb.fxgl.minigames.MiniGameService
20:06:02.953 [FXGL Background Thread 3 ] DEBUG Engine               - class com.almasb.fxgl.net.NetService
20:06:02.953 [FXGL Background Thread 3 ] DEBUG Engine               - class com.almasb.fxgl.app.services.UpdaterService
20:06:02.953 [FXGL Background Thread 3 ] DEBUG Engine               - class com.almasb.fxgl.dev.DevService
20:06:11.619 [JavaFX Application Thread] DEBUG FXGLAssetLoaderServi - Loading from file system: file:/C:/Users/Admin/Desktop/Bomberman/target/classes/assets/sounds/place_bomb.wav
20:06:11.679 [JavaFX Application Thread] DEBUG FXGLAssetLoaderServi - Loading from file system: file:/C:/Users/Admin/Desktop/Bomberman/target/classes/assets/textures/bomb.png
20:06:13.621 [JavaFX Application Thread] DEBUG FXGLAssetLoaderServi - Loading from file system: file:/C:/Users/Admin/Desktop/Bomberman/target/classes/assets/sounds/explosion.wav
20:06:13.626 [JavaFX Application Thread] DEBUG FXGLAssetLoaderServi - Loading from file system: file:/C:/Users/Admin/Desktop/Bomberman/target/classes/assets/textures/central_flame.png
20:06:13.628 [JavaFX Application Thread] DEBUG FXGLAssetLoaderServi - Loading from file system: file:/C:/Users/Admin/Desktop/Bomberman/target/classes/assets/textures/top_up_flame.png
20:06:13.629 [JavaFX Application Thread] DEBUG FXGLAssetLoaderServi - Loading from file system: file:/C:/Users/Admin/Desktop/Bomberman/target/classes/assets/textures/top_down_flame.png
20:06:13.630 [JavaFX Application Thread] DEBUG FXGLAssetLoaderServi - Loading from file system: file:/C:/Users/Admin/Desktop/Bomberman/target/classes/assets/textures/top_right_flame.png
20:06:13.631 [JavaFX Application Thread] DEBUG FXGLAssetLoaderServi - Loading from file system: file:/C:/Users/Admin/Desktop/Bomberman/target/classes/assets/textures/top_left_flame.png
20:06:18.793 [JavaFX Application Thread] DEBUG FXGLApplication      - Exiting FXGL
20:06:18.793 [JavaFX Application Thread] DEBUG LoopRunner           - Stopping loop
20:06:18.793 [JavaFX Application Thread] DEBUG SystemBundleService  - Saving FXGL system data
20:06:18.795 [JavaFX Application Thread] DEBUG FileSystemAccess     - Writing to: C:\Users\Admin\Desktop\Bomberman\system\fxgl.bundle
20:06:18.796 [JavaFX Application Thread] DEBUG Async                - Shutting down background threads
20:06:18.796 [JavaFX Application Thread] DEBUG PrimaryStageWindow   - Closing main window
20:06:18.808 [JavaFX Application Thread] DEBUG Logger               - Closing Logger
