19:50:36.055 [main                     ] DEBUG Logger               - Configured Logger
19:50:36.059 [main                     ] DEBUG GameApplication      - Logging settings
Title: BOMBERMAN
Version: 1.0
Width: 1488
Height: 624
Fullscreen: true
Intro: false
Profiling: false
Single step:false
App Mode: DEVELOPER
Menu Key: ESCAPE
Stage Style: DECORATED
Scene Factory: class com.almasb.fxgl.app.scene.SceneFactory

19:50:36.491 [JavaFX Application Thread] DEBUG FXGLApplication      - Initializing FXGL
19:50:36.492 [JavaFX Application Thread] INFO  Engine               - FXGL-11.17 (16.07.2021 15.46) on WINDOWS (J:11.0.16.1 FX:16)
19:50:36.493 [JavaFX Application Thread] DEBUG Engine               - JRE Vendor Name: Oracle Corporation
19:50:36.493 [JavaFX Application Thread] DEBUG Engine               - Running on OS: Windows 11 version 10.0
19:50:36.493 [JavaFX Application Thread] DEBUG Engine               - Architecture: amd64
19:50:36.493 [JavaFX Application Thread] INFO  Engine               - Source code and latest versions at: https://github.com/AlmasB/FXGL
19:50:36.494 [JavaFX Application Thread] INFO  Engine               -              Join the FXGL chat at: https://gitter.im/AlmasB/FXGL
19:50:36.628 [JavaFX Application Thread] DEBUG PrimaryStageWindow   - Creating a JavaFX scene
19:50:36.628 [JavaFX Application Thread] DEBUG PrimaryStageWindow   - Target size > screen size
19:50:36.692 [JavaFX Application Thread] DEBUG PrimaryStageWindow   - Target settings size: 1488.0 x 624.0
19:50:36.692 [JavaFX Application Thread] DEBUG PrimaryStageWindow   - Scaled scene size:    1415.0 x 603.0
19:50:36.693 [JavaFX Application Thread] DEBUG PrimaryStageWindow   - Scaled ratio: (0.9509408602150538, 0.9663461538461539)
19:50:36.694 [JavaFX Application Thread] DEBUG PrimaryStageWindow   - Set initial scene to FXGLStartupScene
19:50:36.706 [JavaFX Application Thread] DEBUG PrimaryStageWindow   - Opening main window
19:50:36.817 [JavaFX Application Thread] DEBUG PrimaryStageWindow   - Window border size: (13.0, 35.5)
19:50:36.817 [JavaFX Application Thread] DEBUG PrimaryStageWindow   - Scaled size: 1415.0 x 603.0
19:50:36.817 [JavaFX Application Thread] DEBUG PrimaryStageWindow   - Scaled ratio: (0.9509408602150538, 0.9663461538461539)
19:50:36.818 [JavaFX Application Thread] DEBUG PrimaryStageWindow   - Scene size: 1415.0 x 603.0
19:50:36.818 [JavaFX Application Thread] DEBUG PrimaryStageWindow   - Stage size: 1428.0 x 638.5
19:50:36.827 [FXGL Background Thread 1 ] DEBUG Engine               - Initializing environment variables
19:50:36.920 [FXGL Background Thread 1 ] DEBUG FXGLAssetLoaderServi - User app class for loading assets: class Bomberman.BombermanGame
19:50:36.920 [FXGL Background Thread 1 ] DEBUG GameApplicationServi - Applying CSS: fxgl_dark.css
19:50:36.921 [FXGL Background Thread 1 ] DEBUG FXGLAssetLoaderServi - Loading from file system: jar:file:/C:/Users/Admin/.m2/repository/com/github/almasb/fxgl/11.17/fxgl-11.17.jar!/fxglassets/ui/css/fxgl_dark.css
19:50:36.980 [FXGL Background Thread 1 ] DEBUG GameApplicationServi - Initializing application scenes
19:50:37.034 [FXGL Background Thread 1 ] DEBUG GameWorld            - Game world initialized
19:50:37.118 [FXGL Background Thread 1 ] DEBUG PhysicsWorld         - Physics world initialized: appHeight=624, physics.ppm=50.0
19:50:37.118 [FXGL Background Thread 1 ] DEBUG PhysicsWorld         - Using strategy: BRUTE_FORCE
19:50:37.122 [FXGL Background Thread 1 ] DEBUG GameScene            - Game scene initialized: 1488x624
19:50:37.139 [FXGL Background Thread 1 ] DEBUG FXGL.DefaultMenu     - createMenuBodyGameMenu()
19:50:37.161 [FXGL Background Thread 1 ] DEBUG FXGL.DefaultMenu     - createOptionsMenu()
19:50:37.174 [FXGL Background Thread 1 ] DEBUG FXGLAssetLoaderServi - Loading from file system: jar:file:/C:/Users/Admin/.m2/repository/com/github/almasb/fxgl/11.17/fxgl-11.17.jar!/fxglassets/textures/particles/smoke.png
19:50:37.303 [FXGL Background Thread 1 ] DEBUG FXGLAssetLoaderServi - Loading from file system: jar:file:/C:/Users/Admin/.m2/repository/com/github/almasb/fxgl/11.17/fxgl-11.17.jar!/fxglassets/textures/particles/trace_horizontal.png
19:50:37.336 [FXGL Background Thread 1 ] DEBUG GameApplicationServi - Application scenes initialized
19:50:37.351 [FXGL Background Thread 1 ] DEBUG SystemBundleService  - Loading FXGL system data
19:50:37.355 [FXGL Background Thread 1 ] DEBUG FileSystemAccess     - Reading from: C:\Users\Admin\Desktop\Bomberman\system\fxgl.bundle
19:50:37.361 [FXGL Background Thread 1 ] DEBUG SystemBundleService  - Bundle FXGL: {}
19:50:37.362 [FXGL Background Thread 1 ] DEBUG UpdaterService       - Checking for updates
19:50:37.366 [FXGL Background Thread 4 ] DEBUG FXGLApplication      - Loading fonts
19:50:37.366 [FXGL Background Thread 4 ] DEBUG FXGLAssetLoaderServi - Loading from file system: jar:file:/C:/Users/Admin/.m2/repository/com/github/almasb/fxgl/11.17/fxgl-11.17.jar!/fxglassets/ui/fonts/VarelaRound-Regular.ttf
19:50:37.366 [FXGL Background Thread 1 ] DEBUG FXGLApplication      - Loading default localization
19:50:37.367 [FXGL Background Thread 1 ] DEBUG FXGLAssetLoaderServi - Loading from file system: jar:file:/C:/Users/Admin/.m2/repository/com/github/almasb/fxgl/11.17/fxgl-11.17.jar!/fxglassets/languages/english.lang
19:50:37.383 [FXGL Background Thread 1 ] INFO  FXGLApplication      - FXGL initialization took: 0.556 sec
19:50:37.410 [JavaFX Application Thread] DEBUG Input                - Registered new binding: Move Left - A
19:50:37.411 [JavaFX Application Thread] DEBUG Input                - Registered new binding: Move Right - D
19:50:37.411 [JavaFX Application Thread] DEBUG Input                - Registered new binding: Move Up - W
19:50:37.412 [JavaFX Application Thread] DEBUG Input                - Registered new binding: Move Down - S
19:50:37.412 [JavaFX Application Thread] DEBUG Input                - Registered new binding: Place Bomb - Space
19:50:37.413 [JavaFX Application Thread] DEBUG FXGLAssetLoaderServi - Loading from file system: jar:file:/C:/Users/Admin/.m2/repository/com/github/almasb/fxgl/11.17/fxgl-11.17.jar!/fxglassets/textures/fxgl_icon.png
19:50:37.457 [JavaFX Application Thread] DEBUG FXGLAssetLoaderServi - Loading from file system: jar:file:/C:/Users/Admin/.m2/repository/com/github/almasb/fxgl/11.17/fxgl-11.17.jar!/fxglassets/textures/fxgl_default_cursor.png
19:50:37.461 [JavaFX Application Thread] DEBUG Input                - Registered new binding: Screenshot - CTRL+8
19:50:37.462 [JavaFX Application Thread] DEBUG Input                - Registered new binding: System info dump - CTRL+9
19:50:37.462 [JavaFX Application Thread] DEBUG Input                - Registered new binding: Restart - CTRL+R
19:50:37.463 [JavaFX Application Thread] DEBUG Input                - Registered new binding: Toggle Debug Camera - CTRL+C
19:50:37.466 [JavaFX Application Thread] DEBUG LoopRunner           - Starting loop
19:50:37.466 [JavaFX Application Thread] DEBUG LoopRunner           - Initializing JavaFX AnimationTimerLoop
19:50:37.469 [JavaFX Application Thread] DEBUG GameApplicationServi - Starting new game
19:50:37.469 [JavaFX Application Thread] DEBUG Input                - Clearing active input actions
19:50:37.498 [JavaFX Application Thread] DEBUG GameApplicationServi - Removing overlay from FXGLStartupScene and adding to FXGLLoadingScene
19:50:37.499 [JavaFX Application Thread] DEBUG PrimaryStageWindow   - FXGLStartupScene -> FXGLLoadingScene
19:50:37.499 [JavaFX Application Thread] DEBUG GameApplicationServi - Clearing previous game
19:50:37.499 [JavaFX Application Thread] DEBUG GameScene            - Clearing game scene
19:50:37.499 [JavaFX Application Thread] DEBUG GameWorld            - Clearing game world
19:50:37.501 [JavaFX Application Thread] DEBUG PhysicsWorld         - Clearing physics world
19:50:37.502 [FXGL Background Thread 1 ] DEBUG FXGLApplication      - Initializing game
19:50:37.527 [FXGL Background Thread 1 ] DEBUG FXGLAssetLoaderServi - Loading from file system: file:/C:/Users/Admin/Desktop/Bomberman/target/classes/assets/textures/wall.png
19:50:37.611 [FXGL Background Thread 1 ] DEBUG FXGLAssetLoaderServi - Loading from file system: file:/C:/Users/Admin/Desktop/Bomberman/target/classes/assets/textures/player_die.png
19:50:37.614 [FXGL Background Thread 1 ] DEBUG FXGLAssetLoaderServi - Loading from file system: file:/C:/Users/Admin/Desktop/Bomberman/target/classes/assets/textures/player_down.png
19:50:37.615 [FXGL Background Thread 1 ] DEBUG FXGLAssetLoaderServi - Loading from file system: file:/C:/Users/Admin/Desktop/Bomberman/target/classes/assets/textures/player_right.png
19:50:37.616 [FXGL Background Thread 1 ] DEBUG FXGLAssetLoaderServi - Loading from file system: file:/C:/Users/Admin/Desktop/Bomberman/target/classes/assets/textures/player_up.png
19:50:37.618 [FXGL Background Thread 1 ] DEBUG FXGLAssetLoaderServi - Loading from file system: file:/C:/Users/Admin/Desktop/Bomberman/target/classes/assets/textures/player_left.png
19:50:37.628 [FXGL Background Thread 1 ] DEBUG FXGLAssetLoaderServi - Loading from file system: file:/C:/Users/Admin/Desktop/Bomberman/target/classes/assets/textures/brick.png
19:50:37.629 [FXGL Background Thread 1 ] DEBUG FXGLAssetLoaderServi - Loading from file system: file:/C:/Users/Admin/Desktop/Bomberman/target/classes/assets/textures/brick_break.png
19:50:37.640 [FXGL Background Thread 1 ] DEBUG FXGLAssetLoaderServi - Loading from file system: file:/C:/Users/Admin/Desktop/Bomberman/target/classes/assets/textures/enemy1.png
19:50:37.700 [FXGL Background Thread 1 ] DEBUG FXGLAssetLoaderServi - Loading from file system: file:/C:/Users/Admin/Desktop/Bomberman/target/classes/assets/textures/portal.png
19:50:37.734 [FXGL Background Thread 1 ] DEBUG FXGLAssetLoaderServi - Loading from file system: file:/C:/Users/Admin/Desktop/Bomberman/target/classes/assets/textures/powerup_flames.png
19:50:37.804 [FXGL Background Thread 4 ] DEBUG FXGLAssetLoaderServi - Loading from file system: jar:file:/C:/Users/Admin/.m2/repository/com/github/almasb/fxgl/11.17/fxgl-11.17.jar!/fxglassets/ui/fonts/Abel-Regular.ttf
19:50:37.809 [FXGL Background Thread 4 ] DEBUG FXGLAssetLoaderServi - Loading from file system: jar:file:/C:/Users/Admin/.m2/repository/com/github/almasb/fxgl/11.17/fxgl-11.17.jar!/fxglassets/ui/fonts/lucida_console.ttf
19:50:37.818 [FXGL Background Thread 4 ] DEBUG FXGLAssetLoaderServi - Loading from file system: jar:file:/C:/Users/Admin/.m2/repository/com/github/almasb/fxgl/11.17/fxgl-11.17.jar!/fxglassets/ui/fonts/Courier-Prime.ttf
19:50:37.828 [JavaFX Application Thread] DEBUG FXGLApplication      - Registering font factories with UI factory
19:50:37.838 [FXGL Background Thread 1 ] INFO  FXGLApplication      - Game initialization took: 0.336 sec
19:50:37.839 [JavaFX Application Thread] DEBUG Input                - Clearing active input actions
19:50:37.863 [JavaFX Application Thread] DEBUG GameApplicationServi - Removing overlay from FXGLLoadingScene and adding to GameScene
19:50:37.863 [JavaFX Application Thread] DEBUG PrimaryStageWindow   - FXGLLoadingScene -> GameScene
19:50:38.560 [FXGL Background Thread 2 ] INFO  UpdaterService       - Your current version:  11.17
19:50:38.560 [FXGL Background Thread 2 ] INFO  UpdaterService       - Latest stable version: 17.2
19:50:40.365 [FXGL Background Thread 3 ] DEBUG Engine               - Logging environment variables
19:50:40.366 [FXGL Background Thread 3 ] DEBUG Engine               - achievements: []
19:50:40.366 [FXGL Background Thread 3 ] DEBUG Engine               - actualHeight: 603.0
19:50:40.366 [FXGL Background Thread 3 ] DEBUG Engine               - actualHeightProperty: ReadOnlyDoubleProperty [value: 603.0]
19:50:40.366 [FXGL Background Thread 3 ] DEBUG Engine               - actualWidth: 1415.0
19:50:40.366 [FXGL Background Thread 3 ] DEBUG Engine               - actualWidthProperty: ReadOnlyDoubleProperty [value: 1415.0]
19:50:40.366 [FXGL Background Thread 3 ] DEBUG Engine               - appIcon: fxgl_icon.png
19:50:40.366 [FXGL Background Thread 3 ] DEBUG Engine               - applicationMode: DEVELOPER
19:50:40.366 [FXGL Background Thread 3 ] DEBUG Engine               - cSSList: [fxgl_dark.css]
19:50:40.366 [FXGL Background Thread 3 ] DEBUG Engine               - collisionDetectionStrategy: BRUTE_FORCE
19:50:40.366 [FXGL Background Thread 3 ] DEBUG Engine               - configClass: Optional.empty
19:50:40.366 [FXGL Background Thread 3 ] DEBUG Engine               - credits: []
19:50:40.366 [FXGL Background Thread 3 ] DEBUG Engine               - defaultCursor: CursorInfo(imageName=fxgl_default_cursor.png, hotspotX=7.0, hotspotY=6.0)
19:50:40.367 [FXGL Background Thread 3 ] DEBUG Engine               - devBBoxColorProperty: ObjectProperty [value: 0xff0000ff]
19:50:40.367 [FXGL Background Thread 3 ] DEBUG Engine               - devEnableDebugCameraProperty: BooleanProperty [value: false]
19:50:40.367 [FXGL Background Thread 3 ] DEBUG Engine               - devSensorColorProperty: ObjectProperty [value: 0xffff00ff]
19:50:40.367 [FXGL Background Thread 3 ] DEBUG Engine               - devShowBBoxProperty: BooleanProperty [value: false]
19:50:40.367 [FXGL Background Thread 3 ] DEBUG Engine               - devShowPositionProperty: BooleanProperty [value: false]
19:50:40.367 [FXGL Background Thread 3 ] DEBUG Engine               - enabledMenuItems: []
19:50:40.367 [FXGL Background Thread 3 ] DEBUG Engine               - engineServices: [class com.almasb.fxgl.app.services.FXGLAssetLoaderService, class com.almasb.fxgl.app.FXGLApplication$GameApplicationService, class com.almasb.fxgl.app.services.FXGLDialogService, class com.almasb.fxgl.app.services.IOTaskExecutorService, class com.almasb.fxgl.io.FileSystemService, class com.almasb.fxgl.localization.LocalizationService, class com.almasb.fxgl.app.services.SystemBundleService, class com.almasb.fxgl.profile.SaveLoadService, class com.almasb.fxgl.ui.FXGLUIFactoryServiceProvider, class com.almasb.fxgl.ui.FXGLDialogFactoryServiceProvider, class com.almasb.fxgl.audio.AudioPlayer, class com.almasb.fxgl.notification.impl.NotificationServiceProvider, class com.almasb.fxgl.achievement.AchievementService, class com.almasb.fxgl.cutscene.CutsceneService, class com.almasb.fxgl.minigames.MiniGameService, class com.almasb.fxgl.net.NetService, class com.almasb.fxgl.app.services.UpdaterService, class com.almasb.fxgl.dev.DevService]
19:50:40.367 [FXGL Background Thread 3 ] DEBUG Engine               - fontGame: Abel-Regular.ttf
19:50:40.367 [FXGL Background Thread 3 ] DEBUG Engine               - fontMono: lucida_console.ttf
19:50:40.367 [FXGL Background Thread 3 ] DEBUG Engine               - fontText: Courier-Prime.ttf
19:50:40.367 [FXGL Background Thread 3 ] DEBUG Engine               - fontUI: VarelaRound-Regular.ttf
19:50:40.367 [FXGL Background Thread 3 ] DEBUG Engine               - fullScreen: BooleanProperty [value: false]
19:50:40.367 [FXGL Background Thread 3 ] DEBUG Engine               - gameDifficulty: MEDIUM
19:50:40.367 [FXGL Background Thread 3 ] DEBUG Engine               - gameDifficultyProperty: ObjectProperty [value: MEDIUM]
19:50:40.367 [FXGL Background Thread 3 ] DEBUG Engine               - globalMusicVolume: 0.5
19:50:40.367 [FXGL Background Thread 3 ] DEBUG Engine               - globalMusicVolumeProperty: DoubleProperty [value: 0.5]
19:50:40.367 [FXGL Background Thread 3 ] DEBUG Engine               - globalSoundVolume: 0.5
19:50:40.367 [FXGL Background Thread 3 ] DEBUG Engine               - globalSoundVolumeProperty: DoubleProperty [value: 0.5]
19:50:40.367 [FXGL Background Thread 3 ] DEBUG Engine               - height: 624
19:50:40.367 [FXGL Background Thread 3 ] DEBUG Engine               - is3D: false
19:50:40.367 [FXGL Background Thread 3 ] DEBUG Engine               - isAndroid: false
19:50:40.367 [FXGL Background Thread 3 ] DEBUG Engine               - isBrowser: false
19:50:40.367 [FXGL Background Thread 3 ] DEBUG Engine               - isClickFeedbackEnabled: false
19:50:40.367 [FXGL Background Thread 3 ] DEBUG Engine               - isCloseConfirmation: false
19:50:40.368 [FXGL Background Thread 3 ] DEBUG Engine               - isDesktop: true
19:50:40.368 [FXGL Background Thread 3 ] DEBUG Engine               - isDeveloperMenuEnabled: false
19:50:40.368 [FXGL Background Thread 3 ] DEBUG Engine               - isEntityPreloadEnabled: true
19:50:40.368 [FXGL Background Thread 3 ] DEBUG Engine               - isExperimentalTiledLargeMap: false
19:50:40.368 [FXGL Background Thread 3 ] DEBUG Engine               - isFileSystemWriteAllowed: true
19:50:40.368 [FXGL Background Thread 3 ] DEBUG Engine               - isFullScreenAllowed: true
19:50:40.368 [FXGL Background Thread 3 ] DEBUG Engine               - isFullScreenFromStart: false
19:50:40.368 [FXGL Background Thread 3 ] DEBUG Engine               - isGameMenuEnabled: true
19:50:40.368 [FXGL Background Thread 3 ] DEBUG Engine               - isIOS: false
19:50:40.368 [FXGL Background Thread 3 ] DEBUG Engine               - isIntroEnabled: false
19:50:40.368 [FXGL Background Thread 3 ] DEBUG Engine               - isLinux: false
19:50:40.368 [FXGL Background Thread 3 ] DEBUG Engine               - isMac: false
19:50:40.368 [FXGL Background Thread 3 ] DEBUG Engine               - isMainMenuEnabled: false
19:50:40.368 [FXGL Background Thread 3 ] DEBUG Engine               - isManualResizeEnabled: false
19:50:40.368 [FXGL Background Thread 3 ] DEBUG Engine               - isMobile: false
19:50:40.368 [FXGL Background Thread 3 ] DEBUG Engine               - isNative: false
19:50:40.368 [FXGL Background Thread 3 ] DEBUG Engine               - isPauseMusicWhenMinimized: true
19:50:40.368 [FXGL Background Thread 3 ] DEBUG Engine               - isPreserveResizeRatio: false
19:50:40.368 [FXGL Background Thread 3 ] DEBUG Engine               - isProfilingEnabled: false
19:50:40.368 [FXGL Background Thread 3 ] DEBUG Engine               - isScaleAffectedOnResize: true
19:50:40.368 [FXGL Background Thread 3 ] DEBUG Engine               - isSingleStep: false
19:50:40.368 [FXGL Background Thread 3 ] DEBUG Engine               - isUserProfileEnabled: false
19:50:40.368 [FXGL Background Thread 3 ] DEBUG Engine               - isWindows: true
19:50:40.368 [FXGL Background Thread 3 ] DEBUG Engine               - language: ObjectProperty [value: ENGLISH]
19:50:40.368 [FXGL Background Thread 3 ] DEBUG Engine               - menuKey: ESCAPE
19:50:40.368 [FXGL Background Thread 3 ] DEBUG Engine               - mouseSensitivity: 0.2
19:50:40.368 [FXGL Background Thread 3 ] DEBUG Engine               - notificationViewClass: class com.almasb.fxgl.notification.view.XboxNotificationView
19:50:40.368 [FXGL Background Thread 3 ] DEBUG Engine               - pixelsPerMeter: 50.0
19:50:40.368 [FXGL Background Thread 3 ] DEBUG Engine               - platform: WINDOWS
19:50:40.368 [FXGL Background Thread 3 ] DEBUG Engine               - prefHeightProperty: ReadOnlyDoubleProperty [value: 624.0]
19:50:40.368 [FXGL Background Thread 3 ] DEBUG Engine               - prefWidthProperty: ReadOnlyDoubleProperty [value: 1488.0]
19:50:40.369 [FXGL Background Thread 3 ] DEBUG Engine               - profileDir: profiles/
19:50:40.369 [FXGL Background Thread 3 ] DEBUG Engine               - profileName: StringProperty [value: DEFAULT]
19:50:40.369 [FXGL Background Thread 3 ] DEBUG Engine               - randomSeed: -1
19:50:40.369 [FXGL Background Thread 3 ] DEBUG Engine               - runtimeInfo: RuntimeInfo(platform=WINDOWS, version=11.17, build=16.07.2021 15.46)
19:50:40.369 [FXGL Background Thread 3 ] DEBUG Engine               - saveFileExt: sav
19:50:40.369 [FXGL Background Thread 3 ] DEBUG Engine               - scaledHeightProp$fxgl: DoubleProperty [bound, value: 603.0]
19:50:40.369 [FXGL Background Thread 3 ] DEBUG Engine               - scaledWidthProp$fxgl: DoubleProperty [bound, value: 1415.0]
19:50:40.369 [FXGL Background Thread 3 ] DEBUG Engine               - sceneFactory: com.almasb.fxgl.app.scene.SceneFactory@38acdb48
19:50:40.369 [FXGL Background Thread 3 ] DEBUG Engine               - secondsIn24h: 60
19:50:40.369 [FXGL Background Thread 3 ] DEBUG Engine               - soundMenuBack: menu/back.wav
19:50:40.369 [FXGL Background Thread 3 ] DEBUG Engine               - soundMenuPress: menu/press.wav
19:50:40.369 [FXGL Background Thread 3 ] DEBUG Engine               - soundMenuSelect: menu/select.wav
19:50:40.369 [FXGL Background Thread 3 ] DEBUG Engine               - soundNotification: core/notification.wav
19:50:40.369 [FXGL Background Thread 3 ] DEBUG Engine               - stageStyle: DECORATED
19:50:40.369 [FXGL Background Thread 3 ] DEBUG Engine               - supportedLanguages: [ENGLISH, FRENCH, GERMAN, HUNGARIAN, RUSSIAN]
19:50:40.369 [FXGL Background Thread 3 ] DEBUG Engine               - ticksPerSecond: -1
19:50:40.369 [FXGL Background Thread 3 ] DEBUG Engine               - title: BOMBERMAN
19:50:40.369 [FXGL Background Thread 3 ] DEBUG Engine               - urlGithub: https://github.com/AlmasB/FXGL
19:50:40.369 [FXGL Background Thread 3 ] DEBUG Engine               - urlLeaderboard: http://fxgl-top.herokuapp.com/
19:50:40.369 [FXGL Background Thread 3 ] DEBUG Engine               - urlPOM: https://raw.githubusercontent.com/AlmasB/FXGL/release/README.md
19:50:40.369 [FXGL Background Thread 3 ] DEBUG Engine               - userAppClass: class Bomberman.BombermanGame
19:50:40.369 [FXGL Background Thread 3 ] DEBUG Engine               - version: 1.0
19:50:40.369 [FXGL Background Thread 3 ] DEBUG Engine               - versionCheckDays: 7
19:50:40.369 [FXGL Background Thread 3 ] DEBUG Engine               - width: 1488
19:50:40.369 [FXGL Background Thread 3 ] DEBUG Engine               - Logging services
19:50:40.369 [FXGL Background Thread 3 ] DEBUG Engine               - class com.almasb.fxgl.app.services.FXGLAssetLoaderService
19:50:40.369 [FXGL Background Thread 3 ] DEBUG Engine               - class com.almasb.fxgl.app.FXGLApplication$GameApplicationService
19:50:40.369 [FXGL Background Thread 3 ] DEBUG Engine               - class com.almasb.fxgl.app.services.FXGLDialogService
19:50:40.369 [FXGL Background Thread 3 ] DEBUG Engine               - class com.almasb.fxgl.app.services.IOTaskExecutorService
19:50:40.369 [FXGL Background Thread 3 ] DEBUG Engine               - class com.almasb.fxgl.io.FileSystemService
19:50:40.369 [FXGL Background Thread 3 ] DEBUG Engine               - class com.almasb.fxgl.localization.LocalizationService
19:50:40.369 [FXGL Background Thread 3 ] DEBUG Engine               - class com.almasb.fxgl.app.services.SystemBundleService
19:50:40.369 [FXGL Background Thread 3 ] DEBUG Engine               - class com.almasb.fxgl.profile.SaveLoadService
19:50:40.369 [FXGL Background Thread 3 ] DEBUG Engine               - class com.almasb.fxgl.ui.FXGLUIFactoryServiceProvider
19:50:40.369 [FXGL Background Thread 3 ] DEBUG Engine               - class com.almasb.fxgl.ui.FXGLDialogFactoryServiceProvider
19:50:40.369 [FXGL Background Thread 3 ] DEBUG Engine               - class com.almasb.fxgl.audio.AudioPlayer
19:50:40.369 [FXGL Background Thread 3 ] DEBUG Engine               - class com.almasb.fxgl.notification.impl.NotificationServiceProvider
19:50:40.369 [FXGL Background Thread 3 ] DEBUG Engine               - class com.almasb.fxgl.achievement.AchievementService
19:50:40.369 [FXGL Background Thread 3 ] DEBUG Engine               - class com.almasb.fxgl.cutscene.CutsceneService
19:50:40.370 [FXGL Background Thread 3 ] DEBUG Engine               - class com.almasb.fxgl.minigames.MiniGameService
19:50:40.370 [FXGL Background Thread 3 ] DEBUG Engine               - class com.almasb.fxgl.net.NetService
19:50:40.370 [FXGL Background Thread 3 ] DEBUG Engine               - class com.almasb.fxgl.app.services.UpdaterService
19:50:40.370 [FXGL Background Thread 3 ] DEBUG Engine               - class com.almasb.fxgl.dev.DevService
19:50:40.781 [JavaFX Application Thread] DEBUG FXGLAssetLoaderServi - Loading from file system: file:/C:/Users/Admin/Desktop/Bomberman/target/classes/assets/sounds/place_bomb.wav
19:50:40.847 [JavaFX Application Thread] DEBUG FXGLAssetLoaderServi - Loading from file system: file:/C:/Users/Admin/Desktop/Bomberman/target/classes/assets/textures/bomb.png
19:50:42.807 [JavaFX Application Thread] DEBUG FXGLAssetLoaderServi - Loading from file system: file:/C:/Users/Admin/Desktop/Bomberman/target/classes/assets/textures/central_flame.png
19:50:42.809 [JavaFX Application Thread] DEBUG FXGLAssetLoaderServi - Loading from file system: file:/C:/Users/Admin/Desktop/Bomberman/target/classes/assets/textures/top_down_flame.png
19:50:42.810 [JavaFX Application Thread] DEBUG FXGLAssetLoaderServi - Loading from file system: file:/C:/Users/Admin/Desktop/Bomberman/target/classes/assets/textures/top_right_flame.png
19:50:42.811 [JavaFX Application Thread] DEBUG FXGLAssetLoaderServi - Loading from file system: file:/C:/Users/Admin/Desktop/Bomberman/target/classes/assets/textures/top_left_flame.png
19:50:42.812 [JavaFX Application Thread] DEBUG FXGLAssetLoaderServi - Loading from file system: file:/C:/Users/Admin/Desktop/Bomberman/target/classes/assets/textures/right_flame.png
19:50:42.813 [JavaFX Application Thread] DEBUG FXGLAssetLoaderServi - Loading from file system: file:/C:/Users/Admin/Desktop/Bomberman/target/classes/assets/textures/left_flame.png
19:50:42.813 [JavaFX Application Thread] DEBUG FXGLAssetLoaderServi - Loading from file system: file:/C:/Users/Admin/Desktop/Bomberman/target/classes/assets/textures/down_flame.png
19:50:42.814 [JavaFX Application Thread] DEBUG FXGLAssetLoaderServi - Loading from file system: file:/C:/Users/Admin/Desktop/Bomberman/target/classes/assets/textures/up_flame.png
19:50:42.815 [JavaFX Application Thread] DEBUG FXGLAssetLoaderServi - Loading from file system: file:/C:/Users/Admin/Desktop/Bomberman/target/classes/assets/textures/top_up_flame.png
19:50:42.817 [JavaFX Application Thread] DEBUG FXGLAssetLoaderServi - Loading from file system: file:/C:/Users/Admin/Desktop/Bomberman/target/classes/assets/sounds/explosion.wav
19:50:43.222 [JavaFX Application Thread] WARN  GameWorld            - Attempted to remove entity which is not active
19:50:44.902 [JavaFX Application Thread] WARN  GameWorld            - Attempted to remove entity which is not active
19:50:46.182 [JavaFX Application Thread] WARN  GameWorld            - Attempted to remove entity which is not active
19:50:46.183 [JavaFX Application Thread] WARN  GameWorld            - Attempted to remove entity which is not active
19:51:55.724 [JavaFX Application Thread] DEBUG FXGLApplication      - Exiting FXGL
19:51:55.724 [JavaFX Application Thread] DEBUG LoopRunner           - Stopping loop
19:51:55.724 [JavaFX Application Thread] DEBUG SystemBundleService  - Saving FXGL system data
19:51:55.726 [JavaFX Application Thread] DEBUG FileSystemAccess     - Writing to: C:\Users\Admin\Desktop\Bomberman\system\fxgl.bundle
19:51:55.727 [JavaFX Application Thread] DEBUG Async                - Shutting down background threads
19:51:55.727 [JavaFX Application Thread] DEBUG PrimaryStageWindow   - Closing main window
19:51:55.738 [JavaFX Application Thread] DEBUG Logger               - Closing Logger
