07:53:40.452 [main                     ] DEBUG Logger               - Configured Logger
07:53:40.455 [main                     ] DEBUG GameApplication      - Logging settings
Title: BOMBERMAN
Version: 1.0
Width: 1488
Height: 624
Fullscreen: true
Intro: false
Profiling: false
Single step:false
App Mode: DEVELOPER
Menu Key: ESCAPE
Stage Style: DECORATED
Scene Factory: class com.almasb.fxgl.app.scene.SceneFactory

07:53:40.776 [JavaFX Application Thread] DEBUG FXGLApplication      - Initializing FXGL
07:53:40.778 [JavaFX Application Thread] INFO  Engine               - FXGL-11.17 (16.07.2021 15.46) on WINDOWS (J:11.0.16.1 FX:16)
07:53:40.778 [JavaFX Application Thread] DEBUG Engine               - JRE Vendor Name: Oracle Corporation
07:53:40.778 [JavaFX Application Thread] DEBUG Engine               - Running on OS: Windows 11 version 10.0
07:53:40.778 [JavaFX Application Thread] DEBUG Engine               - Architecture: amd64
07:53:40.778 [JavaFX Application Thread] INFO  Engine               - Source code and latest versions at: https://github.com/AlmasB/FXGL
07:53:40.779 [JavaFX Application Thread] INFO  Engine               -              Join the FXGL chat at: https://gitter.im/AlmasB/FXGL
07:53:40.871 [JavaFX Application Thread] DEBUG PrimaryStageWindow   - Creating a JavaFX scene
07:53:40.871 [JavaFX Application Thread] DEBUG PrimaryStageWindow   - Target size > screen size
07:53:40.918 [JavaFX Application Thread] DEBUG PrimaryStageWindow   - Target settings size: 1488.0 x 624.0
07:53:40.918 [JavaFX Application Thread] DEBUG PrimaryStageWindow   - Scaled scene size:    1415.0 x 603.0
07:53:40.919 [JavaFX Application Thread] DEBUG PrimaryStageWindow   - Scaled ratio: (0.9509408602150538, 0.9663461538461539)
07:53:40.919 [JavaFX Application Thread] DEBUG PrimaryStageWindow   - Set initial scene to FXGLStartupScene
07:53:40.926 [JavaFX Application Thread] DEBUG PrimaryStageWindow   - Opening main window
07:53:41.006 [JavaFX Application Thread] DEBUG PrimaryStageWindow   - Window border size: (13.0, 35.5)
07:53:41.006 [JavaFX Application Thread] DEBUG PrimaryStageWindow   - Scaled size: 1415.0 x 603.0
07:53:41.006 [JavaFX Application Thread] DEBUG PrimaryStageWindow   - Scaled ratio: (0.9509408602150538, 0.9663461538461539)
07:53:41.006 [JavaFX Application Thread] DEBUG PrimaryStageWindow   - Scene size: 1415.0 x 603.0
07:53:41.007 [JavaFX Application Thread] DEBUG PrimaryStageWindow   - Stage size: 1428.0 x 638.5
07:53:41.013 [FXGL Background Thread 1 ] DEBUG Engine               - Initializing environment variables
07:53:41.070 [FXGL Background Thread 1 ] DEBUG FXGLAssetLoaderServi - User app class for loading assets: class Bomberman.BombermanGame
07:53:41.071 [FXGL Background Thread 1 ] DEBUG GameApplicationServi - Applying CSS: fxgl_dark.css
07:53:41.071 [FXGL Background Thread 1 ] DEBUG FXGLAssetLoaderServi - Loading from file system: jar:file:/C:/Users/Admin/.m2/repository/com/github/almasb/fxgl/11.17/fxgl-11.17.jar!/fxglassets/ui/css/fxgl_dark.css
07:53:41.105 [FXGL Background Thread 1 ] DEBUG GameApplicationServi - Initializing application scenes
07:53:41.134 [FXGL Background Thread 1 ] DEBUG GameWorld            - Game world initialized
07:53:41.177 [FXGL Background Thread 1 ] DEBUG PhysicsWorld         - Physics world initialized: appHeight=624, physics.ppm=50.0
07:53:41.177 [FXGL Background Thread 1 ] DEBUG PhysicsWorld         - Using strategy: BRUTE_FORCE
07:53:41.179 [FXGL Background Thread 1 ] DEBUG GameScene            - Game scene initialized: 1488x624
07:53:41.191 [FXGL Background Thread 1 ] DEBUG FXGL.DefaultMenu     - createMenuBodyGameMenu()
07:53:41.206 [FXGL Background Thread 1 ] DEBUG FXGL.DefaultMenu     - createOptionsMenu()
07:53:41.215 [FXGL Background Thread 1 ] DEBUG FXGLAssetLoaderServi - Loading from file system: jar:file:/C:/Users/Admin/.m2/repository/com/github/almasb/fxgl/11.17/fxgl-11.17.jar!/fxglassets/textures/particles/smoke.png
07:53:41.287 [FXGL Background Thread 1 ] DEBUG FXGLAssetLoaderServi - Loading from file system: jar:file:/C:/Users/Admin/.m2/repository/com/github/almasb/fxgl/11.17/fxgl-11.17.jar!/fxglassets/textures/particles/trace_horizontal.png
07:53:41.313 [FXGL Background Thread 1 ] DEBUG GameApplicationServi - Application scenes initialized
07:53:41.326 [FXGL Background Thread 1 ] DEBUG SystemBundleService  - Loading FXGL system data
07:53:41.331 [FXGL Background Thread 1 ] DEBUG FileSystemAccess     - Reading from: C:\Users\Admin\Desktop\Bomberman\system\fxgl.bundle
07:53:41.337 [FXGL Background Thread 1 ] DEBUG SystemBundleService  - Bundle FXGL: {}
07:53:41.337 [FXGL Background Thread 1 ] DEBUG UpdaterService       - Checking for updates
07:53:41.341 [FXGL Background Thread 4 ] DEBUG FXGLApplication      - Loading fonts
07:53:41.341 [FXGL Background Thread 4 ] DEBUG FXGLAssetLoaderServi - Loading from file system: jar:file:/C:/Users/Admin/.m2/repository/com/github/almasb/fxgl/11.17/fxgl-11.17.jar!/fxglassets/ui/fonts/VarelaRound-Regular.ttf
07:53:41.341 [FXGL Background Thread 1 ] DEBUG FXGLApplication      - Loading default localization
07:53:41.342 [FXGL Background Thread 1 ] DEBUG FXGLAssetLoaderServi - Loading from file system: jar:file:/C:/Users/Admin/.m2/repository/com/github/almasb/fxgl/11.17/fxgl-11.17.jar!/fxglassets/languages/english.lang
07:53:41.357 [FXGL Background Thread 1 ] INFO  FXGLApplication      - FXGL initialization took: 0.344 sec
07:53:41.367 [JavaFX Application Thread] DEBUG Input                - Registered new binding: Move Left - A
07:53:41.367 [JavaFX Application Thread] DEBUG Input                - Registered new binding: Move Right - D
07:53:41.367 [JavaFX Application Thread] DEBUG Input                - Registered new binding: Move Up - W
07:53:41.367 [JavaFX Application Thread] DEBUG Input                - Registered new binding: Move Down - S
07:53:41.368 [JavaFX Application Thread] DEBUG Input                - Registered new binding: Place Bomb - Space
07:53:41.368 [JavaFX Application Thread] DEBUG FXGLAssetLoaderServi - Loading from file system: jar:file:/C:/Users/Admin/.m2/repository/com/github/almasb/fxgl/11.17/fxgl-11.17.jar!/fxglassets/textures/fxgl_icon.png
07:53:41.389 [JavaFX Application Thread] DEBUG FXGLAssetLoaderServi - Loading from file system: jar:file:/C:/Users/Admin/.m2/repository/com/github/almasb/fxgl/11.17/fxgl-11.17.jar!/fxglassets/textures/fxgl_default_cursor.png
07:53:41.391 [JavaFX Application Thread] DEBUG Input                - Registered new binding: Screenshot - CTRL+8
07:53:41.391 [JavaFX Application Thread] DEBUG Input                - Registered new binding: System info dump - CTRL+9
07:53:41.392 [JavaFX Application Thread] DEBUG Input                - Registered new binding: Restart - CTRL+R
07:53:41.392 [JavaFX Application Thread] DEBUG Input                - Registered new binding: Toggle Debug Camera - CTRL+C
07:53:41.394 [JavaFX Application Thread] DEBUG LoopRunner           - Starting loop
07:53:41.394 [JavaFX Application Thread] DEBUG LoopRunner           - Initializing JavaFX AnimationTimerLoop
07:53:41.396 [JavaFX Application Thread] DEBUG GameApplicationServi - Starting new game
07:53:41.397 [JavaFX Application Thread] DEBUG Input                - Clearing active input actions
07:53:41.411 [JavaFX Application Thread] DEBUG GameApplicationServi - Removing overlay from FXGLStartupScene and adding to FXGLLoadingScene
07:53:41.412 [JavaFX Application Thread] DEBUG PrimaryStageWindow   - FXGLStartupScene -> FXGLLoadingScene
07:53:41.412 [JavaFX Application Thread] DEBUG GameApplicationServi - Clearing previous game
07:53:41.412 [JavaFX Application Thread] DEBUG GameScene            - Clearing game scene
07:53:41.412 [JavaFX Application Thread] DEBUG GameWorld            - Clearing game world
07:53:41.412 [JavaFX Application Thread] DEBUG PhysicsWorld         - Clearing physics world
07:53:41.413 [FXGL Background Thread 1 ] DEBUG FXGLApplication      - Initializing game
07:53:41.428 [FXGL Background Thread 1 ] DEBUG FXGLAssetLoaderServi - Loading from file system: file:/C:/Users/Admin/Desktop/Bomberman/target/classes/assets/textures/wall.png
07:53:41.469 [FXGL Background Thread 1 ] DEBUG FXGLAssetLoaderServi - Loading from file system: file:/C:/Users/Admin/Desktop/Bomberman/target/classes/assets/textures/player_die.png
07:53:41.471 [FXGL Background Thread 1 ] DEBUG FXGLAssetLoaderServi - Loading from file system: file:/C:/Users/Admin/Desktop/Bomberman/target/classes/assets/textures/player_down.png
07:53:41.472 [FXGL Background Thread 1 ] DEBUG FXGLAssetLoaderServi - Loading from file system: file:/C:/Users/Admin/Desktop/Bomberman/target/classes/assets/textures/player_right.png
07:53:41.472 [FXGL Background Thread 1 ] DEBUG FXGLAssetLoaderServi - Loading from file system: file:/C:/Users/Admin/Desktop/Bomberman/target/classes/assets/textures/player_up.png
07:53:41.473 [FXGL Background Thread 1 ] DEBUG FXGLAssetLoaderServi - Loading from file system: file:/C:/Users/Admin/Desktop/Bomberman/target/classes/assets/textures/player_left.png
07:53:41.477 [FXGL Background Thread 1 ] DEBUG FXGLAssetLoaderServi - Loading from file system: file:/C:/Users/Admin/Desktop/Bomberman/target/classes/assets/textures/brick.png
07:53:41.478 [FXGL Background Thread 1 ] DEBUG FXGLAssetLoaderServi - Loading from file system: file:/C:/Users/Admin/Desktop/Bomberman/target/classes/assets/textures/brick_break.png
07:53:41.502 [FXGL Background Thread 1 ] DEBUG FXGLAssetLoaderServi - Loading from file system: file:/C:/Users/Admin/Desktop/Bomberman/target/classes/assets/textures/portal.png
07:53:41.525 [FXGL Background Thread 1 ] DEBUG FXGLAssetLoaderServi - Loading from file system: file:/C:/Users/Admin/Desktop/Bomberman/target/classes/assets/textures/powerup_bombs.png
07:53:41.527 [FXGL Background Thread 1 ] DEBUG FXGLAssetLoaderServi - Loading from file system: file:/C:/Users/Admin/Desktop/Bomberman/target/classes/assets/textures/powerup_flames.png
07:53:41.529 [FXGL Background Thread 1 ] DEBUG FXGLAssetLoaderServi - Loading from file system: file:/C:/Users/Admin/Desktop/Bomberman/target/classes/assets/textures/powerup_speed.png
07:53:41.571 [FXGL Background Thread 4 ] DEBUG FXGLAssetLoaderServi - Loading from file system: jar:file:/C:/Users/Admin/.m2/repository/com/github/almasb/fxgl/11.17/fxgl-11.17.jar!/fxglassets/ui/fonts/Abel-Regular.ttf
07:53:41.574 [FXGL Background Thread 4 ] DEBUG FXGLAssetLoaderServi - Loading from file system: jar:file:/C:/Users/Admin/.m2/repository/com/github/almasb/fxgl/11.17/fxgl-11.17.jar!/fxglassets/ui/fonts/lucida_console.ttf
07:53:41.578 [FXGL Background Thread 4 ] DEBUG FXGLAssetLoaderServi - Loading from file system: jar:file:/C:/Users/Admin/.m2/repository/com/github/almasb/fxgl/11.17/fxgl-11.17.jar!/fxglassets/ui/fonts/Courier-Prime.ttf
07:53:41.587 [JavaFX Application Thread] DEBUG FXGLApplication      - Registering font factories with UI factory
07:53:41.591 [FXGL Background Thread 1 ] INFO  FXGLApplication      - Game initialization took: 0.178 sec
07:53:41.592 [JavaFX Application Thread] DEBUG Input                - Clearing active input actions
07:53:41.604 [JavaFX Application Thread] DEBUG GameApplicationServi - Removing overlay from FXGLLoadingScene and adding to GameScene
07:53:41.604 [JavaFX Application Thread] DEBUG PrimaryStageWindow   - FXGLLoadingScene -> GameScene
07:53:42.200 [FXGL Background Thread 2 ] INFO  UpdaterService       - Your current version:  11.17
07:53:42.201 [FXGL Background Thread 2 ] INFO  UpdaterService       - Latest stable version: 17.2
07:53:42.812 [JavaFX Application Thread] DEBUG FXGLAssetLoaderServi - Loading from file system: file:/C:/Users/Admin/Desktop/Bomberman/target/classes/assets/textures/bomb.png
07:53:42.814 [JavaFX Application Thread] DEBUG FXGLAssetLoaderServi - Loading from file system: file:/C:/Users/Admin/Desktop/Bomberman/target/classes/assets/sounds/place_bomb.wav
07:53:44.340 [FXGL Background Thread 3 ] DEBUG Engine               - Logging environment variables
07:53:44.340 [FXGL Background Thread 3 ] DEBUG Engine               - achievements: []
07:53:44.340 [FXGL Background Thread 3 ] DEBUG Engine               - actualHeight: 603.0
07:53:44.341 [FXGL Background Thread 3 ] DEBUG Engine               - actualHeightProperty: ReadOnlyDoubleProperty [value: 603.0]
07:53:44.341 [FXGL Background Thread 3 ] DEBUG Engine               - actualWidth: 1415.0
07:53:44.341 [FXGL Background Thread 3 ] DEBUG Engine               - actualWidthProperty: ReadOnlyDoubleProperty [value: 1415.0]
07:53:44.341 [FXGL Background Thread 3 ] DEBUG Engine               - appIcon: fxgl_icon.png
07:53:44.341 [FXGL Background Thread 3 ] DEBUG Engine               - applicationMode: DEVELOPER
07:53:44.341 [FXGL Background Thread 3 ] DEBUG Engine               - cSSList: [fxgl_dark.css]
07:53:44.341 [FXGL Background Thread 3 ] DEBUG Engine               - collisionDetectionStrategy: BRUTE_FORCE
07:53:44.341 [FXGL Background Thread 3 ] DEBUG Engine               - configClass: Optional.empty
07:53:44.341 [FXGL Background Thread 3 ] DEBUG Engine               - credits: []
07:53:44.341 [FXGL Background Thread 3 ] DEBUG Engine               - defaultCursor: CursorInfo(imageName=fxgl_default_cursor.png, hotspotX=7.0, hotspotY=6.0)
07:53:44.341 [FXGL Background Thread 3 ] DEBUG Engine               - devBBoxColorProperty: ObjectProperty [value: 0xff0000ff]
07:53:44.341 [FXGL Background Thread 3 ] DEBUG Engine               - devEnableDebugCameraProperty: BooleanProperty [value: false]
07:53:44.341 [FXGL Background Thread 3 ] DEBUG Engine               - devSensorColorProperty: ObjectProperty [value: 0xffff00ff]
07:53:44.341 [FXGL Background Thread 3 ] DEBUG Engine               - devShowBBoxProperty: BooleanProperty [value: false]
07:53:44.341 [FXGL Background Thread 3 ] DEBUG Engine               - devShowPositionProperty: BooleanProperty [value: false]
07:53:44.341 [FXGL Background Thread 3 ] DEBUG Engine               - enabledMenuItems: []
07:53:44.341 [FXGL Background Thread 3 ] DEBUG Engine               - engineServices: [class com.almasb.fxgl.app.services.FXGLAssetLoaderService, class com.almasb.fxgl.app.FXGLApplication$GameApplicationService, class com.almasb.fxgl.app.services.FXGLDialogService, class com.almasb.fxgl.app.services.IOTaskExecutorService, class com.almasb.fxgl.io.FileSystemService, class com.almasb.fxgl.localization.LocalizationService, class com.almasb.fxgl.app.services.SystemBundleService, class com.almasb.fxgl.profile.SaveLoadService, class com.almasb.fxgl.ui.FXGLUIFactoryServiceProvider, class com.almasb.fxgl.ui.FXGLDialogFactoryServiceProvider, class com.almasb.fxgl.audio.AudioPlayer, class com.almasb.fxgl.notification.impl.NotificationServiceProvider, class com.almasb.fxgl.achievement.AchievementService, class com.almasb.fxgl.cutscene.CutsceneService, class com.almasb.fxgl.minigames.MiniGameService, class com.almasb.fxgl.net.NetService, class com.almasb.fxgl.app.services.UpdaterService, class com.almasb.fxgl.dev.DevService]
07:53:44.341 [FXGL Background Thread 3 ] DEBUG Engine               - fontGame: Abel-Regular.ttf
07:53:44.341 [FXGL Background Thread 3 ] DEBUG Engine               - fontMono: lucida_console.ttf
07:53:44.341 [FXGL Background Thread 3 ] DEBUG Engine               - fontText: Courier-Prime.ttf
07:53:44.342 [FXGL Background Thread 3 ] DEBUG Engine               - fontUI: VarelaRound-Regular.ttf
07:53:44.342 [FXGL Background Thread 3 ] DEBUG Engine               - fullScreen: BooleanProperty [value: false]
07:53:44.342 [FXGL Background Thread 3 ] DEBUG Engine               - gameDifficulty: MEDIUM
07:53:44.342 [FXGL Background Thread 3 ] DEBUG Engine               - gameDifficultyProperty: ObjectProperty [value: MEDIUM]
07:53:44.342 [FXGL Background Thread 3 ] DEBUG Engine               - globalMusicVolume: 0.5
07:53:44.342 [FXGL Background Thread 3 ] DEBUG Engine               - globalMusicVolumeProperty: DoubleProperty [value: 0.5]
07:53:44.342 [FXGL Background Thread 3 ] DEBUG Engine               - globalSoundVolume: 0.5
07:53:44.342 [FXGL Background Thread 3 ] DEBUG Engine               - globalSoundVolumeProperty: DoubleProperty [value: 0.5]
07:53:44.342 [FXGL Background Thread 3 ] DEBUG Engine               - height: 624
07:53:44.342 [FXGL Background Thread 3 ] DEBUG Engine               - is3D: false
07:53:44.342 [FXGL Background Thread 3 ] DEBUG Engine               - isAndroid: false
07:53:44.342 [FXGL Background Thread 3 ] DEBUG Engine               - isBrowser: false
07:53:44.342 [FXGL Background Thread 3 ] DEBUG Engine               - isClickFeedbackEnabled: false
07:53:44.342 [FXGL Background Thread 3 ] DEBUG Engine               - isCloseConfirmation: false
07:53:44.342 [FXGL Background Thread 3 ] DEBUG Engine               - isDesktop: true
07:53:44.342 [FXGL Background Thread 3 ] DEBUG Engine               - isDeveloperMenuEnabled: false
07:53:44.342 [FXGL Background Thread 3 ] DEBUG Engine               - isEntityPreloadEnabled: true
07:53:44.342 [FXGL Background Thread 3 ] DEBUG Engine               - isExperimentalTiledLargeMap: false
07:53:44.342 [FXGL Background Thread 3 ] DEBUG Engine               - isFileSystemWriteAllowed: true
07:53:44.342 [FXGL Background Thread 3 ] DEBUG Engine               - isFullScreenAllowed: true
07:53:44.342 [FXGL Background Thread 3 ] DEBUG Engine               - isFullScreenFromStart: false
07:53:44.342 [FXGL Background Thread 3 ] DEBUG Engine               - isGameMenuEnabled: true
07:53:44.342 [FXGL Background Thread 3 ] DEBUG Engine               - isIOS: false
07:53:44.342 [FXGL Background Thread 3 ] DEBUG Engine               - isIntroEnabled: false
07:53:44.342 [FXGL Background Thread 3 ] DEBUG Engine               - isLinux: false
07:53:44.342 [FXGL Background Thread 3 ] DEBUG Engine               - isMac: false
07:53:44.342 [FXGL Background Thread 3 ] DEBUG Engine               - isMainMenuEnabled: false
07:53:44.342 [FXGL Background Thread 3 ] DEBUG Engine               - isManualResizeEnabled: false
07:53:44.342 [FXGL Background Thread 3 ] DEBUG Engine               - isMobile: false
07:53:44.342 [FXGL Background Thread 3 ] DEBUG Engine               - isNative: false
07:53:44.342 [FXGL Background Thread 3 ] DEBUG Engine               - isPauseMusicWhenMinimized: true
07:53:44.342 [FXGL Background Thread 3 ] DEBUG Engine               - isPreserveResizeRatio: false
07:53:44.342 [FXGL Background Thread 3 ] DEBUG Engine               - isProfilingEnabled: false
07:53:44.343 [FXGL Background Thread 3 ] DEBUG Engine               - isScaleAffectedOnResize: true
07:53:44.343 [FXGL Background Thread 3 ] DEBUG Engine               - isSingleStep: false
07:53:44.343 [FXGL Background Thread 3 ] DEBUG Engine               - isUserProfileEnabled: false
07:53:44.343 [FXGL Background Thread 3 ] DEBUG Engine               - isWindows: true
07:53:44.343 [FXGL Background Thread 3 ] DEBUG Engine               - language: ObjectProperty [value: ENGLISH]
07:53:44.343 [FXGL Background Thread 3 ] DEBUG Engine               - menuKey: ESCAPE
07:53:44.343 [FXGL Background Thread 3 ] DEBUG Engine               - mouseSensitivity: 0.2
07:53:44.343 [FXGL Background Thread 3 ] DEBUG Engine               - notificationViewClass: class com.almasb.fxgl.notification.view.XboxNotificationView
07:53:44.343 [FXGL Background Thread 3 ] DEBUG Engine               - pixelsPerMeter: 50.0
07:53:44.343 [FXGL Background Thread 3 ] DEBUG Engine               - platform: WINDOWS
07:53:44.343 [FXGL Background Thread 3 ] DEBUG Engine               - prefHeightProperty: ReadOnlyDoubleProperty [value: 624.0]
07:53:44.343 [FXGL Background Thread 3 ] DEBUG Engine               - prefWidthProperty: ReadOnlyDoubleProperty [value: 1488.0]
07:53:44.343 [FXGL Background Thread 3 ] DEBUG Engine               - profileDir: profiles/
07:53:44.343 [FXGL Background Thread 3 ] DEBUG Engine               - profileName: StringProperty [value: DEFAULT]
07:53:44.343 [FXGL Background Thread 3 ] DEBUG Engine               - randomSeed: -1
07:53:44.343 [FXGL Background Thread 3 ] DEBUG Engine               - runtimeInfo: RuntimeInfo(platform=WINDOWS, version=11.17, build=16.07.2021 15.46)
07:53:44.343 [FXGL Background Thread 3 ] DEBUG Engine               - saveFileExt: sav
07:53:44.343 [FXGL Background Thread 3 ] DEBUG Engine               - scaledHeightProp$fxgl: DoubleProperty [bound, value: 603.0]
07:53:44.343 [FXGL Background Thread 3 ] DEBUG Engine               - scaledWidthProp$fxgl: DoubleProperty [bound, value: 1415.0]
07:53:44.343 [FXGL Background Thread 3 ] DEBUG Engine               - sceneFactory: com.almasb.fxgl.app.scene.SceneFactory@3e00c747
07:53:44.343 [FXGL Background Thread 3 ] DEBUG Engine               - secondsIn24h: 60
07:53:44.343 [FXGL Background Thread 3 ] DEBUG Engine               - soundMenuBack: menu/back.wav
07:53:44.343 [FXGL Background Thread 3 ] DEBUG Engine               - soundMenuPress: menu/press.wav
07:53:44.343 [FXGL Background Thread 3 ] DEBUG Engine               - soundMenuSelect: menu/select.wav
07:53:44.343 [FXGL Background Thread 3 ] DEBUG Engine               - soundNotification: core/notification.wav
07:53:44.343 [FXGL Background Thread 3 ] DEBUG Engine               - stageStyle: DECORATED
07:53:44.343 [FXGL Background Thread 3 ] DEBUG Engine               - supportedLanguages: [ENGLISH, FRENCH, GERMAN, HUNGARIAN, RUSSIAN]
07:53:44.343 [FXGL Background Thread 3 ] DEBUG Engine               - ticksPerSecond: -1
07:53:44.343 [FXGL Background Thread 3 ] DEBUG Engine               - title: BOMBERMAN
07:53:44.343 [FXGL Background Thread 3 ] DEBUG Engine               - urlGithub: https://github.com/AlmasB/FXGL
07:53:44.343 [FXGL Background Thread 3 ] DEBUG Engine               - urlLeaderboard: http://fxgl-top.herokuapp.com/
07:53:44.343 [FXGL Background Thread 3 ] DEBUG Engine               - urlPOM: https://raw.githubusercontent.com/AlmasB/FXGL/release/README.md
07:53:44.343 [FXGL Background Thread 3 ] DEBUG Engine               - userAppClass: class Bomberman.BombermanGame
07:53:44.344 [FXGL Background Thread 3 ] DEBUG Engine               - version: 1.0
07:53:44.344 [FXGL Background Thread 3 ] DEBUG Engine               - versionCheckDays: 7
07:53:44.344 [FXGL Background Thread 3 ] DEBUG Engine               - width: 1488
07:53:44.344 [FXGL Background Thread 3 ] DEBUG Engine               - Logging services
07:53:44.344 [FXGL Background Thread 3 ] DEBUG Engine               - class com.almasb.fxgl.app.services.FXGLAssetLoaderService
07:53:44.344 [FXGL Background Thread 3 ] DEBUG Engine               - class com.almasb.fxgl.app.FXGLApplication$GameApplicationService
07:53:44.344 [FXGL Background Thread 3 ] DEBUG Engine               - class com.almasb.fxgl.app.services.FXGLDialogService
07:53:44.344 [FXGL Background Thread 3 ] DEBUG Engine               - class com.almasb.fxgl.app.services.IOTaskExecutorService
07:53:44.344 [FXGL Background Thread 3 ] DEBUG Engine               - class com.almasb.fxgl.io.FileSystemService
07:53:44.344 [FXGL Background Thread 3 ] DEBUG Engine               - class com.almasb.fxgl.localization.LocalizationService
07:53:44.344 [FXGL Background Thread 3 ] DEBUG Engine               - class com.almasb.fxgl.app.services.SystemBundleService
07:53:44.344 [FXGL Background Thread 3 ] DEBUG Engine               - class com.almasb.fxgl.profile.SaveLoadService
07:53:44.344 [FXGL Background Thread 3 ] DEBUG Engine               - class com.almasb.fxgl.ui.FXGLUIFactoryServiceProvider
07:53:44.344 [FXGL Background Thread 3 ] DEBUG Engine               - class com.almasb.fxgl.ui.FXGLDialogFactoryServiceProvider
07:53:44.344 [FXGL Background Thread 3 ] DEBUG Engine               - class com.almasb.fxgl.audio.AudioPlayer
07:53:44.344 [FXGL Background Thread 3 ] DEBUG Engine               - class com.almasb.fxgl.notification.impl.NotificationServiceProvider
07:53:44.344 [FXGL Background Thread 3 ] DEBUG Engine               - class com.almasb.fxgl.achievement.AchievementService
07:53:44.344 [FXGL Background Thread 3 ] DEBUG Engine               - class com.almasb.fxgl.cutscene.CutsceneService
07:53:44.344 [FXGL Background Thread 3 ] DEBUG Engine               - class com.almasb.fxgl.minigames.MiniGameService
07:53:44.344 [FXGL Background Thread 3 ] DEBUG Engine               - class com.almasb.fxgl.net.NetService
07:53:44.344 [FXGL Background Thread 3 ] DEBUG Engine               - class com.almasb.fxgl.app.services.UpdaterService
07:53:44.344 [FXGL Background Thread 3 ] DEBUG Engine               - class com.almasb.fxgl.dev.DevService
07:53:44.535 [JavaFX Application Thread] DEBUG FXGLAssetLoaderServi - Loading from file system: file:/C:/Users/Admin/Desktop/Bomberman/target/classes/assets/textures/top_right_flame.png
07:53:44.537 [JavaFX Application Thread] DEBUG FXGLAssetLoaderServi - Loading from file system: file:/C:/Users/Admin/Desktop/Bomberman/target/classes/assets/textures/top_left_flame.png
07:53:44.538 [JavaFX Application Thread] DEBUG FXGLAssetLoaderServi - Loading from file system: file:/C:/Users/Admin/Desktop/Bomberman/target/classes/assets/textures/top_down_flame.png
07:53:44.539 [JavaFX Application Thread] DEBUG FXGLAssetLoaderServi - Loading from file system: file:/C:/Users/Admin/Desktop/Bomberman/target/classes/assets/textures/top_up_flame.png
07:53:44.540 [JavaFX Application Thread] DEBUG FXGLAssetLoaderServi - Loading from file system: file:/C:/Users/Admin/Desktop/Bomberman/target/classes/assets/textures/central_flame.png
07:53:44.541 [JavaFX Application Thread] DEBUG FXGLAssetLoaderServi - Loading from file system: file:/C:/Users/Admin/Desktop/Bomberman/target/classes/assets/sounds/explosion.wav
07:53:48.430 [JavaFX Application Thread] DEBUG FXGLAssetLoaderServi - Loading from file system: file:/C:/Users/Admin/Desktop/Bomberman/target/classes/assets/sounds/powerup.wav
07:53:54.095 [JavaFX Application Thread] DEBUG FXGLAssetLoaderServi - Loading from file system: file:/C:/Users/Admin/Desktop/Bomberman/target/classes/assets/textures/right_flame.png
07:53:54.097 [JavaFX Application Thread] DEBUG FXGLAssetLoaderServi - Loading from file system: file:/C:/Users/Admin/Desktop/Bomberman/target/classes/assets/textures/left_flame.png
07:53:54.098 [JavaFX Application Thread] DEBUG FXGLAssetLoaderServi - Loading from file system: file:/C:/Users/Admin/Desktop/Bomberman/target/classes/assets/textures/down_flame.png
07:53:54.099 [JavaFX Application Thread] DEBUG FXGLAssetLoaderServi - Loading from file system: file:/C:/Users/Admin/Desktop/Bomberman/target/classes/assets/textures/up_flame.png
07:53:54.415 [JavaFX Application Thread] WARN  GameWorld            - Attempted to remove entity which is not active
07:53:54.415 [JavaFX Application Thread] WARN  GameWorld            - Attempted to remove entity which is not active
07:54:00.894 [JavaFX Application Thread] WARN  GameWorld            - Attempted to remove entity which is not active
07:54:00.894 [JavaFX Application Thread] WARN  GameWorld            - Attempted to remove entity which is not active
07:54:00.894 [JavaFX Application Thread] WARN  GameWorld            - Attempted to remove entity which is not active
07:54:17.773 [JavaFX Application Thread] WARN  GameWorld            - Attempted to remove entity which is not active
07:54:17.773 [JavaFX Application Thread] WARN  GameWorld            - Attempted to remove entity which is not active
07:54:22.029 [JavaFX Application Thread] WARN  GameWorld            - Attempted to remove entity which is not active
07:54:22.029 [JavaFX Application Thread] WARN  GameWorld            - Attempted to remove entity which is not active
07:54:30.701 [JavaFX Application Thread] WARN  GameWorld            - Attempted to remove entity which is not active
07:54:37.293 [JavaFX Application Thread] WARN  GameWorld            - Attempted to remove entity which is not active
07:54:37.293 [JavaFX Application Thread] WARN  GameWorld            - Attempted to remove entity which is not active
07:54:42.254 [JavaFX Application Thread] WARN  GameWorld            - Attempted to remove entity which is not active
07:54:42.254 [JavaFX Application Thread] WARN  GameWorld            - Attempted to remove entity which is not active
07:54:45.279 [JavaFX Application Thread] WARN  GameWorld            - Attempted to remove entity which is not active
07:54:53.229 [JavaFX Application Thread] WARN  GameWorld            - Attempted to remove entity which is not active
07:54:53.229 [JavaFX Application Thread] WARN  GameWorld            - Attempted to remove entity which is not active
07:54:57.284 [JavaFX Application Thread] WARN  GameWorld            - Attempted to remove entity which is not active
07:54:57.284 [JavaFX Application Thread] WARN  GameWorld            - Attempted to remove entity which is not active
07:55:02.045 [JavaFX Application Thread] WARN  GameWorld            - Attempted to remove entity which is not active
07:55:02.045 [JavaFX Application Thread] WARN  GameWorld            - Attempted to remove entity which is not active
07:55:08.115 [JavaFX Application Thread] WARN  GameWorld            - Attempted to remove entity which is not active
07:55:08.115 [JavaFX Application Thread] WARN  GameWorld            - Attempted to remove entity which is not active
07:55:08.605 [JavaFX Application Thread] WARN  GameWorld            - Attempted to remove entity which is not active
07:55:08.605 [JavaFX Application Thread] WARN  GameWorld            - Attempted to remove entity which is not active
07:55:15.661 [JavaFX Application Thread] WARN  GameWorld            - Attempted to remove entity which is not active
07:55:15.661 [JavaFX Application Thread] WARN  GameWorld            - Attempted to remove entity which is not active
07:55:19.807 [JavaFX Application Thread] DEBUG FXGLApplication      - Exiting FXGL
07:55:19.807 [JavaFX Application Thread] DEBUG LoopRunner           - Stopping loop
07:55:19.807 [JavaFX Application Thread] DEBUG SystemBundleService  - Saving FXGL system data
07:55:19.809 [JavaFX Application Thread] DEBUG FileSystemAccess     - Writing to: C:\Users\Admin\Desktop\Bomberman\system\fxgl.bundle
07:55:19.811 [JavaFX Application Thread] DEBUG Async                - Shutting down background threads
07:55:19.811 [JavaFX Application Thread] DEBUG PrimaryStageWindow   - Closing main window
07:55:19.824 [JavaFX Application Thread] DEBUG Logger               - Closing Logger
