13:42:18.285 [main                     ] DEBUG Logger               - Configured Logger
13:42:18.288 [main                     ] DEBUG GameApplication      - Logging settings
Title: BOMBERMAN
Version: 1.0
Width: 1488
Height: 624
Fullscreen: true
Intro: false
Profiling: false
Single step:false
App Mode: DEVELOPER
Menu Key: ESCAPE
Stage Style: DECORATED
Scene Factory: class com.almasb.fxgl.app.scene.SceneFactory

13:42:18.712 [JavaFX Application Thread] DEBUG FXGLApplication      - Initializing FXGL
13:42:18.715 [JavaFX Application Thread] INFO  Engine               - FXGL-11.17 (16.07.2021 15.46) on WINDOWS (J:11.0.16.1 FX:16)
13:42:18.715 [JavaFX Application Thread] DEBUG Engine               - JRE Vendor Name: Oracle Corporation
13:42:18.716 [JavaFX Application Thread] DEBUG Engine               - Running on OS: Windows 11 version 10.0
13:42:18.716 [JavaFX Application Thread] DEBUG Engine               - Architecture: amd64
13:42:18.716 [JavaFX Application Thread] INFO  Engine               - Source code and latest versions at: https://github.com/AlmasB/FXGL
13:42:18.716 [JavaFX Application Thread] INFO  Engine               -              Join the FXGL chat at: https://gitter.im/AlmasB/FXGL
13:42:18.840 [JavaFX Application Thread] DEBUG PrimaryStageWindow   - Creating a JavaFX scene
13:42:18.840 [JavaFX Application Thread] DEBUG PrimaryStageWindow   - Target size > screen size
13:42:18.903 [JavaFX Application Thread] DEBUG PrimaryStageWindow   - Target settings size: 1488.0 x 624.0
13:42:18.904 [JavaFX Application Thread] DEBUG PrimaryStageWindow   - Scaled scene size:    1415.0 x 603.0
13:42:18.904 [JavaFX Application Thread] DEBUG PrimaryStageWindow   - Scaled ratio: (0.9509408602150538, 0.9663461538461539)
13:42:18.905 [JavaFX Application Thread] DEBUG PrimaryStageWindow   - Set initial scene to FXGLStartupScene
13:42:18.915 [JavaFX Application Thread] DEBUG PrimaryStageWindow   - Opening main window
13:42:19.023 [JavaFX Application Thread] DEBUG PrimaryStageWindow   - Window border size: (13.0, 35.5)
13:42:19.023 [JavaFX Application Thread] DEBUG PrimaryStageWindow   - Scaled size: 1415.0 x 603.0
13:42:19.024 [JavaFX Application Thread] DEBUG PrimaryStageWindow   - Scaled ratio: (0.9509408602150538, 0.9663461538461539)
13:42:19.024 [JavaFX Application Thread] DEBUG PrimaryStageWindow   - Scene size: 1415.0 x 603.0
13:42:19.024 [JavaFX Application Thread] DEBUG PrimaryStageWindow   - Stage size: 1428.0 x 638.5
13:42:19.034 [FXGL Background Thread 1 ] DEBUG Engine               - Initializing environment variables
13:42:19.121 [FXGL Background Thread 1 ] DEBUG FXGLAssetLoaderServi - User app class for loading assets: class Bomberman.BombermanGame
13:42:19.121 [FXGL Background Thread 1 ] DEBUG GameApplicationServi - Applying CSS: fxgl_dark.css
13:42:19.122 [FXGL Background Thread 1 ] DEBUG FXGLAssetLoaderServi - Loading from file system: jar:file:/C:/Users/Admin/.m2/repository/com/github/almasb/fxgl/11.17/fxgl-11.17.jar!/fxglassets/ui/css/fxgl_dark.css
13:42:19.178 [FXGL Background Thread 1 ] DEBUG GameApplicationServi - Initializing application scenes
13:42:19.228 [FXGL Background Thread 1 ] DEBUG GameWorld            - Game world initialized
13:42:19.293 [FXGL Background Thread 1 ] DEBUG PhysicsWorld         - Physics world initialized: appHeight=624, physics.ppm=50.0
13:42:19.293 [FXGL Background Thread 1 ] DEBUG PhysicsWorld         - Using strategy: BRUTE_FORCE
13:42:19.296 [FXGL Background Thread 1 ] DEBUG GameScene            - Game scene initialized: 1488x624
13:42:19.310 [FXGL Background Thread 1 ] DEBUG FXGL.DefaultMenu     - createMenuBodyGameMenu()
13:42:19.331 [FXGL Background Thread 1 ] DEBUG FXGL.DefaultMenu     - createOptionsMenu()
13:42:19.345 [FXGL Background Thread 1 ] DEBUG FXGLAssetLoaderServi - Loading from file system: jar:file:/C:/Users/Admin/.m2/repository/com/github/almasb/fxgl/11.17/fxgl-11.17.jar!/fxglassets/textures/particles/smoke.png
13:42:19.451 [FXGL Background Thread 1 ] DEBUG FXGLAssetLoaderServi - Loading from file system: jar:file:/C:/Users/Admin/.m2/repository/com/github/almasb/fxgl/11.17/fxgl-11.17.jar!/fxglassets/textures/particles/trace_horizontal.png
13:42:19.480 [FXGL Background Thread 1 ] DEBUG GameApplicationServi - Application scenes initialized
13:42:19.492 [FXGL Background Thread 1 ] DEBUG SystemBundleService  - Loading FXGL system data
13:42:19.498 [FXGL Background Thread 1 ] DEBUG FileSystemAccess     - Reading from: C:\Users\Admin\Desktop\Bomberman\system\fxgl.bundle
13:42:19.504 [FXGL Background Thread 1 ] DEBUG SystemBundleService  - Bundle FXGL: {}
13:42:19.505 [FXGL Background Thread 1 ] DEBUG UpdaterService       - Checking for updates
13:42:19.508 [FXGL Background Thread 4 ] DEBUG FXGLApplication      - Loading fonts
13:42:19.509 [FXGL Background Thread 1 ] DEBUG FXGLApplication      - Loading default localization
13:42:19.509 [FXGL Background Thread 4 ] DEBUG FXGLAssetLoaderServi - Loading from file system: jar:file:/C:/Users/Admin/.m2/repository/com/github/almasb/fxgl/11.17/fxgl-11.17.jar!/fxglassets/ui/fonts/VarelaRound-Regular.ttf
13:42:19.509 [FXGL Background Thread 1 ] DEBUG FXGLAssetLoaderServi - Loading from file system: jar:file:/C:/Users/Admin/.m2/repository/com/github/almasb/fxgl/11.17/fxgl-11.17.jar!/fxglassets/languages/english.lang
13:42:19.526 [FXGL Background Thread 1 ] INFO  FXGLApplication      - FXGL initialization took: 0.491 sec
13:42:19.538 [JavaFX Application Thread] DEBUG Input                - Registered new binding: Move Left - A
13:42:19.539 [JavaFX Application Thread] DEBUG Input                - Registered new binding: Move Right - D
13:42:19.539 [JavaFX Application Thread] DEBUG Input                - Registered new binding: Move Up - W
13:42:19.539 [JavaFX Application Thread] DEBUG Input                - Registered new binding: Move Down - S
13:42:19.539 [JavaFX Application Thread] DEBUG Input                - Registered new binding: Place Bomb - Space
13:42:19.539 [JavaFX Application Thread] DEBUG FXGLAssetLoaderServi - Loading from file system: jar:file:/C:/Users/Admin/.m2/repository/com/github/almasb/fxgl/11.17/fxgl-11.17.jar!/fxglassets/textures/fxgl_icon.png
13:42:19.564 [JavaFX Application Thread] DEBUG FXGLAssetLoaderServi - Loading from file system: jar:file:/C:/Users/Admin/.m2/repository/com/github/almasb/fxgl/11.17/fxgl-11.17.jar!/fxglassets/textures/fxgl_default_cursor.png
13:42:19.568 [JavaFX Application Thread] DEBUG Input                - Registered new binding: Screenshot - CTRL+8
13:42:19.569 [JavaFX Application Thread] DEBUG Input                - Registered new binding: System info dump - CTRL+9
13:42:19.569 [JavaFX Application Thread] DEBUG Input                - Registered new binding: Restart - CTRL+R
13:42:19.570 [JavaFX Application Thread] DEBUG Input                - Registered new binding: Toggle Debug Camera - CTRL+C
13:42:19.574 [JavaFX Application Thread] DEBUG LoopRunner           - Starting loop
13:42:19.574 [JavaFX Application Thread] DEBUG LoopRunner           - Initializing JavaFX AnimationTimerLoop
13:42:19.577 [JavaFX Application Thread] DEBUG GameApplicationServi - Starting new game
13:42:19.578 [JavaFX Application Thread] DEBUG Input                - Clearing active input actions
13:42:19.606 [JavaFX Application Thread] DEBUG GameApplicationServi - Removing overlay from FXGLStartupScene and adding to FXGLLoadingScene
13:42:19.607 [JavaFX Application Thread] DEBUG PrimaryStageWindow   - FXGLStartupScene -> FXGLLoadingScene
13:42:19.607 [JavaFX Application Thread] DEBUG GameApplicationServi - Clearing previous game
13:42:19.607 [JavaFX Application Thread] DEBUG GameScene            - Clearing game scene
13:42:19.608 [JavaFX Application Thread] DEBUG GameWorld            - Clearing game world
13:42:19.608 [JavaFX Application Thread] DEBUG PhysicsWorld         - Clearing physics world
13:42:19.610 [FXGL Background Thread 1 ] DEBUG FXGLApplication      - Initializing game
13:42:19.639 [FXGL Background Thread 1 ] DEBUG FXGLAssetLoaderServi - Loading from file system: file:/C:/Users/Admin/Desktop/Bomberman/target/classes/assets/textures/wall.png
13:42:19.713 [FXGL Background Thread 1 ] DEBUG FXGLAssetLoaderServi - Loading from file system: file:/C:/Users/Admin/Desktop/Bomberman/target/classes/assets/textures/player_die.png
13:42:19.715 [FXGL Background Thread 1 ] DEBUG FXGLAssetLoaderServi - Loading from file system: file:/C:/Users/Admin/Desktop/Bomberman/target/classes/assets/textures/player_down.png
13:42:19.717 [FXGL Background Thread 1 ] DEBUG FXGLAssetLoaderServi - Loading from file system: file:/C:/Users/Admin/Desktop/Bomberman/target/classes/assets/textures/player_right.png
13:42:19.718 [FXGL Background Thread 1 ] DEBUG FXGLAssetLoaderServi - Loading from file system: file:/C:/Users/Admin/Desktop/Bomberman/target/classes/assets/textures/player_up.png
13:42:19.719 [FXGL Background Thread 1 ] DEBUG FXGLAssetLoaderServi - Loading from file system: file:/C:/Users/Admin/Desktop/Bomberman/target/classes/assets/textures/player_left.png
13:42:19.728 [FXGL Background Thread 1 ] DEBUG FXGLAssetLoaderServi - Loading from file system: file:/C:/Users/Admin/Desktop/Bomberman/target/classes/assets/textures/brick.png
13:42:19.730 [FXGL Background Thread 1 ] DEBUG FXGLAssetLoaderServi - Loading from file system: file:/C:/Users/Admin/Desktop/Bomberman/target/classes/assets/textures/brick_break.png
13:42:19.739 [FXGL Background Thread 1 ] DEBUG FXGLAssetLoaderServi - Loading from file system: file:/C:/Users/Admin/Desktop/Bomberman/target/classes/assets/textures/enemy1.png
13:42:19.804 [FXGL Background Thread 1 ] DEBUG FXGLAssetLoaderServi - Loading from file system: file:/C:/Users/Admin/Desktop/Bomberman/target/classes/assets/textures/portal.png
13:42:19.838 [FXGL Background Thread 1 ] DEBUG FXGLAssetLoaderServi - Loading from file system: file:/C:/Users/Admin/Desktop/Bomberman/target/classes/assets/textures/powerup_flames.png
13:42:19.871 [FXGL Background Thread 4 ] DEBUG FXGLAssetLoaderServi - Loading from file system: jar:file:/C:/Users/Admin/.m2/repository/com/github/almasb/fxgl/11.17/fxgl-11.17.jar!/fxglassets/ui/fonts/Abel-Regular.ttf
13:42:19.875 [FXGL Background Thread 4 ] DEBUG FXGLAssetLoaderServi - Loading from file system: jar:file:/C:/Users/Admin/.m2/repository/com/github/almasb/fxgl/11.17/fxgl-11.17.jar!/fxglassets/ui/fonts/lucida_console.ttf
13:42:19.880 [FXGL Background Thread 4 ] DEBUG FXGLAssetLoaderServi - Loading from file system: jar:file:/C:/Users/Admin/.m2/repository/com/github/almasb/fxgl/11.17/fxgl-11.17.jar!/fxglassets/ui/fonts/Courier-Prime.ttf
13:42:19.889 [JavaFX Application Thread] DEBUG FXGLApplication      - Registering font factories with UI factory
13:42:19.913 [FXGL Background Thread 1 ] INFO  FXGLApplication      - Game initialization took: 0.303 sec
13:42:19.914 [JavaFX Application Thread] DEBUG Input                - Clearing active input actions
13:42:19.936 [JavaFX Application Thread] DEBUG GameApplicationServi - Removing overlay from FXGLLoadingScene and adding to GameScene
13:42:19.936 [JavaFX Application Thread] DEBUG PrimaryStageWindow   - FXGLLoadingScene -> GameScene
13:42:20.345 [FXGL Background Thread 2 ] INFO  UpdaterService       - Your current version:  11.17
13:42:20.345 [FXGL Background Thread 2 ] INFO  UpdaterService       - Latest stable version: 17.2
13:42:21.249 [JavaFX Application Thread] DEBUG FXGLAssetLoaderServi - Loading from file system: file:/C:/Users/Admin/Desktop/Bomberman/target/classes/assets/textures/bomb.png
13:42:21.250 [JavaFX Application Thread] DEBUG FXGLAssetLoaderServi - Loading from file system: file:/C:/Users/Admin/Desktop/Bomberman/target/classes/assets/sounds/place_bomb.wav
13:42:22.509 [FXGL Background Thread 3 ] DEBUG Engine               - Logging environment variables
13:42:22.509 [FXGL Background Thread 3 ] DEBUG Engine               - achievements: []
13:42:22.509 [FXGL Background Thread 3 ] DEBUG Engine               - actualHeight: 603.0
13:42:22.509 [FXGL Background Thread 3 ] DEBUG Engine               - actualHeightProperty: ReadOnlyDoubleProperty [value: 603.0]
13:42:22.509 [FXGL Background Thread 3 ] DEBUG Engine               - actualWidth: 1415.0
13:42:22.509 [FXGL Background Thread 3 ] DEBUG Engine               - actualWidthProperty: ReadOnlyDoubleProperty [value: 1415.0]
13:42:22.509 [FXGL Background Thread 3 ] DEBUG Engine               - appIcon: fxgl_icon.png
13:42:22.509 [FXGL Background Thread 3 ] DEBUG Engine               - applicationMode: DEVELOPER
13:42:22.509 [FXGL Background Thread 3 ] DEBUG Engine               - cSSList: [fxgl_dark.css]
13:42:22.510 [FXGL Background Thread 3 ] DEBUG Engine               - collisionDetectionStrategy: BRUTE_FORCE
13:42:22.510 [FXGL Background Thread 3 ] DEBUG Engine               - configClass: Optional.empty
13:42:22.510 [FXGL Background Thread 3 ] DEBUG Engine               - credits: []
13:42:22.510 [FXGL Background Thread 3 ] DEBUG Engine               - defaultCursor: CursorInfo(imageName=fxgl_default_cursor.png, hotspotX=7.0, hotspotY=6.0)
13:42:22.510 [FXGL Background Thread 3 ] DEBUG Engine               - devBBoxColorProperty: ObjectProperty [value: 0xff0000ff]
13:42:22.510 [FXGL Background Thread 3 ] DEBUG Engine               - devEnableDebugCameraProperty: BooleanProperty [value: false]
13:42:22.510 [FXGL Background Thread 3 ] DEBUG Engine               - devSensorColorProperty: ObjectProperty [value: 0xffff00ff]
13:42:22.510 [FXGL Background Thread 3 ] DEBUG Engine               - devShowBBoxProperty: BooleanProperty [value: false]
13:42:22.510 [FXGL Background Thread 3 ] DEBUG Engine               - devShowPositionProperty: BooleanProperty [value: false]
13:42:22.510 [FXGL Background Thread 3 ] DEBUG Engine               - enabledMenuItems: []
13:42:22.510 [FXGL Background Thread 3 ] DEBUG Engine               - engineServices: [class com.almasb.fxgl.app.services.FXGLAssetLoaderService, class com.almasb.fxgl.app.FXGLApplication$GameApplicationService, class com.almasb.fxgl.app.services.FXGLDialogService, class com.almasb.fxgl.app.services.IOTaskExecutorService, class com.almasb.fxgl.io.FileSystemService, class com.almasb.fxgl.localization.LocalizationService, class com.almasb.fxgl.app.services.SystemBundleService, class com.almasb.fxgl.profile.SaveLoadService, class com.almasb.fxgl.ui.FXGLUIFactoryServiceProvider, class com.almasb.fxgl.ui.FXGLDialogFactoryServiceProvider, class com.almasb.fxgl.audio.AudioPlayer, class com.almasb.fxgl.notification.impl.NotificationServiceProvider, class com.almasb.fxgl.achievement.AchievementService, class com.almasb.fxgl.cutscene.CutsceneService, class com.almasb.fxgl.minigames.MiniGameService, class com.almasb.fxgl.net.NetService, class com.almasb.fxgl.app.services.UpdaterService, class com.almasb.fxgl.dev.DevService]
13:42:22.510 [FXGL Background Thread 3 ] DEBUG Engine               - fontGame: Abel-Regular.ttf
13:42:22.510 [FXGL Background Thread 3 ] DEBUG Engine               - fontMono: lucida_console.ttf
13:42:22.510 [FXGL Background Thread 3 ] DEBUG Engine               - fontText: Courier-Prime.ttf
13:42:22.510 [FXGL Background Thread 3 ] DEBUG Engine               - fontUI: VarelaRound-Regular.ttf
13:42:22.510 [FXGL Background Thread 3 ] DEBUG Engine               - fullScreen: BooleanProperty [value: false]
13:42:22.510 [FXGL Background Thread 3 ] DEBUG Engine               - gameDifficulty: MEDIUM
13:42:22.510 [FXGL Background Thread 3 ] DEBUG Engine               - gameDifficultyProperty: ObjectProperty [value: MEDIUM]
13:42:22.510 [FXGL Background Thread 3 ] DEBUG Engine               - globalMusicVolume: 0.5
13:42:22.510 [FXGL Background Thread 3 ] DEBUG Engine               - globalMusicVolumeProperty: DoubleProperty [value: 0.5]
13:42:22.510 [FXGL Background Thread 3 ] DEBUG Engine               - globalSoundVolume: 0.5
13:42:22.511 [FXGL Background Thread 3 ] DEBUG Engine               - globalSoundVolumeProperty: DoubleProperty [value: 0.5]
13:42:22.511 [FXGL Background Thread 3 ] DEBUG Engine               - height: 624
13:42:22.511 [FXGL Background Thread 3 ] DEBUG Engine               - is3D: false
13:42:22.511 [FXGL Background Thread 3 ] DEBUG Engine               - isAndroid: false
13:42:22.511 [FXGL Background Thread 3 ] DEBUG Engine               - isBrowser: false
13:42:22.511 [FXGL Background Thread 3 ] DEBUG Engine               - isClickFeedbackEnabled: false
13:42:22.511 [FXGL Background Thread 3 ] DEBUG Engine               - isCloseConfirmation: false
13:42:22.511 [FXGL Background Thread 3 ] DEBUG Engine               - isDesktop: true
13:42:22.511 [FXGL Background Thread 3 ] DEBUG Engine               - isDeveloperMenuEnabled: false
13:42:22.511 [FXGL Background Thread 3 ] DEBUG Engine               - isEntityPreloadEnabled: true
13:42:22.511 [FXGL Background Thread 3 ] DEBUG Engine               - isExperimentalTiledLargeMap: false
13:42:22.511 [FXGL Background Thread 3 ] DEBUG Engine               - isFileSystemWriteAllowed: true
13:42:22.511 [FXGL Background Thread 3 ] DEBUG Engine               - isFullScreenAllowed: true
13:42:22.511 [FXGL Background Thread 3 ] DEBUG Engine               - isFullScreenFromStart: false
13:42:22.511 [FXGL Background Thread 3 ] DEBUG Engine               - isGameMenuEnabled: true
13:42:22.511 [FXGL Background Thread 3 ] DEBUG Engine               - isIOS: false
13:42:22.511 [FXGL Background Thread 3 ] DEBUG Engine               - isIntroEnabled: false
13:42:22.511 [FXGL Background Thread 3 ] DEBUG Engine               - isLinux: false
13:42:22.511 [FXGL Background Thread 3 ] DEBUG Engine               - isMac: false
13:42:22.511 [FXGL Background Thread 3 ] DEBUG Engine               - isMainMenuEnabled: false
13:42:22.512 [FXGL Background Thread 3 ] DEBUG Engine               - isManualResizeEnabled: false
13:42:22.512 [FXGL Background Thread 3 ] DEBUG Engine               - isMobile: false
13:42:22.512 [FXGL Background Thread 3 ] DEBUG Engine               - isNative: false
13:42:22.512 [FXGL Background Thread 3 ] DEBUG Engine               - isPauseMusicWhenMinimized: true
13:42:22.512 [FXGL Background Thread 3 ] DEBUG Engine               - isPreserveResizeRatio: false
13:42:22.512 [FXGL Background Thread 3 ] DEBUG Engine               - isProfilingEnabled: false
13:42:22.512 [FXGL Background Thread 3 ] DEBUG Engine               - isScaleAffectedOnResize: true
13:42:22.512 [FXGL Background Thread 3 ] DEBUG Engine               - isSingleStep: false
13:42:22.512 [FXGL Background Thread 3 ] DEBUG Engine               - isUserProfileEnabled: false
13:42:22.512 [FXGL Background Thread 3 ] DEBUG Engine               - isWindows: true
13:42:22.512 [FXGL Background Thread 3 ] DEBUG Engine               - language: ObjectProperty [value: ENGLISH]
13:42:22.512 [FXGL Background Thread 3 ] DEBUG Engine               - menuKey: ESCAPE
13:42:22.512 [FXGL Background Thread 3 ] DEBUG Engine               - mouseSensitivity: 0.2
13:42:22.512 [FXGL Background Thread 3 ] DEBUG Engine               - notificationViewClass: class com.almasb.fxgl.notification.view.XboxNotificationView
13:42:22.512 [FXGL Background Thread 3 ] DEBUG Engine               - pixelsPerMeter: 50.0
13:42:22.512 [FXGL Background Thread 3 ] DEBUG Engine               - platform: WINDOWS
13:42:22.512 [FXGL Background Thread 3 ] DEBUG Engine               - prefHeightProperty: ReadOnlyDoubleProperty [value: 624.0]
13:42:22.512 [FXGL Background Thread 3 ] DEBUG Engine               - prefWidthProperty: ReadOnlyDoubleProperty [value: 1488.0]
13:42:22.512 [FXGL Background Thread 3 ] DEBUG Engine               - profileDir: profiles/
13:42:22.512 [FXGL Background Thread 3 ] DEBUG Engine               - profileName: StringProperty [value: DEFAULT]
13:42:22.512 [FXGL Background Thread 3 ] DEBUG Engine               - randomSeed: -1
13:42:22.512 [FXGL Background Thread 3 ] DEBUG Engine               - runtimeInfo: RuntimeInfo(platform=WINDOWS, version=11.17, build=16.07.2021 15.46)
13:42:22.512 [FXGL Background Thread 3 ] DEBUG Engine               - saveFileExt: sav
13:42:22.512 [FXGL Background Thread 3 ] DEBUG Engine               - scaledHeightProp$fxgl: DoubleProperty [bound, value: 603.0]
13:42:22.512 [FXGL Background Thread 3 ] DEBUG Engine               - scaledWidthProp$fxgl: DoubleProperty [bound, value: 1415.0]
13:42:22.512 [FXGL Background Thread 3 ] DEBUG Engine               - sceneFactory: com.almasb.fxgl.app.scene.SceneFactory@d1b3165
13:42:22.513 [FXGL Background Thread 3 ] DEBUG Engine               - secondsIn24h: 60
13:42:22.513 [FXGL Background Thread 3 ] DEBUG Engine               - soundMenuBack: menu/back.wav
13:42:22.513 [FXGL Background Thread 3 ] DEBUG Engine               - soundMenuPress: menu/press.wav
13:42:22.513 [FXGL Background Thread 3 ] DEBUG Engine               - soundMenuSelect: menu/select.wav
13:42:22.513 [FXGL Background Thread 3 ] DEBUG Engine               - soundNotification: core/notification.wav
13:42:22.513 [FXGL Background Thread 3 ] DEBUG Engine               - stageStyle: DECORATED
13:42:22.513 [FXGL Background Thread 3 ] DEBUG Engine               - supportedLanguages: [ENGLISH, FRENCH, GERMAN, HUNGARIAN, RUSSIAN]
13:42:22.513 [FXGL Background Thread 3 ] DEBUG Engine               - ticksPerSecond: -1
13:42:22.513 [FXGL Background Thread 3 ] DEBUG Engine               - title: BOMBERMAN
13:42:22.513 [FXGL Background Thread 3 ] DEBUG Engine               - urlGithub: https://github.com/AlmasB/FXGL
13:42:22.513 [FXGL Background Thread 3 ] DEBUG Engine               - urlLeaderboard: http://fxgl-top.herokuapp.com/
13:42:22.513 [FXGL Background Thread 3 ] DEBUG Engine               - urlPOM: https://raw.githubusercontent.com/AlmasB/FXGL/release/README.md
13:42:22.513 [FXGL Background Thread 3 ] DEBUG Engine               - userAppClass: class Bomberman.BombermanGame
13:42:22.513 [FXGL Background Thread 3 ] DEBUG Engine               - version: 1.0
13:42:22.513 [FXGL Background Thread 3 ] DEBUG Engine               - versionCheckDays: 7
13:42:22.513 [FXGL Background Thread 3 ] DEBUG Engine               - width: 1488
13:42:22.513 [FXGL Background Thread 3 ] DEBUG Engine               - Logging services
13:42:22.513 [FXGL Background Thread 3 ] DEBUG Engine               - class com.almasb.fxgl.app.services.FXGLAssetLoaderService
13:42:22.513 [FXGL Background Thread 3 ] DEBUG Engine               - class com.almasb.fxgl.app.FXGLApplication$GameApplicationService
13:42:22.513 [FXGL Background Thread 3 ] DEBUG Engine               - class com.almasb.fxgl.app.services.FXGLDialogService
13:42:22.513 [FXGL Background Thread 3 ] DEBUG Engine               - class com.almasb.fxgl.app.services.IOTaskExecutorService
13:42:22.513 [FXGL Background Thread 3 ] DEBUG Engine               - class com.almasb.fxgl.io.FileSystemService
13:42:22.513 [FXGL Background Thread 3 ] DEBUG Engine               - class com.almasb.fxgl.localization.LocalizationService
13:42:22.513 [FXGL Background Thread 3 ] DEBUG Engine               - class com.almasb.fxgl.app.services.SystemBundleService
13:42:22.513 [FXGL Background Thread 3 ] DEBUG Engine               - class com.almasb.fxgl.profile.SaveLoadService
13:42:22.513 [FXGL Background Thread 3 ] DEBUG Engine               - class com.almasb.fxgl.ui.FXGLUIFactoryServiceProvider
13:42:22.513 [FXGL Background Thread 3 ] DEBUG Engine               - class com.almasb.fxgl.ui.FXGLDialogFactoryServiceProvider
13:42:22.513 [FXGL Background Thread 3 ] DEBUG Engine               - class com.almasb.fxgl.audio.AudioPlayer
13:42:22.513 [FXGL Background Thread 3 ] DEBUG Engine               - class com.almasb.fxgl.notification.impl.NotificationServiceProvider
13:42:22.513 [FXGL Background Thread 3 ] DEBUG Engine               - class com.almasb.fxgl.achievement.AchievementService
13:42:22.513 [FXGL Background Thread 3 ] DEBUG Engine               - class com.almasb.fxgl.cutscene.CutsceneService
13:42:22.513 [FXGL Background Thread 3 ] DEBUG Engine               - class com.almasb.fxgl.minigames.MiniGameService
13:42:22.513 [FXGL Background Thread 3 ] DEBUG Engine               - class com.almasb.fxgl.net.NetService
13:42:22.513 [FXGL Background Thread 3 ] DEBUG Engine               - class com.almasb.fxgl.app.services.UpdaterService
13:42:22.514 [FXGL Background Thread 3 ] DEBUG Engine               - class com.almasb.fxgl.dev.DevService
13:42:23.158 [JavaFX Application Thread] DEBUG FXGLAssetLoaderServi - Loading from file system: file:/C:/Users/Admin/Desktop/Bomberman/target/classes/assets/textures/central_flame.png
13:42:23.159 [JavaFX Application Thread] DEBUG FXGLAssetLoaderServi - Loading from file system: file:/C:/Users/Admin/Desktop/Bomberman/target/classes/assets/textures/top_down_flame.png
13:42:23.160 [JavaFX Application Thread] DEBUG FXGLAssetLoaderServi - Loading from file system: file:/C:/Users/Admin/Desktop/Bomberman/target/classes/assets/textures/top_right_flame.png
13:42:23.161 [JavaFX Application Thread] DEBUG FXGLAssetLoaderServi - Loading from file system: file:/C:/Users/Admin/Desktop/Bomberman/target/classes/assets/textures/top_left_flame.png
13:42:23.163 [JavaFX Application Thread] DEBUG FXGLAssetLoaderServi - Loading from file system: file:/C:/Users/Admin/Desktop/Bomberman/target/classes/assets/textures/top_up_flame.png
13:42:23.165 [JavaFX Application Thread] DEBUG FXGLAssetLoaderServi - Loading from file system: file:/C:/Users/Admin/Desktop/Bomberman/target/classes/assets/sounds/explosion.wav
13:42:27.061 [JavaFX Application Thread] DEBUG FXGLAssetLoaderServi - Loading from file system: file:/C:/Users/Admin/Desktop/Bomberman/target/classes/assets/sounds/powerup.wav
13:42:29.798 [JavaFX Application Thread] DEBUG FXGLAssetLoaderServi - Loading from file system: file:/C:/Users/Admin/Desktop/Bomberman/target/classes/assets/textures/right_flame.png
13:42:29.800 [JavaFX Application Thread] DEBUG FXGLAssetLoaderServi - Loading from file system: file:/C:/Users/Admin/Desktop/Bomberman/target/classes/assets/textures/left_flame.png
13:42:29.801 [JavaFX Application Thread] DEBUG FXGLAssetLoaderServi - Loading from file system: file:/C:/Users/Admin/Desktop/Bomberman/target/classes/assets/textures/down_flame.png
13:42:29.801 [JavaFX Application Thread] DEBUG FXGLAssetLoaderServi - Loading from file system: file:/C:/Users/Admin/Desktop/Bomberman/target/classes/assets/textures/up_flame.png
13:42:30.228 [JavaFX Application Thread] WARN  GameWorld            - Attempted to remove entity which is not active
13:42:33.541 [JavaFX Application Thread] WARN  GameWorld            - Attempted to remove entity which is not active
13:42:43.988 [JavaFX Application Thread] WARN  GameWorld            - Attempted to remove entity which is not active
13:42:47.188 [JavaFX Application Thread] WARN  GameWorld            - Attempted to remove entity which is not active
13:42:52.053 [JavaFX Application Thread] WARN  GameWorld            - Attempted to remove entity which is not active
13:42:54.596 [JavaFX Application Thread] WARN  GameWorld            - Attempted to remove entity which is not active
13:42:56.701 [JavaFX Application Thread] DEBUG FXGLApplication      - Exiting FXGL
13:42:56.702 [JavaFX Application Thread] DEBUG LoopRunner           - Stopping loop
13:42:56.702 [JavaFX Application Thread] DEBUG SystemBundleService  - Saving FXGL system data
13:42:56.703 [JavaFX Application Thread] DEBUG FileSystemAccess     - Writing to: C:\Users\Admin\Desktop\Bomberman\system\fxgl.bundle
13:42:56.705 [JavaFX Application Thread] DEBUG Async                - Shutting down background threads
13:42:56.705 [JavaFX Application Thread] DEBUG PrimaryStageWindow   - Closing main window
13:42:56.715 [JavaFX Application Thread] DEBUG Logger               - Closing Logger
