11:52:51.835 [main                     ] DEBUG Logger               - Configured Logger
11:52:51.848 [main                     ] DEBUG GameApplication      - Logging settings
Title: BOMBERMAN
Version: 1.0
Width: 1488
Height: 624
Fullscreen: true
Intro: false
Profiling: false
Single step:false
App Mode: DEVELOPER
Menu Key: ESCAPE
Stage Style: DECORATED
Scene Factory: class com.almasb.fxgl.app.scene.SceneFactory

11:52:52.173 [JavaFX Application Thread] DEBUG FXGLApplication      - Initializing FXGL
11:52:52.175 [JavaFX Application Thread] INFO  Engine               - FXGL-11.17 (16.07.2021 15.46) on WINDOWS (J:11.0.16.1 FX:16)
11:52:52.176 [JavaFX Application Thread] DEBUG Engine               - JRE Vendor Name: Oracle Corporation
11:52:52.176 [JavaFX Application Thread] DEBUG Engine               - Running on OS: Windows 11 version 10.0
11:52:52.176 [JavaFX Application Thread] DEBUG Engine               - Architecture: amd64
11:52:52.176 [JavaFX Application Thread] INFO  Engine               - Source code and latest versions at: https://github.com/AlmasB/FXGL
11:52:52.176 [JavaFX Application Thread] INFO  Engine               -              Join the FXGL chat at: https://gitter.im/AlmasB/FXGL
11:52:52.268 [JavaFX Application Thread] DEBUG PrimaryStageWindow   - Creating a JavaFX scene
11:52:52.268 [JavaFX Application Thread] DEBUG PrimaryStageWindow   - Target size > screen size
11:52:52.315 [JavaFX Application Thread] DEBUG PrimaryStageWindow   - Target settings size: 1488.0 x 624.0
11:52:52.315 [JavaFX Application Thread] DEBUG PrimaryStageWindow   - Scaled scene size:    1415.0 x 603.0
11:52:52.315 [JavaFX Application Thread] DEBUG PrimaryStageWindow   - Scaled ratio: (0.9509408602150538, 0.9663461538461539)
11:52:52.316 [JavaFX Application Thread] DEBUG PrimaryStageWindow   - Set initial scene to FXGLStartupScene
11:52:52.324 [JavaFX Application Thread] DEBUG PrimaryStageWindow   - Opening main window
11:52:52.408 [JavaFX Application Thread] DEBUG PrimaryStageWindow   - Window border size: (13.0, 35.5)
11:52:52.408 [JavaFX Application Thread] DEBUG PrimaryStageWindow   - Scaled size: 1415.0 x 603.0
11:52:52.408 [JavaFX Application Thread] DEBUG PrimaryStageWindow   - Scaled ratio: (0.9509408602150538, 0.9663461538461539)
11:52:52.408 [JavaFX Application Thread] DEBUG PrimaryStageWindow   - Scene size: 1415.0 x 603.0
11:52:52.408 [JavaFX Application Thread] DEBUG PrimaryStageWindow   - Stage size: 1428.0 x 638.5
11:52:52.414 [FXGL Background Thread 1 ] DEBUG Engine               - Initializing environment variables
11:52:52.474 [FXGL Background Thread 1 ] DEBUG FXGLAssetLoaderServi - User app class for loading assets: class Bomberman.BombermanGame
11:52:52.475 [FXGL Background Thread 1 ] DEBUG GameApplicationServi - Applying CSS: fxgl_dark.css
11:52:52.475 [FXGL Background Thread 1 ] DEBUG FXGLAssetLoaderServi - Loading from file system: jar:file:/C:/Users/Admin/.m2/repository/com/github/almasb/fxgl/11.17/fxgl-11.17.jar!/fxglassets/ui/css/fxgl_dark.css
11:52:52.510 [FXGL Background Thread 1 ] DEBUG GameApplicationServi - Initializing application scenes
11:52:52.544 [FXGL Background Thread 1 ] DEBUG GameWorld            - Game world initialized
11:52:52.586 [FXGL Background Thread 1 ] DEBUG PhysicsWorld         - Physics world initialized: appHeight=624, physics.ppm=50.0
11:52:52.587 [FXGL Background Thread 1 ] DEBUG PhysicsWorld         - Using strategy: BRUTE_FORCE
11:52:52.589 [FXGL Background Thread 1 ] DEBUG GameScene            - Game scene initialized: 1488x624
11:52:52.599 [FXGL Background Thread 1 ] DEBUG FXGL.DefaultMenu     - createMenuBodyGameMenu()
11:52:52.613 [FXGL Background Thread 1 ] DEBUG FXGL.DefaultMenu     - createOptionsMenu()
11:52:52.621 [FXGL Background Thread 1 ] DEBUG FXGLAssetLoaderServi - Loading from file system: jar:file:/C:/Users/Admin/.m2/repository/com/github/almasb/fxgl/11.17/fxgl-11.17.jar!/fxglassets/textures/particles/smoke.png
11:52:52.686 [FXGL Background Thread 1 ] DEBUG FXGLAssetLoaderServi - Loading from file system: jar:file:/C:/Users/Admin/.m2/repository/com/github/almasb/fxgl/11.17/fxgl-11.17.jar!/fxglassets/textures/particles/trace_horizontal.png
11:52:52.708 [FXGL Background Thread 1 ] DEBUG GameApplicationServi - Application scenes initialized
11:52:52.721 [FXGL Background Thread 1 ] DEBUG SystemBundleService  - Loading FXGL system data
11:52:52.726 [FXGL Background Thread 1 ] DEBUG FileSystemAccess     - Reading from: C:\Users\Admin\Desktop\Bomberman\system\fxgl.bundle
11:52:52.733 [FXGL Background Thread 1 ] DEBUG SystemBundleService  - Bundle FXGL: {}
11:52:52.733 [FXGL Background Thread 1 ] DEBUG UpdaterService       - Checking for updates
11:52:52.737 [FXGL Background Thread 4 ] DEBUG FXGLApplication      - Loading fonts
11:52:52.737 [FXGL Background Thread 4 ] DEBUG FXGLAssetLoaderServi - Loading from file system: jar:file:/C:/Users/Admin/.m2/repository/com/github/almasb/fxgl/11.17/fxgl-11.17.jar!/fxglassets/ui/fonts/VarelaRound-Regular.ttf
11:52:52.737 [FXGL Background Thread 1 ] DEBUG FXGLApplication      - Loading default localization
11:52:52.738 [FXGL Background Thread 1 ] DEBUG FXGLAssetLoaderServi - Loading from file system: jar:file:/C:/Users/Admin/.m2/repository/com/github/almasb/fxgl/11.17/fxgl-11.17.jar!/fxglassets/languages/english.lang
11:52:52.752 [FXGL Background Thread 1 ] INFO  FXGLApplication      - FXGL initialization took: 0.337 sec
11:52:52.764 [JavaFX Application Thread] DEBUG Input                - Registered new binding: Move Left - A
11:52:52.764 [JavaFX Application Thread] DEBUG Input                - Registered new binding: Move Right - D
11:52:52.764 [JavaFX Application Thread] DEBUG Input                - Registered new binding: Move Up - W
11:52:52.764 [JavaFX Application Thread] DEBUG Input                - Registered new binding: Move Down - S
11:52:52.764 [JavaFX Application Thread] DEBUG Input                - Registered new binding: Place Bomb - Space
11:52:52.765 [JavaFX Application Thread] DEBUG FXGLAssetLoaderServi - Loading from file system: jar:file:/C:/Users/Admin/.m2/repository/com/github/almasb/fxgl/11.17/fxgl-11.17.jar!/fxglassets/textures/fxgl_icon.png
11:52:52.782 [JavaFX Application Thread] DEBUG FXGLAssetLoaderServi - Loading from file system: jar:file:/C:/Users/Admin/.m2/repository/com/github/almasb/fxgl/11.17/fxgl-11.17.jar!/fxglassets/textures/fxgl_default_cursor.png
11:52:52.785 [JavaFX Application Thread] DEBUG Input                - Registered new binding: Screenshot - CTRL+8
11:52:52.785 [JavaFX Application Thread] DEBUG Input                - Registered new binding: System info dump - CTRL+9
11:52:52.785 [JavaFX Application Thread] DEBUG Input                - Registered new binding: Restart - CTRL+R
11:52:52.786 [JavaFX Application Thread] DEBUG Input                - Registered new binding: Toggle Debug Camera - CTRL+C
11:52:52.788 [JavaFX Application Thread] DEBUG LoopRunner           - Starting loop
11:52:52.788 [JavaFX Application Thread] DEBUG LoopRunner           - Initializing JavaFX AnimationTimerLoop
11:52:52.789 [JavaFX Application Thread] DEBUG GameApplicationServi - Starting new game
11:52:52.789 [JavaFX Application Thread] DEBUG Input                - Clearing active input actions
11:52:52.802 [JavaFX Application Thread] DEBUG GameApplicationServi - Removing overlay from FXGLStartupScene and adding to FXGLLoadingScene
11:52:52.803 [JavaFX Application Thread] DEBUG PrimaryStageWindow   - FXGLStartupScene -> FXGLLoadingScene
11:52:52.803 [JavaFX Application Thread] DEBUG GameApplicationServi - Clearing previous game
11:52:52.803 [JavaFX Application Thread] DEBUG GameScene            - Clearing game scene
11:52:52.803 [JavaFX Application Thread] DEBUG GameWorld            - Clearing game world
11:52:52.803 [JavaFX Application Thread] DEBUG PhysicsWorld         - Clearing physics world
11:52:52.805 [FXGL Background Thread 1 ] DEBUG FXGLApplication      - Initializing game
11:52:52.817 [FXGL Background Thread 1 ] DEBUG FXGLAssetLoaderServi - Loading from file system: file:/C:/Users/Admin/Desktop/Bomberman/target/classes/assets/textures/wall.png
11:52:52.862 [FXGL Background Thread 1 ] DEBUG FXGLAssetLoaderServi - Loading from file system: file:/C:/Users/Admin/Desktop/Bomberman/target/classes/assets/textures/player_die.png
11:52:52.864 [FXGL Background Thread 1 ] DEBUG FXGLAssetLoaderServi - Loading from file system: file:/C:/Users/Admin/Desktop/Bomberman/target/classes/assets/textures/player_down.png
11:52:52.864 [FXGL Background Thread 1 ] DEBUG FXGLAssetLoaderServi - Loading from file system: file:/C:/Users/Admin/Desktop/Bomberman/target/classes/assets/textures/player_right.png
11:52:52.865 [FXGL Background Thread 1 ] DEBUG FXGLAssetLoaderServi - Loading from file system: file:/C:/Users/Admin/Desktop/Bomberman/target/classes/assets/textures/player_up.png
11:52:52.866 [FXGL Background Thread 1 ] DEBUG FXGLAssetLoaderServi - Loading from file system: file:/C:/Users/Admin/Desktop/Bomberman/target/classes/assets/textures/player_left.png
11:52:52.871 [FXGL Background Thread 1 ] DEBUG FXGLAssetLoaderServi - Loading from file system: file:/C:/Users/Admin/Desktop/Bomberman/target/classes/assets/textures/brick.png
11:52:52.895 [FXGL Background Thread 1 ] DEBUG FXGLAssetLoaderServi - Loading from file system: file:/C:/Users/Admin/Desktop/Bomberman/target/classes/assets/textures/portal.png
11:52:52.917 [FXGL Background Thread 1 ] DEBUG FXGLAssetLoaderServi - Loading from file system: file:/C:/Users/Admin/Desktop/Bomberman/target/classes/assets/textures/powerup_flames.png
11:52:52.967 [FXGL Background Thread 4 ] DEBUG FXGLAssetLoaderServi - Loading from file system: jar:file:/C:/Users/Admin/.m2/repository/com/github/almasb/fxgl/11.17/fxgl-11.17.jar!/fxglassets/ui/fonts/Abel-Regular.ttf
11:52:52.971 [FXGL Background Thread 4 ] DEBUG FXGLAssetLoaderServi - Loading from file system: jar:file:/C:/Users/Admin/.m2/repository/com/github/almasb/fxgl/11.17/fxgl-11.17.jar!/fxglassets/ui/fonts/lucida_console.ttf
11:52:52.976 [FXGL Background Thread 4 ] DEBUG FXGLAssetLoaderServi - Loading from file system: jar:file:/C:/Users/Admin/.m2/repository/com/github/almasb/fxgl/11.17/fxgl-11.17.jar!/fxglassets/ui/fonts/Courier-Prime.ttf
11:52:52.981 [FXGL Background Thread 1 ] INFO  FXGLApplication      - Game initialization took: 0.176 sec
11:52:52.988 [JavaFX Application Thread] DEBUG FXGLApplication      - Registering font factories with UI factory
11:52:52.991 [JavaFX Application Thread] DEBUG Input                - Clearing active input actions
11:52:53.013 [JavaFX Application Thread] DEBUG GameApplicationServi - Removing overlay from FXGLLoadingScene and adding to GameScene
11:52:53.013 [JavaFX Application Thread] DEBUG PrimaryStageWindow   - FXGLLoadingScene -> GameScene
11:52:53.259 [FXGL Background Thread 2 ] INFO  UpdaterService       - Your current version:  11.17
11:52:53.259 [FXGL Background Thread 2 ] INFO  UpdaterService       - Latest stable version: 17.2
11:52:53.604 [JavaFX Application Thread] DEBUG FXGLAssetLoaderServi - Loading from file system: file:/C:/Users/Admin/Desktop/Bomberman/target/classes/assets/textures/bomb.png
11:52:53.606 [JavaFX Application Thread] DEBUG FXGLAssetLoaderServi - Loading from file system: file:/C:/Users/Admin/Desktop/Bomberman/target/classes/assets/sounds/place_bomb.wav
11:52:55.523 [JavaFX Application Thread] DEBUG FXGLAssetLoaderServi - Loading from file system: file:/C:/Users/Admin/Desktop/Bomberman/target/classes/assets/textures/central_flame.png
11:52:55.525 [JavaFX Application Thread] DEBUG FXGLAssetLoaderServi - Loading from file system: file:/C:/Users/Admin/Desktop/Bomberman/target/classes/assets/textures/top_right_flame.png
11:52:55.526 [JavaFX Application Thread] DEBUG FXGLAssetLoaderServi - Loading from file system: file:/C:/Users/Admin/Desktop/Bomberman/target/classes/assets/textures/top_left_flame.png
11:52:55.527 [JavaFX Application Thread] DEBUG FXGLAssetLoaderServi - Loading from file system: file:/C:/Users/Admin/Desktop/Bomberman/target/classes/assets/textures/top_down_flame.png
11:52:55.528 [JavaFX Application Thread] DEBUG FXGLAssetLoaderServi - Loading from file system: file:/C:/Users/Admin/Desktop/Bomberman/target/classes/assets/textures/top_up_flame.png
11:52:55.530 [JavaFX Application Thread] DEBUG FXGLAssetLoaderServi - Loading from file system: file:/C:/Users/Admin/Desktop/Bomberman/target/classes/assets/sounds/explosion.wav
11:52:55.736 [FXGL Background Thread 3 ] DEBUG Engine               - Logging environment variables
11:52:55.736 [FXGL Background Thread 3 ] DEBUG Engine               - achievements: []
11:52:55.736 [FXGL Background Thread 3 ] DEBUG Engine               - actualHeight: 603.0
11:52:55.736 [FXGL Background Thread 3 ] DEBUG Engine               - actualHeightProperty: ReadOnlyDoubleProperty [value: 603.0]
11:52:55.737 [FXGL Background Thread 3 ] DEBUG Engine               - actualWidth: 1415.0
11:52:55.737 [FXGL Background Thread 3 ] DEBUG Engine               - actualWidthProperty: ReadOnlyDoubleProperty [value: 1415.0]
11:52:55.737 [FXGL Background Thread 3 ] DEBUG Engine               - appIcon: fxgl_icon.png
11:52:55.737 [FXGL Background Thread 3 ] DEBUG Engine               - applicationMode: DEVELOPER
11:52:55.737 [FXGL Background Thread 3 ] DEBUG Engine               - cSSList: [fxgl_dark.css]
11:52:55.737 [FXGL Background Thread 3 ] DEBUG Engine               - collisionDetectionStrategy: BRUTE_FORCE
11:52:55.737 [FXGL Background Thread 3 ] DEBUG Engine               - configClass: Optional.empty
11:52:55.737 [FXGL Background Thread 3 ] DEBUG Engine               - credits: []
11:52:55.737 [FXGL Background Thread 3 ] DEBUG Engine               - defaultCursor: CursorInfo(imageName=fxgl_default_cursor.png, hotspotX=7.0, hotspotY=6.0)
11:52:55.737 [FXGL Background Thread 3 ] DEBUG Engine               - devBBoxColorProperty: ObjectProperty [value: 0xff0000ff]
11:52:55.737 [FXGL Background Thread 3 ] DEBUG Engine               - devEnableDebugCameraProperty: BooleanProperty [value: false]
11:52:55.737 [FXGL Background Thread 3 ] DEBUG Engine               - devSensorColorProperty: ObjectProperty [value: 0xffff00ff]
11:52:55.737 [FXGL Background Thread 3 ] DEBUG Engine               - devShowBBoxProperty: BooleanProperty [value: false]
11:52:55.737 [FXGL Background Thread 3 ] DEBUG Engine               - devShowPositionProperty: BooleanProperty [value: false]
11:52:55.737 [FXGL Background Thread 3 ] DEBUG Engine               - enabledMenuItems: []
11:52:55.737 [FXGL Background Thread 3 ] DEBUG Engine               - engineServices: [class com.almasb.fxgl.app.services.FXGLAssetLoaderService, class com.almasb.fxgl.app.FXGLApplication$GameApplicationService, class com.almasb.fxgl.app.services.FXGLDialogService, class com.almasb.fxgl.app.services.IOTaskExecutorService, class com.almasb.fxgl.io.FileSystemService, class com.almasb.fxgl.localization.LocalizationService, class com.almasb.fxgl.app.services.SystemBundleService, class com.almasb.fxgl.profile.SaveLoadService, class com.almasb.fxgl.ui.FXGLUIFactoryServiceProvider, class com.almasb.fxgl.ui.FXGLDialogFactoryServiceProvider, class com.almasb.fxgl.audio.AudioPlayer, class com.almasb.fxgl.notification.impl.NotificationServiceProvider, class com.almasb.fxgl.achievement.AchievementService, class com.almasb.fxgl.cutscene.CutsceneService, class com.almasb.fxgl.minigames.MiniGameService, class com.almasb.fxgl.net.NetService, class com.almasb.fxgl.app.services.UpdaterService, class com.almasb.fxgl.dev.DevService]
11:52:55.737 [FXGL Background Thread 3 ] DEBUG Engine               - fontGame: Abel-Regular.ttf
11:52:55.737 [FXGL Background Thread 3 ] DEBUG Engine               - fontMono: lucida_console.ttf
11:52:55.737 [FXGL Background Thread 3 ] DEBUG Engine               - fontText: Courier-Prime.ttf
11:52:55.737 [FXGL Background Thread 3 ] DEBUG Engine               - fontUI: VarelaRound-Regular.ttf
11:52:55.738 [FXGL Background Thread 3 ] DEBUG Engine               - fullScreen: BooleanProperty [value: false]
11:52:55.738 [FXGL Background Thread 3 ] DEBUG Engine               - gameDifficulty: MEDIUM
11:52:55.738 [FXGL Background Thread 3 ] DEBUG Engine               - gameDifficultyProperty: ObjectProperty [value: MEDIUM]
11:52:55.738 [FXGL Background Thread 3 ] DEBUG Engine               - globalMusicVolume: 0.5
11:52:55.738 [FXGL Background Thread 3 ] DEBUG Engine               - globalMusicVolumeProperty: DoubleProperty [value: 0.5]
11:52:55.738 [FXGL Background Thread 3 ] DEBUG Engine               - globalSoundVolume: 0.5
11:52:55.738 [FXGL Background Thread 3 ] DEBUG Engine               - globalSoundVolumeProperty: DoubleProperty [value: 0.5]
11:52:55.738 [FXGL Background Thread 3 ] DEBUG Engine               - height: 624
11:52:55.738 [FXGL Background Thread 3 ] DEBUG Engine               - is3D: false
11:52:55.738 [FXGL Background Thread 3 ] DEBUG Engine               - isAndroid: false
11:52:55.738 [FXGL Background Thread 3 ] DEBUG Engine               - isBrowser: false
11:52:55.738 [FXGL Background Thread 3 ] DEBUG Engine               - isClickFeedbackEnabled: false
11:52:55.738 [FXGL Background Thread 3 ] DEBUG Engine               - isCloseConfirmation: false
11:52:55.738 [FXGL Background Thread 3 ] DEBUG Engine               - isDesktop: true
11:52:55.738 [FXGL Background Thread 3 ] DEBUG Engine               - isDeveloperMenuEnabled: false
11:52:55.738 [FXGL Background Thread 3 ] DEBUG Engine               - isEntityPreloadEnabled: true
11:52:55.738 [FXGL Background Thread 3 ] DEBUG Engine               - isExperimentalTiledLargeMap: false
11:52:55.738 [FXGL Background Thread 3 ] DEBUG Engine               - isFileSystemWriteAllowed: true
11:52:55.738 [FXGL Background Thread 3 ] DEBUG Engine               - isFullScreenAllowed: true
11:52:55.738 [FXGL Background Thread 3 ] DEBUG Engine               - isFullScreenFromStart: false
11:52:55.738 [FXGL Background Thread 3 ] DEBUG Engine               - isGameMenuEnabled: true
11:52:55.738 [FXGL Background Thread 3 ] DEBUG Engine               - isIOS: false
11:52:55.738 [FXGL Background Thread 3 ] DEBUG Engine               - isIntroEnabled: false
11:52:55.739 [FXGL Background Thread 3 ] DEBUG Engine               - isLinux: false
11:52:55.739 [FXGL Background Thread 3 ] DEBUG Engine               - isMac: false
11:52:55.739 [FXGL Background Thread 3 ] DEBUG Engine               - isMainMenuEnabled: false
11:52:55.739 [FXGL Background Thread 3 ] DEBUG Engine               - isManualResizeEnabled: false
11:52:55.739 [FXGL Background Thread 3 ] DEBUG Engine               - isMobile: false
11:52:55.739 [FXGL Background Thread 3 ] DEBUG Engine               - isNative: false
11:52:55.739 [FXGL Background Thread 3 ] DEBUG Engine               - isPauseMusicWhenMinimized: true
11:52:55.739 [FXGL Background Thread 3 ] DEBUG Engine               - isPreserveResizeRatio: false
11:52:55.739 [FXGL Background Thread 3 ] DEBUG Engine               - isProfilingEnabled: false
11:52:55.739 [FXGL Background Thread 3 ] DEBUG Engine               - isScaleAffectedOnResize: true
11:52:55.739 [FXGL Background Thread 3 ] DEBUG Engine               - isSingleStep: false
11:52:55.739 [FXGL Background Thread 3 ] DEBUG Engine               - isUserProfileEnabled: false
11:52:55.739 [FXGL Background Thread 3 ] DEBUG Engine               - isWindows: true
11:52:55.739 [FXGL Background Thread 3 ] DEBUG Engine               - language: ObjectProperty [value: ENGLISH]
11:52:55.739 [FXGL Background Thread 3 ] DEBUG Engine               - menuKey: ESCAPE
11:52:55.739 [FXGL Background Thread 3 ] DEBUG Engine               - mouseSensitivity: 0.2
11:52:55.739 [FXGL Background Thread 3 ] DEBUG Engine               - notificationViewClass: class com.almasb.fxgl.notification.view.XboxNotificationView
11:52:55.739 [FXGL Background Thread 3 ] DEBUG Engine               - pixelsPerMeter: 50.0
11:52:55.739 [FXGL Background Thread 3 ] DEBUG Engine               - platform: WINDOWS
11:52:55.739 [FXGL Background Thread 3 ] DEBUG Engine               - prefHeightProperty: ReadOnlyDoubleProperty [value: 624.0]
11:52:55.739 [FXGL Background Thread 3 ] DEBUG Engine               - prefWidthProperty: ReadOnlyDoubleProperty [value: 1488.0]
11:52:55.739 [FXGL Background Thread 3 ] DEBUG Engine               - profileDir: profiles/
11:52:55.739 [FXGL Background Thread 3 ] DEBUG Engine               - profileName: StringProperty [value: DEFAULT]
11:52:55.739 [FXGL Background Thread 3 ] DEBUG Engine               - randomSeed: -1
11:52:55.739 [FXGL Background Thread 3 ] DEBUG Engine               - runtimeInfo: RuntimeInfo(platform=WINDOWS, version=11.17, build=16.07.2021 15.46)
11:52:55.739 [FXGL Background Thread 3 ] DEBUG Engine               - saveFileExt: sav
11:52:55.739 [FXGL Background Thread 3 ] DEBUG Engine               - scaledHeightProp$fxgl: DoubleProperty [bound, value: 603.0]
11:52:55.739 [FXGL Background Thread 3 ] DEBUG Engine               - scaledWidthProp$fxgl: DoubleProperty [bound, value: 1415.0]
11:52:55.740 [FXGL Background Thread 3 ] DEBUG Engine               - sceneFactory: com.almasb.fxgl.app.scene.SceneFactory@30e7e592
11:52:55.740 [FXGL Background Thread 3 ] DEBUG Engine               - secondsIn24h: 60
11:52:55.740 [FXGL Background Thread 3 ] DEBUG Engine               - soundMenuBack: menu/back.wav
11:52:55.740 [FXGL Background Thread 3 ] DEBUG Engine               - soundMenuPress: menu/press.wav
11:52:55.740 [FXGL Background Thread 3 ] DEBUG Engine               - soundMenuSelect: menu/select.wav
11:52:55.740 [FXGL Background Thread 3 ] DEBUG Engine               - soundNotification: core/notification.wav
11:52:55.740 [FXGL Background Thread 3 ] DEBUG Engine               - stageStyle: DECORATED
11:52:55.740 [FXGL Background Thread 3 ] DEBUG Engine               - supportedLanguages: [ENGLISH, FRENCH, GERMAN, HUNGARIAN, RUSSIAN]
11:52:55.740 [FXGL Background Thread 3 ] DEBUG Engine               - ticksPerSecond: -1
11:52:55.740 [FXGL Background Thread 3 ] DEBUG Engine               - title: BOMBERMAN
11:52:55.740 [FXGL Background Thread 3 ] DEBUG Engine               - urlGithub: https://github.com/AlmasB/FXGL
11:52:55.740 [FXGL Background Thread 3 ] DEBUG Engine               - urlLeaderboard: http://fxgl-top.herokuapp.com/
11:52:55.740 [FXGL Background Thread 3 ] DEBUG Engine               - urlPOM: https://raw.githubusercontent.com/AlmasB/FXGL/release/README.md
11:52:55.740 [FXGL Background Thread 3 ] DEBUG Engine               - userAppClass: class Bomberman.BombermanGame
11:52:55.740 [FXGL Background Thread 3 ] DEBUG Engine               - version: 1.0
11:52:55.740 [FXGL Background Thread 3 ] DEBUG Engine               - versionCheckDays: 7
11:52:55.740 [FXGL Background Thread 3 ] DEBUG Engine               - width: 1488
11:52:55.740 [FXGL Background Thread 3 ] DEBUG Engine               - Logging services
11:52:55.740 [FXGL Background Thread 3 ] DEBUG Engine               - class com.almasb.fxgl.app.services.FXGLAssetLoaderService
11:52:55.740 [FXGL Background Thread 3 ] DEBUG Engine               - class com.almasb.fxgl.app.FXGLApplication$GameApplicationService
11:52:55.740 [FXGL Background Thread 3 ] DEBUG Engine               - class com.almasb.fxgl.app.services.FXGLDialogService
11:52:55.740 [FXGL Background Thread 3 ] DEBUG Engine               - class com.almasb.fxgl.app.services.IOTaskExecutorService
11:52:55.740 [FXGL Background Thread 3 ] DEBUG Engine               - class com.almasb.fxgl.io.FileSystemService
11:52:55.740 [FXGL Background Thread 3 ] DEBUG Engine               - class com.almasb.fxgl.localization.LocalizationService
11:52:55.740 [FXGL Background Thread 3 ] DEBUG Engine               - class com.almasb.fxgl.app.services.SystemBundleService
11:52:55.740 [FXGL Background Thread 3 ] DEBUG Engine               - class com.almasb.fxgl.profile.SaveLoadService
11:52:55.740 [FXGL Background Thread 3 ] DEBUG Engine               - class com.almasb.fxgl.ui.FXGLUIFactoryServiceProvider
11:52:55.740 [FXGL Background Thread 3 ] DEBUG Engine               - class com.almasb.fxgl.ui.FXGLDialogFactoryServiceProvider
11:52:55.740 [FXGL Background Thread 3 ] DEBUG Engine               - class com.almasb.fxgl.audio.AudioPlayer
11:52:55.740 [FXGL Background Thread 3 ] DEBUG Engine               - class com.almasb.fxgl.notification.impl.NotificationServiceProvider
11:52:55.740 [FXGL Background Thread 3 ] DEBUG Engine               - class com.almasb.fxgl.achievement.AchievementService
11:52:55.740 [FXGL Background Thread 3 ] DEBUG Engine               - class com.almasb.fxgl.cutscene.CutsceneService
11:52:55.740 [FXGL Background Thread 3 ] DEBUG Engine               - class com.almasb.fxgl.minigames.MiniGameService
11:52:55.740 [FXGL Background Thread 3 ] DEBUG Engine               - class com.almasb.fxgl.net.NetService
11:52:55.740 [FXGL Background Thread 3 ] DEBUG Engine               - class com.almasb.fxgl.app.services.UpdaterService
11:52:55.740 [FXGL Background Thread 3 ] DEBUG Engine               - class com.almasb.fxgl.dev.DevService
11:52:57.088 [JavaFX Application Thread] DEBUG FXGLApplication      - Exiting FXGL
11:52:57.088 [JavaFX Application Thread] DEBUG LoopRunner           - Stopping loop
11:52:57.088 [JavaFX Application Thread] DEBUG SystemBundleService  - Saving FXGL system data
11:52:57.089 [JavaFX Application Thread] DEBUG FileSystemAccess     - Writing to: C:\Users\Admin\Desktop\Bomberman\system\fxgl.bundle
11:52:57.091 [JavaFX Application Thread] DEBUG Async                - Shutting down background threads
11:52:57.091 [JavaFX Application Thread] DEBUG PrimaryStageWindow   - Closing main window
11:52:57.103 [JavaFX Application Thread] DEBUG Logger               - Closing Logger
