13:39:35.400 [main                     ] DEBUG Logger               - Configured Logger
13:39:35.404 [main                     ] DEBUG GameApplication      - Logging settings
Title: BOMBERMAN
Version: 1.0
Width: 1488
Height: 624
Fullscreen: true
Intro: false
Profiling: false
Single step:false
App Mode: DEVELOPER
Menu Key: ESCAPE
Stage Style: DECORATED
Scene Factory: class com.almasb.fxgl.app.scene.SceneFactory

13:39:35.867 [JavaFX Application Thread] DEBUG FXGLApplication      - Initializing FXGL
13:39:35.869 [JavaFX Application Thread] INFO  Engine               - FXGL-11.17 (16.07.2021 15.46) on WINDOWS (J:11.0.16.1 FX:16)
13:39:35.870 [JavaFX Application Thread] DEBUG Engine               - JRE Vendor Name: Oracle Corporation
13:39:35.870 [JavaFX Application Thread] DEBUG Engine               - Running on OS: Windows 11 version 10.0
13:39:35.870 [JavaFX Application Thread] DEBUG Engine               - Architecture: amd64
13:39:35.871 [JavaFX Application Thread] INFO  Engine               - Source code and latest versions at: https://github.com/AlmasB/FXGL
13:39:35.871 [JavaFX Application Thread] INFO  Engine               -              Join the FXGL chat at: https://gitter.im/AlmasB/FXGL
13:39:36.022 [JavaFX Application Thread] DEBUG PrimaryStageWindow   - Creating a JavaFX scene
13:39:36.022 [JavaFX Application Thread] DEBUG PrimaryStageWindow   - Target size > screen size
13:39:36.085 [JavaFX Application Thread] DEBUG PrimaryStageWindow   - Target settings size: 1488.0 x 624.0
13:39:36.086 [JavaFX Application Thread] DEBUG PrimaryStageWindow   - Scaled scene size:    1415.0 x 603.0
13:39:36.086 [JavaFX Application Thread] DEBUG PrimaryStageWindow   - Scaled ratio: (0.9509408602150538, 0.9663461538461539)
13:39:36.087 [JavaFX Application Thread] DEBUG PrimaryStageWindow   - Set initial scene to FXGLStartupScene
13:39:36.100 [JavaFX Application Thread] DEBUG PrimaryStageWindow   - Opening main window
13:39:36.203 [JavaFX Application Thread] DEBUG PrimaryStageWindow   - Window border size: (13.0, 35.5)
13:39:36.203 [JavaFX Application Thread] DEBUG PrimaryStageWindow   - Scaled size: 1415.0 x 603.0
13:39:36.203 [JavaFX Application Thread] DEBUG PrimaryStageWindow   - Scaled ratio: (0.9509408602150538, 0.9663461538461539)
13:39:36.204 [JavaFX Application Thread] DEBUG PrimaryStageWindow   - Scene size: 1415.0 x 603.0
13:39:36.204 [JavaFX Application Thread] DEBUG PrimaryStageWindow   - Stage size: 1428.0 x 638.5
13:39:36.215 [FXGL Background Thread 1 ] DEBUG Engine               - Initializing environment variables
13:39:36.309 [FXGL Background Thread 1 ] DEBUG FXGLAssetLoaderServi - User app class for loading assets: class Bomberman.BombermanGame
13:39:36.309 [FXGL Background Thread 1 ] DEBUG GameApplicationServi - Applying CSS: fxgl_dark.css
13:39:36.310 [FXGL Background Thread 1 ] DEBUG FXGLAssetLoaderServi - Loading from file system: jar:file:/C:/Users/Admin/.m2/repository/com/github/almasb/fxgl/11.17/fxgl-11.17.jar!/fxglassets/ui/css/fxgl_dark.css
13:39:36.360 [FXGL Background Thread 1 ] DEBUG GameApplicationServi - Initializing application scenes
13:39:36.407 [FXGL Background Thread 1 ] DEBUG GameWorld            - Game world initialized
13:39:36.480 [FXGL Background Thread 1 ] DEBUG PhysicsWorld         - Physics world initialized: appHeight=624, physics.ppm=50.0
13:39:36.480 [FXGL Background Thread 1 ] DEBUG PhysicsWorld         - Using strategy: BRUTE_FORCE
13:39:36.483 [FXGL Background Thread 1 ] DEBUG GameScene            - Game scene initialized: 1488x624
13:39:36.497 [FXGL Background Thread 1 ] DEBUG FXGL.DefaultMenu     - createMenuBodyGameMenu()
13:39:36.519 [FXGL Background Thread 1 ] DEBUG FXGL.DefaultMenu     - createOptionsMenu()
13:39:36.534 [FXGL Background Thread 1 ] DEBUG FXGLAssetLoaderServi - Loading from file system: jar:file:/C:/Users/Admin/.m2/repository/com/github/almasb/fxgl/11.17/fxgl-11.17.jar!/fxglassets/textures/particles/smoke.png
13:39:36.644 [FXGL Background Thread 1 ] DEBUG FXGLAssetLoaderServi - Loading from file system: jar:file:/C:/Users/Admin/.m2/repository/com/github/almasb/fxgl/11.17/fxgl-11.17.jar!/fxglassets/textures/particles/trace_horizontal.png
13:39:36.679 [FXGL Background Thread 1 ] DEBUG GameApplicationServi - Application scenes initialized
13:39:36.691 [FXGL Background Thread 1 ] DEBUG SystemBundleService  - Loading FXGL system data
13:39:36.694 [FXGL Background Thread 1 ] DEBUG FileSystemAccess     - Reading from: C:\Users\Admin\Desktop\Bomberman\system\fxgl.bundle
13:39:36.700 [FXGL Background Thread 1 ] DEBUG SystemBundleService  - Bundle FXGL: {}
13:39:36.700 [FXGL Background Thread 1 ] DEBUG UpdaterService       - Checking for updates
13:39:36.704 [FXGL Background Thread 4 ] DEBUG FXGLApplication      - Loading fonts
13:39:36.704 [FXGL Background Thread 1 ] DEBUG FXGLApplication      - Loading default localization
13:39:36.704 [FXGL Background Thread 4 ] DEBUG FXGLAssetLoaderServi - Loading from file system: jar:file:/C:/Users/Admin/.m2/repository/com/github/almasb/fxgl/11.17/fxgl-11.17.jar!/fxglassets/ui/fonts/VarelaRound-Regular.ttf
13:39:36.705 [FXGL Background Thread 1 ] DEBUG FXGLAssetLoaderServi - Loading from file system: jar:file:/C:/Users/Admin/.m2/repository/com/github/almasb/fxgl/11.17/fxgl-11.17.jar!/fxglassets/languages/english.lang
13:39:36.720 [FXGL Background Thread 1 ] INFO  FXGLApplication      - FXGL initialization took: 0.505 sec
13:39:36.737 [JavaFX Application Thread] DEBUG Input                - Registered new binding: Move Left - A
13:39:36.737 [JavaFX Application Thread] DEBUG Input                - Registered new binding: Move Right - D
13:39:36.737 [JavaFX Application Thread] DEBUG Input                - Registered new binding: Move Up - W
13:39:36.738 [JavaFX Application Thread] DEBUG Input                - Registered new binding: Move Down - S
13:39:36.738 [JavaFX Application Thread] DEBUG Input                - Registered new binding: Place Bomb - Space
13:39:36.739 [JavaFX Application Thread] DEBUG FXGLAssetLoaderServi - Loading from file system: jar:file:/C:/Users/Admin/.m2/repository/com/github/almasb/fxgl/11.17/fxgl-11.17.jar!/fxglassets/textures/fxgl_icon.png
13:39:36.764 [JavaFX Application Thread] DEBUG FXGLAssetLoaderServi - Loading from file system: jar:file:/C:/Users/Admin/.m2/repository/com/github/almasb/fxgl/11.17/fxgl-11.17.jar!/fxglassets/textures/fxgl_default_cursor.png
13:39:36.768 [JavaFX Application Thread] DEBUG Input                - Registered new binding: Screenshot - CTRL+8
13:39:36.768 [JavaFX Application Thread] DEBUG Input                - Registered new binding: System info dump - CTRL+9
13:39:36.769 [JavaFX Application Thread] DEBUG Input                - Registered new binding: Restart - CTRL+R
13:39:36.770 [JavaFX Application Thread] DEBUG Input                - Registered new binding: Toggle Debug Camera - CTRL+C
13:39:36.773 [JavaFX Application Thread] DEBUG LoopRunner           - Starting loop
13:39:36.774 [JavaFX Application Thread] DEBUG LoopRunner           - Initializing JavaFX AnimationTimerLoop
13:39:36.777 [JavaFX Application Thread] DEBUG GameApplicationServi - Starting new game
13:39:36.777 [JavaFX Application Thread] DEBUG Input                - Clearing active input actions
13:39:36.803 [JavaFX Application Thread] DEBUG GameApplicationServi - Removing overlay from FXGLStartupScene and adding to FXGLLoadingScene
13:39:36.804 [JavaFX Application Thread] DEBUG PrimaryStageWindow   - FXGLStartupScene -> FXGLLoadingScene
13:39:36.804 [JavaFX Application Thread] DEBUG GameApplicationServi - Clearing previous game
13:39:36.805 [JavaFX Application Thread] DEBUG GameScene            - Clearing game scene
13:39:36.805 [JavaFX Application Thread] DEBUG GameWorld            - Clearing game world
13:39:36.805 [JavaFX Application Thread] DEBUG PhysicsWorld         - Clearing physics world
13:39:36.810 [FXGL Background Thread 1 ] DEBUG FXGLApplication      - Initializing game
13:39:36.839 [FXGL Background Thread 1 ] DEBUG FXGLAssetLoaderServi - Loading from file system: file:/C:/Users/Admin/Desktop/Bomberman/target/classes/assets/textures/wall.png
13:39:36.929 [FXGL Background Thread 1 ] DEBUG FXGLAssetLoaderServi - Loading from file system: file:/C:/Users/Admin/Desktop/Bomberman/target/classes/assets/textures/player_die.png
13:39:36.933 [FXGL Background Thread 1 ] DEBUG FXGLAssetLoaderServi - Loading from file system: file:/C:/Users/Admin/Desktop/Bomberman/target/classes/assets/textures/player_down.png
13:39:36.935 [FXGL Background Thread 1 ] DEBUG FXGLAssetLoaderServi - Loading from file system: file:/C:/Users/Admin/Desktop/Bomberman/target/classes/assets/textures/player_right.png
13:39:36.937 [FXGL Background Thread 1 ] DEBUG FXGLAssetLoaderServi - Loading from file system: file:/C:/Users/Admin/Desktop/Bomberman/target/classes/assets/textures/player_up.png
13:39:36.939 [FXGL Background Thread 1 ] DEBUG FXGLAssetLoaderServi - Loading from file system: file:/C:/Users/Admin/Desktop/Bomberman/target/classes/assets/textures/player_left.png
13:39:36.950 [FXGL Background Thread 1 ] DEBUG FXGLAssetLoaderServi - Loading from file system: file:/C:/Users/Admin/Desktop/Bomberman/target/classes/assets/textures/brick.png
13:39:36.951 [FXGL Background Thread 1 ] DEBUG FXGLAssetLoaderServi - Loading from file system: file:/C:/Users/Admin/Desktop/Bomberman/target/classes/assets/textures/brick_break.png
13:39:36.961 [FXGL Background Thread 1 ] DEBUG FXGLAssetLoaderServi - Loading from file system: file:/C:/Users/Admin/Desktop/Bomberman/target/classes/assets/textures/enemy1.png
13:39:37.013 [FXGL Background Thread 1 ] DEBUG FXGLAssetLoaderServi - Loading from file system: file:/C:/Users/Admin/Desktop/Bomberman/target/classes/assets/textures/portal.png
13:39:37.058 [FXGL Background Thread 1 ] DEBUG FXGLAssetLoaderServi - Loading from file system: file:/C:/Users/Admin/Desktop/Bomberman/target/classes/assets/textures/powerup_flames.png
13:39:37.110 [FXGL Background Thread 4 ] DEBUG FXGLAssetLoaderServi - Loading from file system: jar:file:/C:/Users/Admin/.m2/repository/com/github/almasb/fxgl/11.17/fxgl-11.17.jar!/fxglassets/ui/fonts/Abel-Regular.ttf
13:39:37.115 [FXGL Background Thread 4 ] DEBUG FXGLAssetLoaderServi - Loading from file system: jar:file:/C:/Users/Admin/.m2/repository/com/github/almasb/fxgl/11.17/fxgl-11.17.jar!/fxglassets/ui/fonts/lucida_console.ttf
13:39:37.123 [FXGL Background Thread 4 ] DEBUG FXGLAssetLoaderServi - Loading from file system: jar:file:/C:/Users/Admin/.m2/repository/com/github/almasb/fxgl/11.17/fxgl-11.17.jar!/fxglassets/ui/fonts/Courier-Prime.ttf
13:39:37.133 [JavaFX Application Thread] DEBUG FXGLApplication      - Registering font factories with UI factory
13:39:37.137 [FXGL Background Thread 1 ] INFO  FXGLApplication      - Game initialization took: 0.327 sec
13:39:37.138 [JavaFX Application Thread] DEBUG Input                - Clearing active input actions
13:39:37.159 [JavaFX Application Thread] DEBUG GameApplicationServi - Removing overlay from FXGLLoadingScene and adding to GameScene
13:39:37.160 [JavaFX Application Thread] DEBUG PrimaryStageWindow   - FXGLLoadingScene -> GameScene
13:39:37.828 [FXGL Background Thread 2 ] INFO  UpdaterService       - Your current version:  11.17
13:39:37.829 [FXGL Background Thread 2 ] INFO  UpdaterService       - Latest stable version: 17.2
13:39:39.704 [FXGL Background Thread 3 ] DEBUG Engine               - Logging environment variables
13:39:39.704 [FXGL Background Thread 3 ] DEBUG Engine               - achievements: []
13:39:39.704 [FXGL Background Thread 3 ] DEBUG Engine               - actualHeight: 603.0
13:39:39.704 [FXGL Background Thread 3 ] DEBUG Engine               - actualHeightProperty: ReadOnlyDoubleProperty [value: 603.0]
13:39:39.704 [FXGL Background Thread 3 ] DEBUG Engine               - actualWidth: 1415.0
13:39:39.704 [FXGL Background Thread 3 ] DEBUG Engine               - actualWidthProperty: ReadOnlyDoubleProperty [value: 1415.0]
13:39:39.704 [FXGL Background Thread 3 ] DEBUG Engine               - appIcon: fxgl_icon.png
13:39:39.704 [FXGL Background Thread 3 ] DEBUG Engine               - applicationMode: DEVELOPER
13:39:39.705 [FXGL Background Thread 3 ] DEBUG Engine               - cSSList: [fxgl_dark.css]
13:39:39.705 [FXGL Background Thread 3 ] DEBUG Engine               - collisionDetectionStrategy: BRUTE_FORCE
13:39:39.705 [FXGL Background Thread 3 ] DEBUG Engine               - configClass: Optional.empty
13:39:39.705 [FXGL Background Thread 3 ] DEBUG Engine               - credits: []
13:39:39.705 [FXGL Background Thread 3 ] DEBUG Engine               - defaultCursor: CursorInfo(imageName=fxgl_default_cursor.png, hotspotX=7.0, hotspotY=6.0)
13:39:39.705 [FXGL Background Thread 3 ] DEBUG Engine               - devBBoxColorProperty: ObjectProperty [value: 0xff0000ff]
13:39:39.705 [FXGL Background Thread 3 ] DEBUG Engine               - devEnableDebugCameraProperty: BooleanProperty [value: false]
13:39:39.705 [FXGL Background Thread 3 ] DEBUG Engine               - devSensorColorProperty: ObjectProperty [value: 0xffff00ff]
13:39:39.705 [FXGL Background Thread 3 ] DEBUG Engine               - devShowBBoxProperty: BooleanProperty [value: false]
13:39:39.705 [FXGL Background Thread 3 ] DEBUG Engine               - devShowPositionProperty: BooleanProperty [value: false]
13:39:39.705 [FXGL Background Thread 3 ] DEBUG Engine               - enabledMenuItems: []
13:39:39.705 [FXGL Background Thread 3 ] DEBUG Engine               - engineServices: [class com.almasb.fxgl.app.services.FXGLAssetLoaderService, class com.almasb.fxgl.app.FXGLApplication$GameApplicationService, class com.almasb.fxgl.app.services.FXGLDialogService, class com.almasb.fxgl.app.services.IOTaskExecutorService, class com.almasb.fxgl.io.FileSystemService, class com.almasb.fxgl.localization.LocalizationService, class com.almasb.fxgl.app.services.SystemBundleService, class com.almasb.fxgl.profile.SaveLoadService, class com.almasb.fxgl.ui.FXGLUIFactoryServiceProvider, class com.almasb.fxgl.ui.FXGLDialogFactoryServiceProvider, class com.almasb.fxgl.audio.AudioPlayer, class com.almasb.fxgl.notification.impl.NotificationServiceProvider, class com.almasb.fxgl.achievement.AchievementService, class com.almasb.fxgl.cutscene.CutsceneService, class com.almasb.fxgl.minigames.MiniGameService, class com.almasb.fxgl.net.NetService, class com.almasb.fxgl.app.services.UpdaterService, class com.almasb.fxgl.dev.DevService]
13:39:39.705 [FXGL Background Thread 3 ] DEBUG Engine               - fontGame: Abel-Regular.ttf
13:39:39.705 [FXGL Background Thread 3 ] DEBUG Engine               - fontMono: lucida_console.ttf
13:39:39.705 [FXGL Background Thread 3 ] DEBUG Engine               - fontText: Courier-Prime.ttf
13:39:39.705 [FXGL Background Thread 3 ] DEBUG Engine               - fontUI: VarelaRound-Regular.ttf
13:39:39.705 [FXGL Background Thread 3 ] DEBUG Engine               - fullScreen: BooleanProperty [value: false]
13:39:39.705 [FXGL Background Thread 3 ] DEBUG Engine               - gameDifficulty: MEDIUM
13:39:39.705 [FXGL Background Thread 3 ] DEBUG Engine               - gameDifficultyProperty: ObjectProperty [value: MEDIUM]
13:39:39.705 [FXGL Background Thread 3 ] DEBUG Engine               - globalMusicVolume: 0.5
13:39:39.705 [FXGL Background Thread 3 ] DEBUG Engine               - globalMusicVolumeProperty: DoubleProperty [value: 0.5]
13:39:39.705 [FXGL Background Thread 3 ] DEBUG Engine               - globalSoundVolume: 0.5
13:39:39.705 [FXGL Background Thread 3 ] DEBUG Engine               - globalSoundVolumeProperty: DoubleProperty [value: 0.5]
13:39:39.705 [FXGL Background Thread 3 ] DEBUG Engine               - height: 624
13:39:39.705 [FXGL Background Thread 3 ] DEBUG Engine               - is3D: false
13:39:39.705 [FXGL Background Thread 3 ] DEBUG Engine               - isAndroid: false
13:39:39.705 [FXGL Background Thread 3 ] DEBUG Engine               - isBrowser: false
13:39:39.706 [FXGL Background Thread 3 ] DEBUG Engine               - isClickFeedbackEnabled: false
13:39:39.706 [FXGL Background Thread 3 ] DEBUG Engine               - isCloseConfirmation: false
13:39:39.706 [FXGL Background Thread 3 ] DEBUG Engine               - isDesktop: true
13:39:39.706 [FXGL Background Thread 3 ] DEBUG Engine               - isDeveloperMenuEnabled: false
13:39:39.706 [FXGL Background Thread 3 ] DEBUG Engine               - isEntityPreloadEnabled: true
13:39:39.706 [FXGL Background Thread 3 ] DEBUG Engine               - isExperimentalTiledLargeMap: false
13:39:39.706 [FXGL Background Thread 3 ] DEBUG Engine               - isFileSystemWriteAllowed: true
13:39:39.706 [FXGL Background Thread 3 ] DEBUG Engine               - isFullScreenAllowed: true
13:39:39.706 [FXGL Background Thread 3 ] DEBUG Engine               - isFullScreenFromStart: false
13:39:39.706 [FXGL Background Thread 3 ] DEBUG Engine               - isGameMenuEnabled: true
13:39:39.706 [FXGL Background Thread 3 ] DEBUG Engine               - isIOS: false
13:39:39.706 [FXGL Background Thread 3 ] DEBUG Engine               - isIntroEnabled: false
13:39:39.706 [FXGL Background Thread 3 ] DEBUG Engine               - isLinux: false
13:39:39.706 [FXGL Background Thread 3 ] DEBUG Engine               - isMac: false
13:39:39.706 [FXGL Background Thread 3 ] DEBUG Engine               - isMainMenuEnabled: false
13:39:39.706 [FXGL Background Thread 3 ] DEBUG Engine               - isManualResizeEnabled: false
13:39:39.706 [FXGL Background Thread 3 ] DEBUG Engine               - isMobile: false
13:39:39.706 [FXGL Background Thread 3 ] DEBUG Engine               - isNative: false
13:39:39.706 [FXGL Background Thread 3 ] DEBUG Engine               - isPauseMusicWhenMinimized: true
13:39:39.706 [FXGL Background Thread 3 ] DEBUG Engine               - isPreserveResizeRatio: false
13:39:39.706 [FXGL Background Thread 3 ] DEBUG Engine               - isProfilingEnabled: false
13:39:39.706 [FXGL Background Thread 3 ] DEBUG Engine               - isScaleAffectedOnResize: true
13:39:39.706 [FXGL Background Thread 3 ] DEBUG Engine               - isSingleStep: false
13:39:39.706 [FXGL Background Thread 3 ] DEBUG Engine               - isUserProfileEnabled: false
13:39:39.706 [FXGL Background Thread 3 ] DEBUG Engine               - isWindows: true
13:39:39.706 [FXGL Background Thread 3 ] DEBUG Engine               - language: ObjectProperty [value: ENGLISH]
13:39:39.706 [FXGL Background Thread 3 ] DEBUG Engine               - menuKey: ESCAPE
13:39:39.706 [FXGL Background Thread 3 ] DEBUG Engine               - mouseSensitivity: 0.2
13:39:39.706 [FXGL Background Thread 3 ] DEBUG Engine               - notificationViewClass: class com.almasb.fxgl.notification.view.XboxNotificationView
13:39:39.706 [FXGL Background Thread 3 ] DEBUG Engine               - pixelsPerMeter: 50.0
13:39:39.706 [FXGL Background Thread 3 ] DEBUG Engine               - platform: WINDOWS
13:39:39.706 [FXGL Background Thread 3 ] DEBUG Engine               - prefHeightProperty: ReadOnlyDoubleProperty [value: 624.0]
13:39:39.706 [FXGL Background Thread 3 ] DEBUG Engine               - prefWidthProperty: ReadOnlyDoubleProperty [value: 1488.0]
13:39:39.707 [FXGL Background Thread 3 ] DEBUG Engine               - profileDir: profiles/
13:39:39.707 [FXGL Background Thread 3 ] DEBUG Engine               - profileName: StringProperty [value: DEFAULT]
13:39:39.707 [FXGL Background Thread 3 ] DEBUG Engine               - randomSeed: -1
13:39:39.707 [FXGL Background Thread 3 ] DEBUG Engine               - runtimeInfo: RuntimeInfo(platform=WINDOWS, version=11.17, build=16.07.2021 15.46)
13:39:39.707 [FXGL Background Thread 3 ] DEBUG Engine               - saveFileExt: sav
13:39:39.707 [FXGL Background Thread 3 ] DEBUG Engine               - scaledHeightProp$fxgl: DoubleProperty [bound, value: 603.0]
13:39:39.707 [FXGL Background Thread 3 ] DEBUG Engine               - scaledWidthProp$fxgl: DoubleProperty [bound, value: 1415.0]
13:39:39.707 [FXGL Background Thread 3 ] DEBUG Engine               - sceneFactory: com.almasb.fxgl.app.scene.SceneFactory@267a8961
13:39:39.707 [FXGL Background Thread 3 ] DEBUG Engine               - secondsIn24h: 60
13:39:39.707 [FXGL Background Thread 3 ] DEBUG Engine               - soundMenuBack: menu/back.wav
13:39:39.707 [FXGL Background Thread 3 ] DEBUG Engine               - soundMenuPress: menu/press.wav
13:39:39.707 [FXGL Background Thread 3 ] DEBUG Engine               - soundMenuSelect: menu/select.wav
13:39:39.707 [FXGL Background Thread 3 ] DEBUG Engine               - soundNotification: core/notification.wav
13:39:39.707 [FXGL Background Thread 3 ] DEBUG Engine               - stageStyle: DECORATED
13:39:39.707 [FXGL Background Thread 3 ] DEBUG Engine               - supportedLanguages: [ENGLISH, FRENCH, GERMAN, HUNGARIAN, RUSSIAN]
13:39:39.707 [FXGL Background Thread 3 ] DEBUG Engine               - ticksPerSecond: -1
13:39:39.707 [FXGL Background Thread 3 ] DEBUG Engine               - title: BOMBERMAN
13:39:39.707 [FXGL Background Thread 3 ] DEBUG Engine               - urlGithub: https://github.com/AlmasB/FXGL
13:39:39.707 [FXGL Background Thread 3 ] DEBUG Engine               - urlLeaderboard: http://fxgl-top.herokuapp.com/
13:39:39.707 [FXGL Background Thread 3 ] DEBUG Engine               - urlPOM: https://raw.githubusercontent.com/AlmasB/FXGL/release/README.md
13:39:39.707 [FXGL Background Thread 3 ] DEBUG Engine               - userAppClass: class Bomberman.BombermanGame
13:39:39.707 [FXGL Background Thread 3 ] DEBUG Engine               - version: 1.0
13:39:39.707 [FXGL Background Thread 3 ] DEBUG Engine               - versionCheckDays: 7
13:39:39.707 [FXGL Background Thread 3 ] DEBUG Engine               - width: 1488
13:39:39.707 [FXGL Background Thread 3 ] DEBUG Engine               - Logging services
13:39:39.707 [FXGL Background Thread 3 ] DEBUG Engine               - class com.almasb.fxgl.app.services.FXGLAssetLoaderService
13:39:39.707 [FXGL Background Thread 3 ] DEBUG Engine               - class com.almasb.fxgl.app.FXGLApplication$GameApplicationService
13:39:39.707 [FXGL Background Thread 3 ] DEBUG Engine               - class com.almasb.fxgl.app.services.FXGLDialogService
13:39:39.707 [FXGL Background Thread 3 ] DEBUG Engine               - class com.almasb.fxgl.app.services.IOTaskExecutorService
13:39:39.707 [FXGL Background Thread 3 ] DEBUG Engine               - class com.almasb.fxgl.io.FileSystemService
13:39:39.707 [FXGL Background Thread 3 ] DEBUG Engine               - class com.almasb.fxgl.localization.LocalizationService
13:39:39.707 [FXGL Background Thread 3 ] DEBUG Engine               - class com.almasb.fxgl.app.services.SystemBundleService
13:39:39.707 [FXGL Background Thread 3 ] DEBUG Engine               - class com.almasb.fxgl.profile.SaveLoadService
13:39:39.707 [FXGL Background Thread 3 ] DEBUG Engine               - class com.almasb.fxgl.ui.FXGLUIFactoryServiceProvider
13:39:39.707 [FXGL Background Thread 3 ] DEBUG Engine               - class com.almasb.fxgl.ui.FXGLDialogFactoryServiceProvider
13:39:39.708 [FXGL Background Thread 3 ] DEBUG Engine               - class com.almasb.fxgl.audio.AudioPlayer
13:39:39.708 [FXGL Background Thread 3 ] DEBUG Engine               - class com.almasb.fxgl.notification.impl.NotificationServiceProvider
13:39:39.708 [FXGL Background Thread 3 ] DEBUG Engine               - class com.almasb.fxgl.achievement.AchievementService
13:39:39.708 [FXGL Background Thread 3 ] DEBUG Engine               - class com.almasb.fxgl.cutscene.CutsceneService
13:39:39.708 [FXGL Background Thread 3 ] DEBUG Engine               - class com.almasb.fxgl.minigames.MiniGameService
13:39:39.708 [FXGL Background Thread 3 ] DEBUG Engine               - class com.almasb.fxgl.net.NetService
13:39:39.708 [FXGL Background Thread 3 ] DEBUG Engine               - class com.almasb.fxgl.app.services.UpdaterService
13:39:39.708 [FXGL Background Thread 3 ] DEBUG Engine               - class com.almasb.fxgl.dev.DevService
13:39:43.601 [JavaFX Application Thread] DEBUG FXGLAssetLoaderServi - Loading from file system: file:/C:/Users/Admin/Desktop/Bomberman/target/classes/assets/textures/bomb.png
13:39:43.603 [JavaFX Application Thread] DEBUG FXGLAssetLoaderServi - Loading from file system: file:/C:/Users/Admin/Desktop/Bomberman/target/classes/assets/sounds/place_bomb.wav
13:39:45.719 [JavaFX Application Thread] DEBUG FXGLAssetLoaderServi - Loading from file system: file:/C:/Users/Admin/Desktop/Bomberman/target/classes/assets/textures/central_flame.png
13:39:45.720 [JavaFX Application Thread] DEBUG FXGLAssetLoaderServi - Loading from file system: file:/C:/Users/Admin/Desktop/Bomberman/target/classes/assets/textures/top_down_flame.png
13:39:45.721 [JavaFX Application Thread] DEBUG FXGLAssetLoaderServi - Loading from file system: file:/C:/Users/Admin/Desktop/Bomberman/target/classes/assets/textures/top_right_flame.png
13:39:45.722 [JavaFX Application Thread] DEBUG FXGLAssetLoaderServi - Loading from file system: file:/C:/Users/Admin/Desktop/Bomberman/target/classes/assets/textures/top_left_flame.png
13:39:45.723 [JavaFX Application Thread] DEBUG FXGLAssetLoaderServi - Loading from file system: file:/C:/Users/Admin/Desktop/Bomberman/target/classes/assets/textures/top_up_flame.png
13:39:45.724 [JavaFX Application Thread] DEBUG FXGLAssetLoaderServi - Loading from file system: file:/C:/Users/Admin/Desktop/Bomberman/target/classes/assets/sounds/explosion.wav
13:39:50.293 [JavaFX Application Thread] DEBUG FXGLAssetLoaderServi - Loading from file system: file:/C:/Users/Admin/Desktop/Bomberman/target/classes/assets/sounds/powerup.wav
13:39:53.046 [JavaFX Application Thread] DEBUG FXGLAssetLoaderServi - Loading from file system: file:/C:/Users/Admin/Desktop/Bomberman/target/classes/assets/textures/right_flame.png
13:39:53.048 [JavaFX Application Thread] DEBUG FXGLAssetLoaderServi - Loading from file system: file:/C:/Users/Admin/Desktop/Bomberman/target/classes/assets/textures/left_flame.png
13:39:53.049 [JavaFX Application Thread] DEBUG FXGLAssetLoaderServi - Loading from file system: file:/C:/Users/Admin/Desktop/Bomberman/target/classes/assets/textures/down_flame.png
13:39:53.049 [JavaFX Application Thread] DEBUG FXGLAssetLoaderServi - Loading from file system: file:/C:/Users/Admin/Desktop/Bomberman/target/classes/assets/textures/up_flame.png
13:39:58.036 [JavaFX Application Thread] WARN  GameWorld            - Attempted to remove entity which is not active
13:40:27.284 [JavaFX Application Thread] WARN  GameWorld            - Attempted to remove entity which is not active
13:40:32.532 [JavaFX Application Thread] WARN  GameWorld            - Attempted to remove entity which is not active
13:40:35.190 [JavaFX Application Thread] DEBUG FXGLApplication      - Exiting FXGL
13:40:35.190 [JavaFX Application Thread] DEBUG LoopRunner           - Stopping loop
13:40:35.190 [JavaFX Application Thread] DEBUG SystemBundleService  - Saving FXGL system data
13:40:35.191 [JavaFX Application Thread] DEBUG FileSystemAccess     - Writing to: C:\Users\Admin\Desktop\Bomberman\system\fxgl.bundle
13:40:35.193 [JavaFX Application Thread] DEBUG Async                - Shutting down background threads
13:40:35.193 [JavaFX Application Thread] DEBUG PrimaryStageWindow   - Closing main window
13:40:35.204 [JavaFX Application Thread] DEBUG Logger               - Closing Logger
