10:28:59.690 [main                     ] DEBUG Logger               - Configured Logger
10:28:59.709 [main                     ] DEBUG GameApplication      - Logging settings
Title: BOMBER
 MAN
Version: 1.0
Width: 1280
Height: 720
Fullscreen: true
Intro: false
Profiling: false
Single step:false
App Mode: DEVELOPER
Menu Key: ESCAPE
Stage Style: DECORATED
Scene Factory: class Bomberman.BombermanGame$1

10:29:00.167 [JavaFX Application Thread] DEBUG FXGLApplication      - Initializing FXGL
10:29:00.169 [JavaFX Application Thread] INFO  Engine               - FXGL-11.17 (16.07.2021 15.46) on WINDOWS (J:11.0.16.1 FX:16)
10:29:00.169 [JavaFX Application Thread] DEBUG Engine               - JRE Vendor Name: Oracle Corporation
10:29:00.170 [JavaFX Application Thread] DEBUG Engine               - Running on OS: Windows 11 version 10.0
10:29:00.170 [JavaFX Application Thread] DEBUG Engine               - Architecture: amd64
10:29:00.170 [JavaFX Application Thread] INFO  Engine               - Source code and latest versions at: https://github.com/AlmasB/FXGL
10:29:00.170 [JavaFX Application Thread] INFO  Engine               -              Join the FXGL chat at: https://gitter.im/AlmasB/FXGL
10:29:00.291 [JavaFX Application Thread] DEBUG PrimaryStageWindow   - Creating a JavaFX scene
10:29:00.357 [JavaFX Application Thread] DEBUG PrimaryStageWindow   - Target settings size: 1280.0 x 720.0
10:29:00.357 [JavaFX Application Thread] DEBUG PrimaryStageWindow   - Scaled scene size:    1280.0 x 720.0
10:29:00.358 [JavaFX Application Thread] DEBUG PrimaryStageWindow   - Scaled ratio: (1.0, 1.0)
10:29:00.359 [JavaFX Application Thread] DEBUG PrimaryStageWindow   - Set initial scene to FXGLStartupScene
10:29:00.370 [JavaFX Application Thread] DEBUG PrimaryStageWindow   - Opening main window
10:29:00.480 [JavaFX Application Thread] DEBUG PrimaryStageWindow   - Window border size: (13.0, 35.5)
10:29:00.480 [JavaFX Application Thread] DEBUG PrimaryStageWindow   - Scaled size: 1280.0 x 720.0
10:29:00.480 [JavaFX Application Thread] DEBUG PrimaryStageWindow   - Scaled ratio: (1.0, 1.0)
10:29:00.481 [JavaFX Application Thread] DEBUG PrimaryStageWindow   - Scene size: 1280.0 x 720.0
10:29:00.481 [JavaFX Application Thread] DEBUG PrimaryStageWindow   - Stage size: 1293.0 x 755.5
10:29:00.492 [FXGL Background Thread 1 ] DEBUG Engine               - Initializing environment variables
10:29:00.578 [FXGL Background Thread 1 ] DEBUG FXGLAssetLoaderServi - User app class for loading assets: class Bomberman.BombermanGame
10:29:00.578 [FXGL Background Thread 1 ] DEBUG GameApplicationServi - Applying CSS: fxgl_dark.css
10:29:00.579 [FXGL Background Thread 1 ] DEBUG FXGLAssetLoaderServi - Loading from file system: jar:file:/C:/Users/Admin/.m2/repository/com/github/almasb/fxgl/11.17/fxgl-11.17.jar!/fxglassets/ui/css/fxgl_dark.css
10:29:00.636 [FXGL Background Thread 1 ] DEBUG GameApplicationServi - Initializing application scenes
10:29:00.686 [FXGL Background Thread 1 ] DEBUG GameWorld            - Game world initialized
10:29:00.748 [FXGL Background Thread 1 ] DEBUG PhysicsWorld         - Physics world initialized: appHeight=720, physics.ppm=50.0
10:29:00.749 [FXGL Background Thread 1 ] DEBUG PhysicsWorld         - Using strategy: BRUTE_FORCE
10:29:00.751 [FXGL Background Thread 1 ] DEBUG GameScene            - Game scene initialized: 1280x720
10:29:00.877 [FXGL Background Thread 1 ] DEBUG GameApplicationServi - Application scenes initialized
10:29:00.888 [FXGL Background Thread 1 ] DEBUG SystemBundleService  - Loading FXGL system data
10:29:00.894 [FXGL Background Thread 1 ] DEBUG FileSystemAccess     - Reading from: C:\Users\Admin\Desktop\Bomberman\system\fxgl.bundle
10:29:00.900 [FXGL Background Thread 1 ] DEBUG SystemBundleService  - Bundle FXGL: {}
10:29:00.900 [FXGL Background Thread 1 ] DEBUG UpdaterService       - Checking for updates
10:29:00.905 [FXGL Background Thread 4 ] DEBUG FXGLApplication      - Loading fonts
10:29:00.905 [FXGL Background Thread 4 ] DEBUG FXGLAssetLoaderServi - Loading from file system: file:/C:/Users/Admin/Desktop/Bomberman/target/classes/assets/ui/fonts/game_font.ttf
10:29:00.905 [FXGL Background Thread 1 ] DEBUG FXGLApplication      - Loading default localization
10:29:00.906 [FXGL Background Thread 1 ] DEBUG FXGLAssetLoaderServi - Loading from file system: jar:file:/C:/Users/Admin/.m2/repository/com/github/almasb/fxgl/11.17/fxgl-11.17.jar!/fxglassets/languages/english.lang
10:29:00.921 [FXGL Background Thread 1 ] INFO  FXGLApplication      - FXGL initialization took: 0.429 sec
10:29:00.935 [JavaFX Application Thread] DEBUG Input                - Registered new binding: Move Left - A
10:29:00.936 [JavaFX Application Thread] DEBUG Input                - Registered new binding: Move Right - D
10:29:00.936 [JavaFX Application Thread] DEBUG Input                - Registered new binding: Move Up - W
10:29:00.936 [JavaFX Application Thread] DEBUG Input                - Registered new binding: Move Down - S
10:29:00.936 [JavaFX Application Thread] DEBUG Input                - Registered new binding: Place Bomb - Space
10:29:00.936 [JavaFX Application Thread] DEBUG Input                - Registered new binding: Switch to classic bomb - 1
10:29:00.936 [JavaFX Application Thread] DEBUG Input                - Registered new binding: Switch to lazer bomb - 2
10:29:00.936 [JavaFX Application Thread] DEBUG Input                - Registered new binding: Switch to light bomb - 3
10:29:00.938 [JavaFX Application Thread] DEBUG FXGLAssetLoaderServi - Loading from file system: file:/C:/Users/Admin/Desktop/Bomberman/target/classes/assets/music/stage_theme.mp3
10:29:01.169 [JavaFX Application Thread] DEBUG AudioPlayer          - Playing music com.almasb.fxgl.audio.Music@1bfe7341
10:29:01.171 [JavaFX Application Thread] DEBUG FXGLAssetLoaderServi - Loading from file system: jar:file:/C:/Users/Admin/.m2/repository/com/github/almasb/fxgl/11.17/fxgl-11.17.jar!/fxglassets/textures/fxgl_icon.png
10:29:01.213 [JavaFX Application Thread] DEBUG FXGLAssetLoaderServi - Loading from file system: jar:file:/C:/Users/Admin/.m2/repository/com/github/almasb/fxgl/11.17/fxgl-11.17.jar!/fxglassets/textures/fxgl_default_cursor.png
10:29:01.218 [JavaFX Application Thread] DEBUG Input                - Registered new binding: Screenshot - CTRL+8
10:29:01.219 [JavaFX Application Thread] DEBUG Input                - Registered new binding: System info dump - CTRL+9
10:29:01.220 [JavaFX Application Thread] DEBUG Input                - Registered new binding: Restart - CTRL+R
10:29:01.221 [JavaFX Application Thread] DEBUG Input                - Registered new binding: Toggle Debug Camera - CTRL+C
10:29:01.224 [JavaFX Application Thread] DEBUG LoopRunner           - Starting loop
10:29:01.225 [JavaFX Application Thread] DEBUG LoopRunner           - Initializing JavaFX AnimationTimerLoop
10:29:01.229 [JavaFX Application Thread] DEBUG Input                - Clearing active input actions
10:29:01.245 [JavaFX Application Thread] DEBUG GameApplicationServi - Removing overlay from FXGLStartupScene and adding to FXGLMainMenuDummyScene
10:29:01.245 [JavaFX Application Thread] DEBUG PrimaryStageWindow   - FXGLStartupScene -> FXGLMainMenuDummyScene
10:29:01.245 [JavaFX Application Thread] DEBUG PrimaryStageWindow   - Push state: MainMenu
10:29:01.246 [JavaFX Application Thread] DEBUG Input                - Clearing active input actions
10:29:01.255 [JavaFX Application Thread] DEBUG GameApplicationServi - Removing overlay from FXGLMainMenuDummyScene and adding to MainMenu
10:29:01.256 [JavaFX Application Thread] DEBUG PrimaryStageWindow   - FXGLMainMenuDummyScene -> MainMenu
10:29:01.593 [FXGL Background Thread 4 ] DEBUG FXGLAssetLoaderServi - Loading from file system: jar:file:/C:/Users/Admin/.m2/repository/com/github/almasb/fxgl/11.17/fxgl-11.17.jar!/fxglassets/ui/fonts/Abel-Regular.ttf
10:29:01.598 [FXGL Background Thread 4 ] DEBUG FXGLAssetLoaderServi - Loading from file system: jar:file:/C:/Users/Admin/.m2/repository/com/github/almasb/fxgl/11.17/fxgl-11.17.jar!/fxglassets/ui/fonts/lucida_console.ttf
10:29:01.605 [FXGL Background Thread 4 ] DEBUG FXGLAssetLoaderServi - Loading from file system: jar:file:/C:/Users/Admin/.m2/repository/com/github/almasb/fxgl/11.17/fxgl-11.17.jar!/fxglassets/ui/fonts/Courier-Prime.ttf
10:29:01.615 [JavaFX Application Thread] DEBUG FXGLApplication      - Registering font factories with UI factory
10:29:01.974 [FXGL Background Thread 2 ] INFO  UpdaterService       - Your current version:  11.17
10:29:01.974 [FXGL Background Thread 2 ] INFO  UpdaterService       - Latest stable version: 17.2
10:29:02.186 [JavaFX Application Thread] DEBUG Menu                 - fireNewGame()
10:29:02.186 [JavaFX Application Thread] DEBUG GameApplicationServi - Starting new game
10:29:02.186 [JavaFX Application Thread] DEBUG PrimaryStageWindow   - Pop state: MainMenu
10:29:02.186 [JavaFX Application Thread] DEBUG Input                - Clearing active input actions
10:29:02.187 [JavaFX Application Thread] DEBUG GameApplicationServi - Removing overlay from MainMenu and adding to FXGLMainMenuDummyScene
10:29:02.187 [JavaFX Application Thread] DEBUG PrimaryStageWindow   - FXGLMainMenuDummyScene <- MainMenu
10:29:02.187 [JavaFX Application Thread] DEBUG Input                - Clearing active input actions
10:29:02.193 [JavaFX Application Thread] DEBUG GameApplicationServi - Removing overlay from FXGLMainMenuDummyScene and adding to FXGLLoadingScene
10:29:02.194 [JavaFX Application Thread] DEBUG PrimaryStageWindow   - FXGLMainMenuDummyScene -> FXGLLoadingScene
10:29:02.194 [JavaFX Application Thread] DEBUG GameApplicationServi - Clearing previous game
10:29:02.194 [JavaFX Application Thread] DEBUG GameScene            - Clearing game scene
10:29:02.194 [JavaFX Application Thread] DEBUG GameWorld            - Clearing game world
10:29:02.194 [JavaFX Application Thread] DEBUG PhysicsWorld         - Clearing physics world
10:29:02.195 [FXGL Background Thread 2 ] DEBUG FXGLApplication      - Initializing game
10:29:02.212 [FXGL Background Thread 2 ] DEBUG FXGLAssetLoaderServi - Loading from file system: file:/C:/Users/Admin/Desktop/Bomberman/target/classes/assets/textures/wall.png
10:29:02.282 [FXGL Background Thread 2 ] DEBUG FXGLAssetLoaderServi - Loading from file system: file:/C:/Users/Admin/Desktop/Bomberman/target/classes/assets/textures/player_die.png
10:29:02.285 [FXGL Background Thread 2 ] DEBUG FXGLAssetLoaderServi - Loading from file system: file:/C:/Users/Admin/Desktop/Bomberman/target/classes/assets/textures/player_down.png
10:29:02.286 [FXGL Background Thread 2 ] DEBUG FXGLAssetLoaderServi - Loading from file system: file:/C:/Users/Admin/Desktop/Bomberman/target/classes/assets/textures/player_right.png
10:29:02.288 [FXGL Background Thread 2 ] DEBUG FXGLAssetLoaderServi - Loading from file system: file:/C:/Users/Admin/Desktop/Bomberman/target/classes/assets/textures/player_up.png
10:29:02.289 [FXGL Background Thread 2 ] DEBUG FXGLAssetLoaderServi - Loading from file system: file:/C:/Users/Admin/Desktop/Bomberman/target/classes/assets/textures/player_left.png
10:29:02.299 [FXGL Background Thread 2 ] DEBUG FXGLAssetLoaderServi - Loading from file system: file:/C:/Users/Admin/Desktop/Bomberman/target/classes/assets/textures/powerup_bombs.png
10:29:02.301 [FXGL Background Thread 2 ] DEBUG FXGLAssetLoaderServi - Loading from file system: file:/C:/Users/Admin/Desktop/Bomberman/target/classes/assets/textures/brick.png
10:29:02.302 [FXGL Background Thread 2 ] DEBUG FXGLAssetLoaderServi - Loading from file system: file:/C:/Users/Admin/Desktop/Bomberman/target/classes/assets/textures/brick_break.png
10:29:02.309 [FXGL Background Thread 2 ] DEBUG FXGLAssetLoaderServi - Loading from file system: file:/C:/Users/Admin/Desktop/Bomberman/target/classes/assets/textures/enemy1.png
10:29:02.320 [FXGL Background Thread 2 ] DEBUG FXGLAssetLoaderServi - Loading from file system: file:/C:/Users/Admin/Desktop/Bomberman/target/classes/assets/textures/enemy2.png
10:29:02.350 [FXGL Background Thread 2 ] DEBUG FXGLAssetLoaderServi - Loading from file system: file:/C:/Users/Admin/Desktop/Bomberman/target/classes/assets/textures/portal.png
10:29:02.392 [FXGL Background Thread 2 ] DEBUG FXGLAssetLoaderServi - Loading from file system: file:/C:/Users/Admin/Desktop/Bomberman/target/classes/assets/textures/powerup_flames.png
10:29:02.441 [FXGL Background Thread 2 ] DEBUG FXGLAssetLoaderServi - Loading from file system: file:/C:/Users/Admin/Desktop/Bomberman/target/classes/assets/textures/powerup_speed.png
10:29:02.474 [FXGL Background Thread 2 ] INFO  FXGLApplication      - Game initialization took: 0.279 sec
10:29:02.475 [JavaFX Application Thread] DEBUG Input                - Clearing active input actions
10:29:02.493 [JavaFX Application Thread] DEBUG GameApplicationServi - Removing overlay from FXGLLoadingScene and adding to GameScene
10:29:02.493 [JavaFX Application Thread] DEBUG PrimaryStageWindow   - FXGLLoadingScene -> GameScene
10:29:02.499 [JavaFX Application Thread] DEBUG FXGLAssetLoaderServi - Loading from file system: file:/C:/Users/Admin/Desktop/Bomberman/target/classes/assets/sounds/stage_start.wav
10:29:02.515 [JavaFX Application Thread] DEBUG PrimaryStageWindow   - Push state: StageStartScene
10:29:02.515 [JavaFX Application Thread] DEBUG Input                - Clearing active input actions
10:29:02.516 [JavaFX Application Thread] DEBUG GameApplicationServi - Removing overlay from GameScene and adding to StageStartScene
10:29:02.516 [JavaFX Application Thread] DEBUG PrimaryStageWindow   - GameScene -> StageStartScene
10:29:03.904 [FXGL Background Thread 3 ] DEBUG Engine               - Logging environment variables
10:29:03.904 [FXGL Background Thread 3 ] DEBUG Engine               - achievements: []
10:29:03.904 [FXGL Background Thread 3 ] DEBUG Engine               - actualHeight: 720.0
10:29:03.904 [FXGL Background Thread 3 ] DEBUG Engine               - actualHeightProperty: ReadOnlyDoubleProperty [value: 720.0]
10:29:03.904 [FXGL Background Thread 3 ] DEBUG Engine               - actualWidth: 1280.0
10:29:03.904 [FXGL Background Thread 3 ] DEBUG Engine               - actualWidthProperty: ReadOnlyDoubleProperty [value: 1280.0]
10:29:03.904 [FXGL Background Thread 3 ] DEBUG Engine               - appIcon: fxgl_icon.png
10:29:03.904 [FXGL Background Thread 3 ] DEBUG Engine               - applicationMode: DEVELOPER
10:29:03.904 [FXGL Background Thread 3 ] DEBUG Engine               - cSSList: [fxgl_dark.css]
10:29:03.904 [FXGL Background Thread 3 ] DEBUG Engine               - collisionDetectionStrategy: BRUTE_FORCE
10:29:03.904 [FXGL Background Thread 3 ] DEBUG Engine               - configClass: Optional.empty
10:29:03.904 [FXGL Background Thread 3 ] DEBUG Engine               - credits: []
10:29:03.904 [FXGL Background Thread 3 ] DEBUG Engine               - defaultCursor: CursorInfo(imageName=fxgl_default_cursor.png, hotspotX=7.0, hotspotY=6.0)
10:29:03.905 [FXGL Background Thread 3 ] DEBUG Engine               - devBBoxColorProperty: ObjectProperty [value: 0xff0000ff]
10:29:03.905 [FXGL Background Thread 3 ] DEBUG Engine               - devEnableDebugCameraProperty: BooleanProperty [value: false]
10:29:03.905 [FXGL Background Thread 3 ] DEBUG Engine               - devSensorColorProperty: ObjectProperty [value: 0xffff00ff]
10:29:03.905 [FXGL Background Thread 3 ] DEBUG Engine               - devShowBBoxProperty: BooleanProperty [value: false]
10:29:03.905 [FXGL Background Thread 3 ] DEBUG Engine               - devShowPositionProperty: BooleanProperty [value: false]
10:29:03.905 [FXGL Background Thread 3 ] DEBUG Engine               - enabledMenuItems: []
10:29:03.905 [FXGL Background Thread 3 ] DEBUG Engine               - engineServices: [class com.almasb.fxgl.app.services.FXGLAssetLoaderService, class com.almasb.fxgl.app.FXGLApplication$GameApplicationService, class com.almasb.fxgl.app.services.FXGLDialogService, class com.almasb.fxgl.app.services.IOTaskExecutorService, class com.almasb.fxgl.io.FileSystemService, class com.almasb.fxgl.localization.LocalizationService, class com.almasb.fxgl.app.services.SystemBundleService, class com.almasb.fxgl.profile.SaveLoadService, class com.almasb.fxgl.ui.FXGLUIFactoryServiceProvider, class com.almasb.fxgl.ui.FXGLDialogFactoryServiceProvider, class com.almasb.fxgl.audio.AudioPlayer, class com.almasb.fxgl.notification.impl.NotificationServiceProvider, class com.almasb.fxgl.achievement.AchievementService, class com.almasb.fxgl.cutscene.CutsceneService, class com.almasb.fxgl.minigames.MiniGameService, class com.almasb.fxgl.net.NetService, class com.almasb.fxgl.app.services.UpdaterService, class com.almasb.fxgl.dev.DevService]
10:29:03.905 [FXGL Background Thread 3 ] DEBUG Engine               - fontGame: Abel-Regular.ttf
10:29:03.905 [FXGL Background Thread 3 ] DEBUG Engine               - fontMono: lucida_console.ttf
10:29:03.905 [FXGL Background Thread 3 ] DEBUG Engine               - fontText: Courier-Prime.ttf
10:29:03.905 [FXGL Background Thread 3 ] DEBUG Engine               - fontUI: game_font.ttf
10:29:03.905 [FXGL Background Thread 3 ] DEBUG Engine               - fullScreen: BooleanProperty [value: false]
10:29:03.905 [FXGL Background Thread 3 ] DEBUG Engine               - gameDifficulty: MEDIUM
10:29:03.905 [FXGL Background Thread 3 ] DEBUG Engine               - gameDifficultyProperty: ObjectProperty [value: MEDIUM]
10:29:03.905 [FXGL Background Thread 3 ] DEBUG Engine               - globalMusicVolume: 0.5
10:29:03.905 [FXGL Background Thread 3 ] DEBUG Engine               - globalMusicVolumeProperty: DoubleProperty [value: 0.0]
10:29:03.905 [FXGL Background Thread 3 ] DEBUG Engine               - globalSoundVolume: 0.5
10:29:03.905 [FXGL Background Thread 3 ] DEBUG Engine               - globalSoundVolumeProperty: DoubleProperty [value: 0.5]
10:29:03.905 [FXGL Background Thread 3 ] DEBUG Engine               - height: 720
10:29:03.905 [FXGL Background Thread 3 ] DEBUG Engine               - is3D: false
10:29:03.905 [FXGL Background Thread 3 ] DEBUG Engine               - isAndroid: false
10:29:03.905 [FXGL Background Thread 3 ] DEBUG Engine               - isBrowser: false
10:29:03.906 [FXGL Background Thread 3 ] DEBUG Engine               - isClickFeedbackEnabled: false
10:29:03.906 [FXGL Background Thread 3 ] DEBUG Engine               - isCloseConfirmation: false
10:29:03.906 [FXGL Background Thread 3 ] DEBUG Engine               - isDesktop: true
10:29:03.906 [FXGL Background Thread 3 ] DEBUG Engine               - isDeveloperMenuEnabled: false
10:29:03.906 [FXGL Background Thread 3 ] DEBUG Engine               - isEntityPreloadEnabled: true
10:29:03.906 [FXGL Background Thread 3 ] DEBUG Engine               - isExperimentalTiledLargeMap: false
10:29:03.906 [FXGL Background Thread 3 ] DEBUG Engine               - isFileSystemWriteAllowed: true
10:29:03.906 [FXGL Background Thread 3 ] DEBUG Engine               - isFullScreenAllowed: true
10:29:03.906 [FXGL Background Thread 3 ] DEBUG Engine               - isFullScreenFromStart: false
10:29:03.906 [FXGL Background Thread 3 ] DEBUG Engine               - isGameMenuEnabled: true
10:29:03.906 [FXGL Background Thread 3 ] DEBUG Engine               - isIOS: false
10:29:03.906 [FXGL Background Thread 3 ] DEBUG Engine               - isIntroEnabled: false
10:29:03.906 [FXGL Background Thread 3 ] DEBUG Engine               - isLinux: false
10:29:03.906 [FXGL Background Thread 3 ] DEBUG Engine               - isMac: false
10:29:03.906 [FXGL Background Thread 3 ] DEBUG Engine               - isMainMenuEnabled: true
10:29:03.906 [FXGL Background Thread 3 ] DEBUG Engine               - isManualResizeEnabled: false
10:29:03.906 [FXGL Background Thread 3 ] DEBUG Engine               - isMobile: false
10:29:03.906 [FXGL Background Thread 3 ] DEBUG Engine               - isNative: false
10:29:03.906 [FXGL Background Thread 3 ] DEBUG Engine               - isPauseMusicWhenMinimized: true
10:29:03.906 [FXGL Background Thread 3 ] DEBUG Engine               - isPreserveResizeRatio: false
10:29:03.906 [FXGL Background Thread 3 ] DEBUG Engine               - isProfilingEnabled: false
10:29:03.906 [FXGL Background Thread 3 ] DEBUG Engine               - isScaleAffectedOnResize: true
10:29:03.906 [FXGL Background Thread 3 ] DEBUG Engine               - isSingleStep: false
10:29:03.906 [FXGL Background Thread 3 ] DEBUG Engine               - isUserProfileEnabled: false
10:29:03.906 [FXGL Background Thread 3 ] DEBUG Engine               - isWindows: true
10:29:03.906 [FXGL Background Thread 3 ] DEBUG Engine               - language: ObjectProperty [value: ENGLISH]
10:29:03.906 [FXGL Background Thread 3 ] DEBUG Engine               - menuKey: ESCAPE
10:29:03.906 [FXGL Background Thread 3 ] DEBUG Engine               - mouseSensitivity: 0.2
10:29:03.906 [FXGL Background Thread 3 ] DEBUG Engine               - notificationViewClass: class com.almasb.fxgl.notification.view.XboxNotificationView
10:29:03.906 [FXGL Background Thread 3 ] DEBUG Engine               - pixelsPerMeter: 50.0
10:29:03.906 [FXGL Background Thread 3 ] DEBUG Engine               - platform: WINDOWS
10:29:03.906 [FXGL Background Thread 3 ] DEBUG Engine               - prefHeightProperty: ReadOnlyDoubleProperty [value: 720.0]
10:29:03.906 [FXGL Background Thread 3 ] DEBUG Engine               - prefWidthProperty: ReadOnlyDoubleProperty [value: 1280.0]
10:29:03.906 [FXGL Background Thread 3 ] DEBUG Engine               - profileDir: profiles/
10:29:03.906 [FXGL Background Thread 3 ] DEBUG Engine               - profileName: StringProperty [value: DEFAULT]
10:29:03.906 [FXGL Background Thread 3 ] DEBUG Engine               - randomSeed: -1
10:29:03.906 [FXGL Background Thread 3 ] DEBUG Engine               - runtimeInfo: RuntimeInfo(platform=WINDOWS, version=11.17, build=16.07.2021 15.46)
10:29:03.906 [FXGL Background Thread 3 ] DEBUG Engine               - saveFileExt: sav
10:29:03.906 [FXGL Background Thread 3 ] DEBUG Engine               - scaledHeightProp$fxgl: DoubleProperty [bound, value: 720.0]
10:29:03.907 [FXGL Background Thread 3 ] DEBUG Engine               - scaledWidthProp$fxgl: DoubleProperty [bound, value: 1280.0]
10:29:03.907 [FXGL Background Thread 3 ] DEBUG Engine               - sceneFactory: Bomberman.BombermanGame$1@36982906
10:29:03.907 [FXGL Background Thread 3 ] DEBUG Engine               - secondsIn24h: 60
10:29:03.907 [FXGL Background Thread 3 ] DEBUG Engine               - soundMenuBack: menu/back.wav
10:29:03.907 [FXGL Background Thread 3 ] DEBUG Engine               - soundMenuPress: menu/press.wav
10:29:03.907 [FXGL Background Thread 3 ] DEBUG Engine               - soundMenuSelect: menu/select.wav
10:29:03.907 [FXGL Background Thread 3 ] DEBUG Engine               - soundNotification: core/notification.wav
10:29:03.907 [FXGL Background Thread 3 ] DEBUG Engine               - stageStyle: DECORATED
10:29:03.907 [FXGL Background Thread 3 ] DEBUG Engine               - supportedLanguages: [ENGLISH, FRENCH, GERMAN, HUNGARIAN, RUSSIAN]
10:29:03.907 [FXGL Background Thread 3 ] DEBUG Engine               - ticksPerSecond: -1
10:29:03.907 [FXGL Background Thread 3 ] DEBUG Engine               - title: BOMBER
 MAN
10:29:03.907 [FXGL Background Thread 3 ] DEBUG Engine               - urlGithub: https://github.com/AlmasB/FXGL
10:29:03.907 [FXGL Background Thread 3 ] DEBUG Engine               - urlLeaderboard: http://fxgl-top.herokuapp.com/
10:29:03.907 [FXGL Background Thread 3 ] DEBUG Engine               - urlPOM: https://raw.githubusercontent.com/AlmasB/FXGL/release/README.md
10:29:03.907 [FXGL Background Thread 3 ] DEBUG Engine               - userAppClass: class Bomberman.BombermanGame
10:29:03.907 [FXGL Background Thread 3 ] DEBUG Engine               - version: 1.0
10:29:03.907 [FXGL Background Thread 3 ] DEBUG Engine               - versionCheckDays: 7
10:29:03.907 [FXGL Background Thread 3 ] DEBUG Engine               - width: 1280
10:29:03.907 [FXGL Background Thread 3 ] DEBUG Engine               - Logging services
10:29:03.907 [FXGL Background Thread 3 ] DEBUG Engine               - class com.almasb.fxgl.app.services.FXGLAssetLoaderService
10:29:03.907 [FXGL Background Thread 3 ] DEBUG Engine               - class com.almasb.fxgl.app.FXGLApplication$GameApplicationService
10:29:03.907 [FXGL Background Thread 3 ] DEBUG Engine               - class com.almasb.fxgl.app.services.FXGLDialogService
10:29:03.907 [FXGL Background Thread 3 ] DEBUG Engine               - class com.almasb.fxgl.app.services.IOTaskExecutorService
10:29:03.907 [FXGL Background Thread 3 ] DEBUG Engine               - class com.almasb.fxgl.io.FileSystemService
10:29:03.907 [FXGL Background Thread 3 ] DEBUG Engine               - class com.almasb.fxgl.localization.LocalizationService
10:29:03.907 [FXGL Background Thread 3 ] DEBUG Engine               - class com.almasb.fxgl.app.services.SystemBundleService
10:29:03.907 [FXGL Background Thread 3 ] DEBUG Engine               - class com.almasb.fxgl.profile.SaveLoadService
10:29:03.907 [FXGL Background Thread 3 ] DEBUG Engine               - class com.almasb.fxgl.ui.FXGLUIFactoryServiceProvider
10:29:03.907 [FXGL Background Thread 3 ] DEBUG Engine               - class com.almasb.fxgl.ui.FXGLDialogFactoryServiceProvider
10:29:03.907 [FXGL Background Thread 3 ] DEBUG Engine               - class com.almasb.fxgl.audio.AudioPlayer
10:29:03.907 [FXGL Background Thread 3 ] DEBUG Engine               - class com.almasb.fxgl.notification.impl.NotificationServiceProvider
10:29:03.907 [FXGL Background Thread 3 ] DEBUG Engine               - class com.almasb.fxgl.achievement.AchievementService
10:29:03.907 [FXGL Background Thread 3 ] DEBUG Engine               - class com.almasb.fxgl.cutscene.CutsceneService
10:29:03.907 [FXGL Background Thread 3 ] DEBUG Engine               - class com.almasb.fxgl.minigames.MiniGameService
10:29:03.907 [FXGL Background Thread 3 ] DEBUG Engine               - class com.almasb.fxgl.net.NetService
10:29:03.907 [FXGL Background Thread 3 ] DEBUG Engine               - class com.almasb.fxgl.app.services.UpdaterService
10:29:03.907 [FXGL Background Thread 3 ] DEBUG Engine               - class com.almasb.fxgl.dev.DevService
10:29:06.420 [JavaFX Application Thread] DEBUG PrimaryStageWindow   - Pop state: StageStartScene
10:29:06.420 [JavaFX Application Thread] DEBUG Input                - Clearing active input actions
10:29:06.421 [JavaFX Application Thread] DEBUG GameApplicationServi - Removing overlay from StageStartScene and adding to GameScene
10:29:06.421 [JavaFX Application Thread] DEBUG PrimaryStageWindow   - GameScene <- StageStartScene
10:29:13.541 [JavaFX Application Thread] DEBUG FXGLAssetLoaderServi - Loading from file system: file:/C:/Users/Admin/Desktop/Bomberman/target/classes/assets/sounds/place_bomb.wav
10:29:13.546 [JavaFX Application Thread] DEBUG FXGLAssetLoaderServi - Loading from file system: file:/C:/Users/Admin/Desktop/Bomberman/target/classes/assets/textures/bomb.png
10:29:15.541 [JavaFX Application Thread] DEBUG FXGLAssetLoaderServi - Loading from file system: file:/C:/Users/Admin/Desktop/Bomberman/target/classes/assets/sounds/explosion.wav
10:29:15.546 [JavaFX Application Thread] DEBUG FXGLAssetLoaderServi - Loading from file system: file:/C:/Users/Admin/Desktop/Bomberman/target/classes/assets/textures/central_flame.png
10:29:15.547 [JavaFX Application Thread] DEBUG FXGLAssetLoaderServi - Loading from file system: file:/C:/Users/Admin/Desktop/Bomberman/target/classes/assets/textures/top_up_flame.png
10:29:15.548 [JavaFX Application Thread] DEBUG FXGLAssetLoaderServi - Loading from file system: file:/C:/Users/Admin/Desktop/Bomberman/target/classes/assets/textures/top_down_flame.png
10:29:15.550 [JavaFX Application Thread] DEBUG FXGLAssetLoaderServi - Loading from file system: file:/C:/Users/Admin/Desktop/Bomberman/target/classes/assets/textures/top_right_flame.png
10:29:15.551 [JavaFX Application Thread] DEBUG FXGLAssetLoaderServi - Loading from file system: file:/C:/Users/Admin/Desktop/Bomberman/target/classes/assets/textures/top_left_flame.png
10:29:21.940 [JavaFX Application Thread] DEBUG PrimaryStageWindow   - Push state: GameMenu
10:29:21.940 [JavaFX Application Thread] DEBUG Input                - Clearing active input actions
10:29:21.941 [JavaFX Application Thread] DEBUG GameApplicationServi - Removing overlay from GameScene and adding to GameMenu
10:29:21.941 [JavaFX Application Thread] DEBUG PrimaryStageWindow   - GameScene -> GameMenu
10:29:23.121 [JavaFX Application Thread] DEBUG Menu                 - fireExit()
10:29:23.126 [JavaFX Application Thread] DEBUG PrimaryStageWindow   - Push state: DialogSubScene
10:29:23.126 [JavaFX Application Thread] DEBUG Input                - Clearing active input actions
10:29:23.126 [JavaFX Application Thread] DEBUG GameApplicationServi - Removing overlay from GameMenu and adding to DialogSubScene
10:29:23.126 [JavaFX Application Thread] DEBUG PrimaryStageWindow   - GameMenu -> DialogSubScene
10:29:24.186 [JavaFX Application Thread] DEBUG PrimaryStageWindow   - Pop state: DialogSubScene
10:29:24.186 [JavaFX Application Thread] DEBUG Input                - Clearing active input actions
10:29:24.186 [JavaFX Application Thread] DEBUG GameApplicationServi - Removing overlay from DialogSubScene and adding to GameMenu
10:29:24.187 [JavaFX Application Thread] DEBUG PrimaryStageWindow   - GameMenu <- DialogSubScene
10:29:24.937 [JavaFX Application Thread] DEBUG Menu                 - fireExitToMainMenu()
10:29:24.938 [JavaFX Application Thread] DEBUG PrimaryStageWindow   - Push state: DialogSubScene
10:29:24.938 [JavaFX Application Thread] DEBUG Input                - Clearing active input actions
10:29:24.938 [JavaFX Application Thread] DEBUG GameApplicationServi - Removing overlay from GameMenu and adding to DialogSubScene
10:29:24.939 [JavaFX Application Thread] DEBUG PrimaryStageWindow   - GameMenu -> DialogSubScene
10:29:25.713 [JavaFX Application Thread] DEBUG PrimaryStageWindow   - Pop state: DialogSubScene
10:29:25.713 [JavaFX Application Thread] DEBUG Input                - Clearing active input actions
10:29:25.713 [JavaFX Application Thread] DEBUG GameApplicationServi - Removing overlay from DialogSubScene and adding to GameMenu
10:29:25.714 [JavaFX Application Thread] DEBUG PrimaryStageWindow   - GameMenu <- DialogSubScene
10:29:25.714 [JavaFX Application Thread] DEBUG PrimaryStageWindow   - Pop state: GameMenu
10:29:25.714 [JavaFX Application Thread] DEBUG Input                - Clearing active input actions
10:29:25.714 [JavaFX Application Thread] DEBUG GameApplicationServi - Removing overlay from GameMenu and adding to GameScene
10:29:25.714 [JavaFX Application Thread] DEBUG PrimaryStageWindow   - GameScene <- GameMenu
10:29:25.714 [JavaFX Application Thread] DEBUG Input                - Clearing active input actions
10:29:25.718 [JavaFX Application Thread] DEBUG GameApplicationServi - Removing overlay from GameScene and adding to FXGLMainMenuDummyScene
10:29:25.719 [JavaFX Application Thread] DEBUG PrimaryStageWindow   - GameScene -> FXGLMainMenuDummyScene
10:29:25.719 [JavaFX Application Thread] DEBUG PrimaryStageWindow   - Push state: MainMenu
10:29:25.719 [JavaFX Application Thread] DEBUG Input                - Clearing active input actions
10:29:25.719 [JavaFX Application Thread] DEBUG GameApplicationServi - Removing overlay from FXGLMainMenuDummyScene and adding to MainMenu
10:29:25.719 [JavaFX Application Thread] DEBUG PrimaryStageWindow   - FXGLMainMenuDummyScene -> MainMenu
10:29:27.319 [JavaFX Application Thread] DEBUG Menu                 - fireNewGame()
10:29:27.319 [JavaFX Application Thread] DEBUG GameApplicationServi - Starting new game
10:29:27.319 [JavaFX Application Thread] DEBUG PrimaryStageWindow   - Pop state: MainMenu
10:29:27.319 [JavaFX Application Thread] DEBUG Input                - Clearing active input actions
10:29:27.320 [JavaFX Application Thread] DEBUG GameApplicationServi - Removing overlay from MainMenu and adding to FXGLMainMenuDummyScene
10:29:27.320 [JavaFX Application Thread] DEBUG PrimaryStageWindow   - FXGLMainMenuDummyScene <- MainMenu
10:29:27.320 [JavaFX Application Thread] DEBUG Input                - Clearing active input actions
10:29:27.327 [JavaFX Application Thread] DEBUG GameApplicationServi - Removing overlay from FXGLMainMenuDummyScene and adding to FXGLLoadingScene
10:29:27.327 [JavaFX Application Thread] DEBUG PrimaryStageWindow   - FXGLMainMenuDummyScene -> FXGLLoadingScene
10:29:27.327 [JavaFX Application Thread] DEBUG GameApplicationServi - Clearing previous game
10:29:27.327 [JavaFX Application Thread] DEBUG GameScene            - Clearing game scene
10:29:27.327 [JavaFX Application Thread] DEBUG GameWorld            - Clearing game world
10:29:27.337 [JavaFX Application Thread] DEBUG PhysicsWorld         - Clearing physics world
10:29:27.338 [FXGL Background Thread 2 ] DEBUG FXGLApplication      - Initializing game
10:29:28.052 [FXGL Background Thread 2 ] INFO  FXGLApplication      - Game initialization took: 0.714 sec
10:29:28.061 [JavaFX Application Thread] DEBUG Input                - Clearing active input actions
10:29:28.067 [JavaFX Application Thread] DEBUG GameApplicationServi - Removing overlay from FXGLLoadingScene and adding to GameScene
10:29:28.067 [JavaFX Application Thread] DEBUG PrimaryStageWindow   - FXGLLoadingScene -> GameScene
10:29:29.346 [JavaFX Application Thread] DEBUG PrimaryStageWindow   - Push state: GameMenu
10:29:29.346 [JavaFX Application Thread] DEBUG Input                - Clearing active input actions
10:29:29.347 [JavaFX Application Thread] DEBUG GameApplicationServi - Removing overlay from GameScene and adding to GameMenu
10:29:29.347 [JavaFX Application Thread] DEBUG PrimaryStageWindow   - GameScene -> GameMenu
10:29:30.033 [JavaFX Application Thread] DEBUG Menu                 - fireExit()
10:29:30.034 [JavaFX Application Thread] DEBUG PrimaryStageWindow   - Push state: DialogSubScene
10:29:30.034 [JavaFX Application Thread] DEBUG Input                - Clearing active input actions
10:29:30.035 [JavaFX Application Thread] DEBUG GameApplicationServi - Removing overlay from GameMenu and adding to DialogSubScene
10:29:30.035 [JavaFX Application Thread] DEBUG PrimaryStageWindow   - GameMenu -> DialogSubScene
10:29:30.714 [JavaFX Application Thread] DEBUG PrimaryStageWindow   - Pop state: DialogSubScene
10:29:30.714 [JavaFX Application Thread] DEBUG Input                - Clearing active input actions
10:29:30.714 [JavaFX Application Thread] DEBUG GameApplicationServi - Removing overlay from DialogSubScene and adding to GameMenu
10:29:30.714 [JavaFX Application Thread] DEBUG PrimaryStageWindow   - GameMenu <- DialogSubScene
10:29:30.715 [JavaFX Application Thread] DEBUG FXGLApplication      - Exiting FXGL
10:29:30.715 [JavaFX Application Thread] DEBUG LoopRunner           - Stopping loop
10:29:30.715 [JavaFX Application Thread] DEBUG SystemBundleService  - Saving FXGL system data
10:29:30.716 [JavaFX Application Thread] DEBUG FileSystemAccess     - Writing to: C:\Users\Admin\Desktop\Bomberman\system\fxgl.bundle
10:29:30.718 [JavaFX Application Thread] DEBUG Async                - Shutting down background threads
10:29:30.718 [JavaFX Application Thread] DEBUG PrimaryStageWindow   - Closing main window
10:29:30.732 [JavaFX Application Thread] DEBUG Logger               - Closing Logger
