11:51:27.802 [main                     ] DEBUG Logger               - Configured Logger
11:51:27.806 [main                     ] DEBUG GameApplication      - Logging settings
Title: BOMBERMAN
Version: 1.0
Width: 1488
Height: 624
Fullscreen: true
Intro: false
Profiling: false
Single step:false
App Mode: DEVELOPER
Menu Key: ESCAPE
Stage Style: DECORATED
Scene Factory: class com.almasb.fxgl.app.scene.SceneFactory

11:51:28.246 [JavaFX Application Thread] DEBUG FXGLApplication      - Initializing FXGL
11:51:28.249 [JavaFX Application Thread] INFO  Engine               - FXGL-11.17 (16.07.2021 15.46) on WINDOWS (J:11.0.16.1 FX:16)
11:51:28.249 [JavaFX Application Thread] DEBUG Engine               - JRE Vendor Name: Oracle Corporation
11:51:28.250 [JavaFX Application Thread] DEBUG Engine               - Running on OS: Windows 11 version 10.0
11:51:28.250 [JavaFX Application Thread] DEBUG Engine               - Architecture: amd64
11:51:28.250 [JavaFX Application Thread] INFO  Engine               - Source code and latest versions at: https://github.com/AlmasB/FXGL
11:51:28.250 [JavaFX Application Thread] INFO  Engine               -              Join the FXGL chat at: https://gitter.im/AlmasB/FXGL
11:51:28.380 [JavaFX Application Thread] DEBUG PrimaryStageWindow   - Creating a JavaFX scene
11:51:28.380 [JavaFX Application Thread] DEBUG PrimaryStageWindow   - Target size > screen size
11:51:28.442 [JavaFX Application Thread] DEBUG PrimaryStageWindow   - Target settings size: 1488.0 x 624.0
11:51:28.443 [JavaFX Application Thread] DEBUG PrimaryStageWindow   - Scaled scene size:    1415.0 x 603.0
11:51:28.443 [JavaFX Application Thread] DEBUG PrimaryStageWindow   - Scaled ratio: (0.9509408602150538, 0.9663461538461539)
11:51:28.444 [JavaFX Application Thread] DEBUG PrimaryStageWindow   - Set initial scene to FXGLStartupScene
11:51:28.457 [JavaFX Application Thread] DEBUG PrimaryStageWindow   - Opening main window
11:51:28.561 [JavaFX Application Thread] DEBUG PrimaryStageWindow   - Window border size: (13.0, 35.5)
11:51:28.562 [JavaFX Application Thread] DEBUG PrimaryStageWindow   - Scaled size: 1415.0 x 603.0
11:51:28.562 [JavaFX Application Thread] DEBUG PrimaryStageWindow   - Scaled ratio: (0.9509408602150538, 0.9663461538461539)
11:51:28.562 [JavaFX Application Thread] DEBUG PrimaryStageWindow   - Scene size: 1415.0 x 603.0
11:51:28.563 [JavaFX Application Thread] DEBUG PrimaryStageWindow   - Stage size: 1428.0 x 638.5
11:51:28.573 [FXGL Background Thread 1 ] DEBUG Engine               - Initializing environment variables
11:51:28.666 [FXGL Background Thread 1 ] DEBUG FXGLAssetLoaderServi - User app class for loading assets: class Bomberman.BombermanGame
11:51:28.666 [FXGL Background Thread 1 ] DEBUG GameApplicationServi - Applying CSS: fxgl_dark.css
11:51:28.667 [FXGL Background Thread 1 ] DEBUG FXGLAssetLoaderServi - Loading from file system: jar:file:/C:/Users/Admin/.m2/repository/com/github/almasb/fxgl/11.17/fxgl-11.17.jar!/fxglassets/ui/css/fxgl_dark.css
11:51:28.727 [FXGL Background Thread 1 ] DEBUG GameApplicationServi - Initializing application scenes
11:51:28.774 [FXGL Background Thread 1 ] DEBUG GameWorld            - Game world initialized
11:51:28.845 [FXGL Background Thread 1 ] DEBUG PhysicsWorld         - Physics world initialized: appHeight=624, physics.ppm=50.0
11:51:28.845 [FXGL Background Thread 1 ] DEBUG PhysicsWorld         - Using strategy: BRUTE_FORCE
11:51:28.849 [FXGL Background Thread 1 ] DEBUG GameScene            - Game scene initialized: 1488x624
11:51:28.863 [FXGL Background Thread 1 ] DEBUG FXGL.DefaultMenu     - createMenuBodyGameMenu()
11:51:28.890 [FXGL Background Thread 1 ] DEBUG FXGL.DefaultMenu     - createOptionsMenu()
11:51:28.906 [FXGL Background Thread 1 ] DEBUG FXGLAssetLoaderServi - Loading from file system: jar:file:/C:/Users/Admin/.m2/repository/com/github/almasb/fxgl/11.17/fxgl-11.17.jar!/fxglassets/textures/particles/smoke.png
11:51:29.017 [FXGL Background Thread 1 ] DEBUG FXGLAssetLoaderServi - Loading from file system: jar:file:/C:/Users/Admin/.m2/repository/com/github/almasb/fxgl/11.17/fxgl-11.17.jar!/fxglassets/textures/particles/trace_horizontal.png
11:51:29.049 [FXGL Background Thread 1 ] DEBUG GameApplicationServi - Application scenes initialized
11:51:29.061 [FXGL Background Thread 1 ] DEBUG SystemBundleService  - Loading FXGL system data
11:51:29.065 [FXGL Background Thread 1 ] DEBUG FileSystemAccess     - Reading from: C:\Users\Admin\Desktop\Bomberman\system\fxgl.bundle
11:51:29.071 [FXGL Background Thread 1 ] DEBUG SystemBundleService  - Bundle FXGL: {}
11:51:29.071 [FXGL Background Thread 1 ] DEBUG UpdaterService       - Checking for updates
11:51:29.074 [FXGL Background Thread 4 ] DEBUG FXGLApplication      - Loading fonts
11:51:29.075 [FXGL Background Thread 1 ] DEBUG FXGLApplication      - Loading default localization
11:51:29.075 [FXGL Background Thread 4 ] DEBUG FXGLAssetLoaderServi - Loading from file system: jar:file:/C:/Users/Admin/.m2/repository/com/github/almasb/fxgl/11.17/fxgl-11.17.jar!/fxglassets/ui/fonts/VarelaRound-Regular.ttf
11:51:29.076 [FXGL Background Thread 1 ] DEBUG FXGLAssetLoaderServi - Loading from file system: jar:file:/C:/Users/Admin/.m2/repository/com/github/almasb/fxgl/11.17/fxgl-11.17.jar!/fxglassets/languages/english.lang
11:51:29.090 [FXGL Background Thread 1 ] INFO  FXGLApplication      - FXGL initialization took: 0.517 sec
11:51:29.104 [JavaFX Application Thread] DEBUG Input                - Registered new binding: Move Left - A
11:51:29.105 [JavaFX Application Thread] DEBUG Input                - Registered new binding: Move Right - D
11:51:29.105 [JavaFX Application Thread] DEBUG Input                - Registered new binding: Move Up - W
11:51:29.105 [JavaFX Application Thread] DEBUG Input                - Registered new binding: Move Down - S
11:51:29.105 [JavaFX Application Thread] DEBUG Input                - Registered new binding: Place Bomb - Space
11:51:29.105 [JavaFX Application Thread] DEBUG Input                - Registered new binding: Switch to classic bomb - 1
11:51:29.105 [JavaFX Application Thread] DEBUG Input                - Registered new binding: Switch to lazer bomb - 2
11:51:29.106 [JavaFX Application Thread] DEBUG Input                - Registered new binding: Switch to light bomb - 3
11:51:29.106 [JavaFX Application Thread] DEBUG FXGLAssetLoaderServi - Loading from file system: jar:file:/C:/Users/Admin/.m2/repository/com/github/almasb/fxgl/11.17/fxgl-11.17.jar!/fxglassets/textures/fxgl_icon.png
11:51:29.135 [JavaFX Application Thread] DEBUG FXGLAssetLoaderServi - Loading from file system: jar:file:/C:/Users/Admin/.m2/repository/com/github/almasb/fxgl/11.17/fxgl-11.17.jar!/fxglassets/textures/fxgl_default_cursor.png
11:51:29.140 [JavaFX Application Thread] DEBUG Input                - Registered new binding: Screenshot - CTRL+8
11:51:29.140 [JavaFX Application Thread] DEBUG Input                - Registered new binding: System info dump - CTRL+9
11:51:29.141 [JavaFX Application Thread] DEBUG Input                - Registered new binding: Restart - CTRL+R
11:51:29.142 [JavaFX Application Thread] DEBUG Input                - Registered new binding: Toggle Debug Camera - CTRL+C
11:51:29.147 [JavaFX Application Thread] DEBUG LoopRunner           - Starting loop
11:51:29.147 [JavaFX Application Thread] DEBUG LoopRunner           - Initializing JavaFX AnimationTimerLoop
11:51:29.151 [JavaFX Application Thread] DEBUG GameApplicationServi - Starting new game
11:51:29.152 [JavaFX Application Thread] DEBUG Input                - Clearing active input actions
11:51:29.183 [JavaFX Application Thread] DEBUG GameApplicationServi - Removing overlay from FXGLStartupScene and adding to FXGLLoadingScene
11:51:29.184 [JavaFX Application Thread] DEBUG PrimaryStageWindow   - FXGLStartupScene -> FXGLLoadingScene
11:51:29.184 [JavaFX Application Thread] DEBUG GameApplicationServi - Clearing previous game
11:51:29.184 [JavaFX Application Thread] DEBUG GameScene            - Clearing game scene
11:51:29.184 [JavaFX Application Thread] DEBUG GameWorld            - Clearing game world
11:51:29.185 [JavaFX Application Thread] DEBUG PhysicsWorld         - Clearing physics world
11:51:29.188 [FXGL Background Thread 1 ] DEBUG FXGLApplication      - Initializing game
11:51:29.217 [FXGL Background Thread 1 ] DEBUG FXGLAssetLoaderServi - Loading from file system: file:/C:/Users/Admin/Desktop/Bomberman/target/classes/assets/textures/wall.png
11:51:29.317 [FXGL Background Thread 1 ] DEBUG FXGLAssetLoaderServi - Loading from file system: file:/C:/Users/Admin/Desktop/Bomberman/target/classes/assets/textures/player_die.png
11:51:29.320 [FXGL Background Thread 1 ] DEBUG FXGLAssetLoaderServi - Loading from file system: file:/C:/Users/Admin/Desktop/Bomberman/target/classes/assets/textures/player_down.png
11:51:29.322 [FXGL Background Thread 1 ] DEBUG FXGLAssetLoaderServi - Loading from file system: file:/C:/Users/Admin/Desktop/Bomberman/target/classes/assets/textures/player_right.png
11:51:29.324 [FXGL Background Thread 1 ] DEBUG FXGLAssetLoaderServi - Loading from file system: file:/C:/Users/Admin/Desktop/Bomberman/target/classes/assets/textures/player_up.png
11:51:29.326 [FXGL Background Thread 1 ] DEBUG FXGLAssetLoaderServi - Loading from file system: file:/C:/Users/Admin/Desktop/Bomberman/target/classes/assets/textures/player_left.png
11:51:29.342 [FXGL Background Thread 1 ] DEBUG FXGLAssetLoaderServi - Loading from file system: file:/C:/Users/Admin/Desktop/Bomberman/target/classes/assets/textures/brick.png
11:51:29.343 [FXGL Background Thread 1 ] DEBUG FXGLAssetLoaderServi - Loading from file system: file:/C:/Users/Admin/Desktop/Bomberman/target/classes/assets/textures/brick_break.png
11:51:29.356 [FXGL Background Thread 1 ] DEBUG FXGLAssetLoaderServi - Loading from file system: file:/C:/Users/Admin/Desktop/Bomberman/target/classes/assets/textures/enemy1.png
11:51:29.374 [FXGL Background Thread 1 ] DEBUG FXGLAssetLoaderServi - Loading from file system: file:/C:/Users/Admin/Desktop/Bomberman/target/classes/assets/textures/enemy2.png
11:51:29.426 [FXGL Background Thread 1 ] DEBUG FXGLAssetLoaderServi - Loading from file system: file:/C:/Users/Admin/Desktop/Bomberman/target/classes/assets/textures/portal.png
11:51:29.477 [FXGL Background Thread 1 ] DEBUG FXGLAssetLoaderServi - Loading from file system: file:/C:/Users/Admin/Desktop/Bomberman/target/classes/assets/textures/powerup_flames.png
11:51:29.534 [FXGL Background Thread 1 ] DEBUG FXGLAssetLoaderServi - Loading from file system: file:/C:/Users/Admin/Desktop/Bomberman/target/classes/assets/textures/enemy4.png
11:51:29.559 [FXGL Background Thread 4 ] DEBUG FXGLAssetLoaderServi - Loading from file system: jar:file:/C:/Users/Admin/.m2/repository/com/github/almasb/fxgl/11.17/fxgl-11.17.jar!/fxglassets/ui/fonts/Abel-Regular.ttf
11:51:29.565 [FXGL Background Thread 4 ] DEBUG FXGLAssetLoaderServi - Loading from file system: jar:file:/C:/Users/Admin/.m2/repository/com/github/almasb/fxgl/11.17/fxgl-11.17.jar!/fxglassets/ui/fonts/lucida_console.ttf
11:51:29.570 [FXGL Background Thread 1 ] INFO  FXGLApplication      - Game initialization took: 0.381 sec
11:51:29.571 [JavaFX Application Thread] DEBUG Input                - Clearing active input actions
11:51:29.572 [FXGL Background Thread 4 ] DEBUG FXGLAssetLoaderServi - Loading from file system: jar:file:/C:/Users/Admin/.m2/repository/com/github/almasb/fxgl/11.17/fxgl-11.17.jar!/fxglassets/ui/fonts/Courier-Prime.ttf
11:51:29.586 [FXGL Background Thread 2 ] WARN  UpdaterService       - Failed to find updates: java.net.UnknownHostException: raw.githubusercontent.com
11:51:29.595 [JavaFX Application Thread] DEBUG GameApplicationServi - Removing overlay from FXGLLoadingScene and adding to GameScene
11:51:29.595 [JavaFX Application Thread] DEBUG PrimaryStageWindow   - FXGLLoadingScene -> GameScene
11:51:29.656 [JavaFX Application Thread] DEBUG FXGLApplication      - Registering font factories with UI factory
11:51:32.074 [FXGL Background Thread 3 ] DEBUG Engine               - Logging environment variables
11:51:32.074 [FXGL Background Thread 3 ] DEBUG Engine               - achievements: []
11:51:32.074 [FXGL Background Thread 3 ] DEBUG Engine               - actualHeight: 603.0
11:51:32.074 [FXGL Background Thread 3 ] DEBUG Engine               - actualHeightProperty: ReadOnlyDoubleProperty [value: 603.0]
11:51:32.074 [FXGL Background Thread 3 ] DEBUG Engine               - actualWidth: 1415.0
11:51:32.074 [FXGL Background Thread 3 ] DEBUG Engine               - actualWidthProperty: ReadOnlyDoubleProperty [value: 1415.0]
11:51:32.074 [FXGL Background Thread 3 ] DEBUG Engine               - appIcon: fxgl_icon.png
11:51:32.074 [FXGL Background Thread 3 ] DEBUG Engine               - applicationMode: DEVELOPER
11:51:32.075 [FXGL Background Thread 3 ] DEBUG Engine               - cSSList: [fxgl_dark.css]
11:51:32.075 [FXGL Background Thread 3 ] DEBUG Engine               - collisionDetectionStrategy: BRUTE_FORCE
11:51:32.075 [FXGL Background Thread 3 ] DEBUG Engine               - configClass: Optional.empty
11:51:32.075 [FXGL Background Thread 3 ] DEBUG Engine               - credits: []
11:51:32.075 [FXGL Background Thread 3 ] DEBUG Engine               - defaultCursor: CursorInfo(imageName=fxgl_default_cursor.png, hotspotX=7.0, hotspotY=6.0)
11:51:32.075 [FXGL Background Thread 3 ] DEBUG Engine               - devBBoxColorProperty: ObjectProperty [value: 0xff0000ff]
11:51:32.075 [FXGL Background Thread 3 ] DEBUG Engine               - devEnableDebugCameraProperty: BooleanProperty [value: false]
11:51:32.075 [FXGL Background Thread 3 ] DEBUG Engine               - devSensorColorProperty: ObjectProperty [value: 0xffff00ff]
11:51:32.075 [FXGL Background Thread 3 ] DEBUG Engine               - devShowBBoxProperty: BooleanProperty [value: false]
11:51:32.075 [FXGL Background Thread 3 ] DEBUG Engine               - devShowPositionProperty: BooleanProperty [value: false]
11:51:32.075 [FXGL Background Thread 3 ] DEBUG Engine               - enabledMenuItems: []
11:51:32.075 [FXGL Background Thread 3 ] DEBUG Engine               - engineServices: [class com.almasb.fxgl.app.services.FXGLAssetLoaderService, class com.almasb.fxgl.app.FXGLApplication$GameApplicationService, class com.almasb.fxgl.app.services.FXGLDialogService, class com.almasb.fxgl.app.services.IOTaskExecutorService, class com.almasb.fxgl.io.FileSystemService, class com.almasb.fxgl.localization.LocalizationService, class com.almasb.fxgl.app.services.SystemBundleService, class com.almasb.fxgl.profile.SaveLoadService, class com.almasb.fxgl.ui.FXGLUIFactoryServiceProvider, class com.almasb.fxgl.ui.FXGLDialogFactoryServiceProvider, class com.almasb.fxgl.audio.AudioPlayer, class com.almasb.fxgl.notification.impl.NotificationServiceProvider, class com.almasb.fxgl.achievement.AchievementService, class com.almasb.fxgl.cutscene.CutsceneService, class com.almasb.fxgl.minigames.MiniGameService, class com.almasb.fxgl.net.NetService, class com.almasb.fxgl.app.services.UpdaterService, class com.almasb.fxgl.dev.DevService]
11:51:32.075 [FXGL Background Thread 3 ] DEBUG Engine               - fontGame: Abel-Regular.ttf
11:51:32.075 [FXGL Background Thread 3 ] DEBUG Engine               - fontMono: lucida_console.ttf
11:51:32.075 [FXGL Background Thread 3 ] DEBUG Engine               - fontText: Courier-Prime.ttf
11:51:32.075 [FXGL Background Thread 3 ] DEBUG Engine               - fontUI: VarelaRound-Regular.ttf
11:51:32.075 [FXGL Background Thread 3 ] DEBUG Engine               - fullScreen: BooleanProperty [value: false]
11:51:32.075 [FXGL Background Thread 3 ] DEBUG Engine               - gameDifficulty: MEDIUM
11:51:32.076 [FXGL Background Thread 3 ] DEBUG Engine               - gameDifficultyProperty: ObjectProperty [value: MEDIUM]
11:51:32.076 [FXGL Background Thread 3 ] DEBUG Engine               - globalMusicVolume: 0.5
11:51:32.076 [FXGL Background Thread 3 ] DEBUG Engine               - globalMusicVolumeProperty: DoubleProperty [value: 0.5]
11:51:32.076 [FXGL Background Thread 3 ] DEBUG Engine               - globalSoundVolume: 0.5
11:51:32.076 [FXGL Background Thread 3 ] DEBUG Engine               - globalSoundVolumeProperty: DoubleProperty [value: 0.5]
11:51:32.076 [FXGL Background Thread 3 ] DEBUG Engine               - height: 624
11:51:32.076 [FXGL Background Thread 3 ] DEBUG Engine               - is3D: false
11:51:32.076 [FXGL Background Thread 3 ] DEBUG Engine               - isAndroid: false
11:51:32.076 [FXGL Background Thread 3 ] DEBUG Engine               - isBrowser: false
11:51:32.076 [FXGL Background Thread 3 ] DEBUG Engine               - isClickFeedbackEnabled: false
11:51:32.076 [FXGL Background Thread 3 ] DEBUG Engine               - isCloseConfirmation: false
11:51:32.076 [FXGL Background Thread 3 ] DEBUG Engine               - isDesktop: true
11:51:32.076 [FXGL Background Thread 3 ] DEBUG Engine               - isDeveloperMenuEnabled: false
11:51:32.076 [FXGL Background Thread 3 ] DEBUG Engine               - isEntityPreloadEnabled: true
11:51:32.076 [FXGL Background Thread 3 ] DEBUG Engine               - isExperimentalTiledLargeMap: false
11:51:32.076 [FXGL Background Thread 3 ] DEBUG Engine               - isFileSystemWriteAllowed: true
11:51:32.076 [FXGL Background Thread 3 ] DEBUG Engine               - isFullScreenAllowed: true
11:51:32.077 [FXGL Background Thread 3 ] DEBUG Engine               - isFullScreenFromStart: false
11:51:32.077 [FXGL Background Thread 3 ] DEBUG Engine               - isGameMenuEnabled: true
11:51:32.077 [FXGL Background Thread 3 ] DEBUG Engine               - isIOS: false
11:51:32.077 [FXGL Background Thread 3 ] DEBUG Engine               - isIntroEnabled: false
11:51:32.077 [FXGL Background Thread 3 ] DEBUG Engine               - isLinux: false
11:51:32.077 [FXGL Background Thread 3 ] DEBUG Engine               - isMac: false
11:51:32.077 [FXGL Background Thread 3 ] DEBUG Engine               - isMainMenuEnabled: false
11:51:32.077 [FXGL Background Thread 3 ] DEBUG Engine               - isManualResizeEnabled: false
11:51:32.077 [FXGL Background Thread 3 ] DEBUG Engine               - isMobile: false
11:51:32.077 [FXGL Background Thread 3 ] DEBUG Engine               - isNative: false
11:51:32.077 [FXGL Background Thread 3 ] DEBUG Engine               - isPauseMusicWhenMinimized: true
11:51:32.077 [FXGL Background Thread 3 ] DEBUG Engine               - isPreserveResizeRatio: false
11:51:32.077 [FXGL Background Thread 3 ] DEBUG Engine               - isProfilingEnabled: false
11:51:32.077 [FXGL Background Thread 3 ] DEBUG Engine               - isScaleAffectedOnResize: true
11:51:32.077 [FXGL Background Thread 3 ] DEBUG Engine               - isSingleStep: false
11:51:32.077 [FXGL Background Thread 3 ] DEBUG Engine               - isUserProfileEnabled: false
11:51:32.077 [FXGL Background Thread 3 ] DEBUG Engine               - isWindows: true
11:51:32.077 [FXGL Background Thread 3 ] DEBUG Engine               - language: ObjectProperty [value: ENGLISH]
11:51:32.077 [FXGL Background Thread 3 ] DEBUG Engine               - menuKey: ESCAPE
11:51:32.077 [FXGL Background Thread 3 ] DEBUG Engine               - mouseSensitivity: 0.2
11:51:32.077 [FXGL Background Thread 3 ] DEBUG Engine               - notificationViewClass: class com.almasb.fxgl.notification.view.XboxNotificationView
11:51:32.077 [FXGL Background Thread 3 ] DEBUG Engine               - pixelsPerMeter: 50.0
11:51:32.077 [FXGL Background Thread 3 ] DEBUG Engine               - platform: WINDOWS
11:51:32.077 [FXGL Background Thread 3 ] DEBUG Engine               - prefHeightProperty: ReadOnlyDoubleProperty [value: 624.0]
11:51:32.077 [FXGL Background Thread 3 ] DEBUG Engine               - prefWidthProperty: ReadOnlyDoubleProperty [value: 1488.0]
11:51:32.078 [FXGL Background Thread 3 ] DEBUG Engine               - profileDir: profiles/
11:51:32.078 [FXGL Background Thread 3 ] DEBUG Engine               - profileName: StringProperty [value: DEFAULT]
11:51:32.078 [FXGL Background Thread 3 ] DEBUG Engine               - randomSeed: -1
11:51:32.078 [FXGL Background Thread 3 ] DEBUG Engine               - runtimeInfo: RuntimeInfo(platform=WINDOWS, version=11.17, build=16.07.2021 15.46)
11:51:32.078 [FXGL Background Thread 3 ] DEBUG Engine               - saveFileExt: sav
11:51:32.078 [FXGL Background Thread 3 ] DEBUG Engine               - scaledHeightProp$fxgl: DoubleProperty [bound, value: 603.0]
11:51:32.078 [FXGL Background Thread 3 ] DEBUG Engine               - scaledWidthProp$fxgl: DoubleProperty [bound, value: 1415.0]
11:51:32.078 [FXGL Background Thread 3 ] DEBUG Engine               - sceneFactory: com.almasb.fxgl.app.scene.SceneFactory@17e6b76f
11:51:32.078 [FXGL Background Thread 3 ] DEBUG Engine               - secondsIn24h: 60
11:51:32.078 [FXGL Background Thread 3 ] DEBUG Engine               - soundMenuBack: menu/back.wav
11:51:32.078 [FXGL Background Thread 3 ] DEBUG Engine               - soundMenuPress: menu/press.wav
11:51:32.078 [FXGL Background Thread 3 ] DEBUG Engine               - soundMenuSelect: menu/select.wav
11:51:32.078 [FXGL Background Thread 3 ] DEBUG Engine               - soundNotification: core/notification.wav
11:51:32.078 [FXGL Background Thread 3 ] DEBUG Engine               - stageStyle: DECORATED
11:51:32.078 [FXGL Background Thread 3 ] DEBUG Engine               - supportedLanguages: [ENGLISH, FRENCH, GERMAN, HUNGARIAN, RUSSIAN]
11:51:32.078 [FXGL Background Thread 3 ] DEBUG Engine               - ticksPerSecond: -1
11:51:32.078 [FXGL Background Thread 3 ] DEBUG Engine               - title: BOMBERMAN
11:51:32.079 [FXGL Background Thread 3 ] DEBUG Engine               - urlGithub: https://github.com/AlmasB/FXGL
11:51:32.079 [FXGL Background Thread 3 ] DEBUG Engine               - urlLeaderboard: http://fxgl-top.herokuapp.com/
11:51:32.079 [FXGL Background Thread 3 ] DEBUG Engine               - urlPOM: https://raw.githubusercontent.com/AlmasB/FXGL/release/README.md
11:51:32.079 [FXGL Background Thread 3 ] DEBUG Engine               - userAppClass: class Bomberman.BombermanGame
11:51:32.079 [FXGL Background Thread 3 ] DEBUG Engine               - version: 1.0
11:51:32.079 [FXGL Background Thread 3 ] DEBUG Engine               - versionCheckDays: 7
11:51:32.079 [FXGL Background Thread 3 ] DEBUG Engine               - width: 1488
11:51:32.079 [FXGL Background Thread 3 ] DEBUG Engine               - Logging services
11:51:32.079 [FXGL Background Thread 3 ] DEBUG Engine               - class com.almasb.fxgl.app.services.FXGLAssetLoaderService
11:51:32.079 [FXGL Background Thread 3 ] DEBUG Engine               - class com.almasb.fxgl.app.FXGLApplication$GameApplicationService
11:51:32.079 [FXGL Background Thread 3 ] DEBUG Engine               - class com.almasb.fxgl.app.services.FXGLDialogService
11:51:32.079 [FXGL Background Thread 3 ] DEBUG Engine               - class com.almasb.fxgl.app.services.IOTaskExecutorService
11:51:32.079 [FXGL Background Thread 3 ] DEBUG Engine               - class com.almasb.fxgl.io.FileSystemService
11:51:32.079 [FXGL Background Thread 3 ] DEBUG Engine               - class com.almasb.fxgl.localization.LocalizationService
11:51:32.079 [FXGL Background Thread 3 ] DEBUG Engine               - class com.almasb.fxgl.app.services.SystemBundleService
11:51:32.079 [FXGL Background Thread 3 ] DEBUG Engine               - class com.almasb.fxgl.profile.SaveLoadService
11:51:32.079 [FXGL Background Thread 3 ] DEBUG Engine               - class com.almasb.fxgl.ui.FXGLUIFactoryServiceProvider
11:51:32.079 [FXGL Background Thread 3 ] DEBUG Engine               - class com.almasb.fxgl.ui.FXGLDialogFactoryServiceProvider
11:51:32.079 [FXGL Background Thread 3 ] DEBUG Engine               - class com.almasb.fxgl.audio.AudioPlayer
11:51:32.079 [FXGL Background Thread 3 ] DEBUG Engine               - class com.almasb.fxgl.notification.impl.NotificationServiceProvider
11:51:32.079 [FXGL Background Thread 3 ] DEBUG Engine               - class com.almasb.fxgl.achievement.AchievementService
11:51:32.079 [FXGL Background Thread 3 ] DEBUG Engine               - class com.almasb.fxgl.cutscene.CutsceneService
11:51:32.079 [FXGL Background Thread 3 ] DEBUG Engine               - class com.almasb.fxgl.minigames.MiniGameService
11:51:32.079 [FXGL Background Thread 3 ] DEBUG Engine               - class com.almasb.fxgl.net.NetService
11:51:32.079 [FXGL Background Thread 3 ] DEBUG Engine               - class com.almasb.fxgl.app.services.UpdaterService
11:51:32.079 [FXGL Background Thread 3 ] DEBUG Engine               - class com.almasb.fxgl.dev.DevService
11:51:32.565 [JavaFX Application Thread] DEBUG FXGLAssetLoaderServi - Loading from file system: file:/C:/Users/Admin/Desktop/Bomberman/target/classes/assets/sounds/place_bomb.wav
11:51:32.627 [JavaFX Application Thread] DEBUG FXGLAssetLoaderServi - Loading from file system: file:/C:/Users/Admin/Desktop/Bomberman/target/classes/assets/textures/bomb.png
11:51:34.468 [JavaFX Application Thread] DEBUG FXGLAssetLoaderServi - Loading from file system: file:/C:/Users/Admin/Desktop/Bomberman/target/classes/assets/sounds/explosion.wav
11:51:34.472 [JavaFX Application Thread] DEBUG FXGLAssetLoaderServi - Loading from file system: file:/C:/Users/Admin/Desktop/Bomberman/target/classes/assets/textures/central_flame.png
11:51:34.473 [JavaFX Application Thread] DEBUG FXGLAssetLoaderServi - Loading from file system: file:/C:/Users/Admin/Desktop/Bomberman/target/classes/assets/textures/top_up_flame.png
11:51:34.474 [JavaFX Application Thread] DEBUG FXGLAssetLoaderServi - Loading from file system: file:/C:/Users/Admin/Desktop/Bomberman/target/classes/assets/textures/top_down_flame.png
11:51:34.475 [JavaFX Application Thread] DEBUG FXGLAssetLoaderServi - Loading from file system: file:/C:/Users/Admin/Desktop/Bomberman/target/classes/assets/textures/top_right_flame.png
11:51:34.476 [JavaFX Application Thread] DEBUG FXGLAssetLoaderServi - Loading from file system: file:/C:/Users/Admin/Desktop/Bomberman/target/classes/assets/textures/top_left_flame.png
11:51:40.404 [JavaFX Application Thread] DEBUG FXGLAssetLoaderServi - Loading from file system: file:/C:/Users/Admin/Desktop/Bomberman/target/classes/assets/sounds/powerup.wav
11:51:44.150 [JavaFX Application Thread] DEBUG FXGLAssetLoaderServi - Loading from file system: file:/C:/Users/Admin/Desktop/Bomberman/target/classes/assets/textures/right_flame.png
11:51:44.151 [JavaFX Application Thread] DEBUG FXGLAssetLoaderServi - Loading from file system: file:/C:/Users/Admin/Desktop/Bomberman/target/classes/assets/textures/left_flame.png
11:51:44.152 [JavaFX Application Thread] DEBUG FXGLAssetLoaderServi - Loading from file system: file:/C:/Users/Admin/Desktop/Bomberman/target/classes/assets/textures/down_flame.png
11:51:44.153 [JavaFX Application Thread] DEBUG FXGLAssetLoaderServi - Loading from file system: file:/C:/Users/Admin/Desktop/Bomberman/target/classes/assets/textures/up_flame.png
11:51:50.436 [JavaFX Application Thread] WARN  GameWorld            - Attempted to remove entity which is not active
11:51:56.995 [JavaFX Application Thread] WARN  GameWorld            - Attempted to remove entity which is not active
11:51:58.467 [JavaFX Application Thread] WARN  GameWorld            - Attempted to remove entity which is not active
11:52:00.035 [JavaFX Application Thread] WARN  GameWorld            - Attempted to remove entity which is not active
11:52:17.155 [JavaFX Application Thread] WARN  GameWorld            - Attempted to remove entity which is not active
11:52:19.155 [JavaFX Application Thread] WARN  GameWorld            - Attempted to remove entity which is not active
11:52:21.962 [JavaFX Application Thread] DEBUG FXGLApplication      - Exiting FXGL
11:52:21.962 [JavaFX Application Thread] DEBUG LoopRunner           - Stopping loop
11:52:21.962 [JavaFX Application Thread] DEBUG SystemBundleService  - Saving FXGL system data
11:52:21.964 [JavaFX Application Thread] DEBUG FileSystemAccess     - Writing to: C:\Users\Admin\Desktop\Bomberman\system\fxgl.bundle
11:52:21.966 [JavaFX Application Thread] DEBUG Async                - Shutting down background threads
11:52:21.966 [JavaFX Application Thread] DEBUG PrimaryStageWindow   - Closing main window
11:52:21.986 [JavaFX Application Thread] DEBUG Logger               - Closing Logger
