13:50:57.735 [main                     ] DEBUG Logger               - Configured Logger
13:50:57.739 [main                     ] DEBUG GameApplication      - Logging settings
Title: BOMBERMAN
Version: 1.0
Width: 640
Height: 624
Fullscreen: true
Intro: false
Profiling: false
Single step:false
App Mode: DEVELOPER
Menu Key: ESCAPE
Stage Style: DECORATED
Scene Factory: class com.almasb.fxgl.app.scene.SceneFactory

13:50:58.196 [JavaFX Application Thread] DEBUG FXGLApplication      - Initializing FXGL
13:50:58.199 [JavaFX Application Thread] INFO  Engine               - FXGL-11.17 (16.07.2021 15.46) on WINDOWS (J:11.0.16.1 FX:16)
13:50:58.200 [JavaFX Application Thread] DEBUG Engine               - JRE Vendor Name: Oracle Corporation
13:50:58.200 [JavaFX Application Thread] DEBUG Engine               - Running on OS: Windows 11 version 10.0
13:50:58.200 [JavaFX Application Thread] DEBUG Engine               - Architecture: amd64
13:50:58.200 [JavaFX Application Thread] INFO  Engine               - Source code and latest versions at: https://github.com/AlmasB/FXGL
13:50:58.200 [JavaFX Application Thread] INFO  Engine               -              Join the FXGL chat at: https://gitter.im/AlmasB/FXGL
13:50:58.334 [JavaFX Application Thread] DEBUG PrimaryStageWindow   - Creating a JavaFX scene
13:50:58.398 [JavaFX Application Thread] DEBUG PrimaryStageWindow   - Target settings size: 640.0 x 624.0
13:50:58.398 [JavaFX Application Thread] DEBUG PrimaryStageWindow   - Scaled scene size:    640.0 x 624.0
13:50:58.398 [JavaFX Application Thread] DEBUG PrimaryStageWindow   - Scaled ratio: (1.0, 1.0)
13:50:58.400 [JavaFX Application Thread] DEBUG PrimaryStageWindow   - Set initial scene to FXGLStartupScene
13:50:58.411 [JavaFX Application Thread] DEBUG PrimaryStageWindow   - Opening main window
13:50:58.516 [JavaFX Application Thread] DEBUG PrimaryStageWindow   - Window border size: (13.0, 35.5)
13:50:58.516 [JavaFX Application Thread] DEBUG PrimaryStageWindow   - Scaled size: 640.0 x 624.0
13:50:58.516 [JavaFX Application Thread] DEBUG PrimaryStageWindow   - Scaled ratio: (1.0, 1.0)
13:50:58.517 [JavaFX Application Thread] DEBUG PrimaryStageWindow   - Scene size: 640.0 x 624.0
13:50:58.517 [JavaFX Application Thread] DEBUG PrimaryStageWindow   - Stage size: 653.0 x 659.5
13:50:58.528 [FXGL Background Thread 1 ] DEBUG Engine               - Initializing environment variables
13:50:58.620 [FXGL Background Thread 1 ] DEBUG FXGLAssetLoaderServi - User app class for loading assets: class Bomberman.BombermanGame
13:50:58.621 [FXGL Background Thread 1 ] DEBUG GameApplicationServi - Applying CSS: fxgl_dark.css
13:50:58.622 [FXGL Background Thread 1 ] DEBUG FXGLAssetLoaderServi - Loading from file system: jar:file:/C:/Users/Admin/.m2/repository/com/github/almasb/fxgl/11.17/fxgl-11.17.jar!/fxglassets/ui/css/fxgl_dark.css
13:50:58.684 [FXGL Background Thread 1 ] DEBUG GameApplicationServi - Initializing application scenes
13:50:58.735 [FXGL Background Thread 1 ] DEBUG GameWorld            - Game world initialized
13:50:58.801 [FXGL Background Thread 1 ] DEBUG PhysicsWorld         - Physics world initialized: appHeight=624, physics.ppm=50.0
13:50:58.802 [FXGL Background Thread 1 ] DEBUG PhysicsWorld         - Using strategy: BRUTE_FORCE
13:50:58.805 [FXGL Background Thread 1 ] DEBUG GameScene            - Game scene initialized: 640x624
13:50:58.819 [FXGL Background Thread 1 ] WARN  FXGL.DefaultMenu     - FXGLDefaultMenu is not designed for resolutions < 800x600
13:50:58.819 [FXGL Background Thread 1 ] DEBUG FXGL.DefaultMenu     - createMenuBodyGameMenu()
13:50:58.840 [FXGL Background Thread 1 ] DEBUG FXGL.DefaultMenu     - createOptionsMenu()
13:50:58.853 [FXGL Background Thread 1 ] DEBUG FXGLAssetLoaderServi - Loading from file system: jar:file:/C:/Users/Admin/.m2/repository/com/github/almasb/fxgl/11.17/fxgl-11.17.jar!/fxglassets/textures/particles/smoke.png
13:50:58.958 [FXGL Background Thread 1 ] DEBUG FXGLAssetLoaderServi - Loading from file system: jar:file:/C:/Users/Admin/.m2/repository/com/github/almasb/fxgl/11.17/fxgl-11.17.jar!/fxglassets/textures/particles/trace_horizontal.png
13:50:58.987 [FXGL Background Thread 1 ] DEBUG GameApplicationServi - Application scenes initialized
13:50:59.000 [FXGL Background Thread 1 ] DEBUG SystemBundleService  - Loading FXGL system data
13:50:59.006 [FXGL Background Thread 1 ] DEBUG FileSystemAccess     - Reading from: C:\Users\Admin\Desktop\Bomberman\system\fxgl.bundle
13:50:59.013 [FXGL Background Thread 1 ] DEBUG SystemBundleService  - Bundle FXGL: {}
13:50:59.013 [FXGL Background Thread 1 ] DEBUG UpdaterService       - Checking for updates
13:50:59.017 [FXGL Background Thread 4 ] DEBUG FXGLApplication      - Loading fonts
13:50:59.018 [FXGL Background Thread 1 ] DEBUG FXGLApplication      - Loading default localization
13:50:59.018 [FXGL Background Thread 4 ] DEBUG FXGLAssetLoaderServi - Loading from file system: jar:file:/C:/Users/Admin/.m2/repository/com/github/almasb/fxgl/11.17/fxgl-11.17.jar!/fxglassets/ui/fonts/VarelaRound-Regular.ttf
13:50:59.019 [FXGL Background Thread 1 ] DEBUG FXGLAssetLoaderServi - Loading from file system: jar:file:/C:/Users/Admin/.m2/repository/com/github/almasb/fxgl/11.17/fxgl-11.17.jar!/fxglassets/languages/english.lang
13:50:59.040 [FXGL Background Thread 1 ] INFO  FXGLApplication      - FXGL initialization took: 0.512 sec
13:50:59.057 [JavaFX Application Thread] DEBUG Input                - Registered new binding: Move Left - A
13:50:59.057 [JavaFX Application Thread] DEBUG Input                - Registered new binding: Move Right - D
13:50:59.057 [JavaFX Application Thread] DEBUG Input                - Registered new binding: Move Up - W
13:50:59.057 [JavaFX Application Thread] DEBUG Input                - Registered new binding: Move Down - S
13:50:59.058 [JavaFX Application Thread] DEBUG Input                - Registered new binding: Place Bomb - Space
13:50:59.058 [JavaFX Application Thread] DEBUG Input                - Registered new binding: Switch to classic bomb - 1
13:50:59.058 [JavaFX Application Thread] DEBUG Input                - Registered new binding: Switch to lazer bomb - 2
13:50:59.058 [JavaFX Application Thread] DEBUG Input                - Registered new binding: Switch to light bomb - 3
13:50:59.059 [JavaFX Application Thread] DEBUG Input                - Registered new binding: Exit game - Esc
13:50:59.328 [FXGL Background Thread 4 ] DEBUG FXGLAssetLoaderServi - Loading from file system: jar:file:/C:/Users/Admin/.m2/repository/com/github/almasb/fxgl/11.17/fxgl-11.17.jar!/fxglassets/ui/fonts/Abel-Regular.ttf
13:50:59.332 [FXGL Background Thread 4 ] DEBUG FXGLAssetLoaderServi - Loading from file system: jar:file:/C:/Users/Admin/.m2/repository/com/github/almasb/fxgl/11.17/fxgl-11.17.jar!/fxglassets/ui/fonts/lucida_console.ttf
13:50:59.337 [FXGL Background Thread 4 ] DEBUG FXGLAssetLoaderServi - Loading from file system: jar:file:/C:/Users/Admin/.m2/repository/com/github/almasb/fxgl/11.17/fxgl-11.17.jar!/fxglassets/ui/fonts/Courier-Prime.ttf
13:50:59.722 [FXGL Background Thread 2 ] INFO  UpdaterService       - Your current version:  11.17
13:50:59.722 [FXGL Background Thread 2 ] INFO  UpdaterService       - Latest stable version: 17.2
13:51:01.243 [JavaFX Application Thread] DEBUG FXGLAssetLoaderServi - Loading from file system: file:/C:/Users/Admin/Desktop/Bomberman/target/classes/assets/textures/player_die.png
13:51:01.247 [JavaFX Application Thread] DEBUG FXGLAssetLoaderServi - Loading from file system: file:/C:/Users/Admin/Desktop/Bomberman/target/classes/assets/textures/player_down.png
13:51:01.249 [JavaFX Application Thread] DEBUG FXGLAssetLoaderServi - Loading from file system: file:/C:/Users/Admin/Desktop/Bomberman/target/classes/assets/textures/player_right.png
13:51:01.251 [JavaFX Application Thread] DEBUG FXGLAssetLoaderServi - Loading from file system: file:/C:/Users/Admin/Desktop/Bomberman/target/classes/assets/textures/player_up.png
13:51:01.253 [JavaFX Application Thread] DEBUG FXGLAssetLoaderServi - Loading from file system: file:/C:/Users/Admin/Desktop/Bomberman/target/classes/assets/textures/player_left.png
13:51:01.263 [JavaFX Application Thread] DEBUG FXGLAssetLoaderServi - Loading from file system: jar:file:/C:/Users/Admin/.m2/repository/com/github/almasb/fxgl/11.17/fxgl-11.17.jar!/fxglassets/textures/fxgl_icon.png
13:51:01.276 [JavaFX Application Thread] DEBUG FXGLAssetLoaderServi - Loading from file system: jar:file:/C:/Users/Admin/.m2/repository/com/github/almasb/fxgl/11.17/fxgl-11.17.jar!/fxglassets/textures/fxgl_default_cursor.png
13:51:01.278 [JavaFX Application Thread] DEBUG Input                - Registered new binding: Screenshot - CTRL+8
13:51:01.279 [JavaFX Application Thread] DEBUG Input                - Registered new binding: System info dump - CTRL+9
13:51:01.279 [JavaFX Application Thread] DEBUG Input                - Registered new binding: Restart - CTRL+R
13:51:01.279 [JavaFX Application Thread] DEBUG Input                - Registered new binding: Toggle Debug Camera - CTRL+C
13:51:01.281 [JavaFX Application Thread] DEBUG LoopRunner           - Starting loop
13:51:01.281 [JavaFX Application Thread] DEBUG LoopRunner           - Initializing JavaFX AnimationTimerLoop
13:51:01.282 [JavaFX Application Thread] DEBUG GameApplicationServi - Starting new game
13:51:01.283 [JavaFX Application Thread] DEBUG Input                - Clearing active input actions
13:51:01.295 [JavaFX Application Thread] DEBUG GameApplicationServi - Removing overlay from FXGLStartupScene and adding to FXGLLoadingScene
13:51:01.296 [JavaFX Application Thread] DEBUG PrimaryStageWindow   - FXGLStartupScene -> FXGLLoadingScene
13:51:01.296 [JavaFX Application Thread] DEBUG GameApplicationServi - Clearing previous game
13:51:01.296 [JavaFX Application Thread] DEBUG GameScene            - Clearing game scene
13:51:01.296 [JavaFX Application Thread] DEBUG GameWorld            - Clearing game world
13:51:01.296 [JavaFX Application Thread] DEBUG PhysicsWorld         - Clearing physics world
13:51:01.298 [FXGL Background Thread 2 ] DEBUG FXGLApplication      - Initializing game
13:51:01.298 [JavaFX Application Thread] DEBUG FXGLApplication      - Registering font factories with UI factory
13:51:01.313 [FXGL Background Thread 2 ] DEBUG FXGLAssetLoaderServi - Loading from file system: file:/C:/Users/Admin/Desktop/Bomberman/target/classes/assets/textures/wall.png
13:51:01.350 [FXGL Background Thread 2 ] DEBUG FXGLAssetLoaderServi - Loading from file system: file:/C:/Users/Admin/Desktop/Bomberman/target/classes/assets/textures/brick.png
13:51:01.351 [FXGL Background Thread 2 ] DEBUG FXGLAssetLoaderServi - Loading from file system: file:/C:/Users/Admin/Desktop/Bomberman/target/classes/assets/textures/brick_break.png
13:51:01.385 [FXGL Background Thread 2 ] DEBUG FXGLAssetLoaderServi - Loading from file system: file:/C:/Users/Admin/Desktop/Bomberman/target/classes/assets/textures/portal.png
13:51:01.404 [FXGL Background Thread 2 ] DEBUG FXGLAssetLoaderServi - Loading from file system: file:/C:/Users/Admin/Desktop/Bomberman/target/classes/assets/textures/powerup_flames.png
13:51:01.476 [FXGL Background Thread 2 ] INFO  FXGLApplication      - Game initialization took: 0.177 sec
13:51:01.484 [JavaFX Application Thread] DEBUG Input                - Clearing active input actions
13:51:01.509 [JavaFX Application Thread] DEBUG GameApplicationServi - Removing overlay from FXGLLoadingScene and adding to GameScene
13:51:01.509 [JavaFX Application Thread] DEBUG PrimaryStageWindow   - FXGLLoadingScene -> GameScene
13:51:02.017 [FXGL Background Thread 3 ] DEBUG Engine               - Logging environment variables
13:51:02.017 [FXGL Background Thread 3 ] DEBUG Engine               - achievements: []
13:51:02.017 [FXGL Background Thread 3 ] DEBUG Engine               - actualHeight: 624.0
13:51:02.017 [FXGL Background Thread 3 ] DEBUG Engine               - actualHeightProperty: ReadOnlyDoubleProperty [value: 624.0]
13:51:02.018 [FXGL Background Thread 3 ] DEBUG Engine               - actualWidth: 640.0
13:51:02.018 [FXGL Background Thread 3 ] DEBUG Engine               - actualWidthProperty: ReadOnlyDoubleProperty [value: 640.0]
13:51:02.018 [FXGL Background Thread 3 ] DEBUG Engine               - appIcon: fxgl_icon.png
13:51:02.018 [FXGL Background Thread 3 ] DEBUG Engine               - applicationMode: DEVELOPER
13:51:02.018 [FXGL Background Thread 3 ] DEBUG Engine               - cSSList: [fxgl_dark.css]
13:51:02.018 [FXGL Background Thread 3 ] DEBUG Engine               - collisionDetectionStrategy: BRUTE_FORCE
13:51:02.018 [FXGL Background Thread 3 ] DEBUG Engine               - configClass: Optional.empty
13:51:02.018 [FXGL Background Thread 3 ] DEBUG Engine               - credits: []
13:51:02.018 [FXGL Background Thread 3 ] DEBUG Engine               - defaultCursor: CursorInfo(imageName=fxgl_default_cursor.png, hotspotX=7.0, hotspotY=6.0)
13:51:02.018 [FXGL Background Thread 3 ] DEBUG Engine               - devBBoxColorProperty: ObjectProperty [value: 0xff0000ff]
13:51:02.018 [FXGL Background Thread 3 ] DEBUG Engine               - devEnableDebugCameraProperty: BooleanProperty [value: false]
13:51:02.018 [FXGL Background Thread 3 ] DEBUG Engine               - devSensorColorProperty: ObjectProperty [value: 0xffff00ff]
13:51:02.018 [FXGL Background Thread 3 ] DEBUG Engine               - devShowBBoxProperty: BooleanProperty [value: false]
13:51:02.018 [FXGL Background Thread 3 ] DEBUG Engine               - devShowPositionProperty: BooleanProperty [value: false]
13:51:02.018 [FXGL Background Thread 3 ] DEBUG Engine               - enabledMenuItems: []
13:51:02.018 [FXGL Background Thread 3 ] DEBUG Engine               - engineServices: [class com.almasb.fxgl.app.services.FXGLAssetLoaderService, class com.almasb.fxgl.app.FXGLApplication$GameApplicationService, class com.almasb.fxgl.app.services.FXGLDialogService, class com.almasb.fxgl.app.services.IOTaskExecutorService, class com.almasb.fxgl.io.FileSystemService, class com.almasb.fxgl.localization.LocalizationService, class com.almasb.fxgl.app.services.SystemBundleService, class com.almasb.fxgl.profile.SaveLoadService, class com.almasb.fxgl.ui.FXGLUIFactoryServiceProvider, class com.almasb.fxgl.ui.FXGLDialogFactoryServiceProvider, class com.almasb.fxgl.audio.AudioPlayer, class com.almasb.fxgl.notification.impl.NotificationServiceProvider, class com.almasb.fxgl.achievement.AchievementService, class com.almasb.fxgl.cutscene.CutsceneService, class com.almasb.fxgl.minigames.MiniGameService, class com.almasb.fxgl.net.NetService, class com.almasb.fxgl.app.services.UpdaterService, class com.almasb.fxgl.dev.DevService]
13:51:02.018 [FXGL Background Thread 3 ] DEBUG Engine               - fontGame: Abel-Regular.ttf
13:51:02.018 [FXGL Background Thread 3 ] DEBUG Engine               - fontMono: lucida_console.ttf
13:51:02.018 [FXGL Background Thread 3 ] DEBUG Engine               - fontText: Courier-Prime.ttf
13:51:02.018 [FXGL Background Thread 3 ] DEBUG Engine               - fontUI: VarelaRound-Regular.ttf
13:51:02.019 [FXGL Background Thread 3 ] DEBUG Engine               - fullScreen: BooleanProperty [value: false]
13:51:02.019 [FXGL Background Thread 3 ] DEBUG Engine               - gameDifficulty: MEDIUM
13:51:02.019 [FXGL Background Thread 3 ] DEBUG Engine               - gameDifficultyProperty: ObjectProperty [value: MEDIUM]
13:51:02.019 [FXGL Background Thread 3 ] DEBUG Engine               - globalMusicVolume: 0.5
13:51:02.019 [FXGL Background Thread 3 ] DEBUG Engine               - globalMusicVolumeProperty: DoubleProperty [value: 0.5]
13:51:02.019 [FXGL Background Thread 3 ] DEBUG Engine               - globalSoundVolume: 0.5
13:51:02.019 [FXGL Background Thread 3 ] DEBUG Engine               - globalSoundVolumeProperty: DoubleProperty [value: 0.5]
13:51:02.019 [FXGL Background Thread 3 ] DEBUG Engine               - height: 624
13:51:02.019 [FXGL Background Thread 3 ] DEBUG Engine               - is3D: false
13:51:02.019 [FXGL Background Thread 3 ] DEBUG Engine               - isAndroid: false
13:51:02.019 [FXGL Background Thread 3 ] DEBUG Engine               - isBrowser: false
13:51:02.019 [FXGL Background Thread 3 ] DEBUG Engine               - isClickFeedbackEnabled: false
13:51:02.019 [FXGL Background Thread 3 ] DEBUG Engine               - isCloseConfirmation: false
13:51:02.019 [FXGL Background Thread 3 ] DEBUG Engine               - isDesktop: true
13:51:02.019 [FXGL Background Thread 3 ] DEBUG Engine               - isDeveloperMenuEnabled: false
13:51:02.019 [FXGL Background Thread 3 ] DEBUG Engine               - isEntityPreloadEnabled: true
13:51:02.019 [FXGL Background Thread 3 ] DEBUG Engine               - isExperimentalTiledLargeMap: false
13:51:02.019 [FXGL Background Thread 3 ] DEBUG Engine               - isFileSystemWriteAllowed: true
13:51:02.019 [FXGL Background Thread 3 ] DEBUG Engine               - isFullScreenAllowed: true
13:51:02.019 [FXGL Background Thread 3 ] DEBUG Engine               - isFullScreenFromStart: false
13:51:02.019 [FXGL Background Thread 3 ] DEBUG Engine               - isGameMenuEnabled: true
13:51:02.019 [FXGL Background Thread 3 ] DEBUG Engine               - isIOS: false
13:51:02.019 [FXGL Background Thread 3 ] DEBUG Engine               - isIntroEnabled: false
13:51:02.019 [FXGL Background Thread 3 ] DEBUG Engine               - isLinux: false
13:51:02.019 [FXGL Background Thread 3 ] DEBUG Engine               - isMac: false
13:51:02.019 [FXGL Background Thread 3 ] DEBUG Engine               - isMainMenuEnabled: false
13:51:02.019 [FXGL Background Thread 3 ] DEBUG Engine               - isManualResizeEnabled: false
13:51:02.019 [FXGL Background Thread 3 ] DEBUG Engine               - isMobile: false
13:51:02.019 [FXGL Background Thread 3 ] DEBUG Engine               - isNative: false
13:51:02.019 [FXGL Background Thread 3 ] DEBUG Engine               - isPauseMusicWhenMinimized: true
13:51:02.019 [FXGL Background Thread 3 ] DEBUG Engine               - isPreserveResizeRatio: false
13:51:02.019 [FXGL Background Thread 3 ] DEBUG Engine               - isProfilingEnabled: false
13:51:02.019 [FXGL Background Thread 3 ] DEBUG Engine               - isScaleAffectedOnResize: true
13:51:02.019 [FXGL Background Thread 3 ] DEBUG Engine               - isSingleStep: false
13:51:02.020 [FXGL Background Thread 3 ] DEBUG Engine               - isUserProfileEnabled: false
13:51:02.020 [FXGL Background Thread 3 ] DEBUG Engine               - isWindows: true
13:51:02.020 [FXGL Background Thread 3 ] DEBUG Engine               - language: ObjectProperty [value: ENGLISH]
13:51:02.020 [FXGL Background Thread 3 ] DEBUG Engine               - menuKey: ESCAPE
13:51:02.020 [FXGL Background Thread 3 ] DEBUG Engine               - mouseSensitivity: 0.2
13:51:02.020 [FXGL Background Thread 3 ] DEBUG Engine               - notificationViewClass: class com.almasb.fxgl.notification.view.XboxNotificationView
13:51:02.020 [FXGL Background Thread 3 ] DEBUG Engine               - pixelsPerMeter: 50.0
13:51:02.020 [FXGL Background Thread 3 ] DEBUG Engine               - platform: WINDOWS
13:51:02.020 [FXGL Background Thread 3 ] DEBUG Engine               - prefHeightProperty: ReadOnlyDoubleProperty [value: 624.0]
13:51:02.020 [FXGL Background Thread 3 ] DEBUG Engine               - prefWidthProperty: ReadOnlyDoubleProperty [value: 640.0]
13:51:02.020 [FXGL Background Thread 3 ] DEBUG Engine               - profileDir: profiles/
13:51:02.020 [FXGL Background Thread 3 ] DEBUG Engine               - profileName: StringProperty [value: DEFAULT]
13:51:02.020 [FXGL Background Thread 3 ] DEBUG Engine               - randomSeed: -1
13:51:02.020 [FXGL Background Thread 3 ] DEBUG Engine               - runtimeInfo: RuntimeInfo(platform=WINDOWS, version=11.17, build=16.07.2021 15.46)
13:51:02.020 [FXGL Background Thread 3 ] DEBUG Engine               - saveFileExt: sav
13:51:02.020 [FXGL Background Thread 3 ] DEBUG Engine               - scaledHeightProp$fxgl: DoubleProperty [bound, value: 624.0]
13:51:02.020 [FXGL Background Thread 3 ] DEBUG Engine               - scaledWidthProp$fxgl: DoubleProperty [bound, value: 640.0]
13:51:02.020 [FXGL Background Thread 3 ] DEBUG Engine               - sceneFactory: com.almasb.fxgl.app.scene.SceneFactory@1bc15071
13:51:02.020 [FXGL Background Thread 3 ] DEBUG Engine               - secondsIn24h: 60
13:51:02.020 [FXGL Background Thread 3 ] DEBUG Engine               - soundMenuBack: menu/back.wav
13:51:02.020 [FXGL Background Thread 3 ] DEBUG Engine               - soundMenuPress: menu/press.wav
13:51:02.020 [FXGL Background Thread 3 ] DEBUG Engine               - soundMenuSelect: menu/select.wav
13:51:02.020 [FXGL Background Thread 3 ] DEBUG Engine               - soundNotification: core/notification.wav
13:51:02.020 [FXGL Background Thread 3 ] DEBUG Engine               - stageStyle: DECORATED
13:51:02.020 [FXGL Background Thread 3 ] DEBUG Engine               - supportedLanguages: [ENGLISH, FRENCH, GERMAN, HUNGARIAN, RUSSIAN]
13:51:02.021 [FXGL Background Thread 3 ] DEBUG Engine               - ticksPerSecond: -1
13:51:02.021 [FXGL Background Thread 3 ] DEBUG Engine               - title: BOMBERMAN
13:51:02.021 [FXGL Background Thread 3 ] DEBUG Engine               - urlGithub: https://github.com/AlmasB/FXGL
13:51:02.021 [FXGL Background Thread 3 ] DEBUG Engine               - urlLeaderboard: http://fxgl-top.herokuapp.com/
13:51:02.021 [FXGL Background Thread 3 ] DEBUG Engine               - urlPOM: https://raw.githubusercontent.com/AlmasB/FXGL/release/README.md
13:51:02.021 [FXGL Background Thread 3 ] DEBUG Engine               - userAppClass: class Bomberman.BombermanGame
13:51:02.021 [FXGL Background Thread 3 ] DEBUG Engine               - version: 1.0
13:51:02.021 [FXGL Background Thread 3 ] DEBUG Engine               - versionCheckDays: 7
13:51:02.021 [FXGL Background Thread 3 ] DEBUG Engine               - width: 640
13:51:02.021 [FXGL Background Thread 3 ] DEBUG Engine               - Logging services
13:51:02.021 [FXGL Background Thread 3 ] DEBUG Engine               - class com.almasb.fxgl.app.services.FXGLAssetLoaderService
13:51:02.021 [FXGL Background Thread 3 ] DEBUG Engine               - class com.almasb.fxgl.app.FXGLApplication$GameApplicationService
13:51:02.021 [FXGL Background Thread 3 ] DEBUG Engine               - class com.almasb.fxgl.app.services.FXGLDialogService
13:51:02.021 [FXGL Background Thread 3 ] DEBUG Engine               - class com.almasb.fxgl.app.services.IOTaskExecutorService
13:51:02.021 [FXGL Background Thread 3 ] DEBUG Engine               - class com.almasb.fxgl.io.FileSystemService
13:51:02.021 [FXGL Background Thread 3 ] DEBUG Engine               - class com.almasb.fxgl.localization.LocalizationService
13:51:02.021 [FXGL Background Thread 3 ] DEBUG Engine               - class com.almasb.fxgl.app.services.SystemBundleService
13:51:02.021 [FXGL Background Thread 3 ] DEBUG Engine               - class com.almasb.fxgl.profile.SaveLoadService
13:51:02.021 [FXGL Background Thread 3 ] DEBUG Engine               - class com.almasb.fxgl.ui.FXGLUIFactoryServiceProvider
13:51:02.021 [FXGL Background Thread 3 ] DEBUG Engine               - class com.almasb.fxgl.ui.FXGLDialogFactoryServiceProvider
13:51:02.021 [FXGL Background Thread 3 ] DEBUG Engine               - class com.almasb.fxgl.audio.AudioPlayer
13:51:02.021 [FXGL Background Thread 3 ] DEBUG Engine               - class com.almasb.fxgl.notification.impl.NotificationServiceProvider
13:51:02.021 [FXGL Background Thread 3 ] DEBUG Engine               - class com.almasb.fxgl.achievement.AchievementService
13:51:02.021 [FXGL Background Thread 3 ] DEBUG Engine               - class com.almasb.fxgl.cutscene.CutsceneService
13:51:02.021 [FXGL Background Thread 3 ] DEBUG Engine               - class com.almasb.fxgl.minigames.MiniGameService
13:51:02.021 [FXGL Background Thread 3 ] DEBUG Engine               - class com.almasb.fxgl.net.NetService
13:51:02.021 [FXGL Background Thread 3 ] DEBUG Engine               - class com.almasb.fxgl.app.services.UpdaterService
13:51:02.022 [FXGL Background Thread 3 ] DEBUG Engine               - class com.almasb.fxgl.dev.DevService
13:51:06.282 [JavaFX Application Thread] DEBUG FXGLAssetLoaderServi - Loading from file system: file:/C:/Users/Admin/Desktop/Bomberman/target/classes/assets/sounds/place_bomb.wav
13:51:06.345 [JavaFX Application Thread] DEBUG FXGLAssetLoaderServi - Loading from file system: file:/C:/Users/Admin/Desktop/Bomberman/target/classes/assets/textures/bomb.png
13:51:08.242 [JavaFX Application Thread] DEBUG FXGLAssetLoaderServi - Loading from file system: file:/C:/Users/Admin/Desktop/Bomberman/target/classes/assets/sounds/explosion.wav
13:51:08.246 [JavaFX Application Thread] DEBUG FXGLAssetLoaderServi - Loading from file system: file:/C:/Users/Admin/Desktop/Bomberman/target/classes/assets/textures/central_flame.png
13:51:08.248 [JavaFX Application Thread] DEBUG FXGLAssetLoaderServi - Loading from file system: file:/C:/Users/Admin/Desktop/Bomberman/target/classes/assets/textures/top_down_flame.png
13:51:12.034 [JavaFX Application Thread] DEBUG FXGLAssetLoaderServi - Loading from file system: file:/C:/Users/Admin/Desktop/Bomberman/target/classes/assets/textures/top_right_flame.png
13:51:16.403 [JavaFX Application Thread] DEBUG FXGLAssetLoaderServi - Loading from file system: file:/C:/Users/Admin/Desktop/Bomberman/target/classes/assets/textures/top_left_flame.png
13:51:20.563 [JavaFX Application Thread] DEBUG FXGLAssetLoaderServi - Loading from file system: file:/C:/Users/Admin/Desktop/Bomberman/target/classes/assets/textures/top_up_flame.png
13:52:26.611 [JavaFX Application Thread] DEBUG LoopRunner           - Stopping loop
13:52:26.612 [JavaFX Application Thread] FATAL FXGLApplication      - Uncaught Exception:
java.lang.IllegalArgumentException: Component PlayerComponent not found!
	at com.almasb.fxgl.entity.Entity.getComponent(Entity.java:369)
	at Bomberman.BombermanGame.lambda$onUpdate$9(BombermanGame.java:442)
	at java.base/java.util.ArrayList.forEach(ArrayList.java:1541)
	at Bomberman.BombermanGame.onUpdate(BombermanGame.java:441)
	at com.almasb.fxgl.app.FXGLApplication$GameApplicationService.onGameUpdate(FXGLApplication.kt:421)
	at com.almasb.fxgl.app.Engine.onGameUpdate(Engine.kt:137)
	at com.almasb.fxgl.app.FXGLApplication.postServicesInit$lambda-7(FXGLApplication.kt:182)
	at com.almasb.fxgl.scene.Scene.update(Scene.kt:113)
	at com.almasb.fxgl.app.MainWindow$update$1.invoke(MainWindow.kt:110)
	at com.almasb.fxgl.app.MainWindow$update$1.invoke(MainWindow.kt:110)
	at com.almasb.fxgl.core.fsm.StateMachine.runOnActiveStates(StateMachine.kt:69)
	at com.almasb.fxgl.app.MainWindow.update(MainWindow.kt:110)
	at com.almasb.fxgl.app.FXGLApplication$GameApplicationService.onUpdate(FXGLApplication.kt:426)
	at com.almasb.fxgl.app.Engine.loop(Engine.kt:133)
	at com.almasb.fxgl.app.Engine.access$loop(Engine.kt:24)
	at com.almasb.fxgl.app.Engine$loop$1.invoke(Engine.kt:28)
	at com.almasb.fxgl.app.Engine$loop$1.invoke(Engine.kt:28)
	at com.almasb.fxgl.app.LoopRunner.frame(LoopRunner.kt:103)
	at com.almasb.fxgl.app.LoopRunner.access$frame(LoopRunner.kt:23)
	at com.almasb.fxgl.app.LoopRunner$impl$2$1.onTick(LoopRunner.kt:57)
	at com.almasb.fxgl.app.AnimationTimerLoop$timer$1.handle(LoopRunner.kt:137)
	at javafx.animation.AnimationTimer$AnimationTimerReceiver.lambda$handle$0(AnimationTimer.java:57)
	at java.base/java.security.AccessController.doPrivileged(Native Method)
	at javafx.animation.AnimationTimer$AnimationTimerReceiver.handle(AnimationTimer.java:56)
	at com.sun.scenario.animation.AbstractPrimaryTimer.timePulseImpl(AbstractPrimaryTimer.java:356)
	at com.sun.scenario.animation.AbstractPrimaryTimer$MainLoop.run(AbstractPrimaryTimer.java:266)
	at com.sun.javafx.tk.quantum.QuantumToolkit.pulse(QuantumToolkit.java:559)
	at com.sun.javafx.tk.quantum.QuantumToolkit.pulse(QuantumToolkit.java:543)
	at com.sun.javafx.tk.quantum.QuantumToolkit.pulseFromQueue(QuantumToolkit.java:536)
	at com.sun.javafx.tk.quantum.QuantumToolkit.lambda$runToolkit$11(QuantumToolkit.java:342)
	at com.sun.glass.ui.InvokeLaterDispatcher$Future.run(InvokeLaterDispatcher.java:96)
	at com.sun.glass.ui.win.WinApplication._runLoop(Native Method)
	at com.sun.glass.ui.win.WinApplication.lambda$runLoop$3(WinApplication.java:174)
	at java.base/java.lang.Thread.run(Thread.java:834)

13:52:26.612 [JavaFX Application Thread] FATAL FXGLApplication      - Application will now exit
13:52:26.630 [JavaFX Application Thread] DEBUG PrimaryStageWindow   - Push state: ErrorSubScene
13:52:26.631 [JavaFX Application Thread] DEBUG Input                - Clearing active input actions
13:52:26.637 [JavaFX Application Thread] DEBUG GameApplicationServi - Removing overlay from GameScene and adding to ErrorSubScene
13:52:26.637 [JavaFX Application Thread] DEBUG PrimaryStageWindow   - GameScene -> ErrorSubScene
13:52:29.291 [JavaFX Application Thread] DEBUG FXGLApplication      - Exiting FXGL
13:52:29.291 [JavaFX Application Thread] DEBUG Async                - Shutting down background threads
13:52:29.291 [JavaFX Application Thread] DEBUG PrimaryStageWindow   - Closing main window
13:52:29.303 [JavaFX Application Thread] DEBUG Logger               - Closing Logger
