10:28:17.671 [main                     ] DEBUG Logger               - Configured Logger
10:28:17.690 [main                     ] DEBUG GameApplication      - Logging settings
Title: BOMBER
 MAN
Version: 1.0
Width: 1280
Height: 720
Fullscreen: true
Intro: false
Profiling: false
Single step:false
App Mode: DEVELOPER
Menu Key: ESCAPE
Stage Style: DECORATED
Scene Factory: class Bomberman.BombermanGame$1

10:28:18.128 [JavaFX Application Thread] DEBUG FXGLApplication      - Initializing FXGL
10:28:18.131 [JavaFX Application Thread] INFO  Engine               - FXGL-11.17 (16.07.2021 15.46) on WINDOWS (J:11.0.16.1 FX:16)
10:28:18.132 [JavaFX Application Thread] DEBUG Engine               - JRE Vendor Name: Oracle Corporation
10:28:18.132 [JavaFX Application Thread] DEBUG Engine               - Running on OS: Windows 11 version 10.0
10:28:18.132 [JavaFX Application Thread] DEBUG Engine               - Architecture: amd64
10:28:18.132 [JavaFX Application Thread] INFO  Engine               - Source code and latest versions at: https://github.com/AlmasB/FXGL
10:28:18.132 [JavaFX Application Thread] INFO  Engine               -              Join the FXGL chat at: https://gitter.im/AlmasB/FXGL
10:28:18.256 [JavaFX Application Thread] DEBUG PrimaryStageWindow   - Creating a JavaFX scene
10:28:18.321 [JavaFX Application Thread] DEBUG PrimaryStageWindow   - Target settings size: 1280.0 x 720.0
10:28:18.321 [JavaFX Application Thread] DEBUG PrimaryStageWindow   - Scaled scene size:    1280.0 x 720.0
10:28:18.321 [JavaFX Application Thread] DEBUG PrimaryStageWindow   - Scaled ratio: (1.0, 1.0)
10:28:18.322 [JavaFX Application Thread] DEBUG PrimaryStageWindow   - Set initial scene to FXGLStartupScene
10:28:18.335 [JavaFX Application Thread] DEBUG PrimaryStageWindow   - Opening main window
10:28:18.441 [JavaFX Application Thread] DEBUG PrimaryStageWindow   - Window border size: (13.0, 35.5)
10:28:18.441 [JavaFX Application Thread] DEBUG PrimaryStageWindow   - Scaled size: 1280.0 x 720.0
10:28:18.441 [JavaFX Application Thread] DEBUG PrimaryStageWindow   - Scaled ratio: (1.0, 1.0)
10:28:18.441 [JavaFX Application Thread] DEBUG PrimaryStageWindow   - Scene size: 1280.0 x 720.0
10:28:18.442 [JavaFX Application Thread] DEBUG PrimaryStageWindow   - Stage size: 1293.0 x 755.5
10:28:18.451 [FXGL Background Thread 1 ] DEBUG Engine               - Initializing environment variables
10:28:18.537 [FXGL Background Thread 1 ] DEBUG FXGLAssetLoaderServi - User app class for loading assets: class Bomberman.BombermanGame
10:28:18.537 [FXGL Background Thread 1 ] DEBUG GameApplicationServi - Applying CSS: fxgl_dark.css
10:28:18.538 [FXGL Background Thread 1 ] DEBUG FXGLAssetLoaderServi - Loading from file system: jar:file:/C:/Users/Admin/.m2/repository/com/github/almasb/fxgl/11.17/fxgl-11.17.jar!/fxglassets/ui/css/fxgl_dark.css
10:28:18.592 [FXGL Background Thread 1 ] DEBUG GameApplicationServi - Initializing application scenes
10:28:18.645 [FXGL Background Thread 1 ] DEBUG GameWorld            - Game world initialized
10:28:18.711 [FXGL Background Thread 1 ] DEBUG PhysicsWorld         - Physics world initialized: appHeight=720, physics.ppm=50.0
10:28:18.711 [FXGL Background Thread 1 ] DEBUG PhysicsWorld         - Using strategy: BRUTE_FORCE
10:28:18.714 [FXGL Background Thread 1 ] DEBUG GameScene            - Game scene initialized: 1280x720
10:28:18.851 [FXGL Background Thread 1 ] DEBUG GameApplicationServi - Application scenes initialized
10:28:18.864 [FXGL Background Thread 1 ] DEBUG SystemBundleService  - Loading FXGL system data
10:28:18.869 [FXGL Background Thread 1 ] DEBUG FileSystemAccess     - Reading from: C:\Users\Admin\Desktop\Bomberman\system\fxgl.bundle
10:28:18.876 [FXGL Background Thread 1 ] DEBUG SystemBundleService  - Bundle FXGL: {}
10:28:18.876 [FXGL Background Thread 1 ] DEBUG UpdaterService       - Checking for updates
10:28:18.882 [FXGL Background Thread 4 ] DEBUG FXGLApplication      - Loading fonts
10:28:18.882 [FXGL Background Thread 4 ] DEBUG FXGLAssetLoaderServi - Loading from file system: file:/C:/Users/Admin/Desktop/Bomberman/target/classes/assets/ui/fonts/game_font.ttf
10:28:18.882 [FXGL Background Thread 1 ] DEBUG FXGLApplication      - Loading default localization
10:28:18.883 [FXGL Background Thread 1 ] DEBUG FXGLAssetLoaderServi - Loading from file system: jar:file:/C:/Users/Admin/.m2/repository/com/github/almasb/fxgl/11.17/fxgl-11.17.jar!/fxglassets/languages/english.lang
10:28:18.898 [FXGL Background Thread 1 ] INFO  FXGLApplication      - FXGL initialization took: 0.448 sec
10:28:18.915 [JavaFX Application Thread] DEBUG Input                - Registered new binding: Move Left - A
10:28:18.915 [JavaFX Application Thread] DEBUG Input                - Registered new binding: Move Right - D
10:28:18.915 [JavaFX Application Thread] DEBUG Input                - Registered new binding: Move Up - W
10:28:18.915 [JavaFX Application Thread] DEBUG Input                - Registered new binding: Move Down - S
10:28:18.916 [JavaFX Application Thread] DEBUG Input                - Registered new binding: Place Bomb - Space
10:28:18.916 [JavaFX Application Thread] DEBUG Input                - Registered new binding: Switch to classic bomb - 1
10:28:18.916 [JavaFX Application Thread] DEBUG Input                - Registered new binding: Switch to lazer bomb - 2
10:28:18.916 [JavaFX Application Thread] DEBUG Input                - Registered new binding: Switch to light bomb - 3
10:28:18.917 [JavaFX Application Thread] DEBUG FXGLAssetLoaderServi - Loading from file system: file:/C:/Users/Admin/Desktop/Bomberman/target/classes/assets/music/stage_theme.mp3
10:28:19.150 [JavaFX Application Thread] DEBUG AudioPlayer          - Playing music com.almasb.fxgl.audio.Music@3df77c62
10:28:19.152 [JavaFX Application Thread] DEBUG FXGLAssetLoaderServi - Loading from file system: jar:file:/C:/Users/Admin/.m2/repository/com/github/almasb/fxgl/11.17/fxgl-11.17.jar!/fxglassets/textures/fxgl_icon.png
10:28:19.201 [JavaFX Application Thread] DEBUG FXGLAssetLoaderServi - Loading from file system: jar:file:/C:/Users/Admin/.m2/repository/com/github/almasb/fxgl/11.17/fxgl-11.17.jar!/fxglassets/textures/fxgl_default_cursor.png
10:28:19.207 [JavaFX Application Thread] DEBUG Input                - Registered new binding: Screenshot - CTRL+8
10:28:19.207 [JavaFX Application Thread] DEBUG Input                - Registered new binding: System info dump - CTRL+9
10:28:19.208 [JavaFX Application Thread] DEBUG Input                - Registered new binding: Restart - CTRL+R
10:28:19.210 [JavaFX Application Thread] DEBUG Input                - Registered new binding: Toggle Debug Camera - CTRL+C
10:28:19.214 [JavaFX Application Thread] DEBUG LoopRunner           - Starting loop
10:28:19.214 [JavaFX Application Thread] DEBUG LoopRunner           - Initializing JavaFX AnimationTimerLoop
10:28:19.219 [JavaFX Application Thread] DEBUG Input                - Clearing active input actions
10:28:19.245 [JavaFX Application Thread] DEBUG GameApplicationServi - Removing overlay from FXGLStartupScene and adding to FXGLMainMenuDummyScene
10:28:19.246 [JavaFX Application Thread] DEBUG PrimaryStageWindow   - FXGLStartupScene -> FXGLMainMenuDummyScene
10:28:19.247 [JavaFX Application Thread] DEBUG PrimaryStageWindow   - Push state: MainMenu
10:28:19.247 [JavaFX Application Thread] DEBUG Input                - Clearing active input actions
10:28:19.259 [JavaFX Application Thread] DEBUG GameApplicationServi - Removing overlay from FXGLMainMenuDummyScene and adding to MainMenu
10:28:19.260 [JavaFX Application Thread] DEBUG PrimaryStageWindow   - FXGLMainMenuDummyScene -> MainMenu
10:28:19.492 [FXGL Background Thread 4 ] DEBUG FXGLAssetLoaderServi - Loading from file system: jar:file:/C:/Users/Admin/.m2/repository/com/github/almasb/fxgl/11.17/fxgl-11.17.jar!/fxglassets/ui/fonts/Abel-Regular.ttf
10:28:19.499 [FXGL Background Thread 4 ] DEBUG FXGLAssetLoaderServi - Loading from file system: jar:file:/C:/Users/Admin/.m2/repository/com/github/almasb/fxgl/11.17/fxgl-11.17.jar!/fxglassets/ui/fonts/lucida_console.ttf
10:28:19.510 [FXGL Background Thread 4 ] DEBUG FXGLAssetLoaderServi - Loading from file system: jar:file:/C:/Users/Admin/.m2/repository/com/github/almasb/fxgl/11.17/fxgl-11.17.jar!/fxglassets/ui/fonts/Courier-Prime.ttf
10:28:19.522 [JavaFX Application Thread] DEBUG FXGLApplication      - Registering font factories with UI factory
10:28:20.458 [JavaFX Application Thread] DEBUG Menu                 - fireNewGame()
10:28:20.459 [JavaFX Application Thread] DEBUG GameApplicationServi - Starting new game
10:28:20.459 [JavaFX Application Thread] DEBUG PrimaryStageWindow   - Pop state: MainMenu
10:28:20.459 [JavaFX Application Thread] DEBUG Input                - Clearing active input actions
10:28:20.459 [JavaFX Application Thread] DEBUG GameApplicationServi - Removing overlay from MainMenu and adding to FXGLMainMenuDummyScene
10:28:20.459 [JavaFX Application Thread] DEBUG PrimaryStageWindow   - FXGLMainMenuDummyScene <- MainMenu
10:28:20.460 [JavaFX Application Thread] DEBUG Input                - Clearing active input actions
10:28:20.465 [JavaFX Application Thread] DEBUG GameApplicationServi - Removing overlay from FXGLMainMenuDummyScene and adding to FXGLLoadingScene
10:28:20.465 [JavaFX Application Thread] DEBUG PrimaryStageWindow   - FXGLMainMenuDummyScene -> FXGLLoadingScene
10:28:20.465 [JavaFX Application Thread] DEBUG GameApplicationServi - Clearing previous game
10:28:20.465 [JavaFX Application Thread] DEBUG GameScene            - Clearing game scene
10:28:20.465 [JavaFX Application Thread] DEBUG GameWorld            - Clearing game world
10:28:20.466 [JavaFX Application Thread] DEBUG PhysicsWorld         - Clearing physics world
10:28:20.467 [FXGL Background Thread 4 ] DEBUG FXGLApplication      - Initializing game
10:28:20.485 [FXGL Background Thread 4 ] DEBUG FXGLAssetLoaderServi - Loading from file system: file:/C:/Users/Admin/Desktop/Bomberman/target/classes/assets/textures/wall.png
10:28:20.530 [FXGL Background Thread 2 ] INFO  UpdaterService       - Your current version:  11.17
10:28:20.530 [FXGL Background Thread 2 ] INFO  UpdaterService       - Latest stable version: 17.2
10:28:20.559 [FXGL Background Thread 4 ] DEBUG FXGLAssetLoaderServi - Loading from file system: file:/C:/Users/Admin/Desktop/Bomberman/target/classes/assets/textures/player_die.png
10:28:20.563 [FXGL Background Thread 4 ] DEBUG FXGLAssetLoaderServi - Loading from file system: file:/C:/Users/Admin/Desktop/Bomberman/target/classes/assets/textures/player_down.png
10:28:20.565 [FXGL Background Thread 4 ] DEBUG FXGLAssetLoaderServi - Loading from file system: file:/C:/Users/Admin/Desktop/Bomberman/target/classes/assets/textures/player_right.png
10:28:20.566 [FXGL Background Thread 4 ] DEBUG FXGLAssetLoaderServi - Loading from file system: file:/C:/Users/Admin/Desktop/Bomberman/target/classes/assets/textures/player_up.png
10:28:20.567 [FXGL Background Thread 4 ] DEBUG FXGLAssetLoaderServi - Loading from file system: file:/C:/Users/Admin/Desktop/Bomberman/target/classes/assets/textures/player_left.png
10:28:20.574 [FXGL Background Thread 4 ] DEBUG FXGLAssetLoaderServi - Loading from file system: file:/C:/Users/Admin/Desktop/Bomberman/target/classes/assets/textures/powerup_bombs.png
10:28:20.577 [FXGL Background Thread 4 ] DEBUG FXGLAssetLoaderServi - Loading from file system: file:/C:/Users/Admin/Desktop/Bomberman/target/classes/assets/textures/brick.png
10:28:20.578 [FXGL Background Thread 4 ] DEBUG FXGLAssetLoaderServi - Loading from file system: file:/C:/Users/Admin/Desktop/Bomberman/target/classes/assets/textures/brick_break.png
10:28:20.584 [FXGL Background Thread 4 ] DEBUG FXGLAssetLoaderServi - Loading from file system: file:/C:/Users/Admin/Desktop/Bomberman/target/classes/assets/textures/enemy1.png
10:28:20.595 [FXGL Background Thread 4 ] DEBUG FXGLAssetLoaderServi - Loading from file system: file:/C:/Users/Admin/Desktop/Bomberman/target/classes/assets/textures/enemy2.png
10:28:20.624 [FXGL Background Thread 4 ] DEBUG FXGLAssetLoaderServi - Loading from file system: file:/C:/Users/Admin/Desktop/Bomberman/target/classes/assets/textures/portal.png
10:28:20.650 [FXGL Background Thread 4 ] DEBUG FXGLAssetLoaderServi - Loading from file system: file:/C:/Users/Admin/Desktop/Bomberman/target/classes/assets/textures/powerup_flames.png
10:28:20.699 [FXGL Background Thread 4 ] DEBUG FXGLAssetLoaderServi - Loading from file system: file:/C:/Users/Admin/Desktop/Bomberman/target/classes/assets/textures/powerup_speed.png
10:28:20.729 [FXGL Background Thread 4 ] INFO  FXGLApplication      - Game initialization took: 0.263 sec
10:28:20.730 [JavaFX Application Thread] DEBUG Input                - Clearing active input actions
10:28:20.747 [JavaFX Application Thread] DEBUG GameApplicationServi - Removing overlay from FXGLLoadingScene and adding to GameScene
10:28:20.747 [JavaFX Application Thread] DEBUG PrimaryStageWindow   - FXGLLoadingScene -> GameScene
10:28:20.753 [JavaFX Application Thread] DEBUG FXGLAssetLoaderServi - Loading from file system: file:/C:/Users/Admin/Desktop/Bomberman/target/classes/assets/sounds/stage_start.wav
10:28:20.779 [JavaFX Application Thread] DEBUG PrimaryStageWindow   - Push state: StageStartScene
10:28:20.780 [JavaFX Application Thread] DEBUG Input                - Clearing active input actions
10:28:20.780 [JavaFX Application Thread] DEBUG GameApplicationServi - Removing overlay from GameScene and adding to StageStartScene
10:28:20.786 [JavaFX Application Thread] DEBUG PrimaryStageWindow   - GameScene -> StageStartScene
10:28:21.881 [FXGL Background Thread 3 ] DEBUG Engine               - Logging environment variables
10:28:21.881 [FXGL Background Thread 3 ] DEBUG Engine               - achievements: []
10:28:21.881 [FXGL Background Thread 3 ] DEBUG Engine               - actualHeight: 720.0
10:28:21.881 [FXGL Background Thread 3 ] DEBUG Engine               - actualHeightProperty: ReadOnlyDoubleProperty [value: 720.0]
10:28:21.882 [FXGL Background Thread 3 ] DEBUG Engine               - actualWidth: 1280.0
10:28:21.882 [FXGL Background Thread 3 ] DEBUG Engine               - actualWidthProperty: ReadOnlyDoubleProperty [value: 1280.0]
10:28:21.882 [FXGL Background Thread 3 ] DEBUG Engine               - appIcon: fxgl_icon.png
10:28:21.882 [FXGL Background Thread 3 ] DEBUG Engine               - applicationMode: DEVELOPER
10:28:21.882 [FXGL Background Thread 3 ] DEBUG Engine               - cSSList: [fxgl_dark.css]
10:28:21.882 [FXGL Background Thread 3 ] DEBUG Engine               - collisionDetectionStrategy: BRUTE_FORCE
10:28:21.882 [FXGL Background Thread 3 ] DEBUG Engine               - configClass: Optional.empty
10:28:21.882 [FXGL Background Thread 3 ] DEBUG Engine               - credits: []
10:28:21.882 [FXGL Background Thread 3 ] DEBUG Engine               - defaultCursor: CursorInfo(imageName=fxgl_default_cursor.png, hotspotX=7.0, hotspotY=6.0)
10:28:21.882 [FXGL Background Thread 3 ] DEBUG Engine               - devBBoxColorProperty: ObjectProperty [value: 0xff0000ff]
10:28:21.882 [FXGL Background Thread 3 ] DEBUG Engine               - devEnableDebugCameraProperty: BooleanProperty [value: false]
10:28:21.882 [FXGL Background Thread 3 ] DEBUG Engine               - devSensorColorProperty: ObjectProperty [value: 0xffff00ff]
10:28:21.882 [FXGL Background Thread 3 ] DEBUG Engine               - devShowBBoxProperty: BooleanProperty [value: false]
10:28:21.882 [FXGL Background Thread 3 ] DEBUG Engine               - devShowPositionProperty: BooleanProperty [value: false]
10:28:21.882 [FXGL Background Thread 3 ] DEBUG Engine               - enabledMenuItems: []
10:28:21.882 [FXGL Background Thread 3 ] DEBUG Engine               - engineServices: [class com.almasb.fxgl.app.services.FXGLAssetLoaderService, class com.almasb.fxgl.app.FXGLApplication$GameApplicationService, class com.almasb.fxgl.app.services.FXGLDialogService, class com.almasb.fxgl.app.services.IOTaskExecutorService, class com.almasb.fxgl.io.FileSystemService, class com.almasb.fxgl.localization.LocalizationService, class com.almasb.fxgl.app.services.SystemBundleService, class com.almasb.fxgl.profile.SaveLoadService, class com.almasb.fxgl.ui.FXGLUIFactoryServiceProvider, class com.almasb.fxgl.ui.FXGLDialogFactoryServiceProvider, class com.almasb.fxgl.audio.AudioPlayer, class com.almasb.fxgl.notification.impl.NotificationServiceProvider, class com.almasb.fxgl.achievement.AchievementService, class com.almasb.fxgl.cutscene.CutsceneService, class com.almasb.fxgl.minigames.MiniGameService, class com.almasb.fxgl.net.NetService, class com.almasb.fxgl.app.services.UpdaterService, class com.almasb.fxgl.dev.DevService]
10:28:21.883 [FXGL Background Thread 3 ] DEBUG Engine               - fontGame: Abel-Regular.ttf
10:28:21.883 [FXGL Background Thread 3 ] DEBUG Engine               - fontMono: lucida_console.ttf
10:28:21.883 [FXGL Background Thread 3 ] DEBUG Engine               - fontText: Courier-Prime.ttf
10:28:21.883 [FXGL Background Thread 3 ] DEBUG Engine               - fontUI: game_font.ttf
10:28:21.883 [FXGL Background Thread 3 ] DEBUG Engine               - fullScreen: BooleanProperty [value: false]
10:28:21.883 [FXGL Background Thread 3 ] DEBUG Engine               - gameDifficulty: MEDIUM
10:28:21.883 [FXGL Background Thread 3 ] DEBUG Engine               - gameDifficultyProperty: ObjectProperty [value: MEDIUM]
10:28:21.883 [FXGL Background Thread 3 ] DEBUG Engine               - globalMusicVolume: 0.5
10:28:21.883 [FXGL Background Thread 3 ] DEBUG Engine               - globalMusicVolumeProperty: DoubleProperty [value: 0.0]
10:28:21.883 [FXGL Background Thread 3 ] DEBUG Engine               - globalSoundVolume: 0.5
10:28:21.883 [FXGL Background Thread 3 ] DEBUG Engine               - globalSoundVolumeProperty: DoubleProperty [value: 0.5]
10:28:21.883 [FXGL Background Thread 3 ] DEBUG Engine               - height: 720
10:28:21.883 [FXGL Background Thread 3 ] DEBUG Engine               - is3D: false
10:28:21.883 [FXGL Background Thread 3 ] DEBUG Engine               - isAndroid: false
10:28:21.883 [FXGL Background Thread 3 ] DEBUG Engine               - isBrowser: false
10:28:21.883 [FXGL Background Thread 3 ] DEBUG Engine               - isClickFeedbackEnabled: false
10:28:21.883 [FXGL Background Thread 3 ] DEBUG Engine               - isCloseConfirmation: false
10:28:21.883 [FXGL Background Thread 3 ] DEBUG Engine               - isDesktop: true
10:28:21.883 [FXGL Background Thread 3 ] DEBUG Engine               - isDeveloperMenuEnabled: false
10:28:21.883 [FXGL Background Thread 3 ] DEBUG Engine               - isEntityPreloadEnabled: true
10:28:21.883 [FXGL Background Thread 3 ] DEBUG Engine               - isExperimentalTiledLargeMap: false
10:28:21.883 [FXGL Background Thread 3 ] DEBUG Engine               - isFileSystemWriteAllowed: true
10:28:21.883 [FXGL Background Thread 3 ] DEBUG Engine               - isFullScreenAllowed: true
10:28:21.883 [FXGL Background Thread 3 ] DEBUG Engine               - isFullScreenFromStart: false
10:28:21.883 [FXGL Background Thread 3 ] DEBUG Engine               - isGameMenuEnabled: true
10:28:21.884 [FXGL Background Thread 3 ] DEBUG Engine               - isIOS: false
10:28:21.884 [FXGL Background Thread 3 ] DEBUG Engine               - isIntroEnabled: false
10:28:21.884 [FXGL Background Thread 3 ] DEBUG Engine               - isLinux: false
10:28:21.884 [FXGL Background Thread 3 ] DEBUG Engine               - isMac: false
10:28:21.884 [FXGL Background Thread 3 ] DEBUG Engine               - isMainMenuEnabled: true
10:28:21.884 [FXGL Background Thread 3 ] DEBUG Engine               - isManualResizeEnabled: false
10:28:21.884 [FXGL Background Thread 3 ] DEBUG Engine               - isMobile: false
10:28:21.884 [FXGL Background Thread 3 ] DEBUG Engine               - isNative: false
10:28:21.884 [FXGL Background Thread 3 ] DEBUG Engine               - isPauseMusicWhenMinimized: true
10:28:21.884 [FXGL Background Thread 3 ] DEBUG Engine               - isPreserveResizeRatio: false
10:28:21.884 [FXGL Background Thread 3 ] DEBUG Engine               - isProfilingEnabled: false
10:28:21.884 [FXGL Background Thread 3 ] DEBUG Engine               - isScaleAffectedOnResize: true
10:28:21.884 [FXGL Background Thread 3 ] DEBUG Engine               - isSingleStep: false
10:28:21.884 [FXGL Background Thread 3 ] DEBUG Engine               - isUserProfileEnabled: false
10:28:21.884 [FXGL Background Thread 3 ] DEBUG Engine               - isWindows: true
10:28:21.884 [FXGL Background Thread 3 ] DEBUG Engine               - language: ObjectProperty [value: ENGLISH]
10:28:21.884 [FXGL Background Thread 3 ] DEBUG Engine               - menuKey: ESCAPE
10:28:21.884 [FXGL Background Thread 3 ] DEBUG Engine               - mouseSensitivity: 0.2
10:28:21.884 [FXGL Background Thread 3 ] DEBUG Engine               - notificationViewClass: class com.almasb.fxgl.notification.view.XboxNotificationView
10:28:21.884 [FXGL Background Thread 3 ] DEBUG Engine               - pixelsPerMeter: 50.0
10:28:21.884 [FXGL Background Thread 3 ] DEBUG Engine               - platform: WINDOWS
10:28:21.884 [FXGL Background Thread 3 ] DEBUG Engine               - prefHeightProperty: ReadOnlyDoubleProperty [value: 720.0]
10:28:21.884 [FXGL Background Thread 3 ] DEBUG Engine               - prefWidthProperty: ReadOnlyDoubleProperty [value: 1280.0]
10:28:21.884 [FXGL Background Thread 3 ] DEBUG Engine               - profileDir: profiles/
10:28:21.884 [FXGL Background Thread 3 ] DEBUG Engine               - profileName: StringProperty [value: DEFAULT]
10:28:21.884 [FXGL Background Thread 3 ] DEBUG Engine               - randomSeed: -1
10:28:21.884 [FXGL Background Thread 3 ] DEBUG Engine               - runtimeInfo: RuntimeInfo(platform=WINDOWS, version=11.17, build=16.07.2021 15.46)
10:28:21.884 [FXGL Background Thread 3 ] DEBUG Engine               - saveFileExt: sav
10:28:21.884 [FXGL Background Thread 3 ] DEBUG Engine               - scaledHeightProp$fxgl: DoubleProperty [bound, value: 720.0]
10:28:21.884 [FXGL Background Thread 3 ] DEBUG Engine               - scaledWidthProp$fxgl: DoubleProperty [bound, value: 1280.0]
10:28:21.884 [FXGL Background Thread 3 ] DEBUG Engine               - sceneFactory: Bomberman.BombermanGame$1@4b6c0bd5
10:28:21.884 [FXGL Background Thread 3 ] DEBUG Engine               - secondsIn24h: 60
10:28:21.884 [FXGL Background Thread 3 ] DEBUG Engine               - soundMenuBack: menu/back.wav
10:28:21.884 [FXGL Background Thread 3 ] DEBUG Engine               - soundMenuPress: menu/press.wav
10:28:21.885 [FXGL Background Thread 3 ] DEBUG Engine               - soundMenuSelect: menu/select.wav
10:28:21.885 [FXGL Background Thread 3 ] DEBUG Engine               - soundNotification: core/notification.wav
10:28:21.885 [FXGL Background Thread 3 ] DEBUG Engine               - stageStyle: DECORATED
10:28:21.885 [FXGL Background Thread 3 ] DEBUG Engine               - supportedLanguages: [ENGLISH, FRENCH, GERMAN, HUNGARIAN, RUSSIAN]
10:28:21.885 [FXGL Background Thread 3 ] DEBUG Engine               - ticksPerSecond: -1
10:28:21.885 [FXGL Background Thread 3 ] DEBUG Engine               - title: BOMBER
 MAN
10:28:21.885 [FXGL Background Thread 3 ] DEBUG Engine               - urlGithub: https://github.com/AlmasB/FXGL
10:28:21.885 [FXGL Background Thread 3 ] DEBUG Engine               - urlLeaderboard: http://fxgl-top.herokuapp.com/
10:28:21.885 [FXGL Background Thread 3 ] DEBUG Engine               - urlPOM: https://raw.githubusercontent.com/AlmasB/FXGL/release/README.md
10:28:21.885 [FXGL Background Thread 3 ] DEBUG Engine               - userAppClass: class Bomberman.BombermanGame
10:28:21.885 [FXGL Background Thread 3 ] DEBUG Engine               - version: 1.0
10:28:21.885 [FXGL Background Thread 3 ] DEBUG Engine               - versionCheckDays: 7
10:28:21.885 [FXGL Background Thread 3 ] DEBUG Engine               - width: 1280
10:28:21.885 [FXGL Background Thread 3 ] DEBUG Engine               - Logging services
10:28:21.885 [FXGL Background Thread 3 ] DEBUG Engine               - class com.almasb.fxgl.app.services.FXGLAssetLoaderService
10:28:21.885 [FXGL Background Thread 3 ] DEBUG Engine               - class com.almasb.fxgl.app.FXGLApplication$GameApplicationService
10:28:21.885 [FXGL Background Thread 3 ] DEBUG Engine               - class com.almasb.fxgl.app.services.FXGLDialogService
10:28:21.885 [FXGL Background Thread 3 ] DEBUG Engine               - class com.almasb.fxgl.app.services.IOTaskExecutorService
10:28:21.885 [FXGL Background Thread 3 ] DEBUG Engine               - class com.almasb.fxgl.io.FileSystemService
10:28:21.885 [FXGL Background Thread 3 ] DEBUG Engine               - class com.almasb.fxgl.localization.LocalizationService
10:28:21.885 [FXGL Background Thread 3 ] DEBUG Engine               - class com.almasb.fxgl.app.services.SystemBundleService
10:28:21.885 [FXGL Background Thread 3 ] DEBUG Engine               - class com.almasb.fxgl.profile.SaveLoadService
10:28:21.885 [FXGL Background Thread 3 ] DEBUG Engine               - class com.almasb.fxgl.ui.FXGLUIFactoryServiceProvider
10:28:21.885 [FXGL Background Thread 3 ] DEBUG Engine               - class com.almasb.fxgl.ui.FXGLDialogFactoryServiceProvider
10:28:21.885 [FXGL Background Thread 3 ] DEBUG Engine               - class com.almasb.fxgl.audio.AudioPlayer
10:28:21.885 [FXGL Background Thread 3 ] DEBUG Engine               - class com.almasb.fxgl.notification.impl.NotificationServiceProvider
10:28:21.885 [FXGL Background Thread 3 ] DEBUG Engine               - class com.almasb.fxgl.achievement.AchievementService
10:28:21.885 [FXGL Background Thread 3 ] DEBUG Engine               - class com.almasb.fxgl.cutscene.CutsceneService
10:28:21.885 [FXGL Background Thread 3 ] DEBUG Engine               - class com.almasb.fxgl.minigames.MiniGameService
10:28:21.885 [FXGL Background Thread 3 ] DEBUG Engine               - class com.almasb.fxgl.net.NetService
10:28:21.885 [FXGL Background Thread 3 ] DEBUG Engine               - class com.almasb.fxgl.app.services.UpdaterService
10:28:21.885 [FXGL Background Thread 3 ] DEBUG Engine               - class com.almasb.fxgl.dev.DevService
10:28:24.669 [JavaFX Application Thread] DEBUG PrimaryStageWindow   - Pop state: StageStartScene
10:28:24.669 [JavaFX Application Thread] DEBUG Input                - Clearing active input actions
10:28:24.670 [JavaFX Application Thread] DEBUG GameApplicationServi - Removing overlay from StageStartScene and adding to GameScene
10:28:24.670 [JavaFX Application Thread] DEBUG PrimaryStageWindow   - GameScene <- StageStartScene
10:28:26.663 [JavaFX Application Thread] DEBUG PrimaryStageWindow   - Push state: GameMenu
10:28:26.663 [JavaFX Application Thread] DEBUG Input                - Clearing active input actions
10:28:26.664 [JavaFX Application Thread] DEBUG GameApplicationServi - Removing overlay from GameScene and adding to GameMenu
10:28:26.664 [JavaFX Application Thread] DEBUG PrimaryStageWindow   - GameScene -> GameMenu
10:28:28.074 [JavaFX Application Thread] DEBUG Menu                 - fireExit()
10:28:28.079 [JavaFX Application Thread] DEBUG PrimaryStageWindow   - Push state: DialogSubScene
10:28:28.079 [JavaFX Application Thread] DEBUG Input                - Clearing active input actions
10:28:28.079 [JavaFX Application Thread] DEBUG GameApplicationServi - Removing overlay from GameMenu and adding to DialogSubScene
10:28:28.079 [JavaFX Application Thread] DEBUG PrimaryStageWindow   - GameMenu -> DialogSubScene
10:28:28.770 [JavaFX Application Thread] DEBUG PrimaryStageWindow   - Pop state: DialogSubScene
10:28:28.770 [JavaFX Application Thread] DEBUG Input                - Clearing active input actions
10:28:28.771 [JavaFX Application Thread] DEBUG GameApplicationServi - Removing overlay from DialogSubScene and adding to GameMenu
10:28:28.771 [JavaFX Application Thread] DEBUG PrimaryStageWindow   - GameMenu <- DialogSubScene
10:28:28.771 [JavaFX Application Thread] DEBUG FXGLApplication      - Exiting FXGL
10:28:28.771 [JavaFX Application Thread] DEBUG LoopRunner           - Stopping loop
10:28:28.771 [JavaFX Application Thread] DEBUG SystemBundleService  - Saving FXGL system data
10:28:28.773 [JavaFX Application Thread] DEBUG FileSystemAccess     - Writing to: C:\Users\Admin\Desktop\Bomberman\system\fxgl.bundle
10:28:28.774 [JavaFX Application Thread] DEBUG Async                - Shutting down background threads
10:28:28.775 [JavaFX Application Thread] DEBUG PrimaryStageWindow   - Closing main window
10:28:28.789 [JavaFX Application Thread] DEBUG Logger               - Closing Logger
