20:07:03.773 [main                     ] DEBUG Logger               - Configured Logger
20:07:03.777 [main                     ] DEBUG GameApplication      - Logging settings
Title: BOMBERMAN
Version: 1.0
Width: 1488
Height: 624
Fullscreen: true
Intro: false
Profiling: false
Single step:false
App Mode: DEVELOPER
Menu Key: ESCAPE
Stage Style: DECORATED
Scene Factory: class com.almasb.fxgl.app.scene.SceneFactory

20:07:04.216 [JavaFX Application Thread] DEBUG FXGLApplication      - Initializing FXGL
20:07:04.218 [JavaFX Application Thread] INFO  Engine               - FXGL-11.17 (16.07.2021 15.46) on WINDOWS (J:11.0.16.1 FX:16)
20:07:04.218 [JavaFX Application Thread] DEBUG Engine               - JRE Vendor Name: Oracle Corporation
20:07:04.219 [JavaFX Application Thread] DEBUG Engine               - Running on OS: Windows 11 version 10.0
20:07:04.219 [JavaFX Application Thread] DEBUG Engine               - Architecture: amd64
20:07:04.219 [JavaFX Application Thread] INFO  Engine               - Source code and latest versions at: https://github.com/AlmasB/FXGL
20:07:04.219 [JavaFX Application Thread] INFO  Engine               -              Join the FXGL chat at: https://gitter.im/AlmasB/FXGL
20:07:04.349 [JavaFX Application Thread] DEBUG PrimaryStageWindow   - Creating a JavaFX scene
20:07:04.349 [JavaFX Application Thread] DEBUG PrimaryStageWindow   - Target size > screen size
20:07:04.417 [JavaFX Application Thread] DEBUG PrimaryStageWindow   - Target settings size: 1488.0 x 624.0
20:07:04.418 [JavaFX Application Thread] DEBUG PrimaryStageWindow   - Scaled scene size:    1415.0 x 603.0
20:07:04.418 [JavaFX Application Thread] DEBUG PrimaryStageWindow   - Scaled ratio: (0.9509408602150538, 0.9663461538461539)
20:07:04.420 [JavaFX Application Thread] DEBUG PrimaryStageWindow   - Set initial scene to FXGLStartupScene
20:07:04.432 [JavaFX Application Thread] DEBUG PrimaryStageWindow   - Opening main window
20:07:04.530 [JavaFX Application Thread] DEBUG PrimaryStageWindow   - Window border size: (13.0, 35.5)
20:07:04.531 [JavaFX Application Thread] DEBUG PrimaryStageWindow   - Scaled size: 1415.0 x 603.0
20:07:04.531 [JavaFX Application Thread] DEBUG PrimaryStageWindow   - Scaled ratio: (0.9509408602150538, 0.9663461538461539)
20:07:04.531 [JavaFX Application Thread] DEBUG PrimaryStageWindow   - Scene size: 1415.0 x 603.0
20:07:04.531 [JavaFX Application Thread] DEBUG PrimaryStageWindow   - Stage size: 1428.0 x 638.5
20:07:04.542 [FXGL Background Thread 1 ] DEBUG Engine               - Initializing environment variables
20:07:04.638 [FXGL Background Thread 1 ] DEBUG FXGLAssetLoaderServi - User app class for loading assets: class Bomberman.BombermanGame
20:07:04.639 [FXGL Background Thread 1 ] DEBUG GameApplicationServi - Applying CSS: fxgl_dark.css
20:07:04.640 [FXGL Background Thread 1 ] DEBUG FXGLAssetLoaderServi - Loading from file system: jar:file:/C:/Users/Admin/.m2/repository/com/github/almasb/fxgl/11.17/fxgl-11.17.jar!/fxglassets/ui/css/fxgl_dark.css
20:07:04.689 [FXGL Background Thread 1 ] DEBUG GameApplicationServi - Initializing application scenes
20:07:04.737 [FXGL Background Thread 1 ] DEBUG GameWorld            - Game world initialized
20:07:04.802 [FXGL Background Thread 1 ] DEBUG PhysicsWorld         - Physics world initialized: appHeight=624, physics.ppm=50.0
20:07:04.803 [FXGL Background Thread 1 ] DEBUG PhysicsWorld         - Using strategy: BRUTE_FORCE
20:07:04.806 [FXGL Background Thread 1 ] DEBUG GameScene            - Game scene initialized: 1488x624
20:07:04.818 [FXGL Background Thread 1 ] DEBUG FXGL.DefaultMenu     - createMenuBodyGameMenu()
20:07:04.839 [FXGL Background Thread 1 ] DEBUG FXGL.DefaultMenu     - createOptionsMenu()
20:07:04.853 [FXGL Background Thread 1 ] DEBUG FXGLAssetLoaderServi - Loading from file system: jar:file:/C:/Users/Admin/.m2/repository/com/github/almasb/fxgl/11.17/fxgl-11.17.jar!/fxglassets/textures/particles/smoke.png
20:07:04.955 [FXGL Background Thread 1 ] DEBUG FXGLAssetLoaderServi - Loading from file system: jar:file:/C:/Users/Admin/.m2/repository/com/github/almasb/fxgl/11.17/fxgl-11.17.jar!/fxglassets/textures/particles/trace_horizontal.png
20:07:04.984 [FXGL Background Thread 1 ] DEBUG GameApplicationServi - Application scenes initialized
20:07:04.997 [FXGL Background Thread 1 ] DEBUG SystemBundleService  - Loading FXGL system data
20:07:05.001 [FXGL Background Thread 1 ] DEBUG FileSystemAccess     - Reading from: C:\Users\Admin\Desktop\Bomberman\system\fxgl.bundle
20:07:05.008 [FXGL Background Thread 1 ] DEBUG SystemBundleService  - Bundle FXGL: {}
20:07:05.009 [FXGL Background Thread 1 ] DEBUG UpdaterService       - Checking for updates
20:07:05.012 [FXGL Background Thread 4 ] DEBUG FXGLApplication      - Loading fonts
20:07:05.013 [FXGL Background Thread 1 ] DEBUG FXGLApplication      - Loading default localization
20:07:05.013 [FXGL Background Thread 4 ] DEBUG FXGLAssetLoaderServi - Loading from file system: jar:file:/C:/Users/Admin/.m2/repository/com/github/almasb/fxgl/11.17/fxgl-11.17.jar!/fxglassets/ui/fonts/VarelaRound-Regular.ttf
20:07:05.014 [FXGL Background Thread 1 ] DEBUG FXGLAssetLoaderServi - Loading from file system: jar:file:/C:/Users/Admin/.m2/repository/com/github/almasb/fxgl/11.17/fxgl-11.17.jar!/fxglassets/languages/english.lang
20:07:05.030 [FXGL Background Thread 1 ] INFO  FXGLApplication      - FXGL initialization took: 0.489 sec
20:07:05.047 [JavaFX Application Thread] DEBUG Input                - Registered new binding: Move Left - A
20:07:05.047 [JavaFX Application Thread] DEBUG Input                - Registered new binding: Move Right - D
20:07:05.047 [JavaFX Application Thread] DEBUG Input                - Registered new binding: Move Up - W
20:07:05.047 [JavaFX Application Thread] DEBUG Input                - Registered new binding: Move Down - S
20:07:05.048 [JavaFX Application Thread] DEBUG Input                - Registered new binding: Place Bomb - Space
20:07:05.048 [JavaFX Application Thread] DEBUG Input                - Registered new binding: Switch to classic bomb - 1
20:07:05.048 [JavaFX Application Thread] DEBUG Input                - Registered new binding: Switch to lazer bomb - 2
20:07:05.048 [JavaFX Application Thread] DEBUG Input                - Registered new binding: Switch to light bomb - 3
20:07:05.049 [JavaFX Application Thread] DEBUG FXGLAssetLoaderServi - Loading from file system: jar:file:/C:/Users/Admin/.m2/repository/com/github/almasb/fxgl/11.17/fxgl-11.17.jar!/fxglassets/textures/fxgl_icon.png
20:07:05.080 [JavaFX Application Thread] DEBUG FXGLAssetLoaderServi - Loading from file system: jar:file:/C:/Users/Admin/.m2/repository/com/github/almasb/fxgl/11.17/fxgl-11.17.jar!/fxglassets/textures/fxgl_default_cursor.png
20:07:05.085 [JavaFX Application Thread] DEBUG Input                - Registered new binding: Screenshot - CTRL+8
20:07:05.086 [JavaFX Application Thread] DEBUG Input                - Registered new binding: System info dump - CTRL+9
20:07:05.087 [JavaFX Application Thread] DEBUG Input                - Registered new binding: Restart - CTRL+R
20:07:05.088 [JavaFX Application Thread] DEBUG Input                - Registered new binding: Toggle Debug Camera - CTRL+C
20:07:05.091 [JavaFX Application Thread] DEBUG LoopRunner           - Starting loop
20:07:05.091 [JavaFX Application Thread] DEBUG LoopRunner           - Initializing JavaFX AnimationTimerLoop
20:07:05.095 [JavaFX Application Thread] DEBUG GameApplicationServi - Starting new game
20:07:05.095 [JavaFX Application Thread] DEBUG Input                - Clearing active input actions
20:07:05.120 [JavaFX Application Thread] DEBUG GameApplicationServi - Removing overlay from FXGLStartupScene and adding to FXGLLoadingScene
20:07:05.120 [JavaFX Application Thread] DEBUG PrimaryStageWindow   - FXGLStartupScene -> FXGLLoadingScene
20:07:05.121 [JavaFX Application Thread] DEBUG GameApplicationServi - Clearing previous game
20:07:05.121 [JavaFX Application Thread] DEBUG GameScene            - Clearing game scene
20:07:05.121 [JavaFX Application Thread] DEBUG GameWorld            - Clearing game world
20:07:05.121 [JavaFX Application Thread] DEBUG PhysicsWorld         - Clearing physics world
20:07:05.123 [FXGL Background Thread 1 ] DEBUG FXGLApplication      - Initializing game
20:07:05.154 [FXGL Background Thread 1 ] DEBUG FXGLAssetLoaderServi - Loading from file system: file:/C:/Users/Admin/Desktop/Bomberman/target/classes/assets/textures/wall.png
20:07:05.257 [FXGL Background Thread 1 ] DEBUG FXGLAssetLoaderServi - Loading from file system: file:/C:/Users/Admin/Desktop/Bomberman/target/classes/assets/textures/player_die.png
20:07:05.261 [FXGL Background Thread 1 ] DEBUG FXGLAssetLoaderServi - Loading from file system: file:/C:/Users/Admin/Desktop/Bomberman/target/classes/assets/textures/player_down.png
20:07:05.264 [FXGL Background Thread 1 ] DEBUG FXGLAssetLoaderServi - Loading from file system: file:/C:/Users/Admin/Desktop/Bomberman/target/classes/assets/textures/player_right.png
20:07:05.266 [FXGL Background Thread 1 ] DEBUG FXGLAssetLoaderServi - Loading from file system: file:/C:/Users/Admin/Desktop/Bomberman/target/classes/assets/textures/player_up.png
20:07:05.268 [FXGL Background Thread 1 ] DEBUG FXGLAssetLoaderServi - Loading from file system: file:/C:/Users/Admin/Desktop/Bomberman/target/classes/assets/textures/player_left.png
20:07:05.283 [FXGL Background Thread 1 ] DEBUG FXGLAssetLoaderServi - Loading from file system: file:/C:/Users/Admin/Desktop/Bomberman/target/classes/assets/textures/brick.png
20:07:05.286 [FXGL Background Thread 1 ] DEBUG FXGLAssetLoaderServi - Loading from file system: file:/C:/Users/Admin/Desktop/Bomberman/target/classes/assets/textures/brick_break.png
20:07:05.301 [FXGL Background Thread 1 ] DEBUG FXGLAssetLoaderServi - Loading from file system: file:/C:/Users/Admin/Desktop/Bomberman/target/classes/assets/textures/enemy1.png
20:07:05.322 [FXGL Background Thread 1 ] DEBUG FXGLAssetLoaderServi - Loading from file system: file:/C:/Users/Admin/Desktop/Bomberman/target/classes/assets/textures/enemy2.png
20:07:05.388 [FXGL Background Thread 1 ] DEBUG FXGLAssetLoaderServi - Loading from file system: file:/C:/Users/Admin/Desktop/Bomberman/target/classes/assets/textures/portal.png
20:07:05.447 [FXGL Background Thread 1 ] DEBUG FXGLAssetLoaderServi - Loading from file system: file:/C:/Users/Admin/Desktop/Bomberman/target/classes/assets/textures/powerup_flames.png
20:07:05.498 [FXGL Background Thread 4 ] DEBUG FXGLAssetLoaderServi - Loading from file system: jar:file:/C:/Users/Admin/.m2/repository/com/github/almasb/fxgl/11.17/fxgl-11.17.jar!/fxglassets/ui/fonts/Abel-Regular.ttf
20:07:05.503 [FXGL Background Thread 4 ] DEBUG FXGLAssetLoaderServi - Loading from file system: jar:file:/C:/Users/Admin/.m2/repository/com/github/almasb/fxgl/11.17/fxgl-11.17.jar!/fxglassets/ui/fonts/lucida_console.ttf
20:07:05.513 [FXGL Background Thread 4 ] DEBUG FXGLAssetLoaderServi - Loading from file system: jar:file:/C:/Users/Admin/.m2/repository/com/github/almasb/fxgl/11.17/fxgl-11.17.jar!/fxglassets/ui/fonts/Courier-Prime.ttf
20:07:05.518 [FXGL Background Thread 1 ] DEBUG FXGLAssetLoaderServi - Loading from file system: file:/C:/Users/Admin/Desktop/Bomberman/target/classes/assets/textures/enemy3.png
20:07:05.526 [JavaFX Application Thread] DEBUG FXGLApplication      - Registering font factories with UI factory
20:07:05.550 [FXGL Background Thread 1 ] INFO  FXGLApplication      - Game initialization took: 0.426 sec
20:07:05.557 [JavaFX Application Thread] DEBUG Input                - Clearing active input actions
20:07:05.581 [JavaFX Application Thread] DEBUG GameApplicationServi - Removing overlay from FXGLLoadingScene and adding to GameScene
20:07:05.581 [JavaFX Application Thread] DEBUG PrimaryStageWindow   - FXGLLoadingScene -> GameScene
20:07:05.995 [FXGL Background Thread 2 ] INFO  UpdaterService       - Your current version:  11.17
20:07:05.995 [FXGL Background Thread 2 ] INFO  UpdaterService       - Latest stable version: 17.2
20:07:07.278 [JavaFX Application Thread] DEBUG FXGLApplication      - Exiting FXGL
20:07:07.278 [JavaFX Application Thread] DEBUG LoopRunner           - Stopping loop
20:07:07.278 [JavaFX Application Thread] DEBUG SystemBundleService  - Saving FXGL system data
20:07:07.280 [JavaFX Application Thread] DEBUG FileSystemAccess     - Writing to: C:\Users\Admin\Desktop\Bomberman\system\fxgl.bundle
20:07:07.281 [JavaFX Application Thread] DEBUG Async                - Shutting down background threads
20:07:07.281 [JavaFX Application Thread] DEBUG PrimaryStageWindow   - Closing main window
20:07:07.302 [JavaFX Application Thread] DEBUG Logger               - Closing Logger
