08:48:24.296 [main                     ] DEBUG Logger               - Configured Logger
08:48:24.302 [main                     ] DEBUG GameApplication      - Logging settings
Title: BOMBERMAN
Version: 1.0
Width: 1488
Height: 624
Fullscreen: true
Intro: false
Profiling: false
Single step:false
App Mode: DEVELOPER
Menu Key: ESCAPE
Stage Style: DECORATED
Scene Factory: class com.almasb.fxgl.app.scene.SceneFactory

08:48:25.015 [JavaFX Application Thread] DEBUG FXGLApplication      - Initializing FXGL
08:48:25.020 [JavaFX Application Thread] INFO  Engine               - FXGL-11.17 (16.07.2021 15.46) on WINDOWS (J:11.0.16.1 FX:16)
08:48:25.020 [JavaFX Application Thread] DEBUG Engine               - JRE Vendor Name: Oracle Corporation
08:48:25.021 [JavaFX Application Thread] DEBUG Engine               - Running on OS: Windows 11 version 10.0
08:48:25.021 [JavaFX Application Thread] DEBUG Engine               - Architecture: amd64
08:48:25.022 [JavaFX Application Thread] INFO  Engine               - Source code and latest versions at: https://github.com/AlmasB/FXGL
08:48:25.022 [JavaFX Application Thread] INFO  Engine               -              Join the FXGL chat at: https://gitter.im/AlmasB/FXGL
08:48:25.244 [JavaFX Application Thread] DEBUG PrimaryStageWindow   - Creating a JavaFX scene
08:48:25.245 [JavaFX Application Thread] DEBUG PrimaryStageWindow   - Target size > screen size
08:48:25.363 [JavaFX Application Thread] DEBUG PrimaryStageWindow   - Target settings size: 1488.0 x 624.0
08:48:25.363 [JavaFX Application Thread] DEBUG PrimaryStageWindow   - Scaled scene size:    1415.0 x 603.0
08:48:25.364 [JavaFX Application Thread] DEBUG PrimaryStageWindow   - Scaled ratio: (0.9509408602150538, 0.9663461538461539)
08:48:25.365 [JavaFX Application Thread] DEBUG PrimaryStageWindow   - Set initial scene to FXGLStartupScene
08:48:25.383 [JavaFX Application Thread] DEBUG PrimaryStageWindow   - Opening main window
08:48:25.552 [JavaFX Application Thread] DEBUG PrimaryStageWindow   - Window border size: (13.0, 35.5)
08:48:25.552 [JavaFX Application Thread] DEBUG PrimaryStageWindow   - Scaled size: 1415.0 x 603.0
08:48:25.552 [JavaFX Application Thread] DEBUG PrimaryStageWindow   - Scaled ratio: (0.9509408602150538, 0.9663461538461539)
08:48:25.553 [JavaFX Application Thread] DEBUG PrimaryStageWindow   - Scene size: 1415.0 x 603.0
08:48:25.553 [JavaFX Application Thread] DEBUG PrimaryStageWindow   - Stage size: 1428.0 x 638.5
08:48:25.569 [FXGL Background Thread 1 ] DEBUG Engine               - Initializing environment variables
08:48:25.675 [FXGL Background Thread 1 ] DEBUG FXGLAssetLoaderServi - User app class for loading assets: class Bomberman.BombermanGame
08:48:25.675 [FXGL Background Thread 1 ] DEBUG GameApplicationServi - Applying CSS: fxgl_dark.css
08:48:25.676 [FXGL Background Thread 1 ] DEBUG FXGLAssetLoaderServi - Loading from file system: jar:file:/C:/Users/Admin/.m2/repository/com/github/almasb/fxgl/11.17/fxgl-11.17.jar!/fxglassets/ui/css/fxgl_dark.css
08:48:25.747 [FXGL Background Thread 1 ] DEBUG GameApplicationServi - Initializing application scenes
08:48:25.811 [FXGL Background Thread 1 ] DEBUG GameWorld            - Game world initialized
08:48:25.914 [FXGL Background Thread 1 ] DEBUG PhysicsWorld         - Physics world initialized: appHeight=624, physics.ppm=50.0
08:48:25.915 [FXGL Background Thread 1 ] DEBUG PhysicsWorld         - Using strategy: BRUTE_FORCE
08:48:25.919 [FXGL Background Thread 1 ] DEBUG GameScene            - Game scene initialized: 1488x624
08:48:25.940 [FXGL Background Thread 1 ] DEBUG FXGL.DefaultMenu     - createMenuBodyGameMenu()
08:48:25.967 [FXGL Background Thread 1 ] DEBUG FXGL.DefaultMenu     - createOptionsMenu()
08:48:25.985 [FXGL Background Thread 1 ] DEBUG FXGLAssetLoaderServi - Loading from file system: jar:file:/C:/Users/Admin/.m2/repository/com/github/almasb/fxgl/11.17/fxgl-11.17.jar!/fxglassets/textures/particles/smoke.png
08:48:26.128 [FXGL Background Thread 1 ] DEBUG FXGLAssetLoaderServi - Loading from file system: jar:file:/C:/Users/Admin/.m2/repository/com/github/almasb/fxgl/11.17/fxgl-11.17.jar!/fxglassets/textures/particles/trace_horizontal.png
08:48:26.191 [FXGL Background Thread 1 ] DEBUG GameApplicationServi - Application scenes initialized
08:48:26.217 [FXGL Background Thread 1 ] DEBUG SystemBundleService  - Loading FXGL system data
08:48:26.229 [FXGL Background Thread 1 ] DEBUG FileSystemAccess     - Reading from: C:\Users\Admin\Desktop\Bomberman\system\fxgl.bundle
08:48:26.242 [FXGL Background Thread 1 ] DEBUG SystemBundleService  - Bundle FXGL: {}
08:48:26.243 [FXGL Background Thread 1 ] DEBUG UpdaterService       - Checking for updates
08:48:26.252 [FXGL Background Thread 4 ] DEBUG FXGLApplication      - Loading fonts
08:48:26.253 [FXGL Background Thread 1 ] DEBUG FXGLApplication      - Loading default localization
08:48:26.253 [FXGL Background Thread 4 ] DEBUG FXGLAssetLoaderServi - Loading from file system: jar:file:/C:/Users/Admin/.m2/repository/com/github/almasb/fxgl/11.17/fxgl-11.17.jar!/fxglassets/ui/fonts/VarelaRound-Regular.ttf
08:48:26.254 [FXGL Background Thread 1 ] DEBUG FXGLAssetLoaderServi - Loading from file system: jar:file:/C:/Users/Admin/.m2/repository/com/github/almasb/fxgl/11.17/fxgl-11.17.jar!/fxglassets/languages/english.lang
08:48:26.281 [FXGL Background Thread 1 ] INFO  FXGLApplication      - FXGL initialization took: 0.712 sec
08:48:26.308 [JavaFX Application Thread] DEBUG Input                - Registered new binding: Move Left - A
08:48:26.309 [JavaFX Application Thread] DEBUG Input                - Registered new binding: Move Right - D
08:48:26.309 [JavaFX Application Thread] DEBUG Input                - Registered new binding: Move Up - W
08:48:26.309 [JavaFX Application Thread] DEBUG Input                - Registered new binding: Move Down - S
08:48:26.310 [JavaFX Application Thread] DEBUG Input                - Registered new binding: Place Bomb - Space
08:48:26.311 [JavaFX Application Thread] DEBUG FXGLAssetLoaderServi - Loading from file system: jar:file:/C:/Users/Admin/.m2/repository/com/github/almasb/fxgl/11.17/fxgl-11.17.jar!/fxglassets/textures/fxgl_icon.png
08:48:26.359 [JavaFX Application Thread] DEBUG FXGLAssetLoaderServi - Loading from file system: jar:file:/C:/Users/Admin/.m2/repository/com/github/almasb/fxgl/11.17/fxgl-11.17.jar!/fxglassets/textures/fxgl_default_cursor.png
08:48:26.364 [JavaFX Application Thread] DEBUG Input                - Registered new binding: Screenshot - CTRL+8
08:48:26.365 [JavaFX Application Thread] DEBUG Input                - Registered new binding: System info dump - CTRL+9
08:48:26.366 [JavaFX Application Thread] DEBUG Input                - Registered new binding: Restart - CTRL+R
08:48:26.367 [JavaFX Application Thread] DEBUG Input                - Registered new binding: Toggle Debug Camera - CTRL+C
08:48:26.371 [JavaFX Application Thread] DEBUG LoopRunner           - Starting loop
08:48:26.371 [JavaFX Application Thread] DEBUG LoopRunner           - Initializing JavaFX AnimationTimerLoop
08:48:26.374 [JavaFX Application Thread] DEBUG GameApplicationServi - Starting new game
08:48:26.375 [JavaFX Application Thread] DEBUG Input                - Clearing active input actions
08:48:26.399 [JavaFX Application Thread] DEBUG GameApplicationServi - Removing overlay from FXGLStartupScene and adding to FXGLLoadingScene
08:48:26.400 [JavaFX Application Thread] DEBUG PrimaryStageWindow   - FXGLStartupScene -> FXGLLoadingScene
08:48:26.400 [JavaFX Application Thread] DEBUG GameApplicationServi - Clearing previous game
08:48:26.400 [JavaFX Application Thread] DEBUG GameScene            - Clearing game scene
08:48:26.401 [JavaFX Application Thread] DEBUG GameWorld            - Clearing game world
08:48:26.401 [JavaFX Application Thread] DEBUG PhysicsWorld         - Clearing physics world
08:48:26.403 [FXGL Background Thread 1 ] DEBUG FXGLApplication      - Initializing game
08:48:26.433 [FXGL Background Thread 1 ] DEBUG FXGLAssetLoaderServi - Loading from file system: file:/C:/Users/Admin/Desktop/Bomberman/target/classes/assets/textures/wall.png
08:48:26.541 [FXGL Background Thread 1 ] DEBUG FXGLAssetLoaderServi - Loading from file system: file:/C:/Users/Admin/Desktop/Bomberman/target/classes/assets/textures/player_die.png
08:48:26.545 [FXGL Background Thread 1 ] DEBUG FXGLAssetLoaderServi - Loading from file system: file:/C:/Users/Admin/Desktop/Bomberman/target/classes/assets/textures/player_down.png
08:48:26.546 [FXGL Background Thread 1 ] DEBUG FXGLAssetLoaderServi - Loading from file system: file:/C:/Users/Admin/Desktop/Bomberman/target/classes/assets/textures/player_right.png
08:48:26.548 [FXGL Background Thread 1 ] DEBUG FXGLAssetLoaderServi - Loading from file system: file:/C:/Users/Admin/Desktop/Bomberman/target/classes/assets/textures/player_up.png
08:48:26.550 [FXGL Background Thread 1 ] DEBUG FXGLAssetLoaderServi - Loading from file system: file:/C:/Users/Admin/Desktop/Bomberman/target/classes/assets/textures/player_left.png
08:48:26.557 [FXGL Background Thread 1 ] DEBUG FXGLAssetLoaderServi - Loading from file system: file:/C:/Users/Admin/Desktop/Bomberman/target/classes/assets/textures/brick.png
08:48:26.560 [FXGL Background Thread 1 ] DEBUG FXGLAssetLoaderServi - Loading from file system: file:/C:/Users/Admin/Desktop/Bomberman/target/classes/assets/textures/brick_break.png
08:48:26.611 [FXGL Background Thread 1 ] DEBUG FXGLAssetLoaderServi - Loading from file system: file:/C:/Users/Admin/Desktop/Bomberman/target/classes/assets/textures/portal.png
08:48:26.650 [FXGL Background Thread 1 ] DEBUG FXGLAssetLoaderServi - Loading from file system: file:/C:/Users/Admin/Desktop/Bomberman/target/classes/assets/textures/powerup_bombs.png
08:48:26.655 [FXGL Background Thread 1 ] DEBUG FXGLAssetLoaderServi - Loading from file system: file:/C:/Users/Admin/Desktop/Bomberman/target/classes/assets/textures/powerup_flames.png
08:48:26.659 [FXGL Background Thread 1 ] DEBUG FXGLAssetLoaderServi - Loading from file system: file:/C:/Users/Admin/Desktop/Bomberman/target/classes/assets/textures/powerup_speed.png
08:48:26.697 [FXGL Background Thread 4 ] DEBUG FXGLAssetLoaderServi - Loading from file system: jar:file:/C:/Users/Admin/.m2/repository/com/github/almasb/fxgl/11.17/fxgl-11.17.jar!/fxglassets/ui/fonts/Abel-Regular.ttf
08:48:26.704 [FXGL Background Thread 4 ] DEBUG FXGLAssetLoaderServi - Loading from file system: jar:file:/C:/Users/Admin/.m2/repository/com/github/almasb/fxgl/11.17/fxgl-11.17.jar!/fxglassets/ui/fonts/lucida_console.ttf
08:48:26.712 [FXGL Background Thread 4 ] DEBUG FXGLAssetLoaderServi - Loading from file system: jar:file:/C:/Users/Admin/.m2/repository/com/github/almasb/fxgl/11.17/fxgl-11.17.jar!/fxglassets/ui/fonts/Courier-Prime.ttf
08:48:26.722 [JavaFX Application Thread] DEBUG FXGLApplication      - Registering font factories with UI factory
08:48:26.751 [FXGL Background Thread 1 ] INFO  FXGLApplication      - Game initialization took: 0.349 sec
08:48:26.752 [JavaFX Application Thread] DEBUG Input                - Clearing active input actions
08:48:26.779 [JavaFX Application Thread] DEBUG GameApplicationServi - Removing overlay from FXGLLoadingScene and adding to GameScene
08:48:26.779 [JavaFX Application Thread] DEBUG PrimaryStageWindow   - FXGLLoadingScene -> GameScene
08:48:27.589 [FXGL Background Thread 2 ] INFO  UpdaterService       - Your current version:  11.17
08:48:27.590 [FXGL Background Thread 2 ] INFO  UpdaterService       - Latest stable version: 17.2
08:48:28.077 [JavaFX Application Thread] DEBUG FXGLAssetLoaderServi - Loading from file system: file:/C:/Users/Admin/Desktop/Bomberman/target/classes/assets/textures/bomb.png
08:48:28.081 [JavaFX Application Thread] DEBUG FXGLAssetLoaderServi - Loading from file system: file:/C:/Users/Admin/Desktop/Bomberman/target/classes/assets/sounds/place_bomb.wav
08:48:29.249 [FXGL Background Thread 3 ] DEBUG Engine               - Logging environment variables
08:48:29.250 [FXGL Background Thread 3 ] DEBUG Engine               - achievements: []
08:48:29.250 [FXGL Background Thread 3 ] DEBUG Engine               - actualHeight: 603.0
08:48:29.251 [FXGL Background Thread 3 ] DEBUG Engine               - actualHeightProperty: ReadOnlyDoubleProperty [value: 603.0]
08:48:29.251 [FXGL Background Thread 3 ] DEBUG Engine               - actualWidth: 1415.0
08:48:29.251 [FXGL Background Thread 3 ] DEBUG Engine               - actualWidthProperty: ReadOnlyDoubleProperty [value: 1415.0]
08:48:29.251 [FXGL Background Thread 3 ] DEBUG Engine               - appIcon: fxgl_icon.png
08:48:29.251 [FXGL Background Thread 3 ] DEBUG Engine               - applicationMode: DEVELOPER
08:48:29.251 [FXGL Background Thread 3 ] DEBUG Engine               - cSSList: [fxgl_dark.css]
08:48:29.251 [FXGL Background Thread 3 ] DEBUG Engine               - collisionDetectionStrategy: BRUTE_FORCE
08:48:29.251 [FXGL Background Thread 3 ] DEBUG Engine               - configClass: Optional.empty
08:48:29.251 [FXGL Background Thread 3 ] DEBUG Engine               - credits: []
08:48:29.251 [FXGL Background Thread 3 ] DEBUG Engine               - defaultCursor: CursorInfo(imageName=fxgl_default_cursor.png, hotspotX=7.0, hotspotY=6.0)
08:48:29.252 [FXGL Background Thread 3 ] DEBUG Engine               - devBBoxColorProperty: ObjectProperty [value: 0xff0000ff]
08:48:29.252 [FXGL Background Thread 3 ] DEBUG Engine               - devEnableDebugCameraProperty: BooleanProperty [value: false]
08:48:29.252 [FXGL Background Thread 3 ] DEBUG Engine               - devSensorColorProperty: ObjectProperty [value: 0xffff00ff]
08:48:29.252 [FXGL Background Thread 3 ] DEBUG Engine               - devShowBBoxProperty: BooleanProperty [value: false]
08:48:29.252 [FXGL Background Thread 3 ] DEBUG Engine               - devShowPositionProperty: BooleanProperty [value: false]
08:48:29.252 [FXGL Background Thread 3 ] DEBUG Engine               - enabledMenuItems: []
08:48:29.252 [FXGL Background Thread 3 ] DEBUG Engine               - engineServices: [class com.almasb.fxgl.app.services.FXGLAssetLoaderService, class com.almasb.fxgl.app.FXGLApplication$GameApplicationService, class com.almasb.fxgl.app.services.FXGLDialogService, class com.almasb.fxgl.app.services.IOTaskExecutorService, class com.almasb.fxgl.io.FileSystemService, class com.almasb.fxgl.localization.LocalizationService, class com.almasb.fxgl.app.services.SystemBundleService, class com.almasb.fxgl.profile.SaveLoadService, class com.almasb.fxgl.ui.FXGLUIFactoryServiceProvider, class com.almasb.fxgl.ui.FXGLDialogFactoryServiceProvider, class com.almasb.fxgl.audio.AudioPlayer, class com.almasb.fxgl.notification.impl.NotificationServiceProvider, class com.almasb.fxgl.achievement.AchievementService, class com.almasb.fxgl.cutscene.CutsceneService, class com.almasb.fxgl.minigames.MiniGameService, class com.almasb.fxgl.net.NetService, class com.almasb.fxgl.app.services.UpdaterService, class com.almasb.fxgl.dev.DevService]
08:48:29.252 [FXGL Background Thread 3 ] DEBUG Engine               - fontGame: Abel-Regular.ttf
08:48:29.252 [FXGL Background Thread 3 ] DEBUG Engine               - fontMono: lucida_console.ttf
08:48:29.253 [FXGL Background Thread 3 ] DEBUG Engine               - fontText: Courier-Prime.ttf
08:48:29.253 [FXGL Background Thread 3 ] DEBUG Engine               - fontUI: VarelaRound-Regular.ttf
08:48:29.253 [FXGL Background Thread 3 ] DEBUG Engine               - fullScreen: BooleanProperty [value: false]
08:48:29.253 [FXGL Background Thread 3 ] DEBUG Engine               - gameDifficulty: MEDIUM
08:48:29.253 [FXGL Background Thread 3 ] DEBUG Engine               - gameDifficultyProperty: ObjectProperty [value: MEDIUM]
08:48:29.253 [FXGL Background Thread 3 ] DEBUG Engine               - globalMusicVolume: 0.5
08:48:29.253 [FXGL Background Thread 3 ] DEBUG Engine               - globalMusicVolumeProperty: DoubleProperty [value: 0.5]
08:48:29.253 [FXGL Background Thread 3 ] DEBUG Engine               - globalSoundVolume: 0.5
08:48:29.253 [FXGL Background Thread 3 ] DEBUG Engine               - globalSoundVolumeProperty: DoubleProperty [value: 0.5]
08:48:29.253 [FXGL Background Thread 3 ] DEBUG Engine               - height: 624
08:48:29.253 [FXGL Background Thread 3 ] DEBUG Engine               - is3D: false
08:48:29.253 [FXGL Background Thread 3 ] DEBUG Engine               - isAndroid: false
08:48:29.253 [FXGL Background Thread 3 ] DEBUG Engine               - isBrowser: false
08:48:29.253 [FXGL Background Thread 3 ] DEBUG Engine               - isClickFeedbackEnabled: false
08:48:29.253 [FXGL Background Thread 3 ] DEBUG Engine               - isCloseConfirmation: false
08:48:29.254 [FXGL Background Thread 3 ] DEBUG Engine               - isDesktop: true
08:48:29.254 [FXGL Background Thread 3 ] DEBUG Engine               - isDeveloperMenuEnabled: false
08:48:29.254 [FXGL Background Thread 3 ] DEBUG Engine               - isEntityPreloadEnabled: true
08:48:29.254 [FXGL Background Thread 3 ] DEBUG Engine               - isExperimentalTiledLargeMap: false
08:48:29.254 [FXGL Background Thread 3 ] DEBUG Engine               - isFileSystemWriteAllowed: true
08:48:29.254 [FXGL Background Thread 3 ] DEBUG Engine               - isFullScreenAllowed: true
08:48:29.254 [FXGL Background Thread 3 ] DEBUG Engine               - isFullScreenFromStart: false
08:48:29.255 [FXGL Background Thread 3 ] DEBUG Engine               - isGameMenuEnabled: true
08:48:29.255 [FXGL Background Thread 3 ] DEBUG Engine               - isIOS: false
08:48:29.255 [FXGL Background Thread 3 ] DEBUG Engine               - isIntroEnabled: false
08:48:29.255 [FXGL Background Thread 3 ] DEBUG Engine               - isLinux: false
08:48:29.255 [FXGL Background Thread 3 ] DEBUG Engine               - isMac: false
08:48:29.255 [FXGL Background Thread 3 ] DEBUG Engine               - isMainMenuEnabled: false
08:48:29.255 [FXGL Background Thread 3 ] DEBUG Engine               - isManualResizeEnabled: false
08:48:29.255 [FXGL Background Thread 3 ] DEBUG Engine               - isMobile: false
08:48:29.255 [FXGL Background Thread 3 ] DEBUG Engine               - isNative: false
08:48:29.255 [FXGL Background Thread 3 ] DEBUG Engine               - isPauseMusicWhenMinimized: true
08:48:29.255 [FXGL Background Thread 3 ] DEBUG Engine               - isPreserveResizeRatio: false
08:48:29.255 [FXGL Background Thread 3 ] DEBUG Engine               - isProfilingEnabled: false
08:48:29.256 [FXGL Background Thread 3 ] DEBUG Engine               - isScaleAffectedOnResize: true
08:48:29.256 [FXGL Background Thread 3 ] DEBUG Engine               - isSingleStep: false
08:48:29.256 [FXGL Background Thread 3 ] DEBUG Engine               - isUserProfileEnabled: false
08:48:29.256 [FXGL Background Thread 3 ] DEBUG Engine               - isWindows: true
08:48:29.256 [FXGL Background Thread 3 ] DEBUG Engine               - language: ObjectProperty [value: ENGLISH]
08:48:29.256 [FXGL Background Thread 3 ] DEBUG Engine               - menuKey: ESCAPE
08:48:29.256 [FXGL Background Thread 3 ] DEBUG Engine               - mouseSensitivity: 0.2
08:48:29.256 [FXGL Background Thread 3 ] DEBUG Engine               - notificationViewClass: class com.almasb.fxgl.notification.view.XboxNotificationView
08:48:29.256 [FXGL Background Thread 3 ] DEBUG Engine               - pixelsPerMeter: 50.0
08:48:29.256 [FXGL Background Thread 3 ] DEBUG Engine               - platform: WINDOWS
08:48:29.256 [FXGL Background Thread 3 ] DEBUG Engine               - prefHeightProperty: ReadOnlyDoubleProperty [value: 624.0]
08:48:29.256 [FXGL Background Thread 3 ] DEBUG Engine               - prefWidthProperty: ReadOnlyDoubleProperty [value: 1488.0]
08:48:29.257 [FXGL Background Thread 3 ] DEBUG Engine               - profileDir: profiles/
08:48:29.257 [FXGL Background Thread 3 ] DEBUG Engine               - profileName: StringProperty [value: DEFAULT]
08:48:29.257 [FXGL Background Thread 3 ] DEBUG Engine               - randomSeed: -1
08:48:29.257 [FXGL Background Thread 3 ] DEBUG Engine               - runtimeInfo: RuntimeInfo(platform=WINDOWS, version=11.17, build=16.07.2021 15.46)
08:48:29.257 [FXGL Background Thread 3 ] DEBUG Engine               - saveFileExt: sav
08:48:29.257 [FXGL Background Thread 3 ] DEBUG Engine               - scaledHeightProp$fxgl: DoubleProperty [bound, value: 603.0]
08:48:29.257 [FXGL Background Thread 3 ] DEBUG Engine               - scaledWidthProp$fxgl: DoubleProperty [bound, value: 1415.0]
08:48:29.257 [FXGL Background Thread 3 ] DEBUG Engine               - sceneFactory: com.almasb.fxgl.app.scene.SceneFactory@31d21bb1
08:48:29.257 [FXGL Background Thread 3 ] DEBUG Engine               - secondsIn24h: 60
08:48:29.257 [FXGL Background Thread 3 ] DEBUG Engine               - soundMenuBack: menu/back.wav
08:48:29.257 [FXGL Background Thread 3 ] DEBUG Engine               - soundMenuPress: menu/press.wav
08:48:29.257 [FXGL Background Thread 3 ] DEBUG Engine               - soundMenuSelect: menu/select.wav
08:48:29.257 [FXGL Background Thread 3 ] DEBUG Engine               - soundNotification: core/notification.wav
08:48:29.257 [FXGL Background Thread 3 ] DEBUG Engine               - stageStyle: DECORATED
08:48:29.257 [FXGL Background Thread 3 ] DEBUG Engine               - supportedLanguages: [ENGLISH, FRENCH, GERMAN, HUNGARIAN, RUSSIAN]
08:48:29.257 [FXGL Background Thread 3 ] DEBUG Engine               - ticksPerSecond: -1
08:48:29.258 [FXGL Background Thread 3 ] DEBUG Engine               - title: BOMBERMAN
08:48:29.258 [FXGL Background Thread 3 ] DEBUG Engine               - urlGithub: https://github.com/AlmasB/FXGL
08:48:29.258 [FXGL Background Thread 3 ] DEBUG Engine               - urlLeaderboard: http://fxgl-top.herokuapp.com/
08:48:29.258 [FXGL Background Thread 3 ] DEBUG Engine               - urlPOM: https://raw.githubusercontent.com/AlmasB/FXGL/release/README.md
08:48:29.258 [FXGL Background Thread 3 ] DEBUG Engine               - userAppClass: class Bomberman.BombermanGame
08:48:29.258 [FXGL Background Thread 3 ] DEBUG Engine               - version: 1.0
08:48:29.258 [FXGL Background Thread 3 ] DEBUG Engine               - versionCheckDays: 7
08:48:29.258 [FXGL Background Thread 3 ] DEBUG Engine               - width: 1488
08:48:29.258 [FXGL Background Thread 3 ] DEBUG Engine               - Logging services
08:48:29.258 [FXGL Background Thread 3 ] DEBUG Engine               - class com.almasb.fxgl.app.services.FXGLAssetLoaderService
08:48:29.258 [FXGL Background Thread 3 ] DEBUG Engine               - class com.almasb.fxgl.app.FXGLApplication$GameApplicationService
08:48:29.258 [FXGL Background Thread 3 ] DEBUG Engine               - class com.almasb.fxgl.app.services.FXGLDialogService
08:48:29.258 [FXGL Background Thread 3 ] DEBUG Engine               - class com.almasb.fxgl.app.services.IOTaskExecutorService
08:48:29.258 [FXGL Background Thread 3 ] DEBUG Engine               - class com.almasb.fxgl.io.FileSystemService
08:48:29.258 [FXGL Background Thread 3 ] DEBUG Engine               - class com.almasb.fxgl.localization.LocalizationService
08:48:29.258 [FXGL Background Thread 3 ] DEBUG Engine               - class com.almasb.fxgl.app.services.SystemBundleService
08:48:29.258 [FXGL Background Thread 3 ] DEBUG Engine               - class com.almasb.fxgl.profile.SaveLoadService
08:48:29.258 [FXGL Background Thread 3 ] DEBUG Engine               - class com.almasb.fxgl.ui.FXGLUIFactoryServiceProvider
08:48:29.259 [FXGL Background Thread 3 ] DEBUG Engine               - class com.almasb.fxgl.ui.FXGLDialogFactoryServiceProvider
08:48:29.259 [FXGL Background Thread 3 ] DEBUG Engine               - class com.almasb.fxgl.audio.AudioPlayer
08:48:29.259 [FXGL Background Thread 3 ] DEBUG Engine               - class com.almasb.fxgl.notification.impl.NotificationServiceProvider
08:48:29.259 [FXGL Background Thread 3 ] DEBUG Engine               - class com.almasb.fxgl.achievement.AchievementService
08:48:29.259 [FXGL Background Thread 3 ] DEBUG Engine               - class com.almasb.fxgl.cutscene.CutsceneService
08:48:29.259 [FXGL Background Thread 3 ] DEBUG Engine               - class com.almasb.fxgl.minigames.MiniGameService
08:48:29.259 [FXGL Background Thread 3 ] DEBUG Engine               - class com.almasb.fxgl.net.NetService
08:48:29.259 [FXGL Background Thread 3 ] DEBUG Engine               - class com.almasb.fxgl.app.services.UpdaterService
08:48:29.259 [FXGL Background Thread 3 ] DEBUG Engine               - class com.almasb.fxgl.dev.DevService
08:48:29.661 [JavaFX Application Thread] DEBUG FXGLAssetLoaderServi - Loading from file system: file:/C:/Users/Admin/Desktop/Bomberman/target/classes/assets/textures/central_flame.png
08:48:29.664 [JavaFX Application Thread] DEBUG FXGLAssetLoaderServi - Loading from file system: file:/C:/Users/Admin/Desktop/Bomberman/target/classes/assets/textures/top_right_flame.png
08:48:29.666 [JavaFX Application Thread] DEBUG FXGLAssetLoaderServi - Loading from file system: file:/C:/Users/Admin/Desktop/Bomberman/target/classes/assets/textures/top_left_flame.png
08:48:29.667 [JavaFX Application Thread] DEBUG FXGLAssetLoaderServi - Loading from file system: file:/C:/Users/Admin/Desktop/Bomberman/target/classes/assets/textures/top_down_flame.png
08:48:29.669 [JavaFX Application Thread] DEBUG FXGLAssetLoaderServi - Loading from file system: file:/C:/Users/Admin/Desktop/Bomberman/target/classes/assets/textures/top_up_flame.png
08:48:29.672 [JavaFX Application Thread] DEBUG FXGLAssetLoaderServi - Loading from file system: file:/C:/Users/Admin/Desktop/Bomberman/target/classes/assets/sounds/explosion.wav
08:48:29.891 [JavaFX Application Thread] DEBUG LoopRunner           - Stopping loop
08:48:29.893 [JavaFX Application Thread] FATAL FXGLApplication      - Uncaught Exception:
java.lang.NullPointerException
	at Bomberman.Components.BrickComponent.lambda$brickBreak$0(BrickBreakComponent.java:30)
	at com.almasb.fxgl.time.TimerAction.update(TimerAction.kt:69)
	at com.almasb.fxgl.time.Timer.update(Timer.kt:38)
	at com.almasb.fxgl.scene.Scene.update(Scene.kt:104)
	at com.almasb.fxgl.app.MainWindow$update$1.invoke(MainWindow.kt:110)
	at com.almasb.fxgl.app.MainWindow$update$1.invoke(MainWindow.kt:110)
	at com.almasb.fxgl.core.fsm.StateMachine.runOnActiveStates(StateMachine.kt:69)
	at com.almasb.fxgl.app.MainWindow.update(MainWindow.kt:110)
	at com.almasb.fxgl.app.FXGLApplication$GameApplicationService.onUpdate(FXGLApplication.kt:426)
	at com.almasb.fxgl.app.Engine.loop(Engine.kt:133)
	at com.almasb.fxgl.app.Engine.access$loop(Engine.kt:24)
	at com.almasb.fxgl.app.Engine$loop$1.invoke(Engine.kt:28)
	at com.almasb.fxgl.app.Engine$loop$1.invoke(Engine.kt:28)
	at com.almasb.fxgl.app.LoopRunner.frame(LoopRunner.kt:103)
	at com.almasb.fxgl.app.LoopRunner.access$frame(LoopRunner.kt:23)
	at com.almasb.fxgl.app.LoopRunner$impl$2$1.onTick(LoopRunner.kt:57)
	at com.almasb.fxgl.app.AnimationTimerLoop$timer$1.handle(LoopRunner.kt:137)
	at javafx.animation.AnimationTimer$AnimationTimerReceiver.lambda$handle$0(AnimationTimer.java:57)
	at java.base/java.security.AccessController.doPrivileged(Native Method)
	at javafx.animation.AnimationTimer$AnimationTimerReceiver.handle(AnimationTimer.java:56)
	at com.sun.scenario.animation.AbstractPrimaryTimer.timePulseImpl(AbstractPrimaryTimer.java:356)
	at com.sun.scenario.animation.AbstractPrimaryTimer$MainLoop.run(AbstractPrimaryTimer.java:266)
	at com.sun.javafx.tk.quantum.QuantumToolkit.pulse(QuantumToolkit.java:559)
	at com.sun.javafx.tk.quantum.QuantumToolkit.pulse(QuantumToolkit.java:543)
	at com.sun.javafx.tk.quantum.QuantumToolkit.pulseFromQueue(QuantumToolkit.java:536)
	at com.sun.javafx.tk.quantum.QuantumToolkit.lambda$runToolkit$11(QuantumToolkit.java:342)
	at com.sun.glass.ui.InvokeLaterDispatcher$Future.run(InvokeLaterDispatcher.java:96)
	at com.sun.glass.ui.win.WinApplication._runLoop(Native Method)
	at com.sun.glass.ui.win.WinApplication.lambda$runLoop$3(WinApplication.java:174)
	at java.base/java.lang.Thread.run(Thread.java:834)

08:48:29.893 [JavaFX Application Thread] FATAL FXGLApplication      - Application will now exit
08:48:29.921 [JavaFX Application Thread] DEBUG PrimaryStageWindow   - Push state: ErrorSubScene
08:48:29.922 [JavaFX Application Thread] DEBUG Input                - Clearing active input actions
08:48:29.931 [JavaFX Application Thread] DEBUG GameApplicationServi - Removing overlay from GameScene and adding to ErrorSubScene
08:48:29.931 [JavaFX Application Thread] DEBUG PrimaryStageWindow   - GameScene -> ErrorSubScene
08:48:32.035 [JavaFX Application Thread] DEBUG FXGLApplication      - Exiting FXGL
08:48:32.035 [JavaFX Application Thread] DEBUG Async                - Shutting down background threads
08:48:32.036 [JavaFX Application Thread] DEBUG PrimaryStageWindow   - Closing main window
08:48:32.064 [JavaFX Application Thread] DEBUG Logger               - Closing Logger
