23:09:49.248 [main                     ] DEBUG Logger               - Configured Logger
23:09:49.252 [main                     ] DEBUG GameApplication      - Logging settings
Title: BOMBERMAN
Version: 1.0
Width: 1488
Height: 624
Fullscreen: true
Intro: false
Profiling: false
Single step:false
App Mode: DEVELOPER
Menu Key: ESCAPE
Stage Style: DECORATED
Scene Factory: class com.almasb.fxgl.app.scene.SceneFactory

23:09:49.695 [JavaFX Application Thread] DEBUG FXGLApplication      - Initializing FXGL
23:09:49.698 [JavaFX Application Thread] INFO  Engine               - FXGL-11.17 (16.07.2021 15.46) on WINDOWS (J:11.0.16.1 FX:16)
23:09:49.699 [JavaFX Application Thread] DEBUG Engine               - JRE Vendor Name: Oracle Corporation
23:09:49.699 [JavaFX Application Thread] DEBUG Engine               - Running on OS: Windows 11 version 10.0
23:09:49.699 [JavaFX Application Thread] DEBUG Engine               - Architecture: amd64
23:09:49.699 [JavaFX Application Thread] INFO  Engine               - Source code and latest versions at: https://github.com/AlmasB/FXGL
23:09:49.700 [JavaFX Application Thread] INFO  Engine               -              Join the FXGL chat at: https://gitter.im/AlmasB/FXGL
23:09:49.829 [JavaFX Application Thread] DEBUG PrimaryStageWindow   - Creating a JavaFX scene
23:09:49.830 [JavaFX Application Thread] DEBUG PrimaryStageWindow   - Target size > screen size
23:09:49.892 [JavaFX Application Thread] DEBUG PrimaryStageWindow   - Target settings size: 1488.0 x 624.0
23:09:49.892 [JavaFX Application Thread] DEBUG PrimaryStageWindow   - Scaled scene size:    1415.0 x 603.0
23:09:49.892 [JavaFX Application Thread] DEBUG PrimaryStageWindow   - Scaled ratio: (0.9509408602150538, 0.9663461538461539)
23:09:49.894 [JavaFX Application Thread] DEBUG PrimaryStageWindow   - Set initial scene to FXGLStartupScene
23:09:49.904 [JavaFX Application Thread] DEBUG PrimaryStageWindow   - Opening main window
23:09:50.013 [JavaFX Application Thread] DEBUG PrimaryStageWindow   - Window border size: (13.0, 35.5)
23:09:50.013 [JavaFX Application Thread] DEBUG PrimaryStageWindow   - Scaled size: 1415.0 x 603.0
23:09:50.014 [JavaFX Application Thread] DEBUG PrimaryStageWindow   - Scaled ratio: (0.9509408602150538, 0.9663461538461539)
23:09:50.014 [JavaFX Application Thread] DEBUG PrimaryStageWindow   - Scene size: 1415.0 x 603.0
23:09:50.014 [JavaFX Application Thread] DEBUG PrimaryStageWindow   - Stage size: 1428.0 x 638.5
23:09:50.025 [FXGL Background Thread 1 ] DEBUG Engine               - Initializing environment variables
23:09:50.120 [FXGL Background Thread 1 ] DEBUG FXGLAssetLoaderServi - User app class for loading assets: class Bomberman.BombermanGame
23:09:50.120 [FXGL Background Thread 1 ] DEBUG GameApplicationServi - Applying CSS: fxgl_dark.css
23:09:50.122 [FXGL Background Thread 1 ] DEBUG FXGLAssetLoaderServi - Loading from file system: jar:file:/C:/Users/Admin/.m2/repository/com/github/almasb/fxgl/11.17/fxgl-11.17.jar!/fxglassets/ui/css/fxgl_dark.css
23:09:50.181 [FXGL Background Thread 1 ] DEBUG GameApplicationServi - Initializing application scenes
23:09:50.229 [FXGL Background Thread 1 ] DEBUG GameWorld            - Game world initialized
23:09:50.297 [FXGL Background Thread 1 ] DEBUG PhysicsWorld         - Physics world initialized: appHeight=624, physics.ppm=50.0
23:09:50.298 [FXGL Background Thread 1 ] DEBUG PhysicsWorld         - Using strategy: BRUTE_FORCE
23:09:50.300 [FXGL Background Thread 1 ] DEBUG GameScene            - Game scene initialized: 1488x624
23:09:50.317 [FXGL Background Thread 1 ] DEBUG FXGL.DefaultMenu     - createMenuBodyGameMenu()
23:09:50.342 [FXGL Background Thread 1 ] DEBUG FXGL.DefaultMenu     - createOptionsMenu()
23:09:50.360 [FXGL Background Thread 1 ] DEBUG FXGLAssetLoaderServi - Loading from file system: jar:file:/C:/Users/Admin/.m2/repository/com/github/almasb/fxgl/11.17/fxgl-11.17.jar!/fxglassets/textures/particles/smoke.png
23:09:50.481 [FXGL Background Thread 1 ] DEBUG FXGLAssetLoaderServi - Loading from file system: jar:file:/C:/Users/Admin/.m2/repository/com/github/almasb/fxgl/11.17/fxgl-11.17.jar!/fxglassets/textures/particles/trace_horizontal.png
23:09:50.526 [FXGL Background Thread 1 ] DEBUG GameApplicationServi - Application scenes initialized
23:09:50.544 [FXGL Background Thread 1 ] DEBUG SystemBundleService  - Loading FXGL system data
23:09:50.552 [FXGL Background Thread 1 ] DEBUG FileSystemAccess     - Reading from: C:\Users\Admin\Desktop\Bomberman\system\fxgl.bundle
23:09:50.560 [FXGL Background Thread 1 ] DEBUG SystemBundleService  - Bundle FXGL: {}
23:09:50.561 [FXGL Background Thread 1 ] DEBUG UpdaterService       - Checking for updates
23:09:50.567 [FXGL Background Thread 4 ] DEBUG FXGLApplication      - Loading fonts
23:09:50.568 [FXGL Background Thread 1 ] DEBUG FXGLApplication      - Loading default localization
23:09:50.568 [FXGL Background Thread 4 ] DEBUG FXGLAssetLoaderServi - Loading from file system: jar:file:/C:/Users/Admin/.m2/repository/com/github/almasb/fxgl/11.17/fxgl-11.17.jar!/fxglassets/ui/fonts/VarelaRound-Regular.ttf
23:09:50.569 [FXGL Background Thread 1 ] DEBUG FXGLAssetLoaderServi - Loading from file system: jar:file:/C:/Users/Admin/.m2/repository/com/github/almasb/fxgl/11.17/fxgl-11.17.jar!/fxglassets/languages/english.lang
23:09:50.595 [FXGL Background Thread 1 ] INFO  FXGLApplication      - FXGL initialization took: 0.569 sec
23:09:50.622 [JavaFX Application Thread] DEBUG Input                - Registered new binding: Move Left - A
23:09:50.622 [JavaFX Application Thread] DEBUG Input                - Registered new binding: Move Right - D
23:09:50.623 [JavaFX Application Thread] DEBUG Input                - Registered new binding: Move Up - W
23:09:50.623 [JavaFX Application Thread] DEBUG Input                - Registered new binding: Move Down - S
23:09:50.624 [JavaFX Application Thread] DEBUG Input                - Registered new binding: Place Bomb - Space
23:09:50.624 [JavaFX Application Thread] DEBUG Input                - Registered new binding: Switch to classic bomb - 1
23:09:50.624 [JavaFX Application Thread] DEBUG Input                - Registered new binding: Switch to lazer bomb - 2
23:09:50.625 [JavaFX Application Thread] DEBUG Input                - Registered new binding: Switch to light bomb - 3
23:09:50.626 [JavaFX Application Thread] DEBUG FXGLAssetLoaderServi - Loading from file system: jar:file:/C:/Users/Admin/.m2/repository/com/github/almasb/fxgl/11.17/fxgl-11.17.jar!/fxglassets/textures/fxgl_icon.png
23:09:50.678 [JavaFX Application Thread] DEBUG FXGLAssetLoaderServi - Loading from file system: jar:file:/C:/Users/Admin/.m2/repository/com/github/almasb/fxgl/11.17/fxgl-11.17.jar!/fxglassets/textures/fxgl_default_cursor.png
23:09:50.683 [JavaFX Application Thread] DEBUG Input                - Registered new binding: Screenshot - CTRL+8
23:09:50.684 [JavaFX Application Thread] DEBUG Input                - Registered new binding: System info dump - CTRL+9
23:09:50.684 [JavaFX Application Thread] DEBUG Input                - Registered new binding: Restart - CTRL+R
23:09:50.688 [JavaFX Application Thread] DEBUG Input                - Registered new binding: Toggle Debug Camera - CTRL+C
23:09:50.692 [JavaFX Application Thread] DEBUG LoopRunner           - Starting loop
23:09:50.692 [JavaFX Application Thread] DEBUG LoopRunner           - Initializing JavaFX AnimationTimerLoop
23:09:50.695 [JavaFX Application Thread] DEBUG GameApplicationServi - Starting new game
23:09:50.696 [JavaFX Application Thread] DEBUG Input                - Clearing active input actions
23:09:50.719 [JavaFX Application Thread] DEBUG GameApplicationServi - Removing overlay from FXGLStartupScene and adding to FXGLLoadingScene
23:09:50.720 [JavaFX Application Thread] DEBUG PrimaryStageWindow   - FXGLStartupScene -> FXGLLoadingScene
23:09:50.720 [JavaFX Application Thread] DEBUG GameApplicationServi - Clearing previous game
23:09:50.721 [JavaFX Application Thread] DEBUG GameScene            - Clearing game scene
23:09:50.721 [JavaFX Application Thread] DEBUG GameWorld            - Clearing game world
23:09:50.721 [JavaFX Application Thread] DEBUG PhysicsWorld         - Clearing physics world
23:09:50.723 [FXGL Background Thread 1 ] DEBUG FXGLApplication      - Initializing game
23:09:50.752 [FXGL Background Thread 1 ] DEBUG FXGLAssetLoaderServi - Loading from file system: file:/C:/Users/Admin/Desktop/Bomberman/target/classes/assets/textures/wall.png
23:09:50.828 [FXGL Background Thread 1 ] DEBUG FXGLAssetLoaderServi - Loading from file system: file:/C:/Users/Admin/Desktop/Bomberman/target/classes/assets/textures/player_die.png
23:09:50.831 [FXGL Background Thread 1 ] DEBUG FXGLAssetLoaderServi - Loading from file system: file:/C:/Users/Admin/Desktop/Bomberman/target/classes/assets/textures/player_down.png
23:09:50.832 [FXGL Background Thread 1 ] DEBUG FXGLAssetLoaderServi - Loading from file system: file:/C:/Users/Admin/Desktop/Bomberman/target/classes/assets/textures/player_right.png
23:09:50.834 [FXGL Background Thread 1 ] DEBUG FXGLAssetLoaderServi - Loading from file system: file:/C:/Users/Admin/Desktop/Bomberman/target/classes/assets/textures/player_up.png
23:09:50.835 [FXGL Background Thread 1 ] DEBUG FXGLAssetLoaderServi - Loading from file system: file:/C:/Users/Admin/Desktop/Bomberman/target/classes/assets/textures/player_left.png
23:09:50.844 [FXGL Background Thread 1 ] DEBUG FXGLAssetLoaderServi - Loading from file system: file:/C:/Users/Admin/Desktop/Bomberman/target/classes/assets/textures/brick.png
23:09:50.846 [FXGL Background Thread 1 ] DEBUG FXGLAssetLoaderServi - Loading from file system: file:/C:/Users/Admin/Desktop/Bomberman/target/classes/assets/textures/brick_break.png
23:09:50.855 [FXGL Background Thread 1 ] DEBUG FXGLAssetLoaderServi - Loading from file system: file:/C:/Users/Admin/Desktop/Bomberman/target/classes/assets/textures/enemy1.png
23:09:50.870 [FXGL Background Thread 1 ] DEBUG FXGLAssetLoaderServi - Loading from file system: file:/C:/Users/Admin/Desktop/Bomberman/target/classes/assets/textures/enemy2.png
23:09:50.915 [FXGL Background Thread 1 ] DEBUG FXGLAssetLoaderServi - Loading from file system: file:/C:/Users/Admin/Desktop/Bomberman/target/classes/assets/textures/portal.png
23:09:50.967 [FXGL Background Thread 1 ] DEBUG FXGLAssetLoaderServi - Loading from file system: file:/C:/Users/Admin/Desktop/Bomberman/target/classes/assets/textures/powerup_flames.png
23:09:51.019 [FXGL Background Thread 1 ] DEBUG FXGLAssetLoaderServi - Loading from file system: file:/C:/Users/Admin/Desktop/Bomberman/target/classes/assets/textures/enemy3.png
23:09:51.031 [FXGL Background Thread 4 ] DEBUG FXGLAssetLoaderServi - Loading from file system: jar:file:/C:/Users/Admin/.m2/repository/com/github/almasb/fxgl/11.17/fxgl-11.17.jar!/fxglassets/ui/fonts/Abel-Regular.ttf
23:09:51.038 [FXGL Background Thread 4 ] DEBUG FXGLAssetLoaderServi - Loading from file system: jar:file:/C:/Users/Admin/.m2/repository/com/github/almasb/fxgl/11.17/fxgl-11.17.jar!/fxglassets/ui/fonts/lucida_console.ttf
23:09:51.046 [FXGL Background Thread 4 ] DEBUG FXGLAssetLoaderServi - Loading from file system: jar:file:/C:/Users/Admin/.m2/repository/com/github/almasb/fxgl/11.17/fxgl-11.17.jar!/fxglassets/ui/fonts/Courier-Prime.ttf
23:09:51.054 [FXGL Background Thread 1 ] INFO  FXGLApplication      - Game initialization took: 0.331 sec
23:09:51.064 [JavaFX Application Thread] DEBUG Input                - Clearing active input actions
23:09:51.084 [JavaFX Application Thread] DEBUG GameApplicationServi - Removing overlay from FXGLLoadingScene and adding to GameScene
23:09:51.084 [JavaFX Application Thread] DEBUG PrimaryStageWindow   - FXGLLoadingScene -> GameScene
23:09:51.084 [JavaFX Application Thread] DEBUG FXGLApplication      - Registering font factories with UI factory
23:09:51.455 [FXGL Background Thread 2 ] INFO  UpdaterService       - Your current version:  11.17
23:09:51.455 [FXGL Background Thread 2 ] INFO  UpdaterService       - Latest stable version: 17.2
23:09:53.565 [FXGL Background Thread 3 ] DEBUG Engine               - Logging environment variables
23:09:53.566 [FXGL Background Thread 3 ] DEBUG Engine               - achievements: []
23:09:53.566 [FXGL Background Thread 3 ] DEBUG Engine               - actualHeight: 603.0
23:09:53.566 [FXGL Background Thread 3 ] DEBUG Engine               - actualHeightProperty: ReadOnlyDoubleProperty [value: 603.0]
23:09:53.566 [FXGL Background Thread 3 ] DEBUG Engine               - actualWidth: 1415.0
23:09:53.566 [FXGL Background Thread 3 ] DEBUG Engine               - actualWidthProperty: ReadOnlyDoubleProperty [value: 1415.0]
23:09:53.566 [FXGL Background Thread 3 ] DEBUG Engine               - appIcon: fxgl_icon.png
23:09:53.566 [FXGL Background Thread 3 ] DEBUG Engine               - applicationMode: DEVELOPER
23:09:53.566 [FXGL Background Thread 3 ] DEBUG Engine               - cSSList: [fxgl_dark.css]
23:09:53.566 [FXGL Background Thread 3 ] DEBUG Engine               - collisionDetectionStrategy: BRUTE_FORCE
23:09:53.566 [FXGL Background Thread 3 ] DEBUG Engine               - configClass: Optional.empty
23:09:53.566 [FXGL Background Thread 3 ] DEBUG Engine               - credits: []
23:09:53.566 [FXGL Background Thread 3 ] DEBUG Engine               - defaultCursor: CursorInfo(imageName=fxgl_default_cursor.png, hotspotX=7.0, hotspotY=6.0)
23:09:53.566 [FXGL Background Thread 3 ] DEBUG Engine               - devBBoxColorProperty: ObjectProperty [value: 0xff0000ff]
23:09:53.567 [FXGL Background Thread 3 ] DEBUG Engine               - devEnableDebugCameraProperty: BooleanProperty [value: false]
23:09:53.567 [FXGL Background Thread 3 ] DEBUG Engine               - devSensorColorProperty: ObjectProperty [value: 0xffff00ff]
23:09:53.567 [FXGL Background Thread 3 ] DEBUG Engine               - devShowBBoxProperty: BooleanProperty [value: false]
23:09:53.567 [FXGL Background Thread 3 ] DEBUG Engine               - devShowPositionProperty: BooleanProperty [value: false]
23:09:53.567 [FXGL Background Thread 3 ] DEBUG Engine               - enabledMenuItems: []
23:09:53.567 [FXGL Background Thread 3 ] DEBUG Engine               - engineServices: [class com.almasb.fxgl.app.services.FXGLAssetLoaderService, class com.almasb.fxgl.app.FXGLApplication$GameApplicationService, class com.almasb.fxgl.app.services.FXGLDialogService, class com.almasb.fxgl.app.services.IOTaskExecutorService, class com.almasb.fxgl.io.FileSystemService, class com.almasb.fxgl.localization.LocalizationService, class com.almasb.fxgl.app.services.SystemBundleService, class com.almasb.fxgl.profile.SaveLoadService, class com.almasb.fxgl.ui.FXGLUIFactoryServiceProvider, class com.almasb.fxgl.ui.FXGLDialogFactoryServiceProvider, class com.almasb.fxgl.audio.AudioPlayer, class com.almasb.fxgl.notification.impl.NotificationServiceProvider, class com.almasb.fxgl.achievement.AchievementService, class com.almasb.fxgl.cutscene.CutsceneService, class com.almasb.fxgl.minigames.MiniGameService, class com.almasb.fxgl.net.NetService, class com.almasb.fxgl.app.services.UpdaterService, class com.almasb.fxgl.dev.DevService]
23:09:53.567 [FXGL Background Thread 3 ] DEBUG Engine               - fontGame: Abel-Regular.ttf
23:09:53.567 [FXGL Background Thread 3 ] DEBUG Engine               - fontMono: lucida_console.ttf
23:09:53.567 [FXGL Background Thread 3 ] DEBUG Engine               - fontText: Courier-Prime.ttf
23:09:53.567 [FXGL Background Thread 3 ] DEBUG Engine               - fontUI: VarelaRound-Regular.ttf
23:09:53.567 [FXGL Background Thread 3 ] DEBUG Engine               - fullScreen: BooleanProperty [value: false]
23:09:53.567 [FXGL Background Thread 3 ] DEBUG Engine               - gameDifficulty: MEDIUM
23:09:53.567 [FXGL Background Thread 3 ] DEBUG Engine               - gameDifficultyProperty: ObjectProperty [value: MEDIUM]
23:09:53.567 [FXGL Background Thread 3 ] DEBUG Engine               - globalMusicVolume: 0.5
23:09:53.567 [FXGL Background Thread 3 ] DEBUG Engine               - globalMusicVolumeProperty: DoubleProperty [value: 0.5]
23:09:53.567 [FXGL Background Thread 3 ] DEBUG Engine               - globalSoundVolume: 0.5
23:09:53.567 [FXGL Background Thread 3 ] DEBUG Engine               - globalSoundVolumeProperty: DoubleProperty [value: 0.5]
23:09:53.567 [FXGL Background Thread 3 ] DEBUG Engine               - height: 624
23:09:53.567 [FXGL Background Thread 3 ] DEBUG Engine               - is3D: false
23:09:53.567 [FXGL Background Thread 3 ] DEBUG Engine               - isAndroid: false
23:09:53.567 [FXGL Background Thread 3 ] DEBUG Engine               - isBrowser: false
23:09:53.567 [FXGL Background Thread 3 ] DEBUG Engine               - isClickFeedbackEnabled: false
23:09:53.567 [FXGL Background Thread 3 ] DEBUG Engine               - isCloseConfirmation: false
23:09:53.568 [FXGL Background Thread 3 ] DEBUG Engine               - isDesktop: true
23:09:53.568 [FXGL Background Thread 3 ] DEBUG Engine               - isDeveloperMenuEnabled: false
23:09:53.568 [FXGL Background Thread 3 ] DEBUG Engine               - isEntityPreloadEnabled: true
23:09:53.568 [FXGL Background Thread 3 ] DEBUG Engine               - isExperimentalTiledLargeMap: false
23:09:53.568 [FXGL Background Thread 3 ] DEBUG Engine               - isFileSystemWriteAllowed: true
23:09:53.568 [FXGL Background Thread 3 ] DEBUG Engine               - isFullScreenAllowed: true
23:09:53.568 [FXGL Background Thread 3 ] DEBUG Engine               - isFullScreenFromStart: false
23:09:53.568 [FXGL Background Thread 3 ] DEBUG Engine               - isGameMenuEnabled: true
23:09:53.568 [FXGL Background Thread 3 ] DEBUG Engine               - isIOS: false
23:09:53.568 [FXGL Background Thread 3 ] DEBUG Engine               - isIntroEnabled: false
23:09:53.568 [FXGL Background Thread 3 ] DEBUG Engine               - isLinux: false
23:09:53.568 [FXGL Background Thread 3 ] DEBUG Engine               - isMac: false
23:09:53.568 [FXGL Background Thread 3 ] DEBUG Engine               - isMainMenuEnabled: false
23:09:53.568 [FXGL Background Thread 3 ] DEBUG Engine               - isManualResizeEnabled: false
23:09:53.568 [FXGL Background Thread 3 ] DEBUG Engine               - isMobile: false
23:09:53.568 [FXGL Background Thread 3 ] DEBUG Engine               - isNative: false
23:09:53.568 [FXGL Background Thread 3 ] DEBUG Engine               - isPauseMusicWhenMinimized: true
23:09:53.568 [FXGL Background Thread 3 ] DEBUG Engine               - isPreserveResizeRatio: false
23:09:53.568 [FXGL Background Thread 3 ] DEBUG Engine               - isProfilingEnabled: false
23:09:53.568 [FXGL Background Thread 3 ] DEBUG Engine               - isScaleAffectedOnResize: true
23:09:53.568 [FXGL Background Thread 3 ] DEBUG Engine               - isSingleStep: false
23:09:53.568 [FXGL Background Thread 3 ] DEBUG Engine               - isUserProfileEnabled: false
23:09:53.568 [FXGL Background Thread 3 ] DEBUG Engine               - isWindows: true
23:09:53.568 [FXGL Background Thread 3 ] DEBUG Engine               - language: ObjectProperty [value: ENGLISH]
23:09:53.568 [FXGL Background Thread 3 ] DEBUG Engine               - menuKey: ESCAPE
23:09:53.568 [FXGL Background Thread 3 ] DEBUG Engine               - mouseSensitivity: 0.2
23:09:53.568 [FXGL Background Thread 3 ] DEBUG Engine               - notificationViewClass: class com.almasb.fxgl.notification.view.XboxNotificationView
23:09:53.568 [FXGL Background Thread 3 ] DEBUG Engine               - pixelsPerMeter: 50.0
23:09:53.568 [FXGL Background Thread 3 ] DEBUG Engine               - platform: WINDOWS
23:09:53.568 [FXGL Background Thread 3 ] DEBUG Engine               - prefHeightProperty: ReadOnlyDoubleProperty [value: 624.0]
23:09:53.568 [FXGL Background Thread 3 ] DEBUG Engine               - prefWidthProperty: ReadOnlyDoubleProperty [value: 1488.0]
23:09:53.568 [FXGL Background Thread 3 ] DEBUG Engine               - profileDir: profiles/
23:09:53.568 [FXGL Background Thread 3 ] DEBUG Engine               - profileName: StringProperty [value: DEFAULT]
23:09:53.568 [FXGL Background Thread 3 ] DEBUG Engine               - randomSeed: -1
23:09:53.569 [FXGL Background Thread 3 ] DEBUG Engine               - runtimeInfo: RuntimeInfo(platform=WINDOWS, version=11.17, build=16.07.2021 15.46)
23:09:53.569 [FXGL Background Thread 3 ] DEBUG Engine               - saveFileExt: sav
23:09:53.569 [FXGL Background Thread 3 ] DEBUG Engine               - scaledHeightProp$fxgl: DoubleProperty [bound, value: 603.0]
23:09:53.569 [FXGL Background Thread 3 ] DEBUG Engine               - scaledWidthProp$fxgl: DoubleProperty [bound, value: 1415.0]
23:09:53.569 [FXGL Background Thread 3 ] DEBUG Engine               - sceneFactory: com.almasb.fxgl.app.scene.SceneFactory@5344a603
23:09:53.569 [FXGL Background Thread 3 ] DEBUG Engine               - secondsIn24h: 60
23:09:53.569 [FXGL Background Thread 3 ] DEBUG Engine               - soundMenuBack: menu/back.wav
23:09:53.569 [FXGL Background Thread 3 ] DEBUG Engine               - soundMenuPress: menu/press.wav
23:09:53.569 [FXGL Background Thread 3 ] DEBUG Engine               - soundMenuSelect: menu/select.wav
23:09:53.569 [FXGL Background Thread 3 ] DEBUG Engine               - soundNotification: core/notification.wav
23:09:53.569 [FXGL Background Thread 3 ] DEBUG Engine               - stageStyle: DECORATED
23:09:53.569 [FXGL Background Thread 3 ] DEBUG Engine               - supportedLanguages: [ENGLISH, FRENCH, GERMAN, HUNGARIAN, RUSSIAN]
23:09:53.569 [FXGL Background Thread 3 ] DEBUG Engine               - ticksPerSecond: -1
23:09:53.569 [FXGL Background Thread 3 ] DEBUG Engine               - title: BOMBERMAN
23:09:53.569 [FXGL Background Thread 3 ] DEBUG Engine               - urlGithub: https://github.com/AlmasB/FXGL
23:09:53.569 [FXGL Background Thread 3 ] DEBUG Engine               - urlLeaderboard: http://fxgl-top.herokuapp.com/
23:09:53.569 [FXGL Background Thread 3 ] DEBUG Engine               - urlPOM: https://raw.githubusercontent.com/AlmasB/FXGL/release/README.md
23:09:53.569 [FXGL Background Thread 3 ] DEBUG Engine               - userAppClass: class Bomberman.BombermanGame
23:09:53.569 [FXGL Background Thread 3 ] DEBUG Engine               - version: 1.0
23:09:53.569 [FXGL Background Thread 3 ] DEBUG Engine               - versionCheckDays: 7
23:09:53.569 [FXGL Background Thread 3 ] DEBUG Engine               - width: 1488
23:09:53.569 [FXGL Background Thread 3 ] DEBUG Engine               - Logging services
23:09:53.569 [FXGL Background Thread 3 ] DEBUG Engine               - class com.almasb.fxgl.app.services.FXGLAssetLoaderService
23:09:53.569 [FXGL Background Thread 3 ] DEBUG Engine               - class com.almasb.fxgl.app.FXGLApplication$GameApplicationService
23:09:53.569 [FXGL Background Thread 3 ] DEBUG Engine               - class com.almasb.fxgl.app.services.FXGLDialogService
23:09:53.569 [FXGL Background Thread 3 ] DEBUG Engine               - class com.almasb.fxgl.app.services.IOTaskExecutorService
23:09:53.569 [FXGL Background Thread 3 ] DEBUG Engine               - class com.almasb.fxgl.io.FileSystemService
23:09:53.569 [FXGL Background Thread 3 ] DEBUG Engine               - class com.almasb.fxgl.localization.LocalizationService
23:09:53.569 [FXGL Background Thread 3 ] DEBUG Engine               - class com.almasb.fxgl.app.services.SystemBundleService
23:09:53.569 [FXGL Background Thread 3 ] DEBUG Engine               - class com.almasb.fxgl.profile.SaveLoadService
23:09:53.569 [FXGL Background Thread 3 ] DEBUG Engine               - class com.almasb.fxgl.ui.FXGLUIFactoryServiceProvider
23:09:53.569 [FXGL Background Thread 3 ] DEBUG Engine               - class com.almasb.fxgl.ui.FXGLDialogFactoryServiceProvider
23:09:53.569 [FXGL Background Thread 3 ] DEBUG Engine               - class com.almasb.fxgl.audio.AudioPlayer
23:09:53.569 [FXGL Background Thread 3 ] DEBUG Engine               - class com.almasb.fxgl.notification.impl.NotificationServiceProvider
23:09:53.569 [FXGL Background Thread 3 ] DEBUG Engine               - class com.almasb.fxgl.achievement.AchievementService
23:09:53.569 [FXGL Background Thread 3 ] DEBUG Engine               - class com.almasb.fxgl.cutscene.CutsceneService
23:09:53.569 [FXGL Background Thread 3 ] DEBUG Engine               - class com.almasb.fxgl.minigames.MiniGameService
23:09:53.569 [FXGL Background Thread 3 ] DEBUG Engine               - class com.almasb.fxgl.net.NetService
23:09:53.569 [FXGL Background Thread 3 ] DEBUG Engine               - class com.almasb.fxgl.app.services.UpdaterService
23:09:53.570 [FXGL Background Thread 3 ] DEBUG Engine               - class com.almasb.fxgl.dev.DevService
23:10:03.047 [JavaFX Application Thread] DEBUG FXGLApplication      - Exiting FXGL
23:10:03.047 [JavaFX Application Thread] DEBUG LoopRunner           - Stopping loop
23:10:03.047 [JavaFX Application Thread] DEBUG SystemBundleService  - Saving FXGL system data
23:10:03.049 [JavaFX Application Thread] DEBUG FileSystemAccess     - Writing to: C:\Users\Admin\Desktop\Bomberman\system\fxgl.bundle
23:10:03.051 [JavaFX Application Thread] DEBUG Async                - Shutting down background threads
23:10:03.051 [JavaFX Application Thread] DEBUG PrimaryStageWindow   - Closing main window
23:10:03.066 [JavaFX Application Thread] DEBUG Logger               - Closing Logger
