09:51:02.301 [main                     ] DEBUG Logger               - Configured Logger
09:51:02.333 [main                     ] DEBUG GameApplication      - Logging settings
Title: BOMBER
 MAN
Version: 1.0
Width: 1280
Height: 720
Fullscreen: true
Intro: false
Profiling: false
Single step:false
App Mode: DEVELOPER
Menu Key: ESCAPE
Stage Style: DECORATED
Scene Factory: class Bomberman.BombermanGame$1

09:51:03.091 [JavaFX Application Thread] DEBUG FXGLApplication      - Initializing FXGL
09:51:03.095 [JavaFX Application Thread] INFO  Engine               - FXGL-11.17 (16.07.2021 15.46) on WINDOWS (J:11.0.16.1 FX:16)
09:51:03.095 [JavaFX Application Thread] DEBUG Engine               - JRE Vendor Name: Oracle Corporation
09:51:03.096 [JavaFX Application Thread] DEBUG Engine               - Running on OS: Windows 11 version 10.0
09:51:03.096 [JavaFX Application Thread] DEBUG Engine               - Architecture: amd64
09:51:03.096 [JavaFX Application Thread] INFO  Engine               - Source code and latest versions at: https://github.com/AlmasB/FXGL
09:51:03.097 [JavaFX Application Thread] INFO  Engine               -              Join the FXGL chat at: https://gitter.im/AlmasB/FXGL
09:51:03.335 [JavaFX Application Thread] DEBUG PrimaryStageWindow   - Creating a JavaFX scene
09:51:03.449 [JavaFX Application Thread] DEBUG PrimaryStageWindow   - Target settings size: 1280.0 x 720.0
09:51:03.450 [JavaFX Application Thread] DEBUG PrimaryStageWindow   - Scaled scene size:    1280.0 x 720.0
09:51:03.450 [JavaFX Application Thread] DEBUG PrimaryStageWindow   - Scaled ratio: (1.0, 1.0)
09:51:03.452 [JavaFX Application Thread] DEBUG PrimaryStageWindow   - Set initial scene to FXGLStartupScene
09:51:03.470 [JavaFX Application Thread] DEBUG PrimaryStageWindow   - Opening main window
09:51:03.637 [JavaFX Application Thread] DEBUG PrimaryStageWindow   - Window border size: (13.0, 35.5)
09:51:03.637 [JavaFX Application Thread] DEBUG PrimaryStageWindow   - Scaled size: 1280.0 x 720.0
09:51:03.637 [JavaFX Application Thread] DEBUG PrimaryStageWindow   - Scaled ratio: (1.0, 1.0)
09:51:03.638 [JavaFX Application Thread] DEBUG PrimaryStageWindow   - Scene size: 1280.0 x 720.0
09:51:03.638 [JavaFX Application Thread] DEBUG PrimaryStageWindow   - Stage size: 1293.0 x 755.5
09:51:03.654 [FXGL Background Thread 1 ] DEBUG Engine               - Initializing environment variables
09:51:03.770 [FXGL Background Thread 1 ] DEBUG FXGLAssetLoaderServi - User app class for loading assets: class Bomberman.BombermanGame
09:51:03.771 [FXGL Background Thread 1 ] DEBUG GameApplicationServi - Applying CSS: fxgl_dark.css
09:51:03.772 [FXGL Background Thread 1 ] DEBUG FXGLAssetLoaderServi - Loading from file system: jar:file:/C:/Users/Admin/.m2/repository/com/github/almasb/fxgl/11.17/fxgl-11.17.jar!/fxglassets/ui/css/fxgl_dark.css
09:51:03.852 [FXGL Background Thread 1 ] DEBUG GameApplicationServi - Initializing application scenes
09:51:03.922 [FXGL Background Thread 1 ] DEBUG GameWorld            - Game world initialized
09:51:04.040 [FXGL Background Thread 1 ] DEBUG PhysicsWorld         - Physics world initialized: appHeight=720, physics.ppm=50.0
09:51:04.041 [FXGL Background Thread 1 ] DEBUG PhysicsWorld         - Using strategy: BRUTE_FORCE
09:51:04.046 [FXGL Background Thread 1 ] DEBUG GameScene            - Game scene initialized: 1280x720
09:51:04.252 [FXGL Background Thread 1 ] DEBUG GameApplicationServi - Application scenes initialized
09:51:04.275 [FXGL Background Thread 1 ] DEBUG SystemBundleService  - Loading FXGL system data
09:51:04.284 [FXGL Background Thread 1 ] DEBUG FileSystemAccess     - Reading from: C:\Users\Admin\Desktop\Github\Bomberman\system\fxgl.bundle
09:51:04.295 [FXGL Background Thread 1 ] DEBUG SystemBundleService  - Bundle FXGL: {}
09:51:04.295 [FXGL Background Thread 1 ] DEBUG UpdaterService       - Checking for updates
09:51:04.304 [FXGL Background Thread 4 ] DEBUG FXGLApplication      - Loading fonts
09:51:04.305 [FXGL Background Thread 4 ] DEBUG FXGLAssetLoaderServi - Loading from file system: file:/C:/Users/Admin/Desktop/Github/Bomberman/target/classes/assets/ui/fonts/game_font.ttf
09:51:04.305 [FXGL Background Thread 1 ] DEBUG FXGLApplication      - Loading default localization
09:51:04.306 [FXGL Background Thread 1 ] DEBUG FXGLAssetLoaderServi - Loading from file system: jar:file:/C:/Users/Admin/.m2/repository/com/github/almasb/fxgl/11.17/fxgl-11.17.jar!/fxglassets/languages/english.lang
09:51:04.336 [FXGL Background Thread 1 ] INFO  FXGLApplication      - FXGL initialization took: 0.682 sec
09:51:04.364 [JavaFX Application Thread] DEBUG Input                - Registered new binding: Move Left - A
09:51:04.364 [JavaFX Application Thread] DEBUG Input                - Registered new binding: Move Right - D
09:51:04.365 [JavaFX Application Thread] DEBUG Input                - Registered new binding: Move Up - W
09:51:04.365 [JavaFX Application Thread] DEBUG Input                - Registered new binding: Move Down - S
09:51:04.365 [JavaFX Application Thread] DEBUG Input                - Registered new binding: Place Bomb - Space
09:51:04.366 [JavaFX Application Thread] DEBUG Input                - Registered new binding: Switch to classic bomb - 1
09:51:04.366 [JavaFX Application Thread] DEBUG Input                - Registered new binding: Switch to lazer bomb - 2
09:51:04.366 [JavaFX Application Thread] DEBUG Input                - Registered new binding: Switch to light bomb - 3
09:51:04.366 [JavaFX Application Thread] DEBUG Input                - Registered new binding: Exit game - Esc
09:51:04.367 [JavaFX Application Thread] DEBUG Input                - Registered new binding: Next level - P
09:51:04.367 [JavaFX Application Thread] DEBUG Input                - Registered new binding: Developer Mode - O
09:51:04.369 [JavaFX Application Thread] DEBUG FXGLAssetLoaderServi - Loading from file system: file:/C:/Users/Admin/Desktop/Github/Bomberman/target/classes/assets/music/stage_theme.mp3
09:51:04.622 [JavaFX Application Thread] DEBUG AudioPlayer          - Playing music com.almasb.fxgl.audio.Music@2e8bec90
09:51:04.624 [JavaFX Application Thread] DEBUG FXGLAssetLoaderServi - Loading from file system: jar:file:/C:/Users/Admin/.m2/repository/com/github/almasb/fxgl/11.17/fxgl-11.17.jar!/fxglassets/textures/fxgl_icon.png
09:51:04.656 [JavaFX Application Thread] DEBUG FXGLAssetLoaderServi - Loading from file system: jar:file:/C:/Users/Admin/.m2/repository/com/github/almasb/fxgl/11.17/fxgl-11.17.jar!/fxglassets/textures/fxgl_default_cursor.png
09:51:04.659 [JavaFX Application Thread] DEBUG Input                - Registered new binding: Screenshot - CTRL+8
09:51:04.660 [JavaFX Application Thread] DEBUG Input                - Registered new binding: System info dump - CTRL+9
09:51:04.661 [JavaFX Application Thread] DEBUG Input                - Registered new binding: Restart - CTRL+R
09:51:04.662 [JavaFX Application Thread] DEBUG Input                - Registered new binding: Toggle Debug Camera - CTRL+C
09:51:04.665 [JavaFX Application Thread] DEBUG LoopRunner           - Starting loop
09:51:04.665 [JavaFX Application Thread] DEBUG LoopRunner           - Initializing JavaFX AnimationTimerLoop
09:51:04.670 [JavaFX Application Thread] DEBUG Input                - Clearing active input actions
09:51:04.683 [JavaFX Application Thread] DEBUG GameApplicationServi - Removing overlay from FXGLStartupScene and adding to FXGLMainMenuDummyScene
09:51:04.684 [JavaFX Application Thread] DEBUG PrimaryStageWindow   - FXGLStartupScene -> FXGLMainMenuDummyScene
09:51:04.684 [JavaFX Application Thread] DEBUG PrimaryStageWindow   - Push state: MainMenu
09:51:04.684 [JavaFX Application Thread] DEBUG Input                - Clearing active input actions
09:51:04.693 [JavaFX Application Thread] DEBUG GameApplicationServi - Removing overlay from FXGLMainMenuDummyScene and adding to MainMenu
09:51:04.694 [JavaFX Application Thread] DEBUG PrimaryStageWindow   - FXGLMainMenuDummyScene -> MainMenu
09:51:04.715 [FXGL Background Thread 4 ] DEBUG FXGLAssetLoaderServi - Loading from file system: jar:file:/C:/Users/Admin/.m2/repository/com/github/almasb/fxgl/11.17/fxgl-11.17.jar!/fxglassets/ui/fonts/Abel-Regular.ttf
09:51:04.723 [FXGL Background Thread 4 ] DEBUG FXGLAssetLoaderServi - Loading from file system: jar:file:/C:/Users/Admin/.m2/repository/com/github/almasb/fxgl/11.17/fxgl-11.17.jar!/fxglassets/ui/fonts/lucida_console.ttf
09:51:04.738 [FXGL Background Thread 4 ] DEBUG FXGLAssetLoaderServi - Loading from file system: jar:file:/C:/Users/Admin/.m2/repository/com/github/almasb/fxgl/11.17/fxgl-11.17.jar!/fxglassets/ui/fonts/Courier-Prime.ttf
09:51:04.768 [JavaFX Application Thread] DEBUG FXGLApplication      - Registering font factories with UI factory
09:51:05.504 [FXGL Background Thread 2 ] INFO  UpdaterService       - Your current version:  11.17
09:51:05.505 [FXGL Background Thread 2 ] INFO  UpdaterService       - Latest stable version: 17.2
09:51:07.303 [FXGL Background Thread 3 ] DEBUG Engine               - Logging environment variables
09:51:07.304 [FXGL Background Thread 3 ] DEBUG Engine               - achievements: []
09:51:07.304 [FXGL Background Thread 3 ] DEBUG Engine               - actualHeight: 720.0
09:51:07.305 [FXGL Background Thread 3 ] DEBUG Engine               - actualHeightProperty: ReadOnlyDoubleProperty [value: 720.0]
09:51:07.305 [FXGL Background Thread 3 ] DEBUG Engine               - actualWidth: 1280.0
09:51:07.305 [FXGL Background Thread 3 ] DEBUG Engine               - actualWidthProperty: ReadOnlyDoubleProperty [value: 1280.0]
09:51:07.305 [FXGL Background Thread 3 ] DEBUG Engine               - appIcon: fxgl_icon.png
09:51:07.305 [FXGL Background Thread 3 ] DEBUG Engine               - applicationMode: DEVELOPER
09:51:07.305 [FXGL Background Thread 3 ] DEBUG Engine               - cSSList: [fxgl_dark.css]
09:51:07.305 [FXGL Background Thread 3 ] DEBUG Engine               - collisionDetectionStrategy: BRUTE_FORCE
09:51:07.305 [FXGL Background Thread 3 ] DEBUG Engine               - configClass: Optional.empty
09:51:07.306 [FXGL Background Thread 3 ] DEBUG Engine               - credits: []
09:51:07.306 [FXGL Background Thread 3 ] DEBUG Engine               - defaultCursor: CursorInfo(imageName=fxgl_default_cursor.png, hotspotX=7.0, hotspotY=6.0)
09:51:07.307 [FXGL Background Thread 3 ] DEBUG Engine               - devBBoxColorProperty: ObjectProperty [value: 0xff0000ff]
09:51:07.307 [FXGL Background Thread 3 ] DEBUG Engine               - devEnableDebugCameraProperty: BooleanProperty [value: false]
09:51:07.308 [FXGL Background Thread 3 ] DEBUG Engine               - devSensorColorProperty: ObjectProperty [value: 0xffff00ff]
09:51:07.308 [FXGL Background Thread 3 ] DEBUG Engine               - devShowBBoxProperty: BooleanProperty [value: false]
09:51:07.308 [FXGL Background Thread 3 ] DEBUG Engine               - devShowPositionProperty: BooleanProperty [value: false]
09:51:07.308 [FXGL Background Thread 3 ] DEBUG Engine               - enabledMenuItems: []
09:51:07.308 [FXGL Background Thread 3 ] DEBUG Engine               - engineServices: [class com.almasb.fxgl.app.services.FXGLAssetLoaderService, class com.almasb.fxgl.app.FXGLApplication$GameApplicationService, class com.almasb.fxgl.app.services.FXGLDialogService, class com.almasb.fxgl.app.services.IOTaskExecutorService, class com.almasb.fxgl.io.FileSystemService, class com.almasb.fxgl.localization.LocalizationService, class com.almasb.fxgl.app.services.SystemBundleService, class com.almasb.fxgl.profile.SaveLoadService, class com.almasb.fxgl.ui.FXGLUIFactoryServiceProvider, class com.almasb.fxgl.ui.FXGLDialogFactoryServiceProvider, class com.almasb.fxgl.audio.AudioPlayer, class com.almasb.fxgl.notification.impl.NotificationServiceProvider, class com.almasb.fxgl.achievement.AchievementService, class com.almasb.fxgl.cutscene.CutsceneService, class com.almasb.fxgl.minigames.MiniGameService, class com.almasb.fxgl.net.NetService, class com.almasb.fxgl.app.services.UpdaterService, class com.almasb.fxgl.dev.DevService]
09:51:07.308 [FXGL Background Thread 3 ] DEBUG Engine               - fontGame: Abel-Regular.ttf
09:51:07.309 [FXGL Background Thread 3 ] DEBUG Engine               - fontMono: lucida_console.ttf
09:51:07.309 [FXGL Background Thread 3 ] DEBUG Engine               - fontText: Courier-Prime.ttf
09:51:07.309 [FXGL Background Thread 3 ] DEBUG Engine               - fontUI: game_font.ttf
09:51:07.309 [FXGL Background Thread 3 ] DEBUG Engine               - fullScreen: BooleanProperty [value: false]
09:51:07.309 [FXGL Background Thread 3 ] DEBUG Engine               - gameDifficulty: MEDIUM
09:51:07.309 [FXGL Background Thread 3 ] DEBUG Engine               - gameDifficultyProperty: ObjectProperty [value: MEDIUM]
09:51:07.309 [FXGL Background Thread 3 ] DEBUG Engine               - globalMusicVolume: 0.5
09:51:07.310 [FXGL Background Thread 3 ] DEBUG Engine               - globalMusicVolumeProperty: DoubleProperty [value: 0.5]
09:51:07.310 [FXGL Background Thread 3 ] DEBUG Engine               - globalSoundVolume: 0.5
09:51:07.310 [FXGL Background Thread 3 ] DEBUG Engine               - globalSoundVolumeProperty: DoubleProperty [value: 0.5]
09:51:07.310 [FXGL Background Thread 3 ] DEBUG Engine               - height: 720
09:51:07.310 [FXGL Background Thread 3 ] DEBUG Engine               - is3D: false
09:51:07.310 [FXGL Background Thread 3 ] DEBUG Engine               - isAndroid: false
09:51:07.311 [FXGL Background Thread 3 ] DEBUG Engine               - isBrowser: false
09:51:07.311 [FXGL Background Thread 3 ] DEBUG Engine               - isClickFeedbackEnabled: false
09:51:07.311 [FXGL Background Thread 3 ] DEBUG Engine               - isCloseConfirmation: false
09:51:07.311 [FXGL Background Thread 3 ] DEBUG Engine               - isDesktop: true
09:51:07.311 [FXGL Background Thread 3 ] DEBUG Engine               - isDeveloperMenuEnabled: false
09:51:07.311 [FXGL Background Thread 3 ] DEBUG Engine               - isEntityPreloadEnabled: true
09:51:07.311 [FXGL Background Thread 3 ] DEBUG Engine               - isExperimentalTiledLargeMap: false
09:51:07.311 [FXGL Background Thread 3 ] DEBUG Engine               - isFileSystemWriteAllowed: true
09:51:07.311 [FXGL Background Thread 3 ] DEBUG Engine               - isFullScreenAllowed: true
09:51:07.311 [FXGL Background Thread 3 ] DEBUG Engine               - isFullScreenFromStart: false
09:51:07.311 [FXGL Background Thread 3 ] DEBUG Engine               - isGameMenuEnabled: true
09:51:07.311 [FXGL Background Thread 3 ] DEBUG Engine               - isIOS: false
09:51:07.312 [FXGL Background Thread 3 ] DEBUG Engine               - isIntroEnabled: false
09:51:07.312 [FXGL Background Thread 3 ] DEBUG Engine               - isLinux: false
09:51:07.312 [FXGL Background Thread 3 ] DEBUG Engine               - isMac: false
09:51:07.312 [FXGL Background Thread 3 ] DEBUG Engine               - isMainMenuEnabled: true
09:51:07.312 [FXGL Background Thread 3 ] DEBUG Engine               - isManualResizeEnabled: false
09:51:07.312 [FXGL Background Thread 3 ] DEBUG Engine               - isMobile: false
09:51:07.312 [FXGL Background Thread 3 ] DEBUG Engine               - isNative: false
09:51:07.312 [FXGL Background Thread 3 ] DEBUG Engine               - isPauseMusicWhenMinimized: true
09:51:07.312 [FXGL Background Thread 3 ] DEBUG Engine               - isPreserveResizeRatio: false
09:51:07.313 [FXGL Background Thread 3 ] DEBUG Engine               - isProfilingEnabled: false
09:51:07.313 [FXGL Background Thread 3 ] DEBUG Engine               - isScaleAffectedOnResize: true
09:51:07.313 [FXGL Background Thread 3 ] DEBUG Engine               - isSingleStep: false
09:51:07.313 [FXGL Background Thread 3 ] DEBUG Engine               - isUserProfileEnabled: false
09:51:07.313 [FXGL Background Thread 3 ] DEBUG Engine               - isWindows: true
09:51:07.314 [FXGL Background Thread 3 ] DEBUG Engine               - language: ObjectProperty [value: ENGLISH]
09:51:07.314 [FXGL Background Thread 3 ] DEBUG Engine               - menuKey: ESCAPE
09:51:07.314 [FXGL Background Thread 3 ] DEBUG Engine               - mouseSensitivity: 0.2
09:51:07.314 [FXGL Background Thread 3 ] DEBUG Engine               - notificationViewClass: class com.almasb.fxgl.notification.view.XboxNotificationView
09:51:07.314 [FXGL Background Thread 3 ] DEBUG Engine               - pixelsPerMeter: 50.0
09:51:07.314 [FXGL Background Thread 3 ] DEBUG Engine               - platform: WINDOWS
09:51:07.314 [FXGL Background Thread 3 ] DEBUG Engine               - prefHeightProperty: ReadOnlyDoubleProperty [value: 720.0]
09:51:07.314 [FXGL Background Thread 3 ] DEBUG Engine               - prefWidthProperty: ReadOnlyDoubleProperty [value: 1280.0]
09:51:07.314 [FXGL Background Thread 3 ] DEBUG Engine               - profileDir: profiles/
09:51:07.315 [FXGL Background Thread 3 ] DEBUG Engine               - profileName: StringProperty [value: DEFAULT]
09:51:07.315 [FXGL Background Thread 3 ] DEBUG Engine               - randomSeed: -1
09:51:07.315 [FXGL Background Thread 3 ] DEBUG Engine               - runtimeInfo: RuntimeInfo(platform=WINDOWS, version=11.17, build=16.07.2021 15.46)
09:51:07.315 [FXGL Background Thread 3 ] DEBUG Engine               - saveFileExt: sav
09:51:07.315 [FXGL Background Thread 3 ] DEBUG Engine               - scaledHeightProp$fxgl: DoubleProperty [bound, value: 720.0]
09:51:07.315 [FXGL Background Thread 3 ] DEBUG Engine               - scaledWidthProp$fxgl: DoubleProperty [bound, value: 1280.0]
09:51:07.315 [FXGL Background Thread 3 ] DEBUG Engine               - sceneFactory: Bomberman.BombermanGame$1@707b3e27
09:51:07.315 [FXGL Background Thread 3 ] DEBUG Engine               - secondsIn24h: 60
09:51:07.315 [FXGL Background Thread 3 ] DEBUG Engine               - soundMenuBack: menu/back.wav
09:51:07.315 [FXGL Background Thread 3 ] DEBUG Engine               - soundMenuPress: menu/press.wav
09:51:07.315 [FXGL Background Thread 3 ] DEBUG Engine               - soundMenuSelect: menu/select.wav
09:51:07.315 [FXGL Background Thread 3 ] DEBUG Engine               - soundNotification: core/notification.wav
09:51:07.316 [FXGL Background Thread 3 ] DEBUG Engine               - stageStyle: DECORATED
09:51:07.316 [FXGL Background Thread 3 ] DEBUG Engine               - supportedLanguages: [ENGLISH, FRENCH, GERMAN, HUNGARIAN, RUSSIAN]
09:51:07.316 [FXGL Background Thread 3 ] DEBUG Engine               - ticksPerSecond: -1
09:51:07.316 [FXGL Background Thread 3 ] DEBUG Engine               - title: BOMBER
 MAN
09:51:07.316 [FXGL Background Thread 3 ] DEBUG Engine               - urlGithub: https://github.com/AlmasB/FXGL
09:51:07.316 [FXGL Background Thread 3 ] DEBUG Engine               - urlLeaderboard: http://fxgl-top.herokuapp.com/
09:51:07.316 [FXGL Background Thread 3 ] DEBUG Engine               - urlPOM: https://raw.githubusercontent.com/AlmasB/FXGL/release/README.md
09:51:07.316 [FXGL Background Thread 3 ] DEBUG Engine               - userAppClass: class Bomberman.BombermanGame
09:51:07.316 [FXGL Background Thread 3 ] DEBUG Engine               - version: 1.0
09:51:07.316 [FXGL Background Thread 3 ] DEBUG Engine               - versionCheckDays: 7
09:51:07.317 [FXGL Background Thread 3 ] DEBUG Engine               - width: 1280
09:51:07.317 [FXGL Background Thread 3 ] DEBUG Engine               - Logging services
09:51:07.317 [FXGL Background Thread 3 ] DEBUG Engine               - class com.almasb.fxgl.app.services.FXGLAssetLoaderService
09:51:07.317 [FXGL Background Thread 3 ] DEBUG Engine               - class com.almasb.fxgl.app.FXGLApplication$GameApplicationService
09:51:07.317 [FXGL Background Thread 3 ] DEBUG Engine               - class com.almasb.fxgl.app.services.FXGLDialogService
09:51:07.317 [FXGL Background Thread 3 ] DEBUG Engine               - class com.almasb.fxgl.app.services.IOTaskExecutorService
09:51:07.317 [FXGL Background Thread 3 ] DEBUG Engine               - class com.almasb.fxgl.io.FileSystemService
09:51:07.317 [FXGL Background Thread 3 ] DEBUG Engine               - class com.almasb.fxgl.localization.LocalizationService
09:51:07.317 [FXGL Background Thread 3 ] DEBUG Engine               - class com.almasb.fxgl.app.services.SystemBundleService
09:51:07.317 [FXGL Background Thread 3 ] DEBUG Engine               - class com.almasb.fxgl.profile.SaveLoadService
09:51:07.317 [FXGL Background Thread 3 ] DEBUG Engine               - class com.almasb.fxgl.ui.FXGLUIFactoryServiceProvider
09:51:07.317 [FXGL Background Thread 3 ] DEBUG Engine               - class com.almasb.fxgl.ui.FXGLDialogFactoryServiceProvider
09:51:07.317 [FXGL Background Thread 3 ] DEBUG Engine               - class com.almasb.fxgl.audio.AudioPlayer
09:51:07.318 [FXGL Background Thread 3 ] DEBUG Engine               - class com.almasb.fxgl.notification.impl.NotificationServiceProvider
09:51:07.318 [FXGL Background Thread 3 ] DEBUG Engine               - class com.almasb.fxgl.achievement.AchievementService
09:51:07.318 [FXGL Background Thread 3 ] DEBUG Engine               - class com.almasb.fxgl.cutscene.CutsceneService
09:51:07.318 [FXGL Background Thread 3 ] DEBUG Engine               - class com.almasb.fxgl.minigames.MiniGameService
09:51:07.318 [FXGL Background Thread 3 ] DEBUG Engine               - class com.almasb.fxgl.net.NetService
09:51:07.318 [FXGL Background Thread 3 ] DEBUG Engine               - class com.almasb.fxgl.app.services.UpdaterService
09:51:07.318 [FXGL Background Thread 3 ] DEBUG Engine               - class com.almasb.fxgl.dev.DevService
09:51:13.271 [JavaFX Application Thread] DEBUG Menu                 - fireNewGame()
09:51:13.271 [JavaFX Application Thread] DEBUG GameApplicationServi - Starting new game
09:51:13.271 [JavaFX Application Thread] DEBUG PrimaryStageWindow   - Pop state: MainMenu
09:51:13.271 [JavaFX Application Thread] DEBUG Input                - Clearing active input actions
09:51:13.272 [JavaFX Application Thread] DEBUG GameApplicationServi - Removing overlay from MainMenu and adding to FXGLMainMenuDummyScene
09:51:13.273 [JavaFX Application Thread] DEBUG PrimaryStageWindow   - FXGLMainMenuDummyScene <- MainMenu
09:51:13.273 [JavaFX Application Thread] DEBUG Input                - Clearing active input actions
09:51:13.303 [JavaFX Application Thread] DEBUG GameApplicationServi - Removing overlay from FXGLMainMenuDummyScene and adding to FXGLLoadingScene
09:51:13.303 [JavaFX Application Thread] DEBUG PrimaryStageWindow   - FXGLMainMenuDummyScene -> FXGLLoadingScene
09:51:13.303 [JavaFX Application Thread] DEBUG GameApplicationServi - Clearing previous game
09:51:13.303 [JavaFX Application Thread] DEBUG GameScene            - Clearing game scene
09:51:13.303 [JavaFX Application Thread] DEBUG GameWorld            - Clearing game world
09:51:13.304 [JavaFX Application Thread] DEBUG PhysicsWorld         - Clearing physics world
09:51:13.306 [FXGL Background Thread 2 ] DEBUG FXGLApplication      - Initializing game
09:51:14.682 [FXGL Background Thread 2 ] DEBUG FXGLAssetLoaderServi - Loading from file system: file:/C:/Users/Admin/Desktop/Github/Bomberman/target/classes/assets/textures/player_die.png
09:51:14.686 [FXGL Background Thread 2 ] DEBUG FXGLAssetLoaderServi - Loading from file system: file:/C:/Users/Admin/Desktop/Github/Bomberman/target/classes/assets/textures/player_down.png
09:51:14.690 [FXGL Background Thread 2 ] DEBUG FXGLAssetLoaderServi - Loading from file system: file:/C:/Users/Admin/Desktop/Github/Bomberman/target/classes/assets/textures/player_right.png
09:51:14.692 [FXGL Background Thread 2 ] DEBUG FXGLAssetLoaderServi - Loading from file system: file:/C:/Users/Admin/Desktop/Github/Bomberman/target/classes/assets/textures/player_up.png
09:51:14.694 [FXGL Background Thread 2 ] DEBUG FXGLAssetLoaderServi - Loading from file system: file:/C:/Users/Admin/Desktop/Github/Bomberman/target/classes/assets/textures/player_left.png
09:51:14.728 [FXGL Background Thread 2 ] DEBUG FXGLAssetLoaderServi - Loading from file system: file:/C:/Users/Admin/Desktop/Github/Bomberman/target/classes/assets/textures/brick.png
09:51:14.729 [FXGL Background Thread 2 ] DEBUG FXGLAssetLoaderServi - Loading from file system: file:/C:/Users/Admin/Desktop/Github/Bomberman/target/classes/assets/textures/brick_break.png
09:51:14.751 [FXGL Background Thread 2 ] DEBUG FXGLAssetLoaderServi - Loading from file system: file:/C:/Users/Admin/Desktop/Github/Bomberman/target/classes/assets/textures/wall.png
09:51:14.789 [FXGL Background Thread 2 ] DEBUG FXGLAssetLoaderServi - Loading from file system: file:/C:/Users/Admin/Desktop/Github/Bomberman/target/classes/assets/textures/powerup_bombs.png
09:51:14.838 [FXGL Background Thread 2 ] DEBUG FXGLAssetLoaderServi - Loading from file system: file:/C:/Users/Admin/Desktop/Github/Bomberman/target/classes/assets/textures/powerup_flames.png
09:51:14.914 [FXGL Background Thread 2 ] DEBUG FXGLAssetLoaderServi - Loading from file system: file:/C:/Users/Admin/Desktop/Github/Bomberman/target/classes/assets/textures/powerup_speed.png
09:51:15.040 [FXGL Background Thread 2 ] INFO  FXGLApplication      - Game initialization took: 1.734 sec
09:51:15.041 [JavaFX Application Thread] DEBUG Input                - Clearing active input actions
09:51:15.072 [JavaFX Application Thread] DEBUG GameApplicationServi - Removing overlay from FXGLLoadingScene and adding to GameScene
09:51:15.073 [JavaFX Application Thread] DEBUG PrimaryStageWindow   - FXGLLoadingScene -> GameScene
09:51:35.477 [JavaFX Application Thread] DEBUG FXGLAssetLoaderServi - Loading from file system: file:/C:/Users/Admin/Desktop/Github/Bomberman/target/classes/assets/sounds/place_bomb.wav
09:51:35.498 [JavaFX Application Thread] DEBUG FXGLAssetLoaderServi - Loading from file system: file:/C:/Users/Admin/Desktop/Github/Bomberman/target/classes/assets/textures/bomb.png
09:51:37.567 [JavaFX Application Thread] DEBUG FXGLAssetLoaderServi - Loading from file system: file:/C:/Users/Admin/Desktop/Github/Bomberman/target/classes/assets/sounds/explosion.wav
09:51:37.576 [JavaFX Application Thread] DEBUG FXGLAssetLoaderServi - Loading from file system: file:/C:/Users/Admin/Desktop/Github/Bomberman/target/classes/assets/textures/central_flame.png
09:51:37.579 [JavaFX Application Thread] DEBUG FXGLAssetLoaderServi - Loading from file system: file:/C:/Users/Admin/Desktop/Github/Bomberman/target/classes/assets/textures/top_up_flame.png
09:51:37.581 [JavaFX Application Thread] DEBUG FXGLAssetLoaderServi - Loading from file system: file:/C:/Users/Admin/Desktop/Github/Bomberman/target/classes/assets/textures/top_down_flame.png
09:51:37.583 [JavaFX Application Thread] DEBUG FXGLAssetLoaderServi - Loading from file system: file:/C:/Users/Admin/Desktop/Github/Bomberman/target/classes/assets/textures/top_right_flame.png
09:51:37.585 [JavaFX Application Thread] DEBUG FXGLAssetLoaderServi - Loading from file system: file:/C:/Users/Admin/Desktop/Github/Bomberman/target/classes/assets/textures/top_left_flame.png
09:51:42.703 [JavaFX Application Thread] DEBUG FXGLAssetLoaderServi - Loading from file system: file:/C:/Users/Admin/Desktop/Github/Bomberman/target/classes/assets/sounds/powerup.wav
09:51:45.521 [JavaFX Application Thread] DEBUG FXGLAssetLoaderServi - Loading from file system: file:/C:/Users/Admin/Desktop/Github/Bomberman/target/classes/assets/textures/right_flame.png
09:51:45.524 [JavaFX Application Thread] DEBUG FXGLAssetLoaderServi - Loading from file system: file:/C:/Users/Admin/Desktop/Github/Bomberman/target/classes/assets/textures/left_flame.png
09:51:45.526 [JavaFX Application Thread] DEBUG FXGLAssetLoaderServi - Loading from file system: file:/C:/Users/Admin/Desktop/Github/Bomberman/target/classes/assets/textures/down_flame.png
09:51:45.529 [JavaFX Application Thread] DEBUG FXGLAssetLoaderServi - Loading from file system: file:/C:/Users/Admin/Desktop/Github/Bomberman/target/classes/assets/textures/up_flame.png
09:51:45.933 [JavaFX Application Thread] WARN  GameWorld            - Attempted to remove entity which is not active
09:51:48.588 [JavaFX Application Thread] WARN  GameWorld            - Attempted to remove entity which is not active
09:51:54.124 [JavaFX Application Thread] WARN  GameWorld            - Attempted to remove entity which is not active
09:51:54.125 [JavaFX Application Thread] WARN  GameWorld            - Attempted to remove entity which is not active
09:51:54.204 [JavaFX Application Thread] WARN  GameWorld            - Attempted to remove entity which is not active
09:51:54.205 [JavaFX Application Thread] WARN  GameWorld            - Attempted to remove entity which is not active
09:51:57.788 [JavaFX Application Thread] WARN  GameWorld            - Attempted to remove entity which is not active
09:51:57.788 [JavaFX Application Thread] WARN  GameWorld            - Attempted to remove entity which is not active
09:52:00.925 [JavaFX Application Thread] WARN  GameWorld            - Attempted to remove entity which is not active
09:52:00.925 [JavaFX Application Thread] WARN  GameWorld            - Attempted to remove entity which is not active
09:52:03.197 [JavaFX Application Thread] WARN  GameWorld            - Attempted to remove entity which is not active
09:52:03.197 [JavaFX Application Thread] WARN  GameWorld            - Attempted to remove entity which is not active
09:52:03.197 [JavaFX Application Thread] WARN  GameWorld            - Attempted to remove entity which is not active
09:52:03.292 [JavaFX Application Thread] WARN  GameWorld            - Attempted to remove entity which is not active
09:52:13.277 [JavaFX Application Thread] WARN  GameWorld            - Attempted to remove entity which is not active
09:52:15.101 [JavaFX Application Thread] WARN  GameWorld            - Attempted to remove entity which is not active
09:52:17.020 [JavaFX Application Thread] WARN  GameWorld            - Attempted to remove entity which is not active
09:52:19.037 [JavaFX Application Thread] WARN  GameWorld            - Attempted to remove entity which is not active
09:52:23.468 [JavaFX Application Thread] WARN  GameWorld            - Attempted to remove entity which is not active
09:52:26.012 [JavaFX Application Thread] WARN  GameWorld            - Attempted to remove entity which is not active
09:52:26.013 [JavaFX Application Thread] WARN  GameWorld            - Attempted to remove entity which is not active
09:52:26.076 [JavaFX Application Thread] WARN  GameWorld            - Attempted to remove entity which is not active
09:52:33.677 [JavaFX Application Thread] WARN  GameWorld            - Attempted to remove entity which is not active
09:52:44.780 [JavaFX Application Thread] WARN  GameWorld            - Attempted to remove entity which is not active
09:52:44.781 [JavaFX Application Thread] WARN  GameWorld            - Attempted to remove entity which is not active
09:52:44.781 [JavaFX Application Thread] WARN  GameWorld            - Attempted to remove entity which is not active
09:52:44.781 [JavaFX Application Thread] WARN  GameWorld            - Attempted to remove entity which is not active
09:52:52.796 [JavaFX Application Thread] WARN  GameWorld            - Attempted to remove entity which is not active
09:52:52.798 [JavaFX Application Thread] WARN  GameWorld            - Attempted to remove entity which is not active
09:52:59.596 [JavaFX Application Thread] WARN  GameWorld            - Attempted to remove entity which is not active
09:52:59.596 [JavaFX Application Thread] WARN  GameWorld            - Attempted to remove entity which is not active
09:53:07.308 [JavaFX Application Thread] WARN  GameWorld            - Attempted to remove entity which is not active
09:53:07.308 [JavaFX Application Thread] WARN  GameWorld            - Attempted to remove entity which is not active
09:53:07.309 [JavaFX Application Thread] WARN  GameWorld            - Attempted to remove entity which is not active
09:53:29.084 [JavaFX Application Thread] WARN  GameWorld            - Attempted to remove entity which is not active
09:53:29.084 [JavaFX Application Thread] WARN  GameWorld            - Attempted to remove entity which is not active
09:53:29.084 [JavaFX Application Thread] WARN  GameWorld            - Attempted to remove entity which is not active
09:53:29.084 [JavaFX Application Thread] WARN  GameWorld            - Attempted to remove entity which is not active
09:53:29.084 [JavaFX Application Thread] WARN  GameWorld            - Attempted to remove entity which is not active
09:53:29.085 [JavaFX Application Thread] WARN  GameWorld            - Attempted to remove entity which is not active
09:53:29.085 [JavaFX Application Thread] WARN  GameWorld            - Attempted to remove entity which is not active
09:53:29.085 [JavaFX Application Thread] WARN  GameWorld            - Attempted to remove entity which is not active
09:53:29.085 [JavaFX Application Thread] WARN  GameWorld            - Attempted to remove entity which is not active
09:54:23.027 [JavaFX Application Thread] DEBUG LoopRunner           - Stopping loop
09:54:23.030 [JavaFX Application Thread] FATAL FXGLApplication      - Uncaught Exception:
java.lang.IllegalArgumentException: Component LightBomb not found!
	at com.almasb.fxgl.entity.Entity.getComponent(Entity.java:369)
	at Bomberman.Components.Bomb.LightBomb.lambda$new$0(LightBomb.java:17)
	at com.almasb.fxgl.dsl.FXGL$Companion$onCollision$1.onCollision(FXGL.kt:550)
	at com.almasb.fxgl.physics.CollisionPair.collision(CollisionPair.java:41)
	at com.almasb.fxgl.physics.PhysicsWorld.notifyCollisions(PhysicsWorld.java:489)
	at com.almasb.fxgl.physics.PhysicsWorld.onUpdate(PhysicsWorld.java:183)
	at com.almasb.fxgl.app.scene.GameScene.step(GameScene.kt:224)
	at com.almasb.fxgl.app.scene.GameScene.onUpdate(GameScene.kt:219)
	at com.almasb.fxgl.scene.Scene.update(Scene.kt:105)
	at com.almasb.fxgl.app.MainWindow$update$1.invoke(MainWindow.kt:110)
	at com.almasb.fxgl.app.MainWindow$update$1.invoke(MainWindow.kt:110)
	at com.almasb.fxgl.core.fsm.StateMachine.runOnActiveStates(StateMachine.kt:69)
	at com.almasb.fxgl.app.MainWindow.update(MainWindow.kt:110)
	at com.almasb.fxgl.app.FXGLApplication$GameApplicationService.onUpdate(FXGLApplication.kt:426)
	at com.almasb.fxgl.app.Engine.loop(Engine.kt:133)
	at com.almasb.fxgl.app.Engine.access$loop(Engine.kt:24)
	at com.almasb.fxgl.app.Engine$loop$1.invoke(Engine.kt:28)
	at com.almasb.fxgl.app.Engine$loop$1.invoke(Engine.kt:28)
	at com.almasb.fxgl.app.LoopRunner.frame(LoopRunner.kt:103)
	at com.almasb.fxgl.app.LoopRunner.access$frame(LoopRunner.kt:23)
	at com.almasb.fxgl.app.LoopRunner$impl$2$1.onTick(LoopRunner.kt:57)
	at com.almasb.fxgl.app.AnimationTimerLoop$timer$1.handle(LoopRunner.kt:137)
	at javafx.animation.AnimationTimer$AnimationTimerReceiver.lambda$handle$0(AnimationTimer.java:57)
	at java.base/java.security.AccessController.doPrivileged(Native Method)
	at javafx.animation.AnimationTimer$AnimationTimerReceiver.handle(AnimationTimer.java:56)
	at com.sun.scenario.animation.AbstractPrimaryTimer.timePulseImpl(AbstractPrimaryTimer.java:356)
	at com.sun.scenario.animation.AbstractPrimaryTimer$MainLoop.run(AbstractPrimaryTimer.java:266)
	at com.sun.javafx.tk.quantum.QuantumToolkit.pulse(QuantumToolkit.java:559)
	at com.sun.javafx.tk.quantum.QuantumToolkit.pulse(QuantumToolkit.java:543)
	at com.sun.javafx.tk.quantum.QuantumToolkit.pulseFromQueue(QuantumToolkit.java:536)
	at com.sun.javafx.tk.quantum.QuantumToolkit.lambda$runToolkit$11(QuantumToolkit.java:342)
	at com.sun.glass.ui.InvokeLaterDispatcher$Future.run(InvokeLaterDispatcher.java:96)
	at com.sun.glass.ui.win.WinApplication._runLoop(Native Method)
	at com.sun.glass.ui.win.WinApplication.lambda$runLoop$3(WinApplication.java:174)
	at java.base/java.lang.Thread.run(Thread.java:834)

09:54:23.030 [JavaFX Application Thread] FATAL FXGLApplication      - Application will now exit
09:54:23.058 [JavaFX Application Thread] DEBUG PrimaryStageWindow   - Push state: ErrorSubScene
09:54:23.058 [JavaFX Application Thread] DEBUG Input                - Clearing active input actions
09:54:23.063 [JavaFX Application Thread] DEBUG GameApplicationServi - Removing overlay from GameScene and adding to ErrorSubScene
09:54:23.063 [JavaFX Application Thread] DEBUG PrimaryStageWindow   - GameScene -> ErrorSubScene
09:54:23.337 [JavaFX Application Thread] DEBUG FXGLApplication      - Exiting FXGL
09:54:23.340 [JavaFX Application Thread] DEBUG Async                - Shutting down background threads
09:54:23.341 [JavaFX Application Thread] DEBUG PrimaryStageWindow   - Closing main window
09:54:23.471 [JavaFX Application Thread] DEBUG Logger               - Closing Logger
