23:17:17.203 [main                     ] DEBUG Logger               - Configured Logger
23:17:17.224 [main                     ] DEBUG GameApplication      - Logging settings
Title: BOMBER
 MAN
Version: 1.0
Width: 1280
Height: 720
Fullscreen: true
Intro: false
Profiling: false
Single step:false
App Mode: DEVELOPER
Menu Key: ESCAPE
Stage Style: DECORATED
Scene Factory: class Bomberman.BombermanGame$1

23:17:17.781 [JavaFX Application Thread] DEBUG FXGLApplication      - Initializing FXGL
23:17:17.784 [JavaFX Application Thread] INFO  Engine               - FXGL-11.17 (16.07.2021 15.46) on WINDOWS (J:11.0.16.1 FX:16)
23:17:17.784 [JavaFX Application Thread] DEBUG Engine               - JRE Vendor Name: Oracle Corporation
23:17:17.784 [JavaFX Application Thread] DEBUG Engine               - Running on OS: Windows 11 version 10.0
23:17:17.785 [JavaFX Application Thread] DEBUG Engine               - Architecture: amd64
23:17:17.785 [JavaFX Application Thread] INFO  Engine               - Source code and latest versions at: https://github.com/AlmasB/FXGL
23:17:17.785 [JavaFX Application Thread] INFO  Engine               -              Join the FXGL chat at: https://gitter.im/AlmasB/FXGL
23:17:17.926 [JavaFX Application Thread] DEBUG PrimaryStageWindow   - Creating a JavaFX scene
23:17:18.001 [JavaFX Application Thread] DEBUG PrimaryStageWindow   - Target settings size: 1280.0 x 720.0
23:17:18.001 [JavaFX Application Thread] DEBUG PrimaryStageWindow   - Scaled scene size:    1280.0 x 720.0
23:17:18.002 [JavaFX Application Thread] DEBUG PrimaryStageWindow   - Scaled ratio: (1.0, 1.0)
23:17:18.004 [JavaFX Application Thread] DEBUG PrimaryStageWindow   - Set initial scene to FXGLStartupScene
23:17:18.022 [JavaFX Application Thread] DEBUG PrimaryStageWindow   - Opening main window
23:17:18.168 [JavaFX Application Thread] DEBUG PrimaryStageWindow   - Window border size: (13.0, 35.5)
23:17:18.169 [JavaFX Application Thread] DEBUG PrimaryStageWindow   - Scaled size: 1280.0 x 720.0
23:17:18.169 [JavaFX Application Thread] DEBUG PrimaryStageWindow   - Scaled ratio: (1.0, 1.0)
23:17:18.169 [JavaFX Application Thread] DEBUG PrimaryStageWindow   - Scene size: 1280.0 x 720.0
23:17:18.169 [JavaFX Application Thread] DEBUG PrimaryStageWindow   - Stage size: 1293.0 x 755.5
23:17:18.182 [FXGL Background Thread 1 ] DEBUG Engine               - Initializing environment variables
23:17:18.267 [FXGL Background Thread 1 ] DEBUG FXGLAssetLoaderServi - User app class for loading assets: class Bomberman.BombermanGame
23:17:18.267 [FXGL Background Thread 1 ] DEBUG GameApplicationServi - Applying CSS: fxgl_dark.css
23:17:18.268 [FXGL Background Thread 1 ] DEBUG FXGLAssetLoaderServi - Loading from file system: jar:file:/C:/Users/Admin/.m2/repository/com/github/almasb/fxgl/11.17/fxgl-11.17.jar!/fxglassets/ui/css/fxgl_dark.css
23:17:18.326 [FXGL Background Thread 1 ] DEBUG GameApplicationServi - Initializing application scenes
23:17:18.388 [FXGL Background Thread 1 ] DEBUG GameWorld            - Game world initialized
23:17:18.458 [FXGL Background Thread 1 ] DEBUG PhysicsWorld         - Physics world initialized: appHeight=720, physics.ppm=50.0
23:17:18.458 [FXGL Background Thread 1 ] DEBUG PhysicsWorld         - Using strategy: BRUTE_FORCE
23:17:18.461 [FXGL Background Thread 1 ] DEBUG GameScene            - Game scene initialized: 1280x720
23:17:18.580 [FXGL Background Thread 1 ] DEBUG GameApplicationServi - Application scenes initialized
23:17:18.591 [FXGL Background Thread 1 ] DEBUG SystemBundleService  - Loading FXGL system data
23:17:18.597 [FXGL Background Thread 1 ] DEBUG FileSystemAccess     - Reading from: C:\Users\Admin\Desktop\Bomberman\system\fxgl.bundle
23:17:18.603 [FXGL Background Thread 1 ] DEBUG SystemBundleService  - Bundle FXGL: {}
23:17:18.603 [FXGL Background Thread 1 ] DEBUG UpdaterService       - Checking for updates
23:17:18.608 [FXGL Background Thread 4 ] DEBUG FXGLApplication      - Loading fonts
23:17:18.609 [FXGL Background Thread 4 ] DEBUG FXGLAssetLoaderServi - Loading from file system: file:/C:/Users/Admin/Desktop/Bomberman/target/classes/assets/ui/fonts/game_font.ttf
23:17:18.609 [FXGL Background Thread 1 ] DEBUG FXGLApplication      - Loading default localization
23:17:18.609 [FXGL Background Thread 1 ] DEBUG FXGLAssetLoaderServi - Loading from file system: jar:file:/C:/Users/Admin/.m2/repository/com/github/almasb/fxgl/11.17/fxgl-11.17.jar!/fxglassets/languages/english.lang
23:17:18.626 [FXGL Background Thread 1 ] INFO  FXGLApplication      - FXGL initialization took: 0.444 sec
23:17:18.640 [JavaFX Application Thread] DEBUG Input                - Registered new binding: Move Left - A
23:17:18.640 [JavaFX Application Thread] DEBUG Input                - Registered new binding: Move Right - D
23:17:18.641 [JavaFX Application Thread] DEBUG Input                - Registered new binding: Move Up - W
23:17:18.641 [JavaFX Application Thread] DEBUG Input                - Registered new binding: Move Down - S
23:17:18.641 [JavaFX Application Thread] DEBUG Input                - Registered new binding: Place Bomb - Space
23:17:18.641 [JavaFX Application Thread] DEBUG Input                - Registered new binding: Switch to classic bomb - 1
23:17:18.641 [JavaFX Application Thread] DEBUG Input                - Registered new binding: Switch to lazer bomb - 2
23:17:18.641 [JavaFX Application Thread] DEBUG Input                - Registered new binding: Switch to light bomb - 3
23:17:18.642 [JavaFX Application Thread] DEBUG Input                - Registered new binding: Exit game - Delete
23:17:18.643 [JavaFX Application Thread] DEBUG FXGLAssetLoaderServi - Loading from file system: file:/C:/Users/Admin/Desktop/Bomberman/target/classes/assets/music/stage_theme.mp3
23:17:18.824 [JavaFX Application Thread] DEBUG AudioPlayer          - Playing music com.almasb.fxgl.audio.Music@3ee71d4a
23:17:18.834 [JavaFX Application Thread] DEBUG FXGLAssetLoaderServi - Loading from file system: jar:file:/C:/Users/Admin/.m2/repository/com/github/almasb/fxgl/11.17/fxgl-11.17.jar!/fxglassets/textures/fxgl_icon.png
23:17:18.865 [JavaFX Application Thread] DEBUG FXGLAssetLoaderServi - Loading from file system: jar:file:/C:/Users/Admin/.m2/repository/com/github/almasb/fxgl/11.17/fxgl-11.17.jar!/fxglassets/textures/fxgl_default_cursor.png
23:17:18.869 [JavaFX Application Thread] DEBUG Input                - Registered new binding: Screenshot - CTRL+8
23:17:18.870 [JavaFX Application Thread] DEBUG Input                - Registered new binding: System info dump - CTRL+9
23:17:18.871 [JavaFX Application Thread] DEBUG Input                - Registered new binding: Restart - CTRL+R
23:17:18.872 [JavaFX Application Thread] DEBUG Input                - Registered new binding: Toggle Debug Camera - CTRL+C
23:17:18.875 [JavaFX Application Thread] DEBUG LoopRunner           - Starting loop
23:17:18.875 [JavaFX Application Thread] DEBUG LoopRunner           - Initializing JavaFX AnimationTimerLoop
23:17:18.879 [JavaFX Application Thread] DEBUG Input                - Clearing active input actions
23:17:18.891 [JavaFX Application Thread] DEBUG GameApplicationServi - Removing overlay from FXGLStartupScene and adding to FXGLMainMenuDummyScene
23:17:18.892 [JavaFX Application Thread] DEBUG PrimaryStageWindow   - FXGLStartupScene -> FXGLMainMenuDummyScene
23:17:18.892 [JavaFX Application Thread] DEBUG PrimaryStageWindow   - Push state: MainMenu
23:17:18.892 [JavaFX Application Thread] DEBUG Input                - Clearing active input actions
23:17:18.899 [JavaFX Application Thread] DEBUG GameApplicationServi - Removing overlay from FXGLMainMenuDummyScene and adding to MainMenu
23:17:18.899 [JavaFX Application Thread] DEBUG PrimaryStageWindow   - FXGLMainMenuDummyScene -> MainMenu
23:17:18.916 [FXGL Background Thread 4 ] DEBUG FXGLAssetLoaderServi - Loading from file system: jar:file:/C:/Users/Admin/.m2/repository/com/github/almasb/fxgl/11.17/fxgl-11.17.jar!/fxglassets/ui/fonts/Abel-Regular.ttf
23:17:18.921 [FXGL Background Thread 4 ] DEBUG FXGLAssetLoaderServi - Loading from file system: jar:file:/C:/Users/Admin/.m2/repository/com/github/almasb/fxgl/11.17/fxgl-11.17.jar!/fxglassets/ui/fonts/lucida_console.ttf
23:17:18.928 [FXGL Background Thread 4 ] DEBUG FXGLAssetLoaderServi - Loading from file system: jar:file:/C:/Users/Admin/.m2/repository/com/github/almasb/fxgl/11.17/fxgl-11.17.jar!/fxglassets/ui/fonts/Courier-Prime.ttf
23:17:18.944 [JavaFX Application Thread] DEBUG FXGLApplication      - Registering font factories with UI factory
23:17:19.354 [FXGL Background Thread 2 ] INFO  UpdaterService       - Your current version:  11.17
23:17:19.354 [FXGL Background Thread 2 ] INFO  UpdaterService       - Latest stable version: 17.2
23:17:21.608 [FXGL Background Thread 3 ] DEBUG Engine               - Logging environment variables
23:17:21.608 [FXGL Background Thread 3 ] DEBUG Engine               - achievements: []
23:17:21.609 [FXGL Background Thread 3 ] DEBUG Engine               - actualHeight: 720.0
23:17:21.609 [FXGL Background Thread 3 ] DEBUG Engine               - actualHeightProperty: ReadOnlyDoubleProperty [value: 720.0]
23:17:21.609 [FXGL Background Thread 3 ] DEBUG Engine               - actualWidth: 1280.0
23:17:21.609 [FXGL Background Thread 3 ] DEBUG Engine               - actualWidthProperty: ReadOnlyDoubleProperty [value: 1280.0]
23:17:21.609 [FXGL Background Thread 3 ] DEBUG Engine               - appIcon: fxgl_icon.png
23:17:21.609 [FXGL Background Thread 3 ] DEBUG Engine               - applicationMode: DEVELOPER
23:17:21.609 [FXGL Background Thread 3 ] DEBUG Engine               - cSSList: [fxgl_dark.css]
23:17:21.609 [FXGL Background Thread 3 ] DEBUG Engine               - collisionDetectionStrategy: BRUTE_FORCE
23:17:21.609 [FXGL Background Thread 3 ] DEBUG Engine               - configClass: Optional.empty
23:17:21.609 [FXGL Background Thread 3 ] DEBUG Engine               - credits: []
23:17:21.609 [FXGL Background Thread 3 ] DEBUG Engine               - defaultCursor: CursorInfo(imageName=fxgl_default_cursor.png, hotspotX=7.0, hotspotY=6.0)
23:17:21.610 [FXGL Background Thread 3 ] DEBUG Engine               - devBBoxColorProperty: ObjectProperty [value: 0xff0000ff]
23:17:21.610 [FXGL Background Thread 3 ] DEBUG Engine               - devEnableDebugCameraProperty: BooleanProperty [value: false]
23:17:21.610 [FXGL Background Thread 3 ] DEBUG Engine               - devSensorColorProperty: ObjectProperty [value: 0xffff00ff]
23:17:21.610 [FXGL Background Thread 3 ] DEBUG Engine               - devShowBBoxProperty: BooleanProperty [value: false]
23:17:21.610 [FXGL Background Thread 3 ] DEBUG Engine               - devShowPositionProperty: BooleanProperty [value: false]
23:17:21.610 [FXGL Background Thread 3 ] DEBUG Engine               - enabledMenuItems: []
23:17:21.610 [FXGL Background Thread 3 ] DEBUG Engine               - engineServices: [class com.almasb.fxgl.app.services.FXGLAssetLoaderService, class com.almasb.fxgl.app.FXGLApplication$GameApplicationService, class com.almasb.fxgl.app.services.FXGLDialogService, class com.almasb.fxgl.app.services.IOTaskExecutorService, class com.almasb.fxgl.io.FileSystemService, class com.almasb.fxgl.localization.LocalizationService, class com.almasb.fxgl.app.services.SystemBundleService, class com.almasb.fxgl.profile.SaveLoadService, class com.almasb.fxgl.ui.FXGLUIFactoryServiceProvider, class com.almasb.fxgl.ui.FXGLDialogFactoryServiceProvider, class com.almasb.fxgl.audio.AudioPlayer, class com.almasb.fxgl.notification.impl.NotificationServiceProvider, class com.almasb.fxgl.achievement.AchievementService, class com.almasb.fxgl.cutscene.CutsceneService, class com.almasb.fxgl.minigames.MiniGameService, class com.almasb.fxgl.net.NetService, class com.almasb.fxgl.app.services.UpdaterService, class com.almasb.fxgl.dev.DevService]
23:17:21.610 [FXGL Background Thread 3 ] DEBUG Engine               - fontGame: Abel-Regular.ttf
23:17:21.610 [FXGL Background Thread 3 ] DEBUG Engine               - fontMono: lucida_console.ttf
23:17:21.610 [FXGL Background Thread 3 ] DEBUG Engine               - fontText: Courier-Prime.ttf
23:17:21.610 [FXGL Background Thread 3 ] DEBUG Engine               - fontUI: game_font.ttf
23:17:21.610 [FXGL Background Thread 3 ] DEBUG Engine               - fullScreen: BooleanProperty [value: false]
23:17:21.610 [FXGL Background Thread 3 ] DEBUG Engine               - gameDifficulty: MEDIUM
23:17:21.610 [FXGL Background Thread 3 ] DEBUG Engine               - gameDifficultyProperty: ObjectProperty [value: MEDIUM]
23:17:21.610 [FXGL Background Thread 3 ] DEBUG Engine               - globalMusicVolume: 0.5
23:17:21.611 [FXGL Background Thread 3 ] DEBUG Engine               - globalMusicVolumeProperty: DoubleProperty [value: 0.5]
23:17:21.611 [FXGL Background Thread 3 ] DEBUG Engine               - globalSoundVolume: 0.5
23:17:21.611 [FXGL Background Thread 3 ] DEBUG Engine               - globalSoundVolumeProperty: DoubleProperty [value: 0.5]
23:17:21.611 [FXGL Background Thread 3 ] DEBUG Engine               - height: 720
23:17:21.611 [FXGL Background Thread 3 ] DEBUG Engine               - is3D: false
23:17:21.611 [FXGL Background Thread 3 ] DEBUG Engine               - isAndroid: false
23:17:21.611 [FXGL Background Thread 3 ] DEBUG Engine               - isBrowser: false
23:17:21.611 [FXGL Background Thread 3 ] DEBUG Engine               - isClickFeedbackEnabled: false
23:17:21.611 [FXGL Background Thread 3 ] DEBUG Engine               - isCloseConfirmation: false
23:17:21.611 [FXGL Background Thread 3 ] DEBUG Engine               - isDesktop: true
23:17:21.611 [FXGL Background Thread 3 ] DEBUG Engine               - isDeveloperMenuEnabled: false
23:17:21.611 [FXGL Background Thread 3 ] DEBUG Engine               - isEntityPreloadEnabled: true
23:17:21.611 [FXGL Background Thread 3 ] DEBUG Engine               - isExperimentalTiledLargeMap: false
23:17:21.611 [FXGL Background Thread 3 ] DEBUG Engine               - isFileSystemWriteAllowed: true
23:17:21.611 [FXGL Background Thread 3 ] DEBUG Engine               - isFullScreenAllowed: true
23:17:21.611 [FXGL Background Thread 3 ] DEBUG Engine               - isFullScreenFromStart: false
23:17:21.611 [FXGL Background Thread 3 ] DEBUG Engine               - isGameMenuEnabled: true
23:17:21.611 [FXGL Background Thread 3 ] DEBUG Engine               - isIOS: false
23:17:21.611 [FXGL Background Thread 3 ] DEBUG Engine               - isIntroEnabled: false
23:17:21.611 [FXGL Background Thread 3 ] DEBUG Engine               - isLinux: false
23:17:21.611 [FXGL Background Thread 3 ] DEBUG Engine               - isMac: false
23:17:21.611 [FXGL Background Thread 3 ] DEBUG Engine               - isMainMenuEnabled: true
23:17:21.611 [FXGL Background Thread 3 ] DEBUG Engine               - isManualResizeEnabled: false
23:17:21.611 [FXGL Background Thread 3 ] DEBUG Engine               - isMobile: false
23:17:21.611 [FXGL Background Thread 3 ] DEBUG Engine               - isNative: false
23:17:21.611 [FXGL Background Thread 3 ] DEBUG Engine               - isPauseMusicWhenMinimized: true
23:17:21.612 [FXGL Background Thread 3 ] DEBUG Engine               - isPreserveResizeRatio: false
23:17:21.612 [FXGL Background Thread 3 ] DEBUG Engine               - isProfilingEnabled: false
23:17:21.612 [FXGL Background Thread 3 ] DEBUG Engine               - isScaleAffectedOnResize: true
23:17:21.612 [FXGL Background Thread 3 ] DEBUG Engine               - isSingleStep: false
23:17:21.612 [FXGL Background Thread 3 ] DEBUG Engine               - isUserProfileEnabled: false
23:17:21.612 [FXGL Background Thread 3 ] DEBUG Engine               - isWindows: true
23:17:21.612 [FXGL Background Thread 3 ] DEBUG Engine               - language: ObjectProperty [value: ENGLISH]
23:17:21.612 [FXGL Background Thread 3 ] DEBUG Engine               - menuKey: ESCAPE
23:17:21.612 [FXGL Background Thread 3 ] DEBUG Engine               - mouseSensitivity: 0.2
23:17:21.612 [FXGL Background Thread 3 ] DEBUG Engine               - notificationViewClass: class com.almasb.fxgl.notification.view.XboxNotificationView
23:17:21.612 [FXGL Background Thread 3 ] DEBUG Engine               - pixelsPerMeter: 50.0
23:17:21.612 [FXGL Background Thread 3 ] DEBUG Engine               - platform: WINDOWS
23:17:21.612 [FXGL Background Thread 3 ] DEBUG Engine               - prefHeightProperty: ReadOnlyDoubleProperty [value: 720.0]
23:17:21.612 [FXGL Background Thread 3 ] DEBUG Engine               - prefWidthProperty: ReadOnlyDoubleProperty [value: 1280.0]
23:17:21.612 [FXGL Background Thread 3 ] DEBUG Engine               - profileDir: profiles/
23:17:21.613 [FXGL Background Thread 3 ] DEBUG Engine               - profileName: StringProperty [value: DEFAULT]
23:17:21.613 [FXGL Background Thread 3 ] DEBUG Engine               - randomSeed: -1
23:17:21.613 [FXGL Background Thread 3 ] DEBUG Engine               - runtimeInfo: RuntimeInfo(platform=WINDOWS, version=11.17, build=16.07.2021 15.46)
23:17:21.613 [FXGL Background Thread 3 ] DEBUG Engine               - saveFileExt: sav
23:17:21.613 [FXGL Background Thread 3 ] DEBUG Engine               - scaledHeightProp$fxgl: DoubleProperty [bound, value: 720.0]
23:17:21.613 [FXGL Background Thread 3 ] DEBUG Engine               - scaledWidthProp$fxgl: DoubleProperty [bound, value: 1280.0]
23:17:21.613 [FXGL Background Thread 3 ] DEBUG Engine               - sceneFactory: Bomberman.BombermanGame$1@868643
23:17:21.613 [FXGL Background Thread 3 ] DEBUG Engine               - secondsIn24h: 60
23:17:21.613 [FXGL Background Thread 3 ] DEBUG Engine               - soundMenuBack: menu/back.wav
23:17:21.613 [FXGL Background Thread 3 ] DEBUG Engine               - soundMenuPress: menu/press.wav
23:17:21.613 [FXGL Background Thread 3 ] DEBUG Engine               - soundMenuSelect: menu/select.wav
23:17:21.613 [FXGL Background Thread 3 ] DEBUG Engine               - soundNotification: core/notification.wav
23:17:21.613 [FXGL Background Thread 3 ] DEBUG Engine               - stageStyle: DECORATED
23:17:21.613 [FXGL Background Thread 3 ] DEBUG Engine               - supportedLanguages: [ENGLISH, FRENCH, GERMAN, HUNGARIAN, RUSSIAN]
23:17:21.613 [FXGL Background Thread 3 ] DEBUG Engine               - ticksPerSecond: -1
23:17:21.613 [FXGL Background Thread 3 ] DEBUG Engine               - title: BOMBER
 MAN
23:17:21.613 [FXGL Background Thread 3 ] DEBUG Engine               - urlGithub: https://github.com/AlmasB/FXGL
23:17:21.613 [FXGL Background Thread 3 ] DEBUG Engine               - urlLeaderboard: http://fxgl-top.herokuapp.com/
23:17:21.613 [FXGL Background Thread 3 ] DEBUG Engine               - urlPOM: https://raw.githubusercontent.com/AlmasB/FXGL/release/README.md
23:17:21.613 [FXGL Background Thread 3 ] DEBUG Engine               - userAppClass: class Bomberman.BombermanGame
23:17:21.613 [FXGL Background Thread 3 ] DEBUG Engine               - version: 1.0
23:17:21.613 [FXGL Background Thread 3 ] DEBUG Engine               - versionCheckDays: 7
23:17:21.613 [FXGL Background Thread 3 ] DEBUG Engine               - width: 1280
23:17:21.613 [FXGL Background Thread 3 ] DEBUG Engine               - Logging services
23:17:21.613 [FXGL Background Thread 3 ] DEBUG Engine               - class com.almasb.fxgl.app.services.FXGLAssetLoaderService
23:17:21.613 [FXGL Background Thread 3 ] DEBUG Engine               - class com.almasb.fxgl.app.FXGLApplication$GameApplicationService
23:17:21.613 [FXGL Background Thread 3 ] DEBUG Engine               - class com.almasb.fxgl.app.services.FXGLDialogService
23:17:21.613 [FXGL Background Thread 3 ] DEBUG Engine               - class com.almasb.fxgl.app.services.IOTaskExecutorService
23:17:21.613 [FXGL Background Thread 3 ] DEBUG Engine               - class com.almasb.fxgl.io.FileSystemService
23:17:21.613 [FXGL Background Thread 3 ] DEBUG Engine               - class com.almasb.fxgl.localization.LocalizationService
23:17:21.613 [FXGL Background Thread 3 ] DEBUG Engine               - class com.almasb.fxgl.app.services.SystemBundleService
23:17:21.613 [FXGL Background Thread 3 ] DEBUG Engine               - class com.almasb.fxgl.profile.SaveLoadService
23:17:21.613 [FXGL Background Thread 3 ] DEBUG Engine               - class com.almasb.fxgl.ui.FXGLUIFactoryServiceProvider
23:17:21.613 [FXGL Background Thread 3 ] DEBUG Engine               - class com.almasb.fxgl.ui.FXGLDialogFactoryServiceProvider
23:17:21.613 [FXGL Background Thread 3 ] DEBUG Engine               - class com.almasb.fxgl.audio.AudioPlayer
23:17:21.613 [FXGL Background Thread 3 ] DEBUG Engine               - class com.almasb.fxgl.notification.impl.NotificationServiceProvider
23:17:21.614 [FXGL Background Thread 3 ] DEBUG Engine               - class com.almasb.fxgl.achievement.AchievementService
23:17:21.614 [FXGL Background Thread 3 ] DEBUG Engine               - class com.almasb.fxgl.cutscene.CutsceneService
23:17:21.614 [FXGL Background Thread 3 ] DEBUG Engine               - class com.almasb.fxgl.minigames.MiniGameService
23:17:21.614 [FXGL Background Thread 3 ] DEBUG Engine               - class com.almasb.fxgl.net.NetService
23:17:21.614 [FXGL Background Thread 3 ] DEBUG Engine               - class com.almasb.fxgl.app.services.UpdaterService
23:17:21.614 [FXGL Background Thread 3 ] DEBUG Engine               - class com.almasb.fxgl.dev.DevService
23:17:27.708 [JavaFX Application Thread] DEBUG Menu                 - fireNewGame()
23:17:27.708 [JavaFX Application Thread] DEBUG GameApplicationServi - Starting new game
23:17:27.708 [JavaFX Application Thread] DEBUG PrimaryStageWindow   - Pop state: MainMenu
23:17:27.708 [JavaFX Application Thread] DEBUG Input                - Clearing active input actions
23:17:27.709 [JavaFX Application Thread] DEBUG GameApplicationServi - Removing overlay from MainMenu and adding to FXGLMainMenuDummyScene
23:17:27.709 [JavaFX Application Thread] DEBUG PrimaryStageWindow   - FXGLMainMenuDummyScene <- MainMenu
23:17:27.710 [JavaFX Application Thread] DEBUG Input                - Clearing active input actions
23:17:27.720 [JavaFX Application Thread] DEBUG GameApplicationServi - Removing overlay from FXGLMainMenuDummyScene and adding to FXGLLoadingScene
23:17:27.721 [JavaFX Application Thread] DEBUG PrimaryStageWindow   - FXGLMainMenuDummyScene -> FXGLLoadingScene
23:17:27.721 [JavaFX Application Thread] DEBUG GameApplicationServi - Clearing previous game
23:17:27.721 [JavaFX Application Thread] DEBUG GameScene            - Clearing game scene
23:17:27.721 [JavaFX Application Thread] DEBUG GameWorld            - Clearing game world
23:17:27.721 [JavaFX Application Thread] DEBUG PhysicsWorld         - Clearing physics world
23:17:27.723 [FXGL Background Thread 2 ] DEBUG FXGLApplication      - Initializing game
23:17:27.729 [JavaFX Application Thread] DEBUG AudioPlayer          - Pausing music com.almasb.fxgl.audio.Music@3ee71d4a
23:17:27.730 [JavaFX Application Thread] DEBUG LoopRunner           - Pausing loop
23:17:27.747 [FXGL Background Thread 2 ] DEBUG FXGLAssetLoaderServi - Loading from file system: file:/C:/Users/Admin/Desktop/Bomberman/target/classes/assets/textures/wall.png
23:17:27.798 [FXGL Background Thread 2 ] DEBUG FXGLAssetLoaderServi - Loading from file system: file:/C:/Users/Admin/Desktop/Bomberman/target/classes/assets/textures/brick.png
23:17:27.802 [FXGL Background Thread 2 ] DEBUG FXGLAssetLoaderServi - Loading from file system: file:/C:/Users/Admin/Desktop/Bomberman/target/classes/assets/textures/brick_break.png
23:17:27.831 [FXGL Background Thread 2 ] DEBUG FXGLAssetLoaderServi - Loading from file system: file:/C:/Users/Admin/Desktop/Bomberman/target/classes/assets/textures/powerup_flames.png
23:17:27.834 [FXGL Background Thread 2 ] DEBUG FXGLAssetLoaderServi - Loading from file system: file:/C:/Users/Admin/Desktop/Bomberman/target/classes/assets/textures/powerup_bombs.png
23:17:27.846 [FXGL Background Thread 2 ] DEBUG FXGLAssetLoaderServi - Loading from file system: file:/C:/Users/Admin/Desktop/Bomberman/target/classes/assets/textures/powerup_speed.png
23:17:28.967 [FXGL Background Thread 2 ] DEBUG FXGLAssetLoaderServi - Loading from file system: file:/C:/Users/Admin/Desktop/Bomberman/target/classes/assets/textures/player_die.png
23:17:28.968 [FXGL Background Thread 2 ] DEBUG FXGLAssetLoaderServi - Loading from file system: file:/C:/Users/Admin/Desktop/Bomberman/target/classes/assets/textures/player_down.png
23:17:28.969 [FXGL Background Thread 2 ] DEBUG FXGLAssetLoaderServi - Loading from file system: file:/C:/Users/Admin/Desktop/Bomberman/target/classes/assets/textures/player_right.png
23:17:28.970 [FXGL Background Thread 2 ] DEBUG FXGLAssetLoaderServi - Loading from file system: file:/C:/Users/Admin/Desktop/Bomberman/target/classes/assets/textures/player_up.png
23:17:28.971 [FXGL Background Thread 2 ] DEBUG FXGLAssetLoaderServi - Loading from file system: file:/C:/Users/Admin/Desktop/Bomberman/target/classes/assets/textures/player_left.png
23:17:28.998 [FXGL Background Thread 2 ] INFO  FXGLApplication      - Game initialization took: 1.274 sec
23:17:28.998 [JavaFX Application Thread] DEBUG Input                - Clearing active input actions
23:17:29.017 [JavaFX Application Thread] DEBUG GameApplicationServi - Removing overlay from FXGLLoadingScene and adding to GameScene
23:17:29.018 [JavaFX Application Thread] DEBUG PrimaryStageWindow   - FXGLLoadingScene -> GameScene
23:17:29.400 [JavaFX Application Thread] DEBUG LoopRunner           - Resuming loop
23:17:29.400 [JavaFX Application Thread] DEBUG AudioPlayer          - Resuming music com.almasb.fxgl.audio.Music@3ee71d4a
23:17:41.326 [JavaFX Application Thread] DEBUG FXGLAssetLoaderServi - Loading from file system: file:/C:/Users/Admin/Desktop/Bomberman/target/classes/assets/sounds/powerup.wav
23:17:45.784 [JavaFX Application Thread] DEBUG FXGLAssetLoaderServi - Loading from file system: file:/C:/Users/Admin/Desktop/Bomberman/target/classes/assets/sounds/place_bomb.wav
23:17:45.791 [JavaFX Application Thread] DEBUG FXGLAssetLoaderServi - Loading from file system: file:/C:/Users/Admin/Desktop/Bomberman/target/classes/assets/textures/bomb.png
23:17:47.773 [JavaFX Application Thread] DEBUG FXGLAssetLoaderServi - Loading from file system: file:/C:/Users/Admin/Desktop/Bomberman/target/classes/assets/sounds/explosion.wav
23:17:47.777 [JavaFX Application Thread] DEBUG FXGLAssetLoaderServi - Loading from file system: file:/C:/Users/Admin/Desktop/Bomberman/target/classes/assets/textures/central_flame.png
23:17:47.779 [JavaFX Application Thread] DEBUG FXGLAssetLoaderServi - Loading from file system: file:/C:/Users/Admin/Desktop/Bomberman/target/classes/assets/textures/top_up_flame.png
23:17:47.780 [JavaFX Application Thread] DEBUG FXGLAssetLoaderServi - Loading from file system: file:/C:/Users/Admin/Desktop/Bomberman/target/classes/assets/textures/top_down_flame.png
23:17:47.781 [JavaFX Application Thread] DEBUG FXGLAssetLoaderServi - Loading from file system: file:/C:/Users/Admin/Desktop/Bomberman/target/classes/assets/textures/top_right_flame.png
23:17:47.787 [JavaFX Application Thread] DEBUG FXGLAssetLoaderServi - Loading from file system: file:/C:/Users/Admin/Desktop/Bomberman/target/classes/assets/textures/top_left_flame.png
23:17:47.788 [JavaFX Application Thread] DEBUG FXGLAssetLoaderServi - Loading from file system: file:/C:/Users/Admin/Desktop/Bomberman/target/classes/assets/textures/right_flame.png
23:17:47.789 [JavaFX Application Thread] DEBUG FXGLAssetLoaderServi - Loading from file system: file:/C:/Users/Admin/Desktop/Bomberman/target/classes/assets/textures/left_flame.png
23:17:47.790 [JavaFX Application Thread] DEBUG FXGLAssetLoaderServi - Loading from file system: file:/C:/Users/Admin/Desktop/Bomberman/target/classes/assets/textures/down_flame.png
23:17:47.792 [JavaFX Application Thread] DEBUG FXGLAssetLoaderServi - Loading from file system: file:/C:/Users/Admin/Desktop/Bomberman/target/classes/assets/textures/up_flame.png
23:17:48.013 [JavaFX Application Thread] WARN  GameWorld            - Attempted to remove entity which is not active
23:18:00.635 [JavaFX Application Thread] DEBUG PrimaryStageWindow   - Push state: GameMenu
23:18:00.635 [JavaFX Application Thread] DEBUG Input                - Clearing active input actions
23:18:00.635 [JavaFX Application Thread] DEBUG GameApplicationServi - Removing overlay from GameScene and adding to GameMenu
23:18:00.635 [JavaFX Application Thread] DEBUG PrimaryStageWindow   - GameScene -> GameMenu
23:18:03.366 [JavaFX Application Thread] DEBUG Menu                 - fireExit()
23:18:03.371 [JavaFX Application Thread] DEBUG PrimaryStageWindow   - Push state: DialogSubScene
23:18:03.371 [JavaFX Application Thread] DEBUG Input                - Clearing active input actions
23:18:03.372 [JavaFX Application Thread] DEBUG GameApplicationServi - Removing overlay from GameMenu and adding to DialogSubScene
23:18:03.372 [JavaFX Application Thread] DEBUG PrimaryStageWindow   - GameMenu -> DialogSubScene
23:18:04.119 [JavaFX Application Thread] DEBUG PrimaryStageWindow   - Pop state: DialogSubScene
23:18:04.119 [JavaFX Application Thread] DEBUG Input                - Clearing active input actions
23:18:04.120 [JavaFX Application Thread] DEBUG GameApplicationServi - Removing overlay from DialogSubScene and adding to GameMenu
23:18:04.120 [JavaFX Application Thread] DEBUG PrimaryStageWindow   - GameMenu <- DialogSubScene
23:18:04.120 [JavaFX Application Thread] DEBUG FXGLApplication      - Exiting FXGL
23:18:04.120 [JavaFX Application Thread] DEBUG LoopRunner           - Stopping loop
23:18:04.120 [JavaFX Application Thread] DEBUG SystemBundleService  - Saving FXGL system data
23:18:04.122 [JavaFX Application Thread] DEBUG FileSystemAccess     - Writing to: C:\Users\Admin\Desktop\Bomberman\system\fxgl.bundle
23:18:04.124 [JavaFX Application Thread] DEBUG Async                - Shutting down background threads
23:18:04.124 [JavaFX Application Thread] DEBUG PrimaryStageWindow   - Closing main window
23:18:04.137 [JavaFX Application Thread] DEBUG Logger               - Closing Logger
