20:10:50.666 [main                     ] DEBUG Logger               - Configured Logger
20:10:50.670 [main                     ] DEBUG GameApplication      - Logging settings
Title: BOMBERMAN
Version: 1.0
Width: 624
Height: 624
Fullscreen: true
Intro: false
Profiling: false
Single step:false
App Mode: DEVELOPER
Menu Key: ESCAPE
Stage Style: DECORATED
Scene Factory: class com.almasb.fxgl.app.scene.SceneFactory

20:10:51.110 [JavaFX Application Thread] DEBUG FXGLApplication      - Initializing FXGL
20:10:51.113 [JavaFX Application Thread] INFO  Engine               - FXGL-11.17 (16.07.2021 15.46) on WINDOWS (J:11.0.16.1 FX:16)
20:10:51.114 [JavaFX Application Thread] DEBUG Engine               - JRE Vendor Name: Oracle Corporation
20:10:51.114 [JavaFX Application Thread] DEBUG Engine               - Running on OS: Windows 11 version 10.0
20:10:51.115 [JavaFX Application Thread] DEBUG Engine               - Architecture: amd64
20:10:51.115 [JavaFX Application Thread] INFO  Engine               - Source code and latest versions at: https://github.com/AlmasB/FXGL
20:10:51.115 [JavaFX Application Thread] INFO  Engine               -              Join the FXGL chat at: https://gitter.im/AlmasB/FXGL
20:10:51.248 [JavaFX Application Thread] DEBUG PrimaryStageWindow   - Creating a JavaFX scene
20:10:51.314 [JavaFX Application Thread] DEBUG PrimaryStageWindow   - Target settings size: 624.0 x 624.0
20:10:51.314 [JavaFX Application Thread] DEBUG PrimaryStageWindow   - Scaled scene size:    624.0 x 624.0
20:10:51.315 [JavaFX Application Thread] DEBUG PrimaryStageWindow   - Scaled ratio: (1.0, 1.0)
20:10:51.316 [JavaFX Application Thread] DEBUG PrimaryStageWindow   - Set initial scene to FXGLStartupScene
20:10:51.330 [JavaFX Application Thread] DEBUG PrimaryStageWindow   - Opening main window
20:10:51.444 [JavaFX Application Thread] DEBUG PrimaryStageWindow   - Window border size: (13.0, 35.5)
20:10:51.444 [JavaFX Application Thread] DEBUG PrimaryStageWindow   - Scaled size: 624.0 x 624.0
20:10:51.445 [JavaFX Application Thread] DEBUG PrimaryStageWindow   - Scaled ratio: (1.0, 1.0)
20:10:51.445 [JavaFX Application Thread] DEBUG PrimaryStageWindow   - Scene size: 624.0 x 624.0
20:10:51.445 [JavaFX Application Thread] DEBUG PrimaryStageWindow   - Stage size: 637.0 x 659.5
20:10:51.456 [FXGL Background Thread 1 ] DEBUG Engine               - Initializing environment variables
20:10:51.541 [FXGL Background Thread 1 ] DEBUG FXGLAssetLoaderServi - User app class for loading assets: class Bomberman.BombermanGame
20:10:51.541 [FXGL Background Thread 1 ] DEBUG GameApplicationServi - Applying CSS: fxgl_dark.css
20:10:51.542 [FXGL Background Thread 1 ] DEBUG FXGLAssetLoaderServi - Loading from file system: jar:file:/C:/Users/Admin/.m2/repository/com/github/almasb/fxgl/11.17/fxgl-11.17.jar!/fxglassets/ui/css/fxgl_dark.css
20:10:51.596 [FXGL Background Thread 1 ] DEBUG GameApplicationServi - Initializing application scenes
20:10:51.654 [FXGL Background Thread 1 ] DEBUG GameWorld            - Game world initialized
20:10:51.736 [FXGL Background Thread 1 ] DEBUG PhysicsWorld         - Physics world initialized: appHeight=624, physics.ppm=50.0
20:10:51.737 [FXGL Background Thread 1 ] DEBUG PhysicsWorld         - Using strategy: BRUTE_FORCE
20:10:51.741 [FXGL Background Thread 1 ] DEBUG GameScene            - Game scene initialized: 624x624
20:10:51.770 [FXGL Background Thread 1 ] WARN  FXGL.DefaultMenu     - FXGLDefaultMenu is not designed for resolutions < 800x600
20:10:51.770 [FXGL Background Thread 1 ] DEBUG FXGL.DefaultMenu     - createMenuBodyGameMenu()
20:10:51.799 [FXGL Background Thread 1 ] DEBUG FXGL.DefaultMenu     - createOptionsMenu()
20:10:51.823 [FXGL Background Thread 1 ] DEBUG FXGLAssetLoaderServi - Loading from file system: jar:file:/C:/Users/Admin/.m2/repository/com/github/almasb/fxgl/11.17/fxgl-11.17.jar!/fxglassets/textures/particles/smoke.png
20:10:51.930 [FXGL Background Thread 1 ] DEBUG FXGLAssetLoaderServi - Loading from file system: jar:file:/C:/Users/Admin/.m2/repository/com/github/almasb/fxgl/11.17/fxgl-11.17.jar!/fxglassets/textures/particles/trace_horizontal.png
20:10:51.961 [FXGL Background Thread 1 ] DEBUG GameApplicationServi - Application scenes initialized
20:10:51.975 [FXGL Background Thread 1 ] DEBUG SystemBundleService  - Loading FXGL system data
20:10:51.981 [FXGL Background Thread 1 ] DEBUG FileSystemAccess     - Reading from: C:\Users\Admin\Desktop\Bomberman\system\fxgl.bundle
20:10:51.987 [FXGL Background Thread 1 ] DEBUG SystemBundleService  - Bundle FXGL: {}
20:10:51.988 [FXGL Background Thread 1 ] DEBUG UpdaterService       - Checking for updates
20:10:51.992 [FXGL Background Thread 4 ] DEBUG FXGLApplication      - Loading fonts
20:10:51.992 [FXGL Background Thread 1 ] DEBUG FXGLApplication      - Loading default localization
20:10:51.992 [FXGL Background Thread 4 ] DEBUG FXGLAssetLoaderServi - Loading from file system: jar:file:/C:/Users/Admin/.m2/repository/com/github/almasb/fxgl/11.17/fxgl-11.17.jar!/fxglassets/ui/fonts/VarelaRound-Regular.ttf
20:10:51.993 [FXGL Background Thread 1 ] DEBUG FXGLAssetLoaderServi - Loading from file system: jar:file:/C:/Users/Admin/.m2/repository/com/github/almasb/fxgl/11.17/fxgl-11.17.jar!/fxglassets/languages/english.lang
20:10:52.015 [FXGL Background Thread 1 ] INFO  FXGLApplication      - FXGL initialization took: 0.558 sec
20:10:52.043 [JavaFX Application Thread] DEBUG Input                - Registered new binding: Move Left - A
20:10:52.043 [JavaFX Application Thread] DEBUG Input                - Registered new binding: Move Right - D
20:10:52.043 [JavaFX Application Thread] DEBUG Input                - Registered new binding: Move Up - W
20:10:52.044 [JavaFX Application Thread] DEBUG Input                - Registered new binding: Move Down - S
20:10:52.044 [JavaFX Application Thread] DEBUG Input                - Registered new binding: Place Bomb - Space
20:10:52.044 [JavaFX Application Thread] DEBUG Input                - Registered new binding: Switch to classic bomb - 1
20:10:52.045 [JavaFX Application Thread] DEBUG Input                - Registered new binding: Switch to lazer bomb - 2
20:10:52.045 [JavaFX Application Thread] DEBUG Input                - Registered new binding: Switch to light bomb - 3
20:10:52.045 [JavaFX Application Thread] DEBUG Input                - Registered new binding: Exit game - Esc
20:10:52.417 [FXGL Background Thread 4 ] DEBUG FXGLAssetLoaderServi - Loading from file system: jar:file:/C:/Users/Admin/.m2/repository/com/github/almasb/fxgl/11.17/fxgl-11.17.jar!/fxglassets/ui/fonts/Abel-Regular.ttf
20:10:52.422 [FXGL Background Thread 4 ] DEBUG FXGLAssetLoaderServi - Loading from file system: jar:file:/C:/Users/Admin/.m2/repository/com/github/almasb/fxgl/11.17/fxgl-11.17.jar!/fxglassets/ui/fonts/lucida_console.ttf
20:10:52.430 [FXGL Background Thread 4 ] DEBUG FXGLAssetLoaderServi - Loading from file system: jar:file:/C:/Users/Admin/.m2/repository/com/github/almasb/fxgl/11.17/fxgl-11.17.jar!/fxglassets/ui/fonts/Courier-Prime.ttf
20:10:53.116 [FXGL Background Thread 2 ] INFO  UpdaterService       - Your current version:  11.17
20:10:53.117 [FXGL Background Thread 2 ] INFO  UpdaterService       - Latest stable version: 17.2
20:10:53.914 [JavaFX Application Thread] DEBUG FXGLAssetLoaderServi - Loading from file system: file:/C:/Users/Admin/Desktop/Bomberman/target/classes/assets/textures/player_die.png
20:10:53.919 [JavaFX Application Thread] DEBUG FXGLAssetLoaderServi - Loading from file system: file:/C:/Users/Admin/Desktop/Bomberman/target/classes/assets/textures/player_down.png
20:10:53.921 [JavaFX Application Thread] DEBUG FXGLAssetLoaderServi - Loading from file system: file:/C:/Users/Admin/Desktop/Bomberman/target/classes/assets/textures/player_right.png
20:10:53.923 [JavaFX Application Thread] DEBUG FXGLAssetLoaderServi - Loading from file system: file:/C:/Users/Admin/Desktop/Bomberman/target/classes/assets/textures/player_up.png
20:10:53.925 [JavaFX Application Thread] DEBUG FXGLAssetLoaderServi - Loading from file system: file:/C:/Users/Admin/Desktop/Bomberman/target/classes/assets/textures/player_left.png
20:10:53.934 [JavaFX Application Thread] DEBUG FXGLAssetLoaderServi - Loading from file system: jar:file:/C:/Users/Admin/.m2/repository/com/github/almasb/fxgl/11.17/fxgl-11.17.jar!/fxglassets/textures/fxgl_icon.png
20:10:53.949 [JavaFX Application Thread] DEBUG FXGLAssetLoaderServi - Loading from file system: jar:file:/C:/Users/Admin/.m2/repository/com/github/almasb/fxgl/11.17/fxgl-11.17.jar!/fxglassets/textures/fxgl_default_cursor.png
20:10:53.952 [JavaFX Application Thread] DEBUG Input                - Registered new binding: Screenshot - CTRL+8
20:10:53.953 [JavaFX Application Thread] DEBUG Input                - Registered new binding: System info dump - CTRL+9
20:10:53.953 [JavaFX Application Thread] DEBUG Input                - Registered new binding: Restart - CTRL+R
20:10:53.953 [JavaFX Application Thread] DEBUG Input                - Registered new binding: Toggle Debug Camera - CTRL+C
20:10:53.955 [JavaFX Application Thread] DEBUG LoopRunner           - Starting loop
20:10:53.955 [JavaFX Application Thread] DEBUG LoopRunner           - Initializing JavaFX AnimationTimerLoop
20:10:53.956 [JavaFX Application Thread] DEBUG GameApplicationServi - Starting new game
20:10:53.957 [JavaFX Application Thread] DEBUG Input                - Clearing active input actions
20:10:53.969 [JavaFX Application Thread] DEBUG GameApplicationServi - Removing overlay from FXGLStartupScene and adding to FXGLLoadingScene
20:10:53.969 [JavaFX Application Thread] DEBUG PrimaryStageWindow   - FXGLStartupScene -> FXGLLoadingScene
20:10:53.969 [JavaFX Application Thread] DEBUG GameApplicationServi - Clearing previous game
20:10:53.970 [JavaFX Application Thread] DEBUG GameScene            - Clearing game scene
20:10:53.970 [JavaFX Application Thread] DEBUG GameWorld            - Clearing game world
20:10:53.970 [JavaFX Application Thread] DEBUG PhysicsWorld         - Clearing physics world
20:10:53.971 [FXGL Background Thread 2 ] DEBUG FXGLApplication      - Initializing game
20:10:53.971 [JavaFX Application Thread] DEBUG FXGLApplication      - Registering font factories with UI factory
20:10:53.987 [FXGL Background Thread 2 ] DEBUG FXGLAssetLoaderServi - Loading from file system: file:/C:/Users/Admin/Desktop/Bomberman/target/classes/assets/textures/wall.png
20:10:54.008 [FXGL Background Thread 2 ] DEBUG FXGLAssetLoaderServi - Loading from file system: file:/C:/Users/Admin/Desktop/Bomberman/target/classes/assets/textures/brick.png
20:10:54.009 [FXGL Background Thread 2 ] DEBUG FXGLAssetLoaderServi - Loading from file system: file:/C:/Users/Admin/Desktop/Bomberman/target/classes/assets/textures/brick_break.png
20:10:54.022 [FXGL Background Thread 2 ] DEBUG FXGLAssetLoaderServi - Loading from file system: file:/C:/Users/Admin/Desktop/Bomberman/target/classes/assets/textures/portal.png
20:10:54.036 [FXGL Background Thread 2 ] DEBUG FXGLAssetLoaderServi - Loading from file system: file:/C:/Users/Admin/Desktop/Bomberman/target/classes/assets/textures/powerup_flames.png
20:10:54.039 [FXGL Background Thread 2 ] DEBUG FXGLAssetLoaderServi - Loading from file system: file:/C:/Users/Admin/Desktop/Bomberman/target/classes/assets/textures/powerup_bombs.png
20:10:54.052 [FXGL Background Thread 2 ] DEBUG FXGLAssetLoaderServi - Loading from file system: file:/C:/Users/Admin/Desktop/Bomberman/target/classes/assets/textures/powerup_speed.png
20:10:54.088 [FXGL Background Thread 2 ] INFO  FXGLApplication      - Game initialization took: 0.117 sec
20:10:54.089 [JavaFX Application Thread] DEBUG Input                - Clearing active input actions
20:10:54.104 [JavaFX Application Thread] DEBUG GameApplicationServi - Removing overlay from FXGLLoadingScene and adding to GameScene
20:10:54.104 [JavaFX Application Thread] DEBUG PrimaryStageWindow   - FXGLLoadingScene -> GameScene
20:10:54.400 [JavaFX Application Thread] DEBUG LoopRunner           - Stopping loop
20:10:54.401 [JavaFX Application Thread] FATAL FXGLApplication      - Uncaught Exception:
java.lang.IllegalArgumentException: Property speed does not exist
	at com.almasb.fxgl.core.collection.PropertyMap.get(PropertyMap.kt:251)
	at com.almasb.fxgl.core.collection.PropertyMap.intProperty(PropertyMap.kt:162)
	at com.almasb.fxgl.core.collection.PropertyMap.getInt(PropertyMap.kt:152)
	at com.almasb.fxgl.dsl.FXGLForKtKt.geti(FXGLForKt.kt:97)
	at Bomberman.Components.PlayerComponent.moveRight(PlayerComponent.java:178)
	at Bomberman.BombermanGame$2.onAction(BombermanGame.java:133)
	at com.almasb.fxgl.input.UserAction.action$fxgl_core(UserAction.kt:38)
	at com.almasb.fxgl.input.Input.update(Input.kt:271)
	at com.almasb.fxgl.scene.Scene.update(Scene.kt:103)
	at com.almasb.fxgl.app.MainWindow$update$1.invoke(MainWindow.kt:110)
	at com.almasb.fxgl.app.MainWindow$update$1.invoke(MainWindow.kt:110)
	at com.almasb.fxgl.core.fsm.StateMachine.runOnActiveStates(StateMachine.kt:69)
	at com.almasb.fxgl.app.MainWindow.update(MainWindow.kt:110)
	at com.almasb.fxgl.app.FXGLApplication$GameApplicationService.onUpdate(FXGLApplication.kt:426)
	at com.almasb.fxgl.app.Engine.loop(Engine.kt:133)
	at com.almasb.fxgl.app.Engine.access$loop(Engine.kt:24)
	at com.almasb.fxgl.app.Engine$loop$1.invoke(Engine.kt:28)
	at com.almasb.fxgl.app.Engine$loop$1.invoke(Engine.kt:28)
	at com.almasb.fxgl.app.LoopRunner.frame(LoopRunner.kt:103)
	at com.almasb.fxgl.app.LoopRunner.access$frame(LoopRunner.kt:23)
	at com.almasb.fxgl.app.LoopRunner$impl$2$1.onTick(LoopRunner.kt:57)
	at com.almasb.fxgl.app.AnimationTimerLoop$timer$1.handle(LoopRunner.kt:137)
	at javafx.animation.AnimationTimer$AnimationTimerReceiver.lambda$handle$0(AnimationTimer.java:57)
	at java.base/java.security.AccessController.doPrivileged(Native Method)
	at javafx.animation.AnimationTimer$AnimationTimerReceiver.handle(AnimationTimer.java:56)
	at com.sun.scenario.animation.AbstractPrimaryTimer.timePulseImpl(AbstractPrimaryTimer.java:356)
	at com.sun.scenario.animation.AbstractPrimaryTimer$MainLoop.run(AbstractPrimaryTimer.java:266)
	at com.sun.javafx.tk.quantum.QuantumToolkit.pulse(QuantumToolkit.java:559)
	at com.sun.javafx.tk.quantum.QuantumToolkit.pulse(QuantumToolkit.java:543)
	at com.sun.javafx.tk.quantum.QuantumToolkit.pulseFromQueue(QuantumToolkit.java:536)
	at com.sun.javafx.tk.quantum.QuantumToolkit.lambda$runToolkit$11(QuantumToolkit.java:342)
	at com.sun.glass.ui.InvokeLaterDispatcher$Future.run(InvokeLaterDispatcher.java:96)
	at com.sun.glass.ui.win.WinApplication._runLoop(Native Method)
	at com.sun.glass.ui.win.WinApplication.lambda$runLoop$3(WinApplication.java:174)
	at java.base/java.lang.Thread.run(Thread.java:834)

20:10:54.401 [JavaFX Application Thread] FATAL FXGLApplication      - Application will now exit
20:10:54.413 [JavaFX Application Thread] DEBUG PrimaryStageWindow   - Push state: ErrorSubScene
20:10:54.413 [JavaFX Application Thread] DEBUG Input                - Clearing active input actions
20:10:54.417 [JavaFX Application Thread] DEBUG GameApplicationServi - Removing overlay from GameScene and adding to ErrorSubScene
20:10:54.418 [JavaFX Application Thread] DEBUG PrimaryStageWindow   - GameScene -> ErrorSubScene
20:10:54.993 [FXGL Background Thread 3 ] DEBUG Engine               - Logging environment variables
20:10:54.993 [FXGL Background Thread 3 ] DEBUG Engine               - achievements: []
20:10:54.993 [FXGL Background Thread 3 ] DEBUG Engine               - actualHeight: 624.0
20:10:54.994 [FXGL Background Thread 3 ] DEBUG Engine               - actualHeightProperty: ReadOnlyDoubleProperty [value: 624.0]
20:10:54.994 [FXGL Background Thread 3 ] DEBUG Engine               - actualWidth: 624.0
20:10:54.994 [FXGL Background Thread 3 ] DEBUG Engine               - actualWidthProperty: ReadOnlyDoubleProperty [value: 624.0]
20:10:54.994 [FXGL Background Thread 3 ] DEBUG Engine               - appIcon: fxgl_icon.png
20:10:54.994 [FXGL Background Thread 3 ] DEBUG Engine               - applicationMode: DEVELOPER
20:10:54.994 [FXGL Background Thread 3 ] DEBUG Engine               - cSSList: [fxgl_dark.css]
20:10:54.994 [FXGL Background Thread 3 ] DEBUG Engine               - collisionDetectionStrategy: BRUTE_FORCE
20:10:54.994 [FXGL Background Thread 3 ] DEBUG Engine               - configClass: Optional.empty
20:10:54.994 [FXGL Background Thread 3 ] DEBUG Engine               - credits: []
20:10:54.994 [FXGL Background Thread 3 ] DEBUG Engine               - defaultCursor: CursorInfo(imageName=fxgl_default_cursor.png, hotspotX=7.0, hotspotY=6.0)
20:10:54.994 [FXGL Background Thread 3 ] DEBUG Engine               - devBBoxColorProperty: ObjectProperty [value: 0xff0000ff]
20:10:54.994 [FXGL Background Thread 3 ] DEBUG Engine               - devEnableDebugCameraProperty: BooleanProperty [value: false]
20:10:54.994 [FXGL Background Thread 3 ] DEBUG Engine               - devSensorColorProperty: ObjectProperty [value: 0xffff00ff]
20:10:54.994 [FXGL Background Thread 3 ] DEBUG Engine               - devShowBBoxProperty: BooleanProperty [value: false]
20:10:54.994 [FXGL Background Thread 3 ] DEBUG Engine               - devShowPositionProperty: BooleanProperty [value: false]
20:10:54.994 [FXGL Background Thread 3 ] DEBUG Engine               - enabledMenuItems: []
20:10:54.995 [FXGL Background Thread 3 ] DEBUG Engine               - engineServices: [class com.almasb.fxgl.app.services.FXGLAssetLoaderService, class com.almasb.fxgl.app.FXGLApplication$GameApplicationService, class com.almasb.fxgl.app.services.FXGLDialogService, class com.almasb.fxgl.app.services.IOTaskExecutorService, class com.almasb.fxgl.io.FileSystemService, class com.almasb.fxgl.localization.LocalizationService, class com.almasb.fxgl.app.services.SystemBundleService, class com.almasb.fxgl.profile.SaveLoadService, class com.almasb.fxgl.ui.FXGLUIFactoryServiceProvider, class com.almasb.fxgl.ui.FXGLDialogFactoryServiceProvider, class com.almasb.fxgl.audio.AudioPlayer, class com.almasb.fxgl.notification.impl.NotificationServiceProvider, class com.almasb.fxgl.achievement.AchievementService, class com.almasb.fxgl.cutscene.CutsceneService, class com.almasb.fxgl.minigames.MiniGameService, class com.almasb.fxgl.net.NetService, class com.almasb.fxgl.app.services.UpdaterService, class com.almasb.fxgl.dev.DevService]
20:10:54.995 [FXGL Background Thread 3 ] DEBUG Engine               - fontGame: Abel-Regular.ttf
20:10:54.995 [FXGL Background Thread 3 ] DEBUG Engine               - fontMono: lucida_console.ttf
20:10:54.995 [FXGL Background Thread 3 ] DEBUG Engine               - fontText: Courier-Prime.ttf
20:10:54.995 [FXGL Background Thread 3 ] DEBUG Engine               - fontUI: VarelaRound-Regular.ttf
20:10:54.995 [FXGL Background Thread 3 ] DEBUG Engine               - fullScreen: BooleanProperty [value: false]
20:10:54.995 [FXGL Background Thread 3 ] DEBUG Engine               - gameDifficulty: MEDIUM
20:10:54.995 [FXGL Background Thread 3 ] DEBUG Engine               - gameDifficultyProperty: ObjectProperty [value: MEDIUM]
20:10:54.995 [FXGL Background Thread 3 ] DEBUG Engine               - globalMusicVolume: 0.5
20:10:54.995 [FXGL Background Thread 3 ] DEBUG Engine               - globalMusicVolumeProperty: DoubleProperty [value: 0.5]
20:10:54.995 [FXGL Background Thread 3 ] DEBUG Engine               - globalSoundVolume: 0.5
20:10:54.995 [FXGL Background Thread 3 ] DEBUG Engine               - globalSoundVolumeProperty: DoubleProperty [value: 0.5]
20:10:54.995 [FXGL Background Thread 3 ] DEBUG Engine               - height: 624
20:10:54.995 [FXGL Background Thread 3 ] DEBUG Engine               - is3D: false
20:10:54.995 [FXGL Background Thread 3 ] DEBUG Engine               - isAndroid: false
20:10:54.995 [FXGL Background Thread 3 ] DEBUG Engine               - isBrowser: false
20:10:54.995 [FXGL Background Thread 3 ] DEBUG Engine               - isClickFeedbackEnabled: false
20:10:54.995 [FXGL Background Thread 3 ] DEBUG Engine               - isCloseConfirmation: false
20:10:54.995 [FXGL Background Thread 3 ] DEBUG Engine               - isDesktop: true
20:10:54.995 [FXGL Background Thread 3 ] DEBUG Engine               - isDeveloperMenuEnabled: false
20:10:54.995 [FXGL Background Thread 3 ] DEBUG Engine               - isEntityPreloadEnabled: true
20:10:54.995 [FXGL Background Thread 3 ] DEBUG Engine               - isExperimentalTiledLargeMap: false
20:10:54.995 [FXGL Background Thread 3 ] DEBUG Engine               - isFileSystemWriteAllowed: true
20:10:54.995 [FXGL Background Thread 3 ] DEBUG Engine               - isFullScreenAllowed: true
20:10:54.995 [FXGL Background Thread 3 ] DEBUG Engine               - isFullScreenFromStart: false
20:10:54.995 [FXGL Background Thread 3 ] DEBUG Engine               - isGameMenuEnabled: true
20:10:54.995 [FXGL Background Thread 3 ] DEBUG Engine               - isIOS: false
20:10:54.996 [FXGL Background Thread 3 ] DEBUG Engine               - isIntroEnabled: false
20:10:54.996 [FXGL Background Thread 3 ] DEBUG Engine               - isLinux: false
20:10:54.996 [FXGL Background Thread 3 ] DEBUG Engine               - isMac: false
20:10:54.996 [FXGL Background Thread 3 ] DEBUG Engine               - isMainMenuEnabled: false
20:10:54.996 [FXGL Background Thread 3 ] DEBUG Engine               - isManualResizeEnabled: false
20:10:54.996 [FXGL Background Thread 3 ] DEBUG Engine               - isMobile: false
20:10:54.996 [FXGL Background Thread 3 ] DEBUG Engine               - isNative: false
20:10:54.996 [FXGL Background Thread 3 ] DEBUG Engine               - isPauseMusicWhenMinimized: true
20:10:54.996 [FXGL Background Thread 3 ] DEBUG Engine               - isPreserveResizeRatio: false
20:10:54.996 [FXGL Background Thread 3 ] DEBUG Engine               - isProfilingEnabled: false
20:10:54.996 [FXGL Background Thread 3 ] DEBUG Engine               - isScaleAffectedOnResize: true
20:10:54.996 [FXGL Background Thread 3 ] DEBUG Engine               - isSingleStep: false
20:10:54.996 [FXGL Background Thread 3 ] DEBUG Engine               - isUserProfileEnabled: false
20:10:54.996 [FXGL Background Thread 3 ] DEBUG Engine               - isWindows: true
20:10:54.996 [FXGL Background Thread 3 ] DEBUG Engine               - language: ObjectProperty [value: ENGLISH]
20:10:54.996 [FXGL Background Thread 3 ] DEBUG Engine               - menuKey: ESCAPE
20:10:54.996 [FXGL Background Thread 3 ] DEBUG Engine               - mouseSensitivity: 0.2
20:10:54.996 [FXGL Background Thread 3 ] DEBUG Engine               - notificationViewClass: class com.almasb.fxgl.notification.view.XboxNotificationView
20:10:54.996 [FXGL Background Thread 3 ] DEBUG Engine               - pixelsPerMeter: 50.0
20:10:54.996 [FXGL Background Thread 3 ] DEBUG Engine               - platform: WINDOWS
20:10:54.996 [FXGL Background Thread 3 ] DEBUG Engine               - prefHeightProperty: ReadOnlyDoubleProperty [value: 624.0]
20:10:54.996 [FXGL Background Thread 3 ] DEBUG Engine               - prefWidthProperty: ReadOnlyDoubleProperty [value: 624.0]
20:10:54.996 [FXGL Background Thread 3 ] DEBUG Engine               - profileDir: profiles/
20:10:54.996 [FXGL Background Thread 3 ] DEBUG Engine               - profileName: StringProperty [value: DEFAULT]
20:10:54.996 [FXGL Background Thread 3 ] DEBUG Engine               - randomSeed: -1
20:10:54.996 [FXGL Background Thread 3 ] DEBUG Engine               - runtimeInfo: RuntimeInfo(platform=WINDOWS, version=11.17, build=16.07.2021 15.46)
20:10:54.996 [FXGL Background Thread 3 ] DEBUG Engine               - saveFileExt: sav
20:10:54.996 [FXGL Background Thread 3 ] DEBUG Engine               - scaledHeightProp$fxgl: DoubleProperty [bound, value: 624.0]
20:10:54.996 [FXGL Background Thread 3 ] DEBUG Engine               - scaledWidthProp$fxgl: DoubleProperty [bound, value: 624.0]
20:10:54.996 [FXGL Background Thread 3 ] DEBUG Engine               - sceneFactory: com.almasb.fxgl.app.scene.SceneFactory@3aaac77a
20:10:54.996 [FXGL Background Thread 3 ] DEBUG Engine               - secondsIn24h: 60
20:10:54.997 [FXGL Background Thread 3 ] DEBUG Engine               - soundMenuBack: menu/back.wav
20:10:54.997 [FXGL Background Thread 3 ] DEBUG Engine               - soundMenuPress: menu/press.wav
20:10:54.997 [FXGL Background Thread 3 ] DEBUG Engine               - soundMenuSelect: menu/select.wav
20:10:54.997 [FXGL Background Thread 3 ] DEBUG Engine               - soundNotification: core/notification.wav
20:10:54.997 [FXGL Background Thread 3 ] DEBUG Engine               - stageStyle: DECORATED
20:10:54.997 [FXGL Background Thread 3 ] DEBUG Engine               - supportedLanguages: [ENGLISH, FRENCH, GERMAN, HUNGARIAN, RUSSIAN]
20:10:54.997 [FXGL Background Thread 3 ] DEBUG Engine               - ticksPerSecond: -1
20:10:54.997 [FXGL Background Thread 3 ] DEBUG Engine               - title: BOMBERMAN
20:10:54.997 [FXGL Background Thread 3 ] DEBUG Engine               - urlGithub: https://github.com/AlmasB/FXGL
20:10:54.997 [FXGL Background Thread 3 ] DEBUG Engine               - urlLeaderboard: http://fxgl-top.herokuapp.com/
20:10:54.997 [FXGL Background Thread 3 ] DEBUG Engine               - urlPOM: https://raw.githubusercontent.com/AlmasB/FXGL/release/README.md
20:10:54.997 [FXGL Background Thread 3 ] DEBUG Engine               - userAppClass: class Bomberman.BombermanGame
20:10:54.997 [FXGL Background Thread 3 ] DEBUG Engine               - version: 1.0
20:10:54.997 [FXGL Background Thread 3 ] DEBUG Engine               - versionCheckDays: 7
20:10:54.997 [FXGL Background Thread 3 ] DEBUG Engine               - width: 624
20:10:54.997 [FXGL Background Thread 3 ] DEBUG Engine               - Logging services
20:10:54.997 [FXGL Background Thread 3 ] DEBUG Engine               - class com.almasb.fxgl.app.services.FXGLAssetLoaderService
20:10:54.997 [FXGL Background Thread 3 ] DEBUG Engine               - class com.almasb.fxgl.app.FXGLApplication$GameApplicationService
20:10:54.997 [FXGL Background Thread 3 ] DEBUG Engine               - class com.almasb.fxgl.app.services.FXGLDialogService
20:10:54.997 [FXGL Background Thread 3 ] DEBUG Engine               - class com.almasb.fxgl.app.services.IOTaskExecutorService
20:10:54.997 [FXGL Background Thread 3 ] DEBUG Engine               - class com.almasb.fxgl.io.FileSystemService
20:10:54.997 [FXGL Background Thread 3 ] DEBUG Engine               - class com.almasb.fxgl.localization.LocalizationService
20:10:54.997 [FXGL Background Thread 3 ] DEBUG Engine               - class com.almasb.fxgl.app.services.SystemBundleService
20:10:54.997 [FXGL Background Thread 3 ] DEBUG Engine               - class com.almasb.fxgl.profile.SaveLoadService
20:10:54.997 [FXGL Background Thread 3 ] DEBUG Engine               - class com.almasb.fxgl.ui.FXGLUIFactoryServiceProvider
20:10:54.997 [FXGL Background Thread 3 ] DEBUG Engine               - class com.almasb.fxgl.ui.FXGLDialogFactoryServiceProvider
20:10:54.997 [FXGL Background Thread 3 ] DEBUG Engine               - class com.almasb.fxgl.audio.AudioPlayer
20:10:54.997 [FXGL Background Thread 3 ] DEBUG Engine               - class com.almasb.fxgl.notification.impl.NotificationServiceProvider
20:10:54.997 [FXGL Background Thread 3 ] DEBUG Engine               - class com.almasb.fxgl.achievement.AchievementService
20:10:54.997 [FXGL Background Thread 3 ] DEBUG Engine               - class com.almasb.fxgl.cutscene.CutsceneService
20:10:54.997 [FXGL Background Thread 3 ] DEBUG Engine               - class com.almasb.fxgl.minigames.MiniGameService
20:10:54.997 [FXGL Background Thread 3 ] DEBUG Engine               - class com.almasb.fxgl.net.NetService
20:10:54.997 [FXGL Background Thread 3 ] DEBUG Engine               - class com.almasb.fxgl.app.services.UpdaterService
20:10:54.997 [FXGL Background Thread 3 ] DEBUG Engine               - class com.almasb.fxgl.dev.DevService
20:10:58.003 [JavaFX Application Thread] DEBUG FXGLApplication      - Exiting FXGL
20:10:58.003 [JavaFX Application Thread] DEBUG Async                - Shutting down background threads
20:10:58.003 [JavaFX Application Thread] DEBUG PrimaryStageWindow   - Closing main window
20:10:58.016 [JavaFX Application Thread] DEBUG Logger               - Closing Logger
